[2021-10-29 00:17:22,248] {processor.py:163} INFO - Started process (PID=121) to work on /opt/airflow/dags/my_dag.py
[2021-10-29 00:17:22,403] {processor.py:620} INFO - Processing file /opt/airflow/dags/my_dag.py for tasks to queue
[2021-10-29 00:17:22,403] {logging_mixin.py:109} INFO - [2021-10-29 00:17:22,403] {dagbag.py:500} INFO - Filling up the DagBag from /opt/airflow/dags/my_dag.py
[2021-10-29 00:17:24,875] {processor.py:632} INFO - DAG(s) dict_keys(['my_dag']) retrieved from /opt/airflow/dags/my_dag.py
[2021-10-29 00:17:25,442] {logging_mixin.py:109} INFO - [2021-10-29 00:17:25,442] {dag.py:2389} INFO - Sync 1 DAGs
[2021-10-29 00:17:28,279] {logging_mixin.py:109} INFO - [2021-10-29 00:17:28,279] {dag.py:2914} INFO - Setting next_dagrun for my_dag to 2021-10-28 00:00:00+00:00
[2021-10-29 00:17:28,449] {processor.py:171} INFO - Processing /opt/airflow/dags/my_dag.py took 6.266 seconds
[2021-10-29 00:18:01,872] {processor.py:163} INFO - Started process (PID=176) to work on /opt/airflow/dags/my_dag.py
[2021-10-29 00:18:01,909] {processor.py:620} INFO - Processing file /opt/airflow/dags/my_dag.py for tasks to queue
[2021-10-29 00:18:01,911] {logging_mixin.py:109} INFO - [2021-10-29 00:18:01,911] {dagbag.py:500} INFO - Filling up the DagBag from /opt/airflow/dags/my_dag.py
[2021-10-29 00:18:02,154] {processor.py:632} INFO - DAG(s) dict_keys(['my_dag']) retrieved from /opt/airflow/dags/my_dag.py
[2021-10-29 00:18:02,264] {logging_mixin.py:109} INFO - [2021-10-29 00:18:02,263] {dag.py:2389} INFO - Sync 1 DAGs
[2021-10-29 00:18:02,340] {logging_mixin.py:109} INFO - [2021-10-29 00:18:02,340] {dag.py:2914} INFO - Setting next_dagrun for my_dag to 2021-10-28 00:00:00+00:00
[2021-10-29 00:18:02,368] {processor.py:171} INFO - Processing /opt/airflow/dags/my_dag.py took 0.499 seconds
[2021-10-29 00:18:32,899] {processor.py:163} INFO - Started process (PID=219) to work on /opt/airflow/dags/my_dag.py
[2021-10-29 00:18:32,906] {processor.py:620} INFO - Processing file /opt/airflow/dags/my_dag.py for tasks to queue
[2021-10-29 00:18:32,912] {logging_mixin.py:109} INFO - [2021-10-29 00:18:32,912] {dagbag.py:500} INFO - Filling up the DagBag from /opt/airflow/dags/my_dag.py
[2021-10-29 00:18:32,972] {processor.py:632} INFO - DAG(s) dict_keys(['my_dag']) retrieved from /opt/airflow/dags/my_dag.py
[2021-10-29 00:18:32,987] {logging_mixin.py:109} INFO - [2021-10-29 00:18:32,987] {dag.py:2389} INFO - Sync 1 DAGs
[2021-10-29 00:18:33,044] {logging_mixin.py:109} INFO - [2021-10-29 00:18:33,044] {dag.py:2914} INFO - Setting next_dagrun for my_dag to 2021-10-28 00:00:00+00:00
[2021-10-29 00:18:33,070] {processor.py:171} INFO - Processing /opt/airflow/dags/my_dag.py took 0.174 seconds
[2021-10-29 00:19:03,166] {processor.py:163} INFO - Started process (PID=272) to work on /opt/airflow/dags/my_dag.py
[2021-10-29 00:19:03,168] {processor.py:620} INFO - Processing file /opt/airflow/dags/my_dag.py for tasks to queue
[2021-10-29 00:19:03,169] {logging_mixin.py:109} INFO - [2021-10-29 00:19:03,169] {dagbag.py:500} INFO - Filling up the DagBag from /opt/airflow/dags/my_dag.py
[2021-10-29 00:19:03,225] {processor.py:632} INFO - DAG(s) dict_keys(['my_dag']) retrieved from /opt/airflow/dags/my_dag.py
[2021-10-29 00:19:03,245] {logging_mixin.py:109} INFO - [2021-10-29 00:19:03,244] {dag.py:2389} INFO - Sync 1 DAGs
[2021-10-29 00:19:03,286] {logging_mixin.py:109} INFO - [2021-10-29 00:19:03,286] {dag.py:2914} INFO - Setting next_dagrun for my_dag to 2021-10-28 00:00:00+00:00
[2021-10-29 00:19:03,310] {processor.py:171} INFO - Processing /opt/airflow/dags/my_dag.py took 0.147 seconds
[2021-10-29 00:19:33,710] {processor.py:163} INFO - Started process (PID=325) to work on /opt/airflow/dags/my_dag.py
[2021-10-29 00:19:33,719] {processor.py:620} INFO - Processing file /opt/airflow/dags/my_dag.py for tasks to queue
[2021-10-29 00:19:33,720] {logging_mixin.py:109} INFO - [2021-10-29 00:19:33,720] {dagbag.py:500} INFO - Filling up the DagBag from /opt/airflow/dags/my_dag.py
[2021-10-29 00:19:33,775] {processor.py:632} INFO - DAG(s) dict_keys(['my_dag']) retrieved from /opt/airflow/dags/my_dag.py
[2021-10-29 00:19:33,812] {logging_mixin.py:109} INFO - [2021-10-29 00:19:33,812] {dag.py:2389} INFO - Sync 1 DAGs
[2021-10-29 00:19:33,850] {logging_mixin.py:109} INFO - [2021-10-29 00:19:33,850] {dag.py:2914} INFO - Setting next_dagrun for my_dag to 2021-10-28 00:00:00+00:00
[2021-10-29 00:19:33,874] {processor.py:171} INFO - Processing /opt/airflow/dags/my_dag.py took 0.167 seconds
[2021-10-29 00:20:04,876] {processor.py:163} INFO - Started process (PID=379) to work on /opt/airflow/dags/my_dag.py
[2021-10-29 00:20:04,894] {processor.py:620} INFO - Processing file /opt/airflow/dags/my_dag.py for tasks to queue
[2021-10-29 00:20:04,895] {logging_mixin.py:109} INFO - [2021-10-29 00:20:04,895] {dagbag.py:500} INFO - Filling up the DagBag from /opt/airflow/dags/my_dag.py
[2021-10-29 00:20:04,954] {processor.py:632} INFO - DAG(s) dict_keys(['my_dag']) retrieved from /opt/airflow/dags/my_dag.py
[2021-10-29 00:20:04,988] {logging_mixin.py:109} INFO - [2021-10-29 00:20:04,988] {dag.py:2389} INFO - Sync 1 DAGs
[2021-10-29 00:20:05,021] {logging_mixin.py:109} INFO - [2021-10-29 00:20:05,021] {dag.py:2914} INFO - Setting next_dagrun for my_dag to 2021-10-28 00:00:00+00:00
[2021-10-29 00:20:05,038] {processor.py:171} INFO - Processing /opt/airflow/dags/my_dag.py took 0.165 seconds
[2021-10-29 00:20:35,566] {processor.py:163} INFO - Started process (PID=433) to work on /opt/airflow/dags/my_dag.py
[2021-10-29 00:20:35,571] {processor.py:620} INFO - Processing file /opt/airflow/dags/my_dag.py for tasks to queue
[2021-10-29 00:20:35,579] {logging_mixin.py:109} INFO - [2021-10-29 00:20:35,579] {dagbag.py:500} INFO - Filling up the DagBag from /opt/airflow/dags/my_dag.py
[2021-10-29 00:20:35,662] {processor.py:632} INFO - DAG(s) dict_keys(['my_dag']) retrieved from /opt/airflow/dags/my_dag.py
[2021-10-29 00:20:35,691] {logging_mixin.py:109} INFO - [2021-10-29 00:20:35,691] {dag.py:2389} INFO - Sync 1 DAGs
[2021-10-29 00:20:35,745] {logging_mixin.py:109} INFO - [2021-10-29 00:20:35,745] {dag.py:2914} INFO - Setting next_dagrun for my_dag to 2021-10-28 00:00:00+00:00
[2021-10-29 00:20:35,759] {processor.py:171} INFO - Processing /opt/airflow/dags/my_dag.py took 0.197 seconds
[2021-10-29 00:21:06,148] {processor.py:163} INFO - Started process (PID=487) to work on /opt/airflow/dags/my_dag.py
[2021-10-29 00:21:06,163] {processor.py:620} INFO - Processing file /opt/airflow/dags/my_dag.py for tasks to queue
[2021-10-29 00:21:06,167] {logging_mixin.py:109} INFO - [2021-10-29 00:21:06,167] {dagbag.py:500} INFO - Filling up the DagBag from /opt/airflow/dags/my_dag.py
[2021-10-29 00:21:06,229] {processor.py:632} INFO - DAG(s) dict_keys(['my_dag']) retrieved from /opt/airflow/dags/my_dag.py
[2021-10-29 00:21:06,252] {logging_mixin.py:109} INFO - [2021-10-29 00:21:06,252] {dag.py:2389} INFO - Sync 1 DAGs
[2021-10-29 00:21:06,291] {logging_mixin.py:109} INFO - [2021-10-29 00:21:06,291] {dag.py:2914} INFO - Setting next_dagrun for my_dag to 2021-10-28 00:00:00+00:00
[2021-10-29 00:21:06,309] {processor.py:171} INFO - Processing /opt/airflow/dags/my_dag.py took 0.171 seconds
[2021-10-29 00:21:40,537] {processor.py:163} INFO - Started process (PID=535) to work on /opt/airflow/dags/my_dag.py
[2021-10-29 00:21:40,553] {processor.py:620} INFO - Processing file /opt/airflow/dags/my_dag.py for tasks to queue
[2021-10-29 00:21:40,556] {logging_mixin.py:109} INFO - [2021-10-29 00:21:40,556] {dagbag.py:500} INFO - Filling up the DagBag from /opt/airflow/dags/my_dag.py
[2021-10-29 00:21:40,903] {processor.py:632} INFO - DAG(s) dict_keys(['my_dag']) retrieved from /opt/airflow/dags/my_dag.py
[2021-10-29 00:21:41,379] {logging_mixin.py:109} INFO - [2021-10-29 00:21:41,379] {dag.py:2389} INFO - Sync 1 DAGs
[2021-10-29 00:21:42,192] {logging_mixin.py:109} INFO - [2021-10-29 00:21:42,192] {dag.py:2914} INFO - Setting next_dagrun for my_dag to 2021-10-28 00:00:00+00:00
[2021-10-29 00:21:42,454] {processor.py:171} INFO - Processing /opt/airflow/dags/my_dag.py took 1.960 seconds
[2021-10-29 00:22:24,308] {processor.py:163} INFO - Started process (PID=581) to work on /opt/airflow/dags/my_dag.py
[2021-10-29 00:22:24,318] {processor.py:620} INFO - Processing file /opt/airflow/dags/my_dag.py for tasks to queue
[2021-10-29 00:22:24,372] {logging_mixin.py:109} INFO - [2021-10-29 00:22:24,372] {dagbag.py:500} INFO - Filling up the DagBag from /opt/airflow/dags/my_dag.py
[2021-10-29 00:22:24,822] {processor.py:632} INFO - DAG(s) dict_keys(['my_dag']) retrieved from /opt/airflow/dags/my_dag.py
[2021-10-29 00:22:25,060] {logging_mixin.py:109} INFO - [2021-10-29 00:22:25,059] {dag.py:2389} INFO - Sync 1 DAGs
[2021-10-29 00:22:25,211] {logging_mixin.py:109} INFO - [2021-10-29 00:22:25,211] {dag.py:2914} INFO - Setting next_dagrun for my_dag to 2021-10-28 00:00:00+00:00
[2021-10-29 00:22:25,327] {processor.py:171} INFO - Processing /opt/airflow/dags/my_dag.py took 1.111 seconds
[2021-10-29 00:22:55,448] {processor.py:163} INFO - Started process (PID=635) to work on /opt/airflow/dags/my_dag.py
[2021-10-29 00:22:55,453] {processor.py:620} INFO - Processing file /opt/airflow/dags/my_dag.py for tasks to queue
[2021-10-29 00:22:55,454] {logging_mixin.py:109} INFO - [2021-10-29 00:22:55,454] {dagbag.py:500} INFO - Filling up the DagBag from /opt/airflow/dags/my_dag.py
[2021-10-29 00:22:55,518] {processor.py:632} INFO - DAG(s) dict_keys(['my_dag']) retrieved from /opt/airflow/dags/my_dag.py
[2021-10-29 00:22:55,548] {logging_mixin.py:109} INFO - [2021-10-29 00:22:55,548] {dag.py:2389} INFO - Sync 1 DAGs
[2021-10-29 00:22:55,569] {logging_mixin.py:109} INFO - [2021-10-29 00:22:55,569] {dag.py:2914} INFO - Setting next_dagrun for my_dag to 2021-10-28 00:00:00+00:00
[2021-10-29 00:22:55,586] {processor.py:171} INFO - Processing /opt/airflow/dags/my_dag.py took 0.142 seconds
[2021-10-29 00:23:26,061] {processor.py:163} INFO - Started process (PID=686) to work on /opt/airflow/dags/my_dag.py
[2021-10-29 00:23:26,071] {processor.py:620} INFO - Processing file /opt/airflow/dags/my_dag.py for tasks to queue
[2021-10-29 00:23:26,072] {logging_mixin.py:109} INFO - [2021-10-29 00:23:26,072] {dagbag.py:500} INFO - Filling up the DagBag from /opt/airflow/dags/my_dag.py
[2021-10-29 00:23:26,127] {processor.py:632} INFO - DAG(s) dict_keys(['my_dag']) retrieved from /opt/airflow/dags/my_dag.py
[2021-10-29 00:23:26,161] {logging_mixin.py:109} INFO - [2021-10-29 00:23:26,161] {dag.py:2389} INFO - Sync 1 DAGs
[2021-10-29 00:23:26,194] {logging_mixin.py:109} INFO - [2021-10-29 00:23:26,194] {dag.py:2914} INFO - Setting next_dagrun for my_dag to 2021-10-28 00:00:00+00:00
[2021-10-29 00:23:26,214] {processor.py:171} INFO - Processing /opt/airflow/dags/my_dag.py took 0.155 seconds
[2021-10-29 00:23:56,790] {processor.py:163} INFO - Started process (PID=740) to work on /opt/airflow/dags/my_dag.py
[2021-10-29 00:23:56,803] {processor.py:620} INFO - Processing file /opt/airflow/dags/my_dag.py for tasks to queue
[2021-10-29 00:23:56,807] {logging_mixin.py:109} INFO - [2021-10-29 00:23:56,807] {dagbag.py:500} INFO - Filling up the DagBag from /opt/airflow/dags/my_dag.py
[2021-10-29 00:23:56,887] {processor.py:632} INFO - DAG(s) dict_keys(['my_dag']) retrieved from /opt/airflow/dags/my_dag.py
[2021-10-29 00:23:56,912] {logging_mixin.py:109} INFO - [2021-10-29 00:23:56,909] {dag.py:2389} INFO - Sync 1 DAGs
[2021-10-29 00:23:56,960] {logging_mixin.py:109} INFO - [2021-10-29 00:23:56,960] {dag.py:2914} INFO - Setting next_dagrun for my_dag to 2021-10-28 00:00:00+00:00
[2021-10-29 00:23:56,983] {processor.py:171} INFO - Processing /opt/airflow/dags/my_dag.py took 0.197 seconds
[2021-10-29 00:24:27,764] {processor.py:163} INFO - Started process (PID=794) to work on /opt/airflow/dags/my_dag.py
[2021-10-29 00:24:27,775] {processor.py:620} INFO - Processing file /opt/airflow/dags/my_dag.py for tasks to queue
[2021-10-29 00:24:27,776] {logging_mixin.py:109} INFO - [2021-10-29 00:24:27,776] {dagbag.py:500} INFO - Filling up the DagBag from /opt/airflow/dags/my_dag.py
[2021-10-29 00:24:27,838] {processor.py:632} INFO - DAG(s) dict_keys(['my_dag']) retrieved from /opt/airflow/dags/my_dag.py
[2021-10-29 00:24:27,862] {logging_mixin.py:109} INFO - [2021-10-29 00:24:27,862] {dag.py:2389} INFO - Sync 1 DAGs
[2021-10-29 00:24:27,891] {logging_mixin.py:109} INFO - [2021-10-29 00:24:27,891] {dag.py:2914} INFO - Setting next_dagrun for my_dag to 2021-10-28 00:00:00+00:00
[2021-10-29 00:24:27,912] {processor.py:171} INFO - Processing /opt/airflow/dags/my_dag.py took 0.152 seconds
[2021-10-29 00:24:58,134] {processor.py:163} INFO - Started process (PID=848) to work on /opt/airflow/dags/my_dag.py
[2021-10-29 00:24:58,139] {processor.py:620} INFO - Processing file /opt/airflow/dags/my_dag.py for tasks to queue
[2021-10-29 00:24:58,140] {logging_mixin.py:109} INFO - [2021-10-29 00:24:58,140] {dagbag.py:500} INFO - Filling up the DagBag from /opt/airflow/dags/my_dag.py
[2021-10-29 00:24:58,230] {processor.py:632} INFO - DAG(s) dict_keys(['my_dag']) retrieved from /opt/airflow/dags/my_dag.py
[2021-10-29 00:24:58,259] {logging_mixin.py:109} INFO - [2021-10-29 00:24:58,259] {dag.py:2389} INFO - Sync 1 DAGs
[2021-10-29 00:24:58,348] {logging_mixin.py:109} INFO - [2021-10-29 00:24:58,348] {dag.py:2914} INFO - Setting next_dagrun for my_dag to 2021-10-28 00:00:00+00:00
[2021-10-29 00:24:58,384] {processor.py:171} INFO - Processing /opt/airflow/dags/my_dag.py took 0.254 seconds
[2021-10-29 00:25:28,512] {processor.py:163} INFO - Started process (PID=902) to work on /opt/airflow/dags/my_dag.py
[2021-10-29 00:25:28,544] {processor.py:620} INFO - Processing file /opt/airflow/dags/my_dag.py for tasks to queue
[2021-10-29 00:25:28,547] {logging_mixin.py:109} INFO - [2021-10-29 00:25:28,547] {dagbag.py:500} INFO - Filling up the DagBag from /opt/airflow/dags/my_dag.py
[2021-10-29 00:25:28,718] {processor.py:632} INFO - DAG(s) dict_keys(['my_dag']) retrieved from /opt/airflow/dags/my_dag.py
[2021-10-29 00:25:28,775] {logging_mixin.py:109} INFO - [2021-10-29 00:25:28,775] {dag.py:2389} INFO - Sync 1 DAGs
[2021-10-29 00:25:28,809] {logging_mixin.py:109} INFO - [2021-10-29 00:25:28,809] {dag.py:2914} INFO - Setting next_dagrun for my_dag to 2021-10-28 00:00:00+00:00
[2021-10-29 00:25:28,830] {processor.py:171} INFO - Processing /opt/airflow/dags/my_dag.py took 0.321 seconds
[2021-10-29 00:25:59,831] {processor.py:163} INFO - Started process (PID=956) to work on /opt/airflow/dags/my_dag.py
[2021-10-29 00:25:59,833] {processor.py:620} INFO - Processing file /opt/airflow/dags/my_dag.py for tasks to queue
[2021-10-29 00:25:59,834] {logging_mixin.py:109} INFO - [2021-10-29 00:25:59,834] {dagbag.py:500} INFO - Filling up the DagBag from /opt/airflow/dags/my_dag.py
[2021-10-29 00:25:59,905] {processor.py:632} INFO - DAG(s) dict_keys(['my_dag']) retrieved from /opt/airflow/dags/my_dag.py
[2021-10-29 00:25:59,933] {logging_mixin.py:109} INFO - [2021-10-29 00:25:59,932] {dag.py:2389} INFO - Sync 1 DAGs
[2021-10-29 00:25:59,965] {logging_mixin.py:109} INFO - [2021-10-29 00:25:59,965] {dag.py:2914} INFO - Setting next_dagrun for my_dag to 2021-10-28 00:00:00+00:00
[2021-10-29 00:25:59,974] {processor.py:171} INFO - Processing /opt/airflow/dags/my_dag.py took 0.154 seconds
[2021-10-29 00:26:30,179] {processor.py:163} INFO - Started process (PID=1010) to work on /opt/airflow/dags/my_dag.py
[2021-10-29 00:26:30,181] {processor.py:620} INFO - Processing file /opt/airflow/dags/my_dag.py for tasks to queue
[2021-10-29 00:26:30,182] {logging_mixin.py:109} INFO - [2021-10-29 00:26:30,182] {dagbag.py:500} INFO - Filling up the DagBag from /opt/airflow/dags/my_dag.py
[2021-10-29 00:26:30,270] {processor.py:632} INFO - DAG(s) dict_keys(['my_dag']) retrieved from /opt/airflow/dags/my_dag.py
[2021-10-29 00:26:30,298] {logging_mixin.py:109} INFO - [2021-10-29 00:26:30,298] {dag.py:2389} INFO - Sync 1 DAGs
[2021-10-29 00:26:30,317] {logging_mixin.py:109} INFO - [2021-10-29 00:26:30,317] {dag.py:2914} INFO - Setting next_dagrun for my_dag to 2021-10-28 00:00:00+00:00
[2021-10-29 00:26:30,348] {processor.py:171} INFO - Processing /opt/airflow/dags/my_dag.py took 0.178 seconds
[2021-10-29 00:27:00,839] {processor.py:163} INFO - Started process (PID=1064) to work on /opt/airflow/dags/my_dag.py
[2021-10-29 00:27:00,849] {processor.py:620} INFO - Processing file /opt/airflow/dags/my_dag.py for tasks to queue
[2021-10-29 00:27:00,850] {logging_mixin.py:109} INFO - [2021-10-29 00:27:00,850] {dagbag.py:500} INFO - Filling up the DagBag from /opt/airflow/dags/my_dag.py
[2021-10-29 00:27:00,964] {processor.py:632} INFO - DAG(s) dict_keys(['my_dag']) retrieved from /opt/airflow/dags/my_dag.py
[2021-10-29 00:27:01,067] {logging_mixin.py:109} INFO - [2021-10-29 00:27:01,067] {dag.py:2389} INFO - Sync 1 DAGs
[2021-10-29 00:27:01,132] {logging_mixin.py:109} INFO - [2021-10-29 00:27:01,132] {dag.py:2914} INFO - Setting next_dagrun for my_dag to 2021-10-28 00:00:00+00:00
[2021-10-29 00:27:01,159] {processor.py:171} INFO - Processing /opt/airflow/dags/my_dag.py took 0.322 seconds
[2021-10-29 00:27:31,509] {processor.py:163} INFO - Started process (PID=1117) to work on /opt/airflow/dags/my_dag.py
[2021-10-29 00:27:31,516] {processor.py:620} INFO - Processing file /opt/airflow/dags/my_dag.py for tasks to queue
[2021-10-29 00:27:31,517] {logging_mixin.py:109} INFO - [2021-10-29 00:27:31,517] {dagbag.py:500} INFO - Filling up the DagBag from /opt/airflow/dags/my_dag.py
[2021-10-29 00:27:31,573] {processor.py:632} INFO - DAG(s) dict_keys(['my_dag']) retrieved from /opt/airflow/dags/my_dag.py
[2021-10-29 00:27:31,596] {logging_mixin.py:109} INFO - [2021-10-29 00:27:31,596] {dag.py:2389} INFO - Sync 1 DAGs
[2021-10-29 00:27:31,631] {logging_mixin.py:109} INFO - [2021-10-29 00:27:31,631] {dag.py:2914} INFO - Setting next_dagrun for my_dag to 2021-10-28 00:00:00+00:00
[2021-10-29 00:27:31,663] {processor.py:171} INFO - Processing /opt/airflow/dags/my_dag.py took 0.157 seconds
[2021-10-29 00:28:02,204] {processor.py:163} INFO - Started process (PID=1172) to work on /opt/airflow/dags/my_dag.py
[2021-10-29 00:28:02,207] {processor.py:620} INFO - Processing file /opt/airflow/dags/my_dag.py for tasks to queue
[2021-10-29 00:28:02,208] {logging_mixin.py:109} INFO - [2021-10-29 00:28:02,208] {dagbag.py:500} INFO - Filling up the DagBag from /opt/airflow/dags/my_dag.py
[2021-10-29 00:28:02,377] {processor.py:632} INFO - DAG(s) dict_keys(['my_dag']) retrieved from /opt/airflow/dags/my_dag.py
[2021-10-29 00:28:02,447] {logging_mixin.py:109} INFO - [2021-10-29 00:28:02,447] {dag.py:2389} INFO - Sync 1 DAGs
[2021-10-29 00:28:02,579] {logging_mixin.py:109} INFO - [2021-10-29 00:28:02,579] {dag.py:2914} INFO - Setting next_dagrun for my_dag to 2021-10-28 00:00:00+00:00
[2021-10-29 00:28:02,710] {processor.py:171} INFO - Processing /opt/airflow/dags/my_dag.py took 0.517 seconds
[2021-10-29 00:28:33,407] {processor.py:163} INFO - Started process (PID=1224) to work on /opt/airflow/dags/my_dag.py
[2021-10-29 00:28:33,433] {processor.py:620} INFO - Processing file /opt/airflow/dags/my_dag.py for tasks to queue
[2021-10-29 00:28:33,434] {logging_mixin.py:109} INFO - [2021-10-29 00:28:33,434] {dagbag.py:500} INFO - Filling up the DagBag from /opt/airflow/dags/my_dag.py
[2021-10-29 00:28:33,482] {processor.py:632} INFO - DAG(s) dict_keys(['my_dag']) retrieved from /opt/airflow/dags/my_dag.py
[2021-10-29 00:28:33,516] {logging_mixin.py:109} INFO - [2021-10-29 00:28:33,516] {dag.py:2389} INFO - Sync 1 DAGs
[2021-10-29 00:28:33,590] {logging_mixin.py:109} INFO - [2021-10-29 00:28:33,590] {dag.py:2914} INFO - Setting next_dagrun for my_dag to 2021-10-28 00:00:00+00:00
[2021-10-29 00:28:33,643] {processor.py:171} INFO - Processing /opt/airflow/dags/my_dag.py took 0.239 seconds
[2021-10-29 00:29:03,833] {processor.py:163} INFO - Started process (PID=1278) to work on /opt/airflow/dags/my_dag.py
[2021-10-29 00:29:03,844] {processor.py:620} INFO - Processing file /opt/airflow/dags/my_dag.py for tasks to queue
[2021-10-29 00:29:03,845] {logging_mixin.py:109} INFO - [2021-10-29 00:29:03,845] {dagbag.py:500} INFO - Filling up the DagBag from /opt/airflow/dags/my_dag.py
[2021-10-29 00:29:03,928] {processor.py:632} INFO - DAG(s) dict_keys(['my_dag']) retrieved from /opt/airflow/dags/my_dag.py
[2021-10-29 00:29:03,950] {logging_mixin.py:109} INFO - [2021-10-29 00:29:03,950] {dag.py:2389} INFO - Sync 1 DAGs
[2021-10-29 00:29:03,980] {logging_mixin.py:109} INFO - [2021-10-29 00:29:03,980] {dag.py:2914} INFO - Setting next_dagrun for my_dag to 2021-10-28 00:00:00+00:00
[2021-10-29 00:29:04,003] {processor.py:171} INFO - Processing /opt/airflow/dags/my_dag.py took 0.173 seconds
[2021-10-29 00:29:34,351] {processor.py:163} INFO - Started process (PID=1332) to work on /opt/airflow/dags/my_dag.py
[2021-10-29 00:29:34,376] {processor.py:620} INFO - Processing file /opt/airflow/dags/my_dag.py for tasks to queue
[2021-10-29 00:29:34,387] {logging_mixin.py:109} INFO - [2021-10-29 00:29:34,387] {dagbag.py:500} INFO - Filling up the DagBag from /opt/airflow/dags/my_dag.py
[2021-10-29 00:29:34,549] {processor.py:632} INFO - DAG(s) dict_keys(['my_dag']) retrieved from /opt/airflow/dags/my_dag.py
[2021-10-29 00:29:34,605] {logging_mixin.py:109} INFO - [2021-10-29 00:29:34,605] {dag.py:2389} INFO - Sync 1 DAGs
[2021-10-29 00:29:34,668] {logging_mixin.py:109} INFO - [2021-10-29 00:29:34,668] {dag.py:2914} INFO - Setting next_dagrun for my_dag to 2021-10-28 00:00:00+00:00
[2021-10-29 00:29:34,753] {processor.py:171} INFO - Processing /opt/airflow/dags/my_dag.py took 0.405 seconds
[2021-10-29 00:30:05,078] {processor.py:163} INFO - Started process (PID=1385) to work on /opt/airflow/dags/my_dag.py
[2021-10-29 00:30:05,091] {processor.py:620} INFO - Processing file /opt/airflow/dags/my_dag.py for tasks to queue
[2021-10-29 00:30:05,092] {logging_mixin.py:109} INFO - [2021-10-29 00:30:05,092] {dagbag.py:500} INFO - Filling up the DagBag from /opt/airflow/dags/my_dag.py
[2021-10-29 00:30:05,143] {processor.py:632} INFO - DAG(s) dict_keys(['my_dag']) retrieved from /opt/airflow/dags/my_dag.py
[2021-10-29 00:30:05,166] {logging_mixin.py:109} INFO - [2021-10-29 00:30:05,166] {dag.py:2389} INFO - Sync 1 DAGs
[2021-10-29 00:30:05,195] {logging_mixin.py:109} INFO - [2021-10-29 00:30:05,194] {dag.py:2914} INFO - Setting next_dagrun for my_dag to 2021-10-28 00:00:00+00:00
[2021-10-29 00:30:05,209] {processor.py:171} INFO - Processing /opt/airflow/dags/my_dag.py took 0.135 seconds
[2021-10-29 00:30:35,613] {processor.py:163} INFO - Started process (PID=1439) to work on /opt/airflow/dags/my_dag.py
[2021-10-29 00:30:35,618] {processor.py:620} INFO - Processing file /opt/airflow/dags/my_dag.py for tasks to queue
[2021-10-29 00:30:35,618] {logging_mixin.py:109} INFO - [2021-10-29 00:30:35,618] {dagbag.py:500} INFO - Filling up the DagBag from /opt/airflow/dags/my_dag.py
[2021-10-29 00:30:35,696] {processor.py:632} INFO - DAG(s) dict_keys(['my_dag']) retrieved from /opt/airflow/dags/my_dag.py
[2021-10-29 00:30:35,719] {logging_mixin.py:109} INFO - [2021-10-29 00:30:35,719] {dag.py:2389} INFO - Sync 1 DAGs
[2021-10-29 00:30:35,748] {logging_mixin.py:109} INFO - [2021-10-29 00:30:35,748] {dag.py:2914} INFO - Setting next_dagrun for my_dag to 2021-10-28 00:00:00+00:00
[2021-10-29 00:30:35,762] {processor.py:171} INFO - Processing /opt/airflow/dags/my_dag.py took 0.152 seconds
[2021-10-29 00:31:05,827] {processor.py:163} INFO - Started process (PID=1492) to work on /opt/airflow/dags/my_dag.py
[2021-10-29 00:31:05,846] {processor.py:620} INFO - Processing file /opt/airflow/dags/my_dag.py for tasks to queue
[2021-10-29 00:31:05,896] {logging_mixin.py:109} INFO - [2021-10-29 00:31:05,896] {dagbag.py:500} INFO - Filling up the DagBag from /opt/airflow/dags/my_dag.py
[2021-10-29 00:31:06,236] {processor.py:632} INFO - DAG(s) dict_keys(['my_dag']) retrieved from /opt/airflow/dags/my_dag.py
[2021-10-29 00:31:06,317] {logging_mixin.py:109} INFO - [2021-10-29 00:31:06,317] {dag.py:2389} INFO - Sync 1 DAGs
[2021-10-29 00:31:06,389] {logging_mixin.py:109} INFO - [2021-10-29 00:31:06,389] {dag.py:2914} INFO - Setting next_dagrun for my_dag to 2021-10-28 00:00:00+00:00
[2021-10-29 00:31:06,428] {processor.py:171} INFO - Processing /opt/airflow/dags/my_dag.py took 0.604 seconds
[2021-10-29 00:31:37,564] {processor.py:163} INFO - Started process (PID=1544) to work on /opt/airflow/dags/my_dag.py
[2021-10-29 00:31:37,573] {processor.py:620} INFO - Processing file /opt/airflow/dags/my_dag.py for tasks to queue
[2021-10-29 00:31:37,574] {logging_mixin.py:109} INFO - [2021-10-29 00:31:37,574] {dagbag.py:500} INFO - Filling up the DagBag from /opt/airflow/dags/my_dag.py
[2021-10-29 00:31:37,793] {processor.py:632} INFO - DAG(s) dict_keys(['my_dag']) retrieved from /opt/airflow/dags/my_dag.py
[2021-10-29 00:31:37,974] {logging_mixin.py:109} INFO - [2021-10-29 00:31:37,974] {dag.py:2389} INFO - Sync 1 DAGs
[2021-10-29 00:31:38,079] {logging_mixin.py:109} INFO - [2021-10-29 00:31:38,078] {dag.py:2914} INFO - Setting next_dagrun for my_dag to 2021-10-28 00:00:00+00:00
[2021-10-29 00:31:38,148] {processor.py:171} INFO - Processing /opt/airflow/dags/my_dag.py took 0.587 seconds
[2021-10-29 00:32:08,784] {processor.py:163} INFO - Started process (PID=1589) to work on /opt/airflow/dags/my_dag.py
[2021-10-29 00:32:08,786] {processor.py:620} INFO - Processing file /opt/airflow/dags/my_dag.py for tasks to queue
[2021-10-29 00:32:08,786] {logging_mixin.py:109} INFO - [2021-10-29 00:32:08,786] {dagbag.py:500} INFO - Filling up the DagBag from /opt/airflow/dags/my_dag.py
[2021-10-29 00:32:08,842] {processor.py:632} INFO - DAG(s) dict_keys(['my_dag']) retrieved from /opt/airflow/dags/my_dag.py
[2021-10-29 00:32:08,874] {logging_mixin.py:109} INFO - [2021-10-29 00:32:08,874] {dag.py:2389} INFO - Sync 1 DAGs
[2021-10-29 00:32:08,928] {logging_mixin.py:109} INFO - [2021-10-29 00:32:08,928] {dag.py:2914} INFO - Setting next_dagrun for my_dag to 2021-10-28 00:00:00+00:00
[2021-10-29 00:32:08,943] {processor.py:171} INFO - Processing /opt/airflow/dags/my_dag.py took 0.163 seconds
[2021-10-29 00:32:39,336] {processor.py:163} INFO - Started process (PID=1643) to work on /opt/airflow/dags/my_dag.py
[2021-10-29 00:32:39,397] {processor.py:620} INFO - Processing file /opt/airflow/dags/my_dag.py for tasks to queue
[2021-10-29 00:32:39,399] {logging_mixin.py:109} INFO - [2021-10-29 00:32:39,399] {dagbag.py:500} INFO - Filling up the DagBag from /opt/airflow/dags/my_dag.py
[2021-10-29 00:32:39,522] {processor.py:632} INFO - DAG(s) dict_keys(['my_dag']) retrieved from /opt/airflow/dags/my_dag.py
[2021-10-29 00:32:39,604] {logging_mixin.py:109} INFO - [2021-10-29 00:32:39,604] {dag.py:2389} INFO - Sync 1 DAGs
[2021-10-29 00:32:39,652] {logging_mixin.py:109} INFO - [2021-10-29 00:32:39,652] {dag.py:2914} INFO - Setting next_dagrun for my_dag to 2021-10-28 00:00:00+00:00
[2021-10-29 00:32:39,701] {processor.py:171} INFO - Processing /opt/airflow/dags/my_dag.py took 0.367 seconds
[2021-10-29 00:33:10,202] {processor.py:163} INFO - Started process (PID=1692) to work on /opt/airflow/dags/my_dag.py
[2021-10-29 00:33:10,257] {processor.py:620} INFO - Processing file /opt/airflow/dags/my_dag.py for tasks to queue
[2021-10-29 00:33:10,262] {logging_mixin.py:109} INFO - [2021-10-29 00:33:10,261] {dagbag.py:500} INFO - Filling up the DagBag from /opt/airflow/dags/my_dag.py
[2021-10-29 00:33:10,642] {processor.py:632} INFO - DAG(s) dict_keys(['my_dag']) retrieved from /opt/airflow/dags/my_dag.py
[2021-10-29 00:33:10,801] {logging_mixin.py:109} INFO - [2021-10-29 00:33:10,801] {dag.py:2389} INFO - Sync 1 DAGs
[2021-10-29 00:33:11,025] {logging_mixin.py:109} INFO - [2021-10-29 00:33:11,024] {dag.py:2914} INFO - Setting next_dagrun for my_dag to 2021-10-28 00:00:00+00:00
[2021-10-29 00:33:11,202] {processor.py:171} INFO - Processing /opt/airflow/dags/my_dag.py took 1.003 seconds
[2021-10-29 00:33:41,959] {processor.py:163} INFO - Started process (PID=1743) to work on /opt/airflow/dags/my_dag.py
[2021-10-29 00:33:42,020] {processor.py:620} INFO - Processing file /opt/airflow/dags/my_dag.py for tasks to queue
[2021-10-29 00:33:42,022] {logging_mixin.py:109} INFO - [2021-10-29 00:33:42,022] {dagbag.py:500} INFO - Filling up the DagBag from /opt/airflow/dags/my_dag.py
[2021-10-29 00:33:42,200] {processor.py:632} INFO - DAG(s) dict_keys(['my_dag']) retrieved from /opt/airflow/dags/my_dag.py
[2021-10-29 00:33:42,276] {logging_mixin.py:109} INFO - [2021-10-29 00:33:42,276] {dag.py:2389} INFO - Sync 1 DAGs
[2021-10-29 00:33:42,372] {logging_mixin.py:109} INFO - [2021-10-29 00:33:42,372] {dag.py:2914} INFO - Setting next_dagrun for my_dag to 2021-10-28 00:00:00+00:00
[2021-10-29 00:33:42,437] {processor.py:171} INFO - Processing /opt/airflow/dags/my_dag.py took 0.497 seconds
[2021-10-29 00:34:13,219] {processor.py:163} INFO - Started process (PID=1800) to work on /opt/airflow/dags/my_dag.py
[2021-10-29 00:34:13,226] {processor.py:620} INFO - Processing file /opt/airflow/dags/my_dag.py for tasks to queue
[2021-10-29 00:34:13,230] {logging_mixin.py:109} INFO - [2021-10-29 00:34:13,230] {dagbag.py:500} INFO - Filling up the DagBag from /opt/airflow/dags/my_dag.py
[2021-10-29 00:34:13,384] {processor.py:632} INFO - DAG(s) dict_keys(['my_dag']) retrieved from /opt/airflow/dags/my_dag.py
[2021-10-29 00:34:13,451] {logging_mixin.py:109} INFO - [2021-10-29 00:34:13,451] {dag.py:2389} INFO - Sync 1 DAGs
[2021-10-29 00:34:13,520] {logging_mixin.py:109} INFO - [2021-10-29 00:34:13,520] {dag.py:2914} INFO - Setting next_dagrun for my_dag to 2021-10-28 00:00:00+00:00
[2021-10-29 00:34:13,555] {processor.py:171} INFO - Processing /opt/airflow/dags/my_dag.py took 0.339 seconds
[2021-10-29 00:34:44,480] {processor.py:163} INFO - Started process (PID=1854) to work on /opt/airflow/dags/my_dag.py
[2021-10-29 00:34:44,487] {processor.py:620} INFO - Processing file /opt/airflow/dags/my_dag.py for tasks to queue
[2021-10-29 00:34:44,487] {logging_mixin.py:109} INFO - [2021-10-29 00:34:44,487] {dagbag.py:500} INFO - Filling up the DagBag from /opt/airflow/dags/my_dag.py
[2021-10-29 00:34:44,548] {processor.py:632} INFO - DAG(s) dict_keys(['my_dag']) retrieved from /opt/airflow/dags/my_dag.py
[2021-10-29 00:34:44,575] {logging_mixin.py:109} INFO - [2021-10-29 00:34:44,575] {dag.py:2389} INFO - Sync 1 DAGs
[2021-10-29 00:34:44,606] {logging_mixin.py:109} INFO - [2021-10-29 00:34:44,606] {dag.py:2914} INFO - Setting next_dagrun for my_dag to 2021-10-28 00:00:00+00:00
[2021-10-29 00:34:44,624] {processor.py:171} INFO - Processing /opt/airflow/dags/my_dag.py took 0.156 seconds
[2021-10-29 00:35:14,765] {processor.py:163} INFO - Started process (PID=1907) to work on /opt/airflow/dags/my_dag.py
[2021-10-29 00:35:14,780] {processor.py:620} INFO - Processing file /opt/airflow/dags/my_dag.py for tasks to queue
[2021-10-29 00:35:14,781] {logging_mixin.py:109} INFO - [2021-10-29 00:35:14,781] {dagbag.py:500} INFO - Filling up the DagBag from /opt/airflow/dags/my_dag.py
[2021-10-29 00:35:15,014] {processor.py:632} INFO - DAG(s) dict_keys(['my_dag']) retrieved from /opt/airflow/dags/my_dag.py
[2021-10-29 00:35:15,079] {logging_mixin.py:109} INFO - [2021-10-29 00:35:15,079] {dag.py:2389} INFO - Sync 1 DAGs
[2021-10-29 00:35:15,194] {logging_mixin.py:109} INFO - [2021-10-29 00:35:15,194] {dag.py:2914} INFO - Setting next_dagrun for my_dag to 2021-10-28 00:00:00+00:00
[2021-10-29 00:35:15,218] {processor.py:171} INFO - Processing /opt/airflow/dags/my_dag.py took 0.456 seconds
[2021-10-29 00:35:45,359] {processor.py:163} INFO - Started process (PID=1960) to work on /opt/airflow/dags/my_dag.py
[2021-10-29 00:35:45,366] {processor.py:620} INFO - Processing file /opt/airflow/dags/my_dag.py for tasks to queue
[2021-10-29 00:35:45,366] {logging_mixin.py:109} INFO - [2021-10-29 00:35:45,366] {dagbag.py:500} INFO - Filling up the DagBag from /opt/airflow/dags/my_dag.py
[2021-10-29 00:35:45,441] {processor.py:632} INFO - DAG(s) dict_keys(['my_dag']) retrieved from /opt/airflow/dags/my_dag.py
[2021-10-29 00:35:45,459] {logging_mixin.py:109} INFO - [2021-10-29 00:35:45,459] {dag.py:2389} INFO - Sync 1 DAGs
[2021-10-29 00:35:45,490] {logging_mixin.py:109} INFO - [2021-10-29 00:35:45,490] {dag.py:2914} INFO - Setting next_dagrun for my_dag to 2021-10-28 00:00:00+00:00
[2021-10-29 00:35:45,529] {processor.py:171} INFO - Processing /opt/airflow/dags/my_dag.py took 0.173 seconds
[2021-10-29 00:38:23,779] {processor.py:163} INFO - Started process (PID=75) to work on /opt/airflow/dags/my_dag.py
[2021-10-29 00:38:23,920] {processor.py:620} INFO - Processing file /opt/airflow/dags/my_dag.py for tasks to queue
[2021-10-29 00:38:23,921] {logging_mixin.py:109} INFO - [2021-10-29 00:38:23,921] {dagbag.py:500} INFO - Filling up the DagBag from /opt/airflow/dags/my_dag.py
[2021-10-29 00:38:26,116] {processor.py:632} INFO - DAG(s) dict_keys(['my_dag']) retrieved from /opt/airflow/dags/my_dag.py
[2021-10-29 00:38:26,239] {logging_mixin.py:109} INFO - [2021-10-29 00:38:26,239] {dag.py:2389} INFO - Sync 1 DAGs
[2021-10-29 00:38:26,381] {logging_mixin.py:109} INFO - [2021-10-29 00:38:26,381] {dag.py:2914} INFO - Setting next_dagrun for my_dag to 2021-10-28 00:00:00+00:00
[2021-10-29 00:38:26,436] {processor.py:171} INFO - Processing /opt/airflow/dags/my_dag.py took 2.660 seconds
[2021-10-29 00:38:57,131] {processor.py:163} INFO - Started process (PID=129) to work on /opt/airflow/dags/my_dag.py
[2021-10-29 00:38:57,184] {processor.py:620} INFO - Processing file /opt/airflow/dags/my_dag.py for tasks to queue
[2021-10-29 00:38:57,201] {logging_mixin.py:109} INFO - [2021-10-29 00:38:57,201] {dagbag.py:500} INFO - Filling up the DagBag from /opt/airflow/dags/my_dag.py
[2021-10-29 00:38:57,975] {processor.py:632} INFO - DAG(s) dict_keys(['my_dag']) retrieved from /opt/airflow/dags/my_dag.py
[2021-10-29 00:38:58,105] {logging_mixin.py:109} INFO - [2021-10-29 00:38:58,105] {dag.py:2389} INFO - Sync 1 DAGs
[2021-10-29 00:38:58,454] {logging_mixin.py:109} INFO - [2021-10-29 00:38:58,453] {dag.py:2914} INFO - Setting next_dagrun for my_dag to 2021-10-28 00:00:00+00:00
[2021-10-29 00:38:58,591] {processor.py:171} INFO - Processing /opt/airflow/dags/my_dag.py took 1.462 seconds
[2021-10-29 00:39:33,489] {processor.py:163} INFO - Started process (PID=179) to work on /opt/airflow/dags/my_dag.py
[2021-10-29 00:39:33,575] {processor.py:620} INFO - Processing file /opt/airflow/dags/my_dag.py for tasks to queue
[2021-10-29 00:39:33,590] {logging_mixin.py:109} INFO - [2021-10-29 00:39:33,590] {dagbag.py:500} INFO - Filling up the DagBag from /opt/airflow/dags/my_dag.py
[2021-10-29 00:39:33,830] {processor.py:632} INFO - DAG(s) dict_keys(['my_dag']) retrieved from /opt/airflow/dags/my_dag.py
[2021-10-29 00:39:33,885] {logging_mixin.py:109} INFO - [2021-10-29 00:39:33,885] {dag.py:2389} INFO - Sync 1 DAGs
[2021-10-29 00:39:34,022] {logging_mixin.py:109} INFO - [2021-10-29 00:39:34,021] {dag.py:2914} INFO - Setting next_dagrun for my_dag to 2021-10-28 00:00:00+00:00
[2021-10-29 00:39:34,076] {processor.py:171} INFO - Processing /opt/airflow/dags/my_dag.py took 0.590 seconds
[2021-10-29 00:40:06,269] {processor.py:163} INFO - Started process (PID=230) to work on /opt/airflow/dags/my_dag.py
[2021-10-29 00:40:06,413] {processor.py:620} INFO - Processing file /opt/airflow/dags/my_dag.py for tasks to queue
[2021-10-29 00:40:06,413] {logging_mixin.py:109} INFO - [2021-10-29 00:40:06,413] {dagbag.py:500} INFO - Filling up the DagBag from /opt/airflow/dags/my_dag.py
[2021-10-29 00:40:07,007] {processor.py:632} INFO - DAG(s) dict_keys(['my_dag']) retrieved from /opt/airflow/dags/my_dag.py
[2021-10-29 00:40:07,180] {logging_mixin.py:109} INFO - [2021-10-29 00:40:07,180] {dag.py:2389} INFO - Sync 1 DAGs
[2021-10-29 00:40:07,541] {logging_mixin.py:109} INFO - [2021-10-29 00:40:07,541] {dag.py:2914} INFO - Setting next_dagrun for my_dag to 2021-10-28 00:00:00+00:00
[2021-10-29 00:40:07,907] {processor.py:171} INFO - Processing /opt/airflow/dags/my_dag.py took 1.641 seconds
[2021-10-29 00:40:38,548] {processor.py:163} INFO - Started process (PID=274) to work on /opt/airflow/dags/my_dag.py
[2021-10-29 00:40:38,552] {processor.py:620} INFO - Processing file /opt/airflow/dags/my_dag.py for tasks to queue
[2021-10-29 00:40:38,560] {logging_mixin.py:109} INFO - [2021-10-29 00:40:38,560] {dagbag.py:500} INFO - Filling up the DagBag from /opt/airflow/dags/my_dag.py
[2021-10-29 00:40:38,722] {processor.py:632} INFO - DAG(s) dict_keys(['my_dag']) retrieved from /opt/airflow/dags/my_dag.py
[2021-10-29 00:40:38,748] {logging_mixin.py:109} INFO - [2021-10-29 00:40:38,748] {dag.py:2389} INFO - Sync 1 DAGs
[2021-10-29 00:40:38,813] {logging_mixin.py:109} INFO - [2021-10-29 00:40:38,813] {dag.py:2914} INFO - Setting next_dagrun for my_dag to 2021-10-28 00:00:00+00:00
[2021-10-29 00:40:38,843] {processor.py:171} INFO - Processing /opt/airflow/dags/my_dag.py took 0.298 seconds
[2021-10-29 00:41:11,111] {processor.py:163} INFO - Started process (PID=329) to work on /opt/airflow/dags/my_dag.py
[2021-10-29 00:41:11,138] {processor.py:620} INFO - Processing file /opt/airflow/dags/my_dag.py for tasks to queue
[2021-10-29 00:41:11,138] {logging_mixin.py:109} INFO - [2021-10-29 00:41:11,138] {dagbag.py:500} INFO - Filling up the DagBag from /opt/airflow/dags/my_dag.py
[2021-10-29 00:41:11,324] {processor.py:632} INFO - DAG(s) dict_keys(['my_dag']) retrieved from /opt/airflow/dags/my_dag.py
[2021-10-29 00:41:11,398] {logging_mixin.py:109} INFO - [2021-10-29 00:41:11,398] {dag.py:2389} INFO - Sync 1 DAGs
[2021-10-29 00:41:11,557] {logging_mixin.py:109} INFO - [2021-10-29 00:41:11,557] {dag.py:2914} INFO - Setting next_dagrun for my_dag to 2021-10-28 00:00:00+00:00
[2021-10-29 00:41:11,628] {processor.py:171} INFO - Processing /opt/airflow/dags/my_dag.py took 0.520 seconds
[2021-10-29 00:41:36,794] {processor.py:163} INFO - Started process (PID=366) to work on /opt/airflow/dags/my_dag.py
[2021-10-29 00:41:36,824] {processor.py:620} INFO - Processing file /opt/airflow/dags/my_dag.py for tasks to queue
[2021-10-29 00:41:36,825] {logging_mixin.py:109} INFO - [2021-10-29 00:41:36,825] {dagbag.py:500} INFO - Filling up the DagBag from /opt/airflow/dags/my_dag.py
[2021-10-29 00:41:36,958] {processor.py:632} INFO - DAG(s) dict_keys(['my_dag']) retrieved from /opt/airflow/dags/my_dag.py
[2021-10-29 00:41:36,975] {logging_mixin.py:109} INFO - [2021-10-29 00:41:36,975] {dag.py:2389} INFO - Sync 1 DAGs
[2021-10-29 00:41:37,035] {logging_mixin.py:109} INFO - [2021-10-29 00:41:37,035] {dag.py:2914} INFO - Setting next_dagrun for my_dag to 2021-10-28 00:00:00+00:00
[2021-10-29 00:41:37,070] {processor.py:171} INFO - Processing /opt/airflow/dags/my_dag.py took 0.278 seconds
[2021-10-29 00:42:07,351] {processor.py:163} INFO - Started process (PID=420) to work on /opt/airflow/dags/my_dag.py
[2021-10-29 00:42:07,357] {processor.py:620} INFO - Processing file /opt/airflow/dags/my_dag.py for tasks to queue
[2021-10-29 00:42:07,358] {logging_mixin.py:109} INFO - [2021-10-29 00:42:07,358] {dagbag.py:500} INFO - Filling up the DagBag from /opt/airflow/dags/my_dag.py
[2021-10-29 00:42:07,612] {processor.py:632} INFO - DAG(s) dict_keys(['my_dag']) retrieved from /opt/airflow/dags/my_dag.py
[2021-10-29 00:42:07,669] {logging_mixin.py:109} INFO - [2021-10-29 00:42:07,669] {dag.py:2389} INFO - Sync 1 DAGs
[2021-10-29 00:42:07,734] {logging_mixin.py:109} INFO - [2021-10-29 00:42:07,734] {dag.py:2914} INFO - Setting next_dagrun for my_dag to 2021-10-28 00:00:00+00:00
[2021-10-29 00:42:07,770] {processor.py:171} INFO - Processing /opt/airflow/dags/my_dag.py took 0.422 seconds
[2021-10-29 00:42:38,588] {processor.py:163} INFO - Started process (PID=473) to work on /opt/airflow/dags/my_dag.py
[2021-10-29 00:42:38,599] {processor.py:620} INFO - Processing file /opt/airflow/dags/my_dag.py for tasks to queue
[2021-10-29 00:42:38,606] {logging_mixin.py:109} INFO - [2021-10-29 00:42:38,605] {dagbag.py:500} INFO - Filling up the DagBag from /opt/airflow/dags/my_dag.py
[2021-10-29 00:42:38,933] {processor.py:632} INFO - DAG(s) dict_keys(['my_dag']) retrieved from /opt/airflow/dags/my_dag.py
[2021-10-29 00:42:39,028] {logging_mixin.py:109} INFO - [2021-10-29 00:42:39,027] {dag.py:2389} INFO - Sync 1 DAGs
[2021-10-29 00:42:39,148] {logging_mixin.py:109} INFO - [2021-10-29 00:42:39,148] {dag.py:2914} INFO - Setting next_dagrun for my_dag to 2021-10-28 00:00:00+00:00
[2021-10-29 00:42:39,215] {processor.py:171} INFO - Processing /opt/airflow/dags/my_dag.py took 0.738 seconds
[2021-10-29 00:43:14,884] {processor.py:163} INFO - Started process (PID=518) to work on /opt/airflow/dags/my_dag.py
[2021-10-29 00:43:14,999] {processor.py:620} INFO - Processing file /opt/airflow/dags/my_dag.py for tasks to queue
[2021-10-29 00:43:15,000] {logging_mixin.py:109} INFO - [2021-10-29 00:43:15,000] {dagbag.py:500} INFO - Filling up the DagBag from /opt/airflow/dags/my_dag.py
[2021-10-29 00:43:15,599] {processor.py:632} INFO - DAG(s) dict_keys(['my_dag']) retrieved from /opt/airflow/dags/my_dag.py
[2021-10-29 00:43:15,859] {logging_mixin.py:109} INFO - [2021-10-29 00:43:15,859] {dag.py:2389} INFO - Sync 1 DAGs
[2021-10-29 00:43:16,088] {logging_mixin.py:109} INFO - [2021-10-29 00:43:16,088] {dag.py:2914} INFO - Setting next_dagrun for my_dag to 2021-10-28 00:00:00+00:00
[2021-10-29 00:43:16,246] {processor.py:171} INFO - Processing /opt/airflow/dags/my_dag.py took 1.365 seconds
[2021-10-29 00:43:47,103] {processor.py:163} INFO - Started process (PID=572) to work on /opt/airflow/dags/my_dag.py
[2021-10-29 00:43:47,105] {processor.py:620} INFO - Processing file /opt/airflow/dags/my_dag.py for tasks to queue
[2021-10-29 00:43:47,106] {logging_mixin.py:109} INFO - [2021-10-29 00:43:47,106] {dagbag.py:500} INFO - Filling up the DagBag from /opt/airflow/dags/my_dag.py
[2021-10-29 00:43:47,143] {processor.py:632} INFO - DAG(s) dict_keys(['my_dag']) retrieved from /opt/airflow/dags/my_dag.py
[2021-10-29 00:43:47,153] {logging_mixin.py:109} INFO - [2021-10-29 00:43:47,153] {dag.py:2389} INFO - Sync 1 DAGs
[2021-10-29 00:43:47,175] {logging_mixin.py:109} INFO - [2021-10-29 00:43:47,175] {dag.py:2914} INFO - Setting next_dagrun for my_dag to 2021-10-28 00:00:00+00:00
[2021-10-29 00:43:47,189] {processor.py:171} INFO - Processing /opt/airflow/dags/my_dag.py took 0.089 seconds
[2021-10-29 00:44:17,254] {processor.py:163} INFO - Started process (PID=625) to work on /opt/airflow/dags/my_dag.py
[2021-10-29 00:44:17,275] {processor.py:620} INFO - Processing file /opt/airflow/dags/my_dag.py for tasks to queue
[2021-10-29 00:44:17,276] {logging_mixin.py:109} INFO - [2021-10-29 00:44:17,276] {dagbag.py:500} INFO - Filling up the DagBag from /opt/airflow/dags/my_dag.py
[2021-10-29 00:44:17,401] {processor.py:632} INFO - DAG(s) dict_keys(['my_dag']) retrieved from /opt/airflow/dags/my_dag.py
[2021-10-29 00:44:17,451] {logging_mixin.py:109} INFO - [2021-10-29 00:44:17,451] {dag.py:2389} INFO - Sync 1 DAGs
[2021-10-29 00:44:17,543] {logging_mixin.py:109} INFO - [2021-10-29 00:44:17,543] {dag.py:2914} INFO - Setting next_dagrun for my_dag to 2021-10-28 00:00:00+00:00
[2021-10-29 00:44:17,563] {processor.py:171} INFO - Processing /opt/airflow/dags/my_dag.py took 0.312 seconds
[2021-10-29 00:44:50,225] {processor.py:163} INFO - Started process (PID=677) to work on /opt/airflow/dags/my_dag.py
[2021-10-29 00:44:50,297] {processor.py:620} INFO - Processing file /opt/airflow/dags/my_dag.py for tasks to queue
[2021-10-29 00:44:50,315] {logging_mixin.py:109} INFO - [2021-10-29 00:44:50,315] {dagbag.py:500} INFO - Filling up the DagBag from /opt/airflow/dags/my_dag.py
[2021-10-29 00:44:50,553] {processor.py:632} INFO - DAG(s) dict_keys(['my_dag']) retrieved from /opt/airflow/dags/my_dag.py
[2021-10-29 00:44:50,671] {logging_mixin.py:109} INFO - [2021-10-29 00:44:50,671] {dag.py:2389} INFO - Sync 1 DAGs
[2021-10-29 00:44:50,760] {logging_mixin.py:109} INFO - [2021-10-29 00:44:50,760] {dag.py:2914} INFO - Setting next_dagrun for my_dag to 2021-10-28 00:00:00+00:00
[2021-10-29 00:44:50,819] {processor.py:171} INFO - Processing /opt/airflow/dags/my_dag.py took 0.597 seconds
[2021-10-29 00:45:21,962] {processor.py:163} INFO - Started process (PID=731) to work on /opt/airflow/dags/my_dag.py
[2021-10-29 00:45:21,964] {processor.py:620} INFO - Processing file /opt/airflow/dags/my_dag.py for tasks to queue
[2021-10-29 00:45:21,964] {logging_mixin.py:109} INFO - [2021-10-29 00:45:21,964] {dagbag.py:500} INFO - Filling up the DagBag from /opt/airflow/dags/my_dag.py
[2021-10-29 00:45:22,063] {processor.py:632} INFO - DAG(s) dict_keys(['my_dag']) retrieved from /opt/airflow/dags/my_dag.py
[2021-10-29 00:45:22,093] {logging_mixin.py:109} INFO - [2021-10-29 00:45:22,093] {dag.py:2389} INFO - Sync 1 DAGs
[2021-10-29 00:45:22,157] {logging_mixin.py:109} INFO - [2021-10-29 00:45:22,157] {dag.py:2914} INFO - Setting next_dagrun for my_dag to 2021-10-28 00:00:00+00:00
[2021-10-29 00:45:22,185] {processor.py:171} INFO - Processing /opt/airflow/dags/my_dag.py took 0.239 seconds
[2021-10-29 00:45:52,981] {processor.py:163} INFO - Started process (PID=786) to work on /opt/airflow/dags/my_dag.py
[2021-10-29 00:45:53,000] {processor.py:620} INFO - Processing file /opt/airflow/dags/my_dag.py for tasks to queue
[2021-10-29 00:45:53,001] {logging_mixin.py:109} INFO - [2021-10-29 00:45:53,001] {dagbag.py:500} INFO - Filling up the DagBag from /opt/airflow/dags/my_dag.py
[2021-10-29 00:45:53,053] {processor.py:632} INFO - DAG(s) dict_keys(['my_dag']) retrieved from /opt/airflow/dags/my_dag.py
[2021-10-29 00:45:53,072] {logging_mixin.py:109} INFO - [2021-10-29 00:45:53,072] {dag.py:2389} INFO - Sync 1 DAGs
[2021-10-29 00:45:53,092] {logging_mixin.py:109} INFO - [2021-10-29 00:45:53,092] {dag.py:2914} INFO - Setting next_dagrun for my_dag to 2021-10-28 00:00:00+00:00
[2021-10-29 00:45:53,117] {processor.py:171} INFO - Processing /opt/airflow/dags/my_dag.py took 0.139 seconds
[2021-10-29 00:46:23,590] {processor.py:163} INFO - Started process (PID=837) to work on /opt/airflow/dags/my_dag.py
[2021-10-29 00:46:23,611] {processor.py:620} INFO - Processing file /opt/airflow/dags/my_dag.py for tasks to queue
[2021-10-29 00:46:23,612] {logging_mixin.py:109} INFO - [2021-10-29 00:46:23,612] {dagbag.py:500} INFO - Filling up the DagBag from /opt/airflow/dags/my_dag.py
[2021-10-29 00:46:23,703] {processor.py:632} INFO - DAG(s) dict_keys(['my_dag']) retrieved from /opt/airflow/dags/my_dag.py
[2021-10-29 00:46:23,728] {logging_mixin.py:109} INFO - [2021-10-29 00:46:23,728] {dag.py:2389} INFO - Sync 1 DAGs
[2021-10-29 00:46:23,756] {logging_mixin.py:109} INFO - [2021-10-29 00:46:23,756] {dag.py:2914} INFO - Setting next_dagrun for my_dag to 2021-10-28 00:00:00+00:00
[2021-10-29 00:46:23,776] {processor.py:171} INFO - Processing /opt/airflow/dags/my_dag.py took 0.189 seconds
[2021-10-29 00:46:53,975] {processor.py:163} INFO - Started process (PID=891) to work on /opt/airflow/dags/my_dag.py
[2021-10-29 00:46:53,977] {processor.py:620} INFO - Processing file /opt/airflow/dags/my_dag.py for tasks to queue
[2021-10-29 00:46:53,981] {logging_mixin.py:109} INFO - [2021-10-29 00:46:53,981] {dagbag.py:500} INFO - Filling up the DagBag from /opt/airflow/dags/my_dag.py
[2021-10-29 00:46:54,052] {processor.py:632} INFO - DAG(s) dict_keys(['my_dag']) retrieved from /opt/airflow/dags/my_dag.py
[2021-10-29 00:46:54,079] {logging_mixin.py:109} INFO - [2021-10-29 00:46:54,079] {dag.py:2389} INFO - Sync 1 DAGs
[2021-10-29 00:46:54,124] {logging_mixin.py:109} INFO - [2021-10-29 00:46:54,124] {dag.py:2914} INFO - Setting next_dagrun for my_dag to 2021-10-28 00:00:00+00:00
[2021-10-29 00:46:54,149] {processor.py:171} INFO - Processing /opt/airflow/dags/my_dag.py took 0.186 seconds
[2021-10-29 00:47:24,549] {processor.py:163} INFO - Started process (PID=945) to work on /opt/airflow/dags/my_dag.py
[2021-10-29 00:47:24,571] {processor.py:620} INFO - Processing file /opt/airflow/dags/my_dag.py for tasks to queue
[2021-10-29 00:47:24,600] {logging_mixin.py:109} INFO - [2021-10-29 00:47:24,600] {dagbag.py:500} INFO - Filling up the DagBag from /opt/airflow/dags/my_dag.py
[2021-10-29 00:47:24,776] {processor.py:632} INFO - DAG(s) dict_keys(['my_dag']) retrieved from /opt/airflow/dags/my_dag.py
[2021-10-29 00:47:24,871] {logging_mixin.py:109} INFO - [2021-10-29 00:47:24,871] {dag.py:2389} INFO - Sync 1 DAGs
[2021-10-29 00:47:25,144] {logging_mixin.py:109} INFO - [2021-10-29 00:47:25,144] {dag.py:2914} INFO - Setting next_dagrun for my_dag to 2021-10-28 00:00:00+00:00
[2021-10-29 00:47:25,212] {processor.py:171} INFO - Processing /opt/airflow/dags/my_dag.py took 0.666 seconds
[2021-10-29 00:47:55,818] {processor.py:163} INFO - Started process (PID=989) to work on /opt/airflow/dags/my_dag.py
[2021-10-29 00:47:55,827] {processor.py:620} INFO - Processing file /opt/airflow/dags/my_dag.py for tasks to queue
[2021-10-29 00:47:55,828] {logging_mixin.py:109} INFO - [2021-10-29 00:47:55,828] {dagbag.py:500} INFO - Filling up the DagBag from /opt/airflow/dags/my_dag.py
[2021-10-29 00:47:55,895] {processor.py:632} INFO - DAG(s) dict_keys(['my_dag']) retrieved from /opt/airflow/dags/my_dag.py
[2021-10-29 00:47:55,925] {logging_mixin.py:109} INFO - [2021-10-29 00:47:55,925] {dag.py:2389} INFO - Sync 1 DAGs
[2021-10-29 00:47:55,956] {logging_mixin.py:109} INFO - [2021-10-29 00:47:55,956] {dag.py:2914} INFO - Setting next_dagrun for my_dag to 2021-10-28 00:00:00+00:00
[2021-10-29 00:47:55,979] {processor.py:171} INFO - Processing /opt/airflow/dags/my_dag.py took 0.165 seconds
[2021-10-29 00:48:26,895] {processor.py:163} INFO - Started process (PID=1043) to work on /opt/airflow/dags/my_dag.py
[2021-10-29 00:48:26,915] {processor.py:620} INFO - Processing file /opt/airflow/dags/my_dag.py for tasks to queue
[2021-10-29 00:48:26,924] {logging_mixin.py:109} INFO - [2021-10-29 00:48:26,924] {dagbag.py:500} INFO - Filling up the DagBag from /opt/airflow/dags/my_dag.py
[2021-10-29 00:48:27,080] {processor.py:632} INFO - DAG(s) dict_keys(['my_dag']) retrieved from /opt/airflow/dags/my_dag.py
[2021-10-29 00:48:27,151] {logging_mixin.py:109} INFO - [2021-10-29 00:48:27,151] {dag.py:2389} INFO - Sync 1 DAGs
[2021-10-29 00:48:27,218] {logging_mixin.py:109} INFO - [2021-10-29 00:48:27,218] {dag.py:2914} INFO - Setting next_dagrun for my_dag to 2021-10-28 00:00:00+00:00
[2021-10-29 00:48:27,277] {processor.py:171} INFO - Processing /opt/airflow/dags/my_dag.py took 0.385 seconds
[2021-10-29 00:48:57,760] {processor.py:163} INFO - Started process (PID=1099) to work on /opt/airflow/dags/my_dag.py
[2021-10-29 00:48:57,809] {processor.py:620} INFO - Processing file /opt/airflow/dags/my_dag.py for tasks to queue
[2021-10-29 00:48:57,816] {logging_mixin.py:109} INFO - [2021-10-29 00:48:57,816] {dagbag.py:500} INFO - Filling up the DagBag from /opt/airflow/dags/my_dag.py
[2021-10-29 00:48:58,082] {processor.py:632} INFO - DAG(s) dict_keys(['my_dag']) retrieved from /opt/airflow/dags/my_dag.py
[2021-10-29 00:48:58,184] {logging_mixin.py:109} INFO - [2021-10-29 00:48:58,184] {dag.py:2389} INFO - Sync 1 DAGs
[2021-10-29 00:48:58,411] {logging_mixin.py:109} INFO - [2021-10-29 00:48:58,411] {dag.py:2914} INFO - Setting next_dagrun for my_dag to 2021-10-28 00:00:00+00:00
[2021-10-29 00:48:58,504] {processor.py:171} INFO - Processing /opt/airflow/dags/my_dag.py took 0.747 seconds
[2021-10-29 00:49:28,644] {processor.py:163} INFO - Started process (PID=1154) to work on /opt/airflow/dags/my_dag.py
[2021-10-29 00:49:28,645] {processor.py:620} INFO - Processing file /opt/airflow/dags/my_dag.py for tasks to queue
[2021-10-29 00:49:28,646] {logging_mixin.py:109} INFO - [2021-10-29 00:49:28,646] {dagbag.py:500} INFO - Filling up the DagBag from /opt/airflow/dags/my_dag.py
[2021-10-29 00:49:28,708] {processor.py:632} INFO - DAG(s) dict_keys(['my_dag']) retrieved from /opt/airflow/dags/my_dag.py
[2021-10-29 00:49:28,728] {logging_mixin.py:109} INFO - [2021-10-29 00:49:28,728] {dag.py:2389} INFO - Sync 1 DAGs
[2021-10-29 00:49:28,751] {logging_mixin.py:109} INFO - [2021-10-29 00:49:28,751] {dag.py:2914} INFO - Setting next_dagrun for my_dag to 2021-10-28 00:00:00+00:00
[2021-10-29 00:49:28,760] {processor.py:171} INFO - Processing /opt/airflow/dags/my_dag.py took 0.122 seconds
[2021-10-29 00:49:58,946] {processor.py:163} INFO - Started process (PID=1207) to work on /opt/airflow/dags/my_dag.py
[2021-10-29 00:49:58,959] {processor.py:620} INFO - Processing file /opt/airflow/dags/my_dag.py for tasks to queue
[2021-10-29 00:49:58,960] {logging_mixin.py:109} INFO - [2021-10-29 00:49:58,960] {dagbag.py:500} INFO - Filling up the DagBag from /opt/airflow/dags/my_dag.py
[2021-10-29 00:49:59,406] {processor.py:632} INFO - DAG(s) dict_keys(['my_dag']) retrieved from /opt/airflow/dags/my_dag.py
[2021-10-29 00:49:59,515] {logging_mixin.py:109} INFO - [2021-10-29 00:49:59,515] {dag.py:2389} INFO - Sync 1 DAGs
[2021-10-29 00:49:59,616] {logging_mixin.py:109} INFO - [2021-10-29 00:49:59,616] {dag.py:2914} INFO - Setting next_dagrun for my_dag to 2021-10-28 00:00:00+00:00
[2021-10-29 00:49:59,702] {processor.py:171} INFO - Processing /opt/airflow/dags/my_dag.py took 0.759 seconds
[2021-10-29 00:50:30,449] {processor.py:163} INFO - Started process (PID=1251) to work on /opt/airflow/dags/my_dag.py
[2021-10-29 00:50:30,470] {processor.py:620} INFO - Processing file /opt/airflow/dags/my_dag.py for tasks to queue
[2021-10-29 00:50:30,474] {logging_mixin.py:109} INFO - [2021-10-29 00:50:30,474] {dagbag.py:500} INFO - Filling up the DagBag from /opt/airflow/dags/my_dag.py
[2021-10-29 00:50:30,631] {processor.py:632} INFO - DAG(s) dict_keys(['my_dag']) retrieved from /opt/airflow/dags/my_dag.py
[2021-10-29 00:50:30,666] {logging_mixin.py:109} INFO - [2021-10-29 00:50:30,666] {dag.py:2389} INFO - Sync 1 DAGs
[2021-10-29 00:50:30,728] {logging_mixin.py:109} INFO - [2021-10-29 00:50:30,728] {dag.py:2914} INFO - Setting next_dagrun for my_dag to 2021-10-28 00:00:00+00:00
[2021-10-29 00:50:30,758] {processor.py:171} INFO - Processing /opt/airflow/dags/my_dag.py took 0.312 seconds
[2021-10-29 00:51:01,047] {processor.py:163} INFO - Started process (PID=1304) to work on /opt/airflow/dags/my_dag.py
[2021-10-29 00:51:01,079] {processor.py:620} INFO - Processing file /opt/airflow/dags/my_dag.py for tasks to queue
[2021-10-29 00:51:01,079] {logging_mixin.py:109} INFO - [2021-10-29 00:51:01,079] {dagbag.py:500} INFO - Filling up the DagBag from /opt/airflow/dags/my_dag.py
[2021-10-29 00:51:01,221] {processor.py:632} INFO - DAG(s) dict_keys(['my_dag']) retrieved from /opt/airflow/dags/my_dag.py
[2021-10-29 00:51:01,269] {logging_mixin.py:109} INFO - [2021-10-29 00:51:01,269] {dag.py:2389} INFO - Sync 1 DAGs
[2021-10-29 00:51:01,336] {logging_mixin.py:109} INFO - [2021-10-29 00:51:01,336] {dag.py:2914} INFO - Setting next_dagrun for my_dag to 2021-10-28 00:00:00+00:00
[2021-10-29 00:51:01,363] {processor.py:171} INFO - Processing /opt/airflow/dags/my_dag.py took 0.319 seconds
[2021-10-29 00:51:03,712] {processor.py:163} INFO - Started process (PID=1307) to work on /opt/airflow/dags/my_dag.py
[2021-10-29 00:51:03,725] {processor.py:620} INFO - Processing file /opt/airflow/dags/my_dag.py for tasks to queue
[2021-10-29 00:51:03,737] {logging_mixin.py:109} INFO - [2021-10-29 00:51:03,737] {dagbag.py:500} INFO - Filling up the DagBag from /opt/airflow/dags/my_dag.py
[2021-10-29 00:51:04,522] {processor.py:632} INFO - DAG(s) dict_keys(['my_dag']) retrieved from /opt/airflow/dags/my_dag.py
[2021-10-29 00:51:04,774] {logging_mixin.py:109} INFO - [2021-10-29 00:51:04,774] {dag.py:2389} INFO - Sync 1 DAGs
[2021-10-29 00:51:05,044] {logging_mixin.py:109} INFO - [2021-10-29 00:51:05,043] {dag.py:2914} INFO - Setting next_dagrun for my_dag to 2021-10-28 00:00:00+00:00
[2021-10-29 00:51:05,208] {processor.py:171} INFO - Processing /opt/airflow/dags/my_dag.py took 1.527 seconds
[2021-10-29 00:51:13,469] {processor.py:163} INFO - Started process (PID=1325) to work on /opt/airflow/dags/my_dag.py
[2021-10-29 00:51:13,478] {processor.py:620} INFO - Processing file /opt/airflow/dags/my_dag.py for tasks to queue
[2021-10-29 00:51:13,479] {logging_mixin.py:109} INFO - [2021-10-29 00:51:13,478] {dagbag.py:500} INFO - Filling up the DagBag from /opt/airflow/dags/my_dag.py
[2021-10-29 00:51:13,553] {processor.py:632} INFO - DAG(s) dict_keys(['my_dag']) retrieved from /opt/airflow/dags/my_dag.py
[2021-10-29 00:51:13,574] {logging_mixin.py:109} INFO - [2021-10-29 00:51:13,574] {dag.py:2389} INFO - Sync 1 DAGs
[2021-10-29 00:51:13,610] {logging_mixin.py:109} INFO - [2021-10-29 00:51:13,609] {dag.py:2914} INFO - Setting next_dagrun for my_dag to 2021-10-28 00:00:00+00:00
[2021-10-29 00:51:13,641] {processor.py:171} INFO - Processing /opt/airflow/dags/my_dag.py took 0.181 seconds
[2021-10-29 00:51:43,900] {processor.py:163} INFO - Started process (PID=1379) to work on /opt/airflow/dags/my_dag.py
[2021-10-29 00:51:43,922] {processor.py:620} INFO - Processing file /opt/airflow/dags/my_dag.py for tasks to queue
[2021-10-29 00:51:43,923] {logging_mixin.py:109} INFO - [2021-10-29 00:51:43,922] {dagbag.py:500} INFO - Filling up the DagBag from /opt/airflow/dags/my_dag.py
[2021-10-29 00:51:44,006] {processor.py:632} INFO - DAG(s) dict_keys(['my_dag']) retrieved from /opt/airflow/dags/my_dag.py
[2021-10-29 00:51:44,035] {logging_mixin.py:109} INFO - [2021-10-29 00:51:44,035] {dag.py:2389} INFO - Sync 1 DAGs
[2021-10-29 00:51:44,091] {logging_mixin.py:109} INFO - [2021-10-29 00:51:44,091] {dag.py:2914} INFO - Setting next_dagrun for my_dag to 2021-10-28 00:00:00+00:00
[2021-10-29 00:51:44,100] {processor.py:171} INFO - Processing /opt/airflow/dags/my_dag.py took 0.203 seconds
[2021-10-29 00:52:14,893] {processor.py:163} INFO - Started process (PID=1433) to work on /opt/airflow/dags/my_dag.py
[2021-10-29 00:52:14,911] {processor.py:620} INFO - Processing file /opt/airflow/dags/my_dag.py for tasks to queue
[2021-10-29 00:52:14,912] {logging_mixin.py:109} INFO - [2021-10-29 00:52:14,912] {dagbag.py:500} INFO - Filling up the DagBag from /opt/airflow/dags/my_dag.py
[2021-10-29 00:52:15,050] {processor.py:632} INFO - DAG(s) dict_keys(['my_dag']) retrieved from /opt/airflow/dags/my_dag.py
[2021-10-29 00:52:15,115] {logging_mixin.py:109} INFO - [2021-10-29 00:52:15,115] {dag.py:2389} INFO - Sync 1 DAGs
[2021-10-29 00:52:15,172] {logging_mixin.py:109} INFO - [2021-10-29 00:52:15,172] {dag.py:2914} INFO - Setting next_dagrun for my_dag to 2021-10-28 00:00:00+00:00
[2021-10-29 00:52:15,208] {processor.py:171} INFO - Processing /opt/airflow/dags/my_dag.py took 0.318 seconds
[2021-10-29 00:52:46,006] {processor.py:163} INFO - Started process (PID=1487) to work on /opt/airflow/dags/my_dag.py
[2021-10-29 00:52:46,018] {processor.py:620} INFO - Processing file /opt/airflow/dags/my_dag.py for tasks to queue
[2021-10-29 00:52:46,018] {logging_mixin.py:109} INFO - [2021-10-29 00:52:46,018] {dagbag.py:500} INFO - Filling up the DagBag from /opt/airflow/dags/my_dag.py
[2021-10-29 00:52:46,103] {processor.py:632} INFO - DAG(s) dict_keys(['my_dag']) retrieved from /opt/airflow/dags/my_dag.py
[2021-10-29 00:52:46,130] {logging_mixin.py:109} INFO - [2021-10-29 00:52:46,130] {dag.py:2389} INFO - Sync 1 DAGs
[2021-10-29 00:52:46,153] {logging_mixin.py:109} INFO - [2021-10-29 00:52:46,153] {dag.py:2914} INFO - Setting next_dagrun for my_dag to 2021-10-28 00:00:00+00:00
[2021-10-29 00:52:46,172] {processor.py:171} INFO - Processing /opt/airflow/dags/my_dag.py took 0.169 seconds
[2021-10-29 00:55:48,658] {processor.py:163} INFO - Started process (PID=84) to work on /opt/airflow/dags/my_dag.py
[2021-10-29 00:55:48,771] {processor.py:620} INFO - Processing file /opt/airflow/dags/my_dag.py for tasks to queue
[2021-10-29 00:55:48,772] {logging_mixin.py:109} INFO - [2021-10-29 00:55:48,772] {dagbag.py:500} INFO - Filling up the DagBag from /opt/airflow/dags/my_dag.py
[2021-10-29 00:55:49,738] {processor.py:632} INFO - DAG(s) dict_keys(['my_dag']) retrieved from /opt/airflow/dags/my_dag.py
[2021-10-29 00:55:49,759] {logging_mixin.py:109} INFO - [2021-10-29 00:55:49,758] {dag.py:2389} INFO - Sync 1 DAGs
[2021-10-29 00:55:49,857] {logging_mixin.py:109} INFO - [2021-10-29 00:55:49,857] {dag.py:2914} INFO - Setting next_dagrun for my_dag to 2021-10-28 00:00:00+00:00
[2021-10-29 00:55:49,878] {processor.py:171} INFO - Processing /opt/airflow/dags/my_dag.py took 1.223 seconds
[2021-10-29 00:56:20,423] {processor.py:163} INFO - Started process (PID=96) to work on /opt/airflow/dags/my_dag.py
[2021-10-29 00:56:20,454] {processor.py:620} INFO - Processing file /opt/airflow/dags/my_dag.py for tasks to queue
[2021-10-29 00:56:20,455] {logging_mixin.py:109} INFO - [2021-10-29 00:56:20,455] {dagbag.py:500} INFO - Filling up the DagBag from /opt/airflow/dags/my_dag.py
[2021-10-29 00:56:20,608] {processor.py:632} INFO - DAG(s) dict_keys(['my_dag']) retrieved from /opt/airflow/dags/my_dag.py
[2021-10-29 00:56:20,633] {logging_mixin.py:109} INFO - [2021-10-29 00:56:20,633] {dag.py:2389} INFO - Sync 1 DAGs
[2021-10-29 00:56:20,668] {logging_mixin.py:109} INFO - [2021-10-29 00:56:20,668] {dag.py:2914} INFO - Setting next_dagrun for my_dag to 2021-10-28 00:00:00+00:00
[2021-10-29 00:56:20,704] {processor.py:171} INFO - Processing /opt/airflow/dags/my_dag.py took 0.284 seconds
[2021-10-29 00:56:51,030] {processor.py:163} INFO - Started process (PID=116) to work on /opt/airflow/dags/my_dag.py
[2021-10-29 00:56:51,060] {processor.py:620} INFO - Processing file /opt/airflow/dags/my_dag.py for tasks to queue
[2021-10-29 00:56:51,077] {logging_mixin.py:109} INFO - [2021-10-29 00:56:51,077] {dagbag.py:500} INFO - Filling up the DagBag from /opt/airflow/dags/my_dag.py
[2021-10-29 00:56:51,431] {processor.py:632} INFO - DAG(s) dict_keys(['my_dag']) retrieved from /opt/airflow/dags/my_dag.py
[2021-10-29 00:56:51,477] {logging_mixin.py:109} INFO - [2021-10-29 00:56:51,477] {dag.py:2389} INFO - Sync 1 DAGs
[2021-10-29 00:56:51,543] {logging_mixin.py:109} INFO - [2021-10-29 00:56:51,543] {dag.py:2914} INFO - Setting next_dagrun for my_dag to 2021-10-28 00:00:00+00:00
[2021-10-29 00:56:51,605] {processor.py:171} INFO - Processing /opt/airflow/dags/my_dag.py took 0.650 seconds
[2021-10-29 00:57:21,873] {processor.py:163} INFO - Started process (PID=137) to work on /opt/airflow/dags/my_dag.py
[2021-10-29 00:57:21,875] {processor.py:620} INFO - Processing file /opt/airflow/dags/my_dag.py for tasks to queue
[2021-10-29 00:57:21,882] {logging_mixin.py:109} INFO - [2021-10-29 00:57:21,882] {dagbag.py:500} INFO - Filling up the DagBag from /opt/airflow/dags/my_dag.py
[2021-10-29 00:57:21,956] {processor.py:632} INFO - DAG(s) dict_keys(['my_dag']) retrieved from /opt/airflow/dags/my_dag.py
[2021-10-29 00:57:21,979] {logging_mixin.py:109} INFO - [2021-10-29 00:57:21,979] {dag.py:2389} INFO - Sync 1 DAGs
[2021-10-29 00:57:22,033] {logging_mixin.py:109} INFO - [2021-10-29 00:57:22,033] {dag.py:2914} INFO - Setting next_dagrun for my_dag to 2021-10-28 00:00:00+00:00
[2021-10-29 00:57:22,046] {processor.py:171} INFO - Processing /opt/airflow/dags/my_dag.py took 0.188 seconds
[2021-10-29 00:57:52,267] {processor.py:163} INFO - Started process (PID=158) to work on /opt/airflow/dags/my_dag.py
[2021-10-29 00:57:52,269] {processor.py:620} INFO - Processing file /opt/airflow/dags/my_dag.py for tasks to queue
[2021-10-29 00:57:52,270] {logging_mixin.py:109} INFO - [2021-10-29 00:57:52,270] {dagbag.py:500} INFO - Filling up the DagBag from /opt/airflow/dags/my_dag.py
[2021-10-29 00:57:52,324] {processor.py:632} INFO - DAG(s) dict_keys(['my_dag']) retrieved from /opt/airflow/dags/my_dag.py
[2021-10-29 00:57:52,351] {logging_mixin.py:109} INFO - [2021-10-29 00:57:52,351] {dag.py:2389} INFO - Sync 1 DAGs
[2021-10-29 00:57:52,373] {logging_mixin.py:109} INFO - [2021-10-29 00:57:52,373] {dag.py:2914} INFO - Setting next_dagrun for my_dag to 2021-10-28 00:00:00+00:00
[2021-10-29 00:57:52,392] {processor.py:171} INFO - Processing /opt/airflow/dags/my_dag.py took 0.128 seconds
[2021-10-29 00:58:22,458] {processor.py:163} INFO - Started process (PID=188) to work on /opt/airflow/dags/my_dag.py
[2021-10-29 00:58:22,473] {processor.py:620} INFO - Processing file /opt/airflow/dags/my_dag.py for tasks to queue
[2021-10-29 00:58:22,473] {logging_mixin.py:109} INFO - [2021-10-29 00:58:22,473] {dagbag.py:500} INFO - Filling up the DagBag from /opt/airflow/dags/my_dag.py
[2021-10-29 00:58:22,537] {processor.py:632} INFO - DAG(s) dict_keys(['my_dag']) retrieved from /opt/airflow/dags/my_dag.py
[2021-10-29 00:58:22,560] {logging_mixin.py:109} INFO - [2021-10-29 00:58:22,560] {dag.py:2389} INFO - Sync 1 DAGs
[2021-10-29 00:58:22,587] {logging_mixin.py:109} INFO - [2021-10-29 00:58:22,587] {dag.py:2914} INFO - Setting next_dagrun for my_dag to 2021-10-28 00:00:00+00:00
[2021-10-29 00:58:22,599] {processor.py:171} INFO - Processing /opt/airflow/dags/my_dag.py took 0.144 seconds
[2021-10-29 00:58:52,821] {processor.py:163} INFO - Started process (PID=208) to work on /opt/airflow/dags/my_dag.py
[2021-10-29 00:58:52,823] {processor.py:620} INFO - Processing file /opt/airflow/dags/my_dag.py for tasks to queue
[2021-10-29 00:58:52,824] {logging_mixin.py:109} INFO - [2021-10-29 00:58:52,824] {dagbag.py:500} INFO - Filling up the DagBag from /opt/airflow/dags/my_dag.py
[2021-10-29 00:58:52,854] {processor.py:632} INFO - DAG(s) dict_keys(['my_dag']) retrieved from /opt/airflow/dags/my_dag.py
[2021-10-29 00:58:52,874] {logging_mixin.py:109} INFO - [2021-10-29 00:58:52,873] {dag.py:2389} INFO - Sync 1 DAGs
[2021-10-29 00:58:52,905] {logging_mixin.py:109} INFO - [2021-10-29 00:58:52,905] {dag.py:2914} INFO - Setting next_dagrun for my_dag to 2021-10-28 00:00:00+00:00
[2021-10-29 00:58:52,915] {processor.py:171} INFO - Processing /opt/airflow/dags/my_dag.py took 0.097 seconds
[2021-10-29 00:59:23,074] {processor.py:163} INFO - Started process (PID=229) to work on /opt/airflow/dags/my_dag.py
[2021-10-29 00:59:23,077] {processor.py:620} INFO - Processing file /opt/airflow/dags/my_dag.py for tasks to queue
[2021-10-29 00:59:23,078] {logging_mixin.py:109} INFO - [2021-10-29 00:59:23,078] {dagbag.py:500} INFO - Filling up the DagBag from /opt/airflow/dags/my_dag.py
[2021-10-29 00:59:23,136] {processor.py:632} INFO - DAG(s) dict_keys(['my_dag']) retrieved from /opt/airflow/dags/my_dag.py
[2021-10-29 00:59:23,156] {logging_mixin.py:109} INFO - [2021-10-29 00:59:23,156] {dag.py:2389} INFO - Sync 1 DAGs
[2021-10-29 00:59:23,184] {logging_mixin.py:109} INFO - [2021-10-29 00:59:23,183] {dag.py:2914} INFO - Setting next_dagrun for my_dag to 2021-10-28 00:00:00+00:00
[2021-10-29 00:59:23,199] {processor.py:171} INFO - Processing /opt/airflow/dags/my_dag.py took 0.128 seconds
[2021-10-29 00:59:53,302] {processor.py:163} INFO - Started process (PID=249) to work on /opt/airflow/dags/my_dag.py
[2021-10-29 00:59:53,304] {processor.py:620} INFO - Processing file /opt/airflow/dags/my_dag.py for tasks to queue
[2021-10-29 00:59:53,305] {logging_mixin.py:109} INFO - [2021-10-29 00:59:53,304] {dagbag.py:500} INFO - Filling up the DagBag from /opt/airflow/dags/my_dag.py
[2021-10-29 00:59:53,331] {processor.py:632} INFO - DAG(s) dict_keys(['my_dag']) retrieved from /opt/airflow/dags/my_dag.py
[2021-10-29 00:59:53,341] {logging_mixin.py:109} INFO - [2021-10-29 00:59:53,341] {dag.py:2389} INFO - Sync 1 DAGs
[2021-10-29 00:59:53,358] {logging_mixin.py:109} INFO - [2021-10-29 00:59:53,358] {dag.py:2914} INFO - Setting next_dagrun for my_dag to 2021-10-28 00:00:00+00:00
[2021-10-29 00:59:53,368] {processor.py:171} INFO - Processing /opt/airflow/dags/my_dag.py took 0.069 seconds
[2021-10-29 01:00:23,508] {processor.py:163} INFO - Started process (PID=278) to work on /opt/airflow/dags/my_dag.py
[2021-10-29 01:00:23,510] {processor.py:620} INFO - Processing file /opt/airflow/dags/my_dag.py for tasks to queue
[2021-10-29 01:00:23,511] {logging_mixin.py:109} INFO - [2021-10-29 01:00:23,511] {dagbag.py:500} INFO - Filling up the DagBag from /opt/airflow/dags/my_dag.py
[2021-10-29 01:00:23,538] {processor.py:632} INFO - DAG(s) dict_keys(['my_dag']) retrieved from /opt/airflow/dags/my_dag.py
[2021-10-29 01:00:23,548] {logging_mixin.py:109} INFO - [2021-10-29 01:00:23,548] {dag.py:2389} INFO - Sync 1 DAGs
[2021-10-29 01:00:23,565] {logging_mixin.py:109} INFO - [2021-10-29 01:00:23,565] {dag.py:2914} INFO - Setting next_dagrun for my_dag to 2021-10-28 00:00:00+00:00
[2021-10-29 01:00:23,579] {processor.py:171} INFO - Processing /opt/airflow/dags/my_dag.py took 0.074 seconds
[2021-10-29 01:00:53,983] {processor.py:163} INFO - Started process (PID=299) to work on /opt/airflow/dags/my_dag.py
[2021-10-29 01:00:53,986] {processor.py:620} INFO - Processing file /opt/airflow/dags/my_dag.py for tasks to queue
[2021-10-29 01:00:53,992] {logging_mixin.py:109} INFO - [2021-10-29 01:00:53,991] {dagbag.py:500} INFO - Filling up the DagBag from /opt/airflow/dags/my_dag.py
[2021-10-29 01:00:54,057] {processor.py:632} INFO - DAG(s) dict_keys(['my_dag']) retrieved from /opt/airflow/dags/my_dag.py
[2021-10-29 01:00:54,078] {logging_mixin.py:109} INFO - [2021-10-29 01:00:54,078] {dag.py:2389} INFO - Sync 1 DAGs
[2021-10-29 01:00:54,095] {logging_mixin.py:109} INFO - [2021-10-29 01:00:54,094] {dag.py:2914} INFO - Setting next_dagrun for my_dag to 2021-10-28 00:00:00+00:00
[2021-10-29 01:00:54,114] {processor.py:171} INFO - Processing /opt/airflow/dags/my_dag.py took 0.134 seconds
[2021-10-29 01:01:24,277] {processor.py:163} INFO - Started process (PID=319) to work on /opt/airflow/dags/my_dag.py
[2021-10-29 01:01:24,305] {processor.py:620} INFO - Processing file /opt/airflow/dags/my_dag.py for tasks to queue
[2021-10-29 01:01:24,305] {logging_mixin.py:109} INFO - [2021-10-29 01:01:24,305] {dagbag.py:500} INFO - Filling up the DagBag from /opt/airflow/dags/my_dag.py
[2021-10-29 01:01:24,411] {processor.py:632} INFO - DAG(s) dict_keys(['my_dag']) retrieved from /opt/airflow/dags/my_dag.py
[2021-10-29 01:01:24,447] {logging_mixin.py:109} INFO - [2021-10-29 01:01:24,447] {dag.py:2389} INFO - Sync 1 DAGs
[2021-10-29 01:01:24,521] {logging_mixin.py:109} INFO - [2021-10-29 01:01:24,521] {dag.py:2914} INFO - Setting next_dagrun for my_dag to 2021-10-28 00:00:00+00:00
[2021-10-29 01:01:24,543] {processor.py:171} INFO - Processing /opt/airflow/dags/my_dag.py took 0.269 seconds
[2021-10-29 01:01:54,742] {processor.py:163} INFO - Started process (PID=339) to work on /opt/airflow/dags/my_dag.py
[2021-10-29 01:01:54,744] {processor.py:620} INFO - Processing file /opt/airflow/dags/my_dag.py for tasks to queue
[2021-10-29 01:01:54,745] {logging_mixin.py:109} INFO - [2021-10-29 01:01:54,745] {dagbag.py:500} INFO - Filling up the DagBag from /opt/airflow/dags/my_dag.py
[2021-10-29 01:01:54,829] {processor.py:632} INFO - DAG(s) dict_keys(['my_dag']) retrieved from /opt/airflow/dags/my_dag.py
[2021-10-29 01:01:54,862] {logging_mixin.py:109} INFO - [2021-10-29 01:01:54,862] {dag.py:2389} INFO - Sync 1 DAGs
[2021-10-29 01:01:54,901] {logging_mixin.py:109} INFO - [2021-10-29 01:01:54,901] {dag.py:2914} INFO - Setting next_dagrun for my_dag to 2021-10-28 00:00:00+00:00
[2021-10-29 01:01:54,933] {processor.py:171} INFO - Processing /opt/airflow/dags/my_dag.py took 0.205 seconds
[2021-10-29 01:02:25,179] {processor.py:163} INFO - Started process (PID=360) to work on /opt/airflow/dags/my_dag.py
[2021-10-29 01:02:25,181] {processor.py:620} INFO - Processing file /opt/airflow/dags/my_dag.py for tasks to queue
[2021-10-29 01:02:25,182] {logging_mixin.py:109} INFO - [2021-10-29 01:02:25,182] {dagbag.py:500} INFO - Filling up the DagBag from /opt/airflow/dags/my_dag.py
[2021-10-29 01:02:25,210] {processor.py:632} INFO - DAG(s) dict_keys(['my_dag']) retrieved from /opt/airflow/dags/my_dag.py
[2021-10-29 01:02:25,221] {logging_mixin.py:109} INFO - [2021-10-29 01:02:25,221] {dag.py:2389} INFO - Sync 1 DAGs
[2021-10-29 01:02:25,238] {logging_mixin.py:109} INFO - [2021-10-29 01:02:25,238] {dag.py:2914} INFO - Setting next_dagrun for my_dag to 2021-10-28 00:00:00+00:00
[2021-10-29 01:02:25,249] {processor.py:171} INFO - Processing /opt/airflow/dags/my_dag.py took 0.073 seconds
[2021-10-29 01:02:55,355] {processor.py:163} INFO - Started process (PID=389) to work on /opt/airflow/dags/my_dag.py
[2021-10-29 01:02:55,357] {processor.py:620} INFO - Processing file /opt/airflow/dags/my_dag.py for tasks to queue
[2021-10-29 01:02:55,358] {logging_mixin.py:109} INFO - [2021-10-29 01:02:55,358] {dagbag.py:500} INFO - Filling up the DagBag from /opt/airflow/dags/my_dag.py
[2021-10-29 01:02:55,385] {processor.py:632} INFO - DAG(s) dict_keys(['my_dag']) retrieved from /opt/airflow/dags/my_dag.py
[2021-10-29 01:02:55,398] {logging_mixin.py:109} INFO - [2021-10-29 01:02:55,398] {dag.py:2389} INFO - Sync 1 DAGs
[2021-10-29 01:02:55,415] {logging_mixin.py:109} INFO - [2021-10-29 01:02:55,415] {dag.py:2914} INFO - Setting next_dagrun for my_dag to 2021-10-28 00:00:00+00:00
[2021-10-29 01:02:55,429] {processor.py:171} INFO - Processing /opt/airflow/dags/my_dag.py took 0.076 seconds
[2021-10-29 01:03:25,733] {processor.py:163} INFO - Started process (PID=409) to work on /opt/airflow/dags/my_dag.py
[2021-10-29 01:03:25,738] {processor.py:620} INFO - Processing file /opt/airflow/dags/my_dag.py for tasks to queue
[2021-10-29 01:03:25,739] {logging_mixin.py:109} INFO - [2021-10-29 01:03:25,739] {dagbag.py:500} INFO - Filling up the DagBag from /opt/airflow/dags/my_dag.py
[2021-10-29 01:03:25,765] {processor.py:632} INFO - DAG(s) dict_keys(['my_dag']) retrieved from /opt/airflow/dags/my_dag.py
[2021-10-29 01:03:25,775] {logging_mixin.py:109} INFO - [2021-10-29 01:03:25,775] {dag.py:2389} INFO - Sync 1 DAGs
[2021-10-29 01:03:25,793] {logging_mixin.py:109} INFO - [2021-10-29 01:03:25,793] {dag.py:2914} INFO - Setting next_dagrun for my_dag to 2021-10-28 00:00:00+00:00
[2021-10-29 01:03:25,807] {processor.py:171} INFO - Processing /opt/airflow/dags/my_dag.py took 0.076 seconds
