[2021-10-29 05:06:34,433] {taskinstance.py:1035} INFO - Dependencies all met for <TaskInstance: branching.choose_best_model manual__2021-10-29T05:06:31.133934+00:00 [queued]>
[2021-10-29 05:06:34,458] {taskinstance.py:1035} INFO - Dependencies all met for <TaskInstance: branching.choose_best_model scheduled__2021-10-28T00:00:00+00:00 [queued]>
[2021-10-29 05:06:34,630] {taskinstance.py:1035} INFO - Dependencies all met for <TaskInstance: branching.choose_best_model manual__2021-10-29T05:06:31.133934+00:00 [queued]>
[2021-10-29 05:06:34,644] {taskinstance.py:1035} INFO - Dependencies all met for <TaskInstance: branching.choose_best_model scheduled__2021-10-28T00:00:00+00:00 [queued]>
[2021-10-29 05:06:34,644] {taskinstance.py:1241} INFO - 
--------------------------------------------------------------------------------
[2021-10-29 05:06:34,644] {taskinstance.py:1242} INFO - Starting attempt 1 of 1
[2021-10-29 05:06:34,644] {taskinstance.py:1243} INFO - 
--------------------------------------------------------------------------------
[2021-10-29 05:06:34,666] {taskinstance.py:1241} INFO - 
--------------------------------------------------------------------------------
[2021-10-29 05:06:34,666] {taskinstance.py:1242} INFO - Starting attempt 1 of 1
[2021-10-29 05:06:34,666] {taskinstance.py:1243} INFO - 
--------------------------------------------------------------------------------
[2021-10-29 05:06:34,761] {taskinstance.py:1262} INFO - Executing <Task(BranchPythonOperator): choose_best_model> on 2021-10-29 05:06:31.133934+00:00
[2021-10-29 05:06:34,804] {taskinstance.py:1262} INFO - Executing <Task(BranchPythonOperator): choose_best_model> on 2021-10-28 00:00:00+00:00
[2021-10-29 05:06:34,833] {standard_task_runner.py:52} INFO - Started process 9394 to run task
[2021-10-29 05:06:34,901] {standard_task_runner.py:76} INFO - Running: ['***', 'tasks', 'run', 'branching', 'choose_best_model', 'scheduled__2021-10-28T00:00:00+00:00', '--job-id', '42', '--raw', '--subdir', 'DAGS_FOLDER/branching_dag.py', '--cfg-path', '/tmp/tmpw8e6i1kl', '--error-file', '/tmp/tmp5p18pjxe']
[2021-10-29 05:06:34,926] {standard_task_runner.py:76} INFO - Running: ['***', 'tasks', 'run', 'branching', 'choose_best_model', 'manual__2021-10-29T05:06:31.133934+00:00', '--job-id', '41', '--raw', '--subdir', 'DAGS_FOLDER/branching_dag.py', '--cfg-path', '/tmp/tmp6ne795m2', '--error-file', '/tmp/tmpkbvvwpcx']
[2021-10-29 05:06:34,928] {standard_task_runner.py:77} INFO - Job 41: Subtask choose_best_model
[2021-10-29 05:06:34,932] {standard_task_runner.py:77} INFO - Job 42: Subtask choose_best_model
[2021-10-29 05:06:34,881] {standard_task_runner.py:52} INFO - Started process 9395 to run task
[2021-10-29 05:06:35,230] {logging_mixin.py:109} INFO - Running <TaskInstance: branching.choose_best_model manual__2021-10-29T05:06:31.133934+00:00 [running]> on host 28ad64d5edf5
[2021-10-29 05:06:35,244] {logging_mixin.py:109} INFO - Running <TaskInstance: branching.choose_best_model scheduled__2021-10-28T00:00:00+00:00 [running]> on host 28ad64d5edf5
[2021-10-29 05:06:35,931] {taskinstance.py:1414} INFO - Exporting the following env vars:
AIRFLOW_CTX_DAG_OWNER=***
AIRFLOW_CTX_DAG_ID=branching
AIRFLOW_CTX_TASK_ID=choose_best_model
AIRFLOW_CTX_EXECUTION_DATE=2021-10-28T00:00:00+00:00
AIRFLOW_CTX_DAG_RUN_ID=scheduled__2021-10-28T00:00:00+00:00
[2021-10-29 05:06:35,932] {python.py:152} INFO - Done. Returned value was: accurate
[2021-10-29 05:06:35,932] {skipmixin.py:143} INFO - Following branch accurate
[2021-10-29 05:06:35,932] {skipmixin.py:174} INFO - Skipping tasks ['inaccurate']
[2021-10-29 05:06:35,967] {taskinstance.py:1414} INFO - Exporting the following env vars:
AIRFLOW_CTX_DAG_OWNER=***
AIRFLOW_CTX_DAG_ID=branching
AIRFLOW_CTX_TASK_ID=choose_best_model
AIRFLOW_CTX_EXECUTION_DATE=2021-10-29T05:06:31.133934+00:00
AIRFLOW_CTX_DAG_RUN_ID=manual__2021-10-29T05:06:31.133934+00:00
[2021-10-29 05:06:35,968] {python.py:152} INFO - Done. Returned value was: accurate
[2021-10-29 05:06:35,972] {skipmixin.py:143} INFO - Following branch accurate
[2021-10-29 05:06:35,972] {skipmixin.py:174} INFO - Skipping tasks ['inaccurate']
[2021-10-29 05:06:36,706] {taskinstance.py:1280} INFO - Marking task as SUCCESS. dag_id=branching, task_id=choose_best_model, execution_date=20211029T050631, start_date=20211029T050634, end_date=20211029T050636
[2021-10-29 05:06:36,715] {taskinstance.py:1280} INFO - Marking task as SUCCESS. dag_id=branching, task_id=choose_best_model, execution_date=20211028T000000, start_date=20211029T050634, end_date=20211029T050636
[2021-10-29 05:06:36,894] {local_task_job.py:154} INFO - Task exited with return code 0
[2021-10-29 05:06:36,955] {local_task_job.py:154} INFO - Task exited with return code 0
[2021-10-29 05:06:37,294] {local_task_job.py:264} INFO - 1 downstream tasks scheduled from follow-on schedule check
[2021-10-29 05:06:37,421] {local_task_job.py:264} INFO - 1 downstream tasks scheduled from follow-on schedule check
[2021-10-29 05:30:27,656] {taskinstance.py:1035} INFO - Dependencies all met for <TaskInstance: branching.choose_best_model manual__2021-10-29T05:30:26.198844+00:00 [queued]>
[2021-10-29 05:30:27,701] {taskinstance.py:1035} INFO - Dependencies all met for <TaskInstance: branching.choose_best_model manual__2021-10-29T05:30:26.198844+00:00 [queued]>
[2021-10-29 05:30:27,702] {taskinstance.py:1241} INFO - 
--------------------------------------------------------------------------------
[2021-10-29 05:30:27,702] {taskinstance.py:1242} INFO - Starting attempt 1 of 1
[2021-10-29 05:30:27,702] {taskinstance.py:1243} INFO - 
--------------------------------------------------------------------------------
[2021-10-29 05:30:27,735] {taskinstance.py:1262} INFO - Executing <Task(BranchPythonOperator): choose_best_model> on 2021-10-29 05:30:26.198844+00:00
[2021-10-29 05:30:27,765] {standard_task_runner.py:76} INFO - Running: ['***', 'tasks', 'run', 'branching', 'choose_best_model', 'manual__2021-10-29T05:30:26.198844+00:00', '--job-id', '43', '--raw', '--subdir', 'DAGS_FOLDER/branching_dag.py', '--cfg-path', '/tmp/tmp59rq45ro', '--error-file', '/tmp/tmpdwrz3ohb']
[2021-10-29 05:30:27,766] {standard_task_runner.py:77} INFO - Job 43: Subtask choose_best_model
[2021-10-29 05:30:27,744] {standard_task_runner.py:52} INFO - Started process 10163 to run task
[2021-10-29 05:30:27,865] {logging_mixin.py:109} INFO - Running <TaskInstance: branching.choose_best_model manual__2021-10-29T05:30:26.198844+00:00 [running]> on host 28ad64d5edf5
[2021-10-29 05:30:27,962] {taskinstance.py:1414} INFO - Exporting the following env vars:
AIRFLOW_CTX_DAG_OWNER=***
AIRFLOW_CTX_DAG_ID=branching
AIRFLOW_CTX_TASK_ID=choose_best_model
AIRFLOW_CTX_EXECUTION_DATE=2021-10-29T05:30:26.198844+00:00
AIRFLOW_CTX_DAG_RUN_ID=manual__2021-10-29T05:30:26.198844+00:00
[2021-10-29 05:30:27,962] {python.py:152} INFO - Done. Returned value was: accurate
[2021-10-29 05:30:27,962] {skipmixin.py:143} INFO - Following branch accurate
[2021-10-29 05:30:27,963] {skipmixin.py:174} INFO - Skipping tasks ['inaccurate']
[2021-10-29 05:30:28,044] {taskinstance.py:1280} INFO - Marking task as SUCCESS. dag_id=branching, task_id=choose_best_model, execution_date=20211029T053026, start_date=20211029T053027, end_date=20211029T053028
[2021-10-29 05:30:28,115] {local_task_job.py:154} INFO - Task exited with return code 0
[2021-10-29 05:30:28,248] {local_task_job.py:264} INFO - 1 downstream tasks scheduled from follow-on schedule check
