[2021-10-29 02:41:52,100] {taskinstance.py:1035} INFO - Dependencies all met for <TaskInstance: xcom_dag.downloading_data scheduled__2021-10-28T00:00:00+00:00 [queued]>
[2021-10-29 02:41:52,146] {taskinstance.py:1035} INFO - Dependencies all met for <TaskInstance: xcom_dag.downloading_data scheduled__2021-10-28T00:00:00+00:00 [queued]>
[2021-10-29 02:41:52,146] {taskinstance.py:1241} INFO - 
--------------------------------------------------------------------------------
[2021-10-29 02:41:52,146] {taskinstance.py:1242} INFO - Starting attempt 1 of 1
[2021-10-29 02:41:52,146] {taskinstance.py:1243} INFO - 
--------------------------------------------------------------------------------
[2021-10-29 02:41:52,175] {taskinstance.py:1262} INFO - Executing <Task(BashOperator): downloading_data> on 2021-10-28 00:00:00+00:00
[2021-10-29 02:41:52,179] {standard_task_runner.py:52} INFO - Started process 3818 to run task
[2021-10-29 02:41:52,202] {standard_task_runner.py:76} INFO - Running: ['***', 'tasks', 'run', 'xcom_dag', 'downloading_data', 'scheduled__2021-10-28T00:00:00+00:00', '--job-id', '31', '--raw', '--subdir', 'DAGS_FOLDER/xcom_dags.py', '--cfg-path', '/tmp/tmpwt0vvmjn', '--error-file', '/tmp/tmpejcsqvht']
[2021-10-29 02:41:52,207] {standard_task_runner.py:77} INFO - Job 31: Subtask downloading_data
[2021-10-29 02:41:52,299] {logging_mixin.py:109} INFO - Running <TaskInstance: xcom_dag.downloading_data scheduled__2021-10-28T00:00:00+00:00 [running]> on host 28ad64d5edf5
[2021-10-29 02:41:52,419] {taskinstance.py:1414} INFO - Exporting the following env vars:
AIRFLOW_CTX_DAG_OWNER=***
AIRFLOW_CTX_DAG_ID=xcom_dag
AIRFLOW_CTX_TASK_ID=downloading_data
AIRFLOW_CTX_EXECUTION_DATE=2021-10-28T00:00:00+00:00
AIRFLOW_CTX_DAG_RUN_ID=scheduled__2021-10-28T00:00:00+00:00
[2021-10-29 02:41:52,420] {subprocess.py:62} INFO - Tmp dir root location: 
 /tmp
[2021-10-29 02:41:52,420] {subprocess.py:74} INFO - Running command: ['bash', '-c', 'sleep 3']
[2021-10-29 02:41:52,461] {subprocess.py:85} INFO - Output:
[2021-10-29 02:41:55,494] {subprocess.py:93} INFO - Command exited with return code 0
[2021-10-29 02:41:55,547] {taskinstance.py:1280} INFO - Marking task as SUCCESS. dag_id=xcom_dag, task_id=downloading_data, execution_date=20211028T000000, start_date=20211029T024152, end_date=20211029T024155
[2021-10-29 02:41:55,620] {local_task_job.py:154} INFO - Task exited with return code 0
[2021-10-29 02:41:55,751] {local_task_job.py:264} INFO - 3 downstream tasks scheduled from follow-on schedule check
[2021-10-29 02:42:13,447] {taskinstance.py:1035} INFO - Dependencies all met for <TaskInstance: xcom_dag.downloading_data manual__2021-10-29T02:42:11.747219+00:00 [queued]>
[2021-10-29 02:42:13,543] {taskinstance.py:1035} INFO - Dependencies all met for <TaskInstance: xcom_dag.downloading_data manual__2021-10-29T02:42:11.747219+00:00 [queued]>
[2021-10-29 02:42:13,543] {taskinstance.py:1241} INFO - 
--------------------------------------------------------------------------------
[2021-10-29 02:42:13,543] {taskinstance.py:1242} INFO - Starting attempt 1 of 1
[2021-10-29 02:42:13,543] {taskinstance.py:1243} INFO - 
--------------------------------------------------------------------------------
[2021-10-29 02:42:13,616] {taskinstance.py:1262} INFO - Executing <Task(BashOperator): downloading_data> on 2021-10-29 02:42:11.747219+00:00
[2021-10-29 02:42:13,665] {standard_task_runner.py:76} INFO - Running: ['***', 'tasks', 'run', 'xcom_dag', 'downloading_data', 'manual__2021-10-29T02:42:11.747219+00:00', '--job-id', '36', '--raw', '--subdir', 'DAGS_FOLDER/xcom_dags.py', '--cfg-path', '/tmp/tmpxirod3lv', '--error-file', '/tmp/tmp0ok82b8t']
[2021-10-29 02:42:13,672] {standard_task_runner.py:77} INFO - Job 36: Subtask downloading_data
[2021-10-29 02:42:13,635] {standard_task_runner.py:52} INFO - Started process 3839 to run task
[2021-10-29 02:42:13,938] {logging_mixin.py:109} INFO - Running <TaskInstance: xcom_dag.downloading_data manual__2021-10-29T02:42:11.747219+00:00 [running]> on host 28ad64d5edf5
[2021-10-29 02:42:14,100] {taskinstance.py:1414} INFO - Exporting the following env vars:
AIRFLOW_CTX_DAG_OWNER=***
AIRFLOW_CTX_DAG_ID=xcom_dag
AIRFLOW_CTX_TASK_ID=downloading_data
AIRFLOW_CTX_EXECUTION_DATE=2021-10-29T02:42:11.747219+00:00
AIRFLOW_CTX_DAG_RUN_ID=manual__2021-10-29T02:42:11.747219+00:00
[2021-10-29 02:42:14,102] {subprocess.py:62} INFO - Tmp dir root location: 
 /tmp
[2021-10-29 02:42:14,122] {subprocess.py:74} INFO - Running command: ['bash', '-c', 'sleep 3']
[2021-10-29 02:42:14,164] {subprocess.py:85} INFO - Output:
[2021-10-29 02:42:17,181] {subprocess.py:93} INFO - Command exited with return code 0
[2021-10-29 02:42:17,223] {taskinstance.py:1280} INFO - Marking task as SUCCESS. dag_id=xcom_dag, task_id=downloading_data, execution_date=20211029T024211, start_date=20211029T024213, end_date=20211029T024217
[2021-10-29 02:42:17,344] {local_task_job.py:154} INFO - Task exited with return code 0
[2021-10-29 02:42:17,496] {local_task_job.py:264} INFO - 3 downstream tasks scheduled from follow-on schedule check
