[2021-10-29 02:41:58,700] {taskinstance.py:1035} INFO - Dependencies all met for <TaskInstance: xcom_dag.training_model_B scheduled__2021-10-28T00:00:00+00:00 [queued]>
[2021-10-29 02:41:58,901] {taskinstance.py:1035} INFO - Dependencies all met for <TaskInstance: xcom_dag.training_model_B scheduled__2021-10-28T00:00:00+00:00 [queued]>
[2021-10-29 02:41:58,910] {taskinstance.py:1241} INFO - 
--------------------------------------------------------------------------------
[2021-10-29 02:41:58,910] {taskinstance.py:1242} INFO - Starting attempt 1 of 1
[2021-10-29 02:41:58,910] {taskinstance.py:1243} INFO - 
--------------------------------------------------------------------------------
[2021-10-29 02:41:59,213] {taskinstance.py:1262} INFO - Executing <Task(PythonOperator): training_model_B> on 2021-10-28 00:00:00+00:00
[2021-10-29 02:41:59,449] {standard_task_runner.py:76} INFO - Running: ['***', 'tasks', 'run', 'xcom_dag', 'training_model_B', 'scheduled__2021-10-28T00:00:00+00:00', '--job-id', '33', '--raw', '--subdir', 'DAGS_FOLDER/xcom_dags.py', '--cfg-path', '/tmp/tmptefohb5n', '--error-file', '/tmp/tmp8jzh4ijx']
[2021-10-29 02:41:59,607] {standard_task_runner.py:77} INFO - Job 33: Subtask training_model_B
[2021-10-29 02:41:59,406] {standard_task_runner.py:52} INFO - Started process 3825 to run task
[2021-10-29 02:42:00,750] {logging_mixin.py:109} INFO - Running <TaskInstance: xcom_dag.training_model_B scheduled__2021-10-28T00:00:00+00:00 [running]> on host 28ad64d5edf5
[2021-10-29 02:42:01,614] {taskinstance.py:1414} INFO - Exporting the following env vars:
AIRFLOW_CTX_DAG_OWNER=***
AIRFLOW_CTX_DAG_ID=xcom_dag
AIRFLOW_CTX_TASK_ID=training_model_B
AIRFLOW_CTX_EXECUTION_DATE=2021-10-28T00:00:00+00:00
AIRFLOW_CTX_DAG_RUN_ID=scheduled__2021-10-28T00:00:00+00:00
[2021-10-29 02:42:01,614] {logging_mixin.py:109} INFO - model's accuracy: 3.414858723910341
[2021-10-29 02:42:01,693] {python.py:152} INFO - Done. Returned value was: None
[2021-10-29 02:42:01,764] {taskinstance.py:1280} INFO - Marking task as SUCCESS. dag_id=xcom_dag, task_id=training_model_B, execution_date=20211028T000000, start_date=20211029T024158, end_date=20211029T024201
[2021-10-29 02:42:02,014] {local_task_job.py:154} INFO - Task exited with return code 0
[2021-10-29 02:42:02,250] {local_task_job.py:264} INFO - 0 downstream tasks scheduled from follow-on schedule check
[2021-10-29 02:42:21,903] {taskinstance.py:1035} INFO - Dependencies all met for <TaskInstance: xcom_dag.training_model_B manual__2021-10-29T02:42:11.747219+00:00 [queued]>
[2021-10-29 02:42:22,143] {taskinstance.py:1035} INFO - Dependencies all met for <TaskInstance: xcom_dag.training_model_B manual__2021-10-29T02:42:11.747219+00:00 [queued]>
[2021-10-29 02:42:22,143] {taskinstance.py:1241} INFO - 
--------------------------------------------------------------------------------
[2021-10-29 02:42:22,143] {taskinstance.py:1242} INFO - Starting attempt 1 of 1
[2021-10-29 02:42:22,143] {taskinstance.py:1243} INFO - 
--------------------------------------------------------------------------------
[2021-10-29 02:42:22,436] {taskinstance.py:1262} INFO - Executing <Task(PythonOperator): training_model_B> on 2021-10-29 02:42:11.747219+00:00
[2021-10-29 02:42:22,450] {standard_task_runner.py:76} INFO - Running: ['***', 'tasks', 'run', 'xcom_dag', 'training_model_B', 'manual__2021-10-29T02:42:11.747219+00:00', '--job-id', '37', '--raw', '--subdir', 'DAGS_FOLDER/xcom_dags.py', '--cfg-path', '/tmp/tmp4ebl4bp0', '--error-file', '/tmp/tmpqcyfsekq']
[2021-10-29 02:42:22,541] {standard_task_runner.py:77} INFO - Job 37: Subtask training_model_B
[2021-10-29 02:42:22,508] {standard_task_runner.py:52} INFO - Started process 3851 to run task
[2021-10-29 02:42:23,406] {logging_mixin.py:109} INFO - Running <TaskInstance: xcom_dag.training_model_B manual__2021-10-29T02:42:11.747219+00:00 [running]> on host 28ad64d5edf5
[2021-10-29 02:42:24,049] {taskinstance.py:1414} INFO - Exporting the following env vars:
AIRFLOW_CTX_DAG_OWNER=***
AIRFLOW_CTX_DAG_ID=xcom_dag
AIRFLOW_CTX_TASK_ID=training_model_B
AIRFLOW_CTX_EXECUTION_DATE=2021-10-29T02:42:11.747219+00:00
AIRFLOW_CTX_DAG_RUN_ID=manual__2021-10-29T02:42:11.747219+00:00
[2021-10-29 02:42:24,050] {logging_mixin.py:109} INFO - model's accuracy: 3.414858723910341
[2021-10-29 02:42:24,495] {python.py:152} INFO - Done. Returned value was: None
[2021-10-29 02:42:24,931] {taskinstance.py:1280} INFO - Marking task as SUCCESS. dag_id=xcom_dag, task_id=training_model_B, execution_date=20211029T024211, start_date=20211029T024221, end_date=20211029T024224
[2021-10-29 02:42:25,760] {local_task_job.py:154} INFO - Task exited with return code 0
[2021-10-29 02:42:29,028] {local_task_job.py:264} INFO - 1 downstream tasks scheduled from follow-on schedule check
