[2021-10-29 02:41:58,448] {taskinstance.py:1035} INFO - Dependencies all met for <TaskInstance: xcom_dag.training_model_A scheduled__2021-10-28T00:00:00+00:00 [queued]>
[2021-10-29 02:41:58,602] {taskinstance.py:1035} INFO - Dependencies all met for <TaskInstance: xcom_dag.training_model_A scheduled__2021-10-28T00:00:00+00:00 [queued]>
[2021-10-29 02:41:58,602] {taskinstance.py:1241} INFO - 
--------------------------------------------------------------------------------
[2021-10-29 02:41:58,602] {taskinstance.py:1242} INFO - Starting attempt 1 of 1
[2021-10-29 02:41:58,602] {taskinstance.py:1243} INFO - 
--------------------------------------------------------------------------------
[2021-10-29 02:41:58,802] {taskinstance.py:1262} INFO - Executing <Task(PythonOperator): training_model_A> on 2021-10-28 00:00:00+00:00
[2021-10-29 02:41:58,879] {standard_task_runner.py:76} INFO - Running: ['***', 'tasks', 'run', 'xcom_dag', 'training_model_A', 'scheduled__2021-10-28T00:00:00+00:00', '--job-id', '32', '--raw', '--subdir', 'DAGS_FOLDER/xcom_dags.py', '--cfg-path', '/tmp/tmp6n0es0q2', '--error-file', '/tmp/tmpoi9s4j6r']
[2021-10-29 02:41:58,984] {standard_task_runner.py:77} INFO - Job 32: Subtask training_model_A
[2021-10-29 02:41:58,932] {standard_task_runner.py:52} INFO - Started process 3823 to run task
[2021-10-29 02:42:00,212] {logging_mixin.py:109} INFO - Running <TaskInstance: xcom_dag.training_model_A scheduled__2021-10-28T00:00:00+00:00 [running]> on host 28ad64d5edf5
[2021-10-29 02:42:01,218] {taskinstance.py:1414} INFO - Exporting the following env vars:
AIRFLOW_CTX_DAG_OWNER=***
AIRFLOW_CTX_DAG_ID=xcom_dag
AIRFLOW_CTX_TASK_ID=training_model_A
AIRFLOW_CTX_EXECUTION_DATE=2021-10-28T00:00:00+00:00
AIRFLOW_CTX_DAG_RUN_ID=scheduled__2021-10-28T00:00:00+00:00
[2021-10-29 02:42:01,219] {logging_mixin.py:109} INFO - model's accuracy: 0.2016082000429842
[2021-10-29 02:42:01,425] {python.py:152} INFO - Done. Returned value was: None
[2021-10-29 02:42:01,590] {taskinstance.py:1280} INFO - Marking task as SUCCESS. dag_id=xcom_dag, task_id=training_model_A, execution_date=20211028T000000, start_date=20211029T024158, end_date=20211029T024201
[2021-10-29 02:42:01,778] {local_task_job.py:154} INFO - Task exited with return code 0
[2021-10-29 02:42:02,101] {local_task_job.py:264} INFO - 1 downstream tasks scheduled from follow-on schedule check
[2021-10-29 02:42:22,032] {taskinstance.py:1035} INFO - Dependencies all met for <TaskInstance: xcom_dag.training_model_A manual__2021-10-29T02:42:11.747219+00:00 [queued]>
[2021-10-29 02:42:22,275] {taskinstance.py:1035} INFO - Dependencies all met for <TaskInstance: xcom_dag.training_model_A manual__2021-10-29T02:42:11.747219+00:00 [queued]>
[2021-10-29 02:42:22,275] {taskinstance.py:1241} INFO - 
--------------------------------------------------------------------------------
[2021-10-29 02:42:22,275] {taskinstance.py:1242} INFO - Starting attempt 1 of 1
[2021-10-29 02:42:22,275] {taskinstance.py:1243} INFO - 
--------------------------------------------------------------------------------
[2021-10-29 02:42:22,474] {taskinstance.py:1262} INFO - Executing <Task(PythonOperator): training_model_A> on 2021-10-29 02:42:11.747219+00:00
[2021-10-29 02:42:22,575] {standard_task_runner.py:52} INFO - Started process 3852 to run task
[2021-10-29 02:42:22,597] {standard_task_runner.py:76} INFO - Running: ['***', 'tasks', 'run', 'xcom_dag', 'training_model_A', 'manual__2021-10-29T02:42:11.747219+00:00', '--job-id', '38', '--raw', '--subdir', 'DAGS_FOLDER/xcom_dags.py', '--cfg-path', '/tmp/tmpjc3kd27h', '--error-file', '/tmp/tmpppi905n3']
[2021-10-29 02:42:22,674] {standard_task_runner.py:77} INFO - Job 38: Subtask training_model_A
[2021-10-29 02:42:23,377] {logging_mixin.py:109} INFO - Running <TaskInstance: xcom_dag.training_model_A manual__2021-10-29T02:42:11.747219+00:00 [running]> on host 28ad64d5edf5
[2021-10-29 02:42:24,237] {taskinstance.py:1414} INFO - Exporting the following env vars:
AIRFLOW_CTX_DAG_OWNER=***
AIRFLOW_CTX_DAG_ID=xcom_dag
AIRFLOW_CTX_TASK_ID=training_model_A
AIRFLOW_CTX_EXECUTION_DATE=2021-10-29T02:42:11.747219+00:00
AIRFLOW_CTX_DAG_RUN_ID=manual__2021-10-29T02:42:11.747219+00:00
[2021-10-29 02:42:24,424] {logging_mixin.py:109} INFO - model's accuracy: 0.2016082000429842
[2021-10-29 02:42:24,629] {python.py:152} INFO - Done. Returned value was: None
[2021-10-29 02:42:25,326] {taskinstance.py:1280} INFO - Marking task as SUCCESS. dag_id=xcom_dag, task_id=training_model_A, execution_date=20211029T024211, start_date=20211029T024222, end_date=20211029T024225
[2021-10-29 02:42:25,848] {local_task_job.py:154} INFO - Task exited with return code 0
[2021-10-29 02:42:29,810] {local_task_job.py:264} INFO - 0 downstream tasks scheduled from follow-on schedule check
