[2021-10-28 01:32:36,872] {processor.py:163} INFO - Started process (PID=275) to work on /home/airflow/.local/lib/python3.6/site-packages/airflow/example_dags/example_latest_only_with_trigger.py
[2021-10-28 01:32:36,896] {processor.py:620} INFO - Processing file /home/airflow/.local/lib/python3.6/site-packages/airflow/example_dags/example_latest_only_with_trigger.py for tasks to queue
[2021-10-28 01:32:36,898] {logging_mixin.py:109} INFO - [2021-10-28 01:32:36,898] {dagbag.py:500} INFO - Filling up the DagBag from /home/airflow/.local/lib/python3.6/site-packages/airflow/example_dags/example_latest_only_with_trigger.py
[2021-10-28 01:32:37,029] {processor.py:632} INFO - DAG(s) dict_keys(['latest_only_with_trigger']) retrieved from /home/airflow/.local/lib/python3.6/site-packages/airflow/example_dags/example_latest_only_with_trigger.py
[2021-10-28 01:32:42,776] {logging_mixin.py:109} INFO - [2021-10-28 01:32:42,776] {providers_manager.py:156} WARNING - Exception when importing 'airflow.providers.google.leveldb.hooks.leveldb.LevelDBHook' from 'apache-airflow-providers-google' package: No module named 'plyvel'
[2021-10-28 01:32:43,844] {logging_mixin.py:109} INFO - [2021-10-28 01:32:43,844] {providers_manager.py:156} WARNING - Exception when importing 'airflow.providers.google.leveldb.hooks.leveldb.LevelDBHook' from 'apache-airflow-providers-google' package: No module named 'plyvel'
[2021-10-28 01:32:43,902] {logging_mixin.py:109} INFO - [2021-10-28 01:32:43,902] {manager.py:496} INFO - Created Permission View: can read on DAG:latest_only_with_trigger
[2021-10-28 01:32:43,939] {logging_mixin.py:109} INFO - [2021-10-28 01:32:43,939] {manager.py:496} INFO - Created Permission View: can edit on DAG:latest_only_with_trigger
[2021-10-28 01:32:43,944] {logging_mixin.py:109} INFO - [2021-10-28 01:32:43,943] {dag.py:2389} INFO - Sync 1 DAGs
[2021-10-28 01:32:43,995] {logging_mixin.py:109} INFO - [2021-10-28 01:32:43,994] {dag.py:2408} INFO - Creating ORM DAG for latest_only_with_trigger
[2021-10-28 01:32:44,021] {logging_mixin.py:109} INFO - [2021-10-28 01:32:44,020] {dag.py:2914} INFO - Setting next_dagrun for latest_only_with_trigger to 2021-10-27T21:32:44.020725+00:00
[2021-10-28 01:32:44,049] {processor.py:171} INFO - Processing /home/airflow/.local/lib/python3.6/site-packages/airflow/example_dags/example_latest_only_with_trigger.py took 7.181 seconds
[2021-10-28 01:33:33,969] {processor.py:163} INFO - Started process (PID=351) to work on /home/airflow/.local/lib/python3.6/site-packages/airflow/example_dags/example_latest_only_with_trigger.py
[2021-10-28 01:33:33,991] {processor.py:620} INFO - Processing file /home/airflow/.local/lib/python3.6/site-packages/airflow/example_dags/example_latest_only_with_trigger.py for tasks to queue
[2021-10-28 01:33:33,994] {logging_mixin.py:109} INFO - [2021-10-28 01:33:33,994] {dagbag.py:500} INFO - Filling up the DagBag from /home/airflow/.local/lib/python3.6/site-packages/airflow/example_dags/example_latest_only_with_trigger.py
[2021-10-28 01:33:34,100] {processor.py:632} INFO - DAG(s) dict_keys(['latest_only_with_trigger']) retrieved from /home/airflow/.local/lib/python3.6/site-packages/airflow/example_dags/example_latest_only_with_trigger.py
[2021-10-28 01:33:34,142] {logging_mixin.py:109} INFO - [2021-10-28 01:33:34,142] {dag.py:2389} INFO - Sync 1 DAGs
[2021-10-28 01:33:34,186] {logging_mixin.py:109} INFO - [2021-10-28 01:33:34,186] {dag.py:2914} INFO - Setting next_dagrun for latest_only_with_trigger to 2021-10-27T21:33:34.186447+00:00
[2021-10-28 01:33:34,215] {processor.py:171} INFO - Processing /home/airflow/.local/lib/python3.6/site-packages/airflow/example_dags/example_latest_only_with_trigger.py took 0.249 seconds
[2021-10-28 01:34:04,808] {processor.py:163} INFO - Started process (PID=414) to work on /home/airflow/.local/lib/python3.6/site-packages/airflow/example_dags/example_latest_only_with_trigger.py
[2021-10-28 01:34:04,816] {processor.py:620} INFO - Processing file /home/airflow/.local/lib/python3.6/site-packages/airflow/example_dags/example_latest_only_with_trigger.py for tasks to queue
[2021-10-28 01:34:04,819] {logging_mixin.py:109} INFO - [2021-10-28 01:34:04,819] {dagbag.py:500} INFO - Filling up the DagBag from /home/airflow/.local/lib/python3.6/site-packages/airflow/example_dags/example_latest_only_with_trigger.py
[2021-10-28 01:34:04,942] {processor.py:632} INFO - DAG(s) dict_keys(['latest_only_with_trigger']) retrieved from /home/airflow/.local/lib/python3.6/site-packages/airflow/example_dags/example_latest_only_with_trigger.py
[2021-10-28 01:34:04,974] {logging_mixin.py:109} INFO - [2021-10-28 01:34:04,974] {dag.py:2389} INFO - Sync 1 DAGs
[2021-10-28 01:34:05,002] {logging_mixin.py:109} INFO - [2021-10-28 01:34:05,002] {dag.py:2914} INFO - Setting next_dagrun for latest_only_with_trigger to 2021-10-27T21:34:05.001825+00:00
[2021-10-28 01:34:05,035] {processor.py:171} INFO - Processing /home/airflow/.local/lib/python3.6/site-packages/airflow/example_dags/example_latest_only_with_trigger.py took 0.247 seconds
[2021-10-28 01:34:35,079] {processor.py:163} INFO - Started process (PID=467) to work on /home/airflow/.local/lib/python3.6/site-packages/airflow/example_dags/example_latest_only_with_trigger.py
[2021-10-28 01:34:35,086] {processor.py:620} INFO - Processing file /home/airflow/.local/lib/python3.6/site-packages/airflow/example_dags/example_latest_only_with_trigger.py for tasks to queue
[2021-10-28 01:34:35,094] {logging_mixin.py:109} INFO - [2021-10-28 01:34:35,094] {dagbag.py:500} INFO - Filling up the DagBag from /home/airflow/.local/lib/python3.6/site-packages/airflow/example_dags/example_latest_only_with_trigger.py
[2021-10-28 01:34:35,178] {processor.py:632} INFO - DAG(s) dict_keys(['latest_only_with_trigger']) retrieved from /home/airflow/.local/lib/python3.6/site-packages/airflow/example_dags/example_latest_only_with_trigger.py
[2021-10-28 01:34:35,245] {logging_mixin.py:109} INFO - [2021-10-28 01:34:35,245] {dag.py:2389} INFO - Sync 1 DAGs
[2021-10-28 01:34:35,297] {logging_mixin.py:109} INFO - [2021-10-28 01:34:35,297] {dag.py:2914} INFO - Setting next_dagrun for latest_only_with_trigger to 2021-10-27T21:34:35.297434+00:00
[2021-10-28 01:34:35,331] {processor.py:171} INFO - Processing /home/airflow/.local/lib/python3.6/site-packages/airflow/example_dags/example_latest_only_with_trigger.py took 0.255 seconds
[2021-10-28 01:35:05,746] {processor.py:163} INFO - Started process (PID=520) to work on /home/airflow/.local/lib/python3.6/site-packages/airflow/example_dags/example_latest_only_with_trigger.py
[2021-10-28 01:35:05,758] {processor.py:620} INFO - Processing file /home/airflow/.local/lib/python3.6/site-packages/airflow/example_dags/example_latest_only_with_trigger.py for tasks to queue
[2021-10-28 01:35:05,759] {logging_mixin.py:109} INFO - [2021-10-28 01:35:05,758] {dagbag.py:500} INFO - Filling up the DagBag from /home/airflow/.local/lib/python3.6/site-packages/airflow/example_dags/example_latest_only_with_trigger.py
[2021-10-28 01:35:05,815] {processor.py:632} INFO - DAG(s) dict_keys(['latest_only_with_trigger']) retrieved from /home/airflow/.local/lib/python3.6/site-packages/airflow/example_dags/example_latest_only_with_trigger.py
[2021-10-28 01:35:05,843] {logging_mixin.py:109} INFO - [2021-10-28 01:35:05,843] {dag.py:2389} INFO - Sync 1 DAGs
[2021-10-28 01:35:05,870] {logging_mixin.py:109} INFO - [2021-10-28 01:35:05,870] {dag.py:2914} INFO - Setting next_dagrun for latest_only_with_trigger to 2021-10-27T21:35:05.866735+00:00
[2021-10-28 01:35:05,893] {processor.py:171} INFO - Processing /home/airflow/.local/lib/python3.6/site-packages/airflow/example_dags/example_latest_only_with_trigger.py took 0.149 seconds
[2021-10-28 01:35:36,844] {processor.py:163} INFO - Started process (PID=573) to work on /home/airflow/.local/lib/python3.6/site-packages/airflow/example_dags/example_latest_only_with_trigger.py
[2021-10-28 01:35:36,867] {processor.py:620} INFO - Processing file /home/airflow/.local/lib/python3.6/site-packages/airflow/example_dags/example_latest_only_with_trigger.py for tasks to queue
[2021-10-28 01:35:36,868] {logging_mixin.py:109} INFO - [2021-10-28 01:35:36,868] {dagbag.py:500} INFO - Filling up the DagBag from /home/airflow/.local/lib/python3.6/site-packages/airflow/example_dags/example_latest_only_with_trigger.py
[2021-10-28 01:35:36,961] {processor.py:632} INFO - DAG(s) dict_keys(['latest_only_with_trigger']) retrieved from /home/airflow/.local/lib/python3.6/site-packages/airflow/example_dags/example_latest_only_with_trigger.py
[2021-10-28 01:35:37,002] {logging_mixin.py:109} INFO - [2021-10-28 01:35:37,001] {dag.py:2389} INFO - Sync 1 DAGs
[2021-10-28 01:35:37,036] {logging_mixin.py:109} INFO - [2021-10-28 01:35:37,036] {dag.py:2914} INFO - Setting next_dagrun for latest_only_with_trigger to 2021-10-27T21:35:37.036515+00:00
[2021-10-28 01:35:37,066] {processor.py:171} INFO - Processing /home/airflow/.local/lib/python3.6/site-packages/airflow/example_dags/example_latest_only_with_trigger.py took 0.225 seconds
[2021-10-28 01:36:08,914] {processor.py:163} INFO - Started process (PID=633) to work on /home/airflow/.local/lib/python3.6/site-packages/airflow/example_dags/example_latest_only_with_trigger.py
[2021-10-28 01:36:08,976] {processor.py:620} INFO - Processing file /home/airflow/.local/lib/python3.6/site-packages/airflow/example_dags/example_latest_only_with_trigger.py for tasks to queue
[2021-10-28 01:36:08,976] {logging_mixin.py:109} INFO - [2021-10-28 01:36:08,976] {dagbag.py:500} INFO - Filling up the DagBag from /home/airflow/.local/lib/python3.6/site-packages/airflow/example_dags/example_latest_only_with_trigger.py
[2021-10-28 01:36:09,203] {processor.py:632} INFO - DAG(s) dict_keys(['latest_only_with_trigger']) retrieved from /home/airflow/.local/lib/python3.6/site-packages/airflow/example_dags/example_latest_only_with_trigger.py
[2021-10-28 01:36:09,390] {logging_mixin.py:109} INFO - [2021-10-28 01:36:09,390] {dag.py:2389} INFO - Sync 1 DAGs
[2021-10-28 01:36:09,427] {logging_mixin.py:109} INFO - [2021-10-28 01:36:09,427] {dag.py:2914} INFO - Setting next_dagrun for latest_only_with_trigger to 2021-10-27T21:36:09.427110+00:00
[2021-10-28 01:36:09,544] {processor.py:171} INFO - Processing /home/airflow/.local/lib/python3.6/site-packages/airflow/example_dags/example_latest_only_with_trigger.py took 0.633 seconds
[2021-10-28 01:36:40,667] {processor.py:163} INFO - Started process (PID=688) to work on /home/airflow/.local/lib/python3.6/site-packages/airflow/example_dags/example_latest_only_with_trigger.py
[2021-10-28 01:36:40,693] {processor.py:620} INFO - Processing file /home/airflow/.local/lib/python3.6/site-packages/airflow/example_dags/example_latest_only_with_trigger.py for tasks to queue
[2021-10-28 01:36:40,693] {logging_mixin.py:109} INFO - [2021-10-28 01:36:40,693] {dagbag.py:500} INFO - Filling up the DagBag from /home/airflow/.local/lib/python3.6/site-packages/airflow/example_dags/example_latest_only_with_trigger.py
[2021-10-28 01:36:40,802] {processor.py:632} INFO - DAG(s) dict_keys(['latest_only_with_trigger']) retrieved from /home/airflow/.local/lib/python3.6/site-packages/airflow/example_dags/example_latest_only_with_trigger.py
[2021-10-28 01:36:40,840] {logging_mixin.py:109} INFO - [2021-10-28 01:36:40,840] {dag.py:2389} INFO - Sync 1 DAGs
[2021-10-28 01:36:40,880] {logging_mixin.py:109} INFO - [2021-10-28 01:36:40,880] {dag.py:2914} INFO - Setting next_dagrun for latest_only_with_trigger to 2021-10-27T21:36:40.880028+00:00
[2021-10-28 01:36:40,917] {processor.py:171} INFO - Processing /home/airflow/.local/lib/python3.6/site-packages/airflow/example_dags/example_latest_only_with_trigger.py took 0.253 seconds
[2021-10-28 01:37:12,439] {processor.py:163} INFO - Started process (PID=739) to work on /home/airflow/.local/lib/python3.6/site-packages/airflow/example_dags/example_latest_only_with_trigger.py
[2021-10-28 01:37:12,456] {processor.py:620} INFO - Processing file /home/airflow/.local/lib/python3.6/site-packages/airflow/example_dags/example_latest_only_with_trigger.py for tasks to queue
[2021-10-28 01:37:12,458] {logging_mixin.py:109} INFO - [2021-10-28 01:37:12,458] {dagbag.py:500} INFO - Filling up the DagBag from /home/airflow/.local/lib/python3.6/site-packages/airflow/example_dags/example_latest_only_with_trigger.py
[2021-10-28 01:37:12,546] {processor.py:632} INFO - DAG(s) dict_keys(['latest_only_with_trigger']) retrieved from /home/airflow/.local/lib/python3.6/site-packages/airflow/example_dags/example_latest_only_with_trigger.py
[2021-10-28 01:37:12,587] {logging_mixin.py:109} INFO - [2021-10-28 01:37:12,587] {dag.py:2389} INFO - Sync 1 DAGs
[2021-10-28 01:37:12,631] {logging_mixin.py:109} INFO - [2021-10-28 01:37:12,631] {dag.py:2914} INFO - Setting next_dagrun for latest_only_with_trigger to 2021-10-27T21:37:12.631449+00:00
[2021-10-28 01:37:12,661] {processor.py:171} INFO - Processing /home/airflow/.local/lib/python3.6/site-packages/airflow/example_dags/example_latest_only_with_trigger.py took 0.225 seconds
[2021-10-28 01:37:43,104] {processor.py:163} INFO - Started process (PID=791) to work on /home/airflow/.local/lib/python3.6/site-packages/airflow/example_dags/example_latest_only_with_trigger.py
[2021-10-28 01:37:43,109] {processor.py:620} INFO - Processing file /home/airflow/.local/lib/python3.6/site-packages/airflow/example_dags/example_latest_only_with_trigger.py for tasks to queue
[2021-10-28 01:37:43,110] {logging_mixin.py:109} INFO - [2021-10-28 01:37:43,110] {dagbag.py:500} INFO - Filling up the DagBag from /home/airflow/.local/lib/python3.6/site-packages/airflow/example_dags/example_latest_only_with_trigger.py
[2021-10-28 01:37:43,178] {processor.py:632} INFO - DAG(s) dict_keys(['latest_only_with_trigger']) retrieved from /home/airflow/.local/lib/python3.6/site-packages/airflow/example_dags/example_latest_only_with_trigger.py
[2021-10-28 01:37:43,215] {logging_mixin.py:109} INFO - [2021-10-28 01:37:43,215] {dag.py:2389} INFO - Sync 1 DAGs
[2021-10-28 01:37:43,232] {logging_mixin.py:109} INFO - [2021-10-28 01:37:43,232] {dag.py:2914} INFO - Setting next_dagrun for latest_only_with_trigger to 2021-10-27T21:37:43.232384+00:00
[2021-10-28 01:37:43,247] {processor.py:171} INFO - Processing /home/airflow/.local/lib/python3.6/site-packages/airflow/example_dags/example_latest_only_with_trigger.py took 0.159 seconds
[2021-10-28 01:38:14,063] {processor.py:163} INFO - Started process (PID=844) to work on /home/airflow/.local/lib/python3.6/site-packages/airflow/example_dags/example_latest_only_with_trigger.py
[2021-10-28 01:38:14,102] {processor.py:620} INFO - Processing file /home/airflow/.local/lib/python3.6/site-packages/airflow/example_dags/example_latest_only_with_trigger.py for tasks to queue
[2021-10-28 01:38:14,103] {logging_mixin.py:109} INFO - [2021-10-28 01:38:14,103] {dagbag.py:500} INFO - Filling up the DagBag from /home/airflow/.local/lib/python3.6/site-packages/airflow/example_dags/example_latest_only_with_trigger.py
[2021-10-28 01:38:14,361] {processor.py:632} INFO - DAG(s) dict_keys(['latest_only_with_trigger']) retrieved from /home/airflow/.local/lib/python3.6/site-packages/airflow/example_dags/example_latest_only_with_trigger.py
[2021-10-28 01:38:14,399] {logging_mixin.py:109} INFO - [2021-10-28 01:38:14,399] {dag.py:2389} INFO - Sync 1 DAGs
[2021-10-28 01:38:14,439] {logging_mixin.py:109} INFO - [2021-10-28 01:38:14,438] {dag.py:2914} INFO - Setting next_dagrun for latest_only_with_trigger to 2021-10-27T21:38:14.438734+00:00
[2021-10-28 01:38:14,468] {processor.py:171} INFO - Processing /home/airflow/.local/lib/python3.6/site-packages/airflow/example_dags/example_latest_only_with_trigger.py took 0.407 seconds
[2021-10-28 01:38:45,661] {processor.py:163} INFO - Started process (PID=897) to work on /home/airflow/.local/lib/python3.6/site-packages/airflow/example_dags/example_latest_only_with_trigger.py
[2021-10-28 01:38:45,702] {processor.py:620} INFO - Processing file /home/airflow/.local/lib/python3.6/site-packages/airflow/example_dags/example_latest_only_with_trigger.py for tasks to queue
[2021-10-28 01:38:45,704] {logging_mixin.py:109} INFO - [2021-10-28 01:38:45,704] {dagbag.py:500} INFO - Filling up the DagBag from /home/airflow/.local/lib/python3.6/site-packages/airflow/example_dags/example_latest_only_with_trigger.py
[2021-10-28 01:38:45,922] {processor.py:632} INFO - DAG(s) dict_keys(['latest_only_with_trigger']) retrieved from /home/airflow/.local/lib/python3.6/site-packages/airflow/example_dags/example_latest_only_with_trigger.py
[2021-10-28 01:38:46,023] {logging_mixin.py:109} INFO - [2021-10-28 01:38:46,023] {dag.py:2389} INFO - Sync 1 DAGs
[2021-10-28 01:38:46,100] {logging_mixin.py:109} INFO - [2021-10-28 01:38:46,100] {dag.py:2914} INFO - Setting next_dagrun for latest_only_with_trigger to 2021-10-27T21:38:46.100378+00:00
[2021-10-28 01:38:46,648] {processor.py:171} INFO - Processing /home/airflow/.local/lib/python3.6/site-packages/airflow/example_dags/example_latest_only_with_trigger.py took 0.990 seconds
[2021-10-28 01:39:17,076] {processor.py:163} INFO - Started process (PID=940) to work on /home/airflow/.local/lib/python3.6/site-packages/airflow/example_dags/example_latest_only_with_trigger.py
[2021-10-28 01:39:17,127] {processor.py:620} INFO - Processing file /home/airflow/.local/lib/python3.6/site-packages/airflow/example_dags/example_latest_only_with_trigger.py for tasks to queue
[2021-10-28 01:39:17,129] {logging_mixin.py:109} INFO - [2021-10-28 01:39:17,129] {dagbag.py:500} INFO - Filling up the DagBag from /home/airflow/.local/lib/python3.6/site-packages/airflow/example_dags/example_latest_only_with_trigger.py
[2021-10-28 01:39:17,323] {processor.py:632} INFO - DAG(s) dict_keys(['latest_only_with_trigger']) retrieved from /home/airflow/.local/lib/python3.6/site-packages/airflow/example_dags/example_latest_only_with_trigger.py
[2021-10-28 01:39:17,405] {logging_mixin.py:109} INFO - [2021-10-28 01:39:17,405] {dag.py:2389} INFO - Sync 1 DAGs
[2021-10-28 01:39:17,451] {logging_mixin.py:109} INFO - [2021-10-28 01:39:17,451] {dag.py:2914} INFO - Setting next_dagrun for latest_only_with_trigger to 2021-10-27T21:39:17.451418+00:00
[2021-10-28 01:39:17,513] {processor.py:171} INFO - Processing /home/airflow/.local/lib/python3.6/site-packages/airflow/example_dags/example_latest_only_with_trigger.py took 0.440 seconds
[2021-10-28 01:39:47,978] {processor.py:163} INFO - Started process (PID=993) to work on /home/airflow/.local/lib/python3.6/site-packages/airflow/example_dags/example_latest_only_with_trigger.py
[2021-10-28 01:39:47,989] {processor.py:620} INFO - Processing file /home/airflow/.local/lib/python3.6/site-packages/airflow/example_dags/example_latest_only_with_trigger.py for tasks to queue
[2021-10-28 01:39:47,989] {logging_mixin.py:109} INFO - [2021-10-28 01:39:47,989] {dagbag.py:500} INFO - Filling up the DagBag from /home/airflow/.local/lib/python3.6/site-packages/airflow/example_dags/example_latest_only_with_trigger.py
[2021-10-28 01:39:48,050] {processor.py:632} INFO - DAG(s) dict_keys(['latest_only_with_trigger']) retrieved from /home/airflow/.local/lib/python3.6/site-packages/airflow/example_dags/example_latest_only_with_trigger.py
[2021-10-28 01:39:48,085] {logging_mixin.py:109} INFO - [2021-10-28 01:39:48,084] {dag.py:2389} INFO - Sync 1 DAGs
[2021-10-28 01:39:48,107] {logging_mixin.py:109} INFO - [2021-10-28 01:39:48,107] {dag.py:2914} INFO - Setting next_dagrun for latest_only_with_trigger to 2021-10-27T21:39:48.106767+00:00
[2021-10-28 01:39:48,127] {processor.py:171} INFO - Processing /home/airflow/.local/lib/python3.6/site-packages/airflow/example_dags/example_latest_only_with_trigger.py took 0.158 seconds
[2021-10-28 01:40:18,910] {processor.py:163} INFO - Started process (PID=1046) to work on /home/airflow/.local/lib/python3.6/site-packages/airflow/example_dags/example_latest_only_with_trigger.py
[2021-10-28 01:40:18,917] {processor.py:620} INFO - Processing file /home/airflow/.local/lib/python3.6/site-packages/airflow/example_dags/example_latest_only_with_trigger.py for tasks to queue
[2021-10-28 01:40:18,919] {logging_mixin.py:109} INFO - [2021-10-28 01:40:18,919] {dagbag.py:500} INFO - Filling up the DagBag from /home/airflow/.local/lib/python3.6/site-packages/airflow/example_dags/example_latest_only_with_trigger.py
[2021-10-28 01:40:19,014] {processor.py:632} INFO - DAG(s) dict_keys(['latest_only_with_trigger']) retrieved from /home/airflow/.local/lib/python3.6/site-packages/airflow/example_dags/example_latest_only_with_trigger.py
[2021-10-28 01:40:19,026] {logging_mixin.py:109} INFO - [2021-10-28 01:40:19,026] {dag.py:2389} INFO - Sync 1 DAGs
[2021-10-28 01:40:19,071] {logging_mixin.py:109} INFO - [2021-10-28 01:40:19,071] {dag.py:2914} INFO - Setting next_dagrun for latest_only_with_trigger to 2021-10-27T21:40:19.056646+00:00
[2021-10-28 01:40:19,107] {processor.py:171} INFO - Processing /home/airflow/.local/lib/python3.6/site-packages/airflow/example_dags/example_latest_only_with_trigger.py took 0.213 seconds
[2021-10-28 01:40:49,985] {processor.py:163} INFO - Started process (PID=1099) to work on /home/airflow/.local/lib/python3.6/site-packages/airflow/example_dags/example_latest_only_with_trigger.py
[2021-10-28 01:40:49,998] {processor.py:620} INFO - Processing file /home/airflow/.local/lib/python3.6/site-packages/airflow/example_dags/example_latest_only_with_trigger.py for tasks to queue
[2021-10-28 01:40:50,000] {logging_mixin.py:109} INFO - [2021-10-28 01:40:50,000] {dagbag.py:500} INFO - Filling up the DagBag from /home/airflow/.local/lib/python3.6/site-packages/airflow/example_dags/example_latest_only_with_trigger.py
[2021-10-28 01:40:50,096] {processor.py:632} INFO - DAG(s) dict_keys(['latest_only_with_trigger']) retrieved from /home/airflow/.local/lib/python3.6/site-packages/airflow/example_dags/example_latest_only_with_trigger.py
[2021-10-28 01:40:50,139] {logging_mixin.py:109} INFO - [2021-10-28 01:40:50,139] {dag.py:2389} INFO - Sync 1 DAGs
[2021-10-28 01:40:50,164] {logging_mixin.py:109} INFO - [2021-10-28 01:40:50,164] {dag.py:2914} INFO - Setting next_dagrun for latest_only_with_trigger to 2021-10-27T21:40:50.164053+00:00
[2021-10-28 01:40:50,202] {processor.py:171} INFO - Processing /home/airflow/.local/lib/python3.6/site-packages/airflow/example_dags/example_latest_only_with_trigger.py took 0.220 seconds
[2021-10-28 01:41:21,453] {processor.py:163} INFO - Started process (PID=1151) to work on /home/airflow/.local/lib/python3.6/site-packages/airflow/example_dags/example_latest_only_with_trigger.py
[2021-10-28 01:41:21,461] {processor.py:620} INFO - Processing file /home/airflow/.local/lib/python3.6/site-packages/airflow/example_dags/example_latest_only_with_trigger.py for tasks to queue
[2021-10-28 01:41:21,463] {logging_mixin.py:109} INFO - [2021-10-28 01:41:21,462] {dagbag.py:500} INFO - Filling up the DagBag from /home/airflow/.local/lib/python3.6/site-packages/airflow/example_dags/example_latest_only_with_trigger.py
[2021-10-28 01:41:21,740] {processor.py:632} INFO - DAG(s) dict_keys(['latest_only_with_trigger']) retrieved from /home/airflow/.local/lib/python3.6/site-packages/airflow/example_dags/example_latest_only_with_trigger.py
[2021-10-28 01:41:21,805] {logging_mixin.py:109} INFO - [2021-10-28 01:41:21,805] {dag.py:2389} INFO - Sync 1 DAGs
[2021-10-28 01:41:21,855] {logging_mixin.py:109} INFO - [2021-10-28 01:41:21,855] {dag.py:2914} INFO - Setting next_dagrun for latest_only_with_trigger to 2021-10-27T21:41:21.855187+00:00
[2021-10-28 01:41:21,891] {processor.py:171} INFO - Processing /home/airflow/.local/lib/python3.6/site-packages/airflow/example_dags/example_latest_only_with_trigger.py took 0.461 seconds
[2021-10-28 01:41:52,006] {processor.py:163} INFO - Started process (PID=1193) to work on /home/airflow/.local/lib/python3.6/site-packages/airflow/example_dags/example_latest_only_with_trigger.py
[2021-10-28 01:41:52,012] {processor.py:620} INFO - Processing file /home/airflow/.local/lib/python3.6/site-packages/airflow/example_dags/example_latest_only_with_trigger.py for tasks to queue
[2021-10-28 01:41:52,014] {logging_mixin.py:109} INFO - [2021-10-28 01:41:52,014] {dagbag.py:500} INFO - Filling up the DagBag from /home/airflow/.local/lib/python3.6/site-packages/airflow/example_dags/example_latest_only_with_trigger.py
[2021-10-28 01:41:52,040] {processor.py:632} INFO - DAG(s) dict_keys(['latest_only_with_trigger']) retrieved from /home/airflow/.local/lib/python3.6/site-packages/airflow/example_dags/example_latest_only_with_trigger.py
[2021-10-28 01:41:52,051] {logging_mixin.py:109} INFO - [2021-10-28 01:41:52,050] {dag.py:2389} INFO - Sync 1 DAGs
[2021-10-28 01:41:52,064] {logging_mixin.py:109} INFO - [2021-10-28 01:41:52,064] {dag.py:2914} INFO - Setting next_dagrun for latest_only_with_trigger to 2021-10-27T21:41:52.062752+00:00
[2021-10-28 01:41:52,074] {processor.py:171} INFO - Processing /home/airflow/.local/lib/python3.6/site-packages/airflow/example_dags/example_latest_only_with_trigger.py took 0.078 seconds
[2021-10-28 01:42:22,296] {processor.py:163} INFO - Started process (PID=1246) to work on /home/airflow/.local/lib/python3.6/site-packages/airflow/example_dags/example_latest_only_with_trigger.py
[2021-10-28 01:42:22,302] {processor.py:620} INFO - Processing file /home/airflow/.local/lib/python3.6/site-packages/airflow/example_dags/example_latest_only_with_trigger.py for tasks to queue
[2021-10-28 01:42:22,303] {logging_mixin.py:109} INFO - [2021-10-28 01:42:22,303] {dagbag.py:500} INFO - Filling up the DagBag from /home/airflow/.local/lib/python3.6/site-packages/airflow/example_dags/example_latest_only_with_trigger.py
[2021-10-28 01:42:22,356] {processor.py:632} INFO - DAG(s) dict_keys(['latest_only_with_trigger']) retrieved from /home/airflow/.local/lib/python3.6/site-packages/airflow/example_dags/example_latest_only_with_trigger.py
[2021-10-28 01:42:22,384] {logging_mixin.py:109} INFO - [2021-10-28 01:42:22,383] {dag.py:2389} INFO - Sync 1 DAGs
[2021-10-28 01:42:22,415] {logging_mixin.py:109} INFO - [2021-10-28 01:42:22,414] {dag.py:2914} INFO - Setting next_dagrun for latest_only_with_trigger to 2021-10-27T21:42:22.414671+00:00
[2021-10-28 01:42:22,431] {processor.py:171} INFO - Processing /home/airflow/.local/lib/python3.6/site-packages/airflow/example_dags/example_latest_only_with_trigger.py took 0.138 seconds
