[2021-10-28 01:31:43,039] {processor.py:163} INFO - Started process (PID=213) to work on /home/airflow/.local/lib/python3.6/site-packages/airflow/example_dags/example_trigger_controller_dag.py
[2021-10-28 01:31:43,102] {processor.py:620} INFO - Processing file /home/airflow/.local/lib/python3.6/site-packages/airflow/example_dags/example_trigger_controller_dag.py for tasks to queue
[2021-10-28 01:31:43,169] {logging_mixin.py:109} INFO - [2021-10-28 01:31:43,168] {dagbag.py:500} INFO - Filling up the DagBag from /home/airflow/.local/lib/python3.6/site-packages/airflow/example_dags/example_trigger_controller_dag.py
[2021-10-28 01:31:43,469] {processor.py:632} INFO - DAG(s) dict_keys(['example_trigger_controller_dag']) retrieved from /home/airflow/.local/lib/python3.6/site-packages/airflow/example_dags/example_trigger_controller_dag.py
[2021-10-28 01:31:50,538] {logging_mixin.py:109} INFO - [2021-10-28 01:31:50,538] {providers_manager.py:156} WARNING - Exception when importing 'airflow.providers.google.leveldb.hooks.leveldb.LevelDBHook' from 'apache-airflow-providers-google' package: No module named 'plyvel'
[2021-10-28 01:31:51,532] {logging_mixin.py:109} INFO - [2021-10-28 01:31:51,531] {providers_manager.py:156} WARNING - Exception when importing 'airflow.providers.google.leveldb.hooks.leveldb.LevelDBHook' from 'apache-airflow-providers-google' package: No module named 'plyvel'
[2021-10-28 01:31:51,615] {logging_mixin.py:109} INFO - [2021-10-28 01:31:51,615] {manager.py:496} INFO - Created Permission View: can read on DAG:example_trigger_controller_dag
[2021-10-28 01:31:51,690] {logging_mixin.py:109} INFO - [2021-10-28 01:31:51,689] {manager.py:496} INFO - Created Permission View: can edit on DAG:example_trigger_controller_dag
[2021-10-28 01:31:51,691] {logging_mixin.py:109} INFO - [2021-10-28 01:31:51,690] {dag.py:2389} INFO - Sync 1 DAGs
[2021-10-28 01:31:51,731] {logging_mixin.py:109} INFO - [2021-10-28 01:31:51,730] {dag.py:2408} INFO - Creating ORM DAG for example_trigger_controller_dag
[2021-10-28 01:31:51,743] {logging_mixin.py:109} INFO - [2021-10-28 01:31:51,743] {dag.py:2914} INFO - Setting next_dagrun for example_trigger_controller_dag to 2021-01-01T00:00:00+00:00
[2021-10-28 01:31:51,808] {processor.py:171} INFO - Processing /home/airflow/.local/lib/python3.6/site-packages/airflow/example_dags/example_trigger_controller_dag.py took 8.771 seconds
[2021-10-28 01:33:26,813] {processor.py:163} INFO - Started process (PID=334) to work on /home/airflow/.local/lib/python3.6/site-packages/airflow/example_dags/example_trigger_controller_dag.py
[2021-10-28 01:33:26,841] {processor.py:620} INFO - Processing file /home/airflow/.local/lib/python3.6/site-packages/airflow/example_dags/example_trigger_controller_dag.py for tasks to queue
[2021-10-28 01:33:26,855] {logging_mixin.py:109} INFO - [2021-10-28 01:33:26,855] {dagbag.py:500} INFO - Filling up the DagBag from /home/airflow/.local/lib/python3.6/site-packages/airflow/example_dags/example_trigger_controller_dag.py
[2021-10-28 01:33:27,002] {processor.py:632} INFO - DAG(s) dict_keys(['example_trigger_controller_dag']) retrieved from /home/airflow/.local/lib/python3.6/site-packages/airflow/example_dags/example_trigger_controller_dag.py
[2021-10-28 01:33:27,067] {logging_mixin.py:109} INFO - [2021-10-28 01:33:27,067] {dag.py:2389} INFO - Sync 1 DAGs
[2021-10-28 01:33:27,108] {logging_mixin.py:109} INFO - [2021-10-28 01:33:27,108] {dag.py:2914} INFO - Setting next_dagrun for example_trigger_controller_dag to 2021-01-01T00:00:00+00:00
[2021-10-28 01:33:27,151] {processor.py:171} INFO - Processing /home/airflow/.local/lib/python3.6/site-packages/airflow/example_dags/example_trigger_controller_dag.py took 0.341 seconds
[2021-10-28 01:33:58,034] {processor.py:163} INFO - Started process (PID=386) to work on /home/airflow/.local/lib/python3.6/site-packages/airflow/example_dags/example_trigger_controller_dag.py
[2021-10-28 01:33:58,085] {processor.py:620} INFO - Processing file /home/airflow/.local/lib/python3.6/site-packages/airflow/example_dags/example_trigger_controller_dag.py for tasks to queue
[2021-10-28 01:33:58,091] {logging_mixin.py:109} INFO - [2021-10-28 01:33:58,090] {dagbag.py:500} INFO - Filling up the DagBag from /home/airflow/.local/lib/python3.6/site-packages/airflow/example_dags/example_trigger_controller_dag.py
[2021-10-28 01:33:58,221] {processor.py:632} INFO - DAG(s) dict_keys(['example_trigger_controller_dag']) retrieved from /home/airflow/.local/lib/python3.6/site-packages/airflow/example_dags/example_trigger_controller_dag.py
[2021-10-28 01:33:58,274] {logging_mixin.py:109} INFO - [2021-10-28 01:33:58,274] {dag.py:2389} INFO - Sync 1 DAGs
[2021-10-28 01:33:58,318] {logging_mixin.py:109} INFO - [2021-10-28 01:33:58,318] {dag.py:2914} INFO - Setting next_dagrun for example_trigger_controller_dag to 2021-01-01T00:00:00+00:00
[2021-10-28 01:33:58,373] {processor.py:171} INFO - Processing /home/airflow/.local/lib/python3.6/site-packages/airflow/example_dags/example_trigger_controller_dag.py took 0.342 seconds
[2021-10-28 01:34:29,031] {processor.py:163} INFO - Started process (PID=447) to work on /home/airflow/.local/lib/python3.6/site-packages/airflow/example_dags/example_trigger_controller_dag.py
[2021-10-28 01:34:29,073] {processor.py:620} INFO - Processing file /home/airflow/.local/lib/python3.6/site-packages/airflow/example_dags/example_trigger_controller_dag.py for tasks to queue
[2021-10-28 01:34:29,077] {logging_mixin.py:109} INFO - [2021-10-28 01:34:29,077] {dagbag.py:500} INFO - Filling up the DagBag from /home/airflow/.local/lib/python3.6/site-packages/airflow/example_dags/example_trigger_controller_dag.py
[2021-10-28 01:34:29,200] {processor.py:632} INFO - DAG(s) dict_keys(['example_trigger_controller_dag']) retrieved from /home/airflow/.local/lib/python3.6/site-packages/airflow/example_dags/example_trigger_controller_dag.py
[2021-10-28 01:34:29,274] {logging_mixin.py:109} INFO - [2021-10-28 01:34:29,274] {dag.py:2389} INFO - Sync 1 DAGs
[2021-10-28 01:34:29,302] {logging_mixin.py:109} INFO - [2021-10-28 01:34:29,302] {dag.py:2914} INFO - Setting next_dagrun for example_trigger_controller_dag to 2021-01-01T00:00:00+00:00
[2021-10-28 01:34:29,359] {processor.py:171} INFO - Processing /home/airflow/.local/lib/python3.6/site-packages/airflow/example_dags/example_trigger_controller_dag.py took 0.331 seconds
[2021-10-28 01:35:00,139] {processor.py:163} INFO - Started process (PID=503) to work on /home/airflow/.local/lib/python3.6/site-packages/airflow/example_dags/example_trigger_controller_dag.py
[2021-10-28 01:35:00,142] {processor.py:620} INFO - Processing file /home/airflow/.local/lib/python3.6/site-packages/airflow/example_dags/example_trigger_controller_dag.py for tasks to queue
[2021-10-28 01:35:00,156] {logging_mixin.py:109} INFO - [2021-10-28 01:35:00,156] {dagbag.py:500} INFO - Filling up the DagBag from /home/airflow/.local/lib/python3.6/site-packages/airflow/example_dags/example_trigger_controller_dag.py
[2021-10-28 01:35:00,332] {processor.py:632} INFO - DAG(s) dict_keys(['example_trigger_controller_dag']) retrieved from /home/airflow/.local/lib/python3.6/site-packages/airflow/example_dags/example_trigger_controller_dag.py
[2021-10-28 01:35:00,432] {logging_mixin.py:109} INFO - [2021-10-28 01:35:00,432] {dag.py:2389} INFO - Sync 1 DAGs
[2021-10-28 01:35:00,520] {logging_mixin.py:109} INFO - [2021-10-28 01:35:00,520] {dag.py:2914} INFO - Setting next_dagrun for example_trigger_controller_dag to 2021-01-01T00:00:00+00:00
[2021-10-28 01:35:00,591] {processor.py:171} INFO - Processing /home/airflow/.local/lib/python3.6/site-packages/airflow/example_dags/example_trigger_controller_dag.py took 0.454 seconds
[2021-10-28 01:35:30,775] {processor.py:163} INFO - Started process (PID=556) to work on /home/airflow/.local/lib/python3.6/site-packages/airflow/example_dags/example_trigger_controller_dag.py
[2021-10-28 01:35:30,792] {processor.py:620} INFO - Processing file /home/airflow/.local/lib/python3.6/site-packages/airflow/example_dags/example_trigger_controller_dag.py for tasks to queue
[2021-10-28 01:35:30,794] {logging_mixin.py:109} INFO - [2021-10-28 01:35:30,794] {dagbag.py:500} INFO - Filling up the DagBag from /home/airflow/.local/lib/python3.6/site-packages/airflow/example_dags/example_trigger_controller_dag.py
[2021-10-28 01:35:30,847] {processor.py:632} INFO - DAG(s) dict_keys(['example_trigger_controller_dag']) retrieved from /home/airflow/.local/lib/python3.6/site-packages/airflow/example_dags/example_trigger_controller_dag.py
[2021-10-28 01:35:30,875] {logging_mixin.py:109} INFO - [2021-10-28 01:35:30,875] {dag.py:2389} INFO - Sync 1 DAGs
[2021-10-28 01:35:30,895] {logging_mixin.py:109} INFO - [2021-10-28 01:35:30,895] {dag.py:2914} INFO - Setting next_dagrun for example_trigger_controller_dag to 2021-01-01T00:00:00+00:00
[2021-10-28 01:35:30,909] {processor.py:171} INFO - Processing /home/airflow/.local/lib/python3.6/site-packages/airflow/example_dags/example_trigger_controller_dag.py took 0.137 seconds
[2021-10-28 01:36:00,971] {processor.py:163} INFO - Started process (PID=609) to work on /home/airflow/.local/lib/python3.6/site-packages/airflow/example_dags/example_trigger_controller_dag.py
[2021-10-28 01:36:00,978] {processor.py:620} INFO - Processing file /home/airflow/.local/lib/python3.6/site-packages/airflow/example_dags/example_trigger_controller_dag.py for tasks to queue
[2021-10-28 01:36:00,983] {logging_mixin.py:109} INFO - [2021-10-28 01:36:00,983] {dagbag.py:500} INFO - Filling up the DagBag from /home/airflow/.local/lib/python3.6/site-packages/airflow/example_dags/example_trigger_controller_dag.py
[2021-10-28 01:36:01,029] {processor.py:632} INFO - DAG(s) dict_keys(['example_trigger_controller_dag']) retrieved from /home/airflow/.local/lib/python3.6/site-packages/airflow/example_dags/example_trigger_controller_dag.py
[2021-10-28 01:36:01,052] {logging_mixin.py:109} INFO - [2021-10-28 01:36:01,052] {dag.py:2389} INFO - Sync 1 DAGs
[2021-10-28 01:36:01,072] {logging_mixin.py:109} INFO - [2021-10-28 01:36:01,072] {dag.py:2914} INFO - Setting next_dagrun for example_trigger_controller_dag to 2021-01-01T00:00:00+00:00
[2021-10-28 01:36:01,089] {processor.py:171} INFO - Processing /home/airflow/.local/lib/python3.6/site-packages/airflow/example_dags/example_trigger_controller_dag.py took 0.121 seconds
[2021-10-28 01:36:31,447] {processor.py:163} INFO - Started process (PID=662) to work on /home/airflow/.local/lib/python3.6/site-packages/airflow/example_dags/example_trigger_controller_dag.py
[2021-10-28 01:36:31,454] {processor.py:620} INFO - Processing file /home/airflow/.local/lib/python3.6/site-packages/airflow/example_dags/example_trigger_controller_dag.py for tasks to queue
[2021-10-28 01:36:31,455] {logging_mixin.py:109} INFO - [2021-10-28 01:36:31,455] {dagbag.py:500} INFO - Filling up the DagBag from /home/airflow/.local/lib/python3.6/site-packages/airflow/example_dags/example_trigger_controller_dag.py
[2021-10-28 01:36:31,503] {processor.py:632} INFO - DAG(s) dict_keys(['example_trigger_controller_dag']) retrieved from /home/airflow/.local/lib/python3.6/site-packages/airflow/example_dags/example_trigger_controller_dag.py
[2021-10-28 01:36:31,518] {logging_mixin.py:109} INFO - [2021-10-28 01:36:31,518] {dag.py:2389} INFO - Sync 1 DAGs
[2021-10-28 01:36:31,541] {logging_mixin.py:109} INFO - [2021-10-28 01:36:31,541] {dag.py:2914} INFO - Setting next_dagrun for example_trigger_controller_dag to 2021-01-01T00:00:00+00:00
[2021-10-28 01:36:31,561] {processor.py:171} INFO - Processing /home/airflow/.local/lib/python3.6/site-packages/airflow/example_dags/example_trigger_controller_dag.py took 0.117 seconds
[2021-10-28 01:37:02,220] {processor.py:163} INFO - Started process (PID=713) to work on /home/airflow/.local/lib/python3.6/site-packages/airflow/example_dags/example_trigger_controller_dag.py
[2021-10-28 01:37:02,222] {processor.py:620} INFO - Processing file /home/airflow/.local/lib/python3.6/site-packages/airflow/example_dags/example_trigger_controller_dag.py for tasks to queue
[2021-10-28 01:37:02,222] {logging_mixin.py:109} INFO - [2021-10-28 01:37:02,222] {dagbag.py:500} INFO - Filling up the DagBag from /home/airflow/.local/lib/python3.6/site-packages/airflow/example_dags/example_trigger_controller_dag.py
[2021-10-28 01:37:02,276] {processor.py:632} INFO - DAG(s) dict_keys(['example_trigger_controller_dag']) retrieved from /home/airflow/.local/lib/python3.6/site-packages/airflow/example_dags/example_trigger_controller_dag.py
[2021-10-28 01:37:02,306] {logging_mixin.py:109} INFO - [2021-10-28 01:37:02,306] {dag.py:2389} INFO - Sync 1 DAGs
[2021-10-28 01:37:02,333] {logging_mixin.py:109} INFO - [2021-10-28 01:37:02,332] {dag.py:2914} INFO - Setting next_dagrun for example_trigger_controller_dag to 2021-01-01T00:00:00+00:00
[2021-10-28 01:37:02,350] {processor.py:171} INFO - Processing /home/airflow/.local/lib/python3.6/site-packages/airflow/example_dags/example_trigger_controller_dag.py took 0.154 seconds
[2021-10-28 01:37:33,022] {processor.py:163} INFO - Started process (PID=765) to work on /home/airflow/.local/lib/python3.6/site-packages/airflow/example_dags/example_trigger_controller_dag.py
[2021-10-28 01:37:33,030] {processor.py:620} INFO - Processing file /home/airflow/.local/lib/python3.6/site-packages/airflow/example_dags/example_trigger_controller_dag.py for tasks to queue
[2021-10-28 01:37:33,035] {logging_mixin.py:109} INFO - [2021-10-28 01:37:33,035] {dagbag.py:500} INFO - Filling up the DagBag from /home/airflow/.local/lib/python3.6/site-packages/airflow/example_dags/example_trigger_controller_dag.py
[2021-10-28 01:37:33,092] {processor.py:632} INFO - DAG(s) dict_keys(['example_trigger_controller_dag']) retrieved from /home/airflow/.local/lib/python3.6/site-packages/airflow/example_dags/example_trigger_controller_dag.py
[2021-10-28 01:37:33,127] {logging_mixin.py:109} INFO - [2021-10-28 01:37:33,126] {dag.py:2389} INFO - Sync 1 DAGs
[2021-10-28 01:37:33,145] {logging_mixin.py:109} INFO - [2021-10-28 01:37:33,145] {dag.py:2914} INFO - Setting next_dagrun for example_trigger_controller_dag to 2021-01-01T00:00:00+00:00
[2021-10-28 01:37:33,162] {processor.py:171} INFO - Processing /home/airflow/.local/lib/python3.6/site-packages/airflow/example_dags/example_trigger_controller_dag.py took 0.142 seconds
[2021-10-28 01:38:03,916] {processor.py:163} INFO - Started process (PID=818) to work on /home/airflow/.local/lib/python3.6/site-packages/airflow/example_dags/example_trigger_controller_dag.py
[2021-10-28 01:38:03,942] {processor.py:620} INFO - Processing file /home/airflow/.local/lib/python3.6/site-packages/airflow/example_dags/example_trigger_controller_dag.py for tasks to queue
[2021-10-28 01:38:03,944] {logging_mixin.py:109} INFO - [2021-10-28 01:38:03,944] {dagbag.py:500} INFO - Filling up the DagBag from /home/airflow/.local/lib/python3.6/site-packages/airflow/example_dags/example_trigger_controller_dag.py
[2021-10-28 01:38:04,040] {processor.py:632} INFO - DAG(s) dict_keys(['example_trigger_controller_dag']) retrieved from /home/airflow/.local/lib/python3.6/site-packages/airflow/example_dags/example_trigger_controller_dag.py
[2021-10-28 01:38:04,075] {logging_mixin.py:109} INFO - [2021-10-28 01:38:04,075] {dag.py:2389} INFO - Sync 1 DAGs
[2021-10-28 01:38:04,132] {logging_mixin.py:109} INFO - [2021-10-28 01:38:04,132] {dag.py:2914} INFO - Setting next_dagrun for example_trigger_controller_dag to 2021-01-01T00:00:00+00:00
[2021-10-28 01:38:04,181] {processor.py:171} INFO - Processing /home/airflow/.local/lib/python3.6/site-packages/airflow/example_dags/example_trigger_controller_dag.py took 0.268 seconds
[2021-10-28 01:38:34,697] {processor.py:163} INFO - Started process (PID=871) to work on /home/airflow/.local/lib/python3.6/site-packages/airflow/example_dags/example_trigger_controller_dag.py
[2021-10-28 01:38:34,720] {processor.py:620} INFO - Processing file /home/airflow/.local/lib/python3.6/site-packages/airflow/example_dags/example_trigger_controller_dag.py for tasks to queue
[2021-10-28 01:38:34,721] {logging_mixin.py:109} INFO - [2021-10-28 01:38:34,721] {dagbag.py:500} INFO - Filling up the DagBag from /home/airflow/.local/lib/python3.6/site-packages/airflow/example_dags/example_trigger_controller_dag.py
[2021-10-28 01:38:34,826] {processor.py:632} INFO - DAG(s) dict_keys(['example_trigger_controller_dag']) retrieved from /home/airflow/.local/lib/python3.6/site-packages/airflow/example_dags/example_trigger_controller_dag.py
[2021-10-28 01:38:34,864] {logging_mixin.py:109} INFO - [2021-10-28 01:38:34,864] {dag.py:2389} INFO - Sync 1 DAGs
[2021-10-28 01:38:34,901] {logging_mixin.py:109} INFO - [2021-10-28 01:38:34,900] {dag.py:2914} INFO - Setting next_dagrun for example_trigger_controller_dag to 2021-01-01T00:00:00+00:00
[2021-10-28 01:38:34,942] {processor.py:171} INFO - Processing /home/airflow/.local/lib/python3.6/site-packages/airflow/example_dags/example_trigger_controller_dag.py took 0.248 seconds
[2021-10-28 01:39:05,440] {processor.py:163} INFO - Started process (PID=924) to work on /home/airflow/.local/lib/python3.6/site-packages/airflow/example_dags/example_trigger_controller_dag.py
[2021-10-28 01:39:05,471] {processor.py:620} INFO - Processing file /home/airflow/.local/lib/python3.6/site-packages/airflow/example_dags/example_trigger_controller_dag.py for tasks to queue
[2021-10-28 01:39:05,476] {logging_mixin.py:109} INFO - [2021-10-28 01:39:05,476] {dagbag.py:500} INFO - Filling up the DagBag from /home/airflow/.local/lib/python3.6/site-packages/airflow/example_dags/example_trigger_controller_dag.py
[2021-10-28 01:39:05,647] {processor.py:632} INFO - DAG(s) dict_keys(['example_trigger_controller_dag']) retrieved from /home/airflow/.local/lib/python3.6/site-packages/airflow/example_dags/example_trigger_controller_dag.py
[2021-10-28 01:39:05,832] {logging_mixin.py:109} INFO - [2021-10-28 01:39:05,832] {dag.py:2389} INFO - Sync 1 DAGs
[2021-10-28 01:39:05,908] {logging_mixin.py:109} INFO - [2021-10-28 01:39:05,908] {dag.py:2914} INFO - Setting next_dagrun for example_trigger_controller_dag to 2021-01-01T00:00:00+00:00
[2021-10-28 01:39:05,938] {processor.py:171} INFO - Processing /home/airflow/.local/lib/python3.6/site-packages/airflow/example_dags/example_trigger_controller_dag.py took 0.540 seconds
[2021-10-28 01:39:36,441] {processor.py:163} INFO - Started process (PID=975) to work on /home/airflow/.local/lib/python3.6/site-packages/airflow/example_dags/example_trigger_controller_dag.py
[2021-10-28 01:39:36,468] {processor.py:620} INFO - Processing file /home/airflow/.local/lib/python3.6/site-packages/airflow/example_dags/example_trigger_controller_dag.py for tasks to queue
[2021-10-28 01:39:36,470] {logging_mixin.py:109} INFO - [2021-10-28 01:39:36,470] {dagbag.py:500} INFO - Filling up the DagBag from /home/airflow/.local/lib/python3.6/site-packages/airflow/example_dags/example_trigger_controller_dag.py
[2021-10-28 01:39:36,567] {processor.py:632} INFO - DAG(s) dict_keys(['example_trigger_controller_dag']) retrieved from /home/airflow/.local/lib/python3.6/site-packages/airflow/example_dags/example_trigger_controller_dag.py
[2021-10-28 01:39:36,586] {logging_mixin.py:109} INFO - [2021-10-28 01:39:36,586] {dag.py:2389} INFO - Sync 1 DAGs
[2021-10-28 01:39:36,614] {logging_mixin.py:109} INFO - [2021-10-28 01:39:36,614] {dag.py:2914} INFO - Setting next_dagrun for example_trigger_controller_dag to 2021-01-01T00:00:00+00:00
[2021-10-28 01:39:36,687] {processor.py:171} INFO - Processing /home/airflow/.local/lib/python3.6/site-packages/airflow/example_dags/example_trigger_controller_dag.py took 0.249 seconds
[2021-10-28 01:40:06,780] {processor.py:163} INFO - Started process (PID=1019) to work on /home/airflow/.local/lib/python3.6/site-packages/airflow/example_dags/example_trigger_controller_dag.py
[2021-10-28 01:40:06,794] {processor.py:620} INFO - Processing file /home/airflow/.local/lib/python3.6/site-packages/airflow/example_dags/example_trigger_controller_dag.py for tasks to queue
[2021-10-28 01:40:06,795] {logging_mixin.py:109} INFO - [2021-10-28 01:40:06,795] {dagbag.py:500} INFO - Filling up the DagBag from /home/airflow/.local/lib/python3.6/site-packages/airflow/example_dags/example_trigger_controller_dag.py
[2021-10-28 01:40:06,878] {processor.py:632} INFO - DAG(s) dict_keys(['example_trigger_controller_dag']) retrieved from /home/airflow/.local/lib/python3.6/site-packages/airflow/example_dags/example_trigger_controller_dag.py
[2021-10-28 01:40:06,901] {logging_mixin.py:109} INFO - [2021-10-28 01:40:06,901] {dag.py:2389} INFO - Sync 1 DAGs
[2021-10-28 01:40:06,923] {logging_mixin.py:109} INFO - [2021-10-28 01:40:06,923] {dag.py:2914} INFO - Setting next_dagrun for example_trigger_controller_dag to 2021-01-01T00:00:00+00:00
[2021-10-28 01:40:06,935] {processor.py:171} INFO - Processing /home/airflow/.local/lib/python3.6/site-packages/airflow/example_dags/example_trigger_controller_dag.py took 0.158 seconds
[2021-10-28 01:40:37,247] {processor.py:163} INFO - Started process (PID=1072) to work on /home/airflow/.local/lib/python3.6/site-packages/airflow/example_dags/example_trigger_controller_dag.py
[2021-10-28 01:40:37,250] {processor.py:620} INFO - Processing file /home/airflow/.local/lib/python3.6/site-packages/airflow/example_dags/example_trigger_controller_dag.py for tasks to queue
[2021-10-28 01:40:37,251] {logging_mixin.py:109} INFO - [2021-10-28 01:40:37,251] {dagbag.py:500} INFO - Filling up the DagBag from /home/airflow/.local/lib/python3.6/site-packages/airflow/example_dags/example_trigger_controller_dag.py
[2021-10-28 01:40:37,275] {processor.py:632} INFO - DAG(s) dict_keys(['example_trigger_controller_dag']) retrieved from /home/airflow/.local/lib/python3.6/site-packages/airflow/example_dags/example_trigger_controller_dag.py
[2021-10-28 01:40:37,285] {logging_mixin.py:109} INFO - [2021-10-28 01:40:37,285] {dag.py:2389} INFO - Sync 1 DAGs
[2021-10-28 01:40:37,297] {logging_mixin.py:109} INFO - [2021-10-28 01:40:37,297] {dag.py:2914} INFO - Setting next_dagrun for example_trigger_controller_dag to 2021-01-01T00:00:00+00:00
[2021-10-28 01:40:37,316] {processor.py:171} INFO - Processing /home/airflow/.local/lib/python3.6/site-packages/airflow/example_dags/example_trigger_controller_dag.py took 0.072 seconds
[2021-10-28 01:41:07,547] {processor.py:163} INFO - Started process (PID=1124) to work on /home/airflow/.local/lib/python3.6/site-packages/airflow/example_dags/example_trigger_controller_dag.py
[2021-10-28 01:41:07,554] {processor.py:620} INFO - Processing file /home/airflow/.local/lib/python3.6/site-packages/airflow/example_dags/example_trigger_controller_dag.py for tasks to queue
[2021-10-28 01:41:07,556] {logging_mixin.py:109} INFO - [2021-10-28 01:41:07,556] {dagbag.py:500} INFO - Filling up the DagBag from /home/airflow/.local/lib/python3.6/site-packages/airflow/example_dags/example_trigger_controller_dag.py
[2021-10-28 01:41:07,581] {processor.py:632} INFO - DAG(s) dict_keys(['example_trigger_controller_dag']) retrieved from /home/airflow/.local/lib/python3.6/site-packages/airflow/example_dags/example_trigger_controller_dag.py
[2021-10-28 01:41:07,595] {logging_mixin.py:109} INFO - [2021-10-28 01:41:07,595] {dag.py:2389} INFO - Sync 1 DAGs
[2021-10-28 01:41:07,619] {logging_mixin.py:109} INFO - [2021-10-28 01:41:07,619] {dag.py:2914} INFO - Setting next_dagrun for example_trigger_controller_dag to 2021-01-01T00:00:00+00:00
[2021-10-28 01:41:07,641] {processor.py:171} INFO - Processing /home/airflow/.local/lib/python3.6/site-packages/airflow/example_dags/example_trigger_controller_dag.py took 0.097 seconds
[2021-10-28 01:41:40,743] {processor.py:163} INFO - Started process (PID=1177) to work on /home/airflow/.local/lib/python3.6/site-packages/airflow/example_dags/example_trigger_controller_dag.py
[2021-10-28 01:41:40,758] {processor.py:620} INFO - Processing file /home/airflow/.local/lib/python3.6/site-packages/airflow/example_dags/example_trigger_controller_dag.py for tasks to queue
[2021-10-28 01:41:40,767] {logging_mixin.py:109} INFO - [2021-10-28 01:41:40,766] {dagbag.py:500} INFO - Filling up the DagBag from /home/airflow/.local/lib/python3.6/site-packages/airflow/example_dags/example_trigger_controller_dag.py
[2021-10-28 01:41:41,045] {processor.py:632} INFO - DAG(s) dict_keys(['example_trigger_controller_dag']) retrieved from /home/airflow/.local/lib/python3.6/site-packages/airflow/example_dags/example_trigger_controller_dag.py
[2021-10-28 01:41:41,137] {logging_mixin.py:109} INFO - [2021-10-28 01:41:41,137] {dag.py:2389} INFO - Sync 1 DAGs
[2021-10-28 01:41:41,224] {logging_mixin.py:109} INFO - [2021-10-28 01:41:41,224] {dag.py:2914} INFO - Setting next_dagrun for example_trigger_controller_dag to 2021-01-01T00:00:00+00:00
[2021-10-28 01:41:41,283] {processor.py:171} INFO - Processing /home/airflow/.local/lib/python3.6/site-packages/airflow/example_dags/example_trigger_controller_dag.py took 0.589 seconds
[2021-10-28 01:42:11,409] {processor.py:163} INFO - Started process (PID=1227) to work on /home/airflow/.local/lib/python3.6/site-packages/airflow/example_dags/example_trigger_controller_dag.py
[2021-10-28 01:42:11,419] {processor.py:620} INFO - Processing file /home/airflow/.local/lib/python3.6/site-packages/airflow/example_dags/example_trigger_controller_dag.py for tasks to queue
[2021-10-28 01:42:11,423] {logging_mixin.py:109} INFO - [2021-10-28 01:42:11,423] {dagbag.py:500} INFO - Filling up the DagBag from /home/airflow/.local/lib/python3.6/site-packages/airflow/example_dags/example_trigger_controller_dag.py
[2021-10-28 01:42:11,546] {processor.py:632} INFO - DAG(s) dict_keys(['example_trigger_controller_dag']) retrieved from /home/airflow/.local/lib/python3.6/site-packages/airflow/example_dags/example_trigger_controller_dag.py
[2021-10-28 01:42:11,611] {logging_mixin.py:109} INFO - [2021-10-28 01:42:11,611] {dag.py:2389} INFO - Sync 1 DAGs
[2021-10-28 01:42:11,692] {logging_mixin.py:109} INFO - [2021-10-28 01:42:11,692] {dag.py:2914} INFO - Setting next_dagrun for example_trigger_controller_dag to 2021-01-01T00:00:00+00:00
[2021-10-28 01:42:11,760] {processor.py:171} INFO - Processing /home/airflow/.local/lib/python3.6/site-packages/airflow/example_dags/example_trigger_controller_dag.py took 0.353 seconds
[2021-10-28 01:42:41,851] {processor.py:163} INFO - Started process (PID=1270) to work on /home/airflow/.local/lib/python3.6/site-packages/airflow/example_dags/example_trigger_controller_dag.py
[2021-10-28 01:42:41,859] {processor.py:620} INFO - Processing file /home/airflow/.local/lib/python3.6/site-packages/airflow/example_dags/example_trigger_controller_dag.py for tasks to queue
[2021-10-28 01:42:41,861] {logging_mixin.py:109} INFO - [2021-10-28 01:42:41,861] {dagbag.py:500} INFO - Filling up the DagBag from /home/airflow/.local/lib/python3.6/site-packages/airflow/example_dags/example_trigger_controller_dag.py
[2021-10-28 01:42:41,931] {processor.py:632} INFO - DAG(s) dict_keys(['example_trigger_controller_dag']) retrieved from /home/airflow/.local/lib/python3.6/site-packages/airflow/example_dags/example_trigger_controller_dag.py
[2021-10-28 01:42:41,952] {logging_mixin.py:109} INFO - [2021-10-28 01:42:41,952] {dag.py:2389} INFO - Sync 1 DAGs
[2021-10-28 01:42:41,978] {logging_mixin.py:109} INFO - [2021-10-28 01:42:41,977] {dag.py:2914} INFO - Setting next_dagrun for example_trigger_controller_dag to 2021-01-01T00:00:00+00:00
[2021-10-28 01:42:41,996] {processor.py:171} INFO - Processing /home/airflow/.local/lib/python3.6/site-packages/airflow/example_dags/example_trigger_controller_dag.py took 0.148 seconds
