[2021-10-28 01:31:57,845] {processor.py:163} INFO - Started process (PID=232) to work on /home/airflow/.local/lib/python3.6/site-packages/airflow/example_dags/example_bash_operator.py
[2021-10-28 01:31:57,851] {processor.py:620} INFO - Processing file /home/airflow/.local/lib/python3.6/site-packages/airflow/example_dags/example_bash_operator.py for tasks to queue
[2021-10-28 01:31:57,853] {logging_mixin.py:109} INFO - [2021-10-28 01:31:57,853] {dagbag.py:500} INFO - Filling up the DagBag from /home/airflow/.local/lib/python3.6/site-packages/airflow/example_dags/example_bash_operator.py
[2021-10-28 01:31:57,913] {processor.py:632} INFO - DAG(s) dict_keys(['example_bash_operator']) retrieved from /home/airflow/.local/lib/python3.6/site-packages/airflow/example_dags/example_bash_operator.py
[2021-10-28 01:32:02,225] {logging_mixin.py:109} INFO - [2021-10-28 01:32:02,225] {providers_manager.py:156} WARNING - Exception when importing 'airflow.providers.google.leveldb.hooks.leveldb.LevelDBHook' from 'apache-airflow-providers-google' package: No module named 'plyvel'
[2021-10-28 01:32:05,232] {logging_mixin.py:109} INFO - [2021-10-28 01:32:05,232] {providers_manager.py:156} WARNING - Exception when importing 'airflow.providers.google.leveldb.hooks.leveldb.LevelDBHook' from 'apache-airflow-providers-google' package: No module named 'plyvel'
[2021-10-28 01:32:05,400] {logging_mixin.py:109} INFO - [2021-10-28 01:32:05,400] {manager.py:496} INFO - Created Permission View: can read on DAG:example_bash_operator
[2021-10-28 01:32:05,453] {logging_mixin.py:109} INFO - [2021-10-28 01:32:05,453] {manager.py:496} INFO - Created Permission View: can edit on DAG:example_bash_operator
[2021-10-28 01:32:05,455] {logging_mixin.py:109} INFO - [2021-10-28 01:32:05,454] {dag.py:2389} INFO - Sync 1 DAGs
[2021-10-28 01:32:05,508] {logging_mixin.py:109} INFO - [2021-10-28 01:32:05,507] {dag.py:2408} INFO - Creating ORM DAG for example_bash_operator
[2021-10-28 01:32:05,602] {logging_mixin.py:109} INFO - [2021-10-28 01:32:05,602] {dag.py:2914} INFO - Setting next_dagrun for example_bash_operator to 2021-10-27 00:00:00+00:00
[2021-10-28 01:32:05,679] {processor.py:171} INFO - Processing /home/airflow/.local/lib/python3.6/site-packages/airflow/example_dags/example_bash_operator.py took 7.838 seconds
[2021-10-28 01:33:28,821] {processor.py:163} INFO - Started process (PID=339) to work on /home/airflow/.local/lib/python3.6/site-packages/airflow/example_dags/example_bash_operator.py
[2021-10-28 01:33:28,863] {processor.py:620} INFO - Processing file /home/airflow/.local/lib/python3.6/site-packages/airflow/example_dags/example_bash_operator.py for tasks to queue
[2021-10-28 01:33:28,867] {logging_mixin.py:109} INFO - [2021-10-28 01:33:28,867] {dagbag.py:500} INFO - Filling up the DagBag from /home/airflow/.local/lib/python3.6/site-packages/airflow/example_dags/example_bash_operator.py
[2021-10-28 01:33:29,019] {processor.py:632} INFO - DAG(s) dict_keys(['example_bash_operator']) retrieved from /home/airflow/.local/lib/python3.6/site-packages/airflow/example_dags/example_bash_operator.py
[2021-10-28 01:33:29,049] {logging_mixin.py:109} INFO - [2021-10-28 01:33:29,049] {dag.py:2389} INFO - Sync 1 DAGs
[2021-10-28 01:33:29,089] {logging_mixin.py:109} INFO - [2021-10-28 01:33:29,089] {dag.py:2914} INFO - Setting next_dagrun for example_bash_operator to 2021-10-27 00:00:00+00:00
[2021-10-28 01:33:29,138] {processor.py:171} INFO - Processing /home/airflow/.local/lib/python3.6/site-packages/airflow/example_dags/example_bash_operator.py took 0.320 seconds
[2021-10-28 01:33:59,326] {processor.py:163} INFO - Started process (PID=391) to work on /home/airflow/.local/lib/python3.6/site-packages/airflow/example_dags/example_bash_operator.py
[2021-10-28 01:33:59,329] {processor.py:620} INFO - Processing file /home/airflow/.local/lib/python3.6/site-packages/airflow/example_dags/example_bash_operator.py for tasks to queue
[2021-10-28 01:33:59,331] {logging_mixin.py:109} INFO - [2021-10-28 01:33:59,331] {dagbag.py:500} INFO - Filling up the DagBag from /home/airflow/.local/lib/python3.6/site-packages/airflow/example_dags/example_bash_operator.py
[2021-10-28 01:33:59,410] {processor.py:632} INFO - DAG(s) dict_keys(['example_bash_operator']) retrieved from /home/airflow/.local/lib/python3.6/site-packages/airflow/example_dags/example_bash_operator.py
[2021-10-28 01:33:59,455] {logging_mixin.py:109} INFO - [2021-10-28 01:33:59,455] {dag.py:2389} INFO - Sync 1 DAGs
[2021-10-28 01:33:59,470] {logging_mixin.py:109} INFO - [2021-10-28 01:33:59,470] {dag.py:2914} INFO - Setting next_dagrun for example_bash_operator to 2021-10-27 00:00:00+00:00
[2021-10-28 01:33:59,497] {processor.py:171} INFO - Processing /home/airflow/.local/lib/python3.6/site-packages/airflow/example_dags/example_bash_operator.py took 0.191 seconds
[2021-10-28 01:34:30,040] {processor.py:163} INFO - Started process (PID=454) to work on /home/airflow/.local/lib/python3.6/site-packages/airflow/example_dags/example_bash_operator.py
[2021-10-28 01:34:30,137] {processor.py:620} INFO - Processing file /home/airflow/.local/lib/python3.6/site-packages/airflow/example_dags/example_bash_operator.py for tasks to queue
[2021-10-28 01:34:30,142] {logging_mixin.py:109} INFO - [2021-10-28 01:34:30,142] {dagbag.py:500} INFO - Filling up the DagBag from /home/airflow/.local/lib/python3.6/site-packages/airflow/example_dags/example_bash_operator.py
[2021-10-28 01:34:30,301] {processor.py:632} INFO - DAG(s) dict_keys(['example_bash_operator']) retrieved from /home/airflow/.local/lib/python3.6/site-packages/airflow/example_dags/example_bash_operator.py
[2021-10-28 01:34:30,373] {logging_mixin.py:109} INFO - [2021-10-28 01:34:30,372] {dag.py:2389} INFO - Sync 1 DAGs
[2021-10-28 01:34:30,412] {logging_mixin.py:109} INFO - [2021-10-28 01:34:30,412] {dag.py:2914} INFO - Setting next_dagrun for example_bash_operator to 2021-10-27 00:00:00+00:00
[2021-10-28 01:34:30,441] {processor.py:171} INFO - Processing /home/airflow/.local/lib/python3.6/site-packages/airflow/example_dags/example_bash_operator.py took 0.404 seconds
[2021-10-28 01:35:01,362] {processor.py:163} INFO - Started process (PID=508) to work on /home/airflow/.local/lib/python3.6/site-packages/airflow/example_dags/example_bash_operator.py
[2021-10-28 01:35:01,399] {processor.py:620} INFO - Processing file /home/airflow/.local/lib/python3.6/site-packages/airflow/example_dags/example_bash_operator.py for tasks to queue
[2021-10-28 01:35:01,401] {logging_mixin.py:109} INFO - [2021-10-28 01:35:01,401] {dagbag.py:500} INFO - Filling up the DagBag from /home/airflow/.local/lib/python3.6/site-packages/airflow/example_dags/example_bash_operator.py
[2021-10-28 01:35:01,739] {processor.py:632} INFO - DAG(s) dict_keys(['example_bash_operator']) retrieved from /home/airflow/.local/lib/python3.6/site-packages/airflow/example_dags/example_bash_operator.py
[2021-10-28 01:35:01,838] {logging_mixin.py:109} INFO - [2021-10-28 01:35:01,805] {dag.py:2389} INFO - Sync 1 DAGs
[2021-10-28 01:35:01,887] {logging_mixin.py:109} INFO - [2021-10-28 01:35:01,887] {dag.py:2914} INFO - Setting next_dagrun for example_bash_operator to 2021-10-27 00:00:00+00:00
[2021-10-28 01:35:01,951] {processor.py:171} INFO - Processing /home/airflow/.local/lib/python3.6/site-packages/airflow/example_dags/example_bash_operator.py took 0.593 seconds
[2021-10-28 01:35:32,237] {processor.py:163} INFO - Started process (PID=561) to work on /home/airflow/.local/lib/python3.6/site-packages/airflow/example_dags/example_bash_operator.py
[2021-10-28 01:35:32,244] {processor.py:620} INFO - Processing file /home/airflow/.local/lib/python3.6/site-packages/airflow/example_dags/example_bash_operator.py for tasks to queue
[2021-10-28 01:35:32,246] {logging_mixin.py:109} INFO - [2021-10-28 01:35:32,246] {dagbag.py:500} INFO - Filling up the DagBag from /home/airflow/.local/lib/python3.6/site-packages/airflow/example_dags/example_bash_operator.py
[2021-10-28 01:35:32,400] {processor.py:632} INFO - DAG(s) dict_keys(['example_bash_operator']) retrieved from /home/airflow/.local/lib/python3.6/site-packages/airflow/example_dags/example_bash_operator.py
[2021-10-28 01:35:32,423] {logging_mixin.py:109} INFO - [2021-10-28 01:35:32,423] {dag.py:2389} INFO - Sync 1 DAGs
[2021-10-28 01:35:32,443] {logging_mixin.py:109} INFO - [2021-10-28 01:35:32,442] {dag.py:2914} INFO - Setting next_dagrun for example_bash_operator to 2021-10-27 00:00:00+00:00
[2021-10-28 01:35:32,468] {processor.py:171} INFO - Processing /home/airflow/.local/lib/python3.6/site-packages/airflow/example_dags/example_bash_operator.py took 0.234 seconds
[2021-10-28 01:36:03,370] {processor.py:163} INFO - Started process (PID=614) to work on /home/airflow/.local/lib/python3.6/site-packages/airflow/example_dags/example_bash_operator.py
[2021-10-28 01:36:03,405] {processor.py:620} INFO - Processing file /home/airflow/.local/lib/python3.6/site-packages/airflow/example_dags/example_bash_operator.py for tasks to queue
[2021-10-28 01:36:03,407] {logging_mixin.py:109} INFO - [2021-10-28 01:36:03,406] {dagbag.py:500} INFO - Filling up the DagBag from /home/airflow/.local/lib/python3.6/site-packages/airflow/example_dags/example_bash_operator.py
[2021-10-28 01:36:03,513] {processor.py:632} INFO - DAG(s) dict_keys(['example_bash_operator']) retrieved from /home/airflow/.local/lib/python3.6/site-packages/airflow/example_dags/example_bash_operator.py
[2021-10-28 01:36:03,534] {logging_mixin.py:109} INFO - [2021-10-28 01:36:03,534] {dag.py:2389} INFO - Sync 1 DAGs
[2021-10-28 01:36:03,556] {logging_mixin.py:109} INFO - [2021-10-28 01:36:03,556] {dag.py:2914} INFO - Setting next_dagrun for example_bash_operator to 2021-10-27 00:00:00+00:00
[2021-10-28 01:36:03,582] {processor.py:171} INFO - Processing /home/airflow/.local/lib/python3.6/site-packages/airflow/example_dags/example_bash_operator.py took 0.215 seconds
[2021-10-28 01:36:33,885] {processor.py:163} INFO - Started process (PID=667) to work on /home/airflow/.local/lib/python3.6/site-packages/airflow/example_dags/example_bash_operator.py
[2021-10-28 01:36:33,922] {processor.py:620} INFO - Processing file /home/airflow/.local/lib/python3.6/site-packages/airflow/example_dags/example_bash_operator.py for tasks to queue
[2021-10-28 01:36:33,923] {logging_mixin.py:109} INFO - [2021-10-28 01:36:33,923] {dagbag.py:500} INFO - Filling up the DagBag from /home/airflow/.local/lib/python3.6/site-packages/airflow/example_dags/example_bash_operator.py
[2021-10-28 01:36:34,081] {processor.py:632} INFO - DAG(s) dict_keys(['example_bash_operator']) retrieved from /home/airflow/.local/lib/python3.6/site-packages/airflow/example_dags/example_bash_operator.py
[2021-10-28 01:36:34,115] {logging_mixin.py:109} INFO - [2021-10-28 01:36:34,115] {dag.py:2389} INFO - Sync 1 DAGs
[2021-10-28 01:36:34,149] {logging_mixin.py:109} INFO - [2021-10-28 01:36:34,149] {dag.py:2914} INFO - Setting next_dagrun for example_bash_operator to 2021-10-27 00:00:00+00:00
[2021-10-28 01:36:34,205] {processor.py:171} INFO - Processing /home/airflow/.local/lib/python3.6/site-packages/airflow/example_dags/example_bash_operator.py took 0.328 seconds
[2021-10-28 01:37:04,635] {processor.py:163} INFO - Started process (PID=718) to work on /home/airflow/.local/lib/python3.6/site-packages/airflow/example_dags/example_bash_operator.py
[2021-10-28 01:37:04,696] {processor.py:620} INFO - Processing file /home/airflow/.local/lib/python3.6/site-packages/airflow/example_dags/example_bash_operator.py for tasks to queue
[2021-10-28 01:37:04,704] {logging_mixin.py:109} INFO - [2021-10-28 01:37:04,704] {dagbag.py:500} INFO - Filling up the DagBag from /home/airflow/.local/lib/python3.6/site-packages/airflow/example_dags/example_bash_operator.py
[2021-10-28 01:37:04,847] {processor.py:632} INFO - DAG(s) dict_keys(['example_bash_operator']) retrieved from /home/airflow/.local/lib/python3.6/site-packages/airflow/example_dags/example_bash_operator.py
[2021-10-28 01:37:04,899] {logging_mixin.py:109} INFO - [2021-10-28 01:37:04,899] {dag.py:2389} INFO - Sync 1 DAGs
[2021-10-28 01:37:04,934] {logging_mixin.py:109} INFO - [2021-10-28 01:37:04,933] {dag.py:2914} INFO - Setting next_dagrun for example_bash_operator to 2021-10-27 00:00:00+00:00
[2021-10-28 01:37:04,977] {processor.py:171} INFO - Processing /home/airflow/.local/lib/python3.6/site-packages/airflow/example_dags/example_bash_operator.py took 0.345 seconds
[2021-10-28 01:37:35,481] {processor.py:163} INFO - Started process (PID=770) to work on /home/airflow/.local/lib/python3.6/site-packages/airflow/example_dags/example_bash_operator.py
[2021-10-28 01:37:35,505] {processor.py:620} INFO - Processing file /home/airflow/.local/lib/python3.6/site-packages/airflow/example_dags/example_bash_operator.py for tasks to queue
[2021-10-28 01:37:35,509] {logging_mixin.py:109} INFO - [2021-10-28 01:37:35,509] {dagbag.py:500} INFO - Filling up the DagBag from /home/airflow/.local/lib/python3.6/site-packages/airflow/example_dags/example_bash_operator.py
[2021-10-28 01:37:35,809] {processor.py:632} INFO - DAG(s) dict_keys(['example_bash_operator']) retrieved from /home/airflow/.local/lib/python3.6/site-packages/airflow/example_dags/example_bash_operator.py
[2021-10-28 01:37:35,877] {logging_mixin.py:109} INFO - [2021-10-28 01:37:35,876] {dag.py:2389} INFO - Sync 1 DAGs
[2021-10-28 01:37:35,928] {logging_mixin.py:109} INFO - [2021-10-28 01:37:35,928] {dag.py:2914} INFO - Setting next_dagrun for example_bash_operator to 2021-10-27 00:00:00+00:00
[2021-10-28 01:37:35,993] {processor.py:171} INFO - Processing /home/airflow/.local/lib/python3.6/site-packages/airflow/example_dags/example_bash_operator.py took 0.514 seconds
[2021-10-28 01:38:06,795] {processor.py:163} INFO - Started process (PID=823) to work on /home/airflow/.local/lib/python3.6/site-packages/airflow/example_dags/example_bash_operator.py
[2021-10-28 01:38:06,824] {processor.py:620} INFO - Processing file /home/airflow/.local/lib/python3.6/site-packages/airflow/example_dags/example_bash_operator.py for tasks to queue
[2021-10-28 01:38:06,826] {logging_mixin.py:109} INFO - [2021-10-28 01:38:06,826] {dagbag.py:500} INFO - Filling up the DagBag from /home/airflow/.local/lib/python3.6/site-packages/airflow/example_dags/example_bash_operator.py
[2021-10-28 01:38:06,954] {processor.py:632} INFO - DAG(s) dict_keys(['example_bash_operator']) retrieved from /home/airflow/.local/lib/python3.6/site-packages/airflow/example_dags/example_bash_operator.py
[2021-10-28 01:38:06,988] {logging_mixin.py:109} INFO - [2021-10-28 01:38:06,988] {dag.py:2389} INFO - Sync 1 DAGs
[2021-10-28 01:38:07,020] {logging_mixin.py:109} INFO - [2021-10-28 01:38:07,020] {dag.py:2914} INFO - Setting next_dagrun for example_bash_operator to 2021-10-27 00:00:00+00:00
[2021-10-28 01:38:07,149] {processor.py:171} INFO - Processing /home/airflow/.local/lib/python3.6/site-packages/airflow/example_dags/example_bash_operator.py took 0.357 seconds
[2021-10-28 01:38:37,585] {processor.py:163} INFO - Started process (PID=876) to work on /home/airflow/.local/lib/python3.6/site-packages/airflow/example_dags/example_bash_operator.py
[2021-10-28 01:38:37,598] {processor.py:620} INFO - Processing file /home/airflow/.local/lib/python3.6/site-packages/airflow/example_dags/example_bash_operator.py for tasks to queue
[2021-10-28 01:38:37,599] {logging_mixin.py:109} INFO - [2021-10-28 01:38:37,599] {dagbag.py:500} INFO - Filling up the DagBag from /home/airflow/.local/lib/python3.6/site-packages/airflow/example_dags/example_bash_operator.py
[2021-10-28 01:38:37,754] {processor.py:632} INFO - DAG(s) dict_keys(['example_bash_operator']) retrieved from /home/airflow/.local/lib/python3.6/site-packages/airflow/example_dags/example_bash_operator.py
[2021-10-28 01:38:37,802] {logging_mixin.py:109} INFO - [2021-10-28 01:38:37,802] {dag.py:2389} INFO - Sync 1 DAGs
[2021-10-28 01:38:37,850] {logging_mixin.py:109} INFO - [2021-10-28 01:38:37,850] {dag.py:2914} INFO - Setting next_dagrun for example_bash_operator to 2021-10-27 00:00:00+00:00
[2021-10-28 01:38:37,892] {processor.py:171} INFO - Processing /home/airflow/.local/lib/python3.6/site-packages/airflow/example_dags/example_bash_operator.py took 0.311 seconds
[2021-10-28 01:39:08,118] {processor.py:163} INFO - Started process (PID=929) to work on /home/airflow/.local/lib/python3.6/site-packages/airflow/example_dags/example_bash_operator.py
[2021-10-28 01:39:08,122] {processor.py:620} INFO - Processing file /home/airflow/.local/lib/python3.6/site-packages/airflow/example_dags/example_bash_operator.py for tasks to queue
[2021-10-28 01:39:08,131] {logging_mixin.py:109} INFO - [2021-10-28 01:39:08,131] {dagbag.py:500} INFO - Filling up the DagBag from /home/airflow/.local/lib/python3.6/site-packages/airflow/example_dags/example_bash_operator.py
[2021-10-28 01:39:08,295] {processor.py:632} INFO - DAG(s) dict_keys(['example_bash_operator']) retrieved from /home/airflow/.local/lib/python3.6/site-packages/airflow/example_dags/example_bash_operator.py
[2021-10-28 01:39:08,353] {logging_mixin.py:109} INFO - [2021-10-28 01:39:08,353] {dag.py:2389} INFO - Sync 1 DAGs
[2021-10-28 01:39:08,413] {logging_mixin.py:109} INFO - [2021-10-28 01:39:08,412] {dag.py:2914} INFO - Setting next_dagrun for example_bash_operator to 2021-10-27 00:00:00+00:00
[2021-10-28 01:39:08,471] {processor.py:171} INFO - Processing /home/airflow/.local/lib/python3.6/site-packages/airflow/example_dags/example_bash_operator.py took 0.368 seconds
[2021-10-28 01:39:39,112] {processor.py:163} INFO - Started process (PID=982) to work on /home/airflow/.local/lib/python3.6/site-packages/airflow/example_dags/example_bash_operator.py
[2021-10-28 01:39:39,129] {processor.py:620} INFO - Processing file /home/airflow/.local/lib/python3.6/site-packages/airflow/example_dags/example_bash_operator.py for tasks to queue
[2021-10-28 01:39:39,129] {logging_mixin.py:109} INFO - [2021-10-28 01:39:39,129] {dagbag.py:500} INFO - Filling up the DagBag from /home/airflow/.local/lib/python3.6/site-packages/airflow/example_dags/example_bash_operator.py
[2021-10-28 01:39:39,478] {processor.py:632} INFO - DAG(s) dict_keys(['example_bash_operator']) retrieved from /home/airflow/.local/lib/python3.6/site-packages/airflow/example_dags/example_bash_operator.py
[2021-10-28 01:39:39,547] {logging_mixin.py:109} INFO - [2021-10-28 01:39:39,546] {dag.py:2389} INFO - Sync 1 DAGs
[2021-10-28 01:39:39,581] {logging_mixin.py:109} INFO - [2021-10-28 01:39:39,581] {dag.py:2914} INFO - Setting next_dagrun for example_bash_operator to 2021-10-27 00:00:00+00:00
[2021-10-28 01:39:39,635] {processor.py:171} INFO - Processing /home/airflow/.local/lib/python3.6/site-packages/airflow/example_dags/example_bash_operator.py took 0.526 seconds
[2021-10-28 01:40:10,011] {processor.py:163} INFO - Started process (PID=1025) to work on /home/airflow/.local/lib/python3.6/site-packages/airflow/example_dags/example_bash_operator.py
[2021-10-28 01:40:10,062] {processor.py:620} INFO - Processing file /home/airflow/.local/lib/python3.6/site-packages/airflow/example_dags/example_bash_operator.py for tasks to queue
[2021-10-28 01:40:10,064] {logging_mixin.py:109} INFO - [2021-10-28 01:40:10,064] {dagbag.py:500} INFO - Filling up the DagBag from /home/airflow/.local/lib/python3.6/site-packages/airflow/example_dags/example_bash_operator.py
[2021-10-28 01:40:10,313] {processor.py:632} INFO - DAG(s) dict_keys(['example_bash_operator']) retrieved from /home/airflow/.local/lib/python3.6/site-packages/airflow/example_dags/example_bash_operator.py
[2021-10-28 01:40:10,421] {logging_mixin.py:109} INFO - [2021-10-28 01:40:10,420] {dag.py:2389} INFO - Sync 1 DAGs
[2021-10-28 01:40:10,548] {logging_mixin.py:109} INFO - [2021-10-28 01:40:10,548] {dag.py:2914} INFO - Setting next_dagrun for example_bash_operator to 2021-10-27 00:00:00+00:00
[2021-10-28 01:40:10,625] {processor.py:171} INFO - Processing /home/airflow/.local/lib/python3.6/site-packages/airflow/example_dags/example_bash_operator.py took 0.721 seconds
[2021-10-28 01:40:40,870] {processor.py:163} INFO - Started process (PID=1078) to work on /home/airflow/.local/lib/python3.6/site-packages/airflow/example_dags/example_bash_operator.py
[2021-10-28 01:40:40,880] {processor.py:620} INFO - Processing file /home/airflow/.local/lib/python3.6/site-packages/airflow/example_dags/example_bash_operator.py for tasks to queue
[2021-10-28 01:40:40,881] {logging_mixin.py:109} INFO - [2021-10-28 01:40:40,881] {dagbag.py:500} INFO - Filling up the DagBag from /home/airflow/.local/lib/python3.6/site-packages/airflow/example_dags/example_bash_operator.py
[2021-10-28 01:40:40,959] {processor.py:632} INFO - DAG(s) dict_keys(['example_bash_operator']) retrieved from /home/airflow/.local/lib/python3.6/site-packages/airflow/example_dags/example_bash_operator.py
[2021-10-28 01:40:40,984] {logging_mixin.py:109} INFO - [2021-10-28 01:40:40,983] {dag.py:2389} INFO - Sync 1 DAGs
[2021-10-28 01:40:41,018] {logging_mixin.py:109} INFO - [2021-10-28 01:40:41,018] {dag.py:2914} INFO - Setting next_dagrun for example_bash_operator to 2021-10-27 00:00:00+00:00
[2021-10-28 01:40:41,055] {processor.py:171} INFO - Processing /home/airflow/.local/lib/python3.6/site-packages/airflow/example_dags/example_bash_operator.py took 0.188 seconds
[2021-10-28 01:41:11,424] {processor.py:163} INFO - Started process (PID=1130) to work on /home/airflow/.local/lib/python3.6/site-packages/airflow/example_dags/example_bash_operator.py
[2021-10-28 01:41:11,427] {processor.py:620} INFO - Processing file /home/airflow/.local/lib/python3.6/site-packages/airflow/example_dags/example_bash_operator.py for tasks to queue
[2021-10-28 01:41:11,427] {logging_mixin.py:109} INFO - [2021-10-28 01:41:11,427] {dagbag.py:500} INFO - Filling up the DagBag from /home/airflow/.local/lib/python3.6/site-packages/airflow/example_dags/example_bash_operator.py
[2021-10-28 01:41:11,567] {processor.py:632} INFO - DAG(s) dict_keys(['example_bash_operator']) retrieved from /home/airflow/.local/lib/python3.6/site-packages/airflow/example_dags/example_bash_operator.py
[2021-10-28 01:41:11,596] {logging_mixin.py:109} INFO - [2021-10-28 01:41:11,596] {dag.py:2389} INFO - Sync 1 DAGs
[2021-10-28 01:41:11,633] {logging_mixin.py:109} INFO - [2021-10-28 01:41:11,633] {dag.py:2914} INFO - Setting next_dagrun for example_bash_operator to 2021-10-27 00:00:00+00:00
[2021-10-28 01:41:11,693] {processor.py:171} INFO - Processing /home/airflow/.local/lib/python3.6/site-packages/airflow/example_dags/example_bash_operator.py took 0.285 seconds
[2021-10-28 01:41:44,354] {processor.py:163} INFO - Started process (PID=1183) to work on /home/airflow/.local/lib/python3.6/site-packages/airflow/example_dags/example_bash_operator.py
[2021-10-28 01:41:44,488] {processor.py:620} INFO - Processing file /home/airflow/.local/lib/python3.6/site-packages/airflow/example_dags/example_bash_operator.py for tasks to queue
[2021-10-28 01:41:44,488] {logging_mixin.py:109} INFO - [2021-10-28 01:41:44,488] {dagbag.py:500} INFO - Filling up the DagBag from /home/airflow/.local/lib/python3.6/site-packages/airflow/example_dags/example_bash_operator.py
[2021-10-28 01:41:44,654] {processor.py:632} INFO - DAG(s) dict_keys(['example_bash_operator']) retrieved from /home/airflow/.local/lib/python3.6/site-packages/airflow/example_dags/example_bash_operator.py
[2021-10-28 01:41:44,717] {logging_mixin.py:109} INFO - [2021-10-28 01:41:44,717] {dag.py:2389} INFO - Sync 1 DAGs
[2021-10-28 01:41:44,768] {logging_mixin.py:109} INFO - [2021-10-28 01:41:44,768] {dag.py:2914} INFO - Setting next_dagrun for example_bash_operator to 2021-10-27 00:00:00+00:00
[2021-10-28 01:41:44,824] {processor.py:171} INFO - Processing /home/airflow/.local/lib/python3.6/site-packages/airflow/example_dags/example_bash_operator.py took 0.473 seconds
[2021-10-28 01:42:15,151] {processor.py:163} INFO - Started process (PID=1235) to work on /home/airflow/.local/lib/python3.6/site-packages/airflow/example_dags/example_bash_operator.py
[2021-10-28 01:42:15,188] {processor.py:620} INFO - Processing file /home/airflow/.local/lib/python3.6/site-packages/airflow/example_dags/example_bash_operator.py for tasks to queue
[2021-10-28 01:42:15,212] {logging_mixin.py:109} INFO - [2021-10-28 01:42:15,212] {dagbag.py:500} INFO - Filling up the DagBag from /home/airflow/.local/lib/python3.6/site-packages/airflow/example_dags/example_bash_operator.py
[2021-10-28 01:42:15,687] {processor.py:632} INFO - DAG(s) dict_keys(['example_bash_operator']) retrieved from /home/airflow/.local/lib/python3.6/site-packages/airflow/example_dags/example_bash_operator.py
[2021-10-28 01:42:15,750] {logging_mixin.py:109} INFO - [2021-10-28 01:42:15,750] {dag.py:2389} INFO - Sync 1 DAGs
[2021-10-28 01:42:15,812] {logging_mixin.py:109} INFO - [2021-10-28 01:42:15,812] {dag.py:2914} INFO - Setting next_dagrun for example_bash_operator to 2021-10-27 00:00:00+00:00
[2021-10-28 01:42:15,870] {processor.py:171} INFO - Processing /home/airflow/.local/lib/python3.6/site-packages/airflow/example_dags/example_bash_operator.py took 0.748 seconds
[2021-10-28 01:42:46,082] {processor.py:163} INFO - Started process (PID=1291) to work on /home/airflow/.local/lib/python3.6/site-packages/airflow/example_dags/example_bash_operator.py
[2021-10-28 01:42:46,088] {processor.py:620} INFO - Processing file /home/airflow/.local/lib/python3.6/site-packages/airflow/example_dags/example_bash_operator.py for tasks to queue
[2021-10-28 01:42:46,089] {logging_mixin.py:109} INFO - [2021-10-28 01:42:46,089] {dagbag.py:500} INFO - Filling up the DagBag from /home/airflow/.local/lib/python3.6/site-packages/airflow/example_dags/example_bash_operator.py
[2021-10-28 01:42:46,123] {processor.py:632} INFO - DAG(s) dict_keys(['example_bash_operator']) retrieved from /home/airflow/.local/lib/python3.6/site-packages/airflow/example_dags/example_bash_operator.py
[2021-10-28 01:42:46,147] {logging_mixin.py:109} INFO - [2021-10-28 01:42:46,147] {dag.py:2389} INFO - Sync 1 DAGs
[2021-10-28 01:42:46,177] {logging_mixin.py:109} INFO - [2021-10-28 01:42:46,177] {dag.py:2914} INFO - Setting next_dagrun for example_bash_operator to 2021-10-27 00:00:00+00:00
[2021-10-28 01:42:46,193] {processor.py:171} INFO - Processing /home/airflow/.local/lib/python3.6/site-packages/airflow/example_dags/example_bash_operator.py took 0.113 seconds
