[2021-10-28 01:32:50,001] {processor.py:163} INFO - Started process (PID=293) to work on /home/airflow/.local/lib/python3.6/site-packages/airflow/example_dags/example_task_group_decorator.py
[2021-10-28 01:32:50,050] {processor.py:620} INFO - Processing file /home/airflow/.local/lib/python3.6/site-packages/airflow/example_dags/example_task_group_decorator.py for tasks to queue
[2021-10-28 01:32:50,051] {logging_mixin.py:109} INFO - [2021-10-28 01:32:50,051] {dagbag.py:500} INFO - Filling up the DagBag from /home/airflow/.local/lib/python3.6/site-packages/airflow/example_dags/example_task_group_decorator.py
[2021-10-28 01:32:50,315] {processor.py:632} INFO - DAG(s) dict_keys(['example_task_group_decorator']) retrieved from /home/airflow/.local/lib/python3.6/site-packages/airflow/example_dags/example_task_group_decorator.py
[2021-10-28 01:32:57,384] {logging_mixin.py:109} INFO - [2021-10-28 01:32:57,384] {providers_manager.py:156} WARNING - Exception when importing 'airflow.providers.google.leveldb.hooks.leveldb.LevelDBHook' from 'apache-airflow-providers-google' package: No module named 'plyvel'
[2021-10-28 01:32:59,544] {logging_mixin.py:109} INFO - [2021-10-28 01:32:59,544] {providers_manager.py:156} WARNING - Exception when importing 'airflow.providers.google.leveldb.hooks.leveldb.LevelDBHook' from 'apache-airflow-providers-google' package: No module named 'plyvel'
[2021-10-28 01:32:59,618] {logging_mixin.py:109} INFO - [2021-10-28 01:32:59,617] {manager.py:496} INFO - Created Permission View: can read on DAG:example_task_group_decorator
[2021-10-28 01:32:59,640] {logging_mixin.py:109} INFO - [2021-10-28 01:32:59,640] {manager.py:496} INFO - Created Permission View: can edit on DAG:example_task_group_decorator
[2021-10-28 01:32:59,642] {logging_mixin.py:109} INFO - [2021-10-28 01:32:59,641] {dag.py:2389} INFO - Sync 1 DAGs
[2021-10-28 01:32:59,684] {logging_mixin.py:109} INFO - [2021-10-28 01:32:59,683] {dag.py:2408} INFO - Creating ORM DAG for example_task_group_decorator
[2021-10-28 01:32:59,693] {logging_mixin.py:109} INFO - [2021-10-28 01:32:59,693] {dag.py:2914} INFO - Setting next_dagrun for example_task_group_decorator to 2021-10-27T01:32:59.693174+00:00
[2021-10-28 01:32:59,734] {processor.py:171} INFO - Processing /home/airflow/.local/lib/python3.6/site-packages/airflow/example_dags/example_task_group_decorator.py took 9.736 seconds
[2021-10-28 01:33:35,127] {processor.py:163} INFO - Started process (PID=355) to work on /home/airflow/.local/lib/python3.6/site-packages/airflow/example_dags/example_task_group_decorator.py
[2021-10-28 01:33:35,132] {processor.py:620} INFO - Processing file /home/airflow/.local/lib/python3.6/site-packages/airflow/example_dags/example_task_group_decorator.py for tasks to queue
[2021-10-28 01:33:35,133] {logging_mixin.py:109} INFO - [2021-10-28 01:33:35,133] {dagbag.py:500} INFO - Filling up the DagBag from /home/airflow/.local/lib/python3.6/site-packages/airflow/example_dags/example_task_group_decorator.py
[2021-10-28 01:33:35,285] {processor.py:632} INFO - DAG(s) dict_keys(['example_task_group_decorator']) retrieved from /home/airflow/.local/lib/python3.6/site-packages/airflow/example_dags/example_task_group_decorator.py
[2021-10-28 01:33:35,916] {logging_mixin.py:109} INFO - [2021-10-28 01:33:35,916] {dag.py:2389} INFO - Sync 1 DAGs
[2021-10-28 01:33:35,939] {logging_mixin.py:109} INFO - [2021-10-28 01:33:35,939] {dag.py:2914} INFO - Setting next_dagrun for example_task_group_decorator to 2021-10-27T01:33:35.939484+00:00
[2021-10-28 01:33:35,950] {processor.py:171} INFO - Processing /home/airflow/.local/lib/python3.6/site-packages/airflow/example_dags/example_task_group_decorator.py took 0.826 seconds
[2021-10-28 01:34:06,158] {processor.py:163} INFO - Started process (PID=418) to work on /home/airflow/.local/lib/python3.6/site-packages/airflow/example_dags/example_task_group_decorator.py
[2021-10-28 01:34:06,171] {processor.py:620} INFO - Processing file /home/airflow/.local/lib/python3.6/site-packages/airflow/example_dags/example_task_group_decorator.py for tasks to queue
[2021-10-28 01:34:06,174] {logging_mixin.py:109} INFO - [2021-10-28 01:34:06,174] {dagbag.py:500} INFO - Filling up the DagBag from /home/airflow/.local/lib/python3.6/site-packages/airflow/example_dags/example_task_group_decorator.py
[2021-10-28 01:34:06,279] {processor.py:632} INFO - DAG(s) dict_keys(['example_task_group_decorator']) retrieved from /home/airflow/.local/lib/python3.6/site-packages/airflow/example_dags/example_task_group_decorator.py
[2021-10-28 01:34:06,790] {logging_mixin.py:109} INFO - [2021-10-28 01:34:06,790] {dag.py:2389} INFO - Sync 1 DAGs
[2021-10-28 01:34:06,807] {logging_mixin.py:109} INFO - [2021-10-28 01:34:06,807] {dag.py:2914} INFO - Setting next_dagrun for example_task_group_decorator to 2021-10-27T01:34:06.806979+00:00
[2021-10-28 01:34:06,836] {processor.py:171} INFO - Processing /home/airflow/.local/lib/python3.6/site-packages/airflow/example_dags/example_task_group_decorator.py took 0.694 seconds
[2021-10-28 01:34:37,543] {processor.py:163} INFO - Started process (PID=471) to work on /home/airflow/.local/lib/python3.6/site-packages/airflow/example_dags/example_task_group_decorator.py
[2021-10-28 01:34:37,595] {processor.py:620} INFO - Processing file /home/airflow/.local/lib/python3.6/site-packages/airflow/example_dags/example_task_group_decorator.py for tasks to queue
[2021-10-28 01:34:37,597] {logging_mixin.py:109} INFO - [2021-10-28 01:34:37,597] {dagbag.py:500} INFO - Filling up the DagBag from /home/airflow/.local/lib/python3.6/site-packages/airflow/example_dags/example_task_group_decorator.py
[2021-10-28 01:34:38,052] {processor.py:632} INFO - DAG(s) dict_keys(['example_task_group_decorator']) retrieved from /home/airflow/.local/lib/python3.6/site-packages/airflow/example_dags/example_task_group_decorator.py
[2021-10-28 01:34:38,725] {logging_mixin.py:109} INFO - [2021-10-28 01:34:38,725] {dag.py:2389} INFO - Sync 1 DAGs
[2021-10-28 01:34:38,737] {logging_mixin.py:109} INFO - [2021-10-28 01:34:38,737] {dag.py:2914} INFO - Setting next_dagrun for example_task_group_decorator to 2021-10-27T01:34:38.737092+00:00
[2021-10-28 01:34:38,760] {processor.py:171} INFO - Processing /home/airflow/.local/lib/python3.6/site-packages/airflow/example_dags/example_task_group_decorator.py took 1.219 seconds
[2021-10-28 01:35:09,056] {processor.py:163} INFO - Started process (PID=524) to work on /home/airflow/.local/lib/python3.6/site-packages/airflow/example_dags/example_task_group_decorator.py
[2021-10-28 01:35:09,063] {processor.py:620} INFO - Processing file /home/airflow/.local/lib/python3.6/site-packages/airflow/example_dags/example_task_group_decorator.py for tasks to queue
[2021-10-28 01:35:09,064] {logging_mixin.py:109} INFO - [2021-10-28 01:35:09,064] {dagbag.py:500} INFO - Filling up the DagBag from /home/airflow/.local/lib/python3.6/site-packages/airflow/example_dags/example_task_group_decorator.py
[2021-10-28 01:35:09,231] {processor.py:632} INFO - DAG(s) dict_keys(['example_task_group_decorator']) retrieved from /home/airflow/.local/lib/python3.6/site-packages/airflow/example_dags/example_task_group_decorator.py
[2021-10-28 01:35:10,223] {logging_mixin.py:109} INFO - [2021-10-28 01:35:10,223] {dag.py:2389} INFO - Sync 1 DAGs
[2021-10-28 01:35:10,266] {logging_mixin.py:109} INFO - [2021-10-28 01:35:10,266] {dag.py:2914} INFO - Setting next_dagrun for example_task_group_decorator to 2021-10-27T01:35:10.266286+00:00
[2021-10-28 01:35:10,317] {processor.py:171} INFO - Processing /home/airflow/.local/lib/python3.6/site-packages/airflow/example_dags/example_task_group_decorator.py took 1.263 seconds
[2021-10-28 01:35:40,484] {processor.py:163} INFO - Started process (PID=577) to work on /home/airflow/.local/lib/python3.6/site-packages/airflow/example_dags/example_task_group_decorator.py
[2021-10-28 01:35:40,564] {processor.py:620} INFO - Processing file /home/airflow/.local/lib/python3.6/site-packages/airflow/example_dags/example_task_group_decorator.py for tasks to queue
[2021-10-28 01:35:40,565] {logging_mixin.py:109} INFO - [2021-10-28 01:35:40,565] {dagbag.py:500} INFO - Filling up the DagBag from /home/airflow/.local/lib/python3.6/site-packages/airflow/example_dags/example_task_group_decorator.py
[2021-10-28 01:35:40,794] {processor.py:632} INFO - DAG(s) dict_keys(['example_task_group_decorator']) retrieved from /home/airflow/.local/lib/python3.6/site-packages/airflow/example_dags/example_task_group_decorator.py
[2021-10-28 01:35:41,778] {logging_mixin.py:109} INFO - [2021-10-28 01:35:41,777] {dag.py:2389} INFO - Sync 1 DAGs
[2021-10-28 01:35:41,796] {logging_mixin.py:109} INFO - [2021-10-28 01:35:41,796] {dag.py:2914} INFO - Setting next_dagrun for example_task_group_decorator to 2021-10-27T01:35:41.795904+00:00
[2021-10-28 01:35:41,833] {processor.py:171} INFO - Processing /home/airflow/.local/lib/python3.6/site-packages/airflow/example_dags/example_task_group_decorator.py took 1.352 seconds
[2021-10-28 01:36:12,283] {processor.py:163} INFO - Started process (PID=640) to work on /home/airflow/.local/lib/python3.6/site-packages/airflow/example_dags/example_task_group_decorator.py
[2021-10-28 01:36:12,296] {processor.py:620} INFO - Processing file /home/airflow/.local/lib/python3.6/site-packages/airflow/example_dags/example_task_group_decorator.py for tasks to queue
[2021-10-28 01:36:12,298] {logging_mixin.py:109} INFO - [2021-10-28 01:36:12,297] {dagbag.py:500} INFO - Filling up the DagBag from /home/airflow/.local/lib/python3.6/site-packages/airflow/example_dags/example_task_group_decorator.py
[2021-10-28 01:36:12,431] {processor.py:632} INFO - DAG(s) dict_keys(['example_task_group_decorator']) retrieved from /home/airflow/.local/lib/python3.6/site-packages/airflow/example_dags/example_task_group_decorator.py
[2021-10-28 01:36:13,165] {logging_mixin.py:109} INFO - [2021-10-28 01:36:13,165] {dag.py:2389} INFO - Sync 1 DAGs
[2021-10-28 01:36:13,253] {logging_mixin.py:109} INFO - [2021-10-28 01:36:13,253] {dag.py:2914} INFO - Setting next_dagrun for example_task_group_decorator to 2021-10-27T01:36:13.253647+00:00
[2021-10-28 01:36:13,325] {processor.py:171} INFO - Processing /home/airflow/.local/lib/python3.6/site-packages/airflow/example_dags/example_task_group_decorator.py took 1.045 seconds
[2021-10-28 01:36:43,558] {processor.py:163} INFO - Started process (PID=692) to work on /home/airflow/.local/lib/python3.6/site-packages/airflow/example_dags/example_task_group_decorator.py
[2021-10-28 01:36:43,565] {processor.py:620} INFO - Processing file /home/airflow/.local/lib/python3.6/site-packages/airflow/example_dags/example_task_group_decorator.py for tasks to queue
[2021-10-28 01:36:43,572] {logging_mixin.py:109} INFO - [2021-10-28 01:36:43,571] {dagbag.py:500} INFO - Filling up the DagBag from /home/airflow/.local/lib/python3.6/site-packages/airflow/example_dags/example_task_group_decorator.py
[2021-10-28 01:36:43,661] {processor.py:632} INFO - DAG(s) dict_keys(['example_task_group_decorator']) retrieved from /home/airflow/.local/lib/python3.6/site-packages/airflow/example_dags/example_task_group_decorator.py
[2021-10-28 01:36:44,149] {logging_mixin.py:109} INFO - [2021-10-28 01:36:44,148] {dag.py:2389} INFO - Sync 1 DAGs
[2021-10-28 01:36:44,265] {logging_mixin.py:109} INFO - [2021-10-28 01:36:44,264] {dag.py:2914} INFO - Setting next_dagrun for example_task_group_decorator to 2021-10-27T01:36:44.264654+00:00
[2021-10-28 01:36:44,376] {processor.py:171} INFO - Processing /home/airflow/.local/lib/python3.6/site-packages/airflow/example_dags/example_task_group_decorator.py took 0.821 seconds
[2021-10-28 01:37:14,614] {processor.py:163} INFO - Started process (PID=744) to work on /home/airflow/.local/lib/python3.6/site-packages/airflow/example_dags/example_task_group_decorator.py
[2021-10-28 01:37:14,624] {processor.py:620} INFO - Processing file /home/airflow/.local/lib/python3.6/site-packages/airflow/example_dags/example_task_group_decorator.py for tasks to queue
[2021-10-28 01:37:14,625] {logging_mixin.py:109} INFO - [2021-10-28 01:37:14,624] {dagbag.py:500} INFO - Filling up the DagBag from /home/airflow/.local/lib/python3.6/site-packages/airflow/example_dags/example_task_group_decorator.py
[2021-10-28 01:37:14,825] {processor.py:632} INFO - DAG(s) dict_keys(['example_task_group_decorator']) retrieved from /home/airflow/.local/lib/python3.6/site-packages/airflow/example_dags/example_task_group_decorator.py
[2021-10-28 01:37:15,325] {logging_mixin.py:109} INFO - [2021-10-28 01:37:15,325] {dag.py:2389} INFO - Sync 1 DAGs
[2021-10-28 01:37:15,342] {logging_mixin.py:109} INFO - [2021-10-28 01:37:15,342] {dag.py:2914} INFO - Setting next_dagrun for example_task_group_decorator to 2021-10-27T01:37:15.341726+00:00
[2021-10-28 01:37:15,361] {processor.py:171} INFO - Processing /home/airflow/.local/lib/python3.6/site-packages/airflow/example_dags/example_task_group_decorator.py took 0.751 seconds
[2021-10-28 01:37:45,982] {processor.py:163} INFO - Started process (PID=798) to work on /home/airflow/.local/lib/python3.6/site-packages/airflow/example_dags/example_task_group_decorator.py
[2021-10-28 01:37:45,990] {processor.py:620} INFO - Processing file /home/airflow/.local/lib/python3.6/site-packages/airflow/example_dags/example_task_group_decorator.py for tasks to queue
[2021-10-28 01:37:45,992] {logging_mixin.py:109} INFO - [2021-10-28 01:37:45,992] {dagbag.py:500} INFO - Filling up the DagBag from /home/airflow/.local/lib/python3.6/site-packages/airflow/example_dags/example_task_group_decorator.py
[2021-10-28 01:37:46,091] {processor.py:632} INFO - DAG(s) dict_keys(['example_task_group_decorator']) retrieved from /home/airflow/.local/lib/python3.6/site-packages/airflow/example_dags/example_task_group_decorator.py
[2021-10-28 01:37:46,294] {logging_mixin.py:109} INFO - [2021-10-28 01:37:46,294] {dag.py:2389} INFO - Sync 1 DAGs
[2021-10-28 01:37:46,304] {logging_mixin.py:109} INFO - [2021-10-28 01:37:46,304] {dag.py:2914} INFO - Setting next_dagrun for example_task_group_decorator to 2021-10-27T01:37:46.303913+00:00
[2021-10-28 01:37:46,315] {processor.py:171} INFO - Processing /home/airflow/.local/lib/python3.6/site-packages/airflow/example_dags/example_task_group_decorator.py took 0.336 seconds
[2021-10-28 01:38:17,056] {processor.py:163} INFO - Started process (PID=851) to work on /home/airflow/.local/lib/python3.6/site-packages/airflow/example_dags/example_task_group_decorator.py
[2021-10-28 01:38:17,094] {processor.py:620} INFO - Processing file /home/airflow/.local/lib/python3.6/site-packages/airflow/example_dags/example_task_group_decorator.py for tasks to queue
[2021-10-28 01:38:17,095] {logging_mixin.py:109} INFO - [2021-10-28 01:38:17,095] {dagbag.py:500} INFO - Filling up the DagBag from /home/airflow/.local/lib/python3.6/site-packages/airflow/example_dags/example_task_group_decorator.py
[2021-10-28 01:38:17,363] {processor.py:632} INFO - DAG(s) dict_keys(['example_task_group_decorator']) retrieved from /home/airflow/.local/lib/python3.6/site-packages/airflow/example_dags/example_task_group_decorator.py
[2021-10-28 01:38:19,201] {logging_mixin.py:109} INFO - [2021-10-28 01:38:19,201] {dag.py:2389} INFO - Sync 1 DAGs
[2021-10-28 01:38:19,240] {logging_mixin.py:109} INFO - [2021-10-28 01:38:19,240] {dag.py:2914} INFO - Setting next_dagrun for example_task_group_decorator to 2021-10-27T01:38:19.239810+00:00
[2021-10-28 01:38:19,275] {processor.py:171} INFO - Processing /home/airflow/.local/lib/python3.6/site-packages/airflow/example_dags/example_task_group_decorator.py took 2.222 seconds
[2021-10-28 01:38:49,528] {processor.py:163} INFO - Started process (PID=904) to work on /home/airflow/.local/lib/python3.6/site-packages/airflow/example_dags/example_task_group_decorator.py
[2021-10-28 01:38:49,555] {processor.py:620} INFO - Processing file /home/airflow/.local/lib/python3.6/site-packages/airflow/example_dags/example_task_group_decorator.py for tasks to queue
[2021-10-28 01:38:49,557] {logging_mixin.py:109} INFO - [2021-10-28 01:38:49,557] {dagbag.py:500} INFO - Filling up the DagBag from /home/airflow/.local/lib/python3.6/site-packages/airflow/example_dags/example_task_group_decorator.py
[2021-10-28 01:38:49,627] {processor.py:632} INFO - DAG(s) dict_keys(['example_task_group_decorator']) retrieved from /home/airflow/.local/lib/python3.6/site-packages/airflow/example_dags/example_task_group_decorator.py
[2021-10-28 01:38:50,434] {logging_mixin.py:109} INFO - [2021-10-28 01:38:50,434] {dag.py:2389} INFO - Sync 1 DAGs
[2021-10-28 01:38:50,444] {logging_mixin.py:109} INFO - [2021-10-28 01:38:50,444] {dag.py:2914} INFO - Setting next_dagrun for example_task_group_decorator to 2021-10-27T01:38:50.444278+00:00
[2021-10-28 01:38:50,461] {processor.py:171} INFO - Processing /home/airflow/.local/lib/python3.6/site-packages/airflow/example_dags/example_task_group_decorator.py took 0.936 seconds
[2021-10-28 01:39:22,335] {processor.py:163} INFO - Started process (PID=957) to work on /home/airflow/.local/lib/python3.6/site-packages/airflow/example_dags/example_task_group_decorator.py
[2021-10-28 01:39:22,338] {processor.py:620} INFO - Processing file /home/airflow/.local/lib/python3.6/site-packages/airflow/example_dags/example_task_group_decorator.py for tasks to queue
[2021-10-28 01:39:22,342] {logging_mixin.py:109} INFO - [2021-10-28 01:39:22,342] {dagbag.py:500} INFO - Filling up the DagBag from /home/airflow/.local/lib/python3.6/site-packages/airflow/example_dags/example_task_group_decorator.py
[2021-10-28 01:39:22,594] {processor.py:632} INFO - DAG(s) dict_keys(['example_task_group_decorator']) retrieved from /home/airflow/.local/lib/python3.6/site-packages/airflow/example_dags/example_task_group_decorator.py
[2021-10-28 01:39:23,420] {logging_mixin.py:109} INFO - [2021-10-28 01:39:23,420] {dag.py:2389} INFO - Sync 1 DAGs
[2021-10-28 01:39:23,441] {logging_mixin.py:109} INFO - [2021-10-28 01:39:23,440] {dag.py:2914} INFO - Setting next_dagrun for example_task_group_decorator to 2021-10-27T01:39:23.440763+00:00
[2021-10-28 01:39:23,453] {processor.py:171} INFO - Processing /home/airflow/.local/lib/python3.6/site-packages/airflow/example_dags/example_task_group_decorator.py took 1.167 seconds
[2021-10-28 01:39:53,855] {processor.py:163} INFO - Started process (PID=1000) to work on /home/airflow/.local/lib/python3.6/site-packages/airflow/example_dags/example_task_group_decorator.py
[2021-10-28 01:39:54,006] {processor.py:620} INFO - Processing file /home/airflow/.local/lib/python3.6/site-packages/airflow/example_dags/example_task_group_decorator.py for tasks to queue
[2021-10-28 01:39:54,008] {logging_mixin.py:109} INFO - [2021-10-28 01:39:54,008] {dagbag.py:500} INFO - Filling up the DagBag from /home/airflow/.local/lib/python3.6/site-packages/airflow/example_dags/example_task_group_decorator.py
[2021-10-28 01:39:55,088] {processor.py:632} INFO - DAG(s) dict_keys(['example_task_group_decorator']) retrieved from /home/airflow/.local/lib/python3.6/site-packages/airflow/example_dags/example_task_group_decorator.py
[2021-10-28 01:39:57,422] {logging_mixin.py:109} INFO - [2021-10-28 01:39:57,422] {dag.py:2389} INFO - Sync 1 DAGs
[2021-10-28 01:39:57,444] {logging_mixin.py:109} INFO - [2021-10-28 01:39:57,444] {dag.py:2914} INFO - Setting next_dagrun for example_task_group_decorator to 2021-10-27T01:39:57.444138+00:00
[2021-10-28 01:39:57,545] {processor.py:171} INFO - Processing /home/airflow/.local/lib/python3.6/site-packages/airflow/example_dags/example_task_group_decorator.py took 3.693 seconds
[2021-10-28 01:40:27,725] {processor.py:163} INFO - Started process (PID=1055) to work on /home/airflow/.local/lib/python3.6/site-packages/airflow/example_dags/example_task_group_decorator.py
[2021-10-28 01:40:27,728] {processor.py:620} INFO - Processing file /home/airflow/.local/lib/python3.6/site-packages/airflow/example_dags/example_task_group_decorator.py for tasks to queue
[2021-10-28 01:40:27,729] {logging_mixin.py:109} INFO - [2021-10-28 01:40:27,729] {dagbag.py:500} INFO - Filling up the DagBag from /home/airflow/.local/lib/python3.6/site-packages/airflow/example_dags/example_task_group_decorator.py
[2021-10-28 01:40:27,821] {processor.py:632} INFO - DAG(s) dict_keys(['example_task_group_decorator']) retrieved from /home/airflow/.local/lib/python3.6/site-packages/airflow/example_dags/example_task_group_decorator.py
[2021-10-28 01:40:28,045] {logging_mixin.py:109} INFO - [2021-10-28 01:40:28,045] {dag.py:2389} INFO - Sync 1 DAGs
[2021-10-28 01:40:28,055] {logging_mixin.py:109} INFO - [2021-10-28 01:40:28,055] {dag.py:2914} INFO - Setting next_dagrun for example_task_group_decorator to 2021-10-27T01:40:28.055219+00:00
[2021-10-28 01:40:28,069] {processor.py:171} INFO - Processing /home/airflow/.local/lib/python3.6/site-packages/airflow/example_dags/example_task_group_decorator.py took 0.347 seconds
[2021-10-28 01:40:58,160] {processor.py:163} INFO - Started process (PID=1109) to work on /home/airflow/.local/lib/python3.6/site-packages/airflow/example_dags/example_task_group_decorator.py
[2021-10-28 01:40:58,164] {processor.py:620} INFO - Processing file /home/airflow/.local/lib/python3.6/site-packages/airflow/example_dags/example_task_group_decorator.py for tasks to queue
[2021-10-28 01:40:58,165] {logging_mixin.py:109} INFO - [2021-10-28 01:40:58,165] {dagbag.py:500} INFO - Filling up the DagBag from /home/airflow/.local/lib/python3.6/site-packages/airflow/example_dags/example_task_group_decorator.py
[2021-10-28 01:40:58,206] {processor.py:632} INFO - DAG(s) dict_keys(['example_task_group_decorator']) retrieved from /home/airflow/.local/lib/python3.6/site-packages/airflow/example_dags/example_task_group_decorator.py
[2021-10-28 01:40:58,228] {logging_mixin.py:109} INFO - [2021-10-28 01:40:58,228] {dag.py:2389} INFO - Sync 1 DAGs
[2021-10-28 01:40:58,247] {logging_mixin.py:109} INFO - [2021-10-28 01:40:58,247] {dag.py:2914} INFO - Setting next_dagrun for example_task_group_decorator to 2021-10-27T01:40:58.246850+00:00
[2021-10-28 01:40:58,257] {processor.py:171} INFO - Processing /home/airflow/.local/lib/python3.6/site-packages/airflow/example_dags/example_task_group_decorator.py took 0.100 seconds
[2021-10-28 01:41:28,457] {processor.py:163} INFO - Started process (PID=1160) to work on /home/airflow/.local/lib/python3.6/site-packages/airflow/example_dags/example_task_group_decorator.py
[2021-10-28 01:41:28,471] {processor.py:620} INFO - Processing file /home/airflow/.local/lib/python3.6/site-packages/airflow/example_dags/example_task_group_decorator.py for tasks to queue
[2021-10-28 01:41:28,473] {logging_mixin.py:109} INFO - [2021-10-28 01:41:28,473] {dagbag.py:500} INFO - Filling up the DagBag from /home/airflow/.local/lib/python3.6/site-packages/airflow/example_dags/example_task_group_decorator.py
[2021-10-28 01:41:28,553] {processor.py:632} INFO - DAG(s) dict_keys(['example_task_group_decorator']) retrieved from /home/airflow/.local/lib/python3.6/site-packages/airflow/example_dags/example_task_group_decorator.py
[2021-10-28 01:41:28,771] {logging_mixin.py:109} INFO - [2021-10-28 01:41:28,771] {dag.py:2389} INFO - Sync 1 DAGs
[2021-10-28 01:41:28,781] {logging_mixin.py:109} INFO - [2021-10-28 01:41:28,780] {dag.py:2914} INFO - Setting next_dagrun for example_task_group_decorator to 2021-10-27T01:41:28.780672+00:00
[2021-10-28 01:41:28,793] {processor.py:171} INFO - Processing /home/airflow/.local/lib/python3.6/site-packages/airflow/example_dags/example_task_group_decorator.py took 0.339 seconds
[2021-10-28 01:41:59,383] {processor.py:163} INFO - Started process (PID=1213) to work on /home/airflow/.local/lib/python3.6/site-packages/airflow/example_dags/example_task_group_decorator.py
[2021-10-28 01:41:59,389] {processor.py:620} INFO - Processing file /home/airflow/.local/lib/python3.6/site-packages/airflow/example_dags/example_task_group_decorator.py for tasks to queue
[2021-10-28 01:41:59,389] {logging_mixin.py:109} INFO - [2021-10-28 01:41:59,389] {dagbag.py:500} INFO - Filling up the DagBag from /home/airflow/.local/lib/python3.6/site-packages/airflow/example_dags/example_task_group_decorator.py
[2021-10-28 01:41:59,788] {processor.py:632} INFO - DAG(s) dict_keys(['example_task_group_decorator']) retrieved from /home/airflow/.local/lib/python3.6/site-packages/airflow/example_dags/example_task_group_decorator.py
[2021-10-28 01:42:00,688] {logging_mixin.py:109} INFO - [2021-10-28 01:42:00,688] {dag.py:2389} INFO - Sync 1 DAGs
[2021-10-28 01:42:00,754] {logging_mixin.py:109} INFO - [2021-10-28 01:42:00,753] {dag.py:2914} INFO - Setting next_dagrun for example_task_group_decorator to 2021-10-27T01:42:00.753733+00:00
[2021-10-28 01:42:00,795] {processor.py:171} INFO - Processing /home/airflow/.local/lib/python3.6/site-packages/airflow/example_dags/example_task_group_decorator.py took 1.615 seconds
[2021-10-28 01:42:31,353] {processor.py:163} INFO - Started process (PID=1267) to work on /home/airflow/.local/lib/python3.6/site-packages/airflow/example_dags/example_task_group_decorator.py
[2021-10-28 01:42:31,406] {processor.py:620} INFO - Processing file /home/airflow/.local/lib/python3.6/site-packages/airflow/example_dags/example_task_group_decorator.py for tasks to queue
[2021-10-28 01:42:31,431] {logging_mixin.py:109} INFO - [2021-10-28 01:42:31,431] {dagbag.py:500} INFO - Filling up the DagBag from /home/airflow/.local/lib/python3.6/site-packages/airflow/example_dags/example_task_group_decorator.py
[2021-10-28 01:42:31,598] {processor.py:632} INFO - DAG(s) dict_keys(['example_task_group_decorator']) retrieved from /home/airflow/.local/lib/python3.6/site-packages/airflow/example_dags/example_task_group_decorator.py
[2021-10-28 01:42:32,066] {logging_mixin.py:109} INFO - [2021-10-28 01:42:32,066] {dag.py:2389} INFO - Sync 1 DAGs
[2021-10-28 01:42:32,119] {logging_mixin.py:109} INFO - [2021-10-28 01:42:32,118] {dag.py:2914} INFO - Setting next_dagrun for example_task_group_decorator to 2021-10-27T01:42:32.118717+00:00
[2021-10-28 01:42:32,140] {processor.py:171} INFO - Processing /home/airflow/.local/lib/python3.6/site-packages/airflow/example_dags/example_task_group_decorator.py took 0.790 seconds
