[2021-10-28 01:32:17,081] {processor.py:163} INFO - Started process (PID=254) to work on /home/airflow/.local/lib/python3.6/site-packages/airflow/example_dags/example_trigger_target_dag.py
[2021-10-28 01:32:17,110] {processor.py:620} INFO - Processing file /home/airflow/.local/lib/python3.6/site-packages/airflow/example_dags/example_trigger_target_dag.py for tasks to queue
[2021-10-28 01:32:17,119] {logging_mixin.py:109} INFO - [2021-10-28 01:32:17,119] {dagbag.py:500} INFO - Filling up the DagBag from /home/airflow/.local/lib/python3.6/site-packages/airflow/example_dags/example_trigger_target_dag.py
[2021-10-28 01:32:17,201] {processor.py:632} INFO - DAG(s) dict_keys(['example_trigger_target_dag']) retrieved from /home/airflow/.local/lib/python3.6/site-packages/airflow/example_dags/example_trigger_target_dag.py
[2021-10-28 01:32:24,317] {logging_mixin.py:109} INFO - [2021-10-28 01:32:24,317] {providers_manager.py:156} WARNING - Exception when importing 'airflow.providers.google.leveldb.hooks.leveldb.LevelDBHook' from 'apache-airflow-providers-google' package: No module named 'plyvel'
[2021-10-28 01:32:25,516] {logging_mixin.py:109} INFO - [2021-10-28 01:32:25,515] {providers_manager.py:156} WARNING - Exception when importing 'airflow.providers.google.leveldb.hooks.leveldb.LevelDBHook' from 'apache-airflow-providers-google' package: No module named 'plyvel'
[2021-10-28 01:32:25,559] {logging_mixin.py:109} INFO - [2021-10-28 01:32:25,559] {manager.py:496} INFO - Created Permission View: can read on DAG:example_trigger_target_dag
[2021-10-28 01:32:25,583] {logging_mixin.py:109} INFO - [2021-10-28 01:32:25,583] {manager.py:496} INFO - Created Permission View: can edit on DAG:example_trigger_target_dag
[2021-10-28 01:32:25,586] {logging_mixin.py:109} INFO - [2021-10-28 01:32:25,585] {dag.py:2389} INFO - Sync 1 DAGs
[2021-10-28 01:32:25,638] {logging_mixin.py:109} INFO - [2021-10-28 01:32:25,637] {dag.py:2408} INFO - Creating ORM DAG for example_trigger_target_dag
[2021-10-28 01:32:25,676] {logging_mixin.py:109} INFO - [2021-10-28 01:32:25,676] {dag.py:2914} INFO - Setting next_dagrun for example_trigger_target_dag to None
[2021-10-28 01:32:25,865] {processor.py:171} INFO - Processing /home/airflow/.local/lib/python3.6/site-packages/airflow/example_dags/example_trigger_target_dag.py took 8.787 seconds
[2021-10-28 01:33:32,677] {processor.py:163} INFO - Started process (PID=346) to work on /home/airflow/.local/lib/python3.6/site-packages/airflow/example_dags/example_trigger_target_dag.py
[2021-10-28 01:33:32,696] {processor.py:620} INFO - Processing file /home/airflow/.local/lib/python3.6/site-packages/airflow/example_dags/example_trigger_target_dag.py for tasks to queue
[2021-10-28 01:33:32,697] {logging_mixin.py:109} INFO - [2021-10-28 01:33:32,697] {dagbag.py:500} INFO - Filling up the DagBag from /home/airflow/.local/lib/python3.6/site-packages/airflow/example_dags/example_trigger_target_dag.py
[2021-10-28 01:33:32,783] {processor.py:632} INFO - DAG(s) dict_keys(['example_trigger_target_dag']) retrieved from /home/airflow/.local/lib/python3.6/site-packages/airflow/example_dags/example_trigger_target_dag.py
[2021-10-28 01:33:32,811] {logging_mixin.py:109} INFO - [2021-10-28 01:33:32,811] {dag.py:2389} INFO - Sync 1 DAGs
[2021-10-28 01:33:32,846] {logging_mixin.py:109} INFO - [2021-10-28 01:33:32,846] {dag.py:2914} INFO - Setting next_dagrun for example_trigger_target_dag to None
[2021-10-28 01:33:32,863] {processor.py:171} INFO - Processing /home/airflow/.local/lib/python3.6/site-packages/airflow/example_dags/example_trigger_target_dag.py took 0.190 seconds
[2021-10-28 01:34:02,909] {processor.py:163} INFO - Started process (PID=398) to work on /home/airflow/.local/lib/python3.6/site-packages/airflow/example_dags/example_trigger_target_dag.py
[2021-10-28 01:34:02,924] {processor.py:620} INFO - Processing file /home/airflow/.local/lib/python3.6/site-packages/airflow/example_dags/example_trigger_target_dag.py for tasks to queue
[2021-10-28 01:34:02,926] {logging_mixin.py:109} INFO - [2021-10-28 01:34:02,926] {dagbag.py:500} INFO - Filling up the DagBag from /home/airflow/.local/lib/python3.6/site-packages/airflow/example_dags/example_trigger_target_dag.py
[2021-10-28 01:34:03,006] {processor.py:632} INFO - DAG(s) dict_keys(['example_trigger_target_dag']) retrieved from /home/airflow/.local/lib/python3.6/site-packages/airflow/example_dags/example_trigger_target_dag.py
[2021-10-28 01:34:03,062] {logging_mixin.py:109} INFO - [2021-10-28 01:34:03,062] {dag.py:2389} INFO - Sync 1 DAGs
[2021-10-28 01:34:03,107] {logging_mixin.py:109} INFO - [2021-10-28 01:34:03,107] {dag.py:2914} INFO - Setting next_dagrun for example_trigger_target_dag to None
[2021-10-28 01:34:03,150] {processor.py:171} INFO - Processing /home/airflow/.local/lib/python3.6/site-packages/airflow/example_dags/example_trigger_target_dag.py took 0.244 seconds
[2021-10-28 01:34:33,220] {processor.py:163} INFO - Started process (PID=461) to work on /home/airflow/.local/lib/python3.6/site-packages/airflow/example_dags/example_trigger_target_dag.py
[2021-10-28 01:34:33,236] {processor.py:620} INFO - Processing file /home/airflow/.local/lib/python3.6/site-packages/airflow/example_dags/example_trigger_target_dag.py for tasks to queue
[2021-10-28 01:34:33,237] {logging_mixin.py:109} INFO - [2021-10-28 01:34:33,237] {dagbag.py:500} INFO - Filling up the DagBag from /home/airflow/.local/lib/python3.6/site-packages/airflow/example_dags/example_trigger_target_dag.py
[2021-10-28 01:34:33,311] {processor.py:632} INFO - DAG(s) dict_keys(['example_trigger_target_dag']) retrieved from /home/airflow/.local/lib/python3.6/site-packages/airflow/example_dags/example_trigger_target_dag.py
[2021-10-28 01:34:33,353] {logging_mixin.py:109} INFO - [2021-10-28 01:34:33,353] {dag.py:2389} INFO - Sync 1 DAGs
[2021-10-28 01:34:33,385] {logging_mixin.py:109} INFO - [2021-10-28 01:34:33,385] {dag.py:2914} INFO - Setting next_dagrun for example_trigger_target_dag to None
[2021-10-28 01:34:33,405] {processor.py:171} INFO - Processing /home/airflow/.local/lib/python3.6/site-packages/airflow/example_dags/example_trigger_target_dag.py took 0.188 seconds
[2021-10-28 01:35:03,510] {processor.py:163} INFO - Started process (PID=513) to work on /home/airflow/.local/lib/python3.6/site-packages/airflow/example_dags/example_trigger_target_dag.py
[2021-10-28 01:35:03,527] {processor.py:620} INFO - Processing file /home/airflow/.local/lib/python3.6/site-packages/airflow/example_dags/example_trigger_target_dag.py for tasks to queue
[2021-10-28 01:35:03,528] {logging_mixin.py:109} INFO - [2021-10-28 01:35:03,528] {dagbag.py:500} INFO - Filling up the DagBag from /home/airflow/.local/lib/python3.6/site-packages/airflow/example_dags/example_trigger_target_dag.py
[2021-10-28 01:35:03,586] {processor.py:632} INFO - DAG(s) dict_keys(['example_trigger_target_dag']) retrieved from /home/airflow/.local/lib/python3.6/site-packages/airflow/example_dags/example_trigger_target_dag.py
[2021-10-28 01:35:03,618] {logging_mixin.py:109} INFO - [2021-10-28 01:35:03,618] {dag.py:2389} INFO - Sync 1 DAGs
[2021-10-28 01:35:03,687] {logging_mixin.py:109} INFO - [2021-10-28 01:35:03,687] {dag.py:2914} INFO - Setting next_dagrun for example_trigger_target_dag to None
[2021-10-28 01:35:03,751] {processor.py:171} INFO - Processing /home/airflow/.local/lib/python3.6/site-packages/airflow/example_dags/example_trigger_target_dag.py took 0.251 seconds
[2021-10-28 01:35:33,851] {processor.py:163} INFO - Started process (PID=566) to work on /home/airflow/.local/lib/python3.6/site-packages/airflow/example_dags/example_trigger_target_dag.py
[2021-10-28 01:35:33,860] {processor.py:620} INFO - Processing file /home/airflow/.local/lib/python3.6/site-packages/airflow/example_dags/example_trigger_target_dag.py for tasks to queue
[2021-10-28 01:35:33,861] {logging_mixin.py:109} INFO - [2021-10-28 01:35:33,861] {dagbag.py:500} INFO - Filling up the DagBag from /home/airflow/.local/lib/python3.6/site-packages/airflow/example_dags/example_trigger_target_dag.py
[2021-10-28 01:35:33,915] {processor.py:632} INFO - DAG(s) dict_keys(['example_trigger_target_dag']) retrieved from /home/airflow/.local/lib/python3.6/site-packages/airflow/example_dags/example_trigger_target_dag.py
[2021-10-28 01:35:33,963] {logging_mixin.py:109} INFO - [2021-10-28 01:35:33,963] {dag.py:2389} INFO - Sync 1 DAGs
[2021-10-28 01:35:33,996] {logging_mixin.py:109} INFO - [2021-10-28 01:35:33,995] {dag.py:2914} INFO - Setting next_dagrun for example_trigger_target_dag to None
[2021-10-28 01:35:34,040] {processor.py:171} INFO - Processing /home/airflow/.local/lib/python3.6/site-packages/airflow/example_dags/example_trigger_target_dag.py took 0.196 seconds
[2021-10-28 01:36:04,740] {processor.py:163} INFO - Started process (PID=619) to work on /home/airflow/.local/lib/python3.6/site-packages/airflow/example_dags/example_trigger_target_dag.py
[2021-10-28 01:36:04,767] {processor.py:620} INFO - Processing file /home/airflow/.local/lib/python3.6/site-packages/airflow/example_dags/example_trigger_target_dag.py for tasks to queue
[2021-10-28 01:36:04,769] {logging_mixin.py:109} INFO - [2021-10-28 01:36:04,769] {dagbag.py:500} INFO - Filling up the DagBag from /home/airflow/.local/lib/python3.6/site-packages/airflow/example_dags/example_trigger_target_dag.py
[2021-10-28 01:36:04,888] {processor.py:632} INFO - DAG(s) dict_keys(['example_trigger_target_dag']) retrieved from /home/airflow/.local/lib/python3.6/site-packages/airflow/example_dags/example_trigger_target_dag.py
[2021-10-28 01:36:04,933] {logging_mixin.py:109} INFO - [2021-10-28 01:36:04,933] {dag.py:2389} INFO - Sync 1 DAGs
[2021-10-28 01:36:04,979] {logging_mixin.py:109} INFO - [2021-10-28 01:36:04,979] {dag.py:2914} INFO - Setting next_dagrun for example_trigger_target_dag to None
[2021-10-28 01:36:05,011] {processor.py:171} INFO - Processing /home/airflow/.local/lib/python3.6/site-packages/airflow/example_dags/example_trigger_target_dag.py took 0.274 seconds
[2021-10-28 01:36:35,817] {processor.py:163} INFO - Started process (PID=672) to work on /home/airflow/.local/lib/python3.6/site-packages/airflow/example_dags/example_trigger_target_dag.py
[2021-10-28 01:36:35,826] {processor.py:620} INFO - Processing file /home/airflow/.local/lib/python3.6/site-packages/airflow/example_dags/example_trigger_target_dag.py for tasks to queue
[2021-10-28 01:36:35,827] {logging_mixin.py:109} INFO - [2021-10-28 01:36:35,827] {dagbag.py:500} INFO - Filling up the DagBag from /home/airflow/.local/lib/python3.6/site-packages/airflow/example_dags/example_trigger_target_dag.py
[2021-10-28 01:36:35,892] {processor.py:632} INFO - DAG(s) dict_keys(['example_trigger_target_dag']) retrieved from /home/airflow/.local/lib/python3.6/site-packages/airflow/example_dags/example_trigger_target_dag.py
[2021-10-28 01:36:35,910] {logging_mixin.py:109} INFO - [2021-10-28 01:36:35,910] {dag.py:2389} INFO - Sync 1 DAGs
[2021-10-28 01:36:35,936] {logging_mixin.py:109} INFO - [2021-10-28 01:36:35,936] {dag.py:2914} INFO - Setting next_dagrun for example_trigger_target_dag to None
[2021-10-28 01:36:35,961] {processor.py:171} INFO - Processing /home/airflow/.local/lib/python3.6/site-packages/airflow/example_dags/example_trigger_target_dag.py took 0.147 seconds
[2021-10-28 01:37:06,512] {processor.py:163} INFO - Started process (PID=731) to work on /home/airflow/.local/lib/python3.6/site-packages/airflow/example_dags/example_trigger_target_dag.py
[2021-10-28 01:37:06,543] {processor.py:620} INFO - Processing file /home/airflow/.local/lib/python3.6/site-packages/airflow/example_dags/example_trigger_target_dag.py for tasks to queue
[2021-10-28 01:37:06,545] {logging_mixin.py:109} INFO - [2021-10-28 01:37:06,545] {dagbag.py:500} INFO - Filling up the DagBag from /home/airflow/.local/lib/python3.6/site-packages/airflow/example_dags/example_trigger_target_dag.py
[2021-10-28 01:37:06,837] {processor.py:632} INFO - DAG(s) dict_keys(['example_trigger_target_dag']) retrieved from /home/airflow/.local/lib/python3.6/site-packages/airflow/example_dags/example_trigger_target_dag.py
[2021-10-28 01:37:07,059] {logging_mixin.py:109} INFO - [2021-10-28 01:37:07,059] {dag.py:2389} INFO - Sync 1 DAGs
[2021-10-28 01:37:07,175] {logging_mixin.py:109} INFO - [2021-10-28 01:37:07,175] {dag.py:2914} INFO - Setting next_dagrun for example_trigger_target_dag to None
[2021-10-28 01:37:07,219] {processor.py:171} INFO - Processing /home/airflow/.local/lib/python3.6/site-packages/airflow/example_dags/example_trigger_target_dag.py took 0.710 seconds
[2021-10-28 01:37:37,501] {processor.py:163} INFO - Started process (PID=782) to work on /home/airflow/.local/lib/python3.6/site-packages/airflow/example_dags/example_trigger_target_dag.py
[2021-10-28 01:37:37,588] {processor.py:620} INFO - Processing file /home/airflow/.local/lib/python3.6/site-packages/airflow/example_dags/example_trigger_target_dag.py for tasks to queue
[2021-10-28 01:37:37,589] {logging_mixin.py:109} INFO - [2021-10-28 01:37:37,589] {dagbag.py:500} INFO - Filling up the DagBag from /home/airflow/.local/lib/python3.6/site-packages/airflow/example_dags/example_trigger_target_dag.py
[2021-10-28 01:37:37,916] {processor.py:632} INFO - DAG(s) dict_keys(['example_trigger_target_dag']) retrieved from /home/airflow/.local/lib/python3.6/site-packages/airflow/example_dags/example_trigger_target_dag.py
[2021-10-28 01:37:38,034] {logging_mixin.py:109} INFO - [2021-10-28 01:37:38,034] {dag.py:2389} INFO - Sync 1 DAGs
[2021-10-28 01:37:38,132] {logging_mixin.py:109} INFO - [2021-10-28 01:37:38,132] {dag.py:2914} INFO - Setting next_dagrun for example_trigger_target_dag to None
[2021-10-28 01:37:38,234] {processor.py:171} INFO - Processing /home/airflow/.local/lib/python3.6/site-packages/airflow/example_dags/example_trigger_target_dag.py took 0.737 seconds
[2021-10-28 01:38:08,996] {processor.py:163} INFO - Started process (PID=838) to work on /home/airflow/.local/lib/python3.6/site-packages/airflow/example_dags/example_trigger_target_dag.py
[2021-10-28 01:38:09,014] {processor.py:620} INFO - Processing file /home/airflow/.local/lib/python3.6/site-packages/airflow/example_dags/example_trigger_target_dag.py for tasks to queue
[2021-10-28 01:38:09,016] {logging_mixin.py:109} INFO - [2021-10-28 01:38:09,016] {dagbag.py:500} INFO - Filling up the DagBag from /home/airflow/.local/lib/python3.6/site-packages/airflow/example_dags/example_trigger_target_dag.py
[2021-10-28 01:38:09,208] {processor.py:632} INFO - DAG(s) dict_keys(['example_trigger_target_dag']) retrieved from /home/airflow/.local/lib/python3.6/site-packages/airflow/example_dags/example_trigger_target_dag.py
[2021-10-28 01:38:09,278] {logging_mixin.py:109} INFO - [2021-10-28 01:38:09,278] {dag.py:2389} INFO - Sync 1 DAGs
[2021-10-28 01:38:09,324] {logging_mixin.py:109} INFO - [2021-10-28 01:38:09,324] {dag.py:2914} INFO - Setting next_dagrun for example_trigger_target_dag to None
[2021-10-28 01:38:09,374] {processor.py:171} INFO - Processing /home/airflow/.local/lib/python3.6/site-packages/airflow/example_dags/example_trigger_target_dag.py took 0.430 seconds
[2021-10-28 01:38:40,501] {processor.py:163} INFO - Started process (PID=891) to work on /home/airflow/.local/lib/python3.6/site-packages/airflow/example_dags/example_trigger_target_dag.py
[2021-10-28 01:38:40,547] {processor.py:620} INFO - Processing file /home/airflow/.local/lib/python3.6/site-packages/airflow/example_dags/example_trigger_target_dag.py for tasks to queue
[2021-10-28 01:38:40,548] {logging_mixin.py:109} INFO - [2021-10-28 01:38:40,548] {dagbag.py:500} INFO - Filling up the DagBag from /home/airflow/.local/lib/python3.6/site-packages/airflow/example_dags/example_trigger_target_dag.py
[2021-10-28 01:38:41,162] {processor.py:632} INFO - DAG(s) dict_keys(['example_trigger_target_dag']) retrieved from /home/airflow/.local/lib/python3.6/site-packages/airflow/example_dags/example_trigger_target_dag.py
[2021-10-28 01:38:41,270] {logging_mixin.py:109} INFO - [2021-10-28 01:38:41,270] {dag.py:2389} INFO - Sync 1 DAGs
[2021-10-28 01:38:41,299] {logging_mixin.py:109} INFO - [2021-10-28 01:38:41,299] {dag.py:2914} INFO - Setting next_dagrun for example_trigger_target_dag to None
[2021-10-28 01:38:41,385] {processor.py:171} INFO - Processing /home/airflow/.local/lib/python3.6/site-packages/airflow/example_dags/example_trigger_target_dag.py took 0.886 seconds
[2021-10-28 01:39:11,700] {processor.py:163} INFO - Started process (PID=934) to work on /home/airflow/.local/lib/python3.6/site-packages/airflow/example_dags/example_trigger_target_dag.py
[2021-10-28 01:39:11,731] {processor.py:620} INFO - Processing file /home/airflow/.local/lib/python3.6/site-packages/airflow/example_dags/example_trigger_target_dag.py for tasks to queue
[2021-10-28 01:39:11,733] {logging_mixin.py:109} INFO - [2021-10-28 01:39:11,733] {dagbag.py:500} INFO - Filling up the DagBag from /home/airflow/.local/lib/python3.6/site-packages/airflow/example_dags/example_trigger_target_dag.py
[2021-10-28 01:39:11,791] {processor.py:632} INFO - DAG(s) dict_keys(['example_trigger_target_dag']) retrieved from /home/airflow/.local/lib/python3.6/site-packages/airflow/example_dags/example_trigger_target_dag.py
[2021-10-28 01:39:11,816] {logging_mixin.py:109} INFO - [2021-10-28 01:39:11,816] {dag.py:2389} INFO - Sync 1 DAGs
[2021-10-28 01:39:11,834] {logging_mixin.py:109} INFO - [2021-10-28 01:39:11,834] {dag.py:2914} INFO - Setting next_dagrun for example_trigger_target_dag to None
[2021-10-28 01:39:11,855] {processor.py:171} INFO - Processing /home/airflow/.local/lib/python3.6/site-packages/airflow/example_dags/example_trigger_target_dag.py took 0.157 seconds
[2021-10-28 01:39:41,987] {processor.py:163} INFO - Started process (PID=987) to work on /home/airflow/.local/lib/python3.6/site-packages/airflow/example_dags/example_trigger_target_dag.py
[2021-10-28 01:39:42,059] {processor.py:620} INFO - Processing file /home/airflow/.local/lib/python3.6/site-packages/airflow/example_dags/example_trigger_target_dag.py for tasks to queue
[2021-10-28 01:39:42,061] {logging_mixin.py:109} INFO - [2021-10-28 01:39:42,061] {dagbag.py:500} INFO - Filling up the DagBag from /home/airflow/.local/lib/python3.6/site-packages/airflow/example_dags/example_trigger_target_dag.py
[2021-10-28 01:39:42,242] {processor.py:632} INFO - DAG(s) dict_keys(['example_trigger_target_dag']) retrieved from /home/airflow/.local/lib/python3.6/site-packages/airflow/example_dags/example_trigger_target_dag.py
[2021-10-28 01:39:42,301] {logging_mixin.py:109} INFO - [2021-10-28 01:39:42,301] {dag.py:2389} INFO - Sync 1 DAGs
[2021-10-28 01:39:42,373] {logging_mixin.py:109} INFO - [2021-10-28 01:39:42,373] {dag.py:2914} INFO - Setting next_dagrun for example_trigger_target_dag to None
[2021-10-28 01:39:42,425] {processor.py:171} INFO - Processing /home/airflow/.local/lib/python3.6/site-packages/airflow/example_dags/example_trigger_target_dag.py took 0.441 seconds
[2021-10-28 01:40:12,945] {processor.py:163} INFO - Started process (PID=1039) to work on /home/airflow/.local/lib/python3.6/site-packages/airflow/example_dags/example_trigger_target_dag.py
[2021-10-28 01:40:13,026] {processor.py:620} INFO - Processing file /home/airflow/.local/lib/python3.6/site-packages/airflow/example_dags/example_trigger_target_dag.py for tasks to queue
[2021-10-28 01:40:13,027] {logging_mixin.py:109} INFO - [2021-10-28 01:40:13,026] {dagbag.py:500} INFO - Filling up the DagBag from /home/airflow/.local/lib/python3.6/site-packages/airflow/example_dags/example_trigger_target_dag.py
[2021-10-28 01:40:13,474] {processor.py:632} INFO - DAG(s) dict_keys(['example_trigger_target_dag']) retrieved from /home/airflow/.local/lib/python3.6/site-packages/airflow/example_dags/example_trigger_target_dag.py
[2021-10-28 01:40:13,525] {logging_mixin.py:109} INFO - [2021-10-28 01:40:13,525] {dag.py:2389} INFO - Sync 1 DAGs
[2021-10-28 01:40:13,616] {logging_mixin.py:109} INFO - [2021-10-28 01:40:13,616] {dag.py:2914} INFO - Setting next_dagrun for example_trigger_target_dag to None
[2021-10-28 01:40:13,737] {processor.py:171} INFO - Processing /home/airflow/.local/lib/python3.6/site-packages/airflow/example_dags/example_trigger_target_dag.py took 0.795 seconds
[2021-10-28 01:40:44,484] {processor.py:163} INFO - Started process (PID=1083) to work on /home/airflow/.local/lib/python3.6/site-packages/airflow/example_dags/example_trigger_target_dag.py
[2021-10-28 01:40:44,519] {processor.py:620} INFO - Processing file /home/airflow/.local/lib/python3.6/site-packages/airflow/example_dags/example_trigger_target_dag.py for tasks to queue
[2021-10-28 01:40:44,562] {logging_mixin.py:109} INFO - [2021-10-28 01:40:44,562] {dagbag.py:500} INFO - Filling up the DagBag from /home/airflow/.local/lib/python3.6/site-packages/airflow/example_dags/example_trigger_target_dag.py
[2021-10-28 01:40:44,700] {processor.py:632} INFO - DAG(s) dict_keys(['example_trigger_target_dag']) retrieved from /home/airflow/.local/lib/python3.6/site-packages/airflow/example_dags/example_trigger_target_dag.py
[2021-10-28 01:40:44,760] {logging_mixin.py:109} INFO - [2021-10-28 01:40:44,760] {dag.py:2389} INFO - Sync 1 DAGs
[2021-10-28 01:40:44,814] {logging_mixin.py:109} INFO - [2021-10-28 01:40:44,814] {dag.py:2914} INFO - Setting next_dagrun for example_trigger_target_dag to None
[2021-10-28 01:40:44,848] {processor.py:171} INFO - Processing /home/airflow/.local/lib/python3.6/site-packages/airflow/example_dags/example_trigger_target_dag.py took 0.367 seconds
[2021-10-28 01:41:15,108] {processor.py:163} INFO - Started process (PID=1135) to work on /home/airflow/.local/lib/python3.6/site-packages/airflow/example_dags/example_trigger_target_dag.py
[2021-10-28 01:41:15,155] {processor.py:620} INFO - Processing file /home/airflow/.local/lib/python3.6/site-packages/airflow/example_dags/example_trigger_target_dag.py for tasks to queue
[2021-10-28 01:41:15,157] {logging_mixin.py:109} INFO - [2021-10-28 01:41:15,157] {dagbag.py:500} INFO - Filling up the DagBag from /home/airflow/.local/lib/python3.6/site-packages/airflow/example_dags/example_trigger_target_dag.py
[2021-10-28 01:41:15,266] {processor.py:632} INFO - DAG(s) dict_keys(['example_trigger_target_dag']) retrieved from /home/airflow/.local/lib/python3.6/site-packages/airflow/example_dags/example_trigger_target_dag.py
[2021-10-28 01:41:15,315] {logging_mixin.py:109} INFO - [2021-10-28 01:41:15,315] {dag.py:2389} INFO - Sync 1 DAGs
[2021-10-28 01:41:15,380] {logging_mixin.py:109} INFO - [2021-10-28 01:41:15,380] {dag.py:2914} INFO - Setting next_dagrun for example_trigger_target_dag to None
[2021-10-28 01:41:15,427] {processor.py:171} INFO - Processing /home/airflow/.local/lib/python3.6/site-packages/airflow/example_dags/example_trigger_target_dag.py took 0.322 seconds
[2021-10-28 01:41:46,177] {processor.py:163} INFO - Started process (PID=1188) to work on /home/airflow/.local/lib/python3.6/site-packages/airflow/example_dags/example_trigger_target_dag.py
[2021-10-28 01:41:46,191] {processor.py:620} INFO - Processing file /home/airflow/.local/lib/python3.6/site-packages/airflow/example_dags/example_trigger_target_dag.py for tasks to queue
[2021-10-28 01:41:46,192] {logging_mixin.py:109} INFO - [2021-10-28 01:41:46,191] {dagbag.py:500} INFO - Filling up the DagBag from /home/airflow/.local/lib/python3.6/site-packages/airflow/example_dags/example_trigger_target_dag.py
[2021-10-28 01:41:46,495] {processor.py:632} INFO - DAG(s) dict_keys(['example_trigger_target_dag']) retrieved from /home/airflow/.local/lib/python3.6/site-packages/airflow/example_dags/example_trigger_target_dag.py
[2021-10-28 01:41:46,557] {logging_mixin.py:109} INFO - [2021-10-28 01:41:46,557] {dag.py:2389} INFO - Sync 1 DAGs
[2021-10-28 01:41:46,635] {logging_mixin.py:109} INFO - [2021-10-28 01:41:46,635] {dag.py:2914} INFO - Setting next_dagrun for example_trigger_target_dag to None
[2021-10-28 01:41:46,653] {processor.py:171} INFO - Processing /home/airflow/.local/lib/python3.6/site-packages/airflow/example_dags/example_trigger_target_dag.py took 0.523 seconds
[2021-10-28 01:42:16,971] {processor.py:163} INFO - Started process (PID=1241) to work on /home/airflow/.local/lib/python3.6/site-packages/airflow/example_dags/example_trigger_target_dag.py
[2021-10-28 01:42:16,977] {processor.py:620} INFO - Processing file /home/airflow/.local/lib/python3.6/site-packages/airflow/example_dags/example_trigger_target_dag.py for tasks to queue
[2021-10-28 01:42:16,996] {logging_mixin.py:109} INFO - [2021-10-28 01:42:16,996] {dagbag.py:500} INFO - Filling up the DagBag from /home/airflow/.local/lib/python3.6/site-packages/airflow/example_dags/example_trigger_target_dag.py
[2021-10-28 01:42:17,086] {processor.py:632} INFO - DAG(s) dict_keys(['example_trigger_target_dag']) retrieved from /home/airflow/.local/lib/python3.6/site-packages/airflow/example_dags/example_trigger_target_dag.py
[2021-10-28 01:42:17,126] {logging_mixin.py:109} INFO - [2021-10-28 01:42:17,126] {dag.py:2389} INFO - Sync 1 DAGs
[2021-10-28 01:42:17,170] {logging_mixin.py:109} INFO - [2021-10-28 01:42:17,170] {dag.py:2914} INFO - Setting next_dagrun for example_trigger_target_dag to None
[2021-10-28 01:42:17,190] {processor.py:171} INFO - Processing /home/airflow/.local/lib/python3.6/site-packages/airflow/example_dags/example_trigger_target_dag.py took 0.222 seconds
[2021-10-28 01:42:47,669] {processor.py:163} INFO - Started process (PID=1296) to work on /home/airflow/.local/lib/python3.6/site-packages/airflow/example_dags/example_trigger_target_dag.py
[2021-10-28 01:42:47,673] {processor.py:620} INFO - Processing file /home/airflow/.local/lib/python3.6/site-packages/airflow/example_dags/example_trigger_target_dag.py for tasks to queue
[2021-10-28 01:42:47,674] {logging_mixin.py:109} INFO - [2021-10-28 01:42:47,674] {dagbag.py:500} INFO - Filling up the DagBag from /home/airflow/.local/lib/python3.6/site-packages/airflow/example_dags/example_trigger_target_dag.py
[2021-10-28 01:42:47,741] {processor.py:632} INFO - DAG(s) dict_keys(['example_trigger_target_dag']) retrieved from /home/airflow/.local/lib/python3.6/site-packages/airflow/example_dags/example_trigger_target_dag.py
[2021-10-28 01:42:47,753] {logging_mixin.py:109} INFO - [2021-10-28 01:42:47,753] {dag.py:2389} INFO - Sync 1 DAGs
[2021-10-28 01:42:47,765] {logging_mixin.py:109} INFO - [2021-10-28 01:42:47,765] {dag.py:2914} INFO - Setting next_dagrun for example_trigger_target_dag to None
[2021-10-28 01:42:47,776] {processor.py:171} INFO - Processing /home/airflow/.local/lib/python3.6/site-packages/airflow/example_dags/example_trigger_target_dag.py took 0.110 seconds
