[2021-10-28 01:33:24,557] {processor.py:163} INFO - Started process (PID=329) to work on /home/airflow/.local/lib/python3.6/site-packages/airflow/example_dags/example_dag_decorator.py
[2021-10-28 01:33:24,576] {processor.py:620} INFO - Processing file /home/airflow/.local/lib/python3.6/site-packages/airflow/example_dags/example_dag_decorator.py for tasks to queue
[2021-10-28 01:33:24,586] {logging_mixin.py:109} INFO - [2021-10-28 01:33:24,586] {dagbag.py:500} INFO - Filling up the DagBag from /home/airflow/.local/lib/python3.6/site-packages/airflow/example_dags/example_dag_decorator.py
[2021-10-28 01:33:24,697] {processor.py:632} INFO - DAG(s) dict_keys(['example_dag_decorator']) retrieved from /home/airflow/.local/lib/python3.6/site-packages/airflow/example_dags/example_dag_decorator.py
[2021-10-28 01:33:30,262] {logging_mixin.py:109} INFO - [2021-10-28 01:33:30,261] {providers_manager.py:156} WARNING - Exception when importing 'airflow.providers.google.leveldb.hooks.leveldb.LevelDBHook' from 'apache-airflow-providers-google' package: No module named 'plyvel'
[2021-10-28 01:33:32,224] {logging_mixin.py:109} INFO - [2021-10-28 01:33:32,224] {providers_manager.py:156} WARNING - Exception when importing 'airflow.providers.google.leveldb.hooks.leveldb.LevelDBHook' from 'apache-airflow-providers-google' package: No module named 'plyvel'
[2021-10-28 01:33:32,370] {logging_mixin.py:109} INFO - [2021-10-28 01:33:32,370] {manager.py:496} INFO - Created Permission View: can read on DAG:example_dag_decorator
[2021-10-28 01:33:32,426] {logging_mixin.py:109} INFO - [2021-10-28 01:33:32,426] {manager.py:496} INFO - Created Permission View: can edit on DAG:example_dag_decorator
[2021-10-28 01:33:32,428] {logging_mixin.py:109} INFO - [2021-10-28 01:33:32,428] {dag.py:2389} INFO - Sync 1 DAGs
[2021-10-28 01:33:32,491] {logging_mixin.py:109} INFO - [2021-10-28 01:33:32,490] {dag.py:2408} INFO - Creating ORM DAG for example_dag_decorator
[2021-10-28 01:33:32,500] {logging_mixin.py:109} INFO - [2021-10-28 01:33:32,500] {dag.py:2914} INFO - Setting next_dagrun for example_dag_decorator to None
[2021-10-28 01:33:32,555] {processor.py:171} INFO - Processing /home/airflow/.local/lib/python3.6/site-packages/airflow/example_dags/example_dag_decorator.py took 8.001 seconds
[2021-10-28 01:34:02,724] {processor.py:163} INFO - Started process (PID=397) to work on /home/airflow/.local/lib/python3.6/site-packages/airflow/example_dags/example_dag_decorator.py
[2021-10-28 01:34:02,753] {processor.py:620} INFO - Processing file /home/airflow/.local/lib/python3.6/site-packages/airflow/example_dags/example_dag_decorator.py for tasks to queue
[2021-10-28 01:34:02,753] {logging_mixin.py:109} INFO - [2021-10-28 01:34:02,753] {dagbag.py:500} INFO - Filling up the DagBag from /home/airflow/.local/lib/python3.6/site-packages/airflow/example_dags/example_dag_decorator.py
[2021-10-28 01:34:02,838] {processor.py:632} INFO - DAG(s) dict_keys(['example_dag_decorator']) retrieved from /home/airflow/.local/lib/python3.6/site-packages/airflow/example_dags/example_dag_decorator.py
[2021-10-28 01:34:03,316] {logging_mixin.py:109} INFO - [2021-10-28 01:34:03,316] {dag.py:2389} INFO - Sync 1 DAGs
[2021-10-28 01:34:03,335] {logging_mixin.py:109} INFO - [2021-10-28 01:34:03,335] {dag.py:2914} INFO - Setting next_dagrun for example_dag_decorator to None
[2021-10-28 01:34:03,352] {processor.py:171} INFO - Processing /home/airflow/.local/lib/python3.6/site-packages/airflow/example_dags/example_dag_decorator.py took 0.631 seconds
[2021-10-28 01:34:33,457] {processor.py:163} INFO - Started process (PID=462) to work on /home/airflow/.local/lib/python3.6/site-packages/airflow/example_dags/example_dag_decorator.py
[2021-10-28 01:34:33,462] {processor.py:620} INFO - Processing file /home/airflow/.local/lib/python3.6/site-packages/airflow/example_dags/example_dag_decorator.py for tasks to queue
[2021-10-28 01:34:33,464] {logging_mixin.py:109} INFO - [2021-10-28 01:34:33,464] {dagbag.py:500} INFO - Filling up the DagBag from /home/airflow/.local/lib/python3.6/site-packages/airflow/example_dags/example_dag_decorator.py
[2021-10-28 01:34:33,582] {processor.py:632} INFO - DAG(s) dict_keys(['example_dag_decorator']) retrieved from /home/airflow/.local/lib/python3.6/site-packages/airflow/example_dags/example_dag_decorator.py
[2021-10-28 01:34:34,008] {logging_mixin.py:109} INFO - [2021-10-28 01:34:34,008] {dag.py:2389} INFO - Sync 1 DAGs
[2021-10-28 01:34:34,030] {logging_mixin.py:109} INFO - [2021-10-28 01:34:34,030] {dag.py:2914} INFO - Setting next_dagrun for example_dag_decorator to None
[2021-10-28 01:34:34,042] {processor.py:171} INFO - Processing /home/airflow/.local/lib/python3.6/site-packages/airflow/example_dags/example_dag_decorator.py took 0.587 seconds
[2021-10-28 01:35:04,364] {processor.py:163} INFO - Started process (PID=515) to work on /home/airflow/.local/lib/python3.6/site-packages/airflow/example_dags/example_dag_decorator.py
[2021-10-28 01:35:04,368] {processor.py:620} INFO - Processing file /home/airflow/.local/lib/python3.6/site-packages/airflow/example_dags/example_dag_decorator.py for tasks to queue
[2021-10-28 01:35:04,369] {logging_mixin.py:109} INFO - [2021-10-28 01:35:04,369] {dagbag.py:500} INFO - Filling up the DagBag from /home/airflow/.local/lib/python3.6/site-packages/airflow/example_dags/example_dag_decorator.py
[2021-10-28 01:35:04,449] {processor.py:632} INFO - DAG(s) dict_keys(['example_dag_decorator']) retrieved from /home/airflow/.local/lib/python3.6/site-packages/airflow/example_dags/example_dag_decorator.py
[2021-10-28 01:35:04,641] {logging_mixin.py:109} INFO - [2021-10-28 01:35:04,641] {dag.py:2389} INFO - Sync 1 DAGs
[2021-10-28 01:35:04,650] {logging_mixin.py:109} INFO - [2021-10-28 01:35:04,649] {dag.py:2914} INFO - Setting next_dagrun for example_dag_decorator to None
[2021-10-28 01:35:04,668] {processor.py:171} INFO - Processing /home/airflow/.local/lib/python3.6/site-packages/airflow/example_dags/example_dag_decorator.py took 0.320 seconds
[2021-10-28 01:35:34,869] {processor.py:163} INFO - Started process (PID=568) to work on /home/airflow/.local/lib/python3.6/site-packages/airflow/example_dags/example_dag_decorator.py
[2021-10-28 01:35:34,882] {processor.py:620} INFO - Processing file /home/airflow/.local/lib/python3.6/site-packages/airflow/example_dags/example_dag_decorator.py for tasks to queue
[2021-10-28 01:35:34,883] {logging_mixin.py:109} INFO - [2021-10-28 01:35:34,882] {dagbag.py:500} INFO - Filling up the DagBag from /home/airflow/.local/lib/python3.6/site-packages/airflow/example_dags/example_dag_decorator.py
[2021-10-28 01:35:34,967] {processor.py:632} INFO - DAG(s) dict_keys(['example_dag_decorator']) retrieved from /home/airflow/.local/lib/python3.6/site-packages/airflow/example_dags/example_dag_decorator.py
[2021-10-28 01:35:35,339] {logging_mixin.py:109} INFO - [2021-10-28 01:35:35,339] {dag.py:2389} INFO - Sync 1 DAGs
[2021-10-28 01:35:35,362] {logging_mixin.py:109} INFO - [2021-10-28 01:35:35,362] {dag.py:2914} INFO - Setting next_dagrun for example_dag_decorator to None
[2021-10-28 01:35:35,376] {processor.py:171} INFO - Processing /home/airflow/.local/lib/python3.6/site-packages/airflow/example_dags/example_dag_decorator.py took 0.511 seconds
[2021-10-28 01:36:05,833] {processor.py:163} INFO - Started process (PID=621) to work on /home/airflow/.local/lib/python3.6/site-packages/airflow/example_dags/example_dag_decorator.py
[2021-10-28 01:36:05,871] {processor.py:620} INFO - Processing file /home/airflow/.local/lib/python3.6/site-packages/airflow/example_dags/example_dag_decorator.py for tasks to queue
[2021-10-28 01:36:05,872] {logging_mixin.py:109} INFO - [2021-10-28 01:36:05,871] {dagbag.py:500} INFO - Filling up the DagBag from /home/airflow/.local/lib/python3.6/site-packages/airflow/example_dags/example_dag_decorator.py
[2021-10-28 01:36:06,098] {processor.py:632} INFO - DAG(s) dict_keys(['example_dag_decorator']) retrieved from /home/airflow/.local/lib/python3.6/site-packages/airflow/example_dags/example_dag_decorator.py
[2021-10-28 01:36:07,225] {logging_mixin.py:109} INFO - [2021-10-28 01:36:07,225] {dag.py:2389} INFO - Sync 1 DAGs
[2021-10-28 01:36:07,352] {logging_mixin.py:109} INFO - [2021-10-28 01:36:07,352] {dag.py:2914} INFO - Setting next_dagrun for example_dag_decorator to None
[2021-10-28 01:36:07,502] {processor.py:171} INFO - Processing /home/airflow/.local/lib/python3.6/site-packages/airflow/example_dags/example_dag_decorator.py took 1.672 seconds
[2021-10-28 01:36:37,885] {processor.py:163} INFO - Started process (PID=682) to work on /home/airflow/.local/lib/python3.6/site-packages/airflow/example_dags/example_dag_decorator.py
[2021-10-28 01:36:37,894] {processor.py:620} INFO - Processing file /home/airflow/.local/lib/python3.6/site-packages/airflow/example_dags/example_dag_decorator.py for tasks to queue
[2021-10-28 01:36:37,914] {logging_mixin.py:109} INFO - [2021-10-28 01:36:37,914] {dagbag.py:500} INFO - Filling up the DagBag from /home/airflow/.local/lib/python3.6/site-packages/airflow/example_dags/example_dag_decorator.py
[2021-10-28 01:36:38,132] {processor.py:632} INFO - DAG(s) dict_keys(['example_dag_decorator']) retrieved from /home/airflow/.local/lib/python3.6/site-packages/airflow/example_dags/example_dag_decorator.py
[2021-10-28 01:36:39,389] {logging_mixin.py:109} INFO - [2021-10-28 01:36:39,388] {dag.py:2389} INFO - Sync 1 DAGs
[2021-10-28 01:36:39,439] {logging_mixin.py:109} INFO - [2021-10-28 01:36:39,438] {dag.py:2914} INFO - Setting next_dagrun for example_dag_decorator to None
[2021-10-28 01:36:39,526] {processor.py:171} INFO - Processing /home/airflow/.local/lib/python3.6/site-packages/airflow/example_dags/example_dag_decorator.py took 1.645 seconds
[2021-10-28 01:37:11,355] {processor.py:163} INFO - Started process (PID=736) to work on /home/airflow/.local/lib/python3.6/site-packages/airflow/example_dags/example_dag_decorator.py
[2021-10-28 01:37:11,394] {processor.py:620} INFO - Processing file /home/airflow/.local/lib/python3.6/site-packages/airflow/example_dags/example_dag_decorator.py for tasks to queue
[2021-10-28 01:37:11,396] {logging_mixin.py:109} INFO - [2021-10-28 01:37:11,396] {dagbag.py:500} INFO - Filling up the DagBag from /home/airflow/.local/lib/python3.6/site-packages/airflow/example_dags/example_dag_decorator.py
[2021-10-28 01:37:11,499] {processor.py:632} INFO - DAG(s) dict_keys(['example_dag_decorator']) retrieved from /home/airflow/.local/lib/python3.6/site-packages/airflow/example_dags/example_dag_decorator.py
[2021-10-28 01:37:12,310] {logging_mixin.py:109} INFO - [2021-10-28 01:37:12,310] {dag.py:2389} INFO - Sync 1 DAGs
[2021-10-28 01:37:12,343] {logging_mixin.py:109} INFO - [2021-10-28 01:37:12,343] {dag.py:2914} INFO - Setting next_dagrun for example_dag_decorator to None
[2021-10-28 01:37:12,384] {processor.py:171} INFO - Processing /home/airflow/.local/lib/python3.6/site-packages/airflow/example_dags/example_dag_decorator.py took 1.031 seconds
[2021-10-28 01:37:43,175] {processor.py:163} INFO - Started process (PID=792) to work on /home/airflow/.local/lib/python3.6/site-packages/airflow/example_dags/example_dag_decorator.py
[2021-10-28 01:37:43,186] {processor.py:620} INFO - Processing file /home/airflow/.local/lib/python3.6/site-packages/airflow/example_dags/example_dag_decorator.py for tasks to queue
[2021-10-28 01:37:43,189] {logging_mixin.py:109} INFO - [2021-10-28 01:37:43,189] {dagbag.py:500} INFO - Filling up the DagBag from /home/airflow/.local/lib/python3.6/site-packages/airflow/example_dags/example_dag_decorator.py
[2021-10-28 01:37:43,280] {processor.py:632} INFO - DAG(s) dict_keys(['example_dag_decorator']) retrieved from /home/airflow/.local/lib/python3.6/site-packages/airflow/example_dags/example_dag_decorator.py
[2021-10-28 01:37:43,656] {logging_mixin.py:109} INFO - [2021-10-28 01:37:43,656] {dag.py:2389} INFO - Sync 1 DAGs
[2021-10-28 01:37:43,668] {logging_mixin.py:109} INFO - [2021-10-28 01:37:43,667] {dag.py:2914} INFO - Setting next_dagrun for example_dag_decorator to None
[2021-10-28 01:37:43,679] {processor.py:171} INFO - Processing /home/airflow/.local/lib/python3.6/site-packages/airflow/example_dags/example_dag_decorator.py took 0.507 seconds
[2021-10-28 01:38:14,606] {processor.py:163} INFO - Started process (PID=847) to work on /home/airflow/.local/lib/python3.6/site-packages/airflow/example_dags/example_dag_decorator.py
[2021-10-28 01:38:14,649] {processor.py:620} INFO - Processing file /home/airflow/.local/lib/python3.6/site-packages/airflow/example_dags/example_dag_decorator.py for tasks to queue
[2021-10-28 01:38:14,650] {logging_mixin.py:109} INFO - [2021-10-28 01:38:14,650] {dagbag.py:500} INFO - Filling up the DagBag from /home/airflow/.local/lib/python3.6/site-packages/airflow/example_dags/example_dag_decorator.py
[2021-10-28 01:38:14,813] {processor.py:632} INFO - DAG(s) dict_keys(['example_dag_decorator']) retrieved from /home/airflow/.local/lib/python3.6/site-packages/airflow/example_dags/example_dag_decorator.py
[2021-10-28 01:38:15,574] {logging_mixin.py:109} INFO - [2021-10-28 01:38:15,573] {dag.py:2389} INFO - Sync 1 DAGs
[2021-10-28 01:38:15,592] {logging_mixin.py:109} INFO - [2021-10-28 01:38:15,592] {dag.py:2914} INFO - Setting next_dagrun for example_dag_decorator to None
[2021-10-28 01:38:15,637] {processor.py:171} INFO - Processing /home/airflow/.local/lib/python3.6/site-packages/airflow/example_dags/example_dag_decorator.py took 1.035 seconds
[2021-10-28 01:38:48,586] {processor.py:163} INFO - Started process (PID=902) to work on /home/airflow/.local/lib/python3.6/site-packages/airflow/example_dags/example_dag_decorator.py
[2021-10-28 01:38:48,601] {processor.py:620} INFO - Processing file /home/airflow/.local/lib/python3.6/site-packages/airflow/example_dags/example_dag_decorator.py for tasks to queue
[2021-10-28 01:38:48,611] {logging_mixin.py:109} INFO - [2021-10-28 01:38:48,611] {dagbag.py:500} INFO - Filling up the DagBag from /home/airflow/.local/lib/python3.6/site-packages/airflow/example_dags/example_dag_decorator.py
[2021-10-28 01:38:48,719] {processor.py:632} INFO - DAG(s) dict_keys(['example_dag_decorator']) retrieved from /home/airflow/.local/lib/python3.6/site-packages/airflow/example_dags/example_dag_decorator.py
[2021-10-28 01:38:49,449] {logging_mixin.py:109} INFO - [2021-10-28 01:38:49,449] {dag.py:2389} INFO - Sync 1 DAGs
[2021-10-28 01:38:49,470] {logging_mixin.py:109} INFO - [2021-10-28 01:38:49,470] {dag.py:2914} INFO - Setting next_dagrun for example_dag_decorator to None
[2021-10-28 01:38:49,489] {processor.py:171} INFO - Processing /home/airflow/.local/lib/python3.6/site-packages/airflow/example_dags/example_dag_decorator.py took 0.906 seconds
[2021-10-28 01:39:20,869] {processor.py:163} INFO - Started process (PID=956) to work on /home/airflow/.local/lib/python3.6/site-packages/airflow/example_dags/example_dag_decorator.py
[2021-10-28 01:39:20,918] {processor.py:620} INFO - Processing file /home/airflow/.local/lib/python3.6/site-packages/airflow/example_dags/example_dag_decorator.py for tasks to queue
[2021-10-28 01:39:20,920] {logging_mixin.py:109} INFO - [2021-10-28 01:39:20,919] {dagbag.py:500} INFO - Filling up the DagBag from /home/airflow/.local/lib/python3.6/site-packages/airflow/example_dags/example_dag_decorator.py
[2021-10-28 01:39:21,141] {processor.py:632} INFO - DAG(s) dict_keys(['example_dag_decorator']) retrieved from /home/airflow/.local/lib/python3.6/site-packages/airflow/example_dags/example_dag_decorator.py
[2021-10-28 01:39:22,726] {logging_mixin.py:109} INFO - [2021-10-28 01:39:22,725] {dag.py:2389} INFO - Sync 1 DAGs
[2021-10-28 01:39:22,774] {logging_mixin.py:109} INFO - [2021-10-28 01:39:22,774] {dag.py:2914} INFO - Setting next_dagrun for example_dag_decorator to None
[2021-10-28 01:39:22,826] {processor.py:171} INFO - Processing /home/airflow/.local/lib/python3.6/site-packages/airflow/example_dags/example_dag_decorator.py took 1.960 seconds
[2021-10-28 01:39:52,969] {processor.py:163} INFO - Started process (PID=999) to work on /home/airflow/.local/lib/python3.6/site-packages/airflow/example_dags/example_dag_decorator.py
[2021-10-28 01:39:52,972] {processor.py:620} INFO - Processing file /home/airflow/.local/lib/python3.6/site-packages/airflow/example_dags/example_dag_decorator.py for tasks to queue
[2021-10-28 01:39:52,974] {logging_mixin.py:109} INFO - [2021-10-28 01:39:52,973] {dagbag.py:500} INFO - Filling up the DagBag from /home/airflow/.local/lib/python3.6/site-packages/airflow/example_dags/example_dag_decorator.py
[2021-10-28 01:39:53,044] {processor.py:632} INFO - DAG(s) dict_keys(['example_dag_decorator']) retrieved from /home/airflow/.local/lib/python3.6/site-packages/airflow/example_dags/example_dag_decorator.py
[2021-10-28 01:39:53,494] {logging_mixin.py:109} INFO - [2021-10-28 01:39:53,494] {dag.py:2389} INFO - Sync 1 DAGs
[2021-10-28 01:39:53,527] {logging_mixin.py:109} INFO - [2021-10-28 01:39:53,527] {dag.py:2914} INFO - Setting next_dagrun for example_dag_decorator to None
[2021-10-28 01:39:53,598] {processor.py:171} INFO - Processing /home/airflow/.local/lib/python3.6/site-packages/airflow/example_dags/example_dag_decorator.py took 0.632 seconds
[2021-10-28 01:40:24,558] {processor.py:163} INFO - Started process (PID=1052) to work on /home/airflow/.local/lib/python3.6/site-packages/airflow/example_dags/example_dag_decorator.py
[2021-10-28 01:40:24,561] {processor.py:620} INFO - Processing file /home/airflow/.local/lib/python3.6/site-packages/airflow/example_dags/example_dag_decorator.py for tasks to queue
[2021-10-28 01:40:24,563] {logging_mixin.py:109} INFO - [2021-10-28 01:40:24,563] {dagbag.py:500} INFO - Filling up the DagBag from /home/airflow/.local/lib/python3.6/site-packages/airflow/example_dags/example_dag_decorator.py
[2021-10-28 01:40:24,600] {processor.py:632} INFO - DAG(s) dict_keys(['example_dag_decorator']) retrieved from /home/airflow/.local/lib/python3.6/site-packages/airflow/example_dags/example_dag_decorator.py
[2021-10-28 01:40:24,800] {logging_mixin.py:109} INFO - [2021-10-28 01:40:24,800] {dag.py:2389} INFO - Sync 1 DAGs
[2021-10-28 01:40:24,815] {logging_mixin.py:109} INFO - [2021-10-28 01:40:24,815] {dag.py:2914} INFO - Setting next_dagrun for example_dag_decorator to None
[2021-10-28 01:40:24,834] {processor.py:171} INFO - Processing /home/airflow/.local/lib/python3.6/site-packages/airflow/example_dags/example_dag_decorator.py took 0.279 seconds
[2021-10-28 01:40:54,953] {processor.py:163} INFO - Started process (PID=1105) to work on /home/airflow/.local/lib/python3.6/site-packages/airflow/example_dags/example_dag_decorator.py
[2021-10-28 01:40:54,957] {processor.py:620} INFO - Processing file /home/airflow/.local/lib/python3.6/site-packages/airflow/example_dags/example_dag_decorator.py for tasks to queue
[2021-10-28 01:40:54,959] {logging_mixin.py:109} INFO - [2021-10-28 01:40:54,959] {dagbag.py:500} INFO - Filling up the DagBag from /home/airflow/.local/lib/python3.6/site-packages/airflow/example_dags/example_dag_decorator.py
[2021-10-28 01:40:54,995] {processor.py:632} INFO - DAG(s) dict_keys(['example_dag_decorator']) retrieved from /home/airflow/.local/lib/python3.6/site-packages/airflow/example_dags/example_dag_decorator.py
[2021-10-28 01:40:55,007] {logging_mixin.py:109} INFO - [2021-10-28 01:40:55,007] {dag.py:2389} INFO - Sync 1 DAGs
[2021-10-28 01:40:55,017] {logging_mixin.py:109} INFO - [2021-10-28 01:40:55,017] {dag.py:2914} INFO - Setting next_dagrun for example_dag_decorator to None
[2021-10-28 01:40:55,027] {processor.py:171} INFO - Processing /home/airflow/.local/lib/python3.6/site-packages/airflow/example_dags/example_dag_decorator.py took 0.078 seconds
[2021-10-28 01:41:25,084] {processor.py:163} INFO - Started process (PID=1157) to work on /home/airflow/.local/lib/python3.6/site-packages/airflow/example_dags/example_dag_decorator.py
[2021-10-28 01:41:25,091] {processor.py:620} INFO - Processing file /home/airflow/.local/lib/python3.6/site-packages/airflow/example_dags/example_dag_decorator.py for tasks to queue
[2021-10-28 01:41:25,093] {logging_mixin.py:109} INFO - [2021-10-28 01:41:25,093] {dagbag.py:500} INFO - Filling up the DagBag from /home/airflow/.local/lib/python3.6/site-packages/airflow/example_dags/example_dag_decorator.py
[2021-10-28 01:41:25,125] {processor.py:632} INFO - DAG(s) dict_keys(['example_dag_decorator']) retrieved from /home/airflow/.local/lib/python3.6/site-packages/airflow/example_dags/example_dag_decorator.py
[2021-10-28 01:41:25,364] {logging_mixin.py:109} INFO - [2021-10-28 01:41:25,363] {dag.py:2389} INFO - Sync 1 DAGs
[2021-10-28 01:41:25,385] {logging_mixin.py:109} INFO - [2021-10-28 01:41:25,385] {dag.py:2914} INFO - Setting next_dagrun for example_dag_decorator to None
[2021-10-28 01:41:25,398] {processor.py:171} INFO - Processing /home/airflow/.local/lib/python3.6/site-packages/airflow/example_dags/example_dag_decorator.py took 0.316 seconds
[2021-10-28 01:41:55,798] {processor.py:163} INFO - Started process (PID=1209) to work on /home/airflow/.local/lib/python3.6/site-packages/airflow/example_dags/example_dag_decorator.py
[2021-10-28 01:41:55,837] {processor.py:620} INFO - Processing file /home/airflow/.local/lib/python3.6/site-packages/airflow/example_dags/example_dag_decorator.py for tasks to queue
[2021-10-28 01:41:55,837] {logging_mixin.py:109} INFO - [2021-10-28 01:41:55,837] {dagbag.py:500} INFO - Filling up the DagBag from /home/airflow/.local/lib/python3.6/site-packages/airflow/example_dags/example_dag_decorator.py
[2021-10-28 01:41:55,994] {processor.py:632} INFO - DAG(s) dict_keys(['example_dag_decorator']) retrieved from /home/airflow/.local/lib/python3.6/site-packages/airflow/example_dags/example_dag_decorator.py
[2021-10-28 01:41:56,500] {logging_mixin.py:109} INFO - [2021-10-28 01:41:56,500] {dag.py:2389} INFO - Sync 1 DAGs
[2021-10-28 01:41:56,510] {logging_mixin.py:109} INFO - [2021-10-28 01:41:56,509] {dag.py:2914} INFO - Setting next_dagrun for example_dag_decorator to None
[2021-10-28 01:41:56,533] {processor.py:171} INFO - Processing /home/airflow/.local/lib/python3.6/site-packages/airflow/example_dags/example_dag_decorator.py took 0.738 seconds
[2021-10-28 01:42:27,289] {processor.py:163} INFO - Started process (PID=1254) to work on /home/airflow/.local/lib/python3.6/site-packages/airflow/example_dags/example_dag_decorator.py
[2021-10-28 01:42:27,312] {processor.py:620} INFO - Processing file /home/airflow/.local/lib/python3.6/site-packages/airflow/example_dags/example_dag_decorator.py for tasks to queue
[2021-10-28 01:42:27,313] {logging_mixin.py:109} INFO - [2021-10-28 01:42:27,313] {dagbag.py:500} INFO - Filling up the DagBag from /home/airflow/.local/lib/python3.6/site-packages/airflow/example_dags/example_dag_decorator.py
[2021-10-28 01:42:27,452] {processor.py:632} INFO - DAG(s) dict_keys(['example_dag_decorator']) retrieved from /home/airflow/.local/lib/python3.6/site-packages/airflow/example_dags/example_dag_decorator.py
[2021-10-28 01:42:28,007] {logging_mixin.py:109} INFO - [2021-10-28 01:42:28,007] {dag.py:2389} INFO - Sync 1 DAGs
[2021-10-28 01:42:28,024] {logging_mixin.py:109} INFO - [2021-10-28 01:42:28,024] {dag.py:2914} INFO - Setting next_dagrun for example_dag_decorator to None
[2021-10-28 01:42:28,050] {processor.py:171} INFO - Processing /home/airflow/.local/lib/python3.6/site-packages/airflow/example_dags/example_dag_decorator.py took 0.764 seconds
