[2021-10-28 01:32:15,934] {processor.py:163} INFO - Started process (PID=253) to work on /home/airflow/.local/lib/python3.6/site-packages/airflow/example_dags/example_short_circuit_operator.py
[2021-10-28 01:32:15,939] {processor.py:620} INFO - Processing file /home/airflow/.local/lib/python3.6/site-packages/airflow/example_dags/example_short_circuit_operator.py for tasks to queue
[2021-10-28 01:32:15,950] {logging_mixin.py:109} INFO - [2021-10-28 01:32:15,950] {dagbag.py:500} INFO - Filling up the DagBag from /home/airflow/.local/lib/python3.6/site-packages/airflow/example_dags/example_short_circuit_operator.py
[2021-10-28 01:32:16,006] {processor.py:632} INFO - DAG(s) dict_keys(['example_short_circuit_operator']) retrieved from /home/airflow/.local/lib/python3.6/site-packages/airflow/example_dags/example_short_circuit_operator.py
[2021-10-28 01:32:23,267] {logging_mixin.py:109} INFO - [2021-10-28 01:32:23,266] {providers_manager.py:156} WARNING - Exception when importing 'airflow.providers.google.leveldb.hooks.leveldb.LevelDBHook' from 'apache-airflow-providers-google' package: No module named 'plyvel'
[2021-10-28 01:32:24,549] {logging_mixin.py:109} INFO - [2021-10-28 01:32:24,549] {providers_manager.py:156} WARNING - Exception when importing 'airflow.providers.google.leveldb.hooks.leveldb.LevelDBHook' from 'apache-airflow-providers-google' package: No module named 'plyvel'
[2021-10-28 01:32:24,597] {logging_mixin.py:109} INFO - [2021-10-28 01:32:24,597] {manager.py:496} INFO - Created Permission View: can read on DAG:example_short_circuit_operator
[2021-10-28 01:32:24,629] {logging_mixin.py:109} INFO - [2021-10-28 01:32:24,628] {manager.py:496} INFO - Created Permission View: can edit on DAG:example_short_circuit_operator
[2021-10-28 01:32:24,631] {logging_mixin.py:109} INFO - [2021-10-28 01:32:24,630] {dag.py:2389} INFO - Sync 1 DAGs
[2021-10-28 01:32:24,658] {logging_mixin.py:109} INFO - [2021-10-28 01:32:24,658] {dag.py:2408} INFO - Creating ORM DAG for example_short_circuit_operator
[2021-10-28 01:32:24,677] {logging_mixin.py:109} INFO - [2021-10-28 01:32:24,677] {dag.py:2914} INFO - Setting next_dagrun for example_short_circuit_operator to 2021-10-27T01:32:24.677296+00:00
[2021-10-28 01:32:24,697] {processor.py:171} INFO - Processing /home/airflow/.local/lib/python3.6/site-packages/airflow/example_dags/example_short_circuit_operator.py took 8.766 seconds
[2021-10-28 01:33:32,246] {processor.py:163} INFO - Started process (PID=345) to work on /home/airflow/.local/lib/python3.6/site-packages/airflow/example_dags/example_short_circuit_operator.py
[2021-10-28 01:33:32,290] {processor.py:620} INFO - Processing file /home/airflow/.local/lib/python3.6/site-packages/airflow/example_dags/example_short_circuit_operator.py for tasks to queue
[2021-10-28 01:33:32,290] {logging_mixin.py:109} INFO - [2021-10-28 01:33:32,290] {dagbag.py:500} INFO - Filling up the DagBag from /home/airflow/.local/lib/python3.6/site-packages/airflow/example_dags/example_short_circuit_operator.py
[2021-10-28 01:33:32,451] {processor.py:632} INFO - DAG(s) dict_keys(['example_short_circuit_operator']) retrieved from /home/airflow/.local/lib/python3.6/site-packages/airflow/example_dags/example_short_circuit_operator.py
[2021-10-28 01:33:32,510] {logging_mixin.py:109} INFO - [2021-10-28 01:33:32,510] {dag.py:2389} INFO - Sync 1 DAGs
[2021-10-28 01:33:32,579] {logging_mixin.py:109} INFO - [2021-10-28 01:33:32,579] {dag.py:2914} INFO - Setting next_dagrun for example_short_circuit_operator to 2021-10-27T01:33:32.579176+00:00
[2021-10-28 01:33:32,631] {processor.py:171} INFO - Processing /home/airflow/.local/lib/python3.6/site-packages/airflow/example_dags/example_short_circuit_operator.py took 0.388 seconds
[2021-10-28 01:34:02,739] {processor.py:163} INFO - Started process (PID=396) to work on /home/airflow/.local/lib/python3.6/site-packages/airflow/example_dags/example_short_circuit_operator.py
[2021-10-28 01:34:02,749] {processor.py:620} INFO - Processing file /home/airflow/.local/lib/python3.6/site-packages/airflow/example_dags/example_short_circuit_operator.py for tasks to queue
[2021-10-28 01:34:02,749] {logging_mixin.py:109} INFO - [2021-10-28 01:34:02,749] {dagbag.py:500} INFO - Filling up the DagBag from /home/airflow/.local/lib/python3.6/site-packages/airflow/example_dags/example_short_circuit_operator.py
[2021-10-28 01:34:02,810] {processor.py:632} INFO - DAG(s) dict_keys(['example_short_circuit_operator']) retrieved from /home/airflow/.local/lib/python3.6/site-packages/airflow/example_dags/example_short_circuit_operator.py
[2021-10-28 01:34:02,829] {logging_mixin.py:109} INFO - [2021-10-28 01:34:02,829] {dag.py:2389} INFO - Sync 1 DAGs
[2021-10-28 01:34:02,852] {logging_mixin.py:109} INFO - [2021-10-28 01:34:02,852] {dag.py:2914} INFO - Setting next_dagrun for example_short_circuit_operator to 2021-10-27T01:34:02.852526+00:00
[2021-10-28 01:34:02,875] {processor.py:171} INFO - Processing /home/airflow/.local/lib/python3.6/site-packages/airflow/example_dags/example_short_circuit_operator.py took 0.139 seconds
[2021-10-28 01:34:32,962] {processor.py:163} INFO - Started process (PID=460) to work on /home/airflow/.local/lib/python3.6/site-packages/airflow/example_dags/example_short_circuit_operator.py
[2021-10-28 01:34:32,982] {processor.py:620} INFO - Processing file /home/airflow/.local/lib/python3.6/site-packages/airflow/example_dags/example_short_circuit_operator.py for tasks to queue
[2021-10-28 01:34:32,983] {logging_mixin.py:109} INFO - [2021-10-28 01:34:32,983] {dagbag.py:500} INFO - Filling up the DagBag from /home/airflow/.local/lib/python3.6/site-packages/airflow/example_dags/example_short_circuit_operator.py
[2021-10-28 01:34:33,067] {processor.py:632} INFO - DAG(s) dict_keys(['example_short_circuit_operator']) retrieved from /home/airflow/.local/lib/python3.6/site-packages/airflow/example_dags/example_short_circuit_operator.py
[2021-10-28 01:34:33,111] {logging_mixin.py:109} INFO - [2021-10-28 01:34:33,111] {dag.py:2389} INFO - Sync 1 DAGs
[2021-10-28 01:34:33,160] {logging_mixin.py:109} INFO - [2021-10-28 01:34:33,160] {dag.py:2914} INFO - Setting next_dagrun for example_short_circuit_operator to 2021-10-27T01:34:33.159857+00:00
[2021-10-28 01:34:33,180] {processor.py:171} INFO - Processing /home/airflow/.local/lib/python3.6/site-packages/airflow/example_dags/example_short_circuit_operator.py took 0.221 seconds
[2021-10-28 01:35:03,505] {processor.py:163} INFO - Started process (PID=512) to work on /home/airflow/.local/lib/python3.6/site-packages/airflow/example_dags/example_short_circuit_operator.py
[2021-10-28 01:35:03,508] {processor.py:620} INFO - Processing file /home/airflow/.local/lib/python3.6/site-packages/airflow/example_dags/example_short_circuit_operator.py for tasks to queue
[2021-10-28 01:35:03,512] {logging_mixin.py:109} INFO - [2021-10-28 01:35:03,512] {dagbag.py:500} INFO - Filling up the DagBag from /home/airflow/.local/lib/python3.6/site-packages/airflow/example_dags/example_short_circuit_operator.py
[2021-10-28 01:35:03,565] {processor.py:632} INFO - DAG(s) dict_keys(['example_short_circuit_operator']) retrieved from /home/airflow/.local/lib/python3.6/site-packages/airflow/example_dags/example_short_circuit_operator.py
[2021-10-28 01:35:03,612] {logging_mixin.py:109} INFO - [2021-10-28 01:35:03,611] {dag.py:2389} INFO - Sync 1 DAGs
[2021-10-28 01:35:03,645] {logging_mixin.py:109} INFO - [2021-10-28 01:35:03,645] {dag.py:2914} INFO - Setting next_dagrun for example_short_circuit_operator to 2021-10-27T01:35:03.645373+00:00
[2021-10-28 01:35:03,706] {processor.py:171} INFO - Processing /home/airflow/.local/lib/python3.6/site-packages/airflow/example_dags/example_short_circuit_operator.py took 0.204 seconds
[2021-10-28 01:35:33,839] {processor.py:163} INFO - Started process (PID=565) to work on /home/airflow/.local/lib/python3.6/site-packages/airflow/example_dags/example_short_circuit_operator.py
[2021-10-28 01:35:33,848] {processor.py:620} INFO - Processing file /home/airflow/.local/lib/python3.6/site-packages/airflow/example_dags/example_short_circuit_operator.py for tasks to queue
[2021-10-28 01:35:33,852] {logging_mixin.py:109} INFO - [2021-10-28 01:35:33,852] {dagbag.py:500} INFO - Filling up the DagBag from /home/airflow/.local/lib/python3.6/site-packages/airflow/example_dags/example_short_circuit_operator.py
[2021-10-28 01:35:33,909] {processor.py:632} INFO - DAG(s) dict_keys(['example_short_circuit_operator']) retrieved from /home/airflow/.local/lib/python3.6/site-packages/airflow/example_dags/example_short_circuit_operator.py
[2021-10-28 01:35:33,954] {logging_mixin.py:109} INFO - [2021-10-28 01:35:33,954] {dag.py:2389} INFO - Sync 1 DAGs
[2021-10-28 01:35:33,991] {logging_mixin.py:109} INFO - [2021-10-28 01:35:33,991] {dag.py:2914} INFO - Setting next_dagrun for example_short_circuit_operator to 2021-10-27T01:35:33.991118+00:00
[2021-10-28 01:35:34,029] {processor.py:171} INFO - Processing /home/airflow/.local/lib/python3.6/site-packages/airflow/example_dags/example_short_circuit_operator.py took 0.192 seconds
[2021-10-28 01:36:04,754] {processor.py:163} INFO - Started process (PID=618) to work on /home/airflow/.local/lib/python3.6/site-packages/airflow/example_dags/example_short_circuit_operator.py
[2021-10-28 01:36:04,756] {processor.py:620} INFO - Processing file /home/airflow/.local/lib/python3.6/site-packages/airflow/example_dags/example_short_circuit_operator.py for tasks to queue
[2021-10-28 01:36:04,758] {logging_mixin.py:109} INFO - [2021-10-28 01:36:04,758] {dagbag.py:500} INFO - Filling up the DagBag from /home/airflow/.local/lib/python3.6/site-packages/airflow/example_dags/example_short_circuit_operator.py
[2021-10-28 01:36:04,882] {processor.py:632} INFO - DAG(s) dict_keys(['example_short_circuit_operator']) retrieved from /home/airflow/.local/lib/python3.6/site-packages/airflow/example_dags/example_short_circuit_operator.py
[2021-10-28 01:36:04,927] {logging_mixin.py:109} INFO - [2021-10-28 01:36:04,927] {dag.py:2389} INFO - Sync 1 DAGs
[2021-10-28 01:36:04,959] {logging_mixin.py:109} INFO - [2021-10-28 01:36:04,959] {dag.py:2914} INFO - Setting next_dagrun for example_short_circuit_operator to 2021-10-27T01:36:04.959534+00:00
[2021-10-28 01:36:05,001] {processor.py:171} INFO - Processing /home/airflow/.local/lib/python3.6/site-packages/airflow/example_dags/example_short_circuit_operator.py took 0.283 seconds
[2021-10-28 01:36:35,820] {processor.py:163} INFO - Started process (PID=671) to work on /home/airflow/.local/lib/python3.6/site-packages/airflow/example_dags/example_short_circuit_operator.py
[2021-10-28 01:36:35,823] {processor.py:620} INFO - Processing file /home/airflow/.local/lib/python3.6/site-packages/airflow/example_dags/example_short_circuit_operator.py for tasks to queue
[2021-10-28 01:36:35,836] {logging_mixin.py:109} INFO - [2021-10-28 01:36:35,836] {dagbag.py:500} INFO - Filling up the DagBag from /home/airflow/.local/lib/python3.6/site-packages/airflow/example_dags/example_short_circuit_operator.py
[2021-10-28 01:36:35,878] {processor.py:632} INFO - DAG(s) dict_keys(['example_short_circuit_operator']) retrieved from /home/airflow/.local/lib/python3.6/site-packages/airflow/example_dags/example_short_circuit_operator.py
[2021-10-28 01:36:35,902] {logging_mixin.py:109} INFO - [2021-10-28 01:36:35,902] {dag.py:2389} INFO - Sync 1 DAGs
[2021-10-28 01:36:35,927] {logging_mixin.py:109} INFO - [2021-10-28 01:36:35,927] {dag.py:2914} INFO - Setting next_dagrun for example_short_circuit_operator to 2021-10-27T01:36:35.927282+00:00
[2021-10-28 01:36:35,964] {processor.py:171} INFO - Processing /home/airflow/.local/lib/python3.6/site-packages/airflow/example_dags/example_short_circuit_operator.py took 0.154 seconds
[2021-10-28 01:37:06,471] {processor.py:163} INFO - Started process (PID=730) to work on /home/airflow/.local/lib/python3.6/site-packages/airflow/example_dags/example_short_circuit_operator.py
[2021-10-28 01:37:06,516] {processor.py:620} INFO - Processing file /home/airflow/.local/lib/python3.6/site-packages/airflow/example_dags/example_short_circuit_operator.py for tasks to queue
[2021-10-28 01:37:06,517] {logging_mixin.py:109} INFO - [2021-10-28 01:37:06,517] {dagbag.py:500} INFO - Filling up the DagBag from /home/airflow/.local/lib/python3.6/site-packages/airflow/example_dags/example_short_circuit_operator.py
[2021-10-28 01:37:06,791] {processor.py:632} INFO - DAG(s) dict_keys(['example_short_circuit_operator']) retrieved from /home/airflow/.local/lib/python3.6/site-packages/airflow/example_dags/example_short_circuit_operator.py
[2021-10-28 01:37:06,941] {logging_mixin.py:109} INFO - [2021-10-28 01:37:06,940] {dag.py:2389} INFO - Sync 1 DAGs
[2021-10-28 01:37:07,092] {logging_mixin.py:109} INFO - [2021-10-28 01:37:07,092] {dag.py:2914} INFO - Setting next_dagrun for example_short_circuit_operator to 2021-10-27T01:37:07.091797+00:00
[2021-10-28 01:37:07,177] {processor.py:171} INFO - Processing /home/airflow/.local/lib/python3.6/site-packages/airflow/example_dags/example_short_circuit_operator.py took 0.708 seconds
[2021-10-28 01:37:37,522] {processor.py:163} INFO - Started process (PID=781) to work on /home/airflow/.local/lib/python3.6/site-packages/airflow/example_dags/example_short_circuit_operator.py
[2021-10-28 01:37:37,583] {processor.py:620} INFO - Processing file /home/airflow/.local/lib/python3.6/site-packages/airflow/example_dags/example_short_circuit_operator.py for tasks to queue
[2021-10-28 01:37:37,585] {logging_mixin.py:109} INFO - [2021-10-28 01:37:37,585] {dagbag.py:500} INFO - Filling up the DagBag from /home/airflow/.local/lib/python3.6/site-packages/airflow/example_dags/example_short_circuit_operator.py
[2021-10-28 01:37:37,913] {processor.py:632} INFO - DAG(s) dict_keys(['example_short_circuit_operator']) retrieved from /home/airflow/.local/lib/python3.6/site-packages/airflow/example_dags/example_short_circuit_operator.py
[2021-10-28 01:37:38,067] {logging_mixin.py:109} INFO - [2021-10-28 01:37:38,066] {dag.py:2389} INFO - Sync 1 DAGs
[2021-10-28 01:37:38,140] {logging_mixin.py:109} INFO - [2021-10-28 01:37:38,140] {dag.py:2914} INFO - Setting next_dagrun for example_short_circuit_operator to 2021-10-27T01:37:38.140440+00:00
[2021-10-28 01:37:38,246] {processor.py:171} INFO - Processing /home/airflow/.local/lib/python3.6/site-packages/airflow/example_dags/example_short_circuit_operator.py took 0.727 seconds
[2021-10-28 01:38:08,918] {processor.py:163} INFO - Started process (PID=837) to work on /home/airflow/.local/lib/python3.6/site-packages/airflow/example_dags/example_short_circuit_operator.py
[2021-10-28 01:38:08,948] {processor.py:620} INFO - Processing file /home/airflow/.local/lib/python3.6/site-packages/airflow/example_dags/example_short_circuit_operator.py for tasks to queue
[2021-10-28 01:38:08,971] {logging_mixin.py:109} INFO - [2021-10-28 01:38:08,971] {dagbag.py:500} INFO - Filling up the DagBag from /home/airflow/.local/lib/python3.6/site-packages/airflow/example_dags/example_short_circuit_operator.py
[2021-10-28 01:38:09,150] {processor.py:632} INFO - DAG(s) dict_keys(['example_short_circuit_operator']) retrieved from /home/airflow/.local/lib/python3.6/site-packages/airflow/example_dags/example_short_circuit_operator.py
[2021-10-28 01:38:09,236] {logging_mixin.py:109} INFO - [2021-10-28 01:38:09,235] {dag.py:2389} INFO - Sync 1 DAGs
[2021-10-28 01:38:09,280] {logging_mixin.py:109} INFO - [2021-10-28 01:38:09,280] {dag.py:2914} INFO - Setting next_dagrun for example_short_circuit_operator to 2021-10-27T01:38:09.280554+00:00
[2021-10-28 01:38:09,327] {processor.py:171} INFO - Processing /home/airflow/.local/lib/python3.6/site-packages/airflow/example_dags/example_short_circuit_operator.py took 0.412 seconds
[2021-10-28 01:38:40,412] {processor.py:163} INFO - Started process (PID=890) to work on /home/airflow/.local/lib/python3.6/site-packages/airflow/example_dags/example_short_circuit_operator.py
[2021-10-28 01:38:40,444] {processor.py:620} INFO - Processing file /home/airflow/.local/lib/python3.6/site-packages/airflow/example_dags/example_short_circuit_operator.py for tasks to queue
[2021-10-28 01:38:40,444] {logging_mixin.py:109} INFO - [2021-10-28 01:38:40,444] {dagbag.py:500} INFO - Filling up the DagBag from /home/airflow/.local/lib/python3.6/site-packages/airflow/example_dags/example_short_circuit_operator.py
[2021-10-28 01:38:41,169] {processor.py:632} INFO - DAG(s) dict_keys(['example_short_circuit_operator']) retrieved from /home/airflow/.local/lib/python3.6/site-packages/airflow/example_dags/example_short_circuit_operator.py
[2021-10-28 01:38:41,288] {logging_mixin.py:109} INFO - [2021-10-28 01:38:41,288] {dag.py:2389} INFO - Sync 1 DAGs
[2021-10-28 01:38:41,364] {logging_mixin.py:109} INFO - [2021-10-28 01:38:41,364] {dag.py:2914} INFO - Setting next_dagrun for example_short_circuit_operator to 2021-10-27T01:38:41.364190+00:00
[2021-10-28 01:38:41,429] {processor.py:171} INFO - Processing /home/airflow/.local/lib/python3.6/site-packages/airflow/example_dags/example_short_circuit_operator.py took 1.020 seconds
[2021-10-28 01:39:11,709] {processor.py:163} INFO - Started process (PID=933) to work on /home/airflow/.local/lib/python3.6/site-packages/airflow/example_dags/example_short_circuit_operator.py
[2021-10-28 01:39:11,712] {processor.py:620} INFO - Processing file /home/airflow/.local/lib/python3.6/site-packages/airflow/example_dags/example_short_circuit_operator.py for tasks to queue
[2021-10-28 01:39:11,717] {logging_mixin.py:109} INFO - [2021-10-28 01:39:11,716] {dagbag.py:500} INFO - Filling up the DagBag from /home/airflow/.local/lib/python3.6/site-packages/airflow/example_dags/example_short_circuit_operator.py
[2021-10-28 01:39:11,772] {processor.py:632} INFO - DAG(s) dict_keys(['example_short_circuit_operator']) retrieved from /home/airflow/.local/lib/python3.6/site-packages/airflow/example_dags/example_short_circuit_operator.py
[2021-10-28 01:39:11,797] {logging_mixin.py:109} INFO - [2021-10-28 01:39:11,797] {dag.py:2389} INFO - Sync 1 DAGs
[2021-10-28 01:39:11,814] {logging_mixin.py:109} INFO - [2021-10-28 01:39:11,814] {dag.py:2914} INFO - Setting next_dagrun for example_short_circuit_operator to 2021-10-27T01:39:11.814531+00:00
[2021-10-28 01:39:11,838] {processor.py:171} INFO - Processing /home/airflow/.local/lib/python3.6/site-packages/airflow/example_dags/example_short_circuit_operator.py took 0.134 seconds
[2021-10-28 01:39:41,967] {processor.py:163} INFO - Started process (PID=986) to work on /home/airflow/.local/lib/python3.6/site-packages/airflow/example_dags/example_short_circuit_operator.py
[2021-10-28 01:39:41,999] {processor.py:620} INFO - Processing file /home/airflow/.local/lib/python3.6/site-packages/airflow/example_dags/example_short_circuit_operator.py for tasks to queue
[2021-10-28 01:39:41,999] {logging_mixin.py:109} INFO - [2021-10-28 01:39:41,999] {dagbag.py:500} INFO - Filling up the DagBag from /home/airflow/.local/lib/python3.6/site-packages/airflow/example_dags/example_short_circuit_operator.py
[2021-10-28 01:39:42,226] {processor.py:632} INFO - DAG(s) dict_keys(['example_short_circuit_operator']) retrieved from /home/airflow/.local/lib/python3.6/site-packages/airflow/example_dags/example_short_circuit_operator.py
[2021-10-28 01:39:42,296] {logging_mixin.py:109} INFO - [2021-10-28 01:39:42,295] {dag.py:2389} INFO - Sync 1 DAGs
[2021-10-28 01:39:42,349] {logging_mixin.py:109} INFO - [2021-10-28 01:39:42,349] {dag.py:2914} INFO - Setting next_dagrun for example_short_circuit_operator to 2021-10-27T01:39:42.349214+00:00
[2021-10-28 01:39:42,392] {processor.py:171} INFO - Processing /home/airflow/.local/lib/python3.6/site-packages/airflow/example_dags/example_short_circuit_operator.py took 0.427 seconds
[2021-10-28 01:40:12,964] {processor.py:163} INFO - Started process (PID=1038) to work on /home/airflow/.local/lib/python3.6/site-packages/airflow/example_dags/example_short_circuit_operator.py
[2021-10-28 01:40:13,007] {processor.py:620} INFO - Processing file /home/airflow/.local/lib/python3.6/site-packages/airflow/example_dags/example_short_circuit_operator.py for tasks to queue
[2021-10-28 01:40:13,023] {logging_mixin.py:109} INFO - [2021-10-28 01:40:13,023] {dagbag.py:500} INFO - Filling up the DagBag from /home/airflow/.local/lib/python3.6/site-packages/airflow/example_dags/example_short_circuit_operator.py
[2021-10-28 01:40:13,475] {processor.py:632} INFO - DAG(s) dict_keys(['example_short_circuit_operator']) retrieved from /home/airflow/.local/lib/python3.6/site-packages/airflow/example_dags/example_short_circuit_operator.py
[2021-10-28 01:40:13,524] {logging_mixin.py:109} INFO - [2021-10-28 01:40:13,524] {dag.py:2389} INFO - Sync 1 DAGs
[2021-10-28 01:40:13,614] {logging_mixin.py:109} INFO - [2021-10-28 01:40:13,614] {dag.py:2914} INFO - Setting next_dagrun for example_short_circuit_operator to 2021-10-27T01:40:13.614548+00:00
[2021-10-28 01:40:13,707] {processor.py:171} INFO - Processing /home/airflow/.local/lib/python3.6/site-packages/airflow/example_dags/example_short_circuit_operator.py took 0.746 seconds
[2021-10-28 01:40:44,449] {processor.py:163} INFO - Started process (PID=1082) to work on /home/airflow/.local/lib/python3.6/site-packages/airflow/example_dags/example_short_circuit_operator.py
[2021-10-28 01:40:44,493] {processor.py:620} INFO - Processing file /home/airflow/.local/lib/python3.6/site-packages/airflow/example_dags/example_short_circuit_operator.py for tasks to queue
[2021-10-28 01:40:44,513] {logging_mixin.py:109} INFO - [2021-10-28 01:40:44,513] {dagbag.py:500} INFO - Filling up the DagBag from /home/airflow/.local/lib/python3.6/site-packages/airflow/example_dags/example_short_circuit_operator.py
[2021-10-28 01:40:44,699] {processor.py:632} INFO - DAG(s) dict_keys(['example_short_circuit_operator']) retrieved from /home/airflow/.local/lib/python3.6/site-packages/airflow/example_dags/example_short_circuit_operator.py
[2021-10-28 01:40:44,767] {logging_mixin.py:109} INFO - [2021-10-28 01:40:44,767] {dag.py:2389} INFO - Sync 1 DAGs
[2021-10-28 01:40:44,819] {logging_mixin.py:109} INFO - [2021-10-28 01:40:44,819] {dag.py:2914} INFO - Setting next_dagrun for example_short_circuit_operator to 2021-10-27T01:40:44.819490+00:00
[2021-10-28 01:40:44,869] {processor.py:171} INFO - Processing /home/airflow/.local/lib/python3.6/site-packages/airflow/example_dags/example_short_circuit_operator.py took 0.423 seconds
[2021-10-28 01:41:15,127] {processor.py:163} INFO - Started process (PID=1134) to work on /home/airflow/.local/lib/python3.6/site-packages/airflow/example_dags/example_short_circuit_operator.py
[2021-10-28 01:41:15,147] {processor.py:620} INFO - Processing file /home/airflow/.local/lib/python3.6/site-packages/airflow/example_dags/example_short_circuit_operator.py for tasks to queue
[2021-10-28 01:41:15,148] {logging_mixin.py:109} INFO - [2021-10-28 01:41:15,148] {dagbag.py:500} INFO - Filling up the DagBag from /home/airflow/.local/lib/python3.6/site-packages/airflow/example_dags/example_short_circuit_operator.py
[2021-10-28 01:41:15,249] {processor.py:632} INFO - DAG(s) dict_keys(['example_short_circuit_operator']) retrieved from /home/airflow/.local/lib/python3.6/site-packages/airflow/example_dags/example_short_circuit_operator.py
[2021-10-28 01:41:15,309] {logging_mixin.py:109} INFO - [2021-10-28 01:41:15,309] {dag.py:2389} INFO - Sync 1 DAGs
[2021-10-28 01:41:15,372] {logging_mixin.py:109} INFO - [2021-10-28 01:41:15,372] {dag.py:2914} INFO - Setting next_dagrun for example_short_circuit_operator to 2021-10-27T01:41:15.372610+00:00
[2021-10-28 01:41:15,421] {processor.py:171} INFO - Processing /home/airflow/.local/lib/python3.6/site-packages/airflow/example_dags/example_short_circuit_operator.py took 0.297 seconds
[2021-10-28 01:41:45,930] {processor.py:163} INFO - Started process (PID=1187) to work on /home/airflow/.local/lib/python3.6/site-packages/airflow/example_dags/example_short_circuit_operator.py
[2021-10-28 01:41:45,933] {processor.py:620} INFO - Processing file /home/airflow/.local/lib/python3.6/site-packages/airflow/example_dags/example_short_circuit_operator.py for tasks to queue
[2021-10-28 01:41:45,934] {logging_mixin.py:109} INFO - [2021-10-28 01:41:45,934] {dagbag.py:500} INFO - Filling up the DagBag from /home/airflow/.local/lib/python3.6/site-packages/airflow/example_dags/example_short_circuit_operator.py
[2021-10-28 01:41:46,141] {processor.py:632} INFO - DAG(s) dict_keys(['example_short_circuit_operator']) retrieved from /home/airflow/.local/lib/python3.6/site-packages/airflow/example_dags/example_short_circuit_operator.py
[2021-10-28 01:41:46,240] {logging_mixin.py:109} INFO - [2021-10-28 01:41:46,240] {dag.py:2389} INFO - Sync 1 DAGs
[2021-10-28 01:41:46,297] {logging_mixin.py:109} INFO - [2021-10-28 01:41:46,297] {dag.py:2914} INFO - Setting next_dagrun for example_short_circuit_operator to 2021-10-27T01:41:46.297339+00:00
[2021-10-28 01:41:46,457] {processor.py:171} INFO - Processing /home/airflow/.local/lib/python3.6/site-packages/airflow/example_dags/example_short_circuit_operator.py took 0.575 seconds
[2021-10-28 01:42:16,681] {processor.py:163} INFO - Started process (PID=1240) to work on /home/airflow/.local/lib/python3.6/site-packages/airflow/example_dags/example_short_circuit_operator.py
[2021-10-28 01:42:16,690] {processor.py:620} INFO - Processing file /home/airflow/.local/lib/python3.6/site-packages/airflow/example_dags/example_short_circuit_operator.py for tasks to queue
[2021-10-28 01:42:16,691] {logging_mixin.py:109} INFO - [2021-10-28 01:42:16,691] {dagbag.py:500} INFO - Filling up the DagBag from /home/airflow/.local/lib/python3.6/site-packages/airflow/example_dags/example_short_circuit_operator.py
[2021-10-28 01:42:16,825] {processor.py:632} INFO - DAG(s) dict_keys(['example_short_circuit_operator']) retrieved from /home/airflow/.local/lib/python3.6/site-packages/airflow/example_dags/example_short_circuit_operator.py
[2021-10-28 01:42:16,857] {logging_mixin.py:109} INFO - [2021-10-28 01:42:16,856] {dag.py:2389} INFO - Sync 1 DAGs
[2021-10-28 01:42:16,899] {logging_mixin.py:109} INFO - [2021-10-28 01:42:16,899] {dag.py:2914} INFO - Setting next_dagrun for example_short_circuit_operator to 2021-10-27T01:42:16.898758+00:00
[2021-10-28 01:42:16,931] {processor.py:171} INFO - Processing /home/airflow/.local/lib/python3.6/site-packages/airflow/example_dags/example_short_circuit_operator.py took 0.253 seconds
[2021-10-28 01:42:47,495] {processor.py:163} INFO - Started process (PID=1295) to work on /home/airflow/.local/lib/python3.6/site-packages/airflow/example_dags/example_short_circuit_operator.py
[2021-10-28 01:42:47,512] {processor.py:620} INFO - Processing file /home/airflow/.local/lib/python3.6/site-packages/airflow/example_dags/example_short_circuit_operator.py for tasks to queue
[2021-10-28 01:42:47,514] {logging_mixin.py:109} INFO - [2021-10-28 01:42:47,514] {dagbag.py:500} INFO - Filling up the DagBag from /home/airflow/.local/lib/python3.6/site-packages/airflow/example_dags/example_short_circuit_operator.py
[2021-10-28 01:42:47,576] {processor.py:632} INFO - DAG(s) dict_keys(['example_short_circuit_operator']) retrieved from /home/airflow/.local/lib/python3.6/site-packages/airflow/example_dags/example_short_circuit_operator.py
[2021-10-28 01:42:47,600] {logging_mixin.py:109} INFO - [2021-10-28 01:42:47,599] {dag.py:2389} INFO - Sync 1 DAGs
[2021-10-28 01:42:47,619] {logging_mixin.py:109} INFO - [2021-10-28 01:42:47,619] {dag.py:2914} INFO - Setting next_dagrun for example_short_circuit_operator to 2021-10-27T01:42:47.619217+00:00
[2021-10-28 01:42:47,640] {processor.py:171} INFO - Processing /home/airflow/.local/lib/python3.6/site-packages/airflow/example_dags/example_short_circuit_operator.py took 0.148 seconds
