[2021-10-28 01:32:31,545] {processor.py:163} INFO - Started process (PID=272) to work on /home/airflow/.local/lib/python3.6/site-packages/airflow/example_dags/example_subdag_operator.py
[2021-10-28 01:32:31,554] {processor.py:620} INFO - Processing file /home/airflow/.local/lib/python3.6/site-packages/airflow/example_dags/example_subdag_operator.py for tasks to queue
[2021-10-28 01:32:31,560] {logging_mixin.py:109} INFO - [2021-10-28 01:32:31,560] {dagbag.py:500} INFO - Filling up the DagBag from /home/airflow/.local/lib/python3.6/site-packages/airflow/example_dags/example_subdag_operator.py
[2021-10-28 01:32:31,628] {processor.py:632} INFO - DAG(s) dict_keys(['example_subdag_operator.section-1', 'example_subdag_operator.section-2', 'example_subdag_operator']) retrieved from /home/airflow/.local/lib/python3.6/site-packages/airflow/example_dags/example_subdag_operator.py
[2021-10-28 01:32:35,695] {logging_mixin.py:109} INFO - [2021-10-28 01:32:35,695] {providers_manager.py:156} WARNING - Exception when importing 'airflow.providers.google.leveldb.hooks.leveldb.LevelDBHook' from 'apache-airflow-providers-google' package: No module named 'plyvel'
[2021-10-28 01:32:37,730] {logging_mixin.py:109} INFO - [2021-10-28 01:32:37,730] {providers_manager.py:156} WARNING - Exception when importing 'airflow.providers.google.leveldb.hooks.leveldb.LevelDBHook' from 'apache-airflow-providers-google' package: No module named 'plyvel'
[2021-10-28 01:32:37,871] {logging_mixin.py:109} INFO - [2021-10-28 01:32:37,871] {manager.py:496} INFO - Created Permission View: can read on DAG:example_subdag_operator
[2021-10-28 01:32:37,918] {logging_mixin.py:109} INFO - [2021-10-28 01:32:37,918] {manager.py:496} INFO - Created Permission View: can edit on DAG:example_subdag_operator
[2021-10-28 01:32:37,929] {logging_mixin.py:109} INFO - [2021-10-28 01:32:37,928] {dag.py:2389} INFO - Sync 3 DAGs
[2021-10-28 01:32:37,994] {logging_mixin.py:109} INFO - [2021-10-28 01:32:37,993] {dag.py:2408} INFO - Creating ORM DAG for example_subdag_operator
[2021-10-28 01:32:37,996] {logging_mixin.py:109} INFO - [2021-10-28 01:32:37,996] {dag.py:2408} INFO - Creating ORM DAG for example_subdag_operator.section-2
[2021-10-28 01:32:37,998] {logging_mixin.py:109} INFO - [2021-10-28 01:32:37,997] {dag.py:2408} INFO - Creating ORM DAG for example_subdag_operator.section-1
[2021-10-28 01:32:38,003] {logging_mixin.py:109} INFO - [2021-10-28 01:32:38,003] {dag.py:2914} INFO - Setting next_dagrun for example_subdag_operator to 2021-10-26T00:00:00+00:00
[2021-10-28 01:32:38,007] {logging_mixin.py:109} INFO - [2021-10-28 01:32:38,007] {dag.py:2914} INFO - Setting next_dagrun for example_subdag_operator.section-1 to None
[2021-10-28 01:32:38,008] {logging_mixin.py:109} INFO - [2021-10-28 01:32:38,008] {dag.py:2914} INFO - Setting next_dagrun for example_subdag_operator.section-2 to None
[2021-10-28 01:32:38,061] {logging_mixin.py:109} INFO - [2021-10-28 01:32:38,061] {dag.py:2389} INFO - Sync 2 DAGs
[2021-10-28 01:32:38,078] {logging_mixin.py:109} INFO - [2021-10-28 01:32:38,078] {dag.py:2914} INFO - Setting next_dagrun for example_subdag_operator.section-1 to None
[2021-10-28 01:32:38,079] {logging_mixin.py:109} INFO - [2021-10-28 01:32:38,079] {dag.py:2914} INFO - Setting next_dagrun for example_subdag_operator.section-2 to None
[2021-10-28 01:32:38,183] {processor.py:171} INFO - Processing /home/airflow/.local/lib/python3.6/site-packages/airflow/example_dags/example_subdag_operator.py took 6.641 seconds
[2021-10-28 01:33:33,647] {processor.py:163} INFO - Started process (PID=350) to work on /home/airflow/.local/lib/python3.6/site-packages/airflow/example_dags/example_subdag_operator.py
[2021-10-28 01:33:33,704] {processor.py:620} INFO - Processing file /home/airflow/.local/lib/python3.6/site-packages/airflow/example_dags/example_subdag_operator.py for tasks to queue
[2021-10-28 01:33:33,706] {logging_mixin.py:109} INFO - [2021-10-28 01:33:33,705] {dagbag.py:500} INFO - Filling up the DagBag from /home/airflow/.local/lib/python3.6/site-packages/airflow/example_dags/example_subdag_operator.py
[2021-10-28 01:33:33,854] {processor.py:632} INFO - DAG(s) dict_keys(['example_subdag_operator.section-1', 'example_subdag_operator.section-2', 'example_subdag_operator']) retrieved from /home/airflow/.local/lib/python3.6/site-packages/airflow/example_dags/example_subdag_operator.py
[2021-10-28 01:33:33,891] {logging_mixin.py:109} INFO - [2021-10-28 01:33:33,891] {dag.py:2389} INFO - Sync 3 DAGs
[2021-10-28 01:33:33,954] {logging_mixin.py:109} INFO - [2021-10-28 01:33:33,954] {dag.py:2914} INFO - Setting next_dagrun for example_subdag_operator to 2021-10-26T00:00:00+00:00
[2021-10-28 01:33:33,956] {logging_mixin.py:109} INFO - [2021-10-28 01:33:33,956] {dag.py:2914} INFO - Setting next_dagrun for example_subdag_operator.section-1 to None
[2021-10-28 01:33:33,960] {logging_mixin.py:109} INFO - [2021-10-28 01:33:33,960] {dag.py:2914} INFO - Setting next_dagrun for example_subdag_operator.section-2 to None
[2021-10-28 01:33:33,983] {logging_mixin.py:109} INFO - [2021-10-28 01:33:33,983] {dag.py:2389} INFO - Sync 2 DAGs
[2021-10-28 01:33:34,015] {logging_mixin.py:109} INFO - [2021-10-28 01:33:34,015] {dag.py:2914} INFO - Setting next_dagrun for example_subdag_operator.section-1 to None
[2021-10-28 01:33:34,016] {logging_mixin.py:109} INFO - [2021-10-28 01:33:34,016] {dag.py:2914} INFO - Setting next_dagrun for example_subdag_operator.section-2 to None
[2021-10-28 01:33:34,036] {processor.py:171} INFO - Processing /home/airflow/.local/lib/python3.6/site-packages/airflow/example_dags/example_subdag_operator.py took 0.392 seconds
[2021-10-28 01:34:04,583] {processor.py:163} INFO - Started process (PID=413) to work on /home/airflow/.local/lib/python3.6/site-packages/airflow/example_dags/example_subdag_operator.py
[2021-10-28 01:34:04,612] {processor.py:620} INFO - Processing file /home/airflow/.local/lib/python3.6/site-packages/airflow/example_dags/example_subdag_operator.py for tasks to queue
[2021-10-28 01:34:04,614] {logging_mixin.py:109} INFO - [2021-10-28 01:34:04,614] {dagbag.py:500} INFO - Filling up the DagBag from /home/airflow/.local/lib/python3.6/site-packages/airflow/example_dags/example_subdag_operator.py
[2021-10-28 01:34:04,717] {processor.py:632} INFO - DAG(s) dict_keys(['example_subdag_operator.section-1', 'example_subdag_operator.section-2', 'example_subdag_operator']) retrieved from /home/airflow/.local/lib/python3.6/site-packages/airflow/example_dags/example_subdag_operator.py
[2021-10-28 01:34:04,753] {logging_mixin.py:109} INFO - [2021-10-28 01:34:04,753] {dag.py:2389} INFO - Sync 3 DAGs
[2021-10-28 01:34:04,792] {logging_mixin.py:109} INFO - [2021-10-28 01:34:04,792] {dag.py:2914} INFO - Setting next_dagrun for example_subdag_operator to 2021-10-26T00:00:00+00:00
[2021-10-28 01:34:04,794] {logging_mixin.py:109} INFO - [2021-10-28 01:34:04,794] {dag.py:2914} INFO - Setting next_dagrun for example_subdag_operator.section-1 to None
[2021-10-28 01:34:04,803] {logging_mixin.py:109} INFO - [2021-10-28 01:34:04,803] {dag.py:2914} INFO - Setting next_dagrun for example_subdag_operator.section-2 to None
[2021-10-28 01:34:04,814] {logging_mixin.py:109} INFO - [2021-10-28 01:34:04,814] {dag.py:2389} INFO - Sync 2 DAGs
[2021-10-28 01:34:04,848] {logging_mixin.py:109} INFO - [2021-10-28 01:34:04,848] {dag.py:2914} INFO - Setting next_dagrun for example_subdag_operator.section-1 to None
[2021-10-28 01:34:04,850] {logging_mixin.py:109} INFO - [2021-10-28 01:34:04,850] {dag.py:2914} INFO - Setting next_dagrun for example_subdag_operator.section-2 to None
[2021-10-28 01:34:04,868] {processor.py:171} INFO - Processing /home/airflow/.local/lib/python3.6/site-packages/airflow/example_dags/example_subdag_operator.py took 0.288 seconds
[2021-10-28 01:34:34,953] {processor.py:163} INFO - Started process (PID=466) to work on /home/airflow/.local/lib/python3.6/site-packages/airflow/example_dags/example_subdag_operator.py
[2021-10-28 01:34:34,967] {processor.py:620} INFO - Processing file /home/airflow/.local/lib/python3.6/site-packages/airflow/example_dags/example_subdag_operator.py for tasks to queue
[2021-10-28 01:34:34,969] {logging_mixin.py:109} INFO - [2021-10-28 01:34:34,969] {dagbag.py:500} INFO - Filling up the DagBag from /home/airflow/.local/lib/python3.6/site-packages/airflow/example_dags/example_subdag_operator.py
[2021-10-28 01:34:35,059] {processor.py:632} INFO - DAG(s) dict_keys(['example_subdag_operator.section-1', 'example_subdag_operator.section-2', 'example_subdag_operator']) retrieved from /home/airflow/.local/lib/python3.6/site-packages/airflow/example_dags/example_subdag_operator.py
[2021-10-28 01:34:35,088] {logging_mixin.py:109} INFO - [2021-10-28 01:34:35,088] {dag.py:2389} INFO - Sync 3 DAGs
[2021-10-28 01:34:35,110] {logging_mixin.py:109} INFO - [2021-10-28 01:34:35,110] {dag.py:2914} INFO - Setting next_dagrun for example_subdag_operator to 2021-10-26T00:00:00+00:00
[2021-10-28 01:34:35,112] {logging_mixin.py:109} INFO - [2021-10-28 01:34:35,112] {dag.py:2914} INFO - Setting next_dagrun for example_subdag_operator.section-1 to None
[2021-10-28 01:34:35,113] {logging_mixin.py:109} INFO - [2021-10-28 01:34:35,113] {dag.py:2914} INFO - Setting next_dagrun for example_subdag_operator.section-2 to None
[2021-10-28 01:34:35,134] {logging_mixin.py:109} INFO - [2021-10-28 01:34:35,134] {dag.py:2389} INFO - Sync 2 DAGs
[2021-10-28 01:34:35,147] {logging_mixin.py:109} INFO - [2021-10-28 01:34:35,147] {dag.py:2914} INFO - Setting next_dagrun for example_subdag_operator.section-1 to None
[2021-10-28 01:34:35,154] {logging_mixin.py:109} INFO - [2021-10-28 01:34:35,154] {dag.py:2914} INFO - Setting next_dagrun for example_subdag_operator.section-2 to None
[2021-10-28 01:34:35,186] {processor.py:171} INFO - Processing /home/airflow/.local/lib/python3.6/site-packages/airflow/example_dags/example_subdag_operator.py took 0.245 seconds
[2021-10-28 01:35:05,637] {processor.py:163} INFO - Started process (PID=519) to work on /home/airflow/.local/lib/python3.6/site-packages/airflow/example_dags/example_subdag_operator.py
[2021-10-28 01:35:05,640] {processor.py:620} INFO - Processing file /home/airflow/.local/lib/python3.6/site-packages/airflow/example_dags/example_subdag_operator.py for tasks to queue
[2021-10-28 01:35:05,642] {logging_mixin.py:109} INFO - [2021-10-28 01:35:05,642] {dagbag.py:500} INFO - Filling up the DagBag from /home/airflow/.local/lib/python3.6/site-packages/airflow/example_dags/example_subdag_operator.py
[2021-10-28 01:35:05,675] {processor.py:632} INFO - DAG(s) dict_keys(['example_subdag_operator.section-1', 'example_subdag_operator.section-2', 'example_subdag_operator']) retrieved from /home/airflow/.local/lib/python3.6/site-packages/airflow/example_dags/example_subdag_operator.py
[2021-10-28 01:35:05,687] {logging_mixin.py:109} INFO - [2021-10-28 01:35:05,687] {dag.py:2389} INFO - Sync 3 DAGs
[2021-10-28 01:35:05,700] {logging_mixin.py:109} INFO - [2021-10-28 01:35:05,700] {dag.py:2914} INFO - Setting next_dagrun for example_subdag_operator to 2021-10-26T00:00:00+00:00
[2021-10-28 01:35:05,701] {logging_mixin.py:109} INFO - [2021-10-28 01:35:05,701] {dag.py:2914} INFO - Setting next_dagrun for example_subdag_operator.section-1 to None
[2021-10-28 01:35:05,703] {logging_mixin.py:109} INFO - [2021-10-28 01:35:05,703] {dag.py:2914} INFO - Setting next_dagrun for example_subdag_operator.section-2 to None
[2021-10-28 01:35:05,709] {logging_mixin.py:109} INFO - [2021-10-28 01:35:05,709] {dag.py:2389} INFO - Sync 2 DAGs
[2021-10-28 01:35:05,714] {logging_mixin.py:109} INFO - [2021-10-28 01:35:05,714] {dag.py:2914} INFO - Setting next_dagrun for example_subdag_operator.section-1 to None
[2021-10-28 01:35:05,717] {logging_mixin.py:109} INFO - [2021-10-28 01:35:05,717] {dag.py:2914} INFO - Setting next_dagrun for example_subdag_operator.section-2 to None
[2021-10-28 01:35:05,725] {processor.py:171} INFO - Processing /home/airflow/.local/lib/python3.6/site-packages/airflow/example_dags/example_subdag_operator.py took 0.092 seconds
[2021-10-28 01:35:36,835] {processor.py:163} INFO - Started process (PID=572) to work on /home/airflow/.local/lib/python3.6/site-packages/airflow/example_dags/example_subdag_operator.py
[2021-10-28 01:35:36,864] {processor.py:620} INFO - Processing file /home/airflow/.local/lib/python3.6/site-packages/airflow/example_dags/example_subdag_operator.py for tasks to queue
[2021-10-28 01:35:36,865] {logging_mixin.py:109} INFO - [2021-10-28 01:35:36,865] {dagbag.py:500} INFO - Filling up the DagBag from /home/airflow/.local/lib/python3.6/site-packages/airflow/example_dags/example_subdag_operator.py
[2021-10-28 01:35:36,968] {processor.py:632} INFO - DAG(s) dict_keys(['example_subdag_operator.section-1', 'example_subdag_operator.section-2', 'example_subdag_operator']) retrieved from /home/airflow/.local/lib/python3.6/site-packages/airflow/example_dags/example_subdag_operator.py
[2021-10-28 01:35:37,024] {logging_mixin.py:109} INFO - [2021-10-28 01:35:37,024] {dag.py:2389} INFO - Sync 3 DAGs
[2021-10-28 01:35:37,062] {logging_mixin.py:109} INFO - [2021-10-28 01:35:37,062] {dag.py:2914} INFO - Setting next_dagrun for example_subdag_operator to 2021-10-26T00:00:00+00:00
[2021-10-28 01:35:37,064] {logging_mixin.py:109} INFO - [2021-10-28 01:35:37,064] {dag.py:2914} INFO - Setting next_dagrun for example_subdag_operator.section-1 to None
[2021-10-28 01:35:37,067] {logging_mixin.py:109} INFO - [2021-10-28 01:35:37,067] {dag.py:2914} INFO - Setting next_dagrun for example_subdag_operator.section-2 to None
[2021-10-28 01:35:37,087] {logging_mixin.py:109} INFO - [2021-10-28 01:35:37,087] {dag.py:2389} INFO - Sync 2 DAGs
[2021-10-28 01:35:37,130] {logging_mixin.py:109} INFO - [2021-10-28 01:35:37,130] {dag.py:2914} INFO - Setting next_dagrun for example_subdag_operator.section-1 to None
[2021-10-28 01:35:37,131] {logging_mixin.py:109} INFO - [2021-10-28 01:35:37,131] {dag.py:2914} INFO - Setting next_dagrun for example_subdag_operator.section-2 to None
[2021-10-28 01:35:37,144] {processor.py:171} INFO - Processing /home/airflow/.local/lib/python3.6/site-packages/airflow/example_dags/example_subdag_operator.py took 0.312 seconds
[2021-10-28 01:36:08,388] {processor.py:163} INFO - Started process (PID=632) to work on /home/airflow/.local/lib/python3.6/site-packages/airflow/example_dags/example_subdag_operator.py
[2021-10-28 01:36:08,482] {processor.py:620} INFO - Processing file /home/airflow/.local/lib/python3.6/site-packages/airflow/example_dags/example_subdag_operator.py for tasks to queue
[2021-10-28 01:36:08,484] {logging_mixin.py:109} INFO - [2021-10-28 01:36:08,484] {dagbag.py:500} INFO - Filling up the DagBag from /home/airflow/.local/lib/python3.6/site-packages/airflow/example_dags/example_subdag_operator.py
[2021-10-28 01:36:08,843] {processor.py:632} INFO - DAG(s) dict_keys(['example_subdag_operator.section-1', 'example_subdag_operator.section-2', 'example_subdag_operator']) retrieved from /home/airflow/.local/lib/python3.6/site-packages/airflow/example_dags/example_subdag_operator.py
[2021-10-28 01:36:08,972] {logging_mixin.py:109} INFO - [2021-10-28 01:36:08,972] {dag.py:2389} INFO - Sync 3 DAGs
[2021-10-28 01:36:09,064] {logging_mixin.py:109} INFO - [2021-10-28 01:36:09,064] {dag.py:2914} INFO - Setting next_dagrun for example_subdag_operator to 2021-10-26T00:00:00+00:00
[2021-10-28 01:36:09,065] {logging_mixin.py:109} INFO - [2021-10-28 01:36:09,065] {dag.py:2914} INFO - Setting next_dagrun for example_subdag_operator.section-1 to None
[2021-10-28 01:36:09,065] {logging_mixin.py:109} INFO - [2021-10-28 01:36:09,065] {dag.py:2914} INFO - Setting next_dagrun for example_subdag_operator.section-2 to None
[2021-10-28 01:36:09,110] {logging_mixin.py:109} INFO - [2021-10-28 01:36:09,110] {dag.py:2389} INFO - Sync 2 DAGs
[2021-10-28 01:36:09,190] {logging_mixin.py:109} INFO - [2021-10-28 01:36:09,190] {dag.py:2914} INFO - Setting next_dagrun for example_subdag_operator.section-1 to None
[2021-10-28 01:36:09,199] {logging_mixin.py:109} INFO - [2021-10-28 01:36:09,199] {dag.py:2914} INFO - Setting next_dagrun for example_subdag_operator.section-2 to None
[2021-10-28 01:36:09,270] {processor.py:171} INFO - Processing /home/airflow/.local/lib/python3.6/site-packages/airflow/example_dags/example_subdag_operator.py took 0.884 seconds
[2021-10-28 01:36:40,325] {processor.py:163} INFO - Started process (PID=687) to work on /home/airflow/.local/lib/python3.6/site-packages/airflow/example_dags/example_subdag_operator.py
[2021-10-28 01:36:40,367] {processor.py:620} INFO - Processing file /home/airflow/.local/lib/python3.6/site-packages/airflow/example_dags/example_subdag_operator.py for tasks to queue
[2021-10-28 01:36:40,368] {logging_mixin.py:109} INFO - [2021-10-28 01:36:40,367] {dagbag.py:500} INFO - Filling up the DagBag from /home/airflow/.local/lib/python3.6/site-packages/airflow/example_dags/example_subdag_operator.py
[2021-10-28 01:36:40,528] {processor.py:632} INFO - DAG(s) dict_keys(['example_subdag_operator.section-1', 'example_subdag_operator.section-2', 'example_subdag_operator']) retrieved from /home/airflow/.local/lib/python3.6/site-packages/airflow/example_dags/example_subdag_operator.py
[2021-10-28 01:36:40,598] {logging_mixin.py:109} INFO - [2021-10-28 01:36:40,598] {dag.py:2389} INFO - Sync 3 DAGs
[2021-10-28 01:36:40,653] {logging_mixin.py:109} INFO - [2021-10-28 01:36:40,653] {dag.py:2914} INFO - Setting next_dagrun for example_subdag_operator to 2021-10-26T00:00:00+00:00
[2021-10-28 01:36:40,662] {logging_mixin.py:109} INFO - [2021-10-28 01:36:40,662] {dag.py:2914} INFO - Setting next_dagrun for example_subdag_operator.section-1 to None
[2021-10-28 01:36:40,684] {logging_mixin.py:109} INFO - [2021-10-28 01:36:40,684] {dag.py:2914} INFO - Setting next_dagrun for example_subdag_operator.section-2 to None
[2021-10-28 01:36:40,689] {logging_mixin.py:109} INFO - [2021-10-28 01:36:40,689] {dag.py:2389} INFO - Sync 2 DAGs
[2021-10-28 01:36:40,713] {logging_mixin.py:109} INFO - [2021-10-28 01:36:40,713] {dag.py:2914} INFO - Setting next_dagrun for example_subdag_operator.section-1 to None
[2021-10-28 01:36:40,717] {logging_mixin.py:109} INFO - [2021-10-28 01:36:40,717] {dag.py:2914} INFO - Setting next_dagrun for example_subdag_operator.section-2 to None
[2021-10-28 01:36:40,747] {processor.py:171} INFO - Processing /home/airflow/.local/lib/python3.6/site-packages/airflow/example_dags/example_subdag_operator.py took 0.424 seconds
[2021-10-28 01:37:12,444] {processor.py:163} INFO - Started process (PID=738) to work on /home/airflow/.local/lib/python3.6/site-packages/airflow/example_dags/example_subdag_operator.py
[2021-10-28 01:37:12,447] {processor.py:620} INFO - Processing file /home/airflow/.local/lib/python3.6/site-packages/airflow/example_dags/example_subdag_operator.py for tasks to queue
[2021-10-28 01:37:12,448] {logging_mixin.py:109} INFO - [2021-10-28 01:37:12,448] {dagbag.py:500} INFO - Filling up the DagBag from /home/airflow/.local/lib/python3.6/site-packages/airflow/example_dags/example_subdag_operator.py
[2021-10-28 01:37:12,552] {processor.py:632} INFO - DAG(s) dict_keys(['example_subdag_operator.section-1', 'example_subdag_operator.section-2', 'example_subdag_operator']) retrieved from /home/airflow/.local/lib/python3.6/site-packages/airflow/example_dags/example_subdag_operator.py
[2021-10-28 01:37:12,597] {logging_mixin.py:109} INFO - [2021-10-28 01:37:12,597] {dag.py:2389} INFO - Sync 3 DAGs
[2021-10-28 01:37:12,624] {logging_mixin.py:109} INFO - [2021-10-28 01:37:12,624] {dag.py:2914} INFO - Setting next_dagrun for example_subdag_operator to 2021-10-26T00:00:00+00:00
[2021-10-28 01:37:12,626] {logging_mixin.py:109} INFO - [2021-10-28 01:37:12,626] {dag.py:2914} INFO - Setting next_dagrun for example_subdag_operator.section-1 to None
[2021-10-28 01:37:12,628] {logging_mixin.py:109} INFO - [2021-10-28 01:37:12,628] {dag.py:2914} INFO - Setting next_dagrun for example_subdag_operator.section-2 to None
[2021-10-28 01:37:12,643] {logging_mixin.py:109} INFO - [2021-10-28 01:37:12,643] {dag.py:2389} INFO - Sync 2 DAGs
[2021-10-28 01:37:12,669] {logging_mixin.py:109} INFO - [2021-10-28 01:37:12,669] {dag.py:2914} INFO - Setting next_dagrun for example_subdag_operator.section-1 to None
[2021-10-28 01:37:12,671] {logging_mixin.py:109} INFO - [2021-10-28 01:37:12,671] {dag.py:2914} INFO - Setting next_dagrun for example_subdag_operator.section-2 to None
[2021-10-28 01:37:12,688] {processor.py:171} INFO - Processing /home/airflow/.local/lib/python3.6/site-packages/airflow/example_dags/example_subdag_operator.py took 0.279 seconds
[2021-10-28 01:37:42,822] {processor.py:163} INFO - Started process (PID=790) to work on /home/airflow/.local/lib/python3.6/site-packages/airflow/example_dags/example_subdag_operator.py
[2021-10-28 01:37:42,837] {processor.py:620} INFO - Processing file /home/airflow/.local/lib/python3.6/site-packages/airflow/example_dags/example_subdag_operator.py for tasks to queue
[2021-10-28 01:37:42,838] {logging_mixin.py:109} INFO - [2021-10-28 01:37:42,838] {dagbag.py:500} INFO - Filling up the DagBag from /home/airflow/.local/lib/python3.6/site-packages/airflow/example_dags/example_subdag_operator.py
[2021-10-28 01:37:42,975] {processor.py:632} INFO - DAG(s) dict_keys(['example_subdag_operator.section-1', 'example_subdag_operator.section-2', 'example_subdag_operator']) retrieved from /home/airflow/.local/lib/python3.6/site-packages/airflow/example_dags/example_subdag_operator.py
[2021-10-28 01:37:43,029] {logging_mixin.py:109} INFO - [2021-10-28 01:37:43,028] {dag.py:2389} INFO - Sync 3 DAGs
[2021-10-28 01:37:43,083] {logging_mixin.py:109} INFO - [2021-10-28 01:37:43,083] {dag.py:2914} INFO - Setting next_dagrun for example_subdag_operator to 2021-10-26T00:00:00+00:00
[2021-10-28 01:37:43,083] {logging_mixin.py:109} INFO - [2021-10-28 01:37:43,083] {dag.py:2914} INFO - Setting next_dagrun for example_subdag_operator.section-1 to None
[2021-10-28 01:37:43,084] {logging_mixin.py:109} INFO - [2021-10-28 01:37:43,084] {dag.py:2914} INFO - Setting next_dagrun for example_subdag_operator.section-2 to None
[2021-10-28 01:37:43,099] {logging_mixin.py:109} INFO - [2021-10-28 01:37:43,099] {dag.py:2389} INFO - Sync 2 DAGs
[2021-10-28 01:37:43,122] {logging_mixin.py:109} INFO - [2021-10-28 01:37:43,122] {dag.py:2914} INFO - Setting next_dagrun for example_subdag_operator.section-1 to None
[2021-10-28 01:37:43,122] {logging_mixin.py:109} INFO - [2021-10-28 01:37:43,122] {dag.py:2914} INFO - Setting next_dagrun for example_subdag_operator.section-2 to None
[2021-10-28 01:37:43,147] {processor.py:171} INFO - Processing /home/airflow/.local/lib/python3.6/site-packages/airflow/example_dags/example_subdag_operator.py took 0.329 seconds
[2021-10-28 01:38:13,757] {processor.py:163} INFO - Started process (PID=843) to work on /home/airflow/.local/lib/python3.6/site-packages/airflow/example_dags/example_subdag_operator.py
[2021-10-28 01:38:13,762] {processor.py:620} INFO - Processing file /home/airflow/.local/lib/python3.6/site-packages/airflow/example_dags/example_subdag_operator.py for tasks to queue
[2021-10-28 01:38:13,763] {logging_mixin.py:109} INFO - [2021-10-28 01:38:13,763] {dagbag.py:500} INFO - Filling up the DagBag from /home/airflow/.local/lib/python3.6/site-packages/airflow/example_dags/example_subdag_operator.py
[2021-10-28 01:38:13,930] {processor.py:632} INFO - DAG(s) dict_keys(['example_subdag_operator.section-1', 'example_subdag_operator.section-2', 'example_subdag_operator']) retrieved from /home/airflow/.local/lib/python3.6/site-packages/airflow/example_dags/example_subdag_operator.py
[2021-10-28 01:38:13,978] {logging_mixin.py:109} INFO - [2021-10-28 01:38:13,978] {dag.py:2389} INFO - Sync 3 DAGs
[2021-10-28 01:38:14,100] {logging_mixin.py:109} INFO - [2021-10-28 01:38:14,100] {dag.py:2914} INFO - Setting next_dagrun for example_subdag_operator to 2021-10-26T00:00:00+00:00
[2021-10-28 01:38:14,100] {logging_mixin.py:109} INFO - [2021-10-28 01:38:14,100] {dag.py:2914} INFO - Setting next_dagrun for example_subdag_operator.section-1 to None
[2021-10-28 01:38:14,100] {logging_mixin.py:109} INFO - [2021-10-28 01:38:14,100] {dag.py:2914} INFO - Setting next_dagrun for example_subdag_operator.section-2 to None
[2021-10-28 01:38:14,191] {logging_mixin.py:109} INFO - [2021-10-28 01:38:14,190] {dag.py:2389} INFO - Sync 2 DAGs
[2021-10-28 01:38:14,199] {logging_mixin.py:109} INFO - [2021-10-28 01:38:14,199] {dag.py:2914} INFO - Setting next_dagrun for example_subdag_operator.section-1 to None
[2021-10-28 01:38:14,199] {logging_mixin.py:109} INFO - [2021-10-28 01:38:14,199] {dag.py:2914} INFO - Setting next_dagrun for example_subdag_operator.section-2 to None
[2021-10-28 01:38:14,222] {processor.py:171} INFO - Processing /home/airflow/.local/lib/python3.6/site-packages/airflow/example_dags/example_subdag_operator.py took 0.517 seconds
[2021-10-28 01:38:45,586] {processor.py:163} INFO - Started process (PID=896) to work on /home/airflow/.local/lib/python3.6/site-packages/airflow/example_dags/example_subdag_operator.py
[2021-10-28 01:38:45,641] {processor.py:620} INFO - Processing file /home/airflow/.local/lib/python3.6/site-packages/airflow/example_dags/example_subdag_operator.py for tasks to queue
[2021-10-28 01:38:45,643] {logging_mixin.py:109} INFO - [2021-10-28 01:38:45,643] {dagbag.py:500} INFO - Filling up the DagBag from /home/airflow/.local/lib/python3.6/site-packages/airflow/example_dags/example_subdag_operator.py
[2021-10-28 01:38:45,876] {processor.py:632} INFO - DAG(s) dict_keys(['example_subdag_operator.section-1', 'example_subdag_operator.section-2', 'example_subdag_operator']) retrieved from /home/airflow/.local/lib/python3.6/site-packages/airflow/example_dags/example_subdag_operator.py
[2021-10-28 01:38:45,974] {logging_mixin.py:109} INFO - [2021-10-28 01:38:45,973] {dag.py:2389} INFO - Sync 3 DAGs
[2021-10-28 01:38:46,037] {logging_mixin.py:109} INFO - [2021-10-28 01:38:46,037] {dag.py:2914} INFO - Setting next_dagrun for example_subdag_operator to 2021-10-26T00:00:00+00:00
[2021-10-28 01:38:46,066] {logging_mixin.py:109} INFO - [2021-10-28 01:38:46,066] {dag.py:2914} INFO - Setting next_dagrun for example_subdag_operator.section-1 to None
[2021-10-28 01:38:46,067] {logging_mixin.py:109} INFO - [2021-10-28 01:38:46,067] {dag.py:2914} INFO - Setting next_dagrun for example_subdag_operator.section-2 to None
[2021-10-28 01:38:46,090] {logging_mixin.py:109} INFO - [2021-10-28 01:38:46,090] {dag.py:2389} INFO - Sync 2 DAGs
[2021-10-28 01:38:46,200] {logging_mixin.py:109} INFO - [2021-10-28 01:38:46,200] {dag.py:2914} INFO - Setting next_dagrun for example_subdag_operator.section-1 to None
[2021-10-28 01:38:46,200] {logging_mixin.py:109} INFO - [2021-10-28 01:38:46,200] {dag.py:2914} INFO - Setting next_dagrun for example_subdag_operator.section-2 to None
[2021-10-28 01:38:46,663] {processor.py:171} INFO - Processing /home/airflow/.local/lib/python3.6/site-packages/airflow/example_dags/example_subdag_operator.py took 1.081 seconds
[2021-10-28 01:39:17,044] {processor.py:163} INFO - Started process (PID=939) to work on /home/airflow/.local/lib/python3.6/site-packages/airflow/example_dags/example_subdag_operator.py
[2021-10-28 01:39:17,094] {processor.py:620} INFO - Processing file /home/airflow/.local/lib/python3.6/site-packages/airflow/example_dags/example_subdag_operator.py for tasks to queue
[2021-10-28 01:39:17,103] {logging_mixin.py:109} INFO - [2021-10-28 01:39:17,103] {dagbag.py:500} INFO - Filling up the DagBag from /home/airflow/.local/lib/python3.6/site-packages/airflow/example_dags/example_subdag_operator.py
[2021-10-28 01:39:17,406] {processor.py:632} INFO - DAG(s) dict_keys(['example_subdag_operator.section-1', 'example_subdag_operator.section-2', 'example_subdag_operator']) retrieved from /home/airflow/.local/lib/python3.6/site-packages/airflow/example_dags/example_subdag_operator.py
[2021-10-28 01:39:17,460] {logging_mixin.py:109} INFO - [2021-10-28 01:39:17,460] {dag.py:2389} INFO - Sync 3 DAGs
[2021-10-28 01:39:17,522] {logging_mixin.py:109} INFO - [2021-10-28 01:39:17,522] {dag.py:2914} INFO - Setting next_dagrun for example_subdag_operator to 2021-10-26T00:00:00+00:00
[2021-10-28 01:39:17,528] {logging_mixin.py:109} INFO - [2021-10-28 01:39:17,528] {dag.py:2914} INFO - Setting next_dagrun for example_subdag_operator.section-1 to None
[2021-10-28 01:39:17,545] {logging_mixin.py:109} INFO - [2021-10-28 01:39:17,545] {dag.py:2914} INFO - Setting next_dagrun for example_subdag_operator.section-2 to None
[2021-10-28 01:39:17,587] {logging_mixin.py:109} INFO - [2021-10-28 01:39:17,587] {dag.py:2389} INFO - Sync 2 DAGs
[2021-10-28 01:39:17,634] {logging_mixin.py:109} INFO - [2021-10-28 01:39:17,634] {dag.py:2914} INFO - Setting next_dagrun for example_subdag_operator.section-1 to None
[2021-10-28 01:39:17,651] {logging_mixin.py:109} INFO - [2021-10-28 01:39:17,651] {dag.py:2914} INFO - Setting next_dagrun for example_subdag_operator.section-2 to None
[2021-10-28 01:39:17,683] {processor.py:171} INFO - Processing /home/airflow/.local/lib/python3.6/site-packages/airflow/example_dags/example_subdag_operator.py took 0.642 seconds
[2021-10-28 01:39:47,966] {processor.py:163} INFO - Started process (PID=992) to work on /home/airflow/.local/lib/python3.6/site-packages/airflow/example_dags/example_subdag_operator.py
[2021-10-28 01:39:47,974] {processor.py:620} INFO - Processing file /home/airflow/.local/lib/python3.6/site-packages/airflow/example_dags/example_subdag_operator.py for tasks to queue
[2021-10-28 01:39:47,980] {logging_mixin.py:109} INFO - [2021-10-28 01:39:47,979] {dagbag.py:500} INFO - Filling up the DagBag from /home/airflow/.local/lib/python3.6/site-packages/airflow/example_dags/example_subdag_operator.py
[2021-10-28 01:39:48,070] {processor.py:632} INFO - DAG(s) dict_keys(['example_subdag_operator.section-1', 'example_subdag_operator.section-2', 'example_subdag_operator']) retrieved from /home/airflow/.local/lib/python3.6/site-packages/airflow/example_dags/example_subdag_operator.py
[2021-10-28 01:39:48,102] {logging_mixin.py:109} INFO - [2021-10-28 01:39:48,102] {dag.py:2389} INFO - Sync 3 DAGs
[2021-10-28 01:39:48,138] {logging_mixin.py:109} INFO - [2021-10-28 01:39:48,138] {dag.py:2914} INFO - Setting next_dagrun for example_subdag_operator to 2021-10-26T00:00:00+00:00
[2021-10-28 01:39:48,144] {logging_mixin.py:109} INFO - [2021-10-28 01:39:48,144] {dag.py:2914} INFO - Setting next_dagrun for example_subdag_operator.section-1 to None
[2021-10-28 01:39:48,146] {logging_mixin.py:109} INFO - [2021-10-28 01:39:48,146] {dag.py:2914} INFO - Setting next_dagrun for example_subdag_operator.section-2 to None
[2021-10-28 01:39:48,156] {logging_mixin.py:109} INFO - [2021-10-28 01:39:48,156] {dag.py:2389} INFO - Sync 2 DAGs
[2021-10-28 01:39:48,175] {logging_mixin.py:109} INFO - [2021-10-28 01:39:48,175] {dag.py:2914} INFO - Setting next_dagrun for example_subdag_operator.section-1 to None
[2021-10-28 01:39:48,175] {logging_mixin.py:109} INFO - [2021-10-28 01:39:48,175] {dag.py:2914} INFO - Setting next_dagrun for example_subdag_operator.section-2 to None
[2021-10-28 01:39:48,197] {processor.py:171} INFO - Processing /home/airflow/.local/lib/python3.6/site-packages/airflow/example_dags/example_subdag_operator.py took 0.233 seconds
[2021-10-28 01:40:18,323] {processor.py:163} INFO - Started process (PID=1045) to work on /home/airflow/.local/lib/python3.6/site-packages/airflow/example_dags/example_subdag_operator.py
[2021-10-28 01:40:18,371] {processor.py:620} INFO - Processing file /home/airflow/.local/lib/python3.6/site-packages/airflow/example_dags/example_subdag_operator.py for tasks to queue
[2021-10-28 01:40:18,382] {logging_mixin.py:109} INFO - [2021-10-28 01:40:18,382] {dagbag.py:500} INFO - Filling up the DagBag from /home/airflow/.local/lib/python3.6/site-packages/airflow/example_dags/example_subdag_operator.py
[2021-10-28 01:40:18,693] {processor.py:632} INFO - DAG(s) dict_keys(['example_subdag_operator.section-1', 'example_subdag_operator.section-2', 'example_subdag_operator']) retrieved from /home/airflow/.local/lib/python3.6/site-packages/airflow/example_dags/example_subdag_operator.py
[2021-10-28 01:40:18,738] {logging_mixin.py:109} INFO - [2021-10-28 01:40:18,737] {dag.py:2389} INFO - Sync 3 DAGs
[2021-10-28 01:40:18,782] {logging_mixin.py:109} INFO - [2021-10-28 01:40:18,782] {dag.py:2914} INFO - Setting next_dagrun for example_subdag_operator to 2021-10-26T00:00:00+00:00
[2021-10-28 01:40:18,795] {logging_mixin.py:109} INFO - [2021-10-28 01:40:18,795] {dag.py:2914} INFO - Setting next_dagrun for example_subdag_operator.section-1 to None
[2021-10-28 01:40:18,796] {logging_mixin.py:109} INFO - [2021-10-28 01:40:18,796] {dag.py:2914} INFO - Setting next_dagrun for example_subdag_operator.section-2 to None
[2021-10-28 01:40:18,832] {logging_mixin.py:109} INFO - [2021-10-28 01:40:18,832] {dag.py:2389} INFO - Sync 2 DAGs
[2021-10-28 01:40:18,842] {logging_mixin.py:109} INFO - [2021-10-28 01:40:18,842] {dag.py:2914} INFO - Setting next_dagrun for example_subdag_operator.section-1 to None
[2021-10-28 01:40:18,844] {logging_mixin.py:109} INFO - [2021-10-28 01:40:18,844] {dag.py:2914} INFO - Setting next_dagrun for example_subdag_operator.section-2 to None
[2021-10-28 01:40:18,857] {processor.py:171} INFO - Processing /home/airflow/.local/lib/python3.6/site-packages/airflow/example_dags/example_subdag_operator.py took 0.537 seconds
[2021-10-28 01:40:49,477] {processor.py:163} INFO - Started process (PID=1098) to work on /home/airflow/.local/lib/python3.6/site-packages/airflow/example_dags/example_subdag_operator.py
[2021-10-28 01:40:49,491] {processor.py:620} INFO - Processing file /home/airflow/.local/lib/python3.6/site-packages/airflow/example_dags/example_subdag_operator.py for tasks to queue
[2021-10-28 01:40:49,497] {logging_mixin.py:109} INFO - [2021-10-28 01:40:49,497] {dagbag.py:500} INFO - Filling up the DagBag from /home/airflow/.local/lib/python3.6/site-packages/airflow/example_dags/example_subdag_operator.py
[2021-10-28 01:40:49,789] {processor.py:632} INFO - DAG(s) dict_keys(['example_subdag_operator.section-1', 'example_subdag_operator.section-2', 'example_subdag_operator']) retrieved from /home/airflow/.local/lib/python3.6/site-packages/airflow/example_dags/example_subdag_operator.py
[2021-10-28 01:40:49,800] {logging_mixin.py:109} INFO - [2021-10-28 01:40:49,800] {dag.py:2389} INFO - Sync 3 DAGs
[2021-10-28 01:40:49,846] {logging_mixin.py:109} INFO - [2021-10-28 01:40:49,845] {dag.py:2914} INFO - Setting next_dagrun for example_subdag_operator to 2021-10-26T00:00:00+00:00
[2021-10-28 01:40:49,868] {logging_mixin.py:109} INFO - [2021-10-28 01:40:49,868] {dag.py:2914} INFO - Setting next_dagrun for example_subdag_operator.section-1 to None
[2021-10-28 01:40:49,870] {logging_mixin.py:109} INFO - [2021-10-28 01:40:49,870] {dag.py:2914} INFO - Setting next_dagrun for example_subdag_operator.section-2 to None
[2021-10-28 01:40:49,875] {logging_mixin.py:109} INFO - [2021-10-28 01:40:49,875] {dag.py:2389} INFO - Sync 2 DAGs
[2021-10-28 01:40:49,888] {logging_mixin.py:109} INFO - [2021-10-28 01:40:49,888] {dag.py:2914} INFO - Setting next_dagrun for example_subdag_operator.section-1 to None
[2021-10-28 01:40:49,922] {logging_mixin.py:109} INFO - [2021-10-28 01:40:49,922] {dag.py:2914} INFO - Setting next_dagrun for example_subdag_operator.section-2 to None
[2021-10-28 01:40:49,933] {processor.py:171} INFO - Processing /home/airflow/.local/lib/python3.6/site-packages/airflow/example_dags/example_subdag_operator.py took 0.459 seconds
[2021-10-28 01:41:20,701] {processor.py:163} INFO - Started process (PID=1150) to work on /home/airflow/.local/lib/python3.6/site-packages/airflow/example_dags/example_subdag_operator.py
[2021-10-28 01:41:20,798] {processor.py:620} INFO - Processing file /home/airflow/.local/lib/python3.6/site-packages/airflow/example_dags/example_subdag_operator.py for tasks to queue
[2021-10-28 01:41:20,799] {logging_mixin.py:109} INFO - [2021-10-28 01:41:20,799] {dagbag.py:500} INFO - Filling up the DagBag from /home/airflow/.local/lib/python3.6/site-packages/airflow/example_dags/example_subdag_operator.py
[2021-10-28 01:41:21,143] {processor.py:632} INFO - DAG(s) dict_keys(['example_subdag_operator.section-1', 'example_subdag_operator.section-2', 'example_subdag_operator']) retrieved from /home/airflow/.local/lib/python3.6/site-packages/airflow/example_dags/example_subdag_operator.py
[2021-10-28 01:41:21,264] {logging_mixin.py:109} INFO - [2021-10-28 01:41:21,263] {dag.py:2389} INFO - Sync 3 DAGs
[2021-10-28 01:41:21,309] {logging_mixin.py:109} INFO - [2021-10-28 01:41:21,309] {dag.py:2914} INFO - Setting next_dagrun for example_subdag_operator to 2021-10-26T00:00:00+00:00
[2021-10-28 01:41:21,311] {logging_mixin.py:109} INFO - [2021-10-28 01:41:21,311] {dag.py:2914} INFO - Setting next_dagrun for example_subdag_operator.section-1 to None
[2021-10-28 01:41:21,312] {logging_mixin.py:109} INFO - [2021-10-28 01:41:21,312] {dag.py:2914} INFO - Setting next_dagrun for example_subdag_operator.section-2 to None
[2021-10-28 01:41:21,339] {logging_mixin.py:109} INFO - [2021-10-28 01:41:21,338] {dag.py:2389} INFO - Sync 2 DAGs
[2021-10-28 01:41:21,363] {logging_mixin.py:109} INFO - [2021-10-28 01:41:21,363] {dag.py:2914} INFO - Setting next_dagrun for example_subdag_operator.section-1 to None
[2021-10-28 01:41:21,369] {logging_mixin.py:109} INFO - [2021-10-28 01:41:21,369] {dag.py:2914} INFO - Setting next_dagrun for example_subdag_operator.section-2 to None
[2021-10-28 01:41:21,409] {processor.py:171} INFO - Processing /home/airflow/.local/lib/python3.6/site-packages/airflow/example_dags/example_subdag_operator.py took 0.711 seconds
[2021-10-28 01:41:51,890] {processor.py:163} INFO - Started process (PID=1192) to work on /home/airflow/.local/lib/python3.6/site-packages/airflow/example_dags/example_subdag_operator.py
[2021-10-28 01:41:51,893] {processor.py:620} INFO - Processing file /home/airflow/.local/lib/python3.6/site-packages/airflow/example_dags/example_subdag_operator.py for tasks to queue
[2021-10-28 01:41:51,898] {logging_mixin.py:109} INFO - [2021-10-28 01:41:51,897] {dagbag.py:500} INFO - Filling up the DagBag from /home/airflow/.local/lib/python3.6/site-packages/airflow/example_dags/example_subdag_operator.py
[2021-10-28 01:41:51,930] {processor.py:632} INFO - DAG(s) dict_keys(['example_subdag_operator.section-1', 'example_subdag_operator.section-2', 'example_subdag_operator']) retrieved from /home/airflow/.local/lib/python3.6/site-packages/airflow/example_dags/example_subdag_operator.py
[2021-10-28 01:41:51,941] {logging_mixin.py:109} INFO - [2021-10-28 01:41:51,941] {dag.py:2389} INFO - Sync 3 DAGs
[2021-10-28 01:41:51,953] {logging_mixin.py:109} INFO - [2021-10-28 01:41:51,953] {dag.py:2914} INFO - Setting next_dagrun for example_subdag_operator to 2021-10-26T00:00:00+00:00
[2021-10-28 01:41:51,954] {logging_mixin.py:109} INFO - [2021-10-28 01:41:51,954] {dag.py:2914} INFO - Setting next_dagrun for example_subdag_operator.section-1 to None
[2021-10-28 01:41:51,957] {logging_mixin.py:109} INFO - [2021-10-28 01:41:51,957] {dag.py:2914} INFO - Setting next_dagrun for example_subdag_operator.section-2 to None
[2021-10-28 01:41:51,963] {logging_mixin.py:109} INFO - [2021-10-28 01:41:51,963] {dag.py:2389} INFO - Sync 2 DAGs
[2021-10-28 01:41:51,969] {logging_mixin.py:109} INFO - [2021-10-28 01:41:51,969] {dag.py:2914} INFO - Setting next_dagrun for example_subdag_operator.section-1 to None
[2021-10-28 01:41:51,971] {logging_mixin.py:109} INFO - [2021-10-28 01:41:51,971] {dag.py:2914} INFO - Setting next_dagrun for example_subdag_operator.section-2 to None
[2021-10-28 01:41:51,983] {processor.py:171} INFO - Processing /home/airflow/.local/lib/python3.6/site-packages/airflow/example_dags/example_subdag_operator.py took 0.095 seconds
[2021-10-28 01:42:22,292] {processor.py:163} INFO - Started process (PID=1245) to work on /home/airflow/.local/lib/python3.6/site-packages/airflow/example_dags/example_subdag_operator.py
[2021-10-28 01:42:22,298] {processor.py:620} INFO - Processing file /home/airflow/.local/lib/python3.6/site-packages/airflow/example_dags/example_subdag_operator.py for tasks to queue
[2021-10-28 01:42:22,300] {logging_mixin.py:109} INFO - [2021-10-28 01:42:22,300] {dagbag.py:500} INFO - Filling up the DagBag from /home/airflow/.local/lib/python3.6/site-packages/airflow/example_dags/example_subdag_operator.py
[2021-10-28 01:42:22,386] {processor.py:632} INFO - DAG(s) dict_keys(['example_subdag_operator.section-1', 'example_subdag_operator.section-2', 'example_subdag_operator']) retrieved from /home/airflow/.local/lib/python3.6/site-packages/airflow/example_dags/example_subdag_operator.py
[2021-10-28 01:42:22,417] {logging_mixin.py:109} INFO - [2021-10-28 01:42:22,417] {dag.py:2389} INFO - Sync 3 DAGs
[2021-10-28 01:42:22,444] {logging_mixin.py:109} INFO - [2021-10-28 01:42:22,444] {dag.py:2914} INFO - Setting next_dagrun for example_subdag_operator to 2021-10-26T00:00:00+00:00
[2021-10-28 01:42:22,447] {logging_mixin.py:109} INFO - [2021-10-28 01:42:22,447] {dag.py:2914} INFO - Setting next_dagrun for example_subdag_operator.section-1 to None
[2021-10-28 01:42:22,448] {logging_mixin.py:109} INFO - [2021-10-28 01:42:22,448] {dag.py:2914} INFO - Setting next_dagrun for example_subdag_operator.section-2 to None
[2021-10-28 01:42:22,453] {logging_mixin.py:109} INFO - [2021-10-28 01:42:22,453] {dag.py:2389} INFO - Sync 2 DAGs
[2021-10-28 01:42:22,460] {logging_mixin.py:109} INFO - [2021-10-28 01:42:22,460] {dag.py:2914} INFO - Setting next_dagrun for example_subdag_operator.section-1 to None
[2021-10-28 01:42:22,462] {logging_mixin.py:109} INFO - [2021-10-28 01:42:22,462] {dag.py:2914} INFO - Setting next_dagrun for example_subdag_operator.section-2 to None
[2021-10-28 01:42:22,469] {processor.py:171} INFO - Processing /home/airflow/.local/lib/python3.6/site-packages/airflow/example_dags/example_subdag_operator.py took 0.181 seconds
