[2021-10-28 01:05:09,789] {processor.py:163} INFO - Started process (PID=157) to work on /home/airflow/.local/lib/python3.6/site-packages/airflow/example_dags/example_xcomargs.py
[2021-10-28 01:05:09,790] {processor.py:620} INFO - Processing file /home/airflow/.local/lib/python3.6/site-packages/airflow/example_dags/example_xcomargs.py for tasks to queue
[2021-10-28 01:05:09,791] {logging_mixin.py:109} INFO - [2021-10-28 01:05:09,791] {dagbag.py:500} INFO - Filling up the DagBag from /home/airflow/.local/lib/python3.6/site-packages/airflow/example_dags/example_xcomargs.py
[2021-10-28 01:05:25,392] {processor.py:632} INFO - DAG(s) dict_keys(['example_xcom_args', 'example_xcom_args_with_operators']) retrieved from /home/airflow/.local/lib/python3.6/site-packages/airflow/example_dags/example_xcomargs.py
[2021-10-28 01:06:04,207] {processor.py:163} INFO - Started process (PID=187) to work on /home/airflow/.local/lib/python3.6/site-packages/airflow/example_dags/example_xcomargs.py
[2021-10-28 01:06:04,381] {processor.py:620} INFO - Processing file /home/airflow/.local/lib/python3.6/site-packages/airflow/example_dags/example_xcomargs.py for tasks to queue
[2021-10-28 01:06:04,399] {logging_mixin.py:109} INFO - [2021-10-28 01:06:04,399] {dagbag.py:500} INFO - Filling up the DagBag from /home/airflow/.local/lib/python3.6/site-packages/airflow/example_dags/example_xcomargs.py
[2021-10-28 01:06:05,594] {processor.py:632} INFO - DAG(s) dict_keys(['example_xcom_args', 'example_xcom_args_with_operators']) retrieved from /home/airflow/.local/lib/python3.6/site-packages/airflow/example_dags/example_xcomargs.py
[2021-10-28 01:07:06,774] {processor.py:163} INFO - Started process (PID=220) to work on /home/airflow/.local/lib/python3.6/site-packages/airflow/example_dags/example_xcomargs.py
[2021-10-28 01:07:06,786] {processor.py:620} INFO - Processing file /home/airflow/.local/lib/python3.6/site-packages/airflow/example_dags/example_xcomargs.py for tasks to queue
[2021-10-28 01:07:07,141] {logging_mixin.py:109} INFO - [2021-10-28 01:07:07,075] {dagbag.py:500} INFO - Filling up the DagBag from /home/airflow/.local/lib/python3.6/site-packages/airflow/example_dags/example_xcomargs.py
[2021-10-28 01:07:08,770] {processor.py:632} INFO - DAG(s) dict_keys(['example_xcom_args', 'example_xcom_args_with_operators']) retrieved from /home/airflow/.local/lib/python3.6/site-packages/airflow/example_dags/example_xcomargs.py
[2021-10-28 01:08:03,851] {processor.py:163} INFO - Started process (PID=253) to work on /home/airflow/.local/lib/python3.6/site-packages/airflow/example_dags/example_xcomargs.py
[2021-10-28 01:08:04,397] {processor.py:620} INFO - Processing file /home/airflow/.local/lib/python3.6/site-packages/airflow/example_dags/example_xcomargs.py for tasks to queue
[2021-10-28 01:08:04,398] {logging_mixin.py:109} INFO - [2021-10-28 01:08:04,397] {dagbag.py:500} INFO - Filling up the DagBag from /home/airflow/.local/lib/python3.6/site-packages/airflow/example_dags/example_xcomargs.py
[2021-10-28 01:08:06,737] {processor.py:632} INFO - DAG(s) dict_keys(['example_xcom_args', 'example_xcom_args_with_operators']) retrieved from /home/airflow/.local/lib/python3.6/site-packages/airflow/example_dags/example_xcomargs.py
[2021-10-28 01:09:10,071] {processor.py:163} INFO - Started process (PID=286) to work on /home/airflow/.local/lib/python3.6/site-packages/airflow/example_dags/example_xcomargs.py
[2021-10-28 01:09:10,288] {processor.py:620} INFO - Processing file /home/airflow/.local/lib/python3.6/site-packages/airflow/example_dags/example_xcomargs.py for tasks to queue
[2021-10-28 01:09:10,360] {logging_mixin.py:109} INFO - [2021-10-28 01:09:10,353] {dagbag.py:500} INFO - Filling up the DagBag from /home/airflow/.local/lib/python3.6/site-packages/airflow/example_dags/example_xcomargs.py
[2021-10-28 01:09:18,574] {processor.py:632} INFO - DAG(s) dict_keys(['example_xcom_args', 'example_xcom_args_with_operators']) retrieved from /home/airflow/.local/lib/python3.6/site-packages/airflow/example_dags/example_xcomargs.py
[2021-10-28 01:10:06,008] {processor.py:163} INFO - Started process (PID=319) to work on /home/airflow/.local/lib/python3.6/site-packages/airflow/example_dags/example_xcomargs.py
[2021-10-28 01:10:06,321] {processor.py:620} INFO - Processing file /home/airflow/.local/lib/python3.6/site-packages/airflow/example_dags/example_xcomargs.py for tasks to queue
[2021-10-28 01:10:06,399] {logging_mixin.py:109} INFO - [2021-10-28 01:10:06,399] {dagbag.py:500} INFO - Filling up the DagBag from /home/airflow/.local/lib/python3.6/site-packages/airflow/example_dags/example_xcomargs.py
[2021-10-28 01:10:08,409] {processor.py:632} INFO - DAG(s) dict_keys(['example_xcom_args', 'example_xcom_args_with_operators']) retrieved from /home/airflow/.local/lib/python3.6/site-packages/airflow/example_dags/example_xcomargs.py
[2021-10-28 01:11:29,877] {processor.py:163} INFO - Started process (PID=361) to work on /home/airflow/.local/lib/python3.6/site-packages/airflow/example_dags/example_xcomargs.py
[2021-10-28 01:11:30,064] {processor.py:620} INFO - Processing file /home/airflow/.local/lib/python3.6/site-packages/airflow/example_dags/example_xcomargs.py for tasks to queue
[2021-10-28 01:11:30,077] {logging_mixin.py:109} INFO - [2021-10-28 01:11:30,077] {dagbag.py:500} INFO - Filling up the DagBag from /home/airflow/.local/lib/python3.6/site-packages/airflow/example_dags/example_xcomargs.py
[2021-10-28 01:11:33,208] {processor.py:632} INFO - DAG(s) dict_keys(['example_xcom_args', 'example_xcom_args_with_operators']) retrieved from /home/airflow/.local/lib/python3.6/site-packages/airflow/example_dags/example_xcomargs.py
[2021-10-28 01:12:45,125] {processor.py:163} INFO - Started process (PID=401) to work on /home/airflow/.local/lib/python3.6/site-packages/airflow/example_dags/example_xcomargs.py
[2021-10-28 01:12:46,110] {processor.py:620} INFO - Processing file /home/airflow/.local/lib/python3.6/site-packages/airflow/example_dags/example_xcomargs.py for tasks to queue
[2021-10-28 01:12:46,594] {logging_mixin.py:109} INFO - [2021-10-28 01:12:46,573] {dagbag.py:500} INFO - Filling up the DagBag from /home/airflow/.local/lib/python3.6/site-packages/airflow/example_dags/example_xcomargs.py
[2021-10-28 01:13:24,993] {logging_mixin.py:109} INFO - [2021-10-28 01:13:20,363] {timeout.py:36} ERROR - Process timed out, PID: 401
[2021-10-28 01:13:40,499] {logging_mixin.py:109} INFO - [2021-10-28 01:13:28,595] {dagbag.py:334} ERROR - Failed to import: /home/airflow/.local/lib/python3.6/site-packages/airflow/example_dags/example_xcomargs.py
Traceback (most recent call last):
  File "/home/airflow/.local/lib/python3.6/site-packages/airflow/models/dagbag.py", line 331, in _load_modules_from_file
    loader.exec_module(new_module)
  File "<frozen importlib._bootstrap_external>", line 678, in exec_module
  File "<frozen importlib._bootstrap>", line 219, in _call_with_frames_removed
  File "/home/airflow/.local/lib/python3.6/site-packages/airflow/example_dags/example_xcomargs.py", line 52, in <module>
    python_callable=generate_value,
  File "/home/airflow/.local/lib/python3.6/site-packages/airflow/models/baseoperator.py", line 188, in apply_defaults
    result = func(self, *args, **kwargs)
  File "/home/airflow/.local/lib/python3.6/site-packages/airflow/operators/python.py", line 135, in __init__
    super().__init__(**kwargs)
  File "/home/airflow/.local/lib/python3.6/site-packages/airflow/models/baseoperator.py", line 170, in apply_defaults
    for arg in sig_cache.parameters:
  File "/home/airflow/.local/lib/python3.6/site-packages/airflow/utils/timeout.py", line 37, in handle_timeout
    raise AirflowTaskTimeout(self.error_message)
airflow.exceptions.AirflowTaskTimeout: DagBag import timeout for /home/airflow/.local/lib/python3.6/site-packages/airflow/example_dags/example_xcomargs.py after 30.0s.
Please take a look at these docs to improve your DAG import time:
* https://airflow.apache.org/docs/apache-airflow/2.2.0/best-practices.html#top-level-python-code
* https://airflow.apache.org/docs/apache-airflow/2.2.0/best-practices.html#reducing-dag-complexity, PID: 401
[2021-10-28 01:13:58,368] {processor.py:163} INFO - Started process (PID=421) to work on /home/airflow/.local/lib/python3.6/site-packages/airflow/example_dags/example_xcomargs.py
[2021-10-28 01:13:58,868] {processor.py:620} INFO - Processing file /home/airflow/.local/lib/python3.6/site-packages/airflow/example_dags/example_xcomargs.py for tasks to queue
[2021-10-28 01:13:59,212] {logging_mixin.py:109} INFO - [2021-10-28 01:13:59,135] {dagbag.py:500} INFO - Filling up the DagBag from /home/airflow/.local/lib/python3.6/site-packages/airflow/example_dags/example_xcomargs.py
[2021-10-28 01:30:31,810] {processor.py:163} INFO - Started process (PID=174) to work on /home/airflow/.local/lib/python3.6/site-packages/airflow/example_dags/example_xcomargs.py
[2021-10-28 01:30:31,839] {processor.py:620} INFO - Processing file /home/airflow/.local/lib/python3.6/site-packages/airflow/example_dags/example_xcomargs.py for tasks to queue
[2021-10-28 01:30:31,858] {logging_mixin.py:109} INFO - [2021-10-28 01:30:31,858] {dagbag.py:500} INFO - Filling up the DagBag from /home/airflow/.local/lib/python3.6/site-packages/airflow/example_dags/example_xcomargs.py
[2021-10-28 01:30:32,696] {processor.py:632} INFO - DAG(s) dict_keys(['example_xcom_args', 'example_xcom_args_with_operators']) retrieved from /home/airflow/.local/lib/python3.6/site-packages/airflow/example_dags/example_xcomargs.py
[2021-10-28 01:31:15,460] {logging_mixin.py:109} INFO - [2021-10-28 01:31:15,460] {providers_manager.py:156} WARNING - Exception when importing 'airflow.providers.google.leveldb.hooks.leveldb.LevelDBHook' from 'apache-airflow-providers-google' package: No module named 'plyvel'
[2021-10-28 01:31:23,011] {processor.py:163} INFO - Started process (PID=199) to work on /home/airflow/.local/lib/python3.6/site-packages/airflow/example_dags/example_xcomargs.py
[2021-10-28 01:31:23,043] {processor.py:620} INFO - Processing file /home/airflow/.local/lib/python3.6/site-packages/airflow/example_dags/example_xcomargs.py for tasks to queue
[2021-10-28 01:31:23,045] {logging_mixin.py:109} INFO - [2021-10-28 01:31:23,045] {dagbag.py:500} INFO - Filling up the DagBag from /home/airflow/.local/lib/python3.6/site-packages/airflow/example_dags/example_xcomargs.py
[2021-10-28 01:31:23,237] {processor.py:632} INFO - DAG(s) dict_keys(['example_xcom_args', 'example_xcom_args_with_operators']) retrieved from /home/airflow/.local/lib/python3.6/site-packages/airflow/example_dags/example_xcomargs.py
[2021-10-28 01:31:38,118] {logging_mixin.py:109} INFO - [2021-10-28 01:31:38,118] {providers_manager.py:156} WARNING - Exception when importing 'airflow.providers.google.leveldb.hooks.leveldb.LevelDBHook' from 'apache-airflow-providers-google' package: No module named 'plyvel'
[2021-10-28 01:31:42,253] {logging_mixin.py:109} INFO - [2021-10-28 01:31:42,253] {providers_manager.py:156} WARNING - Exception when importing 'airflow.providers.google.leveldb.hooks.leveldb.LevelDBHook' from 'apache-airflow-providers-google' package: No module named 'plyvel'
[2021-10-28 01:31:42,368] {logging_mixin.py:109} INFO - [2021-10-28 01:31:42,368] {manager.py:496} INFO - Created Permission View: can read on DAG:example_xcom_args
[2021-10-28 01:31:42,402] {logging_mixin.py:109} INFO - [2021-10-28 01:31:42,401] {manager.py:496} INFO - Created Permission View: can edit on DAG:example_xcom_args
[2021-10-28 01:31:42,454] {logging_mixin.py:109} INFO - [2021-10-28 01:31:42,454] {manager.py:496} INFO - Created Permission View: can read on DAG:example_xcom_args_with_operators
[2021-10-28 01:31:42,577] {logging_mixin.py:109} INFO - [2021-10-28 01:31:42,577] {manager.py:496} INFO - Created Permission View: can edit on DAG:example_xcom_args_with_operators
[2021-10-28 01:31:42,578] {logging_mixin.py:109} INFO - [2021-10-28 01:31:42,577] {dag.py:2389} INFO - Sync 2 DAGs
[2021-10-28 01:31:42,752] {logging_mixin.py:109} INFO - [2021-10-28 01:31:42,751] {dag.py:2408} INFO - Creating ORM DAG for example_xcom_args_with_operators
[2021-10-28 01:31:42,765] {logging_mixin.py:109} INFO - [2021-10-28 01:31:42,765] {dag.py:2408} INFO - Creating ORM DAG for example_xcom_args
[2021-10-28 01:31:42,962] {logging_mixin.py:109} INFO - [2021-10-28 01:31:42,962] {dag.py:2914} INFO - Setting next_dagrun for example_xcom_args to None
[2021-10-28 01:31:42,967] {logging_mixin.py:109} INFO - [2021-10-28 01:31:42,967] {dag.py:2914} INFO - Setting next_dagrun for example_xcom_args_with_operators to None
[2021-10-28 01:31:43,168] {processor.py:171} INFO - Processing /home/airflow/.local/lib/python3.6/site-packages/airflow/example_dags/example_xcomargs.py took 20.160 seconds
[2021-10-28 01:33:25,408] {processor.py:163} INFO - Started process (PID=332) to work on /home/airflow/.local/lib/python3.6/site-packages/airflow/example_dags/example_xcomargs.py
[2021-10-28 01:33:25,438] {processor.py:620} INFO - Processing file /home/airflow/.local/lib/python3.6/site-packages/airflow/example_dags/example_xcomargs.py for tasks to queue
[2021-10-28 01:33:25,454] {logging_mixin.py:109} INFO - [2021-10-28 01:33:25,454] {dagbag.py:500} INFO - Filling up the DagBag from /home/airflow/.local/lib/python3.6/site-packages/airflow/example_dags/example_xcomargs.py
[2021-10-28 01:33:25,555] {processor.py:632} INFO - DAG(s) dict_keys(['example_xcom_args', 'example_xcom_args_with_operators']) retrieved from /home/airflow/.local/lib/python3.6/site-packages/airflow/example_dags/example_xcomargs.py
[2021-10-28 01:33:26,157] {logging_mixin.py:109} INFO - [2021-10-28 01:33:26,157] {dag.py:2389} INFO - Sync 2 DAGs
[2021-10-28 01:33:26,186] {logging_mixin.py:109} INFO - [2021-10-28 01:33:26,186] {dag.py:2914} INFO - Setting next_dagrun for example_xcom_args to None
[2021-10-28 01:33:26,188] {logging_mixin.py:109} INFO - [2021-10-28 01:33:26,188] {dag.py:2914} INFO - Setting next_dagrun for example_xcom_args_with_operators to None
[2021-10-28 01:33:26,219] {processor.py:171} INFO - Processing /home/airflow/.local/lib/python3.6/site-packages/airflow/example_dags/example_xcomargs.py took 0.814 seconds
[2021-10-28 01:33:56,503] {processor.py:163} INFO - Started process (PID=384) to work on /home/airflow/.local/lib/python3.6/site-packages/airflow/example_dags/example_xcomargs.py
[2021-10-28 01:33:56,506] {processor.py:620} INFO - Processing file /home/airflow/.local/lib/python3.6/site-packages/airflow/example_dags/example_xcomargs.py for tasks to queue
[2021-10-28 01:33:56,507] {logging_mixin.py:109} INFO - [2021-10-28 01:33:56,507] {dagbag.py:500} INFO - Filling up the DagBag from /home/airflow/.local/lib/python3.6/site-packages/airflow/example_dags/example_xcomargs.py
[2021-10-28 01:33:56,540] {processor.py:632} INFO - DAG(s) dict_keys(['example_xcom_args', 'example_xcom_args_with_operators']) retrieved from /home/airflow/.local/lib/python3.6/site-packages/airflow/example_dags/example_xcomargs.py
[2021-10-28 01:33:56,866] {logging_mixin.py:109} INFO - [2021-10-28 01:33:56,866] {dag.py:2389} INFO - Sync 2 DAGs
[2021-10-28 01:33:56,885] {logging_mixin.py:109} INFO - [2021-10-28 01:33:56,884] {dag.py:2914} INFO - Setting next_dagrun for example_xcom_args to None
[2021-10-28 01:33:56,886] {logging_mixin.py:109} INFO - [2021-10-28 01:33:56,886] {dag.py:2914} INFO - Setting next_dagrun for example_xcom_args_with_operators to None
[2021-10-28 01:33:56,900] {processor.py:171} INFO - Processing /home/airflow/.local/lib/python3.6/site-packages/airflow/example_dags/example_xcomargs.py took 0.401 seconds
[2021-10-28 01:34:27,507] {processor.py:163} INFO - Started process (PID=438) to work on /home/airflow/.local/lib/python3.6/site-packages/airflow/example_dags/example_xcomargs.py
[2021-10-28 01:34:27,535] {processor.py:620} INFO - Processing file /home/airflow/.local/lib/python3.6/site-packages/airflow/example_dags/example_xcomargs.py for tasks to queue
[2021-10-28 01:34:27,537] {logging_mixin.py:109} INFO - [2021-10-28 01:34:27,537] {dagbag.py:500} INFO - Filling up the DagBag from /home/airflow/.local/lib/python3.6/site-packages/airflow/example_dags/example_xcomargs.py
[2021-10-28 01:34:27,767] {processor.py:632} INFO - DAG(s) dict_keys(['example_xcom_args', 'example_xcom_args_with_operators']) retrieved from /home/airflow/.local/lib/python3.6/site-packages/airflow/example_dags/example_xcomargs.py
[2021-10-28 01:34:28,275] {logging_mixin.py:109} INFO - [2021-10-28 01:34:28,275] {dag.py:2389} INFO - Sync 2 DAGs
[2021-10-28 01:34:28,290] {logging_mixin.py:109} INFO - [2021-10-28 01:34:28,290] {dag.py:2914} INFO - Setting next_dagrun for example_xcom_args to None
[2021-10-28 01:34:28,292] {logging_mixin.py:109} INFO - [2021-10-28 01:34:28,291] {dag.py:2914} INFO - Setting next_dagrun for example_xcom_args_with_operators to None
[2021-10-28 01:34:28,316] {processor.py:171} INFO - Processing /home/airflow/.local/lib/python3.6/site-packages/airflow/example_dags/example_xcomargs.py took 0.811 seconds
[2021-10-28 01:34:58,406] {processor.py:163} INFO - Started process (PID=502) to work on /home/airflow/.local/lib/python3.6/site-packages/airflow/example_dags/example_xcomargs.py
[2021-10-28 01:34:58,416] {processor.py:620} INFO - Processing file /home/airflow/.local/lib/python3.6/site-packages/airflow/example_dags/example_xcomargs.py for tasks to queue
[2021-10-28 01:34:58,417] {logging_mixin.py:109} INFO - [2021-10-28 01:34:58,417] {dagbag.py:500} INFO - Filling up the DagBag from /home/airflow/.local/lib/python3.6/site-packages/airflow/example_dags/example_xcomargs.py
[2021-10-28 01:34:58,548] {processor.py:632} INFO - DAG(s) dict_keys(['example_xcom_args', 'example_xcom_args_with_operators']) retrieved from /home/airflow/.local/lib/python3.6/site-packages/airflow/example_dags/example_xcomargs.py
[2021-10-28 01:34:59,240] {logging_mixin.py:109} INFO - [2021-10-28 01:34:59,240] {dag.py:2389} INFO - Sync 2 DAGs
[2021-10-28 01:34:59,262] {logging_mixin.py:109} INFO - [2021-10-28 01:34:59,262] {dag.py:2914} INFO - Setting next_dagrun for example_xcom_args to None
[2021-10-28 01:34:59,264] {logging_mixin.py:109} INFO - [2021-10-28 01:34:59,263] {dag.py:2914} INFO - Setting next_dagrun for example_xcom_args_with_operators to None
[2021-10-28 01:34:59,275] {processor.py:171} INFO - Processing /home/airflow/.local/lib/python3.6/site-packages/airflow/example_dags/example_xcomargs.py took 0.872 seconds
[2021-10-28 01:35:29,768] {processor.py:163} INFO - Started process (PID=555) to work on /home/airflow/.local/lib/python3.6/site-packages/airflow/example_dags/example_xcomargs.py
[2021-10-28 01:35:29,777] {processor.py:620} INFO - Processing file /home/airflow/.local/lib/python3.6/site-packages/airflow/example_dags/example_xcomargs.py for tasks to queue
[2021-10-28 01:35:29,779] {logging_mixin.py:109} INFO - [2021-10-28 01:35:29,779] {dagbag.py:500} INFO - Filling up the DagBag from /home/airflow/.local/lib/python3.6/site-packages/airflow/example_dags/example_xcomargs.py
[2021-10-28 01:35:29,853] {processor.py:632} INFO - DAG(s) dict_keys(['example_xcom_args', 'example_xcom_args_with_operators']) retrieved from /home/airflow/.local/lib/python3.6/site-packages/airflow/example_dags/example_xcomargs.py
[2021-10-28 01:35:29,891] {logging_mixin.py:109} INFO - [2021-10-28 01:35:29,891] {dag.py:2389} INFO - Sync 2 DAGs
[2021-10-28 01:35:29,917] {logging_mixin.py:109} INFO - [2021-10-28 01:35:29,916] {dag.py:2914} INFO - Setting next_dagrun for example_xcom_args to None
[2021-10-28 01:35:29,918] {logging_mixin.py:109} INFO - [2021-10-28 01:35:29,918] {dag.py:2914} INFO - Setting next_dagrun for example_xcom_args_with_operators to None
[2021-10-28 01:35:29,929] {processor.py:171} INFO - Processing /home/airflow/.local/lib/python3.6/site-packages/airflow/example_dags/example_xcomargs.py took 0.163 seconds
[2021-10-28 01:35:59,962] {processor.py:163} INFO - Started process (PID=608) to work on /home/airflow/.local/lib/python3.6/site-packages/airflow/example_dags/example_xcomargs.py
[2021-10-28 01:35:59,966] {processor.py:620} INFO - Processing file /home/airflow/.local/lib/python3.6/site-packages/airflow/example_dags/example_xcomargs.py for tasks to queue
[2021-10-28 01:35:59,968] {logging_mixin.py:109} INFO - [2021-10-28 01:35:59,968] {dagbag.py:500} INFO - Filling up the DagBag from /home/airflow/.local/lib/python3.6/site-packages/airflow/example_dags/example_xcomargs.py
[2021-10-28 01:36:00,001] {processor.py:632} INFO - DAG(s) dict_keys(['example_xcom_args', 'example_xcom_args_with_operators']) retrieved from /home/airflow/.local/lib/python3.6/site-packages/airflow/example_dags/example_xcomargs.py
[2021-10-28 01:36:00,178] {logging_mixin.py:109} INFO - [2021-10-28 01:36:00,178] {dag.py:2389} INFO - Sync 2 DAGs
[2021-10-28 01:36:00,189] {logging_mixin.py:109} INFO - [2021-10-28 01:36:00,189] {dag.py:2914} INFO - Setting next_dagrun for example_xcom_args to None
[2021-10-28 01:36:00,191] {logging_mixin.py:109} INFO - [2021-10-28 01:36:00,191] {dag.py:2914} INFO - Setting next_dagrun for example_xcom_args_with_operators to None
[2021-10-28 01:36:00,207] {processor.py:171} INFO - Processing /home/airflow/.local/lib/python3.6/site-packages/airflow/example_dags/example_xcomargs.py took 0.248 seconds
[2021-10-28 01:36:30,254] {processor.py:163} INFO - Started process (PID=660) to work on /home/airflow/.local/lib/python3.6/site-packages/airflow/example_dags/example_xcomargs.py
[2021-10-28 01:36:30,262] {processor.py:620} INFO - Processing file /home/airflow/.local/lib/python3.6/site-packages/airflow/example_dags/example_xcomargs.py for tasks to queue
[2021-10-28 01:36:30,262] {logging_mixin.py:109} INFO - [2021-10-28 01:36:30,262] {dagbag.py:500} INFO - Filling up the DagBag from /home/airflow/.local/lib/python3.6/site-packages/airflow/example_dags/example_xcomargs.py
[2021-10-28 01:36:30,330] {processor.py:632} INFO - DAG(s) dict_keys(['example_xcom_args', 'example_xcom_args_with_operators']) retrieved from /home/airflow/.local/lib/python3.6/site-packages/airflow/example_dags/example_xcomargs.py
[2021-10-28 01:36:30,566] {logging_mixin.py:109} INFO - [2021-10-28 01:36:30,566] {dag.py:2389} INFO - Sync 2 DAGs
[2021-10-28 01:36:30,576] {logging_mixin.py:109} INFO - [2021-10-28 01:36:30,575] {dag.py:2914} INFO - Setting next_dagrun for example_xcom_args to None
[2021-10-28 01:36:30,578] {logging_mixin.py:109} INFO - [2021-10-28 01:36:30,578] {dag.py:2914} INFO - Setting next_dagrun for example_xcom_args_with_operators to None
[2021-10-28 01:36:30,589] {processor.py:171} INFO - Processing /home/airflow/.local/lib/python3.6/site-packages/airflow/example_dags/example_xcomargs.py took 0.338 seconds
[2021-10-28 01:37:01,011] {processor.py:163} INFO - Started process (PID=711) to work on /home/airflow/.local/lib/python3.6/site-packages/airflow/example_dags/example_xcomargs.py
[2021-10-28 01:37:01,021] {processor.py:620} INFO - Processing file /home/airflow/.local/lib/python3.6/site-packages/airflow/example_dags/example_xcomargs.py for tasks to queue
[2021-10-28 01:37:01,023] {logging_mixin.py:109} INFO - [2021-10-28 01:37:01,022] {dagbag.py:500} INFO - Filling up the DagBag from /home/airflow/.local/lib/python3.6/site-packages/airflow/example_dags/example_xcomargs.py
[2021-10-28 01:37:01,099] {processor.py:632} INFO - DAG(s) dict_keys(['example_xcom_args', 'example_xcom_args_with_operators']) retrieved from /home/airflow/.local/lib/python3.6/site-packages/airflow/example_dags/example_xcomargs.py
[2021-10-28 01:37:01,126] {logging_mixin.py:109} INFO - [2021-10-28 01:37:01,126] {dag.py:2389} INFO - Sync 2 DAGs
[2021-10-28 01:37:01,147] {logging_mixin.py:109} INFO - [2021-10-28 01:37:01,147] {dag.py:2914} INFO - Setting next_dagrun for example_xcom_args to None
[2021-10-28 01:37:01,148] {logging_mixin.py:109} INFO - [2021-10-28 01:37:01,148] {dag.py:2914} INFO - Setting next_dagrun for example_xcom_args_with_operators to None
[2021-10-28 01:37:01,169] {processor.py:171} INFO - Processing /home/airflow/.local/lib/python3.6/site-packages/airflow/example_dags/example_xcomargs.py took 0.161 seconds
[2021-10-28 01:37:31,839] {processor.py:163} INFO - Started process (PID=763) to work on /home/airflow/.local/lib/python3.6/site-packages/airflow/example_dags/example_xcomargs.py
[2021-10-28 01:37:31,841] {processor.py:620} INFO - Processing file /home/airflow/.local/lib/python3.6/site-packages/airflow/example_dags/example_xcomargs.py for tasks to queue
[2021-10-28 01:37:31,843] {logging_mixin.py:109} INFO - [2021-10-28 01:37:31,843] {dagbag.py:500} INFO - Filling up the DagBag from /home/airflow/.local/lib/python3.6/site-packages/airflow/example_dags/example_xcomargs.py
[2021-10-28 01:37:31,919] {processor.py:632} INFO - DAG(s) dict_keys(['example_xcom_args', 'example_xcom_args_with_operators']) retrieved from /home/airflow/.local/lib/python3.6/site-packages/airflow/example_dags/example_xcomargs.py
[2021-10-28 01:37:32,153] {logging_mixin.py:109} INFO - [2021-10-28 01:37:32,153] {dag.py:2389} INFO - Sync 2 DAGs
[2021-10-28 01:37:32,163] {logging_mixin.py:109} INFO - [2021-10-28 01:37:32,163] {dag.py:2914} INFO - Setting next_dagrun for example_xcom_args to None
[2021-10-28 01:37:32,165] {logging_mixin.py:109} INFO - [2021-10-28 01:37:32,165] {dag.py:2914} INFO - Setting next_dagrun for example_xcom_args_with_operators to None
[2021-10-28 01:37:32,176] {processor.py:171} INFO - Processing /home/airflow/.local/lib/python3.6/site-packages/airflow/example_dags/example_xcomargs.py took 0.340 seconds
[2021-10-28 01:38:03,060] {processor.py:163} INFO - Started process (PID=817) to work on /home/airflow/.local/lib/python3.6/site-packages/airflow/example_dags/example_xcomargs.py
[2021-10-28 01:38:03,066] {processor.py:620} INFO - Processing file /home/airflow/.local/lib/python3.6/site-packages/airflow/example_dags/example_xcomargs.py for tasks to queue
[2021-10-28 01:38:03,067] {logging_mixin.py:109} INFO - [2021-10-28 01:38:03,067] {dagbag.py:500} INFO - Filling up the DagBag from /home/airflow/.local/lib/python3.6/site-packages/airflow/example_dags/example_xcomargs.py
[2021-10-28 01:38:03,176] {processor.py:632} INFO - DAG(s) dict_keys(['example_xcom_args', 'example_xcom_args_with_operators']) retrieved from /home/airflow/.local/lib/python3.6/site-packages/airflow/example_dags/example_xcomargs.py
[2021-10-28 01:38:03,814] {logging_mixin.py:109} INFO - [2021-10-28 01:38:03,814] {dag.py:2389} INFO - Sync 2 DAGs
[2021-10-28 01:38:03,823] {logging_mixin.py:109} INFO - [2021-10-28 01:38:03,823] {dag.py:2914} INFO - Setting next_dagrun for example_xcom_args to None
[2021-10-28 01:38:03,826] {logging_mixin.py:109} INFO - [2021-10-28 01:38:03,826] {dag.py:2914} INFO - Setting next_dagrun for example_xcom_args_with_operators to None
[2021-10-28 01:38:03,858] {processor.py:171} INFO - Processing /home/airflow/.local/lib/python3.6/site-packages/airflow/example_dags/example_xcomargs.py took 0.801 seconds
[2021-10-28 01:38:33,989] {processor.py:163} INFO - Started process (PID=870) to work on /home/airflow/.local/lib/python3.6/site-packages/airflow/example_dags/example_xcomargs.py
[2021-10-28 01:38:34,002] {processor.py:620} INFO - Processing file /home/airflow/.local/lib/python3.6/site-packages/airflow/example_dags/example_xcomargs.py for tasks to queue
[2021-10-28 01:38:34,003] {logging_mixin.py:109} INFO - [2021-10-28 01:38:34,002] {dagbag.py:500} INFO - Filling up the DagBag from /home/airflow/.local/lib/python3.6/site-packages/airflow/example_dags/example_xcomargs.py
[2021-10-28 01:38:34,095] {processor.py:632} INFO - DAG(s) dict_keys(['example_xcom_args', 'example_xcom_args_with_operators']) retrieved from /home/airflow/.local/lib/python3.6/site-packages/airflow/example_dags/example_xcomargs.py
[2021-10-28 01:38:34,615] {logging_mixin.py:109} INFO - [2021-10-28 01:38:34,614] {dag.py:2389} INFO - Sync 2 DAGs
[2021-10-28 01:38:34,634] {logging_mixin.py:109} INFO - [2021-10-28 01:38:34,633] {dag.py:2914} INFO - Setting next_dagrun for example_xcom_args to None
[2021-10-28 01:38:34,634] {logging_mixin.py:109} INFO - [2021-10-28 01:38:34,634] {dag.py:2914} INFO - Setting next_dagrun for example_xcom_args_with_operators to None
[2021-10-28 01:38:34,649] {processor.py:171} INFO - Processing /home/airflow/.local/lib/python3.6/site-packages/airflow/example_dags/example_xcomargs.py took 0.663 seconds
[2021-10-28 01:39:04,836] {processor.py:163} INFO - Started process (PID=923) to work on /home/airflow/.local/lib/python3.6/site-packages/airflow/example_dags/example_xcomargs.py
[2021-10-28 01:39:04,859] {processor.py:620} INFO - Processing file /home/airflow/.local/lib/python3.6/site-packages/airflow/example_dags/example_xcomargs.py for tasks to queue
[2021-10-28 01:39:04,864] {logging_mixin.py:109} INFO - [2021-10-28 01:39:04,864] {dagbag.py:500} INFO - Filling up the DagBag from /home/airflow/.local/lib/python3.6/site-packages/airflow/example_dags/example_xcomargs.py
[2021-10-28 01:39:05,053] {processor.py:632} INFO - DAG(s) dict_keys(['example_xcom_args', 'example_xcom_args_with_operators']) retrieved from /home/airflow/.local/lib/python3.6/site-packages/airflow/example_dags/example_xcomargs.py
[2021-10-28 01:39:06,535] {logging_mixin.py:109} INFO - [2021-10-28 01:39:06,535] {dag.py:2389} INFO - Sync 2 DAGs
[2021-10-28 01:39:06,588] {logging_mixin.py:109} INFO - [2021-10-28 01:39:06,587] {dag.py:2914} INFO - Setting next_dagrun for example_xcom_args to None
[2021-10-28 01:39:06,594] {logging_mixin.py:109} INFO - [2021-10-28 01:39:06,594] {dag.py:2914} INFO - Setting next_dagrun for example_xcom_args_with_operators to None
[2021-10-28 01:39:06,625] {processor.py:171} INFO - Processing /home/airflow/.local/lib/python3.6/site-packages/airflow/example_dags/example_xcomargs.py took 1.792 seconds
[2021-10-28 01:39:36,925] {processor.py:163} INFO - Started process (PID=976) to work on /home/airflow/.local/lib/python3.6/site-packages/airflow/example_dags/example_xcomargs.py
[2021-10-28 01:39:36,995] {processor.py:620} INFO - Processing file /home/airflow/.local/lib/python3.6/site-packages/airflow/example_dags/example_xcomargs.py for tasks to queue
[2021-10-28 01:39:36,996] {logging_mixin.py:109} INFO - [2021-10-28 01:39:36,996] {dagbag.py:500} INFO - Filling up the DagBag from /home/airflow/.local/lib/python3.6/site-packages/airflow/example_dags/example_xcomargs.py
[2021-10-28 01:39:37,251] {processor.py:632} INFO - DAG(s) dict_keys(['example_xcom_args', 'example_xcom_args_with_operators']) retrieved from /home/airflow/.local/lib/python3.6/site-packages/airflow/example_dags/example_xcomargs.py
[2021-10-28 01:39:38,688] {logging_mixin.py:109} INFO - [2021-10-28 01:39:38,688] {dag.py:2389} INFO - Sync 2 DAGs
[2021-10-28 01:39:38,794] {logging_mixin.py:109} INFO - [2021-10-28 01:39:38,794] {dag.py:2914} INFO - Setting next_dagrun for example_xcom_args to None
[2021-10-28 01:39:38,795] {logging_mixin.py:109} INFO - [2021-10-28 01:39:38,795] {dag.py:2914} INFO - Setting next_dagrun for example_xcom_args_with_operators to None
[2021-10-28 01:39:38,867] {processor.py:171} INFO - Processing /home/airflow/.local/lib/python3.6/site-packages/airflow/example_dags/example_xcomargs.py took 1.945 seconds
[2021-10-28 01:40:08,975] {processor.py:163} INFO - Started process (PID=1023) to work on /home/airflow/.local/lib/python3.6/site-packages/airflow/example_dags/example_xcomargs.py
[2021-10-28 01:40:08,979] {processor.py:620} INFO - Processing file /home/airflow/.local/lib/python3.6/site-packages/airflow/example_dags/example_xcomargs.py for tasks to queue
[2021-10-28 01:40:08,981] {logging_mixin.py:109} INFO - [2021-10-28 01:40:08,981] {dagbag.py:500} INFO - Filling up the DagBag from /home/airflow/.local/lib/python3.6/site-packages/airflow/example_dags/example_xcomargs.py
[2021-10-28 01:40:09,027] {processor.py:632} INFO - DAG(s) dict_keys(['example_xcom_args', 'example_xcom_args_with_operators']) retrieved from /home/airflow/.local/lib/python3.6/site-packages/airflow/example_dags/example_xcomargs.py
[2021-10-28 01:40:09,803] {logging_mixin.py:109} INFO - [2021-10-28 01:40:09,803] {dag.py:2389} INFO - Sync 2 DAGs
[2021-10-28 01:40:09,822] {logging_mixin.py:109} INFO - [2021-10-28 01:40:09,822] {dag.py:2914} INFO - Setting next_dagrun for example_xcom_args to None
[2021-10-28 01:40:09,827] {logging_mixin.py:109} INFO - [2021-10-28 01:40:09,827] {dag.py:2914} INFO - Setting next_dagrun for example_xcom_args_with_operators to None
[2021-10-28 01:40:09,863] {processor.py:171} INFO - Processing /home/airflow/.local/lib/python3.6/site-packages/airflow/example_dags/example_xcomargs.py took 0.892 seconds
[2021-10-28 01:40:40,530] {processor.py:163} INFO - Started process (PID=1076) to work on /home/airflow/.local/lib/python3.6/site-packages/airflow/example_dags/example_xcomargs.py
[2021-10-28 01:40:40,535] {processor.py:620} INFO - Processing file /home/airflow/.local/lib/python3.6/site-packages/airflow/example_dags/example_xcomargs.py for tasks to queue
[2021-10-28 01:40:40,536] {logging_mixin.py:109} INFO - [2021-10-28 01:40:40,536] {dagbag.py:500} INFO - Filling up the DagBag from /home/airflow/.local/lib/python3.6/site-packages/airflow/example_dags/example_xcomargs.py
[2021-10-28 01:40:40,572] {processor.py:632} INFO - DAG(s) dict_keys(['example_xcom_args', 'example_xcom_args_with_operators']) retrieved from /home/airflow/.local/lib/python3.6/site-packages/airflow/example_dags/example_xcomargs.py
[2021-10-28 01:40:40,810] {logging_mixin.py:109} INFO - [2021-10-28 01:40:40,810] {dag.py:2389} INFO - Sync 2 DAGs
[2021-10-28 01:40:40,820] {logging_mixin.py:109} INFO - [2021-10-28 01:40:40,820] {dag.py:2914} INFO - Setting next_dagrun for example_xcom_args to None
[2021-10-28 01:40:40,823] {logging_mixin.py:109} INFO - [2021-10-28 01:40:40,823] {dag.py:2914} INFO - Setting next_dagrun for example_xcom_args_with_operators to None
[2021-10-28 01:40:40,838] {processor.py:171} INFO - Processing /home/airflow/.local/lib/python3.6/site-packages/airflow/example_dags/example_xcomargs.py took 0.311 seconds
[2021-10-28 01:41:10,926] {processor.py:163} INFO - Started process (PID=1128) to work on /home/airflow/.local/lib/python3.6/site-packages/airflow/example_dags/example_xcomargs.py
[2021-10-28 01:41:10,929] {processor.py:620} INFO - Processing file /home/airflow/.local/lib/python3.6/site-packages/airflow/example_dags/example_xcomargs.py for tasks to queue
[2021-10-28 01:41:10,931] {logging_mixin.py:109} INFO - [2021-10-28 01:41:10,931] {dagbag.py:500} INFO - Filling up the DagBag from /home/airflow/.local/lib/python3.6/site-packages/airflow/example_dags/example_xcomargs.py
[2021-10-28 01:41:10,967] {processor.py:632} INFO - DAG(s) dict_keys(['example_xcom_args', 'example_xcom_args_with_operators']) retrieved from /home/airflow/.local/lib/python3.6/site-packages/airflow/example_dags/example_xcomargs.py
[2021-10-28 01:41:11,188] {logging_mixin.py:109} INFO - [2021-10-28 01:41:11,188] {dag.py:2389} INFO - Sync 2 DAGs
[2021-10-28 01:41:11,212] {logging_mixin.py:109} INFO - [2021-10-28 01:41:11,212] {dag.py:2914} INFO - Setting next_dagrun for example_xcom_args to None
[2021-10-28 01:41:11,218] {logging_mixin.py:109} INFO - [2021-10-28 01:41:11,218] {dag.py:2914} INFO - Setting next_dagrun for example_xcom_args_with_operators to None
[2021-10-28 01:41:11,250] {processor.py:171} INFO - Processing /home/airflow/.local/lib/python3.6/site-packages/airflow/example_dags/example_xcomargs.py took 0.327 seconds
[2021-10-28 01:41:42,204] {processor.py:163} INFO - Started process (PID=1181) to work on /home/airflow/.local/lib/python3.6/site-packages/airflow/example_dags/example_xcomargs.py
[2021-10-28 01:41:42,222] {processor.py:620} INFO - Processing file /home/airflow/.local/lib/python3.6/site-packages/airflow/example_dags/example_xcomargs.py for tasks to queue
[2021-10-28 01:41:42,237] {logging_mixin.py:109} INFO - [2021-10-28 01:41:42,237] {dagbag.py:500} INFO - Filling up the DagBag from /home/airflow/.local/lib/python3.6/site-packages/airflow/example_dags/example_xcomargs.py
[2021-10-28 01:41:42,638] {processor.py:632} INFO - DAG(s) dict_keys(['example_xcom_args', 'example_xcom_args_with_operators']) retrieved from /home/airflow/.local/lib/python3.6/site-packages/airflow/example_dags/example_xcomargs.py
[2021-10-28 01:41:45,436] {logging_mixin.py:109} INFO - [2021-10-28 01:41:45,436] {dag.py:2389} INFO - Sync 2 DAGs
[2021-10-28 01:41:45,476] {logging_mixin.py:109} INFO - [2021-10-28 01:41:45,476] {dag.py:2914} INFO - Setting next_dagrun for example_xcom_args to None
[2021-10-28 01:41:45,481] {logging_mixin.py:109} INFO - [2021-10-28 01:41:45,481] {dag.py:2914} INFO - Setting next_dagrun for example_xcom_args_with_operators to None
[2021-10-28 01:41:45,532] {processor.py:171} INFO - Processing /home/airflow/.local/lib/python3.6/site-packages/airflow/example_dags/example_xcomargs.py took 3.367 seconds
[2021-10-28 01:42:15,971] {processor.py:163} INFO - Started process (PID=1237) to work on /home/airflow/.local/lib/python3.6/site-packages/airflow/example_dags/example_xcomargs.py
[2021-10-28 01:42:15,987] {processor.py:620} INFO - Processing file /home/airflow/.local/lib/python3.6/site-packages/airflow/example_dags/example_xcomargs.py for tasks to queue
[2021-10-28 01:42:15,988] {logging_mixin.py:109} INFO - [2021-10-28 01:42:15,988] {dagbag.py:500} INFO - Filling up the DagBag from /home/airflow/.local/lib/python3.6/site-packages/airflow/example_dags/example_xcomargs.py
[2021-10-28 01:42:16,153] {processor.py:632} INFO - DAG(s) dict_keys(['example_xcom_args', 'example_xcom_args_with_operators']) retrieved from /home/airflow/.local/lib/python3.6/site-packages/airflow/example_dags/example_xcomargs.py
[2021-10-28 01:42:16,979] {logging_mixin.py:109} INFO - [2021-10-28 01:42:16,979] {dag.py:2389} INFO - Sync 2 DAGs
[2021-10-28 01:42:17,011] {logging_mixin.py:109} INFO - [2021-10-28 01:42:17,011] {dag.py:2914} INFO - Setting next_dagrun for example_xcom_args to None
[2021-10-28 01:42:17,012] {logging_mixin.py:109} INFO - [2021-10-28 01:42:17,012] {dag.py:2914} INFO - Setting next_dagrun for example_xcom_args_with_operators to None
[2021-10-28 01:42:17,040] {processor.py:171} INFO - Processing /home/airflow/.local/lib/python3.6/site-packages/airflow/example_dags/example_xcomargs.py took 1.076 seconds
[2021-10-28 01:42:47,098] {processor.py:163} INFO - Started process (PID=1292) to work on /home/airflow/.local/lib/python3.6/site-packages/airflow/example_dags/example_xcomargs.py
[2021-10-28 01:42:47,101] {processor.py:620} INFO - Processing file /home/airflow/.local/lib/python3.6/site-packages/airflow/example_dags/example_xcomargs.py for tasks to queue
[2021-10-28 01:42:47,103] {logging_mixin.py:109} INFO - [2021-10-28 01:42:47,103] {dagbag.py:500} INFO - Filling up the DagBag from /home/airflow/.local/lib/python3.6/site-packages/airflow/example_dags/example_xcomargs.py
[2021-10-28 01:42:47,182] {processor.py:632} INFO - DAG(s) dict_keys(['example_xcom_args', 'example_xcom_args_with_operators']) retrieved from /home/airflow/.local/lib/python3.6/site-packages/airflow/example_dags/example_xcomargs.py
[2021-10-28 01:42:47,694] {logging_mixin.py:109} INFO - [2021-10-28 01:42:47,694] {dag.py:2389} INFO - Sync 2 DAGs
[2021-10-28 01:42:47,708] {logging_mixin.py:109} INFO - [2021-10-28 01:42:47,708] {dag.py:2914} INFO - Setting next_dagrun for example_xcom_args to None
[2021-10-28 01:42:47,710] {logging_mixin.py:109} INFO - [2021-10-28 01:42:47,710] {dag.py:2914} INFO - Setting next_dagrun for example_xcom_args_with_operators to None
[2021-10-28 01:42:47,732] {processor.py:171} INFO - Processing /home/airflow/.local/lib/python3.6/site-packages/airflow/example_dags/example_xcomargs.py took 0.644 seconds
