[2021-10-28 01:31:43,530] {processor.py:163} INFO - Started process (PID=214) to work on /home/airflow/.local/lib/python3.6/site-packages/airflow/example_dags/example_kubernetes_executor_config.py
[2021-10-28 01:31:43,535] {processor.py:620} INFO - Processing file /home/airflow/.local/lib/python3.6/site-packages/airflow/example_dags/example_kubernetes_executor_config.py for tasks to queue
[2021-10-28 01:31:43,540] {logging_mixin.py:109} INFO - [2021-10-28 01:31:43,540] {dagbag.py:500} INFO - Filling up the DagBag from /home/airflow/.local/lib/python3.6/site-packages/airflow/example_dags/example_kubernetes_executor_config.py
[2021-10-28 01:31:43,790] {processor.py:632} INFO - DAG(s) dict_keys(['example_kubernetes_executor_config']) retrieved from /home/airflow/.local/lib/python3.6/site-packages/airflow/example_dags/example_kubernetes_executor_config.py
[2021-10-28 01:31:50,543] {logging_mixin.py:109} INFO - [2021-10-28 01:31:50,543] {providers_manager.py:156} WARNING - Exception when importing 'airflow.providers.google.leveldb.hooks.leveldb.LevelDBHook' from 'apache-airflow-providers-google' package: No module named 'plyvel'
[2021-10-28 01:31:51,565] {logging_mixin.py:109} INFO - [2021-10-28 01:31:51,565] {providers_manager.py:156} WARNING - Exception when importing 'airflow.providers.google.leveldb.hooks.leveldb.LevelDBHook' from 'apache-airflow-providers-google' package: No module named 'plyvel'
[2021-10-28 01:31:51,666] {logging_mixin.py:109} INFO - [2021-10-28 01:31:51,666] {manager.py:496} INFO - Created Permission View: can read on DAG:example_kubernetes_executor_config
[2021-10-28 01:31:51,720] {logging_mixin.py:109} INFO - [2021-10-28 01:31:51,720] {manager.py:496} INFO - Created Permission View: can edit on DAG:example_kubernetes_executor_config
[2021-10-28 01:31:51,721] {logging_mixin.py:109} INFO - [2021-10-28 01:31:51,720] {dag.py:2389} INFO - Sync 1 DAGs
[2021-10-28 01:31:51,749] {logging_mixin.py:109} INFO - [2021-10-28 01:31:51,748] {dag.py:2408} INFO - Creating ORM DAG for example_kubernetes_executor_config
[2021-10-28 01:31:51,789] {logging_mixin.py:109} INFO - [2021-10-28 01:31:51,789] {dag.py:2914} INFO - Setting next_dagrun for example_kubernetes_executor_config to None
[2021-10-28 01:31:51,822] {processor.py:171} INFO - Processing /home/airflow/.local/lib/python3.6/site-packages/airflow/example_dags/example_kubernetes_executor_config.py took 8.312 seconds
[2021-10-28 01:33:27,232] {processor.py:163} INFO - Started process (PID=335) to work on /home/airflow/.local/lib/python3.6/site-packages/airflow/example_dags/example_kubernetes_executor_config.py
[2021-10-28 01:33:27,236] {processor.py:620} INFO - Processing file /home/airflow/.local/lib/python3.6/site-packages/airflow/example_dags/example_kubernetes_executor_config.py for tasks to queue
[2021-10-28 01:33:27,271] {logging_mixin.py:109} INFO - [2021-10-28 01:33:27,271] {dagbag.py:500} INFO - Filling up the DagBag from /home/airflow/.local/lib/python3.6/site-packages/airflow/example_dags/example_kubernetes_executor_config.py
[2021-10-28 01:33:27,401] {processor.py:632} INFO - DAG(s) dict_keys(['example_kubernetes_executor_config']) retrieved from /home/airflow/.local/lib/python3.6/site-packages/airflow/example_dags/example_kubernetes_executor_config.py
[2021-10-28 01:33:27,474] {logging_mixin.py:109} INFO - [2021-10-28 01:33:27,474] {dag.py:2389} INFO - Sync 1 DAGs
[2021-10-28 01:33:27,530] {logging_mixin.py:109} INFO - [2021-10-28 01:33:27,530] {dag.py:2914} INFO - Setting next_dagrun for example_kubernetes_executor_config to None
[2021-10-28 01:33:27,593] {processor.py:171} INFO - Processing /home/airflow/.local/lib/python3.6/site-packages/airflow/example_dags/example_kubernetes_executor_config.py took 0.364 seconds
[2021-10-28 01:33:58,089] {processor.py:163} INFO - Started process (PID=387) to work on /home/airflow/.local/lib/python3.6/site-packages/airflow/example_dags/example_kubernetes_executor_config.py
[2021-10-28 01:33:58,120] {processor.py:620} INFO - Processing file /home/airflow/.local/lib/python3.6/site-packages/airflow/example_dags/example_kubernetes_executor_config.py for tasks to queue
[2021-10-28 01:33:58,122] {logging_mixin.py:109} INFO - [2021-10-28 01:33:58,122] {dagbag.py:500} INFO - Filling up the DagBag from /home/airflow/.local/lib/python3.6/site-packages/airflow/example_dags/example_kubernetes_executor_config.py
[2021-10-28 01:33:58,257] {processor.py:632} INFO - DAG(s) dict_keys(['example_kubernetes_executor_config']) retrieved from /home/airflow/.local/lib/python3.6/site-packages/airflow/example_dags/example_kubernetes_executor_config.py
[2021-10-28 01:33:58,320] {logging_mixin.py:109} INFO - [2021-10-28 01:33:58,320] {dag.py:2389} INFO - Sync 1 DAGs
[2021-10-28 01:33:58,394] {logging_mixin.py:109} INFO - [2021-10-28 01:33:58,394] {dag.py:2914} INFO - Setting next_dagrun for example_kubernetes_executor_config to None
[2021-10-28 01:33:58,448] {processor.py:171} INFO - Processing /home/airflow/.local/lib/python3.6/site-packages/airflow/example_dags/example_kubernetes_executor_config.py took 0.362 seconds
[2021-10-28 01:34:29,022] {processor.py:163} INFO - Started process (PID=448) to work on /home/airflow/.local/lib/python3.6/site-packages/airflow/example_dags/example_kubernetes_executor_config.py
[2021-10-28 01:34:29,081] {processor.py:620} INFO - Processing file /home/airflow/.local/lib/python3.6/site-packages/airflow/example_dags/example_kubernetes_executor_config.py for tasks to queue
[2021-10-28 01:34:29,082] {logging_mixin.py:109} INFO - [2021-10-28 01:34:29,081] {dagbag.py:500} INFO - Filling up the DagBag from /home/airflow/.local/lib/python3.6/site-packages/airflow/example_dags/example_kubernetes_executor_config.py
[2021-10-28 01:34:29,224] {processor.py:632} INFO - DAG(s) dict_keys(['example_kubernetes_executor_config']) retrieved from /home/airflow/.local/lib/python3.6/site-packages/airflow/example_dags/example_kubernetes_executor_config.py
[2021-10-28 01:34:29,294] {logging_mixin.py:109} INFO - [2021-10-28 01:34:29,294] {dag.py:2389} INFO - Sync 1 DAGs
[2021-10-28 01:34:29,352] {logging_mixin.py:109} INFO - [2021-10-28 01:34:29,352] {dag.py:2914} INFO - Setting next_dagrun for example_kubernetes_executor_config to None
[2021-10-28 01:34:29,422] {processor.py:171} INFO - Processing /home/airflow/.local/lib/python3.6/site-packages/airflow/example_dags/example_kubernetes_executor_config.py took 0.404 seconds
[2021-10-28 01:35:00,135] {processor.py:163} INFO - Started process (PID=504) to work on /home/airflow/.local/lib/python3.6/site-packages/airflow/example_dags/example_kubernetes_executor_config.py
[2021-10-28 01:35:00,146] {processor.py:620} INFO - Processing file /home/airflow/.local/lib/python3.6/site-packages/airflow/example_dags/example_kubernetes_executor_config.py for tasks to queue
[2021-10-28 01:35:00,146] {logging_mixin.py:109} INFO - [2021-10-28 01:35:00,146] {dagbag.py:500} INFO - Filling up the DagBag from /home/airflow/.local/lib/python3.6/site-packages/airflow/example_dags/example_kubernetes_executor_config.py
[2021-10-28 01:35:00,391] {processor.py:632} INFO - DAG(s) dict_keys(['example_kubernetes_executor_config']) retrieved from /home/airflow/.local/lib/python3.6/site-packages/airflow/example_dags/example_kubernetes_executor_config.py
[2021-10-28 01:35:00,476] {logging_mixin.py:109} INFO - [2021-10-28 01:35:00,476] {dag.py:2389} INFO - Sync 1 DAGs
[2021-10-28 01:35:00,523] {logging_mixin.py:109} INFO - [2021-10-28 01:35:00,523] {dag.py:2914} INFO - Setting next_dagrun for example_kubernetes_executor_config to None
[2021-10-28 01:35:00,570] {processor.py:171} INFO - Processing /home/airflow/.local/lib/python3.6/site-packages/airflow/example_dags/example_kubernetes_executor_config.py took 0.438 seconds
[2021-10-28 01:35:30,791] {processor.py:163} INFO - Started process (PID=557) to work on /home/airflow/.local/lib/python3.6/site-packages/airflow/example_dags/example_kubernetes_executor_config.py
[2021-10-28 01:35:30,804] {processor.py:620} INFO - Processing file /home/airflow/.local/lib/python3.6/site-packages/airflow/example_dags/example_kubernetes_executor_config.py for tasks to queue
[2021-10-28 01:35:30,807] {logging_mixin.py:109} INFO - [2021-10-28 01:35:30,806] {dagbag.py:500} INFO - Filling up the DagBag from /home/airflow/.local/lib/python3.6/site-packages/airflow/example_dags/example_kubernetes_executor_config.py
[2021-10-28 01:35:30,864] {processor.py:632} INFO - DAG(s) dict_keys(['example_kubernetes_executor_config']) retrieved from /home/airflow/.local/lib/python3.6/site-packages/airflow/example_dags/example_kubernetes_executor_config.py
[2021-10-28 01:35:30,889] {logging_mixin.py:109} INFO - [2021-10-28 01:35:30,889] {dag.py:2389} INFO - Sync 1 DAGs
[2021-10-28 01:35:30,911] {logging_mixin.py:109} INFO - [2021-10-28 01:35:30,911] {dag.py:2914} INFO - Setting next_dagrun for example_kubernetes_executor_config to None
[2021-10-28 01:35:30,934] {processor.py:171} INFO - Processing /home/airflow/.local/lib/python3.6/site-packages/airflow/example_dags/example_kubernetes_executor_config.py took 0.147 seconds
[2021-10-28 01:36:00,982] {processor.py:163} INFO - Started process (PID=610) to work on /home/airflow/.local/lib/python3.6/site-packages/airflow/example_dags/example_kubernetes_executor_config.py
[2021-10-28 01:36:00,996] {processor.py:620} INFO - Processing file /home/airflow/.local/lib/python3.6/site-packages/airflow/example_dags/example_kubernetes_executor_config.py for tasks to queue
[2021-10-28 01:36:00,998] {logging_mixin.py:109} INFO - [2021-10-28 01:36:00,998] {dagbag.py:500} INFO - Filling up the DagBag from /home/airflow/.local/lib/python3.6/site-packages/airflow/example_dags/example_kubernetes_executor_config.py
[2021-10-28 01:36:01,050] {processor.py:632} INFO - DAG(s) dict_keys(['example_kubernetes_executor_config']) retrieved from /home/airflow/.local/lib/python3.6/site-packages/airflow/example_dags/example_kubernetes_executor_config.py
[2021-10-28 01:36:01,075] {logging_mixin.py:109} INFO - [2021-10-28 01:36:01,075] {dag.py:2389} INFO - Sync 1 DAGs
[2021-10-28 01:36:01,107] {logging_mixin.py:109} INFO - [2021-10-28 01:36:01,107] {dag.py:2914} INFO - Setting next_dagrun for example_kubernetes_executor_config to None
[2021-10-28 01:36:01,132] {processor.py:171} INFO - Processing /home/airflow/.local/lib/python3.6/site-packages/airflow/example_dags/example_kubernetes_executor_config.py took 0.158 seconds
[2021-10-28 01:36:31,458] {processor.py:163} INFO - Started process (PID=663) to work on /home/airflow/.local/lib/python3.6/site-packages/airflow/example_dags/example_kubernetes_executor_config.py
[2021-10-28 01:36:31,464] {processor.py:620} INFO - Processing file /home/airflow/.local/lib/python3.6/site-packages/airflow/example_dags/example_kubernetes_executor_config.py for tasks to queue
[2021-10-28 01:36:31,466] {logging_mixin.py:109} INFO - [2021-10-28 01:36:31,466] {dagbag.py:500} INFO - Filling up the DagBag from /home/airflow/.local/lib/python3.6/site-packages/airflow/example_dags/example_kubernetes_executor_config.py
[2021-10-28 01:36:31,535] {processor.py:632} INFO - DAG(s) dict_keys(['example_kubernetes_executor_config']) retrieved from /home/airflow/.local/lib/python3.6/site-packages/airflow/example_dags/example_kubernetes_executor_config.py
[2021-10-28 01:36:31,576] {logging_mixin.py:109} INFO - [2021-10-28 01:36:31,576] {dag.py:2389} INFO - Sync 1 DAGs
[2021-10-28 01:36:31,597] {logging_mixin.py:109} INFO - [2021-10-28 01:36:31,597] {dag.py:2914} INFO - Setting next_dagrun for example_kubernetes_executor_config to None
[2021-10-28 01:36:31,620] {processor.py:171} INFO - Processing /home/airflow/.local/lib/python3.6/site-packages/airflow/example_dags/example_kubernetes_executor_config.py took 0.171 seconds
[2021-10-28 01:37:02,207] {processor.py:163} INFO - Started process (PID=714) to work on /home/airflow/.local/lib/python3.6/site-packages/airflow/example_dags/example_kubernetes_executor_config.py
[2021-10-28 01:37:02,237] {processor.py:620} INFO - Processing file /home/airflow/.local/lib/python3.6/site-packages/airflow/example_dags/example_kubernetes_executor_config.py for tasks to queue
[2021-10-28 01:37:02,238] {logging_mixin.py:109} INFO - [2021-10-28 01:37:02,238] {dagbag.py:500} INFO - Filling up the DagBag from /home/airflow/.local/lib/python3.6/site-packages/airflow/example_dags/example_kubernetes_executor_config.py
[2021-10-28 01:37:02,299] {processor.py:632} INFO - DAG(s) dict_keys(['example_kubernetes_executor_config']) retrieved from /home/airflow/.local/lib/python3.6/site-packages/airflow/example_dags/example_kubernetes_executor_config.py
[2021-10-28 01:37:02,325] {logging_mixin.py:109} INFO - [2021-10-28 01:37:02,325] {dag.py:2389} INFO - Sync 1 DAGs
[2021-10-28 01:37:02,357] {logging_mixin.py:109} INFO - [2021-10-28 01:37:02,357] {dag.py:2914} INFO - Setting next_dagrun for example_kubernetes_executor_config to None
[2021-10-28 01:37:02,373] {processor.py:171} INFO - Processing /home/airflow/.local/lib/python3.6/site-packages/airflow/example_dags/example_kubernetes_executor_config.py took 0.169 seconds
[2021-10-28 01:37:33,026] {processor.py:163} INFO - Started process (PID=766) to work on /home/airflow/.local/lib/python3.6/site-packages/airflow/example_dags/example_kubernetes_executor_config.py
[2021-10-28 01:37:33,048] {processor.py:620} INFO - Processing file /home/airflow/.local/lib/python3.6/site-packages/airflow/example_dags/example_kubernetes_executor_config.py for tasks to queue
[2021-10-28 01:37:33,049] {logging_mixin.py:109} INFO - [2021-10-28 01:37:33,048] {dagbag.py:500} INFO - Filling up the DagBag from /home/airflow/.local/lib/python3.6/site-packages/airflow/example_dags/example_kubernetes_executor_config.py
[2021-10-28 01:37:33,115] {processor.py:632} INFO - DAG(s) dict_keys(['example_kubernetes_executor_config']) retrieved from /home/airflow/.local/lib/python3.6/site-packages/airflow/example_dags/example_kubernetes_executor_config.py
[2021-10-28 01:37:33,138] {logging_mixin.py:109} INFO - [2021-10-28 01:37:33,137] {dag.py:2389} INFO - Sync 1 DAGs
[2021-10-28 01:37:33,168] {logging_mixin.py:109} INFO - [2021-10-28 01:37:33,168] {dag.py:2914} INFO - Setting next_dagrun for example_kubernetes_executor_config to None
[2021-10-28 01:37:33,183] {processor.py:171} INFO - Processing /home/airflow/.local/lib/python3.6/site-packages/airflow/example_dags/example_kubernetes_executor_config.py took 0.160 seconds
[2021-10-28 01:38:03,938] {processor.py:163} INFO - Started process (PID=819) to work on /home/airflow/.local/lib/python3.6/site-packages/airflow/example_dags/example_kubernetes_executor_config.py
[2021-10-28 01:38:03,967] {processor.py:620} INFO - Processing file /home/airflow/.local/lib/python3.6/site-packages/airflow/example_dags/example_kubernetes_executor_config.py for tasks to queue
[2021-10-28 01:38:03,969] {logging_mixin.py:109} INFO - [2021-10-28 01:38:03,969] {dagbag.py:500} INFO - Filling up the DagBag from /home/airflow/.local/lib/python3.6/site-packages/airflow/example_dags/example_kubernetes_executor_config.py
[2021-10-28 01:38:04,117] {processor.py:632} INFO - DAG(s) dict_keys(['example_kubernetes_executor_config']) retrieved from /home/airflow/.local/lib/python3.6/site-packages/airflow/example_dags/example_kubernetes_executor_config.py
[2021-10-28 01:38:04,160] {logging_mixin.py:109} INFO - [2021-10-28 01:38:04,160] {dag.py:2389} INFO - Sync 1 DAGs
[2021-10-28 01:38:04,202] {logging_mixin.py:109} INFO - [2021-10-28 01:38:04,202] {dag.py:2914} INFO - Setting next_dagrun for example_kubernetes_executor_config to None
[2021-10-28 01:38:04,235] {processor.py:171} INFO - Processing /home/airflow/.local/lib/python3.6/site-packages/airflow/example_dags/example_kubernetes_executor_config.py took 0.300 seconds
[2021-10-28 01:38:34,744] {processor.py:163} INFO - Started process (PID=872) to work on /home/airflow/.local/lib/python3.6/site-packages/airflow/example_dags/example_kubernetes_executor_config.py
[2021-10-28 01:38:34,750] {processor.py:620} INFO - Processing file /home/airflow/.local/lib/python3.6/site-packages/airflow/example_dags/example_kubernetes_executor_config.py for tasks to queue
[2021-10-28 01:38:34,751] {logging_mixin.py:109} INFO - [2021-10-28 01:38:34,750] {dagbag.py:500} INFO - Filling up the DagBag from /home/airflow/.local/lib/python3.6/site-packages/airflow/example_dags/example_kubernetes_executor_config.py
[2021-10-28 01:38:34,862] {processor.py:632} INFO - DAG(s) dict_keys(['example_kubernetes_executor_config']) retrieved from /home/airflow/.local/lib/python3.6/site-packages/airflow/example_dags/example_kubernetes_executor_config.py
[2021-10-28 01:38:34,906] {logging_mixin.py:109} INFO - [2021-10-28 01:38:34,906] {dag.py:2389} INFO - Sync 1 DAGs
[2021-10-28 01:38:34,956] {logging_mixin.py:109} INFO - [2021-10-28 01:38:34,955] {dag.py:2914} INFO - Setting next_dagrun for example_kubernetes_executor_config to None
[2021-10-28 01:38:34,989] {processor.py:171} INFO - Processing /home/airflow/.local/lib/python3.6/site-packages/airflow/example_dags/example_kubernetes_executor_config.py took 0.281 seconds
[2021-10-28 01:39:06,090] {processor.py:163} INFO - Started process (PID=925) to work on /home/airflow/.local/lib/python3.6/site-packages/airflow/example_dags/example_kubernetes_executor_config.py
[2021-10-28 01:39:06,094] {processor.py:620} INFO - Processing file /home/airflow/.local/lib/python3.6/site-packages/airflow/example_dags/example_kubernetes_executor_config.py for tasks to queue
[2021-10-28 01:39:06,094] {logging_mixin.py:109} INFO - [2021-10-28 01:39:06,094] {dagbag.py:500} INFO - Filling up the DagBag from /home/airflow/.local/lib/python3.6/site-packages/airflow/example_dags/example_kubernetes_executor_config.py
[2021-10-28 01:39:06,290] {processor.py:632} INFO - DAG(s) dict_keys(['example_kubernetes_executor_config']) retrieved from /home/airflow/.local/lib/python3.6/site-packages/airflow/example_dags/example_kubernetes_executor_config.py
[2021-10-28 01:39:06,366] {logging_mixin.py:109} INFO - [2021-10-28 01:39:06,366] {dag.py:2389} INFO - Sync 1 DAGs
[2021-10-28 01:39:06,399] {logging_mixin.py:109} INFO - [2021-10-28 01:39:06,399] {dag.py:2914} INFO - Setting next_dagrun for example_kubernetes_executor_config to None
[2021-10-28 01:39:06,409] {processor.py:171} INFO - Processing /home/airflow/.local/lib/python3.6/site-packages/airflow/example_dags/example_kubernetes_executor_config.py took 0.373 seconds
[2021-10-28 01:39:37,032] {processor.py:163} INFO - Started process (PID=977) to work on /home/airflow/.local/lib/python3.6/site-packages/airflow/example_dags/example_kubernetes_executor_config.py
[2021-10-28 01:39:37,052] {processor.py:620} INFO - Processing file /home/airflow/.local/lib/python3.6/site-packages/airflow/example_dags/example_kubernetes_executor_config.py for tasks to queue
[2021-10-28 01:39:37,053] {logging_mixin.py:109} INFO - [2021-10-28 01:39:37,053] {dagbag.py:500} INFO - Filling up the DagBag from /home/airflow/.local/lib/python3.6/site-packages/airflow/example_dags/example_kubernetes_executor_config.py
[2021-10-28 01:39:37,255] {processor.py:632} INFO - DAG(s) dict_keys(['example_kubernetes_executor_config']) retrieved from /home/airflow/.local/lib/python3.6/site-packages/airflow/example_dags/example_kubernetes_executor_config.py
[2021-10-28 01:39:37,336] {logging_mixin.py:109} INFO - [2021-10-28 01:39:37,336] {dag.py:2389} INFO - Sync 1 DAGs
[2021-10-28 01:39:37,379] {logging_mixin.py:109} INFO - [2021-10-28 01:39:37,378] {dag.py:2914} INFO - Setting next_dagrun for example_kubernetes_executor_config to None
[2021-10-28 01:39:37,422] {processor.py:171} INFO - Processing /home/airflow/.local/lib/python3.6/site-packages/airflow/example_dags/example_kubernetes_executor_config.py took 0.393 seconds
[2021-10-28 01:40:07,782] {processor.py:163} INFO - Started process (PID=1020) to work on /home/airflow/.local/lib/python3.6/site-packages/airflow/example_dags/example_kubernetes_executor_config.py
[2021-10-28 01:40:07,789] {processor.py:620} INFO - Processing file /home/airflow/.local/lib/python3.6/site-packages/airflow/example_dags/example_kubernetes_executor_config.py for tasks to queue
[2021-10-28 01:40:07,790] {logging_mixin.py:109} INFO - [2021-10-28 01:40:07,790] {dagbag.py:500} INFO - Filling up the DagBag from /home/airflow/.local/lib/python3.6/site-packages/airflow/example_dags/example_kubernetes_executor_config.py
[2021-10-28 01:40:07,817] {processor.py:632} INFO - DAG(s) dict_keys(['example_kubernetes_executor_config']) retrieved from /home/airflow/.local/lib/python3.6/site-packages/airflow/example_dags/example_kubernetes_executor_config.py
[2021-10-28 01:40:07,835] {logging_mixin.py:109} INFO - [2021-10-28 01:40:07,835] {dag.py:2389} INFO - Sync 1 DAGs
[2021-10-28 01:40:07,848] {logging_mixin.py:109} INFO - [2021-10-28 01:40:07,848] {dag.py:2914} INFO - Setting next_dagrun for example_kubernetes_executor_config to None
[2021-10-28 01:40:07,858] {processor.py:171} INFO - Processing /home/airflow/.local/lib/python3.6/site-packages/airflow/example_dags/example_kubernetes_executor_config.py took 0.079 seconds
[2021-10-28 01:40:38,343] {processor.py:163} INFO - Started process (PID=1073) to work on /home/airflow/.local/lib/python3.6/site-packages/airflow/example_dags/example_kubernetes_executor_config.py
[2021-10-28 01:40:38,346] {processor.py:620} INFO - Processing file /home/airflow/.local/lib/python3.6/site-packages/airflow/example_dags/example_kubernetes_executor_config.py for tasks to queue
[2021-10-28 01:40:38,348] {logging_mixin.py:109} INFO - [2021-10-28 01:40:38,348] {dagbag.py:500} INFO - Filling up the DagBag from /home/airflow/.local/lib/python3.6/site-packages/airflow/example_dags/example_kubernetes_executor_config.py
[2021-10-28 01:40:38,419] {processor.py:632} INFO - DAG(s) dict_keys(['example_kubernetes_executor_config']) retrieved from /home/airflow/.local/lib/python3.6/site-packages/airflow/example_dags/example_kubernetes_executor_config.py
[2021-10-28 01:40:38,458] {logging_mixin.py:109} INFO - [2021-10-28 01:40:38,458] {dag.py:2389} INFO - Sync 1 DAGs
[2021-10-28 01:40:38,483] {logging_mixin.py:109} INFO - [2021-10-28 01:40:38,483] {dag.py:2914} INFO - Setting next_dagrun for example_kubernetes_executor_config to None
[2021-10-28 01:40:38,498] {processor.py:171} INFO - Processing /home/airflow/.local/lib/python3.6/site-packages/airflow/example_dags/example_kubernetes_executor_config.py took 0.158 seconds
[2021-10-28 01:41:08,553] {processor.py:163} INFO - Started process (PID=1125) to work on /home/airflow/.local/lib/python3.6/site-packages/airflow/example_dags/example_kubernetes_executor_config.py
[2021-10-28 01:41:08,560] {processor.py:620} INFO - Processing file /home/airflow/.local/lib/python3.6/site-packages/airflow/example_dags/example_kubernetes_executor_config.py for tasks to queue
[2021-10-28 01:41:08,560] {logging_mixin.py:109} INFO - [2021-10-28 01:41:08,560] {dagbag.py:500} INFO - Filling up the DagBag from /home/airflow/.local/lib/python3.6/site-packages/airflow/example_dags/example_kubernetes_executor_config.py
[2021-10-28 01:41:08,613] {processor.py:632} INFO - DAG(s) dict_keys(['example_kubernetes_executor_config']) retrieved from /home/airflow/.local/lib/python3.6/site-packages/airflow/example_dags/example_kubernetes_executor_config.py
[2021-10-28 01:41:08,639] {logging_mixin.py:109} INFO - [2021-10-28 01:41:08,639] {dag.py:2389} INFO - Sync 1 DAGs
[2021-10-28 01:41:08,654] {logging_mixin.py:109} INFO - [2021-10-28 01:41:08,654] {dag.py:2914} INFO - Setting next_dagrun for example_kubernetes_executor_config to None
[2021-10-28 01:41:08,671] {processor.py:171} INFO - Processing /home/airflow/.local/lib/python3.6/site-packages/airflow/example_dags/example_kubernetes_executor_config.py took 0.121 seconds
[2021-10-28 01:41:40,825] {processor.py:163} INFO - Started process (PID=1178) to work on /home/airflow/.local/lib/python3.6/site-packages/airflow/example_dags/example_kubernetes_executor_config.py
[2021-10-28 01:41:40,846] {processor.py:620} INFO - Processing file /home/airflow/.local/lib/python3.6/site-packages/airflow/example_dags/example_kubernetes_executor_config.py for tasks to queue
[2021-10-28 01:41:40,856] {logging_mixin.py:109} INFO - [2021-10-28 01:41:40,856] {dagbag.py:500} INFO - Filling up the DagBag from /home/airflow/.local/lib/python3.6/site-packages/airflow/example_dags/example_kubernetes_executor_config.py
[2021-10-28 01:41:41,139] {processor.py:632} INFO - DAG(s) dict_keys(['example_kubernetes_executor_config']) retrieved from /home/airflow/.local/lib/python3.6/site-packages/airflow/example_dags/example_kubernetes_executor_config.py
[2021-10-28 01:41:41,240] {logging_mixin.py:109} INFO - [2021-10-28 01:41:41,240] {dag.py:2389} INFO - Sync 1 DAGs
[2021-10-28 01:41:41,327] {logging_mixin.py:109} INFO - [2021-10-28 01:41:41,326] {dag.py:2914} INFO - Setting next_dagrun for example_kubernetes_executor_config to None
[2021-10-28 01:41:41,407] {processor.py:171} INFO - Processing /home/airflow/.local/lib/python3.6/site-packages/airflow/example_dags/example_kubernetes_executor_config.py took 0.617 seconds
[2021-10-28 01:42:11,840] {processor.py:163} INFO - Started process (PID=1228) to work on /home/airflow/.local/lib/python3.6/site-packages/airflow/example_dags/example_kubernetes_executor_config.py
[2021-10-28 01:42:11,844] {processor.py:620} INFO - Processing file /home/airflow/.local/lib/python3.6/site-packages/airflow/example_dags/example_kubernetes_executor_config.py for tasks to queue
[2021-10-28 01:42:11,845] {logging_mixin.py:109} INFO - [2021-10-28 01:42:11,845] {dagbag.py:500} INFO - Filling up the DagBag from /home/airflow/.local/lib/python3.6/site-packages/airflow/example_dags/example_kubernetes_executor_config.py
[2021-10-28 01:42:11,962] {processor.py:632} INFO - DAG(s) dict_keys(['example_kubernetes_executor_config']) retrieved from /home/airflow/.local/lib/python3.6/site-packages/airflow/example_dags/example_kubernetes_executor_config.py
[2021-10-28 01:42:12,007] {logging_mixin.py:109} INFO - [2021-10-28 01:42:12,007] {dag.py:2389} INFO - Sync 1 DAGs
[2021-10-28 01:42:12,031] {logging_mixin.py:109} INFO - [2021-10-28 01:42:12,031] {dag.py:2914} INFO - Setting next_dagrun for example_kubernetes_executor_config to None
[2021-10-28 01:42:12,071] {processor.py:171} INFO - Processing /home/airflow/.local/lib/python3.6/site-packages/airflow/example_dags/example_kubernetes_executor_config.py took 0.234 seconds
[2021-10-28 01:42:42,113] {processor.py:163} INFO - Started process (PID=1274) to work on /home/airflow/.local/lib/python3.6/site-packages/airflow/example_dags/example_kubernetes_executor_config.py
[2021-10-28 01:42:42,123] {processor.py:620} INFO - Processing file /home/airflow/.local/lib/python3.6/site-packages/airflow/example_dags/example_kubernetes_executor_config.py for tasks to queue
[2021-10-28 01:42:42,125] {logging_mixin.py:109} INFO - [2021-10-28 01:42:42,124] {dagbag.py:500} INFO - Filling up the DagBag from /home/airflow/.local/lib/python3.6/site-packages/airflow/example_dags/example_kubernetes_executor_config.py
[2021-10-28 01:42:42,272] {processor.py:632} INFO - DAG(s) dict_keys(['example_kubernetes_executor_config']) retrieved from /home/airflow/.local/lib/python3.6/site-packages/airflow/example_dags/example_kubernetes_executor_config.py
[2021-10-28 01:42:42,300] {logging_mixin.py:109} INFO - [2021-10-28 01:42:42,300] {dag.py:2389} INFO - Sync 1 DAGs
[2021-10-28 01:42:42,335] {logging_mixin.py:109} INFO - [2021-10-28 01:42:42,335] {dag.py:2914} INFO - Setting next_dagrun for example_kubernetes_executor_config to None
[2021-10-28 01:42:42,368] {processor.py:171} INFO - Processing /home/airflow/.local/lib/python3.6/site-packages/airflow/example_dags/example_kubernetes_executor_config.py took 0.265 seconds
