[2021-10-28 01:32:44,814] {processor.py:163} INFO - Started process (PID=290) to work on /home/airflow/.local/lib/python3.6/site-packages/airflow/example_dags/example_nested_branch_dag.py
[2021-10-28 01:32:44,841] {processor.py:620} INFO - Processing file /home/airflow/.local/lib/python3.6/site-packages/airflow/example_dags/example_nested_branch_dag.py for tasks to queue
[2021-10-28 01:32:44,843] {logging_mixin.py:109} INFO - [2021-10-28 01:32:44,843] {dagbag.py:500} INFO - Filling up the DagBag from /home/airflow/.local/lib/python3.6/site-packages/airflow/example_dags/example_nested_branch_dag.py
[2021-10-28 01:32:44,911] {processor.py:632} INFO - DAG(s) dict_keys(['example_nested_branch_dag']) retrieved from /home/airflow/.local/lib/python3.6/site-packages/airflow/example_dags/example_nested_branch_dag.py
[2021-10-28 01:32:49,035] {logging_mixin.py:109} INFO - [2021-10-28 01:32:49,035] {providers_manager.py:156} WARNING - Exception when importing 'airflow.providers.google.leveldb.hooks.leveldb.LevelDBHook' from 'apache-airflow-providers-google' package: No module named 'plyvel'
[2021-10-28 01:32:50,860] {logging_mixin.py:109} INFO - [2021-10-28 01:32:50,860] {providers_manager.py:156} WARNING - Exception when importing 'airflow.providers.google.leveldb.hooks.leveldb.LevelDBHook' from 'apache-airflow-providers-google' package: No module named 'plyvel'
[2021-10-28 01:32:50,940] {logging_mixin.py:109} INFO - [2021-10-28 01:32:50,940] {manager.py:496} INFO - Created Permission View: can read on DAG:example_nested_branch_dag
[2021-10-28 01:32:50,961] {logging_mixin.py:109} INFO - [2021-10-28 01:32:50,961] {manager.py:496} INFO - Created Permission View: can edit on DAG:example_nested_branch_dag
[2021-10-28 01:32:50,963] {logging_mixin.py:109} INFO - [2021-10-28 01:32:50,963] {dag.py:2389} INFO - Sync 1 DAGs
[2021-10-28 01:32:51,040] {logging_mixin.py:109} INFO - [2021-10-28 01:32:51,040] {dag.py:2408} INFO - Creating ORM DAG for example_nested_branch_dag
[2021-10-28 01:32:51,160] {logging_mixin.py:109} INFO - [2021-10-28 01:32:51,160] {dag.py:2914} INFO - Setting next_dagrun for example_nested_branch_dag to 2021-10-27 00:00:00+00:00
[2021-10-28 01:32:51,268] {processor.py:171} INFO - Processing /home/airflow/.local/lib/python3.6/site-packages/airflow/example_dags/example_nested_branch_dag.py took 6.457 seconds
[2021-10-28 01:33:34,535] {processor.py:163} INFO - Started process (PID=354) to work on /home/airflow/.local/lib/python3.6/site-packages/airflow/example_dags/example_nested_branch_dag.py
[2021-10-28 01:33:34,595] {processor.py:620} INFO - Processing file /home/airflow/.local/lib/python3.6/site-packages/airflow/example_dags/example_nested_branch_dag.py for tasks to queue
[2021-10-28 01:33:34,597] {logging_mixin.py:109} INFO - [2021-10-28 01:33:34,597] {dagbag.py:500} INFO - Filling up the DagBag from /home/airflow/.local/lib/python3.6/site-packages/airflow/example_dags/example_nested_branch_dag.py
[2021-10-28 01:33:34,677] {processor.py:632} INFO - DAG(s) dict_keys(['example_nested_branch_dag']) retrieved from /home/airflow/.local/lib/python3.6/site-packages/airflow/example_dags/example_nested_branch_dag.py
[2021-10-28 01:33:34,832] {logging_mixin.py:109} INFO - [2021-10-28 01:33:34,831] {dag.py:2389} INFO - Sync 1 DAGs
[2021-10-28 01:33:34,889] {logging_mixin.py:109} INFO - [2021-10-28 01:33:34,888] {dag.py:2914} INFO - Setting next_dagrun for example_nested_branch_dag to 2021-10-27 00:00:00+00:00
[2021-10-28 01:33:35,018] {processor.py:171} INFO - Processing /home/airflow/.local/lib/python3.6/site-packages/airflow/example_dags/example_nested_branch_dag.py took 0.485 seconds
[2021-10-28 01:34:05,132] {processor.py:163} INFO - Started process (PID=416) to work on /home/airflow/.local/lib/python3.6/site-packages/airflow/example_dags/example_nested_branch_dag.py
[2021-10-28 01:34:05,148] {processor.py:620} INFO - Processing file /home/airflow/.local/lib/python3.6/site-packages/airflow/example_dags/example_nested_branch_dag.py for tasks to queue
[2021-10-28 01:34:05,149] {logging_mixin.py:109} INFO - [2021-10-28 01:34:05,149] {dagbag.py:500} INFO - Filling up the DagBag from /home/airflow/.local/lib/python3.6/site-packages/airflow/example_dags/example_nested_branch_dag.py
[2021-10-28 01:34:05,200] {processor.py:632} INFO - DAG(s) dict_keys(['example_nested_branch_dag']) retrieved from /home/airflow/.local/lib/python3.6/site-packages/airflow/example_dags/example_nested_branch_dag.py
[2021-10-28 01:34:05,223] {logging_mixin.py:109} INFO - [2021-10-28 01:34:05,223] {dag.py:2389} INFO - Sync 1 DAGs
[2021-10-28 01:34:05,248] {logging_mixin.py:109} INFO - [2021-10-28 01:34:05,248] {dag.py:2914} INFO - Setting next_dagrun for example_nested_branch_dag to 2021-10-27 00:00:00+00:00
[2021-10-28 01:34:05,265] {processor.py:171} INFO - Processing /home/airflow/.local/lib/python3.6/site-packages/airflow/example_dags/example_nested_branch_dag.py took 0.135 seconds
[2021-10-28 01:34:35,401] {processor.py:163} INFO - Started process (PID=469) to work on /home/airflow/.local/lib/python3.6/site-packages/airflow/example_dags/example_nested_branch_dag.py
[2021-10-28 01:34:35,408] {processor.py:620} INFO - Processing file /home/airflow/.local/lib/python3.6/site-packages/airflow/example_dags/example_nested_branch_dag.py for tasks to queue
[2021-10-28 01:34:35,411] {logging_mixin.py:109} INFO - [2021-10-28 01:34:35,411] {dagbag.py:500} INFO - Filling up the DagBag from /home/airflow/.local/lib/python3.6/site-packages/airflow/example_dags/example_nested_branch_dag.py
[2021-10-28 01:34:35,482] {processor.py:632} INFO - DAG(s) dict_keys(['example_nested_branch_dag']) retrieved from /home/airflow/.local/lib/python3.6/site-packages/airflow/example_dags/example_nested_branch_dag.py
[2021-10-28 01:34:35,499] {logging_mixin.py:109} INFO - [2021-10-28 01:34:35,499] {dag.py:2389} INFO - Sync 1 DAGs
[2021-10-28 01:34:35,512] {logging_mixin.py:109} INFO - [2021-10-28 01:34:35,512] {dag.py:2914} INFO - Setting next_dagrun for example_nested_branch_dag to 2021-10-27 00:00:00+00:00
[2021-10-28 01:34:35,525] {processor.py:171} INFO - Processing /home/airflow/.local/lib/python3.6/site-packages/airflow/example_dags/example_nested_branch_dag.py took 0.143 seconds
[2021-10-28 01:35:05,909] {processor.py:163} INFO - Started process (PID=522) to work on /home/airflow/.local/lib/python3.6/site-packages/airflow/example_dags/example_nested_branch_dag.py
[2021-10-28 01:35:05,911] {processor.py:620} INFO - Processing file /home/airflow/.local/lib/python3.6/site-packages/airflow/example_dags/example_nested_branch_dag.py for tasks to queue
[2021-10-28 01:35:05,913] {logging_mixin.py:109} INFO - [2021-10-28 01:35:05,913] {dagbag.py:500} INFO - Filling up the DagBag from /home/airflow/.local/lib/python3.6/site-packages/airflow/example_dags/example_nested_branch_dag.py
[2021-10-28 01:35:05,951] {processor.py:632} INFO - DAG(s) dict_keys(['example_nested_branch_dag']) retrieved from /home/airflow/.local/lib/python3.6/site-packages/airflow/example_dags/example_nested_branch_dag.py
[2021-10-28 01:35:05,962] {logging_mixin.py:109} INFO - [2021-10-28 01:35:05,962] {dag.py:2389} INFO - Sync 1 DAGs
[2021-10-28 01:35:05,980] {logging_mixin.py:109} INFO - [2021-10-28 01:35:05,980] {dag.py:2914} INFO - Setting next_dagrun for example_nested_branch_dag to 2021-10-27 00:00:00+00:00
[2021-10-28 01:35:05,992] {processor.py:171} INFO - Processing /home/airflow/.local/lib/python3.6/site-packages/airflow/example_dags/example_nested_branch_dag.py took 0.086 seconds
[2021-10-28 01:35:37,201] {processor.py:163} INFO - Started process (PID=575) to work on /home/airflow/.local/lib/python3.6/site-packages/airflow/example_dags/example_nested_branch_dag.py
[2021-10-28 01:35:37,226] {processor.py:620} INFO - Processing file /home/airflow/.local/lib/python3.6/site-packages/airflow/example_dags/example_nested_branch_dag.py for tasks to queue
[2021-10-28 01:35:37,227] {logging_mixin.py:109} INFO - [2021-10-28 01:35:37,226] {dagbag.py:500} INFO - Filling up the DagBag from /home/airflow/.local/lib/python3.6/site-packages/airflow/example_dags/example_nested_branch_dag.py
[2021-10-28 01:35:37,391] {processor.py:632} INFO - DAG(s) dict_keys(['example_nested_branch_dag']) retrieved from /home/airflow/.local/lib/python3.6/site-packages/airflow/example_dags/example_nested_branch_dag.py
[2021-10-28 01:35:37,503] {logging_mixin.py:109} INFO - [2021-10-28 01:35:37,503] {dag.py:2389} INFO - Sync 1 DAGs
[2021-10-28 01:35:37,524] {logging_mixin.py:109} INFO - [2021-10-28 01:35:37,524] {dag.py:2914} INFO - Setting next_dagrun for example_nested_branch_dag to 2021-10-27 00:00:00+00:00
[2021-10-28 01:35:37,558] {processor.py:171} INFO - Processing /home/airflow/.local/lib/python3.6/site-packages/airflow/example_dags/example_nested_branch_dag.py took 0.360 seconds
[2021-10-28 01:36:09,622] {processor.py:163} INFO - Started process (PID=635) to work on /home/airflow/.local/lib/python3.6/site-packages/airflow/example_dags/example_nested_branch_dag.py
[2021-10-28 01:36:09,698] {processor.py:620} INFO - Processing file /home/airflow/.local/lib/python3.6/site-packages/airflow/example_dags/example_nested_branch_dag.py for tasks to queue
[2021-10-28 01:36:09,712] {logging_mixin.py:109} INFO - [2021-10-28 01:36:09,711] {dagbag.py:500} INFO - Filling up the DagBag from /home/airflow/.local/lib/python3.6/site-packages/airflow/example_dags/example_nested_branch_dag.py
[2021-10-28 01:36:09,993] {processor.py:632} INFO - DAG(s) dict_keys(['example_nested_branch_dag']) retrieved from /home/airflow/.local/lib/python3.6/site-packages/airflow/example_dags/example_nested_branch_dag.py
[2021-10-28 01:36:10,054] {logging_mixin.py:109} INFO - [2021-10-28 01:36:10,053] {dag.py:2389} INFO - Sync 1 DAGs
[2021-10-28 01:36:10,122] {logging_mixin.py:109} INFO - [2021-10-28 01:36:10,122] {dag.py:2914} INFO - Setting next_dagrun for example_nested_branch_dag to 2021-10-27 00:00:00+00:00
[2021-10-28 01:36:10,193] {processor.py:171} INFO - Processing /home/airflow/.local/lib/python3.6/site-packages/airflow/example_dags/example_nested_branch_dag.py took 0.575 seconds
[2021-10-28 01:36:40,971] {processor.py:163} INFO - Started process (PID=690) to work on /home/airflow/.local/lib/python3.6/site-packages/airflow/example_dags/example_nested_branch_dag.py
[2021-10-28 01:36:40,983] {processor.py:620} INFO - Processing file /home/airflow/.local/lib/python3.6/site-packages/airflow/example_dags/example_nested_branch_dag.py for tasks to queue
[2021-10-28 01:36:40,986] {logging_mixin.py:109} INFO - [2021-10-28 01:36:40,986] {dagbag.py:500} INFO - Filling up the DagBag from /home/airflow/.local/lib/python3.6/site-packages/airflow/example_dags/example_nested_branch_dag.py
[2021-10-28 01:36:41,055] {processor.py:632} INFO - DAG(s) dict_keys(['example_nested_branch_dag']) retrieved from /home/airflow/.local/lib/python3.6/site-packages/airflow/example_dags/example_nested_branch_dag.py
[2021-10-28 01:36:41,083] {logging_mixin.py:109} INFO - [2021-10-28 01:36:41,083] {dag.py:2389} INFO - Sync 1 DAGs
[2021-10-28 01:36:41,096] {logging_mixin.py:109} INFO - [2021-10-28 01:36:41,096] {dag.py:2914} INFO - Setting next_dagrun for example_nested_branch_dag to 2021-10-27 00:00:00+00:00
[2021-10-28 01:36:41,129] {processor.py:171} INFO - Processing /home/airflow/.local/lib/python3.6/site-packages/airflow/example_dags/example_nested_branch_dag.py took 0.161 seconds
[2021-10-28 01:37:12,854] {processor.py:163} INFO - Started process (PID=741) to work on /home/airflow/.local/lib/python3.6/site-packages/airflow/example_dags/example_nested_branch_dag.py
[2021-10-28 01:37:12,869] {processor.py:620} INFO - Processing file /home/airflow/.local/lib/python3.6/site-packages/airflow/example_dags/example_nested_branch_dag.py for tasks to queue
[2021-10-28 01:37:12,870] {logging_mixin.py:109} INFO - [2021-10-28 01:37:12,870] {dagbag.py:500} INFO - Filling up the DagBag from /home/airflow/.local/lib/python3.6/site-packages/airflow/example_dags/example_nested_branch_dag.py
[2021-10-28 01:37:13,072] {processor.py:632} INFO - DAG(s) dict_keys(['example_nested_branch_dag']) retrieved from /home/airflow/.local/lib/python3.6/site-packages/airflow/example_dags/example_nested_branch_dag.py
[2021-10-28 01:37:13,154] {logging_mixin.py:109} INFO - [2021-10-28 01:37:13,154] {dag.py:2389} INFO - Sync 1 DAGs
[2021-10-28 01:37:13,182] {logging_mixin.py:109} INFO - [2021-10-28 01:37:13,182] {dag.py:2914} INFO - Setting next_dagrun for example_nested_branch_dag to 2021-10-27 00:00:00+00:00
[2021-10-28 01:37:13,217] {processor.py:171} INFO - Processing /home/airflow/.local/lib/python3.6/site-packages/airflow/example_dags/example_nested_branch_dag.py took 0.412 seconds
[2021-10-28 01:37:43,461] {processor.py:163} INFO - Started process (PID=794) to work on /home/airflow/.local/lib/python3.6/site-packages/airflow/example_dags/example_nested_branch_dag.py
[2021-10-28 01:37:43,464] {processor.py:620} INFO - Processing file /home/airflow/.local/lib/python3.6/site-packages/airflow/example_dags/example_nested_branch_dag.py for tasks to queue
[2021-10-28 01:37:43,465] {logging_mixin.py:109} INFO - [2021-10-28 01:37:43,465] {dagbag.py:500} INFO - Filling up the DagBag from /home/airflow/.local/lib/python3.6/site-packages/airflow/example_dags/example_nested_branch_dag.py
[2021-10-28 01:37:43,542] {processor.py:632} INFO - DAG(s) dict_keys(['example_nested_branch_dag']) retrieved from /home/airflow/.local/lib/python3.6/site-packages/airflow/example_dags/example_nested_branch_dag.py
[2021-10-28 01:37:43,564] {logging_mixin.py:109} INFO - [2021-10-28 01:37:43,564] {dag.py:2389} INFO - Sync 1 DAGs
[2021-10-28 01:37:43,588] {logging_mixin.py:109} INFO - [2021-10-28 01:37:43,588] {dag.py:2914} INFO - Setting next_dagrun for example_nested_branch_dag to 2021-10-27 00:00:00+00:00
[2021-10-28 01:37:43,600] {processor.py:171} INFO - Processing /home/airflow/.local/lib/python3.6/site-packages/airflow/example_dags/example_nested_branch_dag.py took 0.142 seconds
[2021-10-28 01:38:14,514] {processor.py:163} INFO - Started process (PID=846) to work on /home/airflow/.local/lib/python3.6/site-packages/airflow/example_dags/example_nested_branch_dag.py
[2021-10-28 01:38:14,586] {processor.py:620} INFO - Processing file /home/airflow/.local/lib/python3.6/site-packages/airflow/example_dags/example_nested_branch_dag.py for tasks to queue
[2021-10-28 01:38:14,587] {logging_mixin.py:109} INFO - [2021-10-28 01:38:14,587] {dagbag.py:500} INFO - Filling up the DagBag from /home/airflow/.local/lib/python3.6/site-packages/airflow/example_dags/example_nested_branch_dag.py
[2021-10-28 01:38:14,730] {processor.py:632} INFO - DAG(s) dict_keys(['example_nested_branch_dag']) retrieved from /home/airflow/.local/lib/python3.6/site-packages/airflow/example_dags/example_nested_branch_dag.py
[2021-10-28 01:38:14,765] {logging_mixin.py:109} INFO - [2021-10-28 01:38:14,765] {dag.py:2389} INFO - Sync 1 DAGs
[2021-10-28 01:38:14,793] {logging_mixin.py:109} INFO - [2021-10-28 01:38:14,793] {dag.py:2914} INFO - Setting next_dagrun for example_nested_branch_dag to 2021-10-27 00:00:00+00:00
[2021-10-28 01:38:14,830] {processor.py:171} INFO - Processing /home/airflow/.local/lib/python3.6/site-packages/airflow/example_dags/example_nested_branch_dag.py took 0.319 seconds
[2021-10-28 01:38:47,434] {processor.py:163} INFO - Started process (PID=900) to work on /home/airflow/.local/lib/python3.6/site-packages/airflow/example_dags/example_nested_branch_dag.py
[2021-10-28 01:38:47,470] {processor.py:620} INFO - Processing file /home/airflow/.local/lib/python3.6/site-packages/airflow/example_dags/example_nested_branch_dag.py for tasks to queue
[2021-10-28 01:38:47,470] {logging_mixin.py:109} INFO - [2021-10-28 01:38:47,470] {dagbag.py:500} INFO - Filling up the DagBag from /home/airflow/.local/lib/python3.6/site-packages/airflow/example_dags/example_nested_branch_dag.py
[2021-10-28 01:38:47,795] {processor.py:632} INFO - DAG(s) dict_keys(['example_nested_branch_dag']) retrieved from /home/airflow/.local/lib/python3.6/site-packages/airflow/example_dags/example_nested_branch_dag.py
[2021-10-28 01:38:47,947] {logging_mixin.py:109} INFO - [2021-10-28 01:38:47,947] {dag.py:2389} INFO - Sync 1 DAGs
[2021-10-28 01:38:47,965] {logging_mixin.py:109} INFO - [2021-10-28 01:38:47,965] {dag.py:2914} INFO - Setting next_dagrun for example_nested_branch_dag to 2021-10-27 00:00:00+00:00
[2021-10-28 01:38:48,080] {processor.py:171} INFO - Processing /home/airflow/.local/lib/python3.6/site-packages/airflow/example_dags/example_nested_branch_dag.py took 0.648 seconds
[2021-10-28 01:39:18,839] {processor.py:163} INFO - Started process (PID=949) to work on /home/airflow/.local/lib/python3.6/site-packages/airflow/example_dags/example_nested_branch_dag.py
[2021-10-28 01:39:18,864] {processor.py:620} INFO - Processing file /home/airflow/.local/lib/python3.6/site-packages/airflow/example_dags/example_nested_branch_dag.py for tasks to queue
[2021-10-28 01:39:18,866] {logging_mixin.py:109} INFO - [2021-10-28 01:39:18,866] {dagbag.py:500} INFO - Filling up the DagBag from /home/airflow/.local/lib/python3.6/site-packages/airflow/example_dags/example_nested_branch_dag.py
[2021-10-28 01:39:19,004] {processor.py:632} INFO - DAG(s) dict_keys(['example_nested_branch_dag']) retrieved from /home/airflow/.local/lib/python3.6/site-packages/airflow/example_dags/example_nested_branch_dag.py
[2021-10-28 01:39:19,069] {logging_mixin.py:109} INFO - [2021-10-28 01:39:19,069] {dag.py:2389} INFO - Sync 1 DAGs
[2021-10-28 01:39:19,127] {logging_mixin.py:109} INFO - [2021-10-28 01:39:19,127] {dag.py:2914} INFO - Setting next_dagrun for example_nested_branch_dag to 2021-10-27 00:00:00+00:00
[2021-10-28 01:39:19,205] {processor.py:171} INFO - Processing /home/airflow/.local/lib/python3.6/site-packages/airflow/example_dags/example_nested_branch_dag.py took 0.369 seconds
[2021-10-28 01:39:49,236] {processor.py:163} INFO - Started process (PID=995) to work on /home/airflow/.local/lib/python3.6/site-packages/airflow/example_dags/example_nested_branch_dag.py
[2021-10-28 01:39:49,239] {processor.py:620} INFO - Processing file /home/airflow/.local/lib/python3.6/site-packages/airflow/example_dags/example_nested_branch_dag.py for tasks to queue
[2021-10-28 01:39:49,240] {logging_mixin.py:109} INFO - [2021-10-28 01:39:49,240] {dagbag.py:500} INFO - Filling up the DagBag from /home/airflow/.local/lib/python3.6/site-packages/airflow/example_dags/example_nested_branch_dag.py
[2021-10-28 01:39:49,269] {processor.py:632} INFO - DAG(s) dict_keys(['example_nested_branch_dag']) retrieved from /home/airflow/.local/lib/python3.6/site-packages/airflow/example_dags/example_nested_branch_dag.py
[2021-10-28 01:39:49,281] {logging_mixin.py:109} INFO - [2021-10-28 01:39:49,281] {dag.py:2389} INFO - Sync 1 DAGs
[2021-10-28 01:39:49,295] {logging_mixin.py:109} INFO - [2021-10-28 01:39:49,295] {dag.py:2914} INFO - Setting next_dagrun for example_nested_branch_dag to 2021-10-27 00:00:00+00:00
[2021-10-28 01:39:49,320] {processor.py:171} INFO - Processing /home/airflow/.local/lib/python3.6/site-packages/airflow/example_dags/example_nested_branch_dag.py took 0.087 seconds
[2021-10-28 01:40:20,145] {processor.py:163} INFO - Started process (PID=1048) to work on /home/airflow/.local/lib/python3.6/site-packages/airflow/example_dags/example_nested_branch_dag.py
[2021-10-28 01:40:20,154] {processor.py:620} INFO - Processing file /home/airflow/.local/lib/python3.6/site-packages/airflow/example_dags/example_nested_branch_dag.py for tasks to queue
[2021-10-28 01:40:20,155] {logging_mixin.py:109} INFO - [2021-10-28 01:40:20,155] {dagbag.py:500} INFO - Filling up the DagBag from /home/airflow/.local/lib/python3.6/site-packages/airflow/example_dags/example_nested_branch_dag.py
[2021-10-28 01:40:20,204] {processor.py:632} INFO - DAG(s) dict_keys(['example_nested_branch_dag']) retrieved from /home/airflow/.local/lib/python3.6/site-packages/airflow/example_dags/example_nested_branch_dag.py
[2021-10-28 01:40:20,215] {logging_mixin.py:109} INFO - [2021-10-28 01:40:20,215] {dag.py:2389} INFO - Sync 1 DAGs
[2021-10-28 01:40:20,230] {logging_mixin.py:109} INFO - [2021-10-28 01:40:20,230] {dag.py:2914} INFO - Setting next_dagrun for example_nested_branch_dag to 2021-10-27 00:00:00+00:00
[2021-10-28 01:40:20,241] {processor.py:171} INFO - Processing /home/airflow/.local/lib/python3.6/site-packages/airflow/example_dags/example_nested_branch_dag.py took 0.104 seconds
[2021-10-28 01:40:50,345] {processor.py:163} INFO - Started process (PID=1101) to work on /home/airflow/.local/lib/python3.6/site-packages/airflow/example_dags/example_nested_branch_dag.py
[2021-10-28 01:40:50,355] {processor.py:620} INFO - Processing file /home/airflow/.local/lib/python3.6/site-packages/airflow/example_dags/example_nested_branch_dag.py for tasks to queue
[2021-10-28 01:40:50,360] {logging_mixin.py:109} INFO - [2021-10-28 01:40:50,360] {dagbag.py:500} INFO - Filling up the DagBag from /home/airflow/.local/lib/python3.6/site-packages/airflow/example_dags/example_nested_branch_dag.py
[2021-10-28 01:40:50,520] {processor.py:632} INFO - DAG(s) dict_keys(['example_nested_branch_dag']) retrieved from /home/airflow/.local/lib/python3.6/site-packages/airflow/example_dags/example_nested_branch_dag.py
[2021-10-28 01:40:50,615] {logging_mixin.py:109} INFO - [2021-10-28 01:40:50,615] {dag.py:2389} INFO - Sync 1 DAGs
[2021-10-28 01:40:50,734] {logging_mixin.py:109} INFO - [2021-10-28 01:40:50,734] {dag.py:2914} INFO - Setting next_dagrun for example_nested_branch_dag to 2021-10-27 00:00:00+00:00
[2021-10-28 01:40:50,812] {processor.py:171} INFO - Processing /home/airflow/.local/lib/python3.6/site-packages/airflow/example_dags/example_nested_branch_dag.py took 0.470 seconds
[2021-10-28 01:41:22,357] {processor.py:163} INFO - Started process (PID=1153) to work on /home/airflow/.local/lib/python3.6/site-packages/airflow/example_dags/example_nested_branch_dag.py
[2021-10-28 01:41:22,376] {processor.py:620} INFO - Processing file /home/airflow/.local/lib/python3.6/site-packages/airflow/example_dags/example_nested_branch_dag.py for tasks to queue
[2021-10-28 01:41:22,376] {logging_mixin.py:109} INFO - [2021-10-28 01:41:22,376] {dagbag.py:500} INFO - Filling up the DagBag from /home/airflow/.local/lib/python3.6/site-packages/airflow/example_dags/example_nested_branch_dag.py
[2021-10-28 01:41:22,577] {processor.py:632} INFO - DAG(s) dict_keys(['example_nested_branch_dag']) retrieved from /home/airflow/.local/lib/python3.6/site-packages/airflow/example_dags/example_nested_branch_dag.py
[2021-10-28 01:41:22,643] {logging_mixin.py:109} INFO - [2021-10-28 01:41:22,643] {dag.py:2389} INFO - Sync 1 DAGs
[2021-10-28 01:41:22,675] {logging_mixin.py:109} INFO - [2021-10-28 01:41:22,675] {dag.py:2914} INFO - Setting next_dagrun for example_nested_branch_dag to 2021-10-27 00:00:00+00:00
[2021-10-28 01:41:22,744] {processor.py:171} INFO - Processing /home/airflow/.local/lib/python3.6/site-packages/airflow/example_dags/example_nested_branch_dag.py took 0.390 seconds
[2021-10-28 01:41:53,349] {processor.py:163} INFO - Started process (PID=1196) to work on /home/airflow/.local/lib/python3.6/site-packages/airflow/example_dags/example_nested_branch_dag.py
[2021-10-28 01:41:53,373] {processor.py:620} INFO - Processing file /home/airflow/.local/lib/python3.6/site-packages/airflow/example_dags/example_nested_branch_dag.py for tasks to queue
[2021-10-28 01:41:53,374] {logging_mixin.py:109} INFO - [2021-10-28 01:41:53,374] {dagbag.py:500} INFO - Filling up the DagBag from /home/airflow/.local/lib/python3.6/site-packages/airflow/example_dags/example_nested_branch_dag.py
[2021-10-28 01:41:53,572] {processor.py:632} INFO - DAG(s) dict_keys(['example_nested_branch_dag']) retrieved from /home/airflow/.local/lib/python3.6/site-packages/airflow/example_dags/example_nested_branch_dag.py
[2021-10-28 01:41:53,606] {logging_mixin.py:109} INFO - [2021-10-28 01:41:53,606] {dag.py:2389} INFO - Sync 1 DAGs
[2021-10-28 01:41:53,678] {logging_mixin.py:109} INFO - [2021-10-28 01:41:53,678] {dag.py:2914} INFO - Setting next_dagrun for example_nested_branch_dag to 2021-10-27 00:00:00+00:00
[2021-10-28 01:41:53,789] {processor.py:171} INFO - Processing /home/airflow/.local/lib/python3.6/site-packages/airflow/example_dags/example_nested_branch_dag.py took 0.443 seconds
[2021-10-28 01:42:24,510] {processor.py:163} INFO - Started process (PID=1249) to work on /home/airflow/.local/lib/python3.6/site-packages/airflow/example_dags/example_nested_branch_dag.py
[2021-10-28 01:42:24,529] {processor.py:620} INFO - Processing file /home/airflow/.local/lib/python3.6/site-packages/airflow/example_dags/example_nested_branch_dag.py for tasks to queue
[2021-10-28 01:42:24,532] {logging_mixin.py:109} INFO - [2021-10-28 01:42:24,532] {dagbag.py:500} INFO - Filling up the DagBag from /home/airflow/.local/lib/python3.6/site-packages/airflow/example_dags/example_nested_branch_dag.py
[2021-10-28 01:42:24,637] {processor.py:632} INFO - DAG(s) dict_keys(['example_nested_branch_dag']) retrieved from /home/airflow/.local/lib/python3.6/site-packages/airflow/example_dags/example_nested_branch_dag.py
[2021-10-28 01:42:24,663] {logging_mixin.py:109} INFO - [2021-10-28 01:42:24,663] {dag.py:2389} INFO - Sync 1 DAGs
[2021-10-28 01:42:24,694] {logging_mixin.py:109} INFO - [2021-10-28 01:42:24,693] {dag.py:2914} INFO - Setting next_dagrun for example_nested_branch_dag to 2021-10-27 00:00:00+00:00
[2021-10-28 01:42:24,722] {processor.py:171} INFO - Processing /home/airflow/.local/lib/python3.6/site-packages/airflow/example_dags/example_nested_branch_dag.py took 0.218 seconds
