[2021-10-28 01:32:44,125] {processor.py:163} INFO - Started process (PID=289) to work on /home/airflow/.local/lib/python3.6/site-packages/airflow/example_dags/example_branch_day_of_week_operator.py
[2021-10-28 01:32:44,127] {processor.py:620} INFO - Processing file /home/airflow/.local/lib/python3.6/site-packages/airflow/example_dags/example_branch_day_of_week_operator.py for tasks to queue
[2021-10-28 01:32:44,131] {logging_mixin.py:109} INFO - [2021-10-28 01:32:44,131] {dagbag.py:500} INFO - Filling up the DagBag from /home/airflow/.local/lib/python3.6/site-packages/airflow/example_dags/example_branch_day_of_week_operator.py
[2021-10-28 01:32:44,206] {processor.py:632} INFO - DAG(s) dict_keys(['example_weekday_branch_operator']) retrieved from /home/airflow/.local/lib/python3.6/site-packages/airflow/example_dags/example_branch_day_of_week_operator.py
[2021-10-28 01:32:47,988] {logging_mixin.py:109} INFO - [2021-10-28 01:32:47,988] {providers_manager.py:156} WARNING - Exception when importing 'airflow.providers.google.leveldb.hooks.leveldb.LevelDBHook' from 'apache-airflow-providers-google' package: No module named 'plyvel'
[2021-10-28 01:32:49,667] {logging_mixin.py:109} INFO - [2021-10-28 01:32:49,667] {providers_manager.py:156} WARNING - Exception when importing 'airflow.providers.google.leveldb.hooks.leveldb.LevelDBHook' from 'apache-airflow-providers-google' package: No module named 'plyvel'
[2021-10-28 01:32:49,756] {logging_mixin.py:109} INFO - [2021-10-28 01:32:49,756] {manager.py:496} INFO - Created Permission View: can read on DAG:example_weekday_branch_operator
[2021-10-28 01:32:49,784] {logging_mixin.py:109} INFO - [2021-10-28 01:32:49,784] {manager.py:496} INFO - Created Permission View: can edit on DAG:example_weekday_branch_operator
[2021-10-28 01:32:49,786] {logging_mixin.py:109} INFO - [2021-10-28 01:32:49,785] {dag.py:2389} INFO - Sync 1 DAGs
[2021-10-28 01:32:49,825] {logging_mixin.py:109} INFO - [2021-10-28 01:32:49,824] {dag.py:2408} INFO - Creating ORM DAG for example_weekday_branch_operator
[2021-10-28 01:32:49,844] {logging_mixin.py:109} INFO - [2021-10-28 01:32:49,843] {dag.py:2914} INFO - Setting next_dagrun for example_weekday_branch_operator to 2021-10-27 00:00:00+00:00
[2021-10-28 01:32:49,873] {processor.py:171} INFO - Processing /home/airflow/.local/lib/python3.6/site-packages/airflow/example_dags/example_branch_day_of_week_operator.py took 5.751 seconds
[2021-10-28 01:33:34,248] {processor.py:163} INFO - Started process (PID=353) to work on /home/airflow/.local/lib/python3.6/site-packages/airflow/example_dags/example_branch_day_of_week_operator.py
[2021-10-28 01:33:34,284] {processor.py:620} INFO - Processing file /home/airflow/.local/lib/python3.6/site-packages/airflow/example_dags/example_branch_day_of_week_operator.py for tasks to queue
[2021-10-28 01:33:34,285] {logging_mixin.py:109} INFO - [2021-10-28 01:33:34,285] {dagbag.py:500} INFO - Filling up the DagBag from /home/airflow/.local/lib/python3.6/site-packages/airflow/example_dags/example_branch_day_of_week_operator.py
[2021-10-28 01:33:34,383] {processor.py:632} INFO - DAG(s) dict_keys(['example_weekday_branch_operator']) retrieved from /home/airflow/.local/lib/python3.6/site-packages/airflow/example_dags/example_branch_day_of_week_operator.py
[2021-10-28 01:33:34,423] {logging_mixin.py:109} INFO - [2021-10-28 01:33:34,423] {dag.py:2389} INFO - Sync 1 DAGs
[2021-10-28 01:33:34,467] {logging_mixin.py:109} INFO - [2021-10-28 01:33:34,467] {dag.py:2914} INFO - Setting next_dagrun for example_weekday_branch_operator to 2021-10-27 00:00:00+00:00
[2021-10-28 01:33:34,499] {processor.py:171} INFO - Processing /home/airflow/.local/lib/python3.6/site-packages/airflow/example_dags/example_branch_day_of_week_operator.py took 0.254 seconds
[2021-10-28 01:34:04,915] {processor.py:163} INFO - Started process (PID=415) to work on /home/airflow/.local/lib/python3.6/site-packages/airflow/example_dags/example_branch_day_of_week_operator.py
[2021-10-28 01:34:04,934] {processor.py:620} INFO - Processing file /home/airflow/.local/lib/python3.6/site-packages/airflow/example_dags/example_branch_day_of_week_operator.py for tasks to queue
[2021-10-28 01:34:04,937] {logging_mixin.py:109} INFO - [2021-10-28 01:34:04,937] {dagbag.py:500} INFO - Filling up the DagBag from /home/airflow/.local/lib/python3.6/site-packages/airflow/example_dags/example_branch_day_of_week_operator.py
[2021-10-28 01:34:05,010] {processor.py:632} INFO - DAG(s) dict_keys(['example_weekday_branch_operator']) retrieved from /home/airflow/.local/lib/python3.6/site-packages/airflow/example_dags/example_branch_day_of_week_operator.py
[2021-10-28 01:34:05,044] {logging_mixin.py:109} INFO - [2021-10-28 01:34:05,044] {dag.py:2389} INFO - Sync 1 DAGs
[2021-10-28 01:34:05,069] {logging_mixin.py:109} INFO - [2021-10-28 01:34:05,069] {dag.py:2914} INFO - Setting next_dagrun for example_weekday_branch_operator to 2021-10-27 00:00:00+00:00
[2021-10-28 01:34:05,094] {processor.py:171} INFO - Processing /home/airflow/.local/lib/python3.6/site-packages/airflow/example_dags/example_branch_day_of_week_operator.py took 0.182 seconds
[2021-10-28 01:34:35,263] {processor.py:163} INFO - Started process (PID=468) to work on /home/airflow/.local/lib/python3.6/site-packages/airflow/example_dags/example_branch_day_of_week_operator.py
[2021-10-28 01:34:35,287] {processor.py:620} INFO - Processing file /home/airflow/.local/lib/python3.6/site-packages/airflow/example_dags/example_branch_day_of_week_operator.py for tasks to queue
[2021-10-28 01:34:35,311] {logging_mixin.py:109} INFO - [2021-10-28 01:34:35,311] {dagbag.py:500} INFO - Filling up the DagBag from /home/airflow/.local/lib/python3.6/site-packages/airflow/example_dags/example_branch_day_of_week_operator.py
[2021-10-28 01:34:35,413] {processor.py:632} INFO - DAG(s) dict_keys(['example_weekday_branch_operator']) retrieved from /home/airflow/.local/lib/python3.6/site-packages/airflow/example_dags/example_branch_day_of_week_operator.py
[2021-10-28 01:34:35,439] {logging_mixin.py:109} INFO - [2021-10-28 01:34:35,439] {dag.py:2389} INFO - Sync 1 DAGs
[2021-10-28 01:34:35,456] {logging_mixin.py:109} INFO - [2021-10-28 01:34:35,456] {dag.py:2914} INFO - Setting next_dagrun for example_weekday_branch_operator to 2021-10-27 00:00:00+00:00
[2021-10-28 01:34:35,479] {processor.py:171} INFO - Processing /home/airflow/.local/lib/python3.6/site-packages/airflow/example_dags/example_branch_day_of_week_operator.py took 0.220 seconds
[2021-10-28 01:35:05,754] {processor.py:163} INFO - Started process (PID=521) to work on /home/airflow/.local/lib/python3.6/site-packages/airflow/example_dags/example_branch_day_of_week_operator.py
[2021-10-28 01:35:05,762] {processor.py:620} INFO - Processing file /home/airflow/.local/lib/python3.6/site-packages/airflow/example_dags/example_branch_day_of_week_operator.py for tasks to queue
[2021-10-28 01:35:05,763] {logging_mixin.py:109} INFO - [2021-10-28 01:35:05,763] {dagbag.py:500} INFO - Filling up the DagBag from /home/airflow/.local/lib/python3.6/site-packages/airflow/example_dags/example_branch_day_of_week_operator.py
[2021-10-28 01:35:05,816] {processor.py:632} INFO - DAG(s) dict_keys(['example_weekday_branch_operator']) retrieved from /home/airflow/.local/lib/python3.6/site-packages/airflow/example_dags/example_branch_day_of_week_operator.py
[2021-10-28 01:35:05,835] {logging_mixin.py:109} INFO - [2021-10-28 01:35:05,835] {dag.py:2389} INFO - Sync 1 DAGs
[2021-10-28 01:35:05,859] {logging_mixin.py:109} INFO - [2021-10-28 01:35:05,859] {dag.py:2914} INFO - Setting next_dagrun for example_weekday_branch_operator to 2021-10-27 00:00:00+00:00
[2021-10-28 01:35:05,878] {processor.py:171} INFO - Processing /home/airflow/.local/lib/python3.6/site-packages/airflow/example_dags/example_branch_day_of_week_operator.py took 0.127 seconds
[2021-10-28 01:35:37,114] {processor.py:163} INFO - Started process (PID=574) to work on /home/airflow/.local/lib/python3.6/site-packages/airflow/example_dags/example_branch_day_of_week_operator.py
[2021-10-28 01:35:37,142] {processor.py:620} INFO - Processing file /home/airflow/.local/lib/python3.6/site-packages/airflow/example_dags/example_branch_day_of_week_operator.py for tasks to queue
[2021-10-28 01:35:37,147] {logging_mixin.py:109} INFO - [2021-10-28 01:35:37,147] {dagbag.py:500} INFO - Filling up the DagBag from /home/airflow/.local/lib/python3.6/site-packages/airflow/example_dags/example_branch_day_of_week_operator.py
[2021-10-28 01:35:37,264] {processor.py:632} INFO - DAG(s) dict_keys(['example_weekday_branch_operator']) retrieved from /home/airflow/.local/lib/python3.6/site-packages/airflow/example_dags/example_branch_day_of_week_operator.py
[2021-10-28 01:35:37,303] {logging_mixin.py:109} INFO - [2021-10-28 01:35:37,303] {dag.py:2389} INFO - Sync 1 DAGs
[2021-10-28 01:35:37,345] {logging_mixin.py:109} INFO - [2021-10-28 01:35:37,345] {dag.py:2914} INFO - Setting next_dagrun for example_weekday_branch_operator to 2021-10-27 00:00:00+00:00
[2021-10-28 01:35:37,383] {processor.py:171} INFO - Processing /home/airflow/.local/lib/python3.6/site-packages/airflow/example_dags/example_branch_day_of_week_operator.py took 0.272 seconds
[2021-10-28 01:36:09,422] {processor.py:163} INFO - Started process (PID=634) to work on /home/airflow/.local/lib/python3.6/site-packages/airflow/example_dags/example_branch_day_of_week_operator.py
[2021-10-28 01:36:09,425] {processor.py:620} INFO - Processing file /home/airflow/.local/lib/python3.6/site-packages/airflow/example_dags/example_branch_day_of_week_operator.py for tasks to queue
[2021-10-28 01:36:09,429] {logging_mixin.py:109} INFO - [2021-10-28 01:36:09,429] {dagbag.py:500} INFO - Filling up the DagBag from /home/airflow/.local/lib/python3.6/site-packages/airflow/example_dags/example_branch_day_of_week_operator.py
[2021-10-28 01:36:09,798] {processor.py:632} INFO - DAG(s) dict_keys(['example_weekday_branch_operator']) retrieved from /home/airflow/.local/lib/python3.6/site-packages/airflow/example_dags/example_branch_day_of_week_operator.py
[2021-10-28 01:36:09,894] {logging_mixin.py:109} INFO - [2021-10-28 01:36:09,894] {dag.py:2389} INFO - Sync 1 DAGs
[2021-10-28 01:36:09,933] {logging_mixin.py:109} INFO - [2021-10-28 01:36:09,933] {dag.py:2914} INFO - Setting next_dagrun for example_weekday_branch_operator to 2021-10-27 00:00:00+00:00
[2021-10-28 01:36:10,046] {processor.py:171} INFO - Processing /home/airflow/.local/lib/python3.6/site-packages/airflow/example_dags/example_branch_day_of_week_operator.py took 0.682 seconds
[2021-10-28 01:36:40,794] {processor.py:163} INFO - Started process (PID=689) to work on /home/airflow/.local/lib/python3.6/site-packages/airflow/example_dags/example_branch_day_of_week_operator.py
[2021-10-28 01:36:40,807] {processor.py:620} INFO - Processing file /home/airflow/.local/lib/python3.6/site-packages/airflow/example_dags/example_branch_day_of_week_operator.py for tasks to queue
[2021-10-28 01:36:40,824] {logging_mixin.py:109} INFO - [2021-10-28 01:36:40,824] {dagbag.py:500} INFO - Filling up the DagBag from /home/airflow/.local/lib/python3.6/site-packages/airflow/example_dags/example_branch_day_of_week_operator.py
[2021-10-28 01:36:40,890] {processor.py:632} INFO - DAG(s) dict_keys(['example_weekday_branch_operator']) retrieved from /home/airflow/.local/lib/python3.6/site-packages/airflow/example_dags/example_branch_day_of_week_operator.py
[2021-10-28 01:36:40,933] {logging_mixin.py:109} INFO - [2021-10-28 01:36:40,933] {dag.py:2389} INFO - Sync 1 DAGs
[2021-10-28 01:36:40,965] {logging_mixin.py:109} INFO - [2021-10-28 01:36:40,965] {dag.py:2914} INFO - Setting next_dagrun for example_weekday_branch_operator to 2021-10-27 00:00:00+00:00
[2021-10-28 01:36:41,007] {processor.py:171} INFO - Processing /home/airflow/.local/lib/python3.6/site-packages/airflow/example_dags/example_branch_day_of_week_operator.py took 0.216 seconds
[2021-10-28 01:37:12,699] {processor.py:163} INFO - Started process (PID=740) to work on /home/airflow/.local/lib/python3.6/site-packages/airflow/example_dags/example_branch_day_of_week_operator.py
[2021-10-28 01:37:12,752] {processor.py:620} INFO - Processing file /home/airflow/.local/lib/python3.6/site-packages/airflow/example_dags/example_branch_day_of_week_operator.py for tasks to queue
[2021-10-28 01:37:12,752] {logging_mixin.py:109} INFO - [2021-10-28 01:37:12,752] {dagbag.py:500} INFO - Filling up the DagBag from /home/airflow/.local/lib/python3.6/site-packages/airflow/example_dags/example_branch_day_of_week_operator.py
[2021-10-28 01:37:12,920] {processor.py:632} INFO - DAG(s) dict_keys(['example_weekday_branch_operator']) retrieved from /home/airflow/.local/lib/python3.6/site-packages/airflow/example_dags/example_branch_day_of_week_operator.py
[2021-10-28 01:37:12,982] {logging_mixin.py:109} INFO - [2021-10-28 01:37:12,982] {dag.py:2389} INFO - Sync 1 DAGs
[2021-10-28 01:37:13,054] {logging_mixin.py:109} INFO - [2021-10-28 01:37:13,054] {dag.py:2914} INFO - Setting next_dagrun for example_weekday_branch_operator to 2021-10-27 00:00:00+00:00
[2021-10-28 01:37:13,112] {processor.py:171} INFO - Processing /home/airflow/.local/lib/python3.6/site-packages/airflow/example_dags/example_branch_day_of_week_operator.py took 0.416 seconds
[2021-10-28 01:37:43,294] {processor.py:163} INFO - Started process (PID=793) to work on /home/airflow/.local/lib/python3.6/site-packages/airflow/example_dags/example_branch_day_of_week_operator.py
[2021-10-28 01:37:43,300] {processor.py:620} INFO - Processing file /home/airflow/.local/lib/python3.6/site-packages/airflow/example_dags/example_branch_day_of_week_operator.py for tasks to queue
[2021-10-28 01:37:43,300] {logging_mixin.py:109} INFO - [2021-10-28 01:37:43,300] {dagbag.py:500} INFO - Filling up the DagBag from /home/airflow/.local/lib/python3.6/site-packages/airflow/example_dags/example_branch_day_of_week_operator.py
[2021-10-28 01:37:43,356] {processor.py:632} INFO - DAG(s) dict_keys(['example_weekday_branch_operator']) retrieved from /home/airflow/.local/lib/python3.6/site-packages/airflow/example_dags/example_branch_day_of_week_operator.py
[2021-10-28 01:37:43,394] {logging_mixin.py:109} INFO - [2021-10-28 01:37:43,394] {dag.py:2389} INFO - Sync 1 DAGs
[2021-10-28 01:37:43,405] {logging_mixin.py:109} INFO - [2021-10-28 01:37:43,405] {dag.py:2914} INFO - Setting next_dagrun for example_weekday_branch_operator to 2021-10-27 00:00:00+00:00
[2021-10-28 01:37:43,421] {processor.py:171} INFO - Processing /home/airflow/.local/lib/python3.6/site-packages/airflow/example_dags/example_branch_day_of_week_operator.py took 0.138 seconds
[2021-10-28 01:38:14,276] {processor.py:163} INFO - Started process (PID=845) to work on /home/airflow/.local/lib/python3.6/site-packages/airflow/example_dags/example_branch_day_of_week_operator.py
[2021-10-28 01:38:14,301] {processor.py:620} INFO - Processing file /home/airflow/.local/lib/python3.6/site-packages/airflow/example_dags/example_branch_day_of_week_operator.py for tasks to queue
[2021-10-28 01:38:14,305] {logging_mixin.py:109} INFO - [2021-10-28 01:38:14,305] {dagbag.py:500} INFO - Filling up the DagBag from /home/airflow/.local/lib/python3.6/site-packages/airflow/example_dags/example_branch_day_of_week_operator.py
[2021-10-28 01:38:14,406] {processor.py:632} INFO - DAG(s) dict_keys(['example_weekday_branch_operator']) retrieved from /home/airflow/.local/lib/python3.6/site-packages/airflow/example_dags/example_branch_day_of_week_operator.py
[2021-10-28 01:38:14,444] {logging_mixin.py:109} INFO - [2021-10-28 01:38:14,444] {dag.py:2389} INFO - Sync 1 DAGs
[2021-10-28 01:38:14,498] {logging_mixin.py:109} INFO - [2021-10-28 01:38:14,498] {dag.py:2914} INFO - Setting next_dagrun for example_weekday_branch_operator to 2021-10-27 00:00:00+00:00
[2021-10-28 01:38:14,536] {processor.py:171} INFO - Processing /home/airflow/.local/lib/python3.6/site-packages/airflow/example_dags/example_branch_day_of_week_operator.py took 0.263 seconds
[2021-10-28 01:38:46,781] {processor.py:163} INFO - Started process (PID=898) to work on /home/airflow/.local/lib/python3.6/site-packages/airflow/example_dags/example_branch_day_of_week_operator.py
[2021-10-28 01:38:46,819] {processor.py:620} INFO - Processing file /home/airflow/.local/lib/python3.6/site-packages/airflow/example_dags/example_branch_day_of_week_operator.py for tasks to queue
[2021-10-28 01:38:46,821] {logging_mixin.py:109} INFO - [2021-10-28 01:38:46,821] {dagbag.py:500} INFO - Filling up the DagBag from /home/airflow/.local/lib/python3.6/site-packages/airflow/example_dags/example_branch_day_of_week_operator.py
[2021-10-28 01:38:47,086] {processor.py:632} INFO - DAG(s) dict_keys(['example_weekday_branch_operator']) retrieved from /home/airflow/.local/lib/python3.6/site-packages/airflow/example_dags/example_branch_day_of_week_operator.py
[2021-10-28 01:38:47,171] {logging_mixin.py:109} INFO - [2021-10-28 01:38:47,171] {dag.py:2389} INFO - Sync 1 DAGs
[2021-10-28 01:38:47,206] {logging_mixin.py:109} INFO - [2021-10-28 01:38:47,206] {dag.py:2914} INFO - Setting next_dagrun for example_weekday_branch_operator to 2021-10-27 00:00:00+00:00
[2021-10-28 01:38:47,248] {processor.py:171} INFO - Processing /home/airflow/.local/lib/python3.6/site-packages/airflow/example_dags/example_branch_day_of_week_operator.py took 0.470 seconds
[2021-10-28 01:39:17,614] {processor.py:163} INFO - Started process (PID=941) to work on /home/airflow/.local/lib/python3.6/site-packages/airflow/example_dags/example_branch_day_of_week_operator.py
[2021-10-28 01:39:17,641] {processor.py:620} INFO - Processing file /home/airflow/.local/lib/python3.6/site-packages/airflow/example_dags/example_branch_day_of_week_operator.py for tasks to queue
[2021-10-28 01:39:17,650] {logging_mixin.py:109} INFO - [2021-10-28 01:39:17,650] {dagbag.py:500} INFO - Filling up the DagBag from /home/airflow/.local/lib/python3.6/site-packages/airflow/example_dags/example_branch_day_of_week_operator.py
[2021-10-28 01:39:17,846] {processor.py:632} INFO - DAG(s) dict_keys(['example_weekday_branch_operator']) retrieved from /home/airflow/.local/lib/python3.6/site-packages/airflow/example_dags/example_branch_day_of_week_operator.py
[2021-10-28 01:39:17,910] {logging_mixin.py:109} INFO - [2021-10-28 01:39:17,910] {dag.py:2389} INFO - Sync 1 DAGs
[2021-10-28 01:39:17,946] {logging_mixin.py:109} INFO - [2021-10-28 01:39:17,946] {dag.py:2914} INFO - Setting next_dagrun for example_weekday_branch_operator to 2021-10-27 00:00:00+00:00
[2021-10-28 01:39:18,013] {processor.py:171} INFO - Processing /home/airflow/.local/lib/python3.6/site-packages/airflow/example_dags/example_branch_day_of_week_operator.py took 0.402 seconds
[2021-10-28 01:39:48,164] {processor.py:163} INFO - Started process (PID=994) to work on /home/airflow/.local/lib/python3.6/site-packages/airflow/example_dags/example_branch_day_of_week_operator.py
[2021-10-28 01:39:48,177] {processor.py:620} INFO - Processing file /home/airflow/.local/lib/python3.6/site-packages/airflow/example_dags/example_branch_day_of_week_operator.py for tasks to queue
[2021-10-28 01:39:48,178] {logging_mixin.py:109} INFO - [2021-10-28 01:39:48,177] {dagbag.py:500} INFO - Filling up the DagBag from /home/airflow/.local/lib/python3.6/site-packages/airflow/example_dags/example_branch_day_of_week_operator.py
[2021-10-28 01:39:48,265] {processor.py:632} INFO - DAG(s) dict_keys(['example_weekday_branch_operator']) retrieved from /home/airflow/.local/lib/python3.6/site-packages/airflow/example_dags/example_branch_day_of_week_operator.py
[2021-10-28 01:39:48,280] {logging_mixin.py:109} INFO - [2021-10-28 01:39:48,280] {dag.py:2389} INFO - Sync 1 DAGs
[2021-10-28 01:39:48,294] {logging_mixin.py:109} INFO - [2021-10-28 01:39:48,294] {dag.py:2914} INFO - Setting next_dagrun for example_weekday_branch_operator to 2021-10-27 00:00:00+00:00
[2021-10-28 01:39:48,308] {processor.py:171} INFO - Processing /home/airflow/.local/lib/python3.6/site-packages/airflow/example_dags/example_branch_day_of_week_operator.py took 0.146 seconds
[2021-10-28 01:40:18,975] {processor.py:163} INFO - Started process (PID=1047) to work on /home/airflow/.local/lib/python3.6/site-packages/airflow/example_dags/example_branch_day_of_week_operator.py
[2021-10-28 01:40:18,986] {processor.py:620} INFO - Processing file /home/airflow/.local/lib/python3.6/site-packages/airflow/example_dags/example_branch_day_of_week_operator.py for tasks to queue
[2021-10-28 01:40:18,989] {logging_mixin.py:109} INFO - [2021-10-28 01:40:18,989] {dagbag.py:500} INFO - Filling up the DagBag from /home/airflow/.local/lib/python3.6/site-packages/airflow/example_dags/example_branch_day_of_week_operator.py
[2021-10-28 01:40:19,081] {processor.py:632} INFO - DAG(s) dict_keys(['example_weekday_branch_operator']) retrieved from /home/airflow/.local/lib/python3.6/site-packages/airflow/example_dags/example_branch_day_of_week_operator.py
[2021-10-28 01:40:19,129] {logging_mixin.py:109} INFO - [2021-10-28 01:40:19,129] {dag.py:2389} INFO - Sync 1 DAGs
[2021-10-28 01:40:19,153] {logging_mixin.py:109} INFO - [2021-10-28 01:40:19,153] {dag.py:2914} INFO - Setting next_dagrun for example_weekday_branch_operator to 2021-10-27 00:00:00+00:00
[2021-10-28 01:40:19,175] {processor.py:171} INFO - Processing /home/airflow/.local/lib/python3.6/site-packages/airflow/example_dags/example_branch_day_of_week_operator.py took 0.202 seconds
[2021-10-28 01:40:50,261] {processor.py:163} INFO - Started process (PID=1100) to work on /home/airflow/.local/lib/python3.6/site-packages/airflow/example_dags/example_branch_day_of_week_operator.py
[2021-10-28 01:40:50,281] {processor.py:620} INFO - Processing file /home/airflow/.local/lib/python3.6/site-packages/airflow/example_dags/example_branch_day_of_week_operator.py for tasks to queue
[2021-10-28 01:40:50,288] {logging_mixin.py:109} INFO - [2021-10-28 01:40:50,288] {dagbag.py:500} INFO - Filling up the DagBag from /home/airflow/.local/lib/python3.6/site-packages/airflow/example_dags/example_branch_day_of_week_operator.py
[2021-10-28 01:40:50,390] {processor.py:632} INFO - DAG(s) dict_keys(['example_weekday_branch_operator']) retrieved from /home/airflow/.local/lib/python3.6/site-packages/airflow/example_dags/example_branch_day_of_week_operator.py
[2021-10-28 01:40:50,427] {logging_mixin.py:109} INFO - [2021-10-28 01:40:50,427] {dag.py:2389} INFO - Sync 1 DAGs
[2021-10-28 01:40:50,511] {logging_mixin.py:109} INFO - [2021-10-28 01:40:50,511] {dag.py:2914} INFO - Setting next_dagrun for example_weekday_branch_operator to 2021-10-27 00:00:00+00:00
[2021-10-28 01:40:50,602] {processor.py:171} INFO - Processing /home/airflow/.local/lib/python3.6/site-packages/airflow/example_dags/example_branch_day_of_week_operator.py took 0.345 seconds
[2021-10-28 01:41:22,014] {processor.py:163} INFO - Started process (PID=1152) to work on /home/airflow/.local/lib/python3.6/site-packages/airflow/example_dags/example_branch_day_of_week_operator.py
[2021-10-28 01:41:22,026] {processor.py:620} INFO - Processing file /home/airflow/.local/lib/python3.6/site-packages/airflow/example_dags/example_branch_day_of_week_operator.py for tasks to queue
[2021-10-28 01:41:22,027] {logging_mixin.py:109} INFO - [2021-10-28 01:41:22,027] {dagbag.py:500} INFO - Filling up the DagBag from /home/airflow/.local/lib/python3.6/site-packages/airflow/example_dags/example_branch_day_of_week_operator.py
[2021-10-28 01:41:22,123] {processor.py:632} INFO - DAG(s) dict_keys(['example_weekday_branch_operator']) retrieved from /home/airflow/.local/lib/python3.6/site-packages/airflow/example_dags/example_branch_day_of_week_operator.py
[2021-10-28 01:41:22,172] {logging_mixin.py:109} INFO - [2021-10-28 01:41:22,172] {dag.py:2389} INFO - Sync 1 DAGs
[2021-10-28 01:41:22,246] {logging_mixin.py:109} INFO - [2021-10-28 01:41:22,246] {dag.py:2914} INFO - Setting next_dagrun for example_weekday_branch_operator to 2021-10-27 00:00:00+00:00
[2021-10-28 01:41:22,296] {processor.py:171} INFO - Processing /home/airflow/.local/lib/python3.6/site-packages/airflow/example_dags/example_branch_day_of_week_operator.py took 0.335 seconds
[2021-10-28 01:41:53,017] {processor.py:163} INFO - Started process (PID=1195) to work on /home/airflow/.local/lib/python3.6/site-packages/airflow/example_dags/example_branch_day_of_week_operator.py
[2021-10-28 01:41:53,046] {processor.py:620} INFO - Processing file /home/airflow/.local/lib/python3.6/site-packages/airflow/example_dags/example_branch_day_of_week_operator.py for tasks to queue
[2021-10-28 01:41:53,047] {logging_mixin.py:109} INFO - [2021-10-28 01:41:53,047] {dagbag.py:500} INFO - Filling up the DagBag from /home/airflow/.local/lib/python3.6/site-packages/airflow/example_dags/example_branch_day_of_week_operator.py
[2021-10-28 01:41:53,149] {processor.py:632} INFO - DAG(s) dict_keys(['example_weekday_branch_operator']) retrieved from /home/airflow/.local/lib/python3.6/site-packages/airflow/example_dags/example_branch_day_of_week_operator.py
[2021-10-28 01:41:53,212] {logging_mixin.py:109} INFO - [2021-10-28 01:41:53,212] {dag.py:2389} INFO - Sync 1 DAGs
[2021-10-28 01:41:53,249] {logging_mixin.py:109} INFO - [2021-10-28 01:41:53,249] {dag.py:2914} INFO - Setting next_dagrun for example_weekday_branch_operator to 2021-10-27 00:00:00+00:00
[2021-10-28 01:41:53,297] {processor.py:171} INFO - Processing /home/airflow/.local/lib/python3.6/site-packages/airflow/example_dags/example_branch_day_of_week_operator.py took 0.283 seconds
[2021-10-28 01:42:23,458] {processor.py:163} INFO - Started process (PID=1247) to work on /home/airflow/.local/lib/python3.6/site-packages/airflow/example_dags/example_branch_day_of_week_operator.py
[2021-10-28 01:42:23,460] {processor.py:620} INFO - Processing file /home/airflow/.local/lib/python3.6/site-packages/airflow/example_dags/example_branch_day_of_week_operator.py for tasks to queue
[2021-10-28 01:42:23,461] {logging_mixin.py:109} INFO - [2021-10-28 01:42:23,461] {dagbag.py:500} INFO - Filling up the DagBag from /home/airflow/.local/lib/python3.6/site-packages/airflow/example_dags/example_branch_day_of_week_operator.py
[2021-10-28 01:42:23,489] {processor.py:632} INFO - DAG(s) dict_keys(['example_weekday_branch_operator']) retrieved from /home/airflow/.local/lib/python3.6/site-packages/airflow/example_dags/example_branch_day_of_week_operator.py
[2021-10-28 01:42:23,500] {logging_mixin.py:109} INFO - [2021-10-28 01:42:23,500] {dag.py:2389} INFO - Sync 1 DAGs
[2021-10-28 01:42:23,513] {logging_mixin.py:109} INFO - [2021-10-28 01:42:23,513] {dag.py:2914} INFO - Setting next_dagrun for example_weekday_branch_operator to 2021-10-27 00:00:00+00:00
[2021-10-28 01:42:23,529] {processor.py:171} INFO - Processing /home/airflow/.local/lib/python3.6/site-packages/airflow/example_dags/example_branch_day_of_week_operator.py took 0.075 seconds
