[2021-10-28 01:32:03,030] {processor.py:163} INFO - Started process (PID=235) to work on /home/airflow/.local/lib/python3.6/site-packages/airflow/example_dags/example_time_delta_sensor_async.py
[2021-10-28 01:32:03,050] {processor.py:620} INFO - Processing file /home/airflow/.local/lib/python3.6/site-packages/airflow/example_dags/example_time_delta_sensor_async.py for tasks to queue
[2021-10-28 01:32:03,051] {logging_mixin.py:109} INFO - [2021-10-28 01:32:03,051] {dagbag.py:500} INFO - Filling up the DagBag from /home/airflow/.local/lib/python3.6/site-packages/airflow/example_dags/example_time_delta_sensor_async.py
[2021-10-28 01:32:03,201] {processor.py:632} INFO - DAG(s) dict_keys(['example_time_delta_sensor_async']) retrieved from /home/airflow/.local/lib/python3.6/site-packages/airflow/example_dags/example_time_delta_sensor_async.py
[2021-10-28 01:32:10,706] {logging_mixin.py:109} INFO - [2021-10-28 01:32:10,706] {providers_manager.py:156} WARNING - Exception when importing 'airflow.providers.google.leveldb.hooks.leveldb.LevelDBHook' from 'apache-airflow-providers-google' package: No module named 'plyvel'
[2021-10-28 01:32:11,577] {logging_mixin.py:109} INFO - [2021-10-28 01:32:11,577] {providers_manager.py:156} WARNING - Exception when importing 'airflow.providers.google.leveldb.hooks.leveldb.LevelDBHook' from 'apache-airflow-providers-google' package: No module named 'plyvel'
[2021-10-28 01:32:11,680] {logging_mixin.py:109} INFO - [2021-10-28 01:32:11,680] {manager.py:496} INFO - Created Permission View: can read on DAG:example_time_delta_sensor_async
[2021-10-28 01:32:11,695] {logging_mixin.py:109} INFO - [2021-10-28 01:32:11,695] {manager.py:496} INFO - Created Permission View: can edit on DAG:example_time_delta_sensor_async
[2021-10-28 01:32:11,697] {logging_mixin.py:109} INFO - [2021-10-28 01:32:11,696] {dag.py:2389} INFO - Sync 1 DAGs
[2021-10-28 01:32:11,725] {logging_mixin.py:109} INFO - [2021-10-28 01:32:11,724] {dag.py:2408} INFO - Creating ORM DAG for example_time_delta_sensor_async
[2021-10-28 01:32:11,742] {logging_mixin.py:109} INFO - [2021-10-28 01:32:11,742] {dag.py:2914} INFO - Setting next_dagrun for example_time_delta_sensor_async to None
[2021-10-28 01:32:11,761] {processor.py:171} INFO - Processing /home/airflow/.local/lib/python3.6/site-packages/airflow/example_dags/example_time_delta_sensor_async.py took 8.749 seconds
[2021-10-28 01:33:29,188] {processor.py:163} INFO - Started process (PID=340) to work on /home/airflow/.local/lib/python3.6/site-packages/airflow/example_dags/example_time_delta_sensor_async.py
[2021-10-28 01:33:29,203] {processor.py:620} INFO - Processing file /home/airflow/.local/lib/python3.6/site-packages/airflow/example_dags/example_time_delta_sensor_async.py for tasks to queue
[2021-10-28 01:33:29,205] {logging_mixin.py:109} INFO - [2021-10-28 01:33:29,205] {dagbag.py:500} INFO - Filling up the DagBag from /home/airflow/.local/lib/python3.6/site-packages/airflow/example_dags/example_time_delta_sensor_async.py
[2021-10-28 01:33:29,432] {processor.py:632} INFO - DAG(s) dict_keys(['example_time_delta_sensor_async']) retrieved from /home/airflow/.local/lib/python3.6/site-packages/airflow/example_dags/example_time_delta_sensor_async.py
[2021-10-28 01:33:29,663] {logging_mixin.py:109} INFO - [2021-10-28 01:33:29,663] {dag.py:2389} INFO - Sync 1 DAGs
[2021-10-28 01:33:29,722] {logging_mixin.py:109} INFO - [2021-10-28 01:33:29,722] {dag.py:2914} INFO - Setting next_dagrun for example_time_delta_sensor_async to None
[2021-10-28 01:33:29,739] {processor.py:171} INFO - Processing /home/airflow/.local/lib/python3.6/site-packages/airflow/example_dags/example_time_delta_sensor_async.py took 0.555 seconds
[2021-10-28 01:34:00,329] {processor.py:163} INFO - Started process (PID=392) to work on /home/airflow/.local/lib/python3.6/site-packages/airflow/example_dags/example_time_delta_sensor_async.py
[2021-10-28 01:34:00,348] {processor.py:620} INFO - Processing file /home/airflow/.local/lib/python3.6/site-packages/airflow/example_dags/example_time_delta_sensor_async.py for tasks to queue
[2021-10-28 01:34:00,358] {logging_mixin.py:109} INFO - [2021-10-28 01:34:00,358] {dagbag.py:500} INFO - Filling up the DagBag from /home/airflow/.local/lib/python3.6/site-packages/airflow/example_dags/example_time_delta_sensor_async.py
[2021-10-28 01:34:00,495] {processor.py:632} INFO - DAG(s) dict_keys(['example_time_delta_sensor_async']) retrieved from /home/airflow/.local/lib/python3.6/site-packages/airflow/example_dags/example_time_delta_sensor_async.py
[2021-10-28 01:34:00,637] {logging_mixin.py:109} INFO - [2021-10-28 01:34:00,637] {dag.py:2389} INFO - Sync 1 DAGs
[2021-10-28 01:34:00,770] {logging_mixin.py:109} INFO - [2021-10-28 01:34:00,770] {dag.py:2914} INFO - Setting next_dagrun for example_time_delta_sensor_async to None
[2021-10-28 01:34:00,866] {processor.py:171} INFO - Processing /home/airflow/.local/lib/python3.6/site-packages/airflow/example_dags/example_time_delta_sensor_async.py took 0.541 seconds
[2021-10-28 01:34:31,479] {processor.py:163} INFO - Started process (PID=456) to work on /home/airflow/.local/lib/python3.6/site-packages/airflow/example_dags/example_time_delta_sensor_async.py
[2021-10-28 01:34:31,485] {processor.py:620} INFO - Processing file /home/airflow/.local/lib/python3.6/site-packages/airflow/example_dags/example_time_delta_sensor_async.py for tasks to queue
[2021-10-28 01:34:31,487] {logging_mixin.py:109} INFO - [2021-10-28 01:34:31,487] {dagbag.py:500} INFO - Filling up the DagBag from /home/airflow/.local/lib/python3.6/site-packages/airflow/example_dags/example_time_delta_sensor_async.py
[2021-10-28 01:34:31,599] {processor.py:632} INFO - DAG(s) dict_keys(['example_time_delta_sensor_async']) retrieved from /home/airflow/.local/lib/python3.6/site-packages/airflow/example_dags/example_time_delta_sensor_async.py
[2021-10-28 01:34:31,643] {logging_mixin.py:109} INFO - [2021-10-28 01:34:31,643] {dag.py:2389} INFO - Sync 1 DAGs
[2021-10-28 01:34:31,680] {logging_mixin.py:109} INFO - [2021-10-28 01:34:31,680] {dag.py:2914} INFO - Setting next_dagrun for example_time_delta_sensor_async to None
[2021-10-28 01:34:31,696] {processor.py:171} INFO - Processing /home/airflow/.local/lib/python3.6/site-packages/airflow/example_dags/example_time_delta_sensor_async.py took 0.219 seconds
[2021-10-28 01:35:01,981] {processor.py:163} INFO - Started process (PID=509) to work on /home/airflow/.local/lib/python3.6/site-packages/airflow/example_dags/example_time_delta_sensor_async.py
[2021-10-28 01:35:02,002] {processor.py:620} INFO - Processing file /home/airflow/.local/lib/python3.6/site-packages/airflow/example_dags/example_time_delta_sensor_async.py for tasks to queue
[2021-10-28 01:35:02,022] {logging_mixin.py:109} INFO - [2021-10-28 01:35:02,022] {dagbag.py:500} INFO - Filling up the DagBag from /home/airflow/.local/lib/python3.6/site-packages/airflow/example_dags/example_time_delta_sensor_async.py
[2021-10-28 01:35:02,202] {processor.py:632} INFO - DAG(s) dict_keys(['example_time_delta_sensor_async']) retrieved from /home/airflow/.local/lib/python3.6/site-packages/airflow/example_dags/example_time_delta_sensor_async.py
[2021-10-28 01:35:02,259] {logging_mixin.py:109} INFO - [2021-10-28 01:35:02,259] {dag.py:2389} INFO - Sync 1 DAGs
[2021-10-28 01:35:02,321] {logging_mixin.py:109} INFO - [2021-10-28 01:35:02,320] {dag.py:2914} INFO - Setting next_dagrun for example_time_delta_sensor_async to None
[2021-10-28 01:35:02,359] {processor.py:171} INFO - Processing /home/airflow/.local/lib/python3.6/site-packages/airflow/example_dags/example_time_delta_sensor_async.py took 0.381 seconds
[2021-10-28 01:35:32,495] {processor.py:163} INFO - Started process (PID=562) to work on /home/airflow/.local/lib/python3.6/site-packages/airflow/example_dags/example_time_delta_sensor_async.py
[2021-10-28 01:35:32,506] {processor.py:620} INFO - Processing file /home/airflow/.local/lib/python3.6/site-packages/airflow/example_dags/example_time_delta_sensor_async.py for tasks to queue
[2021-10-28 01:35:32,508] {logging_mixin.py:109} INFO - [2021-10-28 01:35:32,508] {dagbag.py:500} INFO - Filling up the DagBag from /home/airflow/.local/lib/python3.6/site-packages/airflow/example_dags/example_time_delta_sensor_async.py
[2021-10-28 01:35:32,566] {processor.py:632} INFO - DAG(s) dict_keys(['example_time_delta_sensor_async']) retrieved from /home/airflow/.local/lib/python3.6/site-packages/airflow/example_dags/example_time_delta_sensor_async.py
[2021-10-28 01:35:32,592] {logging_mixin.py:109} INFO - [2021-10-28 01:35:32,592] {dag.py:2389} INFO - Sync 1 DAGs
[2021-10-28 01:35:32,638] {logging_mixin.py:109} INFO - [2021-10-28 01:35:32,638] {dag.py:2914} INFO - Setting next_dagrun for example_time_delta_sensor_async to None
[2021-10-28 01:35:32,657] {processor.py:171} INFO - Processing /home/airflow/.local/lib/python3.6/site-packages/airflow/example_dags/example_time_delta_sensor_async.py took 0.165 seconds
[2021-10-28 01:36:03,392] {processor.py:163} INFO - Started process (PID=615) to work on /home/airflow/.local/lib/python3.6/site-packages/airflow/example_dags/example_time_delta_sensor_async.py
[2021-10-28 01:36:03,430] {processor.py:620} INFO - Processing file /home/airflow/.local/lib/python3.6/site-packages/airflow/example_dags/example_time_delta_sensor_async.py for tasks to queue
[2021-10-28 01:36:03,440] {logging_mixin.py:109} INFO - [2021-10-28 01:36:03,440] {dagbag.py:500} INFO - Filling up the DagBag from /home/airflow/.local/lib/python3.6/site-packages/airflow/example_dags/example_time_delta_sensor_async.py
[2021-10-28 01:36:03,499] {processor.py:632} INFO - DAG(s) dict_keys(['example_time_delta_sensor_async']) retrieved from /home/airflow/.local/lib/python3.6/site-packages/airflow/example_dags/example_time_delta_sensor_async.py
[2021-10-28 01:36:03,524] {logging_mixin.py:109} INFO - [2021-10-28 01:36:03,524] {dag.py:2389} INFO - Sync 1 DAGs
[2021-10-28 01:36:03,551] {logging_mixin.py:109} INFO - [2021-10-28 01:36:03,551] {dag.py:2914} INFO - Setting next_dagrun for example_time_delta_sensor_async to None
[2021-10-28 01:36:03,570] {processor.py:171} INFO - Processing /home/airflow/.local/lib/python3.6/site-packages/airflow/example_dags/example_time_delta_sensor_async.py took 0.181 seconds
[2021-10-28 01:36:33,901] {processor.py:163} INFO - Started process (PID=668) to work on /home/airflow/.local/lib/python3.6/site-packages/airflow/example_dags/example_time_delta_sensor_async.py
[2021-10-28 01:36:33,946] {processor.py:620} INFO - Processing file /home/airflow/.local/lib/python3.6/site-packages/airflow/example_dags/example_time_delta_sensor_async.py for tasks to queue
[2021-10-28 01:36:33,948] {logging_mixin.py:109} INFO - [2021-10-28 01:36:33,948] {dagbag.py:500} INFO - Filling up the DagBag from /home/airflow/.local/lib/python3.6/site-packages/airflow/example_dags/example_time_delta_sensor_async.py
[2021-10-28 01:36:34,050] {processor.py:632} INFO - DAG(s) dict_keys(['example_time_delta_sensor_async']) retrieved from /home/airflow/.local/lib/python3.6/site-packages/airflow/example_dags/example_time_delta_sensor_async.py
[2021-10-28 01:36:34,106] {logging_mixin.py:109} INFO - [2021-10-28 01:36:34,106] {dag.py:2389} INFO - Sync 1 DAGs
[2021-10-28 01:36:34,138] {logging_mixin.py:109} INFO - [2021-10-28 01:36:34,138] {dag.py:2914} INFO - Setting next_dagrun for example_time_delta_sensor_async to None
[2021-10-28 01:36:34,165] {processor.py:171} INFO - Processing /home/airflow/.local/lib/python3.6/site-packages/airflow/example_dags/example_time_delta_sensor_async.py took 0.301 seconds
[2021-10-28 01:37:04,706] {processor.py:163} INFO - Started process (PID=719) to work on /home/airflow/.local/lib/python3.6/site-packages/airflow/example_dags/example_time_delta_sensor_async.py
[2021-10-28 01:37:04,727] {processor.py:620} INFO - Processing file /home/airflow/.local/lib/python3.6/site-packages/airflow/example_dags/example_time_delta_sensor_async.py for tasks to queue
[2021-10-28 01:37:04,730] {logging_mixin.py:109} INFO - [2021-10-28 01:37:04,730] {dagbag.py:500} INFO - Filling up the DagBag from /home/airflow/.local/lib/python3.6/site-packages/airflow/example_dags/example_time_delta_sensor_async.py
[2021-10-28 01:37:04,849] {processor.py:632} INFO - DAG(s) dict_keys(['example_time_delta_sensor_async']) retrieved from /home/airflow/.local/lib/python3.6/site-packages/airflow/example_dags/example_time_delta_sensor_async.py
[2021-10-28 01:37:04,886] {logging_mixin.py:109} INFO - [2021-10-28 01:37:04,886] {dag.py:2389} INFO - Sync 1 DAGs
[2021-10-28 01:37:04,930] {logging_mixin.py:109} INFO - [2021-10-28 01:37:04,930] {dag.py:2914} INFO - Setting next_dagrun for example_time_delta_sensor_async to None
[2021-10-28 01:37:04,967] {processor.py:171} INFO - Processing /home/airflow/.local/lib/python3.6/site-packages/airflow/example_dags/example_time_delta_sensor_async.py took 0.299 seconds
[2021-10-28 01:37:35,501] {processor.py:163} INFO - Started process (PID=771) to work on /home/airflow/.local/lib/python3.6/site-packages/airflow/example_dags/example_time_delta_sensor_async.py
[2021-10-28 01:37:35,513] {processor.py:620} INFO - Processing file /home/airflow/.local/lib/python3.6/site-packages/airflow/example_dags/example_time_delta_sensor_async.py for tasks to queue
[2021-10-28 01:37:35,543] {logging_mixin.py:109} INFO - [2021-10-28 01:37:35,543] {dagbag.py:500} INFO - Filling up the DagBag from /home/airflow/.local/lib/python3.6/site-packages/airflow/example_dags/example_time_delta_sensor_async.py
[2021-10-28 01:37:35,697] {processor.py:632} INFO - DAG(s) dict_keys(['example_time_delta_sensor_async']) retrieved from /home/airflow/.local/lib/python3.6/site-packages/airflow/example_dags/example_time_delta_sensor_async.py
[2021-10-28 01:37:35,791] {logging_mixin.py:109} INFO - [2021-10-28 01:37:35,791] {dag.py:2389} INFO - Sync 1 DAGs
[2021-10-28 01:37:35,865] {logging_mixin.py:109} INFO - [2021-10-28 01:37:35,864] {dag.py:2914} INFO - Setting next_dagrun for example_time_delta_sensor_async to None
[2021-10-28 01:37:35,910] {processor.py:171} INFO - Processing /home/airflow/.local/lib/python3.6/site-packages/airflow/example_dags/example_time_delta_sensor_async.py took 0.412 seconds
[2021-10-28 01:38:06,804] {processor.py:163} INFO - Started process (PID=824) to work on /home/airflow/.local/lib/python3.6/site-packages/airflow/example_dags/example_time_delta_sensor_async.py
[2021-10-28 01:38:06,835] {processor.py:620} INFO - Processing file /home/airflow/.local/lib/python3.6/site-packages/airflow/example_dags/example_time_delta_sensor_async.py for tasks to queue
[2021-10-28 01:38:06,837] {logging_mixin.py:109} INFO - [2021-10-28 01:38:06,837] {dagbag.py:500} INFO - Filling up the DagBag from /home/airflow/.local/lib/python3.6/site-packages/airflow/example_dags/example_time_delta_sensor_async.py
[2021-10-28 01:38:06,923] {processor.py:632} INFO - DAG(s) dict_keys(['example_time_delta_sensor_async']) retrieved from /home/airflow/.local/lib/python3.6/site-packages/airflow/example_dags/example_time_delta_sensor_async.py
[2021-10-28 01:38:06,975] {logging_mixin.py:109} INFO - [2021-10-28 01:38:06,975] {dag.py:2389} INFO - Sync 1 DAGs
[2021-10-28 01:38:07,007] {logging_mixin.py:109} INFO - [2021-10-28 01:38:07,007] {dag.py:2914} INFO - Setting next_dagrun for example_time_delta_sensor_async to None
[2021-10-28 01:38:07,028] {processor.py:171} INFO - Processing /home/airflow/.local/lib/python3.6/site-packages/airflow/example_dags/example_time_delta_sensor_async.py took 0.227 seconds
[2021-10-28 01:38:37,597] {processor.py:163} INFO - Started process (PID=877) to work on /home/airflow/.local/lib/python3.6/site-packages/airflow/example_dags/example_time_delta_sensor_async.py
[2021-10-28 01:38:37,615] {processor.py:620} INFO - Processing file /home/airflow/.local/lib/python3.6/site-packages/airflow/example_dags/example_time_delta_sensor_async.py for tasks to queue
[2021-10-28 01:38:37,616] {logging_mixin.py:109} INFO - [2021-10-28 01:38:37,616] {dagbag.py:500} INFO - Filling up the DagBag from /home/airflow/.local/lib/python3.6/site-packages/airflow/example_dags/example_time_delta_sensor_async.py
[2021-10-28 01:38:37,707] {processor.py:632} INFO - DAG(s) dict_keys(['example_time_delta_sensor_async']) retrieved from /home/airflow/.local/lib/python3.6/site-packages/airflow/example_dags/example_time_delta_sensor_async.py
[2021-10-28 01:38:37,750] {logging_mixin.py:109} INFO - [2021-10-28 01:38:37,750] {dag.py:2389} INFO - Sync 1 DAGs
[2021-10-28 01:38:37,784] {logging_mixin.py:109} INFO - [2021-10-28 01:38:37,784] {dag.py:2914} INFO - Setting next_dagrun for example_time_delta_sensor_async to None
[2021-10-28 01:38:37,814] {processor.py:171} INFO - Processing /home/airflow/.local/lib/python3.6/site-packages/airflow/example_dags/example_time_delta_sensor_async.py took 0.220 seconds
[2021-10-28 01:39:08,091] {processor.py:163} INFO - Started process (PID=930) to work on /home/airflow/.local/lib/python3.6/site-packages/airflow/example_dags/example_time_delta_sensor_async.py
[2021-10-28 01:39:08,134] {processor.py:620} INFO - Processing file /home/airflow/.local/lib/python3.6/site-packages/airflow/example_dags/example_time_delta_sensor_async.py for tasks to queue
[2021-10-28 01:39:08,149] {logging_mixin.py:109} INFO - [2021-10-28 01:39:08,149] {dagbag.py:500} INFO - Filling up the DagBag from /home/airflow/.local/lib/python3.6/site-packages/airflow/example_dags/example_time_delta_sensor_async.py
[2021-10-28 01:39:08,260] {processor.py:632} INFO - DAG(s) dict_keys(['example_time_delta_sensor_async']) retrieved from /home/airflow/.local/lib/python3.6/site-packages/airflow/example_dags/example_time_delta_sensor_async.py
[2021-10-28 01:39:08,303] {logging_mixin.py:109} INFO - [2021-10-28 01:39:08,303] {dag.py:2389} INFO - Sync 1 DAGs
[2021-10-28 01:39:08,363] {logging_mixin.py:109} INFO - [2021-10-28 01:39:08,363] {dag.py:2914} INFO - Setting next_dagrun for example_time_delta_sensor_async to None
[2021-10-28 01:39:08,419] {processor.py:171} INFO - Processing /home/airflow/.local/lib/python3.6/site-packages/airflow/example_dags/example_time_delta_sensor_async.py took 0.331 seconds
[2021-10-28 01:39:39,476] {processor.py:163} INFO - Started process (PID=983) to work on /home/airflow/.local/lib/python3.6/site-packages/airflow/example_dags/example_time_delta_sensor_async.py
[2021-10-28 01:39:39,503] {processor.py:620} INFO - Processing file /home/airflow/.local/lib/python3.6/site-packages/airflow/example_dags/example_time_delta_sensor_async.py for tasks to queue
[2021-10-28 01:39:39,506] {logging_mixin.py:109} INFO - [2021-10-28 01:39:39,506] {dagbag.py:500} INFO - Filling up the DagBag from /home/airflow/.local/lib/python3.6/site-packages/airflow/example_dags/example_time_delta_sensor_async.py
[2021-10-28 01:39:39,689] {processor.py:632} INFO - DAG(s) dict_keys(['example_time_delta_sensor_async']) retrieved from /home/airflow/.local/lib/python3.6/site-packages/airflow/example_dags/example_time_delta_sensor_async.py
[2021-10-28 01:39:39,772] {logging_mixin.py:109} INFO - [2021-10-28 01:39:39,772] {dag.py:2389} INFO - Sync 1 DAGs
[2021-10-28 01:39:39,834] {logging_mixin.py:109} INFO - [2021-10-28 01:39:39,833] {dag.py:2914} INFO - Setting next_dagrun for example_time_delta_sensor_async to None
[2021-10-28 01:39:40,249] {processor.py:171} INFO - Processing /home/airflow/.local/lib/python3.6/site-packages/airflow/example_dags/example_time_delta_sensor_async.py took 0.775 seconds
[2021-10-28 01:40:10,659] {processor.py:163} INFO - Started process (PID=1026) to work on /home/airflow/.local/lib/python3.6/site-packages/airflow/example_dags/example_time_delta_sensor_async.py
[2021-10-28 01:40:10,679] {processor.py:620} INFO - Processing file /home/airflow/.local/lib/python3.6/site-packages/airflow/example_dags/example_time_delta_sensor_async.py for tasks to queue
[2021-10-28 01:40:10,680] {logging_mixin.py:109} INFO - [2021-10-28 01:40:10,680] {dagbag.py:500} INFO - Filling up the DagBag from /home/airflow/.local/lib/python3.6/site-packages/airflow/example_dags/example_time_delta_sensor_async.py
[2021-10-28 01:40:10,793] {processor.py:632} INFO - DAG(s) dict_keys(['example_time_delta_sensor_async']) retrieved from /home/airflow/.local/lib/python3.6/site-packages/airflow/example_dags/example_time_delta_sensor_async.py
[2021-10-28 01:40:10,819] {logging_mixin.py:109} INFO - [2021-10-28 01:40:10,818] {dag.py:2389} INFO - Sync 1 DAGs
[2021-10-28 01:40:10,873] {logging_mixin.py:109} INFO - [2021-10-28 01:40:10,872] {dag.py:2914} INFO - Setting next_dagrun for example_time_delta_sensor_async to None
[2021-10-28 01:40:10,905] {processor.py:171} INFO - Processing /home/airflow/.local/lib/python3.6/site-packages/airflow/example_dags/example_time_delta_sensor_async.py took 0.249 seconds
[2021-10-28 01:40:41,079] {processor.py:163} INFO - Started process (PID=1079) to work on /home/airflow/.local/lib/python3.6/site-packages/airflow/example_dags/example_time_delta_sensor_async.py
[2021-10-28 01:40:41,082] {processor.py:620} INFO - Processing file /home/airflow/.local/lib/python3.6/site-packages/airflow/example_dags/example_time_delta_sensor_async.py for tasks to queue
[2021-10-28 01:40:41,084] {logging_mixin.py:109} INFO - [2021-10-28 01:40:41,084] {dagbag.py:500} INFO - Filling up the DagBag from /home/airflow/.local/lib/python3.6/site-packages/airflow/example_dags/example_time_delta_sensor_async.py
[2021-10-28 01:40:41,117] {processor.py:632} INFO - DAG(s) dict_keys(['example_time_delta_sensor_async']) retrieved from /home/airflow/.local/lib/python3.6/site-packages/airflow/example_dags/example_time_delta_sensor_async.py
[2021-10-28 01:40:41,128] {logging_mixin.py:109} INFO - [2021-10-28 01:40:41,128] {dag.py:2389} INFO - Sync 1 DAGs
[2021-10-28 01:40:41,141] {logging_mixin.py:109} INFO - [2021-10-28 01:40:41,141] {dag.py:2914} INFO - Setting next_dagrun for example_time_delta_sensor_async to None
[2021-10-28 01:40:41,153] {processor.py:171} INFO - Processing /home/airflow/.local/lib/python3.6/site-packages/airflow/example_dags/example_time_delta_sensor_async.py took 0.077 seconds
[2021-10-28 01:41:11,714] {processor.py:163} INFO - Started process (PID=1131) to work on /home/airflow/.local/lib/python3.6/site-packages/airflow/example_dags/example_time_delta_sensor_async.py
[2021-10-28 01:41:11,719] {processor.py:620} INFO - Processing file /home/airflow/.local/lib/python3.6/site-packages/airflow/example_dags/example_time_delta_sensor_async.py for tasks to queue
[2021-10-28 01:41:11,721] {logging_mixin.py:109} INFO - [2021-10-28 01:41:11,721] {dagbag.py:500} INFO - Filling up the DagBag from /home/airflow/.local/lib/python3.6/site-packages/airflow/example_dags/example_time_delta_sensor_async.py
[2021-10-28 01:41:11,765] {processor.py:632} INFO - DAG(s) dict_keys(['example_time_delta_sensor_async']) retrieved from /home/airflow/.local/lib/python3.6/site-packages/airflow/example_dags/example_time_delta_sensor_async.py
[2021-10-28 01:41:11,784] {logging_mixin.py:109} INFO - [2021-10-28 01:41:11,784] {dag.py:2389} INFO - Sync 1 DAGs
[2021-10-28 01:41:11,797] {logging_mixin.py:109} INFO - [2021-10-28 01:41:11,797] {dag.py:2914} INFO - Setting next_dagrun for example_time_delta_sensor_async to None
[2021-10-28 01:41:11,810] {processor.py:171} INFO - Processing /home/airflow/.local/lib/python3.6/site-packages/airflow/example_dags/example_time_delta_sensor_async.py took 0.120 seconds
[2021-10-28 01:41:44,913] {processor.py:163} INFO - Started process (PID=1184) to work on /home/airflow/.local/lib/python3.6/site-packages/airflow/example_dags/example_time_delta_sensor_async.py
[2021-10-28 01:41:44,964] {processor.py:620} INFO - Processing file /home/airflow/.local/lib/python3.6/site-packages/airflow/example_dags/example_time_delta_sensor_async.py for tasks to queue
[2021-10-28 01:41:44,965] {logging_mixin.py:109} INFO - [2021-10-28 01:41:44,965] {dagbag.py:500} INFO - Filling up the DagBag from /home/airflow/.local/lib/python3.6/site-packages/airflow/example_dags/example_time_delta_sensor_async.py
[2021-10-28 01:41:45,112] {processor.py:632} INFO - DAG(s) dict_keys(['example_time_delta_sensor_async']) retrieved from /home/airflow/.local/lib/python3.6/site-packages/airflow/example_dags/example_time_delta_sensor_async.py
[2021-10-28 01:41:45,143] {logging_mixin.py:109} INFO - [2021-10-28 01:41:45,143] {dag.py:2389} INFO - Sync 1 DAGs
[2021-10-28 01:41:45,214] {logging_mixin.py:109} INFO - [2021-10-28 01:41:45,214] {dag.py:2914} INFO - Setting next_dagrun for example_time_delta_sensor_async to None
[2021-10-28 01:41:45,250] {processor.py:171} INFO - Processing /home/airflow/.local/lib/python3.6/site-packages/airflow/example_dags/example_time_delta_sensor_async.py took 0.340 seconds
[2021-10-28 01:42:15,404] {processor.py:163} INFO - Started process (PID=1236) to work on /home/airflow/.local/lib/python3.6/site-packages/airflow/example_dags/example_time_delta_sensor_async.py
[2021-10-28 01:42:15,470] {processor.py:620} INFO - Processing file /home/airflow/.local/lib/python3.6/site-packages/airflow/example_dags/example_time_delta_sensor_async.py for tasks to queue
[2021-10-28 01:42:15,494] {logging_mixin.py:109} INFO - [2021-10-28 01:42:15,494] {dagbag.py:500} INFO - Filling up the DagBag from /home/airflow/.local/lib/python3.6/site-packages/airflow/example_dags/example_time_delta_sensor_async.py
[2021-10-28 01:42:15,690] {processor.py:632} INFO - DAG(s) dict_keys(['example_time_delta_sensor_async']) retrieved from /home/airflow/.local/lib/python3.6/site-packages/airflow/example_dags/example_time_delta_sensor_async.py
[2021-10-28 01:42:15,740] {logging_mixin.py:109} INFO - [2021-10-28 01:42:15,740] {dag.py:2389} INFO - Sync 1 DAGs
[2021-10-28 01:42:15,807] {logging_mixin.py:109} INFO - [2021-10-28 01:42:15,807] {dag.py:2914} INFO - Setting next_dagrun for example_time_delta_sensor_async to None
[2021-10-28 01:42:15,830] {processor.py:171} INFO - Processing /home/airflow/.local/lib/python3.6/site-packages/airflow/example_dags/example_time_delta_sensor_async.py took 0.430 seconds
[2021-10-28 01:42:45,942] {processor.py:163} INFO - Started process (PID=1290) to work on /home/airflow/.local/lib/python3.6/site-packages/airflow/example_dags/example_time_delta_sensor_async.py
[2021-10-28 01:42:45,953] {processor.py:620} INFO - Processing file /home/airflow/.local/lib/python3.6/site-packages/airflow/example_dags/example_time_delta_sensor_async.py for tasks to queue
[2021-10-28 01:42:45,955] {logging_mixin.py:109} INFO - [2021-10-28 01:42:45,954] {dagbag.py:500} INFO - Filling up the DagBag from /home/airflow/.local/lib/python3.6/site-packages/airflow/example_dags/example_time_delta_sensor_async.py
[2021-10-28 01:42:46,025] {processor.py:632} INFO - DAG(s) dict_keys(['example_time_delta_sensor_async']) retrieved from /home/airflow/.local/lib/python3.6/site-packages/airflow/example_dags/example_time_delta_sensor_async.py
[2021-10-28 01:42:46,037] {logging_mixin.py:109} INFO - [2021-10-28 01:42:46,037] {dag.py:2389} INFO - Sync 1 DAGs
[2021-10-28 01:42:46,050] {logging_mixin.py:109} INFO - [2021-10-28 01:42:46,050] {dag.py:2914} INFO - Setting next_dagrun for example_time_delta_sensor_async to None
[2021-10-28 01:42:46,061] {processor.py:171} INFO - Processing /home/airflow/.local/lib/python3.6/site-packages/airflow/example_dags/example_time_delta_sensor_async.py took 0.121 seconds
