[2021-10-28 01:31:51,873] {processor.py:163} INFO - Started process (PID=227) to work on /home/airflow/.local/lib/python3.6/site-packages/airflow/example_dags/example_external_task_marker_dag.py
[2021-10-28 01:31:51,875] {processor.py:620} INFO - Processing file /home/airflow/.local/lib/python3.6/site-packages/airflow/example_dags/example_external_task_marker_dag.py for tasks to queue
[2021-10-28 01:31:51,876] {logging_mixin.py:109} INFO - [2021-10-28 01:31:51,876] {dagbag.py:500} INFO - Filling up the DagBag from /home/airflow/.local/lib/python3.6/site-packages/airflow/example_dags/example_external_task_marker_dag.py
[2021-10-28 01:31:51,982] {processor.py:632} INFO - DAG(s) dict_keys(['example_external_task_marker_parent', 'example_external_task_marker_child']) retrieved from /home/airflow/.local/lib/python3.6/site-packages/airflow/example_dags/example_external_task_marker_dag.py
[2021-10-28 01:31:56,249] {logging_mixin.py:109} INFO - [2021-10-28 01:31:56,249] {providers_manager.py:156} WARNING - Exception when importing 'airflow.providers.google.leveldb.hooks.leveldb.LevelDBHook' from 'apache-airflow-providers-google' package: No module named 'plyvel'
[2021-10-28 01:31:57,130] {logging_mixin.py:109} INFO - [2021-10-28 01:31:57,130] {providers_manager.py:156} WARNING - Exception when importing 'airflow.providers.google.leveldb.hooks.leveldb.LevelDBHook' from 'apache-airflow-providers-google' package: No module named 'plyvel'
[2021-10-28 01:31:57,174] {logging_mixin.py:109} INFO - [2021-10-28 01:31:57,174] {manager.py:496} INFO - Created Permission View: can read on DAG:example_external_task_marker_parent
[2021-10-28 01:31:57,202] {logging_mixin.py:109} INFO - [2021-10-28 01:31:57,202] {manager.py:496} INFO - Created Permission View: can edit on DAG:example_external_task_marker_parent
[2021-10-28 01:31:57,230] {logging_mixin.py:109} INFO - [2021-10-28 01:31:57,230] {manager.py:496} INFO - Created Permission View: can read on DAG:example_external_task_marker_child
[2021-10-28 01:31:57,242] {logging_mixin.py:109} INFO - [2021-10-28 01:31:57,242] {manager.py:496} INFO - Created Permission View: can edit on DAG:example_external_task_marker_child
[2021-10-28 01:31:57,245] {logging_mixin.py:109} INFO - [2021-10-28 01:31:57,244] {dag.py:2389} INFO - Sync 2 DAGs
[2021-10-28 01:31:57,265] {logging_mixin.py:109} INFO - [2021-10-28 01:31:57,264] {dag.py:2408} INFO - Creating ORM DAG for example_external_task_marker_parent
[2021-10-28 01:31:57,266] {logging_mixin.py:109} INFO - [2021-10-28 01:31:57,266] {dag.py:2408} INFO - Creating ORM DAG for example_external_task_marker_child
[2021-10-28 01:31:57,287] {logging_mixin.py:109} INFO - [2021-10-28 01:31:57,287] {dag.py:2914} INFO - Setting next_dagrun for example_external_task_marker_child to None
[2021-10-28 01:31:57,290] {logging_mixin.py:109} INFO - [2021-10-28 01:31:57,289] {dag.py:2914} INFO - Setting next_dagrun for example_external_task_marker_parent to None
[2021-10-28 01:31:57,320] {processor.py:171} INFO - Processing /home/airflow/.local/lib/python3.6/site-packages/airflow/example_dags/example_external_task_marker_dag.py took 5.450 seconds
[2021-10-28 01:33:27,629] {processor.py:163} INFO - Started process (PID=336) to work on /home/airflow/.local/lib/python3.6/site-packages/airflow/example_dags/example_external_task_marker_dag.py
[2021-10-28 01:33:27,670] {processor.py:620} INFO - Processing file /home/airflow/.local/lib/python3.6/site-packages/airflow/example_dags/example_external_task_marker_dag.py for tasks to queue
[2021-10-28 01:33:27,674] {logging_mixin.py:109} INFO - [2021-10-28 01:33:27,674] {dagbag.py:500} INFO - Filling up the DagBag from /home/airflow/.local/lib/python3.6/site-packages/airflow/example_dags/example_external_task_marker_dag.py
[2021-10-28 01:33:27,962] {processor.py:632} INFO - DAG(s) dict_keys(['example_external_task_marker_parent', 'example_external_task_marker_child']) retrieved from /home/airflow/.local/lib/python3.6/site-packages/airflow/example_dags/example_external_task_marker_dag.py
[2021-10-28 01:33:28,058] {logging_mixin.py:109} INFO - [2021-10-28 01:33:28,058] {dag.py:2389} INFO - Sync 2 DAGs
[2021-10-28 01:33:28,125] {logging_mixin.py:109} INFO - [2021-10-28 01:33:28,125] {dag.py:2914} INFO - Setting next_dagrun for example_external_task_marker_child to None
[2021-10-28 01:33:28,128] {logging_mixin.py:109} INFO - [2021-10-28 01:33:28,128] {dag.py:2914} INFO - Setting next_dagrun for example_external_task_marker_parent to None
[2021-10-28 01:33:28,174] {processor.py:171} INFO - Processing /home/airflow/.local/lib/python3.6/site-packages/airflow/example_dags/example_external_task_marker_dag.py took 0.547 seconds
[2021-10-28 01:33:58,480] {processor.py:163} INFO - Started process (PID=388) to work on /home/airflow/.local/lib/python3.6/site-packages/airflow/example_dags/example_external_task_marker_dag.py
[2021-10-28 01:33:58,485] {processor.py:620} INFO - Processing file /home/airflow/.local/lib/python3.6/site-packages/airflow/example_dags/example_external_task_marker_dag.py for tasks to queue
[2021-10-28 01:33:58,487] {logging_mixin.py:109} INFO - [2021-10-28 01:33:58,487] {dagbag.py:500} INFO - Filling up the DagBag from /home/airflow/.local/lib/python3.6/site-packages/airflow/example_dags/example_external_task_marker_dag.py
[2021-10-28 01:33:58,553] {processor.py:632} INFO - DAG(s) dict_keys(['example_external_task_marker_parent', 'example_external_task_marker_child']) retrieved from /home/airflow/.local/lib/python3.6/site-packages/airflow/example_dags/example_external_task_marker_dag.py
[2021-10-28 01:33:58,598] {logging_mixin.py:109} INFO - [2021-10-28 01:33:58,597] {dag.py:2389} INFO - Sync 2 DAGs
[2021-10-28 01:33:58,618] {logging_mixin.py:109} INFO - [2021-10-28 01:33:58,618] {dag.py:2914} INFO - Setting next_dagrun for example_external_task_marker_child to None
[2021-10-28 01:33:58,630] {logging_mixin.py:109} INFO - [2021-10-28 01:33:58,630] {dag.py:2914} INFO - Setting next_dagrun for example_external_task_marker_parent to None
[2021-10-28 01:33:58,641] {processor.py:171} INFO - Processing /home/airflow/.local/lib/python3.6/site-packages/airflow/example_dags/example_external_task_marker_dag.py took 0.203 seconds
[2021-10-28 01:34:29,450] {processor.py:163} INFO - Started process (PID=449) to work on /home/airflow/.local/lib/python3.6/site-packages/airflow/example_dags/example_external_task_marker_dag.py
[2021-10-28 01:34:29,467] {processor.py:620} INFO - Processing file /home/airflow/.local/lib/python3.6/site-packages/airflow/example_dags/example_external_task_marker_dag.py for tasks to queue
[2021-10-28 01:34:29,469] {logging_mixin.py:109} INFO - [2021-10-28 01:34:29,469] {dagbag.py:500} INFO - Filling up the DagBag from /home/airflow/.local/lib/python3.6/site-packages/airflow/example_dags/example_external_task_marker_dag.py
[2021-10-28 01:34:29,596] {processor.py:632} INFO - DAG(s) dict_keys(['example_external_task_marker_parent', 'example_external_task_marker_child']) retrieved from /home/airflow/.local/lib/python3.6/site-packages/airflow/example_dags/example_external_task_marker_dag.py
[2021-10-28 01:34:29,682] {logging_mixin.py:109} INFO - [2021-10-28 01:34:29,681] {dag.py:2389} INFO - Sync 2 DAGs
[2021-10-28 01:34:29,734] {logging_mixin.py:109} INFO - [2021-10-28 01:34:29,734] {dag.py:2914} INFO - Setting next_dagrun for example_external_task_marker_child to None
[2021-10-28 01:34:29,736] {logging_mixin.py:109} INFO - [2021-10-28 01:34:29,736] {dag.py:2914} INFO - Setting next_dagrun for example_external_task_marker_parent to None
[2021-10-28 01:34:29,778] {processor.py:171} INFO - Processing /home/airflow/.local/lib/python3.6/site-packages/airflow/example_dags/example_external_task_marker_dag.py took 0.348 seconds
[2021-10-28 01:35:00,631] {processor.py:163} INFO - Started process (PID=505) to work on /home/airflow/.local/lib/python3.6/site-packages/airflow/example_dags/example_external_task_marker_dag.py
[2021-10-28 01:35:00,638] {processor.py:620} INFO - Processing file /home/airflow/.local/lib/python3.6/site-packages/airflow/example_dags/example_external_task_marker_dag.py for tasks to queue
[2021-10-28 01:35:00,659] {logging_mixin.py:109} INFO - [2021-10-28 01:35:00,659] {dagbag.py:500} INFO - Filling up the DagBag from /home/airflow/.local/lib/python3.6/site-packages/airflow/example_dags/example_external_task_marker_dag.py
[2021-10-28 01:35:00,754] {processor.py:632} INFO - DAG(s) dict_keys(['example_external_task_marker_parent', 'example_external_task_marker_child']) retrieved from /home/airflow/.local/lib/python3.6/site-packages/airflow/example_dags/example_external_task_marker_dag.py
[2021-10-28 01:35:00,801] {logging_mixin.py:109} INFO - [2021-10-28 01:35:00,801] {dag.py:2389} INFO - Sync 2 DAGs
[2021-10-28 01:35:00,831] {logging_mixin.py:109} INFO - [2021-10-28 01:35:00,831] {dag.py:2914} INFO - Setting next_dagrun for example_external_task_marker_child to None
[2021-10-28 01:35:00,836] {logging_mixin.py:109} INFO - [2021-10-28 01:35:00,836] {dag.py:2914} INFO - Setting next_dagrun for example_external_task_marker_parent to None
[2021-10-28 01:35:00,885] {processor.py:171} INFO - Processing /home/airflow/.local/lib/python3.6/site-packages/airflow/example_dags/example_external_task_marker_dag.py took 0.256 seconds
[2021-10-28 01:35:30,962] {processor.py:163} INFO - Started process (PID=558) to work on /home/airflow/.local/lib/python3.6/site-packages/airflow/example_dags/example_external_task_marker_dag.py
[2021-10-28 01:35:30,965] {processor.py:620} INFO - Processing file /home/airflow/.local/lib/python3.6/site-packages/airflow/example_dags/example_external_task_marker_dag.py for tasks to queue
[2021-10-28 01:35:30,966] {logging_mixin.py:109} INFO - [2021-10-28 01:35:30,966] {dagbag.py:500} INFO - Filling up the DagBag from /home/airflow/.local/lib/python3.6/site-packages/airflow/example_dags/example_external_task_marker_dag.py
[2021-10-28 01:35:30,992] {processor.py:632} INFO - DAG(s) dict_keys(['example_external_task_marker_parent', 'example_external_task_marker_child']) retrieved from /home/airflow/.local/lib/python3.6/site-packages/airflow/example_dags/example_external_task_marker_dag.py
[2021-10-28 01:35:31,005] {logging_mixin.py:109} INFO - [2021-10-28 01:35:31,005] {dag.py:2389} INFO - Sync 2 DAGs
[2021-10-28 01:35:31,015] {logging_mixin.py:109} INFO - [2021-10-28 01:35:31,015] {dag.py:2914} INFO - Setting next_dagrun for example_external_task_marker_child to None
[2021-10-28 01:35:31,019] {logging_mixin.py:109} INFO - [2021-10-28 01:35:31,019] {dag.py:2914} INFO - Setting next_dagrun for example_external_task_marker_parent to None
[2021-10-28 01:35:31,029] {processor.py:171} INFO - Processing /home/airflow/.local/lib/python3.6/site-packages/airflow/example_dags/example_external_task_marker_dag.py took 0.072 seconds
[2021-10-28 01:36:01,120] {processor.py:163} INFO - Started process (PID=611) to work on /home/airflow/.local/lib/python3.6/site-packages/airflow/example_dags/example_external_task_marker_dag.py
[2021-10-28 01:36:01,130] {processor.py:620} INFO - Processing file /home/airflow/.local/lib/python3.6/site-packages/airflow/example_dags/example_external_task_marker_dag.py for tasks to queue
[2021-10-28 01:36:01,134] {logging_mixin.py:109} INFO - [2021-10-28 01:36:01,134] {dagbag.py:500} INFO - Filling up the DagBag from /home/airflow/.local/lib/python3.6/site-packages/airflow/example_dags/example_external_task_marker_dag.py
[2021-10-28 01:36:01,167] {processor.py:632} INFO - DAG(s) dict_keys(['example_external_task_marker_parent', 'example_external_task_marker_child']) retrieved from /home/airflow/.local/lib/python3.6/site-packages/airflow/example_dags/example_external_task_marker_dag.py
[2021-10-28 01:36:01,182] {logging_mixin.py:109} INFO - [2021-10-28 01:36:01,181] {dag.py:2389} INFO - Sync 2 DAGs
[2021-10-28 01:36:01,195] {logging_mixin.py:109} INFO - [2021-10-28 01:36:01,195] {dag.py:2914} INFO - Setting next_dagrun for example_external_task_marker_child to None
[2021-10-28 01:36:01,196] {logging_mixin.py:109} INFO - [2021-10-28 01:36:01,196] {dag.py:2914} INFO - Setting next_dagrun for example_external_task_marker_parent to None
[2021-10-28 01:36:01,206] {processor.py:171} INFO - Processing /home/airflow/.local/lib/python3.6/site-packages/airflow/example_dags/example_external_task_marker_dag.py took 0.089 seconds
[2021-10-28 01:36:31,595] {processor.py:163} INFO - Started process (PID=664) to work on /home/airflow/.local/lib/python3.6/site-packages/airflow/example_dags/example_external_task_marker_dag.py
[2021-10-28 01:36:31,604] {processor.py:620} INFO - Processing file /home/airflow/.local/lib/python3.6/site-packages/airflow/example_dags/example_external_task_marker_dag.py for tasks to queue
[2021-10-28 01:36:31,606] {logging_mixin.py:109} INFO - [2021-10-28 01:36:31,606] {dagbag.py:500} INFO - Filling up the DagBag from /home/airflow/.local/lib/python3.6/site-packages/airflow/example_dags/example_external_task_marker_dag.py
[2021-10-28 01:36:31,647] {processor.py:632} INFO - DAG(s) dict_keys(['example_external_task_marker_parent', 'example_external_task_marker_child']) retrieved from /home/airflow/.local/lib/python3.6/site-packages/airflow/example_dags/example_external_task_marker_dag.py
[2021-10-28 01:36:31,662] {logging_mixin.py:109} INFO - [2021-10-28 01:36:31,662] {dag.py:2389} INFO - Sync 2 DAGs
[2021-10-28 01:36:31,675] {logging_mixin.py:109} INFO - [2021-10-28 01:36:31,675] {dag.py:2914} INFO - Setting next_dagrun for example_external_task_marker_child to None
[2021-10-28 01:36:31,678] {logging_mixin.py:109} INFO - [2021-10-28 01:36:31,678] {dag.py:2914} INFO - Setting next_dagrun for example_external_task_marker_parent to None
[2021-10-28 01:36:31,687] {processor.py:171} INFO - Processing /home/airflow/.local/lib/python3.6/site-packages/airflow/example_dags/example_external_task_marker_dag.py took 0.096 seconds
[2021-10-28 01:37:02,387] {processor.py:163} INFO - Started process (PID=715) to work on /home/airflow/.local/lib/python3.6/site-packages/airflow/example_dags/example_external_task_marker_dag.py
[2021-10-28 01:37:02,392] {processor.py:620} INFO - Processing file /home/airflow/.local/lib/python3.6/site-packages/airflow/example_dags/example_external_task_marker_dag.py for tasks to queue
[2021-10-28 01:37:02,393] {logging_mixin.py:109} INFO - [2021-10-28 01:37:02,393] {dagbag.py:500} INFO - Filling up the DagBag from /home/airflow/.local/lib/python3.6/site-packages/airflow/example_dags/example_external_task_marker_dag.py
[2021-10-28 01:37:02,419] {processor.py:632} INFO - DAG(s) dict_keys(['example_external_task_marker_parent', 'example_external_task_marker_child']) retrieved from /home/airflow/.local/lib/python3.6/site-packages/airflow/example_dags/example_external_task_marker_dag.py
[2021-10-28 01:37:02,431] {logging_mixin.py:109} INFO - [2021-10-28 01:37:02,431] {dag.py:2389} INFO - Sync 2 DAGs
[2021-10-28 01:37:02,447] {logging_mixin.py:109} INFO - [2021-10-28 01:37:02,446] {dag.py:2914} INFO - Setting next_dagrun for example_external_task_marker_child to None
[2021-10-28 01:37:02,449] {logging_mixin.py:109} INFO - [2021-10-28 01:37:02,449] {dag.py:2914} INFO - Setting next_dagrun for example_external_task_marker_parent to None
[2021-10-28 01:37:02,459] {processor.py:171} INFO - Processing /home/airflow/.local/lib/python3.6/site-packages/airflow/example_dags/example_external_task_marker_dag.py took 0.075 seconds
[2021-10-28 01:37:33,199] {processor.py:163} INFO - Started process (PID=767) to work on /home/airflow/.local/lib/python3.6/site-packages/airflow/example_dags/example_external_task_marker_dag.py
[2021-10-28 01:37:33,202] {processor.py:620} INFO - Processing file /home/airflow/.local/lib/python3.6/site-packages/airflow/example_dags/example_external_task_marker_dag.py for tasks to queue
[2021-10-28 01:37:33,204] {logging_mixin.py:109} INFO - [2021-10-28 01:37:33,204] {dagbag.py:500} INFO - Filling up the DagBag from /home/airflow/.local/lib/python3.6/site-packages/airflow/example_dags/example_external_task_marker_dag.py
[2021-10-28 01:37:33,230] {processor.py:632} INFO - DAG(s) dict_keys(['example_external_task_marker_parent', 'example_external_task_marker_child']) retrieved from /home/airflow/.local/lib/python3.6/site-packages/airflow/example_dags/example_external_task_marker_dag.py
[2021-10-28 01:37:33,247] {logging_mixin.py:109} INFO - [2021-10-28 01:37:33,247] {dag.py:2389} INFO - Sync 2 DAGs
[2021-10-28 01:37:33,260] {logging_mixin.py:109} INFO - [2021-10-28 01:37:33,260] {dag.py:2914} INFO - Setting next_dagrun for example_external_task_marker_child to None
[2021-10-28 01:37:33,261] {logging_mixin.py:109} INFO - [2021-10-28 01:37:33,261] {dag.py:2914} INFO - Setting next_dagrun for example_external_task_marker_parent to None
[2021-10-28 01:37:33,271] {processor.py:171} INFO - Processing /home/airflow/.local/lib/python3.6/site-packages/airflow/example_dags/example_external_task_marker_dag.py took 0.075 seconds
[2021-10-28 01:38:04,226] {processor.py:163} INFO - Started process (PID=820) to work on /home/airflow/.local/lib/python3.6/site-packages/airflow/example_dags/example_external_task_marker_dag.py
[2021-10-28 01:38:04,245] {processor.py:620} INFO - Processing file /home/airflow/.local/lib/python3.6/site-packages/airflow/example_dags/example_external_task_marker_dag.py for tasks to queue
[2021-10-28 01:38:04,247] {logging_mixin.py:109} INFO - [2021-10-28 01:38:04,247] {dagbag.py:500} INFO - Filling up the DagBag from /home/airflow/.local/lib/python3.6/site-packages/airflow/example_dags/example_external_task_marker_dag.py
[2021-10-28 01:38:04,314] {processor.py:632} INFO - DAG(s) dict_keys(['example_external_task_marker_parent', 'example_external_task_marker_child']) retrieved from /home/airflow/.local/lib/python3.6/site-packages/airflow/example_dags/example_external_task_marker_dag.py
[2021-10-28 01:38:04,338] {logging_mixin.py:109} INFO - [2021-10-28 01:38:04,338] {dag.py:2389} INFO - Sync 2 DAGs
[2021-10-28 01:38:04,359] {logging_mixin.py:109} INFO - [2021-10-28 01:38:04,359] {dag.py:2914} INFO - Setting next_dagrun for example_external_task_marker_child to None
[2021-10-28 01:38:04,361] {logging_mixin.py:109} INFO - [2021-10-28 01:38:04,361] {dag.py:2914} INFO - Setting next_dagrun for example_external_task_marker_parent to None
[2021-10-28 01:38:04,403] {processor.py:171} INFO - Processing /home/airflow/.local/lib/python3.6/site-packages/airflow/example_dags/example_external_task_marker_dag.py took 0.195 seconds
[2021-10-28 01:38:35,008] {processor.py:163} INFO - Started process (PID=873) to work on /home/airflow/.local/lib/python3.6/site-packages/airflow/example_dags/example_external_task_marker_dag.py
[2021-10-28 01:38:35,027] {processor.py:620} INFO - Processing file /home/airflow/.local/lib/python3.6/site-packages/airflow/example_dags/example_external_task_marker_dag.py for tasks to queue
[2021-10-28 01:38:35,027] {logging_mixin.py:109} INFO - [2021-10-28 01:38:35,027] {dagbag.py:500} INFO - Filling up the DagBag from /home/airflow/.local/lib/python3.6/site-packages/airflow/example_dags/example_external_task_marker_dag.py
[2021-10-28 01:38:35,172] {processor.py:632} INFO - DAG(s) dict_keys(['example_external_task_marker_parent', 'example_external_task_marker_child']) retrieved from /home/airflow/.local/lib/python3.6/site-packages/airflow/example_dags/example_external_task_marker_dag.py
[2021-10-28 01:38:35,251] {logging_mixin.py:109} INFO - [2021-10-28 01:38:35,251] {dag.py:2389} INFO - Sync 2 DAGs
[2021-10-28 01:38:35,343] {logging_mixin.py:109} INFO - [2021-10-28 01:38:35,342] {dag.py:2914} INFO - Setting next_dagrun for example_external_task_marker_child to None
[2021-10-28 01:38:35,343] {logging_mixin.py:109} INFO - [2021-10-28 01:38:35,343] {dag.py:2914} INFO - Setting next_dagrun for example_external_task_marker_parent to None
[2021-10-28 01:38:35,448] {processor.py:171} INFO - Processing /home/airflow/.local/lib/python3.6/site-packages/airflow/example_dags/example_external_task_marker_dag.py took 0.443 seconds
[2021-10-28 01:39:06,450] {processor.py:163} INFO - Started process (PID=926) to work on /home/airflow/.local/lib/python3.6/site-packages/airflow/example_dags/example_external_task_marker_dag.py
[2021-10-28 01:39:06,495] {processor.py:620} INFO - Processing file /home/airflow/.local/lib/python3.6/site-packages/airflow/example_dags/example_external_task_marker_dag.py for tasks to queue
[2021-10-28 01:39:06,495] {logging_mixin.py:109} INFO - [2021-10-28 01:39:06,495] {dagbag.py:500} INFO - Filling up the DagBag from /home/airflow/.local/lib/python3.6/site-packages/airflow/example_dags/example_external_task_marker_dag.py
[2021-10-28 01:39:06,624] {processor.py:632} INFO - DAG(s) dict_keys(['example_external_task_marker_parent', 'example_external_task_marker_child']) retrieved from /home/airflow/.local/lib/python3.6/site-packages/airflow/example_dags/example_external_task_marker_dag.py
[2021-10-28 01:39:06,679] {logging_mixin.py:109} INFO - [2021-10-28 01:39:06,679] {dag.py:2389} INFO - Sync 2 DAGs
[2021-10-28 01:39:06,713] {logging_mixin.py:109} INFO - [2021-10-28 01:39:06,713] {dag.py:2914} INFO - Setting next_dagrun for example_external_task_marker_child to None
[2021-10-28 01:39:06,735] {logging_mixin.py:109} INFO - [2021-10-28 01:39:06,735] {dag.py:2914} INFO - Setting next_dagrun for example_external_task_marker_parent to None
[2021-10-28 01:39:06,752] {processor.py:171} INFO - Processing /home/airflow/.local/lib/python3.6/site-packages/airflow/example_dags/example_external_task_marker_dag.py took 0.305 seconds
[2021-10-28 01:39:37,499] {processor.py:163} INFO - Started process (PID=979) to work on /home/airflow/.local/lib/python3.6/site-packages/airflow/example_dags/example_external_task_marker_dag.py
[2021-10-28 01:39:37,536] {processor.py:620} INFO - Processing file /home/airflow/.local/lib/python3.6/site-packages/airflow/example_dags/example_external_task_marker_dag.py for tasks to queue
[2021-10-28 01:39:37,537] {logging_mixin.py:109} INFO - [2021-10-28 01:39:37,536] {dagbag.py:500} INFO - Filling up the DagBag from /home/airflow/.local/lib/python3.6/site-packages/airflow/example_dags/example_external_task_marker_dag.py
[2021-10-28 01:39:37,711] {processor.py:632} INFO - DAG(s) dict_keys(['example_external_task_marker_parent', 'example_external_task_marker_child']) retrieved from /home/airflow/.local/lib/python3.6/site-packages/airflow/example_dags/example_external_task_marker_dag.py
[2021-10-28 01:39:37,776] {logging_mixin.py:109} INFO - [2021-10-28 01:39:37,775] {dag.py:2389} INFO - Sync 2 DAGs
[2021-10-28 01:39:37,833] {logging_mixin.py:109} INFO - [2021-10-28 01:39:37,833] {dag.py:2914} INFO - Setting next_dagrun for example_external_task_marker_child to None
[2021-10-28 01:39:37,833] {logging_mixin.py:109} INFO - [2021-10-28 01:39:37,833] {dag.py:2914} INFO - Setting next_dagrun for example_external_task_marker_parent to None
[2021-10-28 01:39:37,907] {processor.py:171} INFO - Processing /home/airflow/.local/lib/python3.6/site-packages/airflow/example_dags/example_external_task_marker_dag.py took 0.413 seconds
[2021-10-28 01:40:08,791] {processor.py:163} INFO - Started process (PID=1021) to work on /home/airflow/.local/lib/python3.6/site-packages/airflow/example_dags/example_external_task_marker_dag.py
[2021-10-28 01:40:08,804] {processor.py:620} INFO - Processing file /home/airflow/.local/lib/python3.6/site-packages/airflow/example_dags/example_external_task_marker_dag.py for tasks to queue
[2021-10-28 01:40:08,805] {logging_mixin.py:109} INFO - [2021-10-28 01:40:08,805] {dagbag.py:500} INFO - Filling up the DagBag from /home/airflow/.local/lib/python3.6/site-packages/airflow/example_dags/example_external_task_marker_dag.py
[2021-10-28 01:40:08,861] {processor.py:632} INFO - DAG(s) dict_keys(['example_external_task_marker_parent', 'example_external_task_marker_child']) retrieved from /home/airflow/.local/lib/python3.6/site-packages/airflow/example_dags/example_external_task_marker_dag.py
[2021-10-28 01:40:08,899] {logging_mixin.py:109} INFO - [2021-10-28 01:40:08,899] {dag.py:2389} INFO - Sync 2 DAGs
[2021-10-28 01:40:08,918] {logging_mixin.py:109} INFO - [2021-10-28 01:40:08,918] {dag.py:2914} INFO - Setting next_dagrun for example_external_task_marker_child to None
[2021-10-28 01:40:08,919] {logging_mixin.py:109} INFO - [2021-10-28 01:40:08,919] {dag.py:2914} INFO - Setting next_dagrun for example_external_task_marker_parent to None
[2021-10-28 01:40:08,940] {processor.py:171} INFO - Processing /home/airflow/.local/lib/python3.6/site-packages/airflow/example_dags/example_external_task_marker_dag.py took 0.151 seconds
[2021-10-28 01:40:39,359] {processor.py:163} INFO - Started process (PID=1074) to work on /home/airflow/.local/lib/python3.6/site-packages/airflow/example_dags/example_external_task_marker_dag.py
[2021-10-28 01:40:39,367] {processor.py:620} INFO - Processing file /home/airflow/.local/lib/python3.6/site-packages/airflow/example_dags/example_external_task_marker_dag.py for tasks to queue
[2021-10-28 01:40:39,369] {logging_mixin.py:109} INFO - [2021-10-28 01:40:39,369] {dagbag.py:500} INFO - Filling up the DagBag from /home/airflow/.local/lib/python3.6/site-packages/airflow/example_dags/example_external_task_marker_dag.py
[2021-10-28 01:40:39,416] {processor.py:632} INFO - DAG(s) dict_keys(['example_external_task_marker_parent', 'example_external_task_marker_child']) retrieved from /home/airflow/.local/lib/python3.6/site-packages/airflow/example_dags/example_external_task_marker_dag.py
[2021-10-28 01:40:39,454] {logging_mixin.py:109} INFO - [2021-10-28 01:40:39,454] {dag.py:2389} INFO - Sync 2 DAGs
[2021-10-28 01:40:39,471] {logging_mixin.py:109} INFO - [2021-10-28 01:40:39,471] {dag.py:2914} INFO - Setting next_dagrun for example_external_task_marker_child to None
[2021-10-28 01:40:39,476] {logging_mixin.py:109} INFO - [2021-10-28 01:40:39,475] {dag.py:2914} INFO - Setting next_dagrun for example_external_task_marker_parent to None
[2021-10-28 01:40:39,504] {processor.py:171} INFO - Processing /home/airflow/.local/lib/python3.6/site-packages/airflow/example_dags/example_external_task_marker_dag.py took 0.149 seconds
[2021-10-28 01:41:09,675] {processor.py:163} INFO - Started process (PID=1126) to work on /home/airflow/.local/lib/python3.6/site-packages/airflow/example_dags/example_external_task_marker_dag.py
[2021-10-28 01:41:09,681] {processor.py:620} INFO - Processing file /home/airflow/.local/lib/python3.6/site-packages/airflow/example_dags/example_external_task_marker_dag.py for tasks to queue
[2021-10-28 01:41:09,683] {logging_mixin.py:109} INFO - [2021-10-28 01:41:09,683] {dagbag.py:500} INFO - Filling up the DagBag from /home/airflow/.local/lib/python3.6/site-packages/airflow/example_dags/example_external_task_marker_dag.py
[2021-10-28 01:41:09,814] {processor.py:632} INFO - DAG(s) dict_keys(['example_external_task_marker_parent', 'example_external_task_marker_child']) retrieved from /home/airflow/.local/lib/python3.6/site-packages/airflow/example_dags/example_external_task_marker_dag.py
[2021-10-28 01:41:09,859] {logging_mixin.py:109} INFO - [2021-10-28 01:41:09,859] {dag.py:2389} INFO - Sync 2 DAGs
[2021-10-28 01:41:09,883] {logging_mixin.py:109} INFO - [2021-10-28 01:41:09,883] {dag.py:2914} INFO - Setting next_dagrun for example_external_task_marker_child to None
[2021-10-28 01:41:09,885] {logging_mixin.py:109} INFO - [2021-10-28 01:41:09,885] {dag.py:2914} INFO - Setting next_dagrun for example_external_task_marker_parent to None
[2021-10-28 01:41:09,899] {processor.py:171} INFO - Processing /home/airflow/.local/lib/python3.6/site-packages/airflow/example_dags/example_external_task_marker_dag.py took 0.234 seconds
[2021-10-28 01:41:41,432] {processor.py:163} INFO - Started process (PID=1179) to work on /home/airflow/.local/lib/python3.6/site-packages/airflow/example_dags/example_external_task_marker_dag.py
[2021-10-28 01:41:41,441] {processor.py:620} INFO - Processing file /home/airflow/.local/lib/python3.6/site-packages/airflow/example_dags/example_external_task_marker_dag.py for tasks to queue
[2021-10-28 01:41:41,453] {logging_mixin.py:109} INFO - [2021-10-28 01:41:41,451] {dagbag.py:500} INFO - Filling up the DagBag from /home/airflow/.local/lib/python3.6/site-packages/airflow/example_dags/example_external_task_marker_dag.py
[2021-10-28 01:41:41,665] {processor.py:632} INFO - DAG(s) dict_keys(['example_external_task_marker_parent', 'example_external_task_marker_child']) retrieved from /home/airflow/.local/lib/python3.6/site-packages/airflow/example_dags/example_external_task_marker_dag.py
[2021-10-28 01:41:41,777] {logging_mixin.py:109} INFO - [2021-10-28 01:41:41,776] {dag.py:2389} INFO - Sync 2 DAGs
[2021-10-28 01:41:41,870] {logging_mixin.py:109} INFO - [2021-10-28 01:41:41,867] {dag.py:2914} INFO - Setting next_dagrun for example_external_task_marker_child to None
[2021-10-28 01:41:41,872] {logging_mixin.py:109} INFO - [2021-10-28 01:41:41,871] {dag.py:2914} INFO - Setting next_dagrun for example_external_task_marker_parent to None
[2021-10-28 01:41:41,950] {processor.py:171} INFO - Processing /home/airflow/.local/lib/python3.6/site-packages/airflow/example_dags/example_external_task_marker_dag.py took 0.579 seconds
[2021-10-28 01:42:12,142] {processor.py:163} INFO - Started process (PID=1231) to work on /home/airflow/.local/lib/python3.6/site-packages/airflow/example_dags/example_external_task_marker_dag.py
[2021-10-28 01:42:12,161] {processor.py:620} INFO - Processing file /home/airflow/.local/lib/python3.6/site-packages/airflow/example_dags/example_external_task_marker_dag.py for tasks to queue
[2021-10-28 01:42:12,161] {logging_mixin.py:109} INFO - [2021-10-28 01:42:12,161] {dagbag.py:500} INFO - Filling up the DagBag from /home/airflow/.local/lib/python3.6/site-packages/airflow/example_dags/example_external_task_marker_dag.py
[2021-10-28 01:42:12,356] {processor.py:632} INFO - DAG(s) dict_keys(['example_external_task_marker_parent', 'example_external_task_marker_child']) retrieved from /home/airflow/.local/lib/python3.6/site-packages/airflow/example_dags/example_external_task_marker_dag.py
[2021-10-28 01:42:12,424] {logging_mixin.py:109} INFO - [2021-10-28 01:42:12,424] {dag.py:2389} INFO - Sync 2 DAGs
[2021-10-28 01:42:12,480] {logging_mixin.py:109} INFO - [2021-10-28 01:42:12,480] {dag.py:2914} INFO - Setting next_dagrun for example_external_task_marker_child to None
[2021-10-28 01:42:12,481] {logging_mixin.py:109} INFO - [2021-10-28 01:42:12,481] {dag.py:2914} INFO - Setting next_dagrun for example_external_task_marker_parent to None
[2021-10-28 01:42:12,552] {processor.py:171} INFO - Processing /home/airflow/.local/lib/python3.6/site-packages/airflow/example_dags/example_external_task_marker_dag.py took 0.413 seconds
[2021-10-28 01:42:43,194] {processor.py:163} INFO - Started process (PID=1287) to work on /home/airflow/.local/lib/python3.6/site-packages/airflow/example_dags/example_external_task_marker_dag.py
[2021-10-28 01:42:43,206] {processor.py:620} INFO - Processing file /home/airflow/.local/lib/python3.6/site-packages/airflow/example_dags/example_external_task_marker_dag.py for tasks to queue
[2021-10-28 01:42:43,206] {logging_mixin.py:109} INFO - [2021-10-28 01:42:43,206] {dagbag.py:500} INFO - Filling up the DagBag from /home/airflow/.local/lib/python3.6/site-packages/airflow/example_dags/example_external_task_marker_dag.py
[2021-10-28 01:42:43,407] {processor.py:632} INFO - DAG(s) dict_keys(['example_external_task_marker_parent', 'example_external_task_marker_child']) retrieved from /home/airflow/.local/lib/python3.6/site-packages/airflow/example_dags/example_external_task_marker_dag.py
[2021-10-28 01:42:43,487] {logging_mixin.py:109} INFO - [2021-10-28 01:42:43,487] {dag.py:2389} INFO - Sync 2 DAGs
[2021-10-28 01:42:43,539] {logging_mixin.py:109} INFO - [2021-10-28 01:42:43,539] {dag.py:2914} INFO - Setting next_dagrun for example_external_task_marker_child to None
[2021-10-28 01:42:43,539] {logging_mixin.py:109} INFO - [2021-10-28 01:42:43,539] {dag.py:2914} INFO - Setting next_dagrun for example_external_task_marker_parent to None
[2021-10-28 01:42:43,592] {processor.py:171} INFO - Processing /home/airflow/.local/lib/python3.6/site-packages/airflow/example_dags/example_external_task_marker_dag.py took 0.405 seconds
