[2021-10-28 01:32:59,854] {processor.py:163} INFO - Started process (PID=306) to work on /home/airflow/.local/lib/python3.6/site-packages/airflow/example_dags/example_skip_dag.py
[2021-10-28 01:32:59,879] {processor.py:620} INFO - Processing file /home/airflow/.local/lib/python3.6/site-packages/airflow/example_dags/example_skip_dag.py for tasks to queue
[2021-10-28 01:32:59,879] {logging_mixin.py:109} INFO - [2021-10-28 01:32:59,879] {dagbag.py:500} INFO - Filling up the DagBag from /home/airflow/.local/lib/python3.6/site-packages/airflow/example_dags/example_skip_dag.py
[2021-10-28 01:33:00,026] {processor.py:632} INFO - DAG(s) dict_keys(['example_skip_dag']) retrieved from /home/airflow/.local/lib/python3.6/site-packages/airflow/example_dags/example_skip_dag.py
[2021-10-28 01:33:06,639] {logging_mixin.py:109} INFO - [2021-10-28 01:33:06,639] {providers_manager.py:156} WARNING - Exception when importing 'airflow.providers.google.leveldb.hooks.leveldb.LevelDBHook' from 'apache-airflow-providers-google' package: No module named 'plyvel'
[2021-10-28 01:33:08,528] {logging_mixin.py:109} INFO - [2021-10-28 01:33:08,528] {providers_manager.py:156} WARNING - Exception when importing 'airflow.providers.google.leveldb.hooks.leveldb.LevelDBHook' from 'apache-airflow-providers-google' package: No module named 'plyvel'
[2021-10-28 01:33:08,570] {logging_mixin.py:109} INFO - [2021-10-28 01:33:08,569] {manager.py:496} INFO - Created Permission View: can read on DAG:example_skip_dag
[2021-10-28 01:33:08,595] {logging_mixin.py:109} INFO - [2021-10-28 01:33:08,595] {manager.py:496} INFO - Created Permission View: can edit on DAG:example_skip_dag
[2021-10-28 01:33:08,598] {logging_mixin.py:109} INFO - [2021-10-28 01:33:08,597] {dag.py:2389} INFO - Sync 1 DAGs
[2021-10-28 01:33:08,614] {logging_mixin.py:109} INFO - [2021-10-28 01:33:08,613] {dag.py:2408} INFO - Creating ORM DAG for example_skip_dag
[2021-10-28 01:33:08,632] {logging_mixin.py:109} INFO - [2021-10-28 01:33:08,632] {dag.py:2914} INFO - Setting next_dagrun for example_skip_dag to 2021-10-27T01:33:08.632217+00:00
[2021-10-28 01:33:08,675] {processor.py:171} INFO - Processing /home/airflow/.local/lib/python3.6/site-packages/airflow/example_dags/example_skip_dag.py took 8.824 seconds
[2021-10-28 01:33:39,003] {processor.py:163} INFO - Started process (PID=367) to work on /home/airflow/.local/lib/python3.6/site-packages/airflow/example_dags/example_skip_dag.py
[2021-10-28 01:33:39,020] {processor.py:620} INFO - Processing file /home/airflow/.local/lib/python3.6/site-packages/airflow/example_dags/example_skip_dag.py for tasks to queue
[2021-10-28 01:33:39,022] {logging_mixin.py:109} INFO - [2021-10-28 01:33:39,022] {dagbag.py:500} INFO - Filling up the DagBag from /home/airflow/.local/lib/python3.6/site-packages/airflow/example_dags/example_skip_dag.py
[2021-10-28 01:33:39,056] {processor.py:632} INFO - DAG(s) dict_keys(['example_skip_dag']) retrieved from /home/airflow/.local/lib/python3.6/site-packages/airflow/example_dags/example_skip_dag.py
[2021-10-28 01:33:39,075] {logging_mixin.py:109} INFO - [2021-10-28 01:33:39,075] {dag.py:2389} INFO - Sync 1 DAGs
[2021-10-28 01:33:39,109] {logging_mixin.py:109} INFO - [2021-10-28 01:33:39,109] {dag.py:2914} INFO - Setting next_dagrun for example_skip_dag to 2021-10-27T01:33:39.109323+00:00
[2021-10-28 01:33:39,123] {processor.py:171} INFO - Processing /home/airflow/.local/lib/python3.6/site-packages/airflow/example_dags/example_skip_dag.py took 0.123 seconds
[2021-10-28 01:34:09,871] {processor.py:163} INFO - Started process (PID=420) to work on /home/airflow/.local/lib/python3.6/site-packages/airflow/example_dags/example_skip_dag.py
[2021-10-28 01:34:09,874] {processor.py:620} INFO - Processing file /home/airflow/.local/lib/python3.6/site-packages/airflow/example_dags/example_skip_dag.py for tasks to queue
[2021-10-28 01:34:09,876] {logging_mixin.py:109} INFO - [2021-10-28 01:34:09,876] {dagbag.py:500} INFO - Filling up the DagBag from /home/airflow/.local/lib/python3.6/site-packages/airflow/example_dags/example_skip_dag.py
[2021-10-28 01:34:09,900] {processor.py:632} INFO - DAG(s) dict_keys(['example_skip_dag']) retrieved from /home/airflow/.local/lib/python3.6/site-packages/airflow/example_dags/example_skip_dag.py
[2021-10-28 01:34:09,912] {logging_mixin.py:109} INFO - [2021-10-28 01:34:09,911] {dag.py:2389} INFO - Sync 1 DAGs
[2021-10-28 01:34:09,922] {logging_mixin.py:109} INFO - [2021-10-28 01:34:09,922] {dag.py:2914} INFO - Setting next_dagrun for example_skip_dag to 2021-10-27T01:34:09.922195+00:00
[2021-10-28 01:34:09,937] {processor.py:171} INFO - Processing /home/airflow/.local/lib/python3.6/site-packages/airflow/example_dags/example_skip_dag.py took 0.068 seconds
[2021-10-28 01:34:39,989] {processor.py:163} INFO - Started process (PID=473) to work on /home/airflow/.local/lib/python3.6/site-packages/airflow/example_dags/example_skip_dag.py
[2021-10-28 01:34:39,992] {processor.py:620} INFO - Processing file /home/airflow/.local/lib/python3.6/site-packages/airflow/example_dags/example_skip_dag.py for tasks to queue
[2021-10-28 01:34:39,993] {logging_mixin.py:109} INFO - [2021-10-28 01:34:39,993] {dagbag.py:500} INFO - Filling up the DagBag from /home/airflow/.local/lib/python3.6/site-packages/airflow/example_dags/example_skip_dag.py
[2021-10-28 01:34:40,019] {processor.py:632} INFO - DAG(s) dict_keys(['example_skip_dag']) retrieved from /home/airflow/.local/lib/python3.6/site-packages/airflow/example_dags/example_skip_dag.py
[2021-10-28 01:34:40,030] {logging_mixin.py:109} INFO - [2021-10-28 01:34:40,030] {dag.py:2389} INFO - Sync 1 DAGs
[2021-10-28 01:34:40,040] {logging_mixin.py:109} INFO - [2021-10-28 01:34:40,040] {dag.py:2914} INFO - Setting next_dagrun for example_skip_dag to 2021-10-27T01:34:40.040542+00:00
[2021-10-28 01:34:40,058] {processor.py:171} INFO - Processing /home/airflow/.local/lib/python3.6/site-packages/airflow/example_dags/example_skip_dag.py took 0.072 seconds
[2021-10-28 01:35:10,361] {processor.py:163} INFO - Started process (PID=526) to work on /home/airflow/.local/lib/python3.6/site-packages/airflow/example_dags/example_skip_dag.py
[2021-10-28 01:35:10,382] {processor.py:620} INFO - Processing file /home/airflow/.local/lib/python3.6/site-packages/airflow/example_dags/example_skip_dag.py for tasks to queue
[2021-10-28 01:35:10,386] {logging_mixin.py:109} INFO - [2021-10-28 01:35:10,386] {dagbag.py:500} INFO - Filling up the DagBag from /home/airflow/.local/lib/python3.6/site-packages/airflow/example_dags/example_skip_dag.py
[2021-10-28 01:35:10,520] {processor.py:632} INFO - DAG(s) dict_keys(['example_skip_dag']) retrieved from /home/airflow/.local/lib/python3.6/site-packages/airflow/example_dags/example_skip_dag.py
[2021-10-28 01:35:10,589] {logging_mixin.py:109} INFO - [2021-10-28 01:35:10,588] {dag.py:2389} INFO - Sync 1 DAGs
[2021-10-28 01:35:10,615] {logging_mixin.py:109} INFO - [2021-10-28 01:35:10,614] {dag.py:2914} INFO - Setting next_dagrun for example_skip_dag to 2021-10-27T01:35:10.614743+00:00
[2021-10-28 01:35:10,640] {processor.py:171} INFO - Processing /home/airflow/.local/lib/python3.6/site-packages/airflow/example_dags/example_skip_dag.py took 0.282 seconds
[2021-10-28 01:35:41,868] {processor.py:163} INFO - Started process (PID=588) to work on /home/airflow/.local/lib/python3.6/site-packages/airflow/example_dags/example_skip_dag.py
[2021-10-28 01:35:41,896] {processor.py:620} INFO - Processing file /home/airflow/.local/lib/python3.6/site-packages/airflow/example_dags/example_skip_dag.py for tasks to queue
[2021-10-28 01:35:41,897] {logging_mixin.py:109} INFO - [2021-10-28 01:35:41,897] {dagbag.py:500} INFO - Filling up the DagBag from /home/airflow/.local/lib/python3.6/site-packages/airflow/example_dags/example_skip_dag.py
[2021-10-28 01:35:41,953] {processor.py:632} INFO - DAG(s) dict_keys(['example_skip_dag']) retrieved from /home/airflow/.local/lib/python3.6/site-packages/airflow/example_dags/example_skip_dag.py
[2021-10-28 01:35:41,981] {logging_mixin.py:109} INFO - [2021-10-28 01:35:41,981] {dag.py:2389} INFO - Sync 1 DAGs
[2021-10-28 01:35:42,015] {logging_mixin.py:109} INFO - [2021-10-28 01:35:42,014] {dag.py:2914} INFO - Setting next_dagrun for example_skip_dag to 2021-10-27T01:35:42.014687+00:00
[2021-10-28 01:35:42,033] {processor.py:171} INFO - Processing /home/airflow/.local/lib/python3.6/site-packages/airflow/example_dags/example_skip_dag.py took 0.168 seconds
[2021-10-28 01:36:13,271] {processor.py:163} INFO - Started process (PID=642) to work on /home/airflow/.local/lib/python3.6/site-packages/airflow/example_dags/example_skip_dag.py
[2021-10-28 01:36:13,328] {processor.py:620} INFO - Processing file /home/airflow/.local/lib/python3.6/site-packages/airflow/example_dags/example_skip_dag.py for tasks to queue
[2021-10-28 01:36:13,345] {logging_mixin.py:109} INFO - [2021-10-28 01:36:13,345] {dagbag.py:500} INFO - Filling up the DagBag from /home/airflow/.local/lib/python3.6/site-packages/airflow/example_dags/example_skip_dag.py
[2021-10-28 01:36:13,456] {processor.py:632} INFO - DAG(s) dict_keys(['example_skip_dag']) retrieved from /home/airflow/.local/lib/python3.6/site-packages/airflow/example_dags/example_skip_dag.py
[2021-10-28 01:36:13,477] {logging_mixin.py:109} INFO - [2021-10-28 01:36:13,477] {dag.py:2389} INFO - Sync 1 DAGs
[2021-10-28 01:36:13,532] {logging_mixin.py:109} INFO - [2021-10-28 01:36:13,532] {dag.py:2914} INFO - Setting next_dagrun for example_skip_dag to 2021-10-27T01:36:13.532428+00:00
[2021-10-28 01:36:13,573] {processor.py:171} INFO - Processing /home/airflow/.local/lib/python3.6/site-packages/airflow/example_dags/example_skip_dag.py took 0.305 seconds
[2021-10-28 01:36:44,313] {processor.py:163} INFO - Started process (PID=694) to work on /home/airflow/.local/lib/python3.6/site-packages/airflow/example_dags/example_skip_dag.py
[2021-10-28 01:36:44,325] {processor.py:620} INFO - Processing file /home/airflow/.local/lib/python3.6/site-packages/airflow/example_dags/example_skip_dag.py for tasks to queue
[2021-10-28 01:36:44,338] {logging_mixin.py:109} INFO - [2021-10-28 01:36:44,338] {dagbag.py:500} INFO - Filling up the DagBag from /home/airflow/.local/lib/python3.6/site-packages/airflow/example_dags/example_skip_dag.py
[2021-10-28 01:36:44,444] {processor.py:632} INFO - DAG(s) dict_keys(['example_skip_dag']) retrieved from /home/airflow/.local/lib/python3.6/site-packages/airflow/example_dags/example_skip_dag.py
[2021-10-28 01:36:44,471] {logging_mixin.py:109} INFO - [2021-10-28 01:36:44,471] {dag.py:2389} INFO - Sync 1 DAGs
[2021-10-28 01:36:44,495] {logging_mixin.py:109} INFO - [2021-10-28 01:36:44,495] {dag.py:2914} INFO - Setting next_dagrun for example_skip_dag to 2021-10-27T01:36:44.495512+00:00
[2021-10-28 01:36:44,522] {processor.py:171} INFO - Processing /home/airflow/.local/lib/python3.6/site-packages/airflow/example_dags/example_skip_dag.py took 0.220 seconds
[2021-10-28 01:37:14,617] {processor.py:163} INFO - Started process (PID=745) to work on /home/airflow/.local/lib/python3.6/site-packages/airflow/example_dags/example_skip_dag.py
[2021-10-28 01:37:14,620] {processor.py:620} INFO - Processing file /home/airflow/.local/lib/python3.6/site-packages/airflow/example_dags/example_skip_dag.py for tasks to queue
[2021-10-28 01:37:14,634] {logging_mixin.py:109} INFO - [2021-10-28 01:37:14,634] {dagbag.py:500} INFO - Filling up the DagBag from /home/airflow/.local/lib/python3.6/site-packages/airflow/example_dags/example_skip_dag.py
[2021-10-28 01:37:14,684] {processor.py:632} INFO - DAG(s) dict_keys(['example_skip_dag']) retrieved from /home/airflow/.local/lib/python3.6/site-packages/airflow/example_dags/example_skip_dag.py
[2021-10-28 01:37:14,710] {logging_mixin.py:109} INFO - [2021-10-28 01:37:14,710] {dag.py:2389} INFO - Sync 1 DAGs
[2021-10-28 01:37:14,814] {logging_mixin.py:109} INFO - [2021-10-28 01:37:14,814] {dag.py:2914} INFO - Setting next_dagrun for example_skip_dag to 2021-10-27T01:37:14.814096+00:00
[2021-10-28 01:37:14,880] {processor.py:171} INFO - Processing /home/airflow/.local/lib/python3.6/site-packages/airflow/example_dags/example_skip_dag.py took 0.275 seconds
[2021-10-28 01:37:44,960] {processor.py:163} INFO - Started process (PID=797) to work on /home/airflow/.local/lib/python3.6/site-packages/airflow/example_dags/example_skip_dag.py
[2021-10-28 01:37:44,965] {processor.py:620} INFO - Processing file /home/airflow/.local/lib/python3.6/site-packages/airflow/example_dags/example_skip_dag.py for tasks to queue
[2021-10-28 01:37:44,965] {logging_mixin.py:109} INFO - [2021-10-28 01:37:44,965] {dagbag.py:500} INFO - Filling up the DagBag from /home/airflow/.local/lib/python3.6/site-packages/airflow/example_dags/example_skip_dag.py
[2021-10-28 01:37:45,005] {processor.py:632} INFO - DAG(s) dict_keys(['example_skip_dag']) retrieved from /home/airflow/.local/lib/python3.6/site-packages/airflow/example_dags/example_skip_dag.py
[2021-10-28 01:37:45,020] {logging_mixin.py:109} INFO - [2021-10-28 01:37:45,020] {dag.py:2389} INFO - Sync 1 DAGs
[2021-10-28 01:37:45,030] {logging_mixin.py:109} INFO - [2021-10-28 01:37:45,030] {dag.py:2914} INFO - Setting next_dagrun for example_skip_dag to 2021-10-27T01:37:45.030435+00:00
[2021-10-28 01:37:45,041] {processor.py:171} INFO - Processing /home/airflow/.local/lib/python3.6/site-packages/airflow/example_dags/example_skip_dag.py took 0.084 seconds
[2021-10-28 01:38:16,516] {processor.py:163} INFO - Started process (PID=850) to work on /home/airflow/.local/lib/python3.6/site-packages/airflow/example_dags/example_skip_dag.py
[2021-10-28 01:38:16,520] {processor.py:620} INFO - Processing file /home/airflow/.local/lib/python3.6/site-packages/airflow/example_dags/example_skip_dag.py for tasks to queue
[2021-10-28 01:38:16,520] {logging_mixin.py:109} INFO - [2021-10-28 01:38:16,520] {dagbag.py:500} INFO - Filling up the DagBag from /home/airflow/.local/lib/python3.6/site-packages/airflow/example_dags/example_skip_dag.py
[2021-10-28 01:38:16,706] {processor.py:632} INFO - DAG(s) dict_keys(['example_skip_dag']) retrieved from /home/airflow/.local/lib/python3.6/site-packages/airflow/example_dags/example_skip_dag.py
[2021-10-28 01:38:16,861] {logging_mixin.py:109} INFO - [2021-10-28 01:38:16,861] {dag.py:2389} INFO - Sync 1 DAGs
[2021-10-28 01:38:16,923] {logging_mixin.py:109} INFO - [2021-10-28 01:38:16,923] {dag.py:2914} INFO - Setting next_dagrun for example_skip_dag to 2021-10-27T01:38:16.923557+00:00
[2021-10-28 01:38:16,959] {processor.py:171} INFO - Processing /home/airflow/.local/lib/python3.6/site-packages/airflow/example_dags/example_skip_dag.py took 0.544 seconds
[2021-10-28 01:38:48,195] {processor.py:163} INFO - Started process (PID=901) to work on /home/airflow/.local/lib/python3.6/site-packages/airflow/example_dags/example_skip_dag.py
[2021-10-28 01:38:48,198] {processor.py:620} INFO - Processing file /home/airflow/.local/lib/python3.6/site-packages/airflow/example_dags/example_skip_dag.py for tasks to queue
[2021-10-28 01:38:48,235] {logging_mixin.py:109} INFO - [2021-10-28 01:38:48,235] {dagbag.py:500} INFO - Filling up the DagBag from /home/airflow/.local/lib/python3.6/site-packages/airflow/example_dags/example_skip_dag.py
[2021-10-28 01:38:48,339] {processor.py:632} INFO - DAG(s) dict_keys(['example_skip_dag']) retrieved from /home/airflow/.local/lib/python3.6/site-packages/airflow/example_dags/example_skip_dag.py
[2021-10-28 01:38:48,418] {logging_mixin.py:109} INFO - [2021-10-28 01:38:48,418] {dag.py:2389} INFO - Sync 1 DAGs
[2021-10-28 01:38:48,439] {logging_mixin.py:109} INFO - [2021-10-28 01:38:48,439] {dag.py:2914} INFO - Setting next_dagrun for example_skip_dag to 2021-10-27T01:38:48.439083+00:00
[2021-10-28 01:38:48,494] {processor.py:171} INFO - Processing /home/airflow/.local/lib/python3.6/site-packages/airflow/example_dags/example_skip_dag.py took 0.302 seconds
[2021-10-28 01:39:18,861] {processor.py:163} INFO - Started process (PID=950) to work on /home/airflow/.local/lib/python3.6/site-packages/airflow/example_dags/example_skip_dag.py
[2021-10-28 01:39:18,888] {processor.py:620} INFO - Processing file /home/airflow/.local/lib/python3.6/site-packages/airflow/example_dags/example_skip_dag.py for tasks to queue
[2021-10-28 01:39:18,907] {logging_mixin.py:109} INFO - [2021-10-28 01:39:18,907] {dagbag.py:500} INFO - Filling up the DagBag from /home/airflow/.local/lib/python3.6/site-packages/airflow/example_dags/example_skip_dag.py
[2021-10-28 01:39:19,058] {processor.py:632} INFO - DAG(s) dict_keys(['example_skip_dag']) retrieved from /home/airflow/.local/lib/python3.6/site-packages/airflow/example_dags/example_skip_dag.py
[2021-10-28 01:39:19,106] {logging_mixin.py:109} INFO - [2021-10-28 01:39:19,106] {dag.py:2389} INFO - Sync 1 DAGs
[2021-10-28 01:39:19,186] {logging_mixin.py:109} INFO - [2021-10-28 01:39:19,186] {dag.py:2914} INFO - Setting next_dagrun for example_skip_dag to 2021-10-27T01:39:19.185977+00:00
[2021-10-28 01:39:19,306] {processor.py:171} INFO - Processing /home/airflow/.local/lib/python3.6/site-packages/airflow/example_dags/example_skip_dag.py took 0.448 seconds
[2021-10-28 01:39:50,386] {processor.py:163} INFO - Started process (PID=996) to work on /home/airflow/.local/lib/python3.6/site-packages/airflow/example_dags/example_skip_dag.py
[2021-10-28 01:39:50,408] {processor.py:620} INFO - Processing file /home/airflow/.local/lib/python3.6/site-packages/airflow/example_dags/example_skip_dag.py for tasks to queue
[2021-10-28 01:39:50,412] {logging_mixin.py:109} INFO - [2021-10-28 01:39:50,412] {dagbag.py:500} INFO - Filling up the DagBag from /home/airflow/.local/lib/python3.6/site-packages/airflow/example_dags/example_skip_dag.py
[2021-10-28 01:39:50,574] {processor.py:632} INFO - DAG(s) dict_keys(['example_skip_dag']) retrieved from /home/airflow/.local/lib/python3.6/site-packages/airflow/example_dags/example_skip_dag.py
[2021-10-28 01:39:50,615] {logging_mixin.py:109} INFO - [2021-10-28 01:39:50,615] {dag.py:2389} INFO - Sync 1 DAGs
[2021-10-28 01:39:50,700] {logging_mixin.py:109} INFO - [2021-10-28 01:39:50,700] {dag.py:2914} INFO - Setting next_dagrun for example_skip_dag to 2021-10-27T01:39:50.699769+00:00
[2021-10-28 01:39:50,823] {processor.py:171} INFO - Processing /home/airflow/.local/lib/python3.6/site-packages/airflow/example_dags/example_skip_dag.py took 0.441 seconds
[2021-10-28 01:40:21,210] {processor.py:163} INFO - Started process (PID=1049) to work on /home/airflow/.local/lib/python3.6/site-packages/airflow/example_dags/example_skip_dag.py
[2021-10-28 01:40:21,213] {processor.py:620} INFO - Processing file /home/airflow/.local/lib/python3.6/site-packages/airflow/example_dags/example_skip_dag.py for tasks to queue
[2021-10-28 01:40:21,215] {logging_mixin.py:109} INFO - [2021-10-28 01:40:21,215] {dagbag.py:500} INFO - Filling up the DagBag from /home/airflow/.local/lib/python3.6/site-packages/airflow/example_dags/example_skip_dag.py
[2021-10-28 01:40:21,239] {processor.py:632} INFO - DAG(s) dict_keys(['example_skip_dag']) retrieved from /home/airflow/.local/lib/python3.6/site-packages/airflow/example_dags/example_skip_dag.py
[2021-10-28 01:40:21,251] {logging_mixin.py:109} INFO - [2021-10-28 01:40:21,251] {dag.py:2389} INFO - Sync 1 DAGs
[2021-10-28 01:40:21,263] {logging_mixin.py:109} INFO - [2021-10-28 01:40:21,263] {dag.py:2914} INFO - Setting next_dagrun for example_skip_dag to 2021-10-27T01:40:21.263192+00:00
[2021-10-28 01:40:21,298] {processor.py:171} INFO - Processing /home/airflow/.local/lib/python3.6/site-packages/airflow/example_dags/example_skip_dag.py took 0.091 seconds
[2021-10-28 01:40:51,709] {processor.py:163} INFO - Started process (PID=1102) to work on /home/airflow/.local/lib/python3.6/site-packages/airflow/example_dags/example_skip_dag.py
[2021-10-28 01:40:51,712] {processor.py:620} INFO - Processing file /home/airflow/.local/lib/python3.6/site-packages/airflow/example_dags/example_skip_dag.py for tasks to queue
[2021-10-28 01:40:51,714] {logging_mixin.py:109} INFO - [2021-10-28 01:40:51,713] {dagbag.py:500} INFO - Filling up the DagBag from /home/airflow/.local/lib/python3.6/site-packages/airflow/example_dags/example_skip_dag.py
[2021-10-28 01:40:51,757] {processor.py:632} INFO - DAG(s) dict_keys(['example_skip_dag']) retrieved from /home/airflow/.local/lib/python3.6/site-packages/airflow/example_dags/example_skip_dag.py
[2021-10-28 01:40:51,778] {logging_mixin.py:109} INFO - [2021-10-28 01:40:51,778] {dag.py:2389} INFO - Sync 1 DAGs
[2021-10-28 01:40:51,800] {logging_mixin.py:109} INFO - [2021-10-28 01:40:51,800] {dag.py:2914} INFO - Setting next_dagrun for example_skip_dag to 2021-10-27T01:40:51.799782+00:00
[2021-10-28 01:40:51,826] {processor.py:171} INFO - Processing /home/airflow/.local/lib/python3.6/site-packages/airflow/example_dags/example_skip_dag.py took 0.120 seconds
[2021-10-28 01:41:22,583] {processor.py:163} INFO - Started process (PID=1154) to work on /home/airflow/.local/lib/python3.6/site-packages/airflow/example_dags/example_skip_dag.py
[2021-10-28 01:41:22,589] {processor.py:620} INFO - Processing file /home/airflow/.local/lib/python3.6/site-packages/airflow/example_dags/example_skip_dag.py for tasks to queue
[2021-10-28 01:41:22,590] {logging_mixin.py:109} INFO - [2021-10-28 01:41:22,590] {dagbag.py:500} INFO - Filling up the DagBag from /home/airflow/.local/lib/python3.6/site-packages/airflow/example_dags/example_skip_dag.py
[2021-10-28 01:41:22,742] {processor.py:632} INFO - DAG(s) dict_keys(['example_skip_dag']) retrieved from /home/airflow/.local/lib/python3.6/site-packages/airflow/example_dags/example_skip_dag.py
[2021-10-28 01:41:22,791] {logging_mixin.py:109} INFO - [2021-10-28 01:41:22,790] {dag.py:2389} INFO - Sync 1 DAGs
[2021-10-28 01:41:22,829] {logging_mixin.py:109} INFO - [2021-10-28 01:41:22,829] {dag.py:2914} INFO - Setting next_dagrun for example_skip_dag to 2021-10-27T01:41:22.829142+00:00
[2021-10-28 01:41:22,843] {processor.py:171} INFO - Processing /home/airflow/.local/lib/python3.6/site-packages/airflow/example_dags/example_skip_dag.py took 0.313 seconds
[2021-10-28 01:41:53,874] {processor.py:163} INFO - Started process (PID=1203) to work on /home/airflow/.local/lib/python3.6/site-packages/airflow/example_dags/example_skip_dag.py
[2021-10-28 01:41:53,896] {processor.py:620} INFO - Processing file /home/airflow/.local/lib/python3.6/site-packages/airflow/example_dags/example_skip_dag.py for tasks to queue
[2021-10-28 01:41:53,901] {logging_mixin.py:109} INFO - [2021-10-28 01:41:53,901] {dagbag.py:500} INFO - Filling up the DagBag from /home/airflow/.local/lib/python3.6/site-packages/airflow/example_dags/example_skip_dag.py
[2021-10-28 01:41:54,055] {processor.py:632} INFO - DAG(s) dict_keys(['example_skip_dag']) retrieved from /home/airflow/.local/lib/python3.6/site-packages/airflow/example_dags/example_skip_dag.py
[2021-10-28 01:41:54,110] {logging_mixin.py:109} INFO - [2021-10-28 01:41:54,110] {dag.py:2389} INFO - Sync 1 DAGs
[2021-10-28 01:41:54,143] {logging_mixin.py:109} INFO - [2021-10-28 01:41:54,143] {dag.py:2914} INFO - Setting next_dagrun for example_skip_dag to 2021-10-27T01:41:54.142740+00:00
[2021-10-28 01:41:54,165] {processor.py:171} INFO - Processing /home/airflow/.local/lib/python3.6/site-packages/airflow/example_dags/example_skip_dag.py took 0.294 seconds
[2021-10-28 01:42:24,792] {processor.py:163} INFO - Started process (PID=1250) to work on /home/airflow/.local/lib/python3.6/site-packages/airflow/example_dags/example_skip_dag.py
[2021-10-28 01:42:24,811] {processor.py:620} INFO - Processing file /home/airflow/.local/lib/python3.6/site-packages/airflow/example_dags/example_skip_dag.py for tasks to queue
[2021-10-28 01:42:24,811] {logging_mixin.py:109} INFO - [2021-10-28 01:42:24,811] {dagbag.py:500} INFO - Filling up the DagBag from /home/airflow/.local/lib/python3.6/site-packages/airflow/example_dags/example_skip_dag.py
[2021-10-28 01:42:24,974] {processor.py:632} INFO - DAG(s) dict_keys(['example_skip_dag']) retrieved from /home/airflow/.local/lib/python3.6/site-packages/airflow/example_dags/example_skip_dag.py
[2021-10-28 01:42:25,027] {logging_mixin.py:109} INFO - [2021-10-28 01:42:25,027] {dag.py:2389} INFO - Sync 1 DAGs
[2021-10-28 01:42:25,059] {logging_mixin.py:109} INFO - [2021-10-28 01:42:25,059] {dag.py:2914} INFO - Setting next_dagrun for example_skip_dag to 2021-10-27T01:42:25.059578+00:00
[2021-10-28 01:42:25,086] {processor.py:171} INFO - Processing /home/airflow/.local/lib/python3.6/site-packages/airflow/example_dags/example_skip_dag.py took 0.297 seconds
