[2021-10-28 01:32:11,839] {processor.py:163} INFO - Started process (PID=249) to work on /home/airflow/.local/lib/python3.6/site-packages/airflow/example_dags/example_branch_labels.py
[2021-10-28 01:32:11,842] {processor.py:620} INFO - Processing file /home/airflow/.local/lib/python3.6/site-packages/airflow/example_dags/example_branch_labels.py for tasks to queue
[2021-10-28 01:32:11,843] {logging_mixin.py:109} INFO - [2021-10-28 01:32:11,843] {dagbag.py:500} INFO - Filling up the DagBag from /home/airflow/.local/lib/python3.6/site-packages/airflow/example_dags/example_branch_labels.py
[2021-10-28 01:32:11,907] {processor.py:632} INFO - DAG(s) dict_keys(['example_branch_labels']) retrieved from /home/airflow/.local/lib/python3.6/site-packages/airflow/example_dags/example_branch_labels.py
[2021-10-28 01:32:15,021] {logging_mixin.py:109} INFO - [2021-10-28 01:32:15,021] {providers_manager.py:156} WARNING - Exception when importing 'airflow.providers.google.leveldb.hooks.leveldb.LevelDBHook' from 'apache-airflow-providers-google' package: No module named 'plyvel'
[2021-10-28 01:32:15,771] {logging_mixin.py:109} INFO - [2021-10-28 01:32:15,771] {providers_manager.py:156} WARNING - Exception when importing 'airflow.providers.google.leveldb.hooks.leveldb.LevelDBHook' from 'apache-airflow-providers-google' package: No module named 'plyvel'
[2021-10-28 01:32:15,812] {logging_mixin.py:109} INFO - [2021-10-28 01:32:15,812] {manager.py:496} INFO - Created Permission View: can read on DAG:example_branch_labels
[2021-10-28 01:32:15,836] {logging_mixin.py:109} INFO - [2021-10-28 01:32:15,836] {manager.py:496} INFO - Created Permission View: can edit on DAG:example_branch_labels
[2021-10-28 01:32:15,838] {logging_mixin.py:109} INFO - [2021-10-28 01:32:15,837] {dag.py:2389} INFO - Sync 1 DAGs
[2021-10-28 01:32:15,858] {logging_mixin.py:109} INFO - [2021-10-28 01:32:15,857] {dag.py:2408} INFO - Creating ORM DAG for example_branch_labels
[2021-10-28 01:32:15,865] {logging_mixin.py:109} INFO - [2021-10-28 01:32:15,865] {dag.py:2914} INFO - Setting next_dagrun for example_branch_labels to 2021-10-27 00:00:00+00:00
[2021-10-28 01:32:15,882] {processor.py:171} INFO - Processing /home/airflow/.local/lib/python3.6/site-packages/airflow/example_dags/example_branch_labels.py took 4.057 seconds
[2021-10-28 01:33:30,282] {processor.py:163} INFO - Started process (PID=343) to work on /home/airflow/.local/lib/python3.6/site-packages/airflow/example_dags/example_branch_labels.py
[2021-10-28 01:33:30,321] {processor.py:620} INFO - Processing file /home/airflow/.local/lib/python3.6/site-packages/airflow/example_dags/example_branch_labels.py for tasks to queue
[2021-10-28 01:33:30,322] {logging_mixin.py:109} INFO - [2021-10-28 01:33:30,322] {dagbag.py:500} INFO - Filling up the DagBag from /home/airflow/.local/lib/python3.6/site-packages/airflow/example_dags/example_branch_labels.py
[2021-10-28 01:33:30,401] {processor.py:632} INFO - DAG(s) dict_keys(['example_branch_labels']) retrieved from /home/airflow/.local/lib/python3.6/site-packages/airflow/example_dags/example_branch_labels.py
[2021-10-28 01:33:30,445] {logging_mixin.py:109} INFO - [2021-10-28 01:33:30,445] {dag.py:2389} INFO - Sync 1 DAGs
[2021-10-28 01:33:30,497] {logging_mixin.py:109} INFO - [2021-10-28 01:33:30,497] {dag.py:2914} INFO - Setting next_dagrun for example_branch_labels to 2021-10-27 00:00:00+00:00
[2021-10-28 01:33:30,535] {processor.py:171} INFO - Processing /home/airflow/.local/lib/python3.6/site-packages/airflow/example_dags/example_branch_labels.py took 0.256 seconds
[2021-10-28 01:34:01,050] {processor.py:163} INFO - Started process (PID=394) to work on /home/airflow/.local/lib/python3.6/site-packages/airflow/example_dags/example_branch_labels.py
[2021-10-28 01:34:01,100] {processor.py:620} INFO - Processing file /home/airflow/.local/lib/python3.6/site-packages/airflow/example_dags/example_branch_labels.py for tasks to queue
[2021-10-28 01:34:01,102] {logging_mixin.py:109} INFO - [2021-10-28 01:34:01,102] {dagbag.py:500} INFO - Filling up the DagBag from /home/airflow/.local/lib/python3.6/site-packages/airflow/example_dags/example_branch_labels.py
[2021-10-28 01:34:01,281] {processor.py:632} INFO - DAG(s) dict_keys(['example_branch_labels']) retrieved from /home/airflow/.local/lib/python3.6/site-packages/airflow/example_dags/example_branch_labels.py
[2021-10-28 01:34:01,309] {logging_mixin.py:109} INFO - [2021-10-28 01:34:01,309] {dag.py:2389} INFO - Sync 1 DAGs
[2021-10-28 01:34:01,347] {logging_mixin.py:109} INFO - [2021-10-28 01:34:01,347] {dag.py:2914} INFO - Setting next_dagrun for example_branch_labels to 2021-10-27 00:00:00+00:00
[2021-10-28 01:34:01,377] {processor.py:171} INFO - Processing /home/airflow/.local/lib/python3.6/site-packages/airflow/example_dags/example_branch_labels.py took 0.330 seconds
[2021-10-28 01:34:31,726] {processor.py:163} INFO - Started process (PID=458) to work on /home/airflow/.local/lib/python3.6/site-packages/airflow/example_dags/example_branch_labels.py
[2021-10-28 01:34:31,747] {processor.py:620} INFO - Processing file /home/airflow/.local/lib/python3.6/site-packages/airflow/example_dags/example_branch_labels.py for tasks to queue
[2021-10-28 01:34:31,763] {logging_mixin.py:109} INFO - [2021-10-28 01:34:31,762] {dagbag.py:500} INFO - Filling up the DagBag from /home/airflow/.local/lib/python3.6/site-packages/airflow/example_dags/example_branch_labels.py
[2021-10-28 01:34:31,807] {processor.py:632} INFO - DAG(s) dict_keys(['example_branch_labels']) retrieved from /home/airflow/.local/lib/python3.6/site-packages/airflow/example_dags/example_branch_labels.py
[2021-10-28 01:34:31,823] {logging_mixin.py:109} INFO - [2021-10-28 01:34:31,823] {dag.py:2389} INFO - Sync 1 DAGs
[2021-10-28 01:34:31,846] {logging_mixin.py:109} INFO - [2021-10-28 01:34:31,846] {dag.py:2914} INFO - Setting next_dagrun for example_branch_labels to 2021-10-27 00:00:00+00:00
[2021-10-28 01:34:31,868] {processor.py:171} INFO - Processing /home/airflow/.local/lib/python3.6/site-packages/airflow/example_dags/example_branch_labels.py took 0.145 seconds
[2021-10-28 01:35:02,421] {processor.py:163} INFO - Started process (PID=511) to work on /home/airflow/.local/lib/python3.6/site-packages/airflow/example_dags/example_branch_labels.py
[2021-10-28 01:35:02,436] {processor.py:620} INFO - Processing file /home/airflow/.local/lib/python3.6/site-packages/airflow/example_dags/example_branch_labels.py for tasks to queue
[2021-10-28 01:35:02,442] {logging_mixin.py:109} INFO - [2021-10-28 01:35:02,442] {dagbag.py:500} INFO - Filling up the DagBag from /home/airflow/.local/lib/python3.6/site-packages/airflow/example_dags/example_branch_labels.py
[2021-10-28 01:35:02,514] {processor.py:632} INFO - DAG(s) dict_keys(['example_branch_labels']) retrieved from /home/airflow/.local/lib/python3.6/site-packages/airflow/example_dags/example_branch_labels.py
[2021-10-28 01:35:02,527] {logging_mixin.py:109} INFO - [2021-10-28 01:35:02,527] {dag.py:2389} INFO - Sync 1 DAGs
[2021-10-28 01:35:02,549] {logging_mixin.py:109} INFO - [2021-10-28 01:35:02,549] {dag.py:2914} INFO - Setting next_dagrun for example_branch_labels to 2021-10-27 00:00:00+00:00
[2021-10-28 01:35:02,564] {processor.py:171} INFO - Processing /home/airflow/.local/lib/python3.6/site-packages/airflow/example_dags/example_branch_labels.py took 0.146 seconds
[2021-10-28 01:35:32,697] {processor.py:163} INFO - Started process (PID=564) to work on /home/airflow/.local/lib/python3.6/site-packages/airflow/example_dags/example_branch_labels.py
[2021-10-28 01:35:32,710] {processor.py:620} INFO - Processing file /home/airflow/.local/lib/python3.6/site-packages/airflow/example_dags/example_branch_labels.py for tasks to queue
[2021-10-28 01:35:32,713] {logging_mixin.py:109} INFO - [2021-10-28 01:35:32,713] {dagbag.py:500} INFO - Filling up the DagBag from /home/airflow/.local/lib/python3.6/site-packages/airflow/example_dags/example_branch_labels.py
[2021-10-28 01:35:32,749] {processor.py:632} INFO - DAG(s) dict_keys(['example_branch_labels']) retrieved from /home/airflow/.local/lib/python3.6/site-packages/airflow/example_dags/example_branch_labels.py
[2021-10-28 01:35:32,778] {logging_mixin.py:109} INFO - [2021-10-28 01:35:32,778] {dag.py:2389} INFO - Sync 1 DAGs
[2021-10-28 01:35:32,799] {logging_mixin.py:109} INFO - [2021-10-28 01:35:32,799] {dag.py:2914} INFO - Setting next_dagrun for example_branch_labels to 2021-10-27 00:00:00+00:00
[2021-10-28 01:35:32,810] {processor.py:171} INFO - Processing /home/airflow/.local/lib/python3.6/site-packages/airflow/example_dags/example_branch_labels.py took 0.116 seconds
[2021-10-28 01:36:03,699] {processor.py:163} INFO - Started process (PID=617) to work on /home/airflow/.local/lib/python3.6/site-packages/airflow/example_dags/example_branch_labels.py
[2021-10-28 01:36:03,704] {processor.py:620} INFO - Processing file /home/airflow/.local/lib/python3.6/site-packages/airflow/example_dags/example_branch_labels.py for tasks to queue
[2021-10-28 01:36:03,705] {logging_mixin.py:109} INFO - [2021-10-28 01:36:03,705] {dagbag.py:500} INFO - Filling up the DagBag from /home/airflow/.local/lib/python3.6/site-packages/airflow/example_dags/example_branch_labels.py
[2021-10-28 01:36:03,731] {processor.py:632} INFO - DAG(s) dict_keys(['example_branch_labels']) retrieved from /home/airflow/.local/lib/python3.6/site-packages/airflow/example_dags/example_branch_labels.py
[2021-10-28 01:36:03,742] {logging_mixin.py:109} INFO - [2021-10-28 01:36:03,742] {dag.py:2389} INFO - Sync 1 DAGs
[2021-10-28 01:36:03,756] {logging_mixin.py:109} INFO - [2021-10-28 01:36:03,756] {dag.py:2914} INFO - Setting next_dagrun for example_branch_labels to 2021-10-27 00:00:00+00:00
[2021-10-28 01:36:03,765] {processor.py:171} INFO - Processing /home/airflow/.local/lib/python3.6/site-packages/airflow/example_dags/example_branch_labels.py took 0.069 seconds
[2021-10-28 01:36:34,367] {processor.py:163} INFO - Started process (PID=670) to work on /home/airflow/.local/lib/python3.6/site-packages/airflow/example_dags/example_branch_labels.py
[2021-10-28 01:36:34,389] {processor.py:620} INFO - Processing file /home/airflow/.local/lib/python3.6/site-packages/airflow/example_dags/example_branch_labels.py for tasks to queue
[2021-10-28 01:36:34,408] {logging_mixin.py:109} INFO - [2021-10-28 01:36:34,407] {dagbag.py:500} INFO - Filling up the DagBag from /home/airflow/.local/lib/python3.6/site-packages/airflow/example_dags/example_branch_labels.py
[2021-10-28 01:36:34,615] {processor.py:632} INFO - DAG(s) dict_keys(['example_branch_labels']) retrieved from /home/airflow/.local/lib/python3.6/site-packages/airflow/example_dags/example_branch_labels.py
[2021-10-28 01:36:34,667] {logging_mixin.py:109} INFO - [2021-10-28 01:36:34,667] {dag.py:2389} INFO - Sync 1 DAGs
[2021-10-28 01:36:34,729] {logging_mixin.py:109} INFO - [2021-10-28 01:36:34,729] {dag.py:2914} INFO - Setting next_dagrun for example_branch_labels to 2021-10-27 00:00:00+00:00
[2021-10-28 01:36:34,761] {processor.py:171} INFO - Processing /home/airflow/.local/lib/python3.6/site-packages/airflow/example_dags/example_branch_labels.py took 0.397 seconds
[2021-10-28 01:37:05,441] {processor.py:163} INFO - Started process (PID=721) to work on /home/airflow/.local/lib/python3.6/site-packages/airflow/example_dags/example_branch_labels.py
[2021-10-28 01:37:05,458] {processor.py:620} INFO - Processing file /home/airflow/.local/lib/python3.6/site-packages/airflow/example_dags/example_branch_labels.py for tasks to queue
[2021-10-28 01:37:05,463] {logging_mixin.py:109} INFO - [2021-10-28 01:37:05,463] {dagbag.py:500} INFO - Filling up the DagBag from /home/airflow/.local/lib/python3.6/site-packages/airflow/example_dags/example_branch_labels.py
[2021-10-28 01:37:05,524] {processor.py:632} INFO - DAG(s) dict_keys(['example_branch_labels']) retrieved from /home/airflow/.local/lib/python3.6/site-packages/airflow/example_dags/example_branch_labels.py
[2021-10-28 01:37:05,542] {logging_mixin.py:109} INFO - [2021-10-28 01:37:05,542] {dag.py:2389} INFO - Sync 1 DAGs
[2021-10-28 01:37:05,566] {logging_mixin.py:109} INFO - [2021-10-28 01:37:05,566] {dag.py:2914} INFO - Setting next_dagrun for example_branch_labels to 2021-10-27 00:00:00+00:00
[2021-10-28 01:37:05,580] {processor.py:171} INFO - Processing /home/airflow/.local/lib/python3.6/site-packages/airflow/example_dags/example_branch_labels.py took 0.142 seconds
[2021-10-28 01:37:36,092] {processor.py:163} INFO - Started process (PID=773) to work on /home/airflow/.local/lib/python3.6/site-packages/airflow/example_dags/example_branch_labels.py
[2021-10-28 01:37:36,096] {processor.py:620} INFO - Processing file /home/airflow/.local/lib/python3.6/site-packages/airflow/example_dags/example_branch_labels.py for tasks to queue
[2021-10-28 01:37:36,130] {logging_mixin.py:109} INFO - [2021-10-28 01:37:36,097] {dagbag.py:500} INFO - Filling up the DagBag from /home/airflow/.local/lib/python3.6/site-packages/airflow/example_dags/example_branch_labels.py
[2021-10-28 01:37:36,260] {processor.py:632} INFO - DAG(s) dict_keys(['example_branch_labels']) retrieved from /home/airflow/.local/lib/python3.6/site-packages/airflow/example_dags/example_branch_labels.py
[2021-10-28 01:37:36,324] {logging_mixin.py:109} INFO - [2021-10-28 01:37:36,323] {dag.py:2389} INFO - Sync 1 DAGs
[2021-10-28 01:37:36,380] {logging_mixin.py:109} INFO - [2021-10-28 01:37:36,379] {dag.py:2914} INFO - Setting next_dagrun for example_branch_labels to 2021-10-27 00:00:00+00:00
[2021-10-28 01:37:36,441] {processor.py:171} INFO - Processing /home/airflow/.local/lib/python3.6/site-packages/airflow/example_dags/example_branch_labels.py took 0.353 seconds
[2021-10-28 01:38:07,238] {processor.py:163} INFO - Started process (PID=832) to work on /home/airflow/.local/lib/python3.6/site-packages/airflow/example_dags/example_branch_labels.py
[2021-10-28 01:38:07,263] {processor.py:620} INFO - Processing file /home/airflow/.local/lib/python3.6/site-packages/airflow/example_dags/example_branch_labels.py for tasks to queue
[2021-10-28 01:38:07,274] {logging_mixin.py:109} INFO - [2021-10-28 01:38:07,274] {dagbag.py:500} INFO - Filling up the DagBag from /home/airflow/.local/lib/python3.6/site-packages/airflow/example_dags/example_branch_labels.py
[2021-10-28 01:38:07,416] {processor.py:632} INFO - DAG(s) dict_keys(['example_branch_labels']) retrieved from /home/airflow/.local/lib/python3.6/site-packages/airflow/example_dags/example_branch_labels.py
[2021-10-28 01:38:07,499] {logging_mixin.py:109} INFO - [2021-10-28 01:38:07,499] {dag.py:2389} INFO - Sync 1 DAGs
[2021-10-28 01:38:07,561] {logging_mixin.py:109} INFO - [2021-10-28 01:38:07,561] {dag.py:2914} INFO - Setting next_dagrun for example_branch_labels to 2021-10-27 00:00:00+00:00
[2021-10-28 01:38:07,639] {processor.py:171} INFO - Processing /home/airflow/.local/lib/python3.6/site-packages/airflow/example_dags/example_branch_labels.py took 0.404 seconds
[2021-10-28 01:38:37,882] {processor.py:163} INFO - Started process (PID=878) to work on /home/airflow/.local/lib/python3.6/site-packages/airflow/example_dags/example_branch_labels.py
[2021-10-28 01:38:37,907] {processor.py:620} INFO - Processing file /home/airflow/.local/lib/python3.6/site-packages/airflow/example_dags/example_branch_labels.py for tasks to queue
[2021-10-28 01:38:37,907] {logging_mixin.py:109} INFO - [2021-10-28 01:38:37,907] {dagbag.py:500} INFO - Filling up the DagBag from /home/airflow/.local/lib/python3.6/site-packages/airflow/example_dags/example_branch_labels.py
[2021-10-28 01:38:38,025] {processor.py:632} INFO - DAG(s) dict_keys(['example_branch_labels']) retrieved from /home/airflow/.local/lib/python3.6/site-packages/airflow/example_dags/example_branch_labels.py
[2021-10-28 01:38:38,071] {logging_mixin.py:109} INFO - [2021-10-28 01:38:38,071] {dag.py:2389} INFO - Sync 1 DAGs
[2021-10-28 01:38:38,145] {logging_mixin.py:109} INFO - [2021-10-28 01:38:38,133] {dag.py:2914} INFO - Setting next_dagrun for example_branch_labels to 2021-10-27 00:00:00+00:00
[2021-10-28 01:38:38,211] {processor.py:171} INFO - Processing /home/airflow/.local/lib/python3.6/site-packages/airflow/example_dags/example_branch_labels.py took 0.332 seconds
[2021-10-28 01:39:08,680] {processor.py:163} INFO - Started process (PID=932) to work on /home/airflow/.local/lib/python3.6/site-packages/airflow/example_dags/example_branch_labels.py
[2021-10-28 01:39:08,700] {processor.py:620} INFO - Processing file /home/airflow/.local/lib/python3.6/site-packages/airflow/example_dags/example_branch_labels.py for tasks to queue
[2021-10-28 01:39:08,702] {logging_mixin.py:109} INFO - [2021-10-28 01:39:08,701] {dagbag.py:500} INFO - Filling up the DagBag from /home/airflow/.local/lib/python3.6/site-packages/airflow/example_dags/example_branch_labels.py
[2021-10-28 01:39:08,743] {processor.py:632} INFO - DAG(s) dict_keys(['example_branch_labels']) retrieved from /home/airflow/.local/lib/python3.6/site-packages/airflow/example_dags/example_branch_labels.py
[2021-10-28 01:39:08,762] {logging_mixin.py:109} INFO - [2021-10-28 01:39:08,762] {dag.py:2389} INFO - Sync 1 DAGs
[2021-10-28 01:39:08,784] {logging_mixin.py:109} INFO - [2021-10-28 01:39:08,784] {dag.py:2914} INFO - Setting next_dagrun for example_branch_labels to 2021-10-27 00:00:00+00:00
[2021-10-28 01:39:08,799] {processor.py:171} INFO - Processing /home/airflow/.local/lib/python3.6/site-packages/airflow/example_dags/example_branch_labels.py took 0.121 seconds
[2021-10-28 01:39:40,404] {processor.py:163} INFO - Started process (PID=985) to work on /home/airflow/.local/lib/python3.6/site-packages/airflow/example_dags/example_branch_labels.py
[2021-10-28 01:39:40,577] {processor.py:620} INFO - Processing file /home/airflow/.local/lib/python3.6/site-packages/airflow/example_dags/example_branch_labels.py for tasks to queue
[2021-10-28 01:39:40,595] {logging_mixin.py:109} INFO - [2021-10-28 01:39:40,595] {dagbag.py:500} INFO - Filling up the DagBag from /home/airflow/.local/lib/python3.6/site-packages/airflow/example_dags/example_branch_labels.py
[2021-10-28 01:39:40,820] {processor.py:632} INFO - DAG(s) dict_keys(['example_branch_labels']) retrieved from /home/airflow/.local/lib/python3.6/site-packages/airflow/example_dags/example_branch_labels.py
[2021-10-28 01:39:40,860] {logging_mixin.py:109} INFO - [2021-10-28 01:39:40,859] {dag.py:2389} INFO - Sync 1 DAGs
[2021-10-28 01:39:40,905] {logging_mixin.py:109} INFO - [2021-10-28 01:39:40,905] {dag.py:2914} INFO - Setting next_dagrun for example_branch_labels to 2021-10-27 00:00:00+00:00
[2021-10-28 01:39:40,933] {processor.py:171} INFO - Processing /home/airflow/.local/lib/python3.6/site-packages/airflow/example_dags/example_branch_labels.py took 0.533 seconds
[2021-10-28 01:40:11,029] {processor.py:163} INFO - Started process (PID=1028) to work on /home/airflow/.local/lib/python3.6/site-packages/airflow/example_dags/example_branch_labels.py
[2021-10-28 01:40:11,039] {processor.py:620} INFO - Processing file /home/airflow/.local/lib/python3.6/site-packages/airflow/example_dags/example_branch_labels.py for tasks to queue
[2021-10-28 01:40:11,070] {logging_mixin.py:109} INFO - [2021-10-28 01:40:11,070] {dagbag.py:500} INFO - Filling up the DagBag from /home/airflow/.local/lib/python3.6/site-packages/airflow/example_dags/example_branch_labels.py
[2021-10-28 01:40:11,185] {processor.py:632} INFO - DAG(s) dict_keys(['example_branch_labels']) retrieved from /home/airflow/.local/lib/python3.6/site-packages/airflow/example_dags/example_branch_labels.py
[2021-10-28 01:40:11,305] {logging_mixin.py:109} INFO - [2021-10-28 01:40:11,305] {dag.py:2389} INFO - Sync 1 DAGs
[2021-10-28 01:40:11,437] {logging_mixin.py:109} INFO - [2021-10-28 01:40:11,437] {dag.py:2914} INFO - Setting next_dagrun for example_branch_labels to 2021-10-27 00:00:00+00:00
[2021-10-28 01:40:11,732] {processor.py:171} INFO - Processing /home/airflow/.local/lib/python3.6/site-packages/airflow/example_dags/example_branch_labels.py took 0.750 seconds
[2021-10-28 01:40:42,111] {processor.py:163} INFO - Started process (PID=1081) to work on /home/airflow/.local/lib/python3.6/site-packages/airflow/example_dags/example_branch_labels.py
[2021-10-28 01:40:42,128] {processor.py:620} INFO - Processing file /home/airflow/.local/lib/python3.6/site-packages/airflow/example_dags/example_branch_labels.py for tasks to queue
[2021-10-28 01:40:42,131] {logging_mixin.py:109} INFO - [2021-10-28 01:40:42,131] {dagbag.py:500} INFO - Filling up the DagBag from /home/airflow/.local/lib/python3.6/site-packages/airflow/example_dags/example_branch_labels.py
[2021-10-28 01:40:42,199] {processor.py:632} INFO - DAG(s) dict_keys(['example_branch_labels']) retrieved from /home/airflow/.local/lib/python3.6/site-packages/airflow/example_dags/example_branch_labels.py
[2021-10-28 01:40:42,223] {logging_mixin.py:109} INFO - [2021-10-28 01:40:42,223] {dag.py:2389} INFO - Sync 1 DAGs
[2021-10-28 01:40:42,245] {logging_mixin.py:109} INFO - [2021-10-28 01:40:42,245] {dag.py:2914} INFO - Setting next_dagrun for example_branch_labels to 2021-10-27 00:00:00+00:00
[2021-10-28 01:40:42,275] {processor.py:171} INFO - Processing /home/airflow/.local/lib/python3.6/site-packages/airflow/example_dags/example_branch_labels.py took 0.167 seconds
[2021-10-28 01:41:12,750] {processor.py:163} INFO - Started process (PID=1133) to work on /home/airflow/.local/lib/python3.6/site-packages/airflow/example_dags/example_branch_labels.py
[2021-10-28 01:41:12,761] {processor.py:620} INFO - Processing file /home/airflow/.local/lib/python3.6/site-packages/airflow/example_dags/example_branch_labels.py for tasks to queue
[2021-10-28 01:41:12,763] {logging_mixin.py:109} INFO - [2021-10-28 01:41:12,763] {dagbag.py:500} INFO - Filling up the DagBag from /home/airflow/.local/lib/python3.6/site-packages/airflow/example_dags/example_branch_labels.py
[2021-10-28 01:41:12,836] {processor.py:632} INFO - DAG(s) dict_keys(['example_branch_labels']) retrieved from /home/airflow/.local/lib/python3.6/site-packages/airflow/example_dags/example_branch_labels.py
[2021-10-28 01:41:12,910] {logging_mixin.py:109} INFO - [2021-10-28 01:41:12,910] {dag.py:2389} INFO - Sync 1 DAGs
[2021-10-28 01:41:12,958] {logging_mixin.py:109} INFO - [2021-10-28 01:41:12,958] {dag.py:2914} INFO - Setting next_dagrun for example_branch_labels to 2021-10-27 00:00:00+00:00
[2021-10-28 01:41:13,042] {processor.py:171} INFO - Processing /home/airflow/.local/lib/python3.6/site-packages/airflow/example_dags/example_branch_labels.py took 0.309 seconds
[2021-10-28 01:41:45,612] {processor.py:163} INFO - Started process (PID=1186) to work on /home/airflow/.local/lib/python3.6/site-packages/airflow/example_dags/example_branch_labels.py
[2021-10-28 01:41:45,649] {processor.py:620} INFO - Processing file /home/airflow/.local/lib/python3.6/site-packages/airflow/example_dags/example_branch_labels.py for tasks to queue
[2021-10-28 01:41:45,651] {logging_mixin.py:109} INFO - [2021-10-28 01:41:45,651] {dagbag.py:500} INFO - Filling up the DagBag from /home/airflow/.local/lib/python3.6/site-packages/airflow/example_dags/example_branch_labels.py
[2021-10-28 01:41:45,802] {processor.py:632} INFO - DAG(s) dict_keys(['example_branch_labels']) retrieved from /home/airflow/.local/lib/python3.6/site-packages/airflow/example_dags/example_branch_labels.py
[2021-10-28 01:41:45,874] {logging_mixin.py:109} INFO - [2021-10-28 01:41:45,873] {dag.py:2389} INFO - Sync 1 DAGs
[2021-10-28 01:41:45,982] {logging_mixin.py:109} INFO - [2021-10-28 01:41:45,982] {dag.py:2914} INFO - Setting next_dagrun for example_branch_labels to 2021-10-27 00:00:00+00:00
[2021-10-28 01:41:46,033] {processor.py:171} INFO - Processing /home/airflow/.local/lib/python3.6/site-packages/airflow/example_dags/example_branch_labels.py took 0.424 seconds
[2021-10-28 01:42:16,356] {processor.py:163} INFO - Started process (PID=1239) to work on /home/airflow/.local/lib/python3.6/site-packages/airflow/example_dags/example_branch_labels.py
[2021-10-28 01:42:16,360] {processor.py:620} INFO - Processing file /home/airflow/.local/lib/python3.6/site-packages/airflow/example_dags/example_branch_labels.py for tasks to queue
[2021-10-28 01:42:16,361] {logging_mixin.py:109} INFO - [2021-10-28 01:42:16,361] {dagbag.py:500} INFO - Filling up the DagBag from /home/airflow/.local/lib/python3.6/site-packages/airflow/example_dags/example_branch_labels.py
[2021-10-28 01:42:16,432] {processor.py:632} INFO - DAG(s) dict_keys(['example_branch_labels']) retrieved from /home/airflow/.local/lib/python3.6/site-packages/airflow/example_dags/example_branch_labels.py
[2021-10-28 01:42:16,470] {logging_mixin.py:109} INFO - [2021-10-28 01:42:16,470] {dag.py:2389} INFO - Sync 1 DAGs
[2021-10-28 01:42:16,498] {logging_mixin.py:109} INFO - [2021-10-28 01:42:16,498] {dag.py:2914} INFO - Setting next_dagrun for example_branch_labels to 2021-10-27 00:00:00+00:00
[2021-10-28 01:42:16,543] {processor.py:171} INFO - Processing /home/airflow/.local/lib/python3.6/site-packages/airflow/example_dags/example_branch_labels.py took 0.191 seconds
[2021-10-28 01:42:47,334] {processor.py:163} INFO - Started process (PID=1294) to work on /home/airflow/.local/lib/python3.6/site-packages/airflow/example_dags/example_branch_labels.py
[2021-10-28 01:42:47,350] {processor.py:620} INFO - Processing file /home/airflow/.local/lib/python3.6/site-packages/airflow/example_dags/example_branch_labels.py for tasks to queue
[2021-10-28 01:42:47,352] {logging_mixin.py:109} INFO - [2021-10-28 01:42:47,352] {dagbag.py:500} INFO - Filling up the DagBag from /home/airflow/.local/lib/python3.6/site-packages/airflow/example_dags/example_branch_labels.py
[2021-10-28 01:42:47,417] {processor.py:632} INFO - DAG(s) dict_keys(['example_branch_labels']) retrieved from /home/airflow/.local/lib/python3.6/site-packages/airflow/example_dags/example_branch_labels.py
[2021-10-28 01:42:47,437] {logging_mixin.py:109} INFO - [2021-10-28 01:42:47,437] {dag.py:2389} INFO - Sync 1 DAGs
[2021-10-28 01:42:47,460] {logging_mixin.py:109} INFO - [2021-10-28 01:42:47,460] {dag.py:2914} INFO - Setting next_dagrun for example_branch_labels to 2021-10-27 00:00:00+00:00
[2021-10-28 01:42:47,469] {processor.py:171} INFO - Processing /home/airflow/.local/lib/python3.6/site-packages/airflow/example_dags/example_branch_labels.py took 0.138 seconds
