[2021-10-28 01:32:12,677] {processor.py:163} INFO - Started process (PID=250) to work on /home/airflow/.local/lib/python3.6/site-packages/airflow/example_dags/example_xcom.py
[2021-10-28 01:32:12,678] {processor.py:620} INFO - Processing file /home/airflow/.local/lib/python3.6/site-packages/airflow/example_dags/example_xcom.py for tasks to queue
[2021-10-28 01:32:12,679] {logging_mixin.py:109} INFO - [2021-10-28 01:32:12,679] {dagbag.py:500} INFO - Filling up the DagBag from /home/airflow/.local/lib/python3.6/site-packages/airflow/example_dags/example_xcom.py
[2021-10-28 01:32:12,804] {processor.py:632} INFO - DAG(s) dict_keys(['example_xcom']) retrieved from /home/airflow/.local/lib/python3.6/site-packages/airflow/example_dags/example_xcom.py
[2021-10-28 01:32:15,611] {logging_mixin.py:109} INFO - [2021-10-28 01:32:15,611] {providers_manager.py:156} WARNING - Exception when importing 'airflow.providers.google.leveldb.hooks.leveldb.LevelDBHook' from 'apache-airflow-providers-google' package: No module named 'plyvel'
[2021-10-28 01:32:16,575] {logging_mixin.py:109} INFO - [2021-10-28 01:32:16,575] {providers_manager.py:156} WARNING - Exception when importing 'airflow.providers.google.leveldb.hooks.leveldb.LevelDBHook' from 'apache-airflow-providers-google' package: No module named 'plyvel'
[2021-10-28 01:32:16,711] {logging_mixin.py:109} INFO - [2021-10-28 01:32:16,711] {manager.py:496} INFO - Created Permission View: can read on DAG:example_xcom
[2021-10-28 01:32:16,747] {logging_mixin.py:109} INFO - [2021-10-28 01:32:16,746] {manager.py:496} INFO - Created Permission View: can edit on DAG:example_xcom
[2021-10-28 01:32:16,749] {logging_mixin.py:109} INFO - [2021-10-28 01:32:16,748] {dag.py:2389} INFO - Sync 1 DAGs
[2021-10-28 01:32:16,790] {logging_mixin.py:109} INFO - [2021-10-28 01:32:16,789] {dag.py:2408} INFO - Creating ORM DAG for example_xcom
[2021-10-28 01:32:16,830] {logging_mixin.py:109} INFO - [2021-10-28 01:32:16,830] {dag.py:2914} INFO - Setting next_dagrun for example_xcom to 2021-01-01T00:00:00+00:00
[2021-10-28 01:32:16,882] {processor.py:171} INFO - Processing /home/airflow/.local/lib/python3.6/site-packages/airflow/example_dags/example_xcom.py took 4.208 seconds
[2021-10-28 01:33:30,584] {processor.py:163} INFO - Started process (PID=344) to work on /home/airflow/.local/lib/python3.6/site-packages/airflow/example_dags/example_xcom.py
[2021-10-28 01:33:30,612] {processor.py:620} INFO - Processing file /home/airflow/.local/lib/python3.6/site-packages/airflow/example_dags/example_xcom.py for tasks to queue
[2021-10-28 01:33:30,614] {logging_mixin.py:109} INFO - [2021-10-28 01:33:30,614] {dagbag.py:500} INFO - Filling up the DagBag from /home/airflow/.local/lib/python3.6/site-packages/airflow/example_dags/example_xcom.py
[2021-10-28 01:33:30,709] {processor.py:632} INFO - DAG(s) dict_keys(['example_xcom']) retrieved from /home/airflow/.local/lib/python3.6/site-packages/airflow/example_dags/example_xcom.py
[2021-10-28 01:33:31,841] {logging_mixin.py:109} INFO - [2021-10-28 01:33:31,841] {dag.py:2389} INFO - Sync 1 DAGs
[2021-10-28 01:33:32,027] {logging_mixin.py:109} INFO - [2021-10-28 01:33:32,027] {dag.py:2914} INFO - Setting next_dagrun for example_xcom to 2021-01-01T00:00:00+00:00
[2021-10-28 01:33:32,121] {processor.py:171} INFO - Processing /home/airflow/.local/lib/python3.6/site-packages/airflow/example_dags/example_xcom.py took 1.540 seconds
[2021-10-28 01:34:02,228] {processor.py:163} INFO - Started process (PID=395) to work on /home/airflow/.local/lib/python3.6/site-packages/airflow/example_dags/example_xcom.py
[2021-10-28 01:34:02,231] {processor.py:620} INFO - Processing file /home/airflow/.local/lib/python3.6/site-packages/airflow/example_dags/example_xcom.py for tasks to queue
[2021-10-28 01:34:02,235] {logging_mixin.py:109} INFO - [2021-10-28 01:34:02,234] {dagbag.py:500} INFO - Filling up the DagBag from /home/airflow/.local/lib/python3.6/site-packages/airflow/example_dags/example_xcom.py
[2021-10-28 01:34:02,283] {processor.py:632} INFO - DAG(s) dict_keys(['example_xcom']) retrieved from /home/airflow/.local/lib/python3.6/site-packages/airflow/example_dags/example_xcom.py
[2021-10-28 01:34:02,647] {logging_mixin.py:109} INFO - [2021-10-28 01:34:02,647] {dag.py:2389} INFO - Sync 1 DAGs
[2021-10-28 01:34:02,668] {logging_mixin.py:109} INFO - [2021-10-28 01:34:02,668] {dag.py:2914} INFO - Setting next_dagrun for example_xcom to 2021-01-01T00:00:00+00:00
[2021-10-28 01:34:02,683] {processor.py:171} INFO - Processing /home/airflow/.local/lib/python3.6/site-packages/airflow/example_dags/example_xcom.py took 0.459 seconds
[2021-10-28 01:34:32,863] {processor.py:163} INFO - Started process (PID=459) to work on /home/airflow/.local/lib/python3.6/site-packages/airflow/example_dags/example_xcom.py
[2021-10-28 01:34:32,867] {processor.py:620} INFO - Processing file /home/airflow/.local/lib/python3.6/site-packages/airflow/example_dags/example_xcom.py for tasks to queue
[2021-10-28 01:34:32,869] {logging_mixin.py:109} INFO - [2021-10-28 01:34:32,869] {dagbag.py:500} INFO - Filling up the DagBag from /home/airflow/.local/lib/python3.6/site-packages/airflow/example_dags/example_xcom.py
[2021-10-28 01:34:33,003] {processor.py:632} INFO - DAG(s) dict_keys(['example_xcom']) retrieved from /home/airflow/.local/lib/python3.6/site-packages/airflow/example_dags/example_xcom.py
[2021-10-28 01:34:33,663] {logging_mixin.py:109} INFO - [2021-10-28 01:34:33,663] {dag.py:2389} INFO - Sync 1 DAGs
[2021-10-28 01:34:33,686] {logging_mixin.py:109} INFO - [2021-10-28 01:34:33,686] {dag.py:2914} INFO - Setting next_dagrun for example_xcom to 2021-01-01T00:00:00+00:00
[2021-10-28 01:34:33,706] {processor.py:171} INFO - Processing /home/airflow/.local/lib/python3.6/site-packages/airflow/example_dags/example_xcom.py took 0.894 seconds
[2021-10-28 01:35:03,812] {processor.py:163} INFO - Started process (PID=514) to work on /home/airflow/.local/lib/python3.6/site-packages/airflow/example_dags/example_xcom.py
[2021-10-28 01:35:03,831] {processor.py:620} INFO - Processing file /home/airflow/.local/lib/python3.6/site-packages/airflow/example_dags/example_xcom.py for tasks to queue
[2021-10-28 01:35:03,831] {logging_mixin.py:109} INFO - [2021-10-28 01:35:03,831] {dagbag.py:500} INFO - Filling up the DagBag from /home/airflow/.local/lib/python3.6/site-packages/airflow/example_dags/example_xcom.py
[2021-10-28 01:35:03,949] {processor.py:632} INFO - DAG(s) dict_keys(['example_xcom']) retrieved from /home/airflow/.local/lib/python3.6/site-packages/airflow/example_dags/example_xcom.py
[2021-10-28 01:35:04,268] {logging_mixin.py:109} INFO - [2021-10-28 01:35:04,268] {dag.py:2389} INFO - Sync 1 DAGs
[2021-10-28 01:35:04,302] {logging_mixin.py:109} INFO - [2021-10-28 01:35:04,301] {dag.py:2914} INFO - Setting next_dagrun for example_xcom to 2021-01-01T00:00:00+00:00
[2021-10-28 01:35:04,319] {processor.py:171} INFO - Processing /home/airflow/.local/lib/python3.6/site-packages/airflow/example_dags/example_xcom.py took 0.510 seconds
[2021-10-28 01:35:34,864] {processor.py:163} INFO - Started process (PID=567) to work on /home/airflow/.local/lib/python3.6/site-packages/airflow/example_dags/example_xcom.py
[2021-10-28 01:35:34,871] {processor.py:620} INFO - Processing file /home/airflow/.local/lib/python3.6/site-packages/airflow/example_dags/example_xcom.py for tasks to queue
[2021-10-28 01:35:34,879] {logging_mixin.py:109} INFO - [2021-10-28 01:35:34,879] {dagbag.py:500} INFO - Filling up the DagBag from /home/airflow/.local/lib/python3.6/site-packages/airflow/example_dags/example_xcom.py
[2021-10-28 01:35:34,935] {processor.py:632} INFO - DAG(s) dict_keys(['example_xcom']) retrieved from /home/airflow/.local/lib/python3.6/site-packages/airflow/example_dags/example_xcom.py
[2021-10-28 01:35:35,322] {logging_mixin.py:109} INFO - [2021-10-28 01:35:35,322] {dag.py:2389} INFO - Sync 1 DAGs
[2021-10-28 01:35:35,334] {logging_mixin.py:109} INFO - [2021-10-28 01:35:35,334] {dag.py:2914} INFO - Setting next_dagrun for example_xcom to 2021-01-01T00:00:00+00:00
[2021-10-28 01:35:35,351] {processor.py:171} INFO - Processing /home/airflow/.local/lib/python3.6/site-packages/airflow/example_dags/example_xcom.py took 0.493 seconds
[2021-10-28 01:36:05,841] {processor.py:163} INFO - Started process (PID=620) to work on /home/airflow/.local/lib/python3.6/site-packages/airflow/example_dags/example_xcom.py
[2021-10-28 01:36:05,862] {processor.py:620} INFO - Processing file /home/airflow/.local/lib/python3.6/site-packages/airflow/example_dags/example_xcom.py for tasks to queue
[2021-10-28 01:36:05,866] {logging_mixin.py:109} INFO - [2021-10-28 01:36:05,865] {dagbag.py:500} INFO - Filling up the DagBag from /home/airflow/.local/lib/python3.6/site-packages/airflow/example_dags/example_xcom.py
[2021-10-28 01:36:06,052] {processor.py:632} INFO - DAG(s) dict_keys(['example_xcom']) retrieved from /home/airflow/.local/lib/python3.6/site-packages/airflow/example_dags/example_xcom.py
[2021-10-28 01:36:07,203] {logging_mixin.py:109} INFO - [2021-10-28 01:36:07,203] {dag.py:2389} INFO - Sync 1 DAGs
[2021-10-28 01:36:07,235] {logging_mixin.py:109} INFO - [2021-10-28 01:36:07,234] {dag.py:2914} INFO - Setting next_dagrun for example_xcom to 2021-01-01T00:00:00+00:00
[2021-10-28 01:36:07,384] {processor.py:171} INFO - Processing /home/airflow/.local/lib/python3.6/site-packages/airflow/example_dags/example_xcom.py took 1.546 seconds
[2021-10-28 01:36:37,874] {processor.py:163} INFO - Started process (PID=681) to work on /home/airflow/.local/lib/python3.6/site-packages/airflow/example_dags/example_xcom.py
[2021-10-28 01:36:37,887] {processor.py:620} INFO - Processing file /home/airflow/.local/lib/python3.6/site-packages/airflow/example_dags/example_xcom.py for tasks to queue
[2021-10-28 01:36:37,896] {logging_mixin.py:109} INFO - [2021-10-28 01:36:37,896] {dagbag.py:500} INFO - Filling up the DagBag from /home/airflow/.local/lib/python3.6/site-packages/airflow/example_dags/example_xcom.py
[2021-10-28 01:36:38,068] {processor.py:632} INFO - DAG(s) dict_keys(['example_xcom']) retrieved from /home/airflow/.local/lib/python3.6/site-packages/airflow/example_dags/example_xcom.py
[2021-10-28 01:36:39,364] {logging_mixin.py:109} INFO - [2021-10-28 01:36:39,364] {dag.py:2389} INFO - Sync 1 DAGs
[2021-10-28 01:36:39,395] {logging_mixin.py:109} INFO - [2021-10-28 01:36:39,395] {dag.py:2914} INFO - Setting next_dagrun for example_xcom to 2021-01-01T00:00:00+00:00
[2021-10-28 01:36:39,449] {processor.py:171} INFO - Processing /home/airflow/.local/lib/python3.6/site-packages/airflow/example_dags/example_xcom.py took 1.578 seconds
[2021-10-28 01:37:10,334] {processor.py:163} INFO - Started process (PID=733) to work on /home/airflow/.local/lib/python3.6/site-packages/airflow/example_dags/example_xcom.py
[2021-10-28 01:37:10,338] {processor.py:620} INFO - Processing file /home/airflow/.local/lib/python3.6/site-packages/airflow/example_dags/example_xcom.py for tasks to queue
[2021-10-28 01:37:10,377] {logging_mixin.py:109} INFO - [2021-10-28 01:37:10,377] {dagbag.py:500} INFO - Filling up the DagBag from /home/airflow/.local/lib/python3.6/site-packages/airflow/example_dags/example_xcom.py
[2021-10-28 01:37:10,814] {processor.py:632} INFO - DAG(s) dict_keys(['example_xcom']) retrieved from /home/airflow/.local/lib/python3.6/site-packages/airflow/example_dags/example_xcom.py
[2021-10-28 01:37:10,878] {logging_mixin.py:109} INFO - [2021-10-28 01:37:10,878] {dag.py:2389} INFO - Sync 1 DAGs
[2021-10-28 01:37:10,942] {logging_mixin.py:109} INFO - [2021-10-28 01:37:10,942] {dag.py:2914} INFO - Setting next_dagrun for example_xcom to 2021-01-01T00:00:00+00:00
[2021-10-28 01:37:10,988] {processor.py:171} INFO - Processing /home/airflow/.local/lib/python3.6/site-packages/airflow/example_dags/example_xcom.py took 0.656 seconds
[2021-10-28 01:37:41,366] {processor.py:163} INFO - Started process (PID=786) to work on /home/airflow/.local/lib/python3.6/site-packages/airflow/example_dags/example_xcom.py
[2021-10-28 01:37:41,369] {processor.py:620} INFO - Processing file /home/airflow/.local/lib/python3.6/site-packages/airflow/example_dags/example_xcom.py for tasks to queue
[2021-10-28 01:37:41,384] {logging_mixin.py:109} INFO - [2021-10-28 01:37:41,384] {dagbag.py:500} INFO - Filling up the DagBag from /home/airflow/.local/lib/python3.6/site-packages/airflow/example_dags/example_xcom.py
[2021-10-28 01:37:41,466] {processor.py:632} INFO - DAG(s) dict_keys(['example_xcom']) retrieved from /home/airflow/.local/lib/python3.6/site-packages/airflow/example_dags/example_xcom.py
[2021-10-28 01:37:42,125] {logging_mixin.py:109} INFO - [2021-10-28 01:37:42,124] {dag.py:2389} INFO - Sync 1 DAGs
[2021-10-28 01:37:42,145] {logging_mixin.py:109} INFO - [2021-10-28 01:37:42,144] {dag.py:2914} INFO - Setting next_dagrun for example_xcom to 2021-01-01T00:00:00+00:00
[2021-10-28 01:37:42,169] {processor.py:171} INFO - Processing /home/airflow/.local/lib/python3.6/site-packages/airflow/example_dags/example_xcom.py took 0.806 seconds
[2021-10-28 01:38:12,404] {processor.py:163} INFO - Started process (PID=839) to work on /home/airflow/.local/lib/python3.6/site-packages/airflow/example_dags/example_xcom.py
[2021-10-28 01:38:12,417] {processor.py:620} INFO - Processing file /home/airflow/.local/lib/python3.6/site-packages/airflow/example_dags/example_xcom.py for tasks to queue
[2021-10-28 01:38:12,423] {logging_mixin.py:109} INFO - [2021-10-28 01:38:12,423] {dagbag.py:500} INFO - Filling up the DagBag from /home/airflow/.local/lib/python3.6/site-packages/airflow/example_dags/example_xcom.py
[2021-10-28 01:38:12,527] {processor.py:632} INFO - DAG(s) dict_keys(['example_xcom']) retrieved from /home/airflow/.local/lib/python3.6/site-packages/airflow/example_dags/example_xcom.py
[2021-10-28 01:38:12,544] {logging_mixin.py:109} INFO - [2021-10-28 01:38:12,544] {dag.py:2389} INFO - Sync 1 DAGs
[2021-10-28 01:38:12,572] {logging_mixin.py:109} INFO - [2021-10-28 01:38:12,571] {dag.py:2914} INFO - Setting next_dagrun for example_xcom to 2021-01-01T00:00:00+00:00
[2021-10-28 01:38:12,666] {processor.py:171} INFO - Processing /home/airflow/.local/lib/python3.6/site-packages/airflow/example_dags/example_xcom.py took 0.265 seconds
[2021-10-28 01:38:43,610] {processor.py:163} INFO - Started process (PID=892) to work on /home/airflow/.local/lib/python3.6/site-packages/airflow/example_dags/example_xcom.py
[2021-10-28 01:38:43,767] {processor.py:620} INFO - Processing file /home/airflow/.local/lib/python3.6/site-packages/airflow/example_dags/example_xcom.py for tasks to queue
[2021-10-28 01:38:43,846] {logging_mixin.py:109} INFO - [2021-10-28 01:38:43,846] {dagbag.py:500} INFO - Filling up the DagBag from /home/airflow/.local/lib/python3.6/site-packages/airflow/example_dags/example_xcom.py
[2021-10-28 01:38:44,213] {processor.py:632} INFO - DAG(s) dict_keys(['example_xcom']) retrieved from /home/airflow/.local/lib/python3.6/site-packages/airflow/example_dags/example_xcom.py
[2021-10-28 01:38:44,397] {logging_mixin.py:109} INFO - [2021-10-28 01:38:44,397] {dag.py:2389} INFO - Sync 1 DAGs
[2021-10-28 01:38:44,575] {logging_mixin.py:109} INFO - [2021-10-28 01:38:44,516] {dag.py:2914} INFO - Setting next_dagrun for example_xcom to 2021-01-01T00:00:00+00:00
[2021-10-28 01:38:44,818] {processor.py:171} INFO - Processing /home/airflow/.local/lib/python3.6/site-packages/airflow/example_dags/example_xcom.py took 1.212 seconds
[2021-10-28 01:39:14,885] {processor.py:163} INFO - Started process (PID=935) to work on /home/airflow/.local/lib/python3.6/site-packages/airflow/example_dags/example_xcom.py
[2021-10-28 01:39:14,929] {processor.py:620} INFO - Processing file /home/airflow/.local/lib/python3.6/site-packages/airflow/example_dags/example_xcom.py for tasks to queue
[2021-10-28 01:39:14,930] {logging_mixin.py:109} INFO - [2021-10-28 01:39:14,930] {dagbag.py:500} INFO - Filling up the DagBag from /home/airflow/.local/lib/python3.6/site-packages/airflow/example_dags/example_xcom.py
[2021-10-28 01:39:15,061] {processor.py:632} INFO - DAG(s) dict_keys(['example_xcom']) retrieved from /home/airflow/.local/lib/python3.6/site-packages/airflow/example_dags/example_xcom.py
[2021-10-28 01:39:15,590] {logging_mixin.py:109} INFO - [2021-10-28 01:39:15,590] {dag.py:2389} INFO - Sync 1 DAGs
[2021-10-28 01:39:15,608] {logging_mixin.py:109} INFO - [2021-10-28 01:39:15,608] {dag.py:2914} INFO - Setting next_dagrun for example_xcom to 2021-01-01T00:00:00+00:00
[2021-10-28 01:39:15,636] {processor.py:171} INFO - Processing /home/airflow/.local/lib/python3.6/site-packages/airflow/example_dags/example_xcom.py took 0.755 seconds
[2021-10-28 01:39:46,519] {processor.py:163} INFO - Started process (PID=989) to work on /home/airflow/.local/lib/python3.6/site-packages/airflow/example_dags/example_xcom.py
[2021-10-28 01:39:46,548] {processor.py:620} INFO - Processing file /home/airflow/.local/lib/python3.6/site-packages/airflow/example_dags/example_xcom.py for tasks to queue
[2021-10-28 01:39:46,549] {logging_mixin.py:109} INFO - [2021-10-28 01:39:46,548] {dagbag.py:500} INFO - Filling up the DagBag from /home/airflow/.local/lib/python3.6/site-packages/airflow/example_dags/example_xcom.py
[2021-10-28 01:39:46,639] {processor.py:632} INFO - DAG(s) dict_keys(['example_xcom']) retrieved from /home/airflow/.local/lib/python3.6/site-packages/airflow/example_dags/example_xcom.py
[2021-10-28 01:39:47,021] {logging_mixin.py:109} INFO - [2021-10-28 01:39:47,021] {dag.py:2389} INFO - Sync 1 DAGs
[2021-10-28 01:39:47,031] {logging_mixin.py:109} INFO - [2021-10-28 01:39:47,031] {dag.py:2914} INFO - Setting next_dagrun for example_xcom to 2021-01-01T00:00:00+00:00
[2021-10-28 01:39:47,044] {processor.py:171} INFO - Processing /home/airflow/.local/lib/python3.6/site-packages/airflow/example_dags/example_xcom.py took 0.528 seconds
[2021-10-28 01:40:17,176] {processor.py:163} INFO - Started process (PID=1042) to work on /home/airflow/.local/lib/python3.6/site-packages/airflow/example_dags/example_xcom.py
[2021-10-28 01:40:17,271] {processor.py:620} INFO - Processing file /home/airflow/.local/lib/python3.6/site-packages/airflow/example_dags/example_xcom.py for tasks to queue
[2021-10-28 01:40:17,272] {logging_mixin.py:109} INFO - [2021-10-28 01:40:17,272] {dagbag.py:500} INFO - Filling up the DagBag from /home/airflow/.local/lib/python3.6/site-packages/airflow/example_dags/example_xcom.py
[2021-10-28 01:40:17,441] {processor.py:632} INFO - DAG(s) dict_keys(['example_xcom']) retrieved from /home/airflow/.local/lib/python3.6/site-packages/airflow/example_dags/example_xcom.py
[2021-10-28 01:40:18,874] {logging_mixin.py:109} INFO - [2021-10-28 01:40:18,874] {dag.py:2389} INFO - Sync 1 DAGs
[2021-10-28 01:40:18,897] {logging_mixin.py:109} INFO - [2021-10-28 01:40:18,897] {dag.py:2914} INFO - Setting next_dagrun for example_xcom to 2021-01-01T00:00:00+00:00
[2021-10-28 01:40:18,939] {processor.py:171} INFO - Processing /home/airflow/.local/lib/python3.6/site-packages/airflow/example_dags/example_xcom.py took 1.795 seconds
[2021-10-28 01:40:49,207] {processor.py:163} INFO - Started process (PID=1096) to work on /home/airflow/.local/lib/python3.6/site-packages/airflow/example_dags/example_xcom.py
[2021-10-28 01:40:49,211] {processor.py:620} INFO - Processing file /home/airflow/.local/lib/python3.6/site-packages/airflow/example_dags/example_xcom.py for tasks to queue
[2021-10-28 01:40:49,217] {logging_mixin.py:109} INFO - [2021-10-28 01:40:49,217] {dagbag.py:500} INFO - Filling up the DagBag from /home/airflow/.local/lib/python3.6/site-packages/airflow/example_dags/example_xcom.py
[2021-10-28 01:40:49,276] {processor.py:632} INFO - DAG(s) dict_keys(['example_xcom']) retrieved from /home/airflow/.local/lib/python3.6/site-packages/airflow/example_dags/example_xcom.py
[2021-10-28 01:40:50,183] {logging_mixin.py:109} INFO - [2021-10-28 01:40:50,183] {dag.py:2389} INFO - Sync 1 DAGs
[2021-10-28 01:40:50,225] {logging_mixin.py:109} INFO - [2021-10-28 01:40:50,225] {dag.py:2914} INFO - Setting next_dagrun for example_xcom to 2021-01-01T00:00:00+00:00
[2021-10-28 01:40:50,279] {processor.py:171} INFO - Processing /home/airflow/.local/lib/python3.6/site-packages/airflow/example_dags/example_xcom.py took 1.079 seconds
[2021-10-28 01:41:20,671] {processor.py:163} INFO - Started process (PID=1149) to work on /home/airflow/.local/lib/python3.6/site-packages/airflow/example_dags/example_xcom.py
[2021-10-28 01:41:20,718] {processor.py:620} INFO - Processing file /home/airflow/.local/lib/python3.6/site-packages/airflow/example_dags/example_xcom.py for tasks to queue
[2021-10-28 01:41:20,719] {logging_mixin.py:109} INFO - [2021-10-28 01:41:20,719] {dagbag.py:500} INFO - Filling up the DagBag from /home/airflow/.local/lib/python3.6/site-packages/airflow/example_dags/example_xcom.py
[2021-10-28 01:41:21,049] {processor.py:632} INFO - DAG(s) dict_keys(['example_xcom']) retrieved from /home/airflow/.local/lib/python3.6/site-packages/airflow/example_dags/example_xcom.py
[2021-10-28 01:41:22,373] {logging_mixin.py:109} INFO - [2021-10-28 01:41:22,373] {dag.py:2389} INFO - Sync 1 DAGs
[2021-10-28 01:41:22,451] {logging_mixin.py:109} INFO - [2021-10-28 01:41:22,451] {dag.py:2914} INFO - Setting next_dagrun for example_xcom to 2021-01-01T00:00:00+00:00
[2021-10-28 01:41:22,470] {processor.py:171} INFO - Processing /home/airflow/.local/lib/python3.6/site-packages/airflow/example_dags/example_xcom.py took 1.802 seconds
[2021-10-28 01:41:53,009] {processor.py:163} INFO - Started process (PID=1194) to work on /home/airflow/.local/lib/python3.6/site-packages/airflow/example_dags/example_xcom.py
[2021-10-28 01:41:53,031] {processor.py:620} INFO - Processing file /home/airflow/.local/lib/python3.6/site-packages/airflow/example_dags/example_xcom.py for tasks to queue
[2021-10-28 01:41:53,063] {logging_mixin.py:109} INFO - [2021-10-28 01:41:53,063] {dagbag.py:500} INFO - Filling up the DagBag from /home/airflow/.local/lib/python3.6/site-packages/airflow/example_dags/example_xcom.py
[2021-10-28 01:41:53,180] {processor.py:632} INFO - DAG(s) dict_keys(['example_xcom']) retrieved from /home/airflow/.local/lib/python3.6/site-packages/airflow/example_dags/example_xcom.py
[2021-10-28 01:41:54,190] {logging_mixin.py:109} INFO - [2021-10-28 01:41:54,190] {dag.py:2389} INFO - Sync 1 DAGs
[2021-10-28 01:41:54,211] {logging_mixin.py:109} INFO - [2021-10-28 01:41:54,211] {dag.py:2914} INFO - Setting next_dagrun for example_xcom to 2021-01-01T00:00:00+00:00
[2021-10-28 01:41:54,289] {processor.py:171} INFO - Processing /home/airflow/.local/lib/python3.6/site-packages/airflow/example_dags/example_xcom.py took 1.283 seconds
[2021-10-28 01:42:24,506] {processor.py:163} INFO - Started process (PID=1248) to work on /home/airflow/.local/lib/python3.6/site-packages/airflow/example_dags/example_xcom.py
[2021-10-28 01:42:24,514] {processor.py:620} INFO - Processing file /home/airflow/.local/lib/python3.6/site-packages/airflow/example_dags/example_xcom.py for tasks to queue
[2021-10-28 01:42:24,516] {logging_mixin.py:109} INFO - [2021-10-28 01:42:24,516] {dagbag.py:500} INFO - Filling up the DagBag from /home/airflow/.local/lib/python3.6/site-packages/airflow/example_dags/example_xcom.py
[2021-10-28 01:42:24,622] {processor.py:632} INFO - DAG(s) dict_keys(['example_xcom']) retrieved from /home/airflow/.local/lib/python3.6/site-packages/airflow/example_dags/example_xcom.py
[2021-10-28 01:42:25,212] {logging_mixin.py:109} INFO - [2021-10-28 01:42:25,212] {dag.py:2389} INFO - Sync 1 DAGs
[2021-10-28 01:42:25,222] {logging_mixin.py:109} INFO - [2021-10-28 01:42:25,222] {dag.py:2914} INFO - Setting next_dagrun for example_xcom to 2021-01-01T00:00:00+00:00
[2021-10-28 01:42:25,243] {processor.py:171} INFO - Processing /home/airflow/.local/lib/python3.6/site-packages/airflow/example_dags/example_xcom.py took 0.748 seconds
