[2021-10-28 01:31:52,572] {processor.py:163} INFO - Started process (PID=228) to work on /home/airflow/.local/lib/python3.6/site-packages/airflow/example_dags/example_branch_python_dop_operator_3.py
[2021-10-28 01:31:52,582] {processor.py:620} INFO - Processing file /home/airflow/.local/lib/python3.6/site-packages/airflow/example_dags/example_branch_python_dop_operator_3.py for tasks to queue
[2021-10-28 01:31:52,590] {logging_mixin.py:109} INFO - [2021-10-28 01:31:52,590] {dagbag.py:500} INFO - Filling up the DagBag from /home/airflow/.local/lib/python3.6/site-packages/airflow/example_dags/example_branch_python_dop_operator_3.py
[2021-10-28 01:31:52,722] {processor.py:632} INFO - DAG(s) dict_keys(['example_branch_dop_operator_v3']) retrieved from /home/airflow/.local/lib/python3.6/site-packages/airflow/example_dags/example_branch_python_dop_operator_3.py
[2021-10-28 01:31:56,722] {logging_mixin.py:109} INFO - [2021-10-28 01:31:56,713] {providers_manager.py:156} WARNING - Exception when importing 'airflow.providers.google.leveldb.hooks.leveldb.LevelDBHook' from 'apache-airflow-providers-google' package: No module named 'plyvel'
[2021-10-28 01:31:57,681] {logging_mixin.py:109} INFO - [2021-10-28 01:31:57,681] {providers_manager.py:156} WARNING - Exception when importing 'airflow.providers.google.leveldb.hooks.leveldb.LevelDBHook' from 'apache-airflow-providers-google' package: No module named 'plyvel'
[2021-10-28 01:31:57,715] {logging_mixin.py:109} INFO - [2021-10-28 01:31:57,715] {manager.py:496} INFO - Created Permission View: can read on DAG:example_branch_dop_operator_v3
[2021-10-28 01:31:57,736] {logging_mixin.py:109} INFO - [2021-10-28 01:31:57,736] {manager.py:496} INFO - Created Permission View: can edit on DAG:example_branch_dop_operator_v3
[2021-10-28 01:31:57,742] {logging_mixin.py:109} INFO - [2021-10-28 01:31:57,740] {dag.py:2389} INFO - Sync 1 DAGs
[2021-10-28 01:31:57,756] {logging_mixin.py:109} INFO - [2021-10-28 01:31:57,755] {dag.py:2408} INFO - Creating ORM DAG for example_branch_dop_operator_v3
[2021-10-28 01:31:57,779] {logging_mixin.py:109} INFO - [2021-10-28 01:31:57,779] {dag.py:2914} INFO - Setting next_dagrun for example_branch_dop_operator_v3 to 2021-10-28T01:30:00+00:00
[2021-10-28 01:31:57,795] {processor.py:171} INFO - Processing /home/airflow/.local/lib/python3.6/site-packages/airflow/example_dags/example_branch_python_dop_operator_3.py took 5.226 seconds
[2021-10-28 01:33:28,221] {processor.py:163} INFO - Started process (PID=337) to work on /home/airflow/.local/lib/python3.6/site-packages/airflow/example_dags/example_branch_python_dop_operator_3.py
[2021-10-28 01:33:28,239] {processor.py:620} INFO - Processing file /home/airflow/.local/lib/python3.6/site-packages/airflow/example_dags/example_branch_python_dop_operator_3.py for tasks to queue
[2021-10-28 01:33:28,244] {logging_mixin.py:109} INFO - [2021-10-28 01:33:28,243] {dagbag.py:500} INFO - Filling up the DagBag from /home/airflow/.local/lib/python3.6/site-packages/airflow/example_dags/example_branch_python_dop_operator_3.py
[2021-10-28 01:33:28,366] {processor.py:632} INFO - DAG(s) dict_keys(['example_branch_dop_operator_v3']) retrieved from /home/airflow/.local/lib/python3.6/site-packages/airflow/example_dags/example_branch_python_dop_operator_3.py
[2021-10-28 01:33:28,408] {logging_mixin.py:109} INFO - [2021-10-28 01:33:28,408] {dag.py:2389} INFO - Sync 1 DAGs
[2021-10-28 01:33:28,435] {logging_mixin.py:109} INFO - [2021-10-28 01:33:28,435] {dag.py:2914} INFO - Setting next_dagrun for example_branch_dop_operator_v3 to 2021-10-28T01:32:00+00:00
[2021-10-28 01:33:28,493] {processor.py:171} INFO - Processing /home/airflow/.local/lib/python3.6/site-packages/airflow/example_dags/example_branch_python_dop_operator_3.py took 0.276 seconds
[2021-10-28 01:33:58,683] {processor.py:163} INFO - Started process (PID=389) to work on /home/airflow/.local/lib/python3.6/site-packages/airflow/example_dags/example_branch_python_dop_operator_3.py
[2021-10-28 01:33:58,705] {processor.py:620} INFO - Processing file /home/airflow/.local/lib/python3.6/site-packages/airflow/example_dags/example_branch_python_dop_operator_3.py for tasks to queue
[2021-10-28 01:33:58,707] {logging_mixin.py:109} INFO - [2021-10-28 01:33:58,706] {dagbag.py:500} INFO - Filling up the DagBag from /home/airflow/.local/lib/python3.6/site-packages/airflow/example_dags/example_branch_python_dop_operator_3.py
[2021-10-28 01:33:58,773] {processor.py:632} INFO - DAG(s) dict_keys(['example_branch_dop_operator_v3']) retrieved from /home/airflow/.local/lib/python3.6/site-packages/airflow/example_dags/example_branch_python_dop_operator_3.py
[2021-10-28 01:33:58,800] {logging_mixin.py:109} INFO - [2021-10-28 01:33:58,800] {dag.py:2389} INFO - Sync 1 DAGs
[2021-10-28 01:33:58,830] {logging_mixin.py:109} INFO - [2021-10-28 01:33:58,830] {dag.py:2914} INFO - Setting next_dagrun for example_branch_dop_operator_v3 to 2021-10-28T01:32:00+00:00
[2021-10-28 01:33:58,865] {processor.py:171} INFO - Processing /home/airflow/.local/lib/python3.6/site-packages/airflow/example_dags/example_branch_python_dop_operator_3.py took 0.185 seconds
[2021-10-28 01:34:29,481] {processor.py:163} INFO - Started process (PID=450) to work on /home/airflow/.local/lib/python3.6/site-packages/airflow/example_dags/example_branch_python_dop_operator_3.py
[2021-10-28 01:34:29,488] {processor.py:620} INFO - Processing file /home/airflow/.local/lib/python3.6/site-packages/airflow/example_dags/example_branch_python_dop_operator_3.py for tasks to queue
[2021-10-28 01:34:29,490] {logging_mixin.py:109} INFO - [2021-10-28 01:34:29,490] {dagbag.py:500} INFO - Filling up the DagBag from /home/airflow/.local/lib/python3.6/site-packages/airflow/example_dags/example_branch_python_dop_operator_3.py
[2021-10-28 01:34:29,661] {processor.py:632} INFO - DAG(s) dict_keys(['example_branch_dop_operator_v3']) retrieved from /home/airflow/.local/lib/python3.6/site-packages/airflow/example_dags/example_branch_python_dop_operator_3.py
[2021-10-28 01:34:29,723] {logging_mixin.py:109} INFO - [2021-10-28 01:34:29,723] {dag.py:2389} INFO - Sync 1 DAGs
[2021-10-28 01:34:29,765] {logging_mixin.py:109} INFO - [2021-10-28 01:34:29,765] {dag.py:2914} INFO - Setting next_dagrun for example_branch_dop_operator_v3 to 2021-10-28T01:33:00+00:00
[2021-10-28 01:34:29,880] {processor.py:171} INFO - Processing /home/airflow/.local/lib/python3.6/site-packages/airflow/example_dags/example_branch_python_dop_operator_3.py took 0.401 seconds
[2021-10-28 01:35:00,931] {processor.py:163} INFO - Started process (PID=506) to work on /home/airflow/.local/lib/python3.6/site-packages/airflow/example_dags/example_branch_python_dop_operator_3.py
[2021-10-28 01:35:00,963] {processor.py:620} INFO - Processing file /home/airflow/.local/lib/python3.6/site-packages/airflow/example_dags/example_branch_python_dop_operator_3.py for tasks to queue
[2021-10-28 01:35:00,965] {logging_mixin.py:109} INFO - [2021-10-28 01:35:00,965] {dagbag.py:500} INFO - Filling up the DagBag from /home/airflow/.local/lib/python3.6/site-packages/airflow/example_dags/example_branch_python_dop_operator_3.py
[2021-10-28 01:35:01,128] {processor.py:632} INFO - DAG(s) dict_keys(['example_branch_dop_operator_v3']) retrieved from /home/airflow/.local/lib/python3.6/site-packages/airflow/example_dags/example_branch_python_dop_operator_3.py
[2021-10-28 01:35:01,187] {logging_mixin.py:109} INFO - [2021-10-28 01:35:01,186] {dag.py:2389} INFO - Sync 1 DAGs
[2021-10-28 01:35:01,230] {logging_mixin.py:109} INFO - [2021-10-28 01:35:01,230] {dag.py:2914} INFO - Setting next_dagrun for example_branch_dop_operator_v3 to 2021-10-28T01:34:00+00:00
[2021-10-28 01:35:01,281] {processor.py:171} INFO - Processing /home/airflow/.local/lib/python3.6/site-packages/airflow/example_dags/example_branch_python_dop_operator_3.py took 0.353 seconds
[2021-10-28 01:35:31,979] {processor.py:163} INFO - Started process (PID=559) to work on /home/airflow/.local/lib/python3.6/site-packages/airflow/example_dags/example_branch_python_dop_operator_3.py
[2021-10-28 01:35:31,986] {processor.py:620} INFO - Processing file /home/airflow/.local/lib/python3.6/site-packages/airflow/example_dags/example_branch_python_dop_operator_3.py for tasks to queue
[2021-10-28 01:35:31,988] {logging_mixin.py:109} INFO - [2021-10-28 01:35:31,988] {dagbag.py:500} INFO - Filling up the DagBag from /home/airflow/.local/lib/python3.6/site-packages/airflow/example_dags/example_branch_python_dop_operator_3.py
[2021-10-28 01:35:32,046] {processor.py:632} INFO - DAG(s) dict_keys(['example_branch_dop_operator_v3']) retrieved from /home/airflow/.local/lib/python3.6/site-packages/airflow/example_dags/example_branch_python_dop_operator_3.py
[2021-10-28 01:35:32,074] {logging_mixin.py:109} INFO - [2021-10-28 01:35:32,074] {dag.py:2389} INFO - Sync 1 DAGs
[2021-10-28 01:35:32,100] {logging_mixin.py:109} INFO - [2021-10-28 01:35:32,100] {dag.py:2914} INFO - Setting next_dagrun for example_branch_dop_operator_v3 to 2021-10-28T01:34:00+00:00
[2021-10-28 01:35:32,168] {processor.py:171} INFO - Processing /home/airflow/.local/lib/python3.6/site-packages/airflow/example_dags/example_branch_python_dop_operator_3.py took 0.196 seconds
[2021-10-28 01:36:02,232] {processor.py:163} INFO - Started process (PID=612) to work on /home/airflow/.local/lib/python3.6/site-packages/airflow/example_dags/example_branch_python_dop_operator_3.py
[2021-10-28 01:36:02,240] {processor.py:620} INFO - Processing file /home/airflow/.local/lib/python3.6/site-packages/airflow/example_dags/example_branch_python_dop_operator_3.py for tasks to queue
[2021-10-28 01:36:02,242] {logging_mixin.py:109} INFO - [2021-10-28 01:36:02,241] {dagbag.py:500} INFO - Filling up the DagBag from /home/airflow/.local/lib/python3.6/site-packages/airflow/example_dags/example_branch_python_dop_operator_3.py
[2021-10-28 01:36:02,272] {processor.py:632} INFO - DAG(s) dict_keys(['example_branch_dop_operator_v3']) retrieved from /home/airflow/.local/lib/python3.6/site-packages/airflow/example_dags/example_branch_python_dop_operator_3.py
[2021-10-28 01:36:02,289] {logging_mixin.py:109} INFO - [2021-10-28 01:36:02,289] {dag.py:2389} INFO - Sync 1 DAGs
[2021-10-28 01:36:02,318] {logging_mixin.py:109} INFO - [2021-10-28 01:36:02,317] {dag.py:2914} INFO - Setting next_dagrun for example_branch_dop_operator_v3 to 2021-10-28T01:35:00+00:00
[2021-10-28 01:36:02,332] {processor.py:171} INFO - Processing /home/airflow/.local/lib/python3.6/site-packages/airflow/example_dags/example_branch_python_dop_operator_3.py took 0.103 seconds
[2021-10-28 01:36:32,657] {processor.py:163} INFO - Started process (PID=665) to work on /home/airflow/.local/lib/python3.6/site-packages/airflow/example_dags/example_branch_python_dop_operator_3.py
[2021-10-28 01:36:32,664] {processor.py:620} INFO - Processing file /home/airflow/.local/lib/python3.6/site-packages/airflow/example_dags/example_branch_python_dop_operator_3.py for tasks to queue
[2021-10-28 01:36:32,666] {logging_mixin.py:109} INFO - [2021-10-28 01:36:32,665] {dagbag.py:500} INFO - Filling up the DagBag from /home/airflow/.local/lib/python3.6/site-packages/airflow/example_dags/example_branch_python_dop_operator_3.py
[2021-10-28 01:36:32,731] {processor.py:632} INFO - DAG(s) dict_keys(['example_branch_dop_operator_v3']) retrieved from /home/airflow/.local/lib/python3.6/site-packages/airflow/example_dags/example_branch_python_dop_operator_3.py
[2021-10-28 01:36:32,762] {logging_mixin.py:109} INFO - [2021-10-28 01:36:32,762] {dag.py:2389} INFO - Sync 1 DAGs
[2021-10-28 01:36:32,799] {logging_mixin.py:109} INFO - [2021-10-28 01:36:32,793] {dag.py:2914} INFO - Setting next_dagrun for example_branch_dop_operator_v3 to 2021-10-28T01:35:00+00:00
[2021-10-28 01:36:32,823] {processor.py:171} INFO - Processing /home/airflow/.local/lib/python3.6/site-packages/airflow/example_dags/example_branch_python_dop_operator_3.py took 0.169 seconds
[2021-10-28 01:37:03,413] {processor.py:163} INFO - Started process (PID=716) to work on /home/airflow/.local/lib/python3.6/site-packages/airflow/example_dags/example_branch_python_dop_operator_3.py
[2021-10-28 01:37:03,415] {processor.py:620} INFO - Processing file /home/airflow/.local/lib/python3.6/site-packages/airflow/example_dags/example_branch_python_dop_operator_3.py for tasks to queue
[2021-10-28 01:37:03,417] {logging_mixin.py:109} INFO - [2021-10-28 01:37:03,417] {dagbag.py:500} INFO - Filling up the DagBag from /home/airflow/.local/lib/python3.6/site-packages/airflow/example_dags/example_branch_python_dop_operator_3.py
[2021-10-28 01:37:03,469] {processor.py:632} INFO - DAG(s) dict_keys(['example_branch_dop_operator_v3']) retrieved from /home/airflow/.local/lib/python3.6/site-packages/airflow/example_dags/example_branch_python_dop_operator_3.py
[2021-10-28 01:37:03,494] {logging_mixin.py:109} INFO - [2021-10-28 01:37:03,494] {dag.py:2389} INFO - Sync 1 DAGs
[2021-10-28 01:37:03,525] {logging_mixin.py:109} INFO - [2021-10-28 01:37:03,525] {dag.py:2914} INFO - Setting next_dagrun for example_branch_dop_operator_v3 to 2021-10-28T01:36:00+00:00
[2021-10-28 01:37:03,550] {processor.py:171} INFO - Processing /home/airflow/.local/lib/python3.6/site-packages/airflow/example_dags/example_branch_python_dop_operator_3.py took 0.141 seconds
[2021-10-28 01:37:34,217] {processor.py:163} INFO - Started process (PID=768) to work on /home/airflow/.local/lib/python3.6/site-packages/airflow/example_dags/example_branch_python_dop_operator_3.py
[2021-10-28 01:37:34,224] {processor.py:620} INFO - Processing file /home/airflow/.local/lib/python3.6/site-packages/airflow/example_dags/example_branch_python_dop_operator_3.py for tasks to queue
[2021-10-28 01:37:34,225] {logging_mixin.py:109} INFO - [2021-10-28 01:37:34,225] {dagbag.py:500} INFO - Filling up the DagBag from /home/airflow/.local/lib/python3.6/site-packages/airflow/example_dags/example_branch_python_dop_operator_3.py
[2021-10-28 01:37:34,285] {processor.py:632} INFO - DAG(s) dict_keys(['example_branch_dop_operator_v3']) retrieved from /home/airflow/.local/lib/python3.6/site-packages/airflow/example_dags/example_branch_python_dop_operator_3.py
[2021-10-28 01:37:34,306] {logging_mixin.py:109} INFO - [2021-10-28 01:37:34,306] {dag.py:2389} INFO - Sync 1 DAGs
[2021-10-28 01:37:34,335] {logging_mixin.py:109} INFO - [2021-10-28 01:37:34,335] {dag.py:2914} INFO - Setting next_dagrun for example_branch_dop_operator_v3 to 2021-10-28T01:36:00+00:00
[2021-10-28 01:37:34,375] {processor.py:171} INFO - Processing /home/airflow/.local/lib/python3.6/site-packages/airflow/example_dags/example_branch_python_dop_operator_3.py took 0.161 seconds
[2021-10-28 01:38:04,457] {processor.py:163} INFO - Started process (PID=821) to work on /home/airflow/.local/lib/python3.6/site-packages/airflow/example_dags/example_branch_python_dop_operator_3.py
[2021-10-28 01:38:04,493] {processor.py:620} INFO - Processing file /home/airflow/.local/lib/python3.6/site-packages/airflow/example_dags/example_branch_python_dop_operator_3.py for tasks to queue
[2021-10-28 01:38:04,495] {logging_mixin.py:109} INFO - [2021-10-28 01:38:04,495] {dagbag.py:500} INFO - Filling up the DagBag from /home/airflow/.local/lib/python3.6/site-packages/airflow/example_dags/example_branch_python_dop_operator_3.py
[2021-10-28 01:38:04,597] {processor.py:632} INFO - DAG(s) dict_keys(['example_branch_dop_operator_v3']) retrieved from /home/airflow/.local/lib/python3.6/site-packages/airflow/example_dags/example_branch_python_dop_operator_3.py
[2021-10-28 01:38:04,648] {logging_mixin.py:109} INFO - [2021-10-28 01:38:04,648] {dag.py:2389} INFO - Sync 1 DAGs
[2021-10-28 01:38:04,699] {logging_mixin.py:109} INFO - [2021-10-28 01:38:04,699] {dag.py:2914} INFO - Setting next_dagrun for example_branch_dop_operator_v3 to 2021-10-28T01:37:00+00:00
[2021-10-28 01:38:04,760] {processor.py:171} INFO - Processing /home/airflow/.local/lib/python3.6/site-packages/airflow/example_dags/example_branch_python_dop_operator_3.py took 0.306 seconds
[2021-10-28 01:38:35,057] {processor.py:163} INFO - Started process (PID=874) to work on /home/airflow/.local/lib/python3.6/site-packages/airflow/example_dags/example_branch_python_dop_operator_3.py
[2021-10-28 01:38:35,070] {processor.py:620} INFO - Processing file /home/airflow/.local/lib/python3.6/site-packages/airflow/example_dags/example_branch_python_dop_operator_3.py for tasks to queue
[2021-10-28 01:38:35,070] {logging_mixin.py:109} INFO - [2021-10-28 01:38:35,070] {dagbag.py:500} INFO - Filling up the DagBag from /home/airflow/.local/lib/python3.6/site-packages/airflow/example_dags/example_branch_python_dop_operator_3.py
[2021-10-28 01:38:35,265] {processor.py:632} INFO - DAG(s) dict_keys(['example_branch_dop_operator_v3']) retrieved from /home/airflow/.local/lib/python3.6/site-packages/airflow/example_dags/example_branch_python_dop_operator_3.py
[2021-10-28 01:38:35,349] {logging_mixin.py:109} INFO - [2021-10-28 01:38:35,349] {dag.py:2389} INFO - Sync 1 DAGs
[2021-10-28 01:38:35,407] {logging_mixin.py:109} INFO - [2021-10-28 01:38:35,407] {dag.py:2914} INFO - Setting next_dagrun for example_branch_dop_operator_v3 to 2021-10-28T01:37:00+00:00
[2021-10-28 01:38:35,464] {processor.py:171} INFO - Processing /home/airflow/.local/lib/python3.6/site-packages/airflow/example_dags/example_branch_python_dop_operator_3.py took 0.410 seconds
[2021-10-28 01:39:06,686] {processor.py:163} INFO - Started process (PID=927) to work on /home/airflow/.local/lib/python3.6/site-packages/airflow/example_dags/example_branch_python_dop_operator_3.py
[2021-10-28 01:39:06,689] {processor.py:620} INFO - Processing file /home/airflow/.local/lib/python3.6/site-packages/airflow/example_dags/example_branch_python_dop_operator_3.py for tasks to queue
[2021-10-28 01:39:06,690] {logging_mixin.py:109} INFO - [2021-10-28 01:39:06,690] {dagbag.py:500} INFO - Filling up the DagBag from /home/airflow/.local/lib/python3.6/site-packages/airflow/example_dags/example_branch_python_dop_operator_3.py
[2021-10-28 01:39:06,843] {processor.py:632} INFO - DAG(s) dict_keys(['example_branch_dop_operator_v3']) retrieved from /home/airflow/.local/lib/python3.6/site-packages/airflow/example_dags/example_branch_python_dop_operator_3.py
[2021-10-28 01:39:06,904] {logging_mixin.py:109} INFO - [2021-10-28 01:39:06,904] {dag.py:2389} INFO - Sync 1 DAGs
[2021-10-28 01:39:06,939] {logging_mixin.py:109} INFO - [2021-10-28 01:39:06,939] {dag.py:2914} INFO - Setting next_dagrun for example_branch_dop_operator_v3 to 2021-10-28T01:38:00+00:00
[2021-10-28 01:39:07,001] {processor.py:171} INFO - Processing /home/airflow/.local/lib/python3.6/site-packages/airflow/example_dags/example_branch_python_dop_operator_3.py took 0.337 seconds
[2021-10-28 01:39:38,037] {processor.py:163} INFO - Started process (PID=980) to work on /home/airflow/.local/lib/python3.6/site-packages/airflow/example_dags/example_branch_python_dop_operator_3.py
[2021-10-28 01:39:38,045] {processor.py:620} INFO - Processing file /home/airflow/.local/lib/python3.6/site-packages/airflow/example_dags/example_branch_python_dop_operator_3.py for tasks to queue
[2021-10-28 01:39:38,058] {logging_mixin.py:109} INFO - [2021-10-28 01:39:38,058] {dagbag.py:500} INFO - Filling up the DagBag from /home/airflow/.local/lib/python3.6/site-packages/airflow/example_dags/example_branch_python_dop_operator_3.py
[2021-10-28 01:39:38,238] {processor.py:632} INFO - DAG(s) dict_keys(['example_branch_dop_operator_v3']) retrieved from /home/airflow/.local/lib/python3.6/site-packages/airflow/example_dags/example_branch_python_dop_operator_3.py
[2021-10-28 01:39:38,305] {logging_mixin.py:109} INFO - [2021-10-28 01:39:38,304] {dag.py:2389} INFO - Sync 1 DAGs
[2021-10-28 01:39:38,380] {logging_mixin.py:109} INFO - [2021-10-28 01:39:38,379] {dag.py:2914} INFO - Setting next_dagrun for example_branch_dop_operator_v3 to 2021-10-28T01:38:00+00:00
[2021-10-28 01:39:38,544] {processor.py:171} INFO - Processing /home/airflow/.local/lib/python3.6/site-packages/airflow/example_dags/example_branch_python_dop_operator_3.py took 0.510 seconds
[2021-10-28 01:40:08,801] {processor.py:163} INFO - Started process (PID=1022) to work on /home/airflow/.local/lib/python3.6/site-packages/airflow/example_dags/example_branch_python_dop_operator_3.py
[2021-10-28 01:40:08,816] {processor.py:620} INFO - Processing file /home/airflow/.local/lib/python3.6/site-packages/airflow/example_dags/example_branch_python_dop_operator_3.py for tasks to queue
[2021-10-28 01:40:08,818] {logging_mixin.py:109} INFO - [2021-10-28 01:40:08,818] {dagbag.py:500} INFO - Filling up the DagBag from /home/airflow/.local/lib/python3.6/site-packages/airflow/example_dags/example_branch_python_dop_operator_3.py
[2021-10-28 01:40:08,885] {processor.py:632} INFO - DAG(s) dict_keys(['example_branch_dop_operator_v3']) retrieved from /home/airflow/.local/lib/python3.6/site-packages/airflow/example_dags/example_branch_python_dop_operator_3.py
[2021-10-28 01:40:08,912] {logging_mixin.py:109} INFO - [2021-10-28 01:40:08,912] {dag.py:2389} INFO - Sync 1 DAGs
[2021-10-28 01:40:08,937] {logging_mixin.py:109} INFO - [2021-10-28 01:40:08,936] {dag.py:2914} INFO - Setting next_dagrun for example_branch_dop_operator_v3 to 2021-10-28T01:39:00+00:00
[2021-10-28 01:40:08,965] {processor.py:171} INFO - Processing /home/airflow/.local/lib/python3.6/site-packages/airflow/example_dags/example_branch_python_dop_operator_3.py took 0.167 seconds
[2021-10-28 01:40:39,363] {processor.py:163} INFO - Started process (PID=1075) to work on /home/airflow/.local/lib/python3.6/site-packages/airflow/example_dags/example_branch_python_dop_operator_3.py
[2021-10-28 01:40:39,379] {processor.py:620} INFO - Processing file /home/airflow/.local/lib/python3.6/site-packages/airflow/example_dags/example_branch_python_dop_operator_3.py for tasks to queue
[2021-10-28 01:40:39,381] {logging_mixin.py:109} INFO - [2021-10-28 01:40:39,381] {dagbag.py:500} INFO - Filling up the DagBag from /home/airflow/.local/lib/python3.6/site-packages/airflow/example_dags/example_branch_python_dop_operator_3.py
[2021-10-28 01:40:39,439] {processor.py:632} INFO - DAG(s) dict_keys(['example_branch_dop_operator_v3']) retrieved from /home/airflow/.local/lib/python3.6/site-packages/airflow/example_dags/example_branch_python_dop_operator_3.py
[2021-10-28 01:40:39,460] {logging_mixin.py:109} INFO - [2021-10-28 01:40:39,460] {dag.py:2389} INFO - Sync 1 DAGs
[2021-10-28 01:40:39,502] {logging_mixin.py:109} INFO - [2021-10-28 01:40:39,502] {dag.py:2914} INFO - Setting next_dagrun for example_branch_dop_operator_v3 to 2021-10-28T01:39:00+00:00
[2021-10-28 01:40:39,532] {processor.py:171} INFO - Processing /home/airflow/.local/lib/python3.6/site-packages/airflow/example_dags/example_branch_python_dop_operator_3.py took 0.172 seconds
[2021-10-28 01:41:09,673] {processor.py:163} INFO - Started process (PID=1127) to work on /home/airflow/.local/lib/python3.6/site-packages/airflow/example_dags/example_branch_python_dop_operator_3.py
[2021-10-28 01:41:09,692] {processor.py:620} INFO - Processing file /home/airflow/.local/lib/python3.6/site-packages/airflow/example_dags/example_branch_python_dop_operator_3.py for tasks to queue
[2021-10-28 01:41:09,694] {logging_mixin.py:109} INFO - [2021-10-28 01:41:09,693] {dagbag.py:500} INFO - Filling up the DagBag from /home/airflow/.local/lib/python3.6/site-packages/airflow/example_dags/example_branch_python_dop_operator_3.py
[2021-10-28 01:41:09,836] {processor.py:632} INFO - DAG(s) dict_keys(['example_branch_dop_operator_v3']) retrieved from /home/airflow/.local/lib/python3.6/site-packages/airflow/example_dags/example_branch_python_dop_operator_3.py
[2021-10-28 01:41:09,867] {logging_mixin.py:109} INFO - [2021-10-28 01:41:09,867] {dag.py:2389} INFO - Sync 1 DAGs
[2021-10-28 01:41:09,908] {logging_mixin.py:109} INFO - [2021-10-28 01:41:09,908] {dag.py:2914} INFO - Setting next_dagrun for example_branch_dop_operator_v3 to 2021-10-28T01:40:00+00:00
[2021-10-28 01:41:09,921] {processor.py:171} INFO - Processing /home/airflow/.local/lib/python3.6/site-packages/airflow/example_dags/example_branch_python_dop_operator_3.py took 0.250 seconds
[2021-10-28 01:41:41,532] {processor.py:163} INFO - Started process (PID=1180) to work on /home/airflow/.local/lib/python3.6/site-packages/airflow/example_dags/example_branch_python_dop_operator_3.py
[2021-10-28 01:41:41,543] {processor.py:620} INFO - Processing file /home/airflow/.local/lib/python3.6/site-packages/airflow/example_dags/example_branch_python_dop_operator_3.py for tasks to queue
[2021-10-28 01:41:41,551] {logging_mixin.py:109} INFO - [2021-10-28 01:41:41,549] {dagbag.py:500} INFO - Filling up the DagBag from /home/airflow/.local/lib/python3.6/site-packages/airflow/example_dags/example_branch_python_dop_operator_3.py
[2021-10-28 01:41:41,775] {processor.py:632} INFO - DAG(s) dict_keys(['example_branch_dop_operator_v3']) retrieved from /home/airflow/.local/lib/python3.6/site-packages/airflow/example_dags/example_branch_python_dop_operator_3.py
[2021-10-28 01:41:41,856] {logging_mixin.py:109} INFO - [2021-10-28 01:41:41,856] {dag.py:2389} INFO - Sync 1 DAGs
[2021-10-28 01:41:42,115] {logging_mixin.py:109} INFO - [2021-10-28 01:41:42,106] {dag.py:2914} INFO - Setting next_dagrun for example_branch_dop_operator_v3 to 2021-10-28T01:40:00+00:00
[2021-10-28 01:41:42,228] {processor.py:171} INFO - Processing /home/airflow/.local/lib/python3.6/site-packages/airflow/example_dags/example_branch_python_dop_operator_3.py took 0.725 seconds
[2021-10-28 01:42:12,605] {processor.py:163} INFO - Started process (PID=1232) to work on /home/airflow/.local/lib/python3.6/site-packages/airflow/example_dags/example_branch_python_dop_operator_3.py
[2021-10-28 01:42:12,640] {processor.py:620} INFO - Processing file /home/airflow/.local/lib/python3.6/site-packages/airflow/example_dags/example_branch_python_dop_operator_3.py for tasks to queue
[2021-10-28 01:42:12,642] {logging_mixin.py:109} INFO - [2021-10-28 01:42:12,642] {dagbag.py:500} INFO - Filling up the DagBag from /home/airflow/.local/lib/python3.6/site-packages/airflow/example_dags/example_branch_python_dop_operator_3.py
[2021-10-28 01:42:12,739] {processor.py:632} INFO - DAG(s) dict_keys(['example_branch_dop_operator_v3']) retrieved from /home/airflow/.local/lib/python3.6/site-packages/airflow/example_dags/example_branch_python_dop_operator_3.py
[2021-10-28 01:42:12,778] {logging_mixin.py:109} INFO - [2021-10-28 01:42:12,778] {dag.py:2389} INFO - Sync 1 DAGs
[2021-10-28 01:42:12,836] {logging_mixin.py:109} INFO - [2021-10-28 01:42:12,836] {dag.py:2914} INFO - Setting next_dagrun for example_branch_dop_operator_v3 to 2021-10-28T01:41:00+00:00
[2021-10-28 01:42:12,922] {processor.py:171} INFO - Processing /home/airflow/.local/lib/python3.6/site-packages/airflow/example_dags/example_branch_python_dop_operator_3.py took 0.321 seconds
[2021-10-28 01:42:43,235] {processor.py:163} INFO - Started process (PID=1288) to work on /home/airflow/.local/lib/python3.6/site-packages/airflow/example_dags/example_branch_python_dop_operator_3.py
[2021-10-28 01:42:43,238] {processor.py:620} INFO - Processing file /home/airflow/.local/lib/python3.6/site-packages/airflow/example_dags/example_branch_python_dop_operator_3.py for tasks to queue
[2021-10-28 01:42:43,238] {logging_mixin.py:109} INFO - [2021-10-28 01:42:43,238] {dagbag.py:500} INFO - Filling up the DagBag from /home/airflow/.local/lib/python3.6/site-packages/airflow/example_dags/example_branch_python_dop_operator_3.py
[2021-10-28 01:42:43,443] {processor.py:632} INFO - DAG(s) dict_keys(['example_branch_dop_operator_v3']) retrieved from /home/airflow/.local/lib/python3.6/site-packages/airflow/example_dags/example_branch_python_dop_operator_3.py
[2021-10-28 01:42:43,499] {logging_mixin.py:109} INFO - [2021-10-28 01:42:43,498] {dag.py:2389} INFO - Sync 1 DAGs
[2021-10-28 01:42:43,551] {logging_mixin.py:109} INFO - [2021-10-28 01:42:43,551] {dag.py:2914} INFO - Setting next_dagrun for example_branch_dop_operator_v3 to 2021-10-28T01:41:00+00:00
[2021-10-28 01:42:43,630] {processor.py:171} INFO - Processing /home/airflow/.local/lib/python3.6/site-packages/airflow/example_dags/example_branch_python_dop_operator_3.py took 0.432 seconds
