[2021-10-28 01:33:10,290] {processor.py:163} INFO - Started process (PID=312) to work on /home/airflow/.local/lib/python3.6/site-packages/airflow/example_dags/example_python_operator.py
[2021-10-28 01:33:10,300] {processor.py:620} INFO - Processing file /home/airflow/.local/lib/python3.6/site-packages/airflow/example_dags/example_python_operator.py for tasks to queue
[2021-10-28 01:33:10,318] {logging_mixin.py:109} INFO - [2021-10-28 01:33:10,318] {dagbag.py:500} INFO - Filling up the DagBag from /home/airflow/.local/lib/python3.6/site-packages/airflow/example_dags/example_python_operator.py
[2021-10-28 01:33:10,493] {processor.py:632} INFO - DAG(s) dict_keys(['example_python_operator']) retrieved from /home/airflow/.local/lib/python3.6/site-packages/airflow/example_dags/example_python_operator.py
[2021-10-28 01:33:16,665] {logging_mixin.py:109} INFO - [2021-10-28 01:33:16,665] {providers_manager.py:156} WARNING - Exception when importing 'airflow.providers.google.leveldb.hooks.leveldb.LevelDBHook' from 'apache-airflow-providers-google' package: No module named 'plyvel'
[2021-10-28 01:33:17,378] {logging_mixin.py:109} INFO - [2021-10-28 01:33:17,378] {providers_manager.py:156} WARNING - Exception when importing 'airflow.providers.google.leveldb.hooks.leveldb.LevelDBHook' from 'apache-airflow-providers-google' package: No module named 'plyvel'
[2021-10-28 01:33:17,518] {logging_mixin.py:109} INFO - [2021-10-28 01:33:17,518] {manager.py:496} INFO - Created Permission View: can read on DAG:example_python_operator
[2021-10-28 01:33:17,565] {logging_mixin.py:109} INFO - [2021-10-28 01:33:17,565] {manager.py:496} INFO - Created Permission View: can edit on DAG:example_python_operator
[2021-10-28 01:33:17,568] {logging_mixin.py:109} INFO - [2021-10-28 01:33:17,567] {dag.py:2389} INFO - Sync 1 DAGs
[2021-10-28 01:33:17,590] {logging_mixin.py:109} INFO - [2021-10-28 01:33:17,590] {dag.py:2408} INFO - Creating ORM DAG for example_python_operator
[2021-10-28 01:33:17,604] {logging_mixin.py:109} INFO - [2021-10-28 01:33:17,604] {dag.py:2914} INFO - Setting next_dagrun for example_python_operator to None
[2021-10-28 01:33:17,632] {processor.py:171} INFO - Processing /home/airflow/.local/lib/python3.6/site-packages/airflow/example_dags/example_python_operator.py took 7.346 seconds
[2021-10-28 01:33:48,231] {processor.py:163} INFO - Started process (PID=370) to work on /home/airflow/.local/lib/python3.6/site-packages/airflow/example_dags/example_python_operator.py
[2021-10-28 01:33:48,235] {processor.py:620} INFO - Processing file /home/airflow/.local/lib/python3.6/site-packages/airflow/example_dags/example_python_operator.py for tasks to queue
[2021-10-28 01:33:48,237] {logging_mixin.py:109} INFO - [2021-10-28 01:33:48,237] {dagbag.py:500} INFO - Filling up the DagBag from /home/airflow/.local/lib/python3.6/site-packages/airflow/example_dags/example_python_operator.py
[2021-10-28 01:33:48,263] {processor.py:632} INFO - DAG(s) dict_keys(['example_python_operator']) retrieved from /home/airflow/.local/lib/python3.6/site-packages/airflow/example_dags/example_python_operator.py
[2021-10-28 01:33:48,274] {logging_mixin.py:109} INFO - [2021-10-28 01:33:48,274] {dag.py:2389} INFO - Sync 1 DAGs
[2021-10-28 01:33:48,285] {logging_mixin.py:109} INFO - [2021-10-28 01:33:48,285] {dag.py:2914} INFO - Setting next_dagrun for example_python_operator to None
[2021-10-28 01:33:48,303] {processor.py:171} INFO - Processing /home/airflow/.local/lib/python3.6/site-packages/airflow/example_dags/example_python_operator.py took 0.075 seconds
[2021-10-28 01:34:19,020] {processor.py:163} INFO - Started process (PID=433) to work on /home/airflow/.local/lib/python3.6/site-packages/airflow/example_dags/example_python_operator.py
[2021-10-28 01:34:19,023] {processor.py:620} INFO - Processing file /home/airflow/.local/lib/python3.6/site-packages/airflow/example_dags/example_python_operator.py for tasks to queue
[2021-10-28 01:34:19,024] {logging_mixin.py:109} INFO - [2021-10-28 01:34:19,024] {dagbag.py:500} INFO - Filling up the DagBag from /home/airflow/.local/lib/python3.6/site-packages/airflow/example_dags/example_python_operator.py
[2021-10-28 01:34:19,050] {processor.py:632} INFO - DAG(s) dict_keys(['example_python_operator']) retrieved from /home/airflow/.local/lib/python3.6/site-packages/airflow/example_dags/example_python_operator.py
[2021-10-28 01:34:19,062] {logging_mixin.py:109} INFO - [2021-10-28 01:34:19,062] {dag.py:2389} INFO - Sync 1 DAGs
[2021-10-28 01:34:19,073] {logging_mixin.py:109} INFO - [2021-10-28 01:34:19,073] {dag.py:2914} INFO - Setting next_dagrun for example_python_operator to None
[2021-10-28 01:34:19,090] {processor.py:171} INFO - Processing /home/airflow/.local/lib/python3.6/site-packages/airflow/example_dags/example_python_operator.py took 0.073 seconds
[2021-10-28 01:34:49,256] {processor.py:163} INFO - Started process (PID=486) to work on /home/airflow/.local/lib/python3.6/site-packages/airflow/example_dags/example_python_operator.py
[2021-10-28 01:34:49,259] {processor.py:620} INFO - Processing file /home/airflow/.local/lib/python3.6/site-packages/airflow/example_dags/example_python_operator.py for tasks to queue
[2021-10-28 01:34:49,261] {logging_mixin.py:109} INFO - [2021-10-28 01:34:49,261] {dagbag.py:500} INFO - Filling up the DagBag from /home/airflow/.local/lib/python3.6/site-packages/airflow/example_dags/example_python_operator.py
[2021-10-28 01:34:49,312] {processor.py:632} INFO - DAG(s) dict_keys(['example_python_operator']) retrieved from /home/airflow/.local/lib/python3.6/site-packages/airflow/example_dags/example_python_operator.py
[2021-10-28 01:34:49,332] {logging_mixin.py:109} INFO - [2021-10-28 01:34:49,332] {dag.py:2389} INFO - Sync 1 DAGs
[2021-10-28 01:34:49,351] {logging_mixin.py:109} INFO - [2021-10-28 01:34:49,351] {dag.py:2914} INFO - Setting next_dagrun for example_python_operator to None
[2021-10-28 01:34:49,374] {processor.py:171} INFO - Processing /home/airflow/.local/lib/python3.6/site-packages/airflow/example_dags/example_python_operator.py took 0.132 seconds
[2021-10-28 01:35:19,731] {processor.py:163} INFO - Started process (PID=539) to work on /home/airflow/.local/lib/python3.6/site-packages/airflow/example_dags/example_python_operator.py
[2021-10-28 01:35:19,734] {processor.py:620} INFO - Processing file /home/airflow/.local/lib/python3.6/site-packages/airflow/example_dags/example_python_operator.py for tasks to queue
[2021-10-28 01:35:19,736] {logging_mixin.py:109} INFO - [2021-10-28 01:35:19,736] {dagbag.py:500} INFO - Filling up the DagBag from /home/airflow/.local/lib/python3.6/site-packages/airflow/example_dags/example_python_operator.py
[2021-10-28 01:35:19,761] {processor.py:632} INFO - DAG(s) dict_keys(['example_python_operator']) retrieved from /home/airflow/.local/lib/python3.6/site-packages/airflow/example_dags/example_python_operator.py
[2021-10-28 01:35:19,774] {logging_mixin.py:109} INFO - [2021-10-28 01:35:19,774] {dag.py:2389} INFO - Sync 1 DAGs
[2021-10-28 01:35:19,785] {logging_mixin.py:109} INFO - [2021-10-28 01:35:19,785] {dag.py:2914} INFO - Setting next_dagrun for example_python_operator to None
[2021-10-28 01:35:19,801] {processor.py:171} INFO - Processing /home/airflow/.local/lib/python3.6/site-packages/airflow/example_dags/example_python_operator.py took 0.073 seconds
[2021-10-28 01:35:50,119] {processor.py:163} INFO - Started process (PID=592) to work on /home/airflow/.local/lib/python3.6/site-packages/airflow/example_dags/example_python_operator.py
[2021-10-28 01:35:50,123] {processor.py:620} INFO - Processing file /home/airflow/.local/lib/python3.6/site-packages/airflow/example_dags/example_python_operator.py for tasks to queue
[2021-10-28 01:35:50,125] {logging_mixin.py:109} INFO - [2021-10-28 01:35:50,125] {dagbag.py:500} INFO - Filling up the DagBag from /home/airflow/.local/lib/python3.6/site-packages/airflow/example_dags/example_python_operator.py
[2021-10-28 01:35:50,170] {processor.py:632} INFO - DAG(s) dict_keys(['example_python_operator']) retrieved from /home/airflow/.local/lib/python3.6/site-packages/airflow/example_dags/example_python_operator.py
[2021-10-28 01:35:50,196] {logging_mixin.py:109} INFO - [2021-10-28 01:35:50,195] {dag.py:2389} INFO - Sync 1 DAGs
[2021-10-28 01:35:50,222] {logging_mixin.py:109} INFO - [2021-10-28 01:35:50,222] {dag.py:2914} INFO - Setting next_dagrun for example_python_operator to None
[2021-10-28 01:35:50,255] {processor.py:171} INFO - Processing /home/airflow/.local/lib/python3.6/site-packages/airflow/example_dags/example_python_operator.py took 0.151 seconds
[2021-10-28 01:36:20,679] {processor.py:163} INFO - Started process (PID=645) to work on /home/airflow/.local/lib/python3.6/site-packages/airflow/example_dags/example_python_operator.py
[2021-10-28 01:36:20,695] {processor.py:620} INFO - Processing file /home/airflow/.local/lib/python3.6/site-packages/airflow/example_dags/example_python_operator.py for tasks to queue
[2021-10-28 01:36:20,700] {logging_mixin.py:109} INFO - [2021-10-28 01:36:20,700] {dagbag.py:500} INFO - Filling up the DagBag from /home/airflow/.local/lib/python3.6/site-packages/airflow/example_dags/example_python_operator.py
[2021-10-28 01:36:20,751] {processor.py:632} INFO - DAG(s) dict_keys(['example_python_operator']) retrieved from /home/airflow/.local/lib/python3.6/site-packages/airflow/example_dags/example_python_operator.py
[2021-10-28 01:36:20,770] {logging_mixin.py:109} INFO - [2021-10-28 01:36:20,770] {dag.py:2389} INFO - Sync 1 DAGs
[2021-10-28 01:36:20,792] {logging_mixin.py:109} INFO - [2021-10-28 01:36:20,792] {dag.py:2914} INFO - Setting next_dagrun for example_python_operator to None
[2021-10-28 01:36:20,802] {processor.py:171} INFO - Processing /home/airflow/.local/lib/python3.6/site-packages/airflow/example_dags/example_python_operator.py took 0.125 seconds
[2021-10-28 01:36:51,627] {processor.py:163} INFO - Started process (PID=697) to work on /home/airflow/.local/lib/python3.6/site-packages/airflow/example_dags/example_python_operator.py
[2021-10-28 01:36:51,632] {processor.py:620} INFO - Processing file /home/airflow/.local/lib/python3.6/site-packages/airflow/example_dags/example_python_operator.py for tasks to queue
[2021-10-28 01:36:51,642] {logging_mixin.py:109} INFO - [2021-10-28 01:36:51,642] {dagbag.py:500} INFO - Filling up the DagBag from /home/airflow/.local/lib/python3.6/site-packages/airflow/example_dags/example_python_operator.py
[2021-10-28 01:36:51,732] {processor.py:632} INFO - DAG(s) dict_keys(['example_python_operator']) retrieved from /home/airflow/.local/lib/python3.6/site-packages/airflow/example_dags/example_python_operator.py
[2021-10-28 01:36:51,803] {logging_mixin.py:109} INFO - [2021-10-28 01:36:51,803] {dag.py:2389} INFO - Sync 1 DAGs
[2021-10-28 01:36:51,841] {logging_mixin.py:109} INFO - [2021-10-28 01:36:51,841] {dag.py:2914} INFO - Setting next_dagrun for example_python_operator to None
[2021-10-28 01:36:51,867] {processor.py:171} INFO - Processing /home/airflow/.local/lib/python3.6/site-packages/airflow/example_dags/example_python_operator.py took 0.242 seconds
[2021-10-28 01:37:22,447] {processor.py:163} INFO - Started process (PID=748) to work on /home/airflow/.local/lib/python3.6/site-packages/airflow/example_dags/example_python_operator.py
[2021-10-28 01:37:22,489] {processor.py:620} INFO - Processing file /home/airflow/.local/lib/python3.6/site-packages/airflow/example_dags/example_python_operator.py for tasks to queue
[2021-10-28 01:37:22,491] {logging_mixin.py:109} INFO - [2021-10-28 01:37:22,491] {dagbag.py:500} INFO - Filling up the DagBag from /home/airflow/.local/lib/python3.6/site-packages/airflow/example_dags/example_python_operator.py
[2021-10-28 01:37:22,628] {processor.py:632} INFO - DAG(s) dict_keys(['example_python_operator']) retrieved from /home/airflow/.local/lib/python3.6/site-packages/airflow/example_dags/example_python_operator.py
[2021-10-28 01:37:22,685] {logging_mixin.py:109} INFO - [2021-10-28 01:37:22,685] {dag.py:2389} INFO - Sync 1 DAGs
[2021-10-28 01:37:22,703] {logging_mixin.py:109} INFO - [2021-10-28 01:37:22,703] {dag.py:2914} INFO - Setting next_dagrun for example_python_operator to None
[2021-10-28 01:37:22,743] {processor.py:171} INFO - Processing /home/airflow/.local/lib/python3.6/site-packages/airflow/example_dags/example_python_operator.py took 0.300 seconds
[2021-10-28 01:37:53,408] {processor.py:163} INFO - Started process (PID=810) to work on /home/airflow/.local/lib/python3.6/site-packages/airflow/example_dags/example_python_operator.py
[2021-10-28 01:37:53,427] {processor.py:620} INFO - Processing file /home/airflow/.local/lib/python3.6/site-packages/airflow/example_dags/example_python_operator.py for tasks to queue
[2021-10-28 01:37:53,429] {logging_mixin.py:109} INFO - [2021-10-28 01:37:53,429] {dagbag.py:500} INFO - Filling up the DagBag from /home/airflow/.local/lib/python3.6/site-packages/airflow/example_dags/example_python_operator.py
[2021-10-28 01:37:53,576] {processor.py:632} INFO - DAG(s) dict_keys(['example_python_operator']) retrieved from /home/airflow/.local/lib/python3.6/site-packages/airflow/example_dags/example_python_operator.py
[2021-10-28 01:37:53,631] {logging_mixin.py:109} INFO - [2021-10-28 01:37:53,631] {dag.py:2389} INFO - Sync 1 DAGs
[2021-10-28 01:37:53,651] {logging_mixin.py:109} INFO - [2021-10-28 01:37:53,651] {dag.py:2914} INFO - Setting next_dagrun for example_python_operator to None
[2021-10-28 01:37:53,717] {processor.py:171} INFO - Processing /home/airflow/.local/lib/python3.6/site-packages/airflow/example_dags/example_python_operator.py took 0.312 seconds
[2021-10-28 01:38:24,140] {processor.py:163} INFO - Started process (PID=863) to work on /home/airflow/.local/lib/python3.6/site-packages/airflow/example_dags/example_python_operator.py
[2021-10-28 01:38:24,141] {processor.py:620} INFO - Processing file /home/airflow/.local/lib/python3.6/site-packages/airflow/example_dags/example_python_operator.py for tasks to queue
[2021-10-28 01:38:24,142] {logging_mixin.py:109} INFO - [2021-10-28 01:38:24,141] {dagbag.py:500} INFO - Filling up the DagBag from /home/airflow/.local/lib/python3.6/site-packages/airflow/example_dags/example_python_operator.py
[2021-10-28 01:38:24,386] {processor.py:632} INFO - DAG(s) dict_keys(['example_python_operator']) retrieved from /home/airflow/.local/lib/python3.6/site-packages/airflow/example_dags/example_python_operator.py
[2021-10-28 01:38:24,418] {logging_mixin.py:109} INFO - [2021-10-28 01:38:24,418] {dag.py:2389} INFO - Sync 1 DAGs
[2021-10-28 01:38:24,451] {logging_mixin.py:109} INFO - [2021-10-28 01:38:24,451] {dag.py:2914} INFO - Setting next_dagrun for example_python_operator to None
[2021-10-28 01:38:24,494] {processor.py:171} INFO - Processing /home/airflow/.local/lib/python3.6/site-packages/airflow/example_dags/example_python_operator.py took 0.434 seconds
[2021-10-28 01:38:55,351] {processor.py:163} INFO - Started process (PID=907) to work on /home/airflow/.local/lib/python3.6/site-packages/airflow/example_dags/example_python_operator.py
[2021-10-28 01:38:55,355] {processor.py:620} INFO - Processing file /home/airflow/.local/lib/python3.6/site-packages/airflow/example_dags/example_python_operator.py for tasks to queue
[2021-10-28 01:38:55,360] {logging_mixin.py:109} INFO - [2021-10-28 01:38:55,360] {dagbag.py:500} INFO - Filling up the DagBag from /home/airflow/.local/lib/python3.6/site-packages/airflow/example_dags/example_python_operator.py
[2021-10-28 01:38:55,390] {processor.py:632} INFO - DAG(s) dict_keys(['example_python_operator']) retrieved from /home/airflow/.local/lib/python3.6/site-packages/airflow/example_dags/example_python_operator.py
[2021-10-28 01:38:55,401] {logging_mixin.py:109} INFO - [2021-10-28 01:38:55,401] {dag.py:2389} INFO - Sync 1 DAGs
[2021-10-28 01:38:55,415] {logging_mixin.py:109} INFO - [2021-10-28 01:38:55,415] {dag.py:2914} INFO - Setting next_dagrun for example_python_operator to None
[2021-10-28 01:38:55,424] {processor.py:171} INFO - Processing /home/airflow/.local/lib/python3.6/site-packages/airflow/example_dags/example_python_operator.py took 0.076 seconds
[2021-10-28 01:39:25,525] {processor.py:163} INFO - Started process (PID=960) to work on /home/airflow/.local/lib/python3.6/site-packages/airflow/example_dags/example_python_operator.py
[2021-10-28 01:39:25,535] {processor.py:620} INFO - Processing file /home/airflow/.local/lib/python3.6/site-packages/airflow/example_dags/example_python_operator.py for tasks to queue
[2021-10-28 01:39:25,536] {logging_mixin.py:109} INFO - [2021-10-28 01:39:25,536] {dagbag.py:500} INFO - Filling up the DagBag from /home/airflow/.local/lib/python3.6/site-packages/airflow/example_dags/example_python_operator.py
[2021-10-28 01:39:25,564] {processor.py:632} INFO - DAG(s) dict_keys(['example_python_operator']) retrieved from /home/airflow/.local/lib/python3.6/site-packages/airflow/example_dags/example_python_operator.py
[2021-10-28 01:39:25,575] {logging_mixin.py:109} INFO - [2021-10-28 01:39:25,575] {dag.py:2389} INFO - Sync 1 DAGs
[2021-10-28 01:39:25,588] {logging_mixin.py:109} INFO - [2021-10-28 01:39:25,588] {dag.py:2914} INFO - Setting next_dagrun for example_python_operator to None
[2021-10-28 01:39:25,598] {processor.py:171} INFO - Processing /home/airflow/.local/lib/python3.6/site-packages/airflow/example_dags/example_python_operator.py took 0.076 seconds
[2021-10-28 01:39:56,126] {processor.py:163} INFO - Started process (PID=1010) to work on /home/airflow/.local/lib/python3.6/site-packages/airflow/example_dags/example_python_operator.py
[2021-10-28 01:39:56,308] {processor.py:620} INFO - Processing file /home/airflow/.local/lib/python3.6/site-packages/airflow/example_dags/example_python_operator.py for tasks to queue
[2021-10-28 01:39:56,314] {logging_mixin.py:109} INFO - [2021-10-28 01:39:56,314] {dagbag.py:500} INFO - Filling up the DagBag from /home/airflow/.local/lib/python3.6/site-packages/airflow/example_dags/example_python_operator.py
[2021-10-28 01:39:56,641] {processor.py:632} INFO - DAG(s) dict_keys(['example_python_operator']) retrieved from /home/airflow/.local/lib/python3.6/site-packages/airflow/example_dags/example_python_operator.py
[2021-10-28 01:39:56,767] {logging_mixin.py:109} INFO - [2021-10-28 01:39:56,767] {dag.py:2389} INFO - Sync 1 DAGs
[2021-10-28 01:39:56,908] {logging_mixin.py:109} INFO - [2021-10-28 01:39:56,908] {dag.py:2914} INFO - Setting next_dagrun for example_python_operator to None
[2021-10-28 01:39:56,983] {processor.py:171} INFO - Processing /home/airflow/.local/lib/python3.6/site-packages/airflow/example_dags/example_python_operator.py took 0.860 seconds
[2021-10-28 01:40:27,720] {processor.py:163} INFO - Started process (PID=1056) to work on /home/airflow/.local/lib/python3.6/site-packages/airflow/example_dags/example_python_operator.py
[2021-10-28 01:40:27,740] {processor.py:620} INFO - Processing file /home/airflow/.local/lib/python3.6/site-packages/airflow/example_dags/example_python_operator.py for tasks to queue
[2021-10-28 01:40:27,742] {logging_mixin.py:109} INFO - [2021-10-28 01:40:27,742] {dagbag.py:500} INFO - Filling up the DagBag from /home/airflow/.local/lib/python3.6/site-packages/airflow/example_dags/example_python_operator.py
[2021-10-28 01:40:27,784] {processor.py:632} INFO - DAG(s) dict_keys(['example_python_operator']) retrieved from /home/airflow/.local/lib/python3.6/site-packages/airflow/example_dags/example_python_operator.py
[2021-10-28 01:40:27,800] {logging_mixin.py:109} INFO - [2021-10-28 01:40:27,800] {dag.py:2389} INFO - Sync 1 DAGs
[2021-10-28 01:40:27,829] {logging_mixin.py:109} INFO - [2021-10-28 01:40:27,829] {dag.py:2914} INFO - Setting next_dagrun for example_python_operator to None
[2021-10-28 01:40:27,858] {processor.py:171} INFO - Processing /home/airflow/.local/lib/python3.6/site-packages/airflow/example_dags/example_python_operator.py took 0.141 seconds
[2021-10-28 01:40:58,076] {processor.py:163} INFO - Started process (PID=1108) to work on /home/airflow/.local/lib/python3.6/site-packages/airflow/example_dags/example_python_operator.py
[2021-10-28 01:40:58,079] {processor.py:620} INFO - Processing file /home/airflow/.local/lib/python3.6/site-packages/airflow/example_dags/example_python_operator.py for tasks to queue
[2021-10-28 01:40:58,081] {logging_mixin.py:109} INFO - [2021-10-28 01:40:58,081] {dagbag.py:500} INFO - Filling up the DagBag from /home/airflow/.local/lib/python3.6/site-packages/airflow/example_dags/example_python_operator.py
[2021-10-28 01:40:58,109] {processor.py:632} INFO - DAG(s) dict_keys(['example_python_operator']) retrieved from /home/airflow/.local/lib/python3.6/site-packages/airflow/example_dags/example_python_operator.py
[2021-10-28 01:40:58,120] {logging_mixin.py:109} INFO - [2021-10-28 01:40:58,120] {dag.py:2389} INFO - Sync 1 DAGs
[2021-10-28 01:40:58,132] {logging_mixin.py:109} INFO - [2021-10-28 01:40:58,132] {dag.py:2914} INFO - Setting next_dagrun for example_python_operator to None
[2021-10-28 01:40:58,141] {processor.py:171} INFO - Processing /home/airflow/.local/lib/python3.6/site-packages/airflow/example_dags/example_python_operator.py took 0.069 seconds
[2021-10-28 01:41:28,467] {processor.py:163} INFO - Started process (PID=1161) to work on /home/airflow/.local/lib/python3.6/site-packages/airflow/example_dags/example_python_operator.py
[2021-10-28 01:41:28,487] {processor.py:620} INFO - Processing file /home/airflow/.local/lib/python3.6/site-packages/airflow/example_dags/example_python_operator.py for tasks to queue
[2021-10-28 01:41:28,489] {logging_mixin.py:109} INFO - [2021-10-28 01:41:28,488] {dagbag.py:500} INFO - Filling up the DagBag from /home/airflow/.local/lib/python3.6/site-packages/airflow/example_dags/example_python_operator.py
[2021-10-28 01:41:28,526] {processor.py:632} INFO - DAG(s) dict_keys(['example_python_operator']) retrieved from /home/airflow/.local/lib/python3.6/site-packages/airflow/example_dags/example_python_operator.py
[2021-10-28 01:41:28,557] {logging_mixin.py:109} INFO - [2021-10-28 01:41:28,556] {dag.py:2389} INFO - Sync 1 DAGs
[2021-10-28 01:41:28,586] {logging_mixin.py:109} INFO - [2021-10-28 01:41:28,586] {dag.py:2914} INFO - Setting next_dagrun for example_python_operator to None
[2021-10-28 01:41:28,603] {processor.py:171} INFO - Processing /home/airflow/.local/lib/python3.6/site-packages/airflow/example_dags/example_python_operator.py took 0.139 seconds
[2021-10-28 01:41:59,468] {processor.py:163} INFO - Started process (PID=1214) to work on /home/airflow/.local/lib/python3.6/site-packages/airflow/example_dags/example_python_operator.py
[2021-10-28 01:41:59,538] {processor.py:620} INFO - Processing file /home/airflow/.local/lib/python3.6/site-packages/airflow/example_dags/example_python_operator.py for tasks to queue
[2021-10-28 01:41:59,539] {logging_mixin.py:109} INFO - [2021-10-28 01:41:59,539] {dagbag.py:500} INFO - Filling up the DagBag from /home/airflow/.local/lib/python3.6/site-packages/airflow/example_dags/example_python_operator.py
[2021-10-28 01:41:59,741] {processor.py:632} INFO - DAG(s) dict_keys(['example_python_operator']) retrieved from /home/airflow/.local/lib/python3.6/site-packages/airflow/example_dags/example_python_operator.py
[2021-10-28 01:41:59,791] {logging_mixin.py:109} INFO - [2021-10-28 01:41:59,791] {dag.py:2389} INFO - Sync 1 DAGs
[2021-10-28 01:41:59,851] {logging_mixin.py:109} INFO - [2021-10-28 01:41:59,851] {dag.py:2914} INFO - Setting next_dagrun for example_python_operator to None
[2021-10-28 01:41:59,915] {processor.py:171} INFO - Processing /home/airflow/.local/lib/python3.6/site-packages/airflow/example_dags/example_python_operator.py took 0.562 seconds
[2021-10-28 01:42:30,192] {processor.py:163} INFO - Started process (PID=1266) to work on /home/airflow/.local/lib/python3.6/site-packages/airflow/example_dags/example_python_operator.py
[2021-10-28 01:42:30,209] {processor.py:620} INFO - Processing file /home/airflow/.local/lib/python3.6/site-packages/airflow/example_dags/example_python_operator.py for tasks to queue
[2021-10-28 01:42:30,210] {logging_mixin.py:109} INFO - [2021-10-28 01:42:30,210] {dagbag.py:500} INFO - Filling up the DagBag from /home/airflow/.local/lib/python3.6/site-packages/airflow/example_dags/example_python_operator.py
[2021-10-28 01:42:30,324] {processor.py:632} INFO - DAG(s) dict_keys(['example_python_operator']) retrieved from /home/airflow/.local/lib/python3.6/site-packages/airflow/example_dags/example_python_operator.py
[2021-10-28 01:42:30,346] {logging_mixin.py:109} INFO - [2021-10-28 01:42:30,346] {dag.py:2389} INFO - Sync 1 DAGs
[2021-10-28 01:42:30,358] {logging_mixin.py:109} INFO - [2021-10-28 01:42:30,358] {dag.py:2914} INFO - Setting next_dagrun for example_python_operator to None
[2021-10-28 01:42:30,373] {processor.py:171} INFO - Processing /home/airflow/.local/lib/python3.6/site-packages/airflow/example_dags/example_python_operator.py took 0.184 seconds
