[2021-10-28 01:32:24,781] {processor.py:163} INFO - Started process (PID=267) to work on /home/airflow/.local/lib/python3.6/site-packages/airflow/example_dags/tutorial_etl_dag.py
[2021-10-28 01:32:24,804] {processor.py:620} INFO - Processing file /home/airflow/.local/lib/python3.6/site-packages/airflow/example_dags/tutorial_etl_dag.py for tasks to queue
[2021-10-28 01:32:24,804] {logging_mixin.py:109} INFO - [2021-10-28 01:32:24,804] {dagbag.py:500} INFO - Filling up the DagBag from /home/airflow/.local/lib/python3.6/site-packages/airflow/example_dags/tutorial_etl_dag.py
[2021-10-28 01:32:24,999] {processor.py:632} INFO - DAG(s) dict_keys(['tutorial_etl_dag']) retrieved from /home/airflow/.local/lib/python3.6/site-packages/airflow/example_dags/tutorial_etl_dag.py
[2021-10-28 01:32:29,141] {logging_mixin.py:109} INFO - [2021-10-28 01:32:29,141] {providers_manager.py:156} WARNING - Exception when importing 'airflow.providers.google.leveldb.hooks.leveldb.LevelDBHook' from 'apache-airflow-providers-google' package: No module named 'plyvel'
[2021-10-28 01:32:30,400] {logging_mixin.py:109} INFO - [2021-10-28 01:32:30,399] {providers_manager.py:156} WARNING - Exception when importing 'airflow.providers.google.leveldb.hooks.leveldb.LevelDBHook' from 'apache-airflow-providers-google' package: No module named 'plyvel'
[2021-10-28 01:32:30,475] {logging_mixin.py:109} INFO - [2021-10-28 01:32:30,474] {manager.py:496} INFO - Created Permission View: can read on DAG:tutorial_etl_dag
[2021-10-28 01:32:30,503] {logging_mixin.py:109} INFO - [2021-10-28 01:32:30,503] {manager.py:496} INFO - Created Permission View: can edit on DAG:tutorial_etl_dag
[2021-10-28 01:32:30,505] {logging_mixin.py:109} INFO - [2021-10-28 01:32:30,504] {dag.py:2389} INFO - Sync 1 DAGs
[2021-10-28 01:32:30,535] {logging_mixin.py:109} INFO - [2021-10-28 01:32:30,534] {dag.py:2408} INFO - Creating ORM DAG for tutorial_etl_dag
[2021-10-28 01:32:30,554] {logging_mixin.py:109} INFO - [2021-10-28 01:32:30,554] {dag.py:2914} INFO - Setting next_dagrun for tutorial_etl_dag to None
[2021-10-28 01:32:30,583] {processor.py:171} INFO - Processing /home/airflow/.local/lib/python3.6/site-packages/airflow/example_dags/tutorial_etl_dag.py took 5.806 seconds
[2021-10-28 01:33:32,953] {processor.py:163} INFO - Started process (PID=347) to work on /home/airflow/.local/lib/python3.6/site-packages/airflow/example_dags/tutorial_etl_dag.py
[2021-10-28 01:33:32,956] {processor.py:620} INFO - Processing file /home/airflow/.local/lib/python3.6/site-packages/airflow/example_dags/tutorial_etl_dag.py for tasks to queue
[2021-10-28 01:33:32,972] {logging_mixin.py:109} INFO - [2021-10-28 01:33:32,972] {dagbag.py:500} INFO - Filling up the DagBag from /home/airflow/.local/lib/python3.6/site-packages/airflow/example_dags/tutorial_etl_dag.py
[2021-10-28 01:33:33,275] {processor.py:632} INFO - DAG(s) dict_keys(['tutorial_etl_dag']) retrieved from /home/airflow/.local/lib/python3.6/site-packages/airflow/example_dags/tutorial_etl_dag.py
[2021-10-28 01:33:33,384] {logging_mixin.py:109} INFO - [2021-10-28 01:33:33,383] {dag.py:2389} INFO - Sync 1 DAGs
[2021-10-28 01:33:33,459] {logging_mixin.py:109} INFO - [2021-10-28 01:33:33,459] {dag.py:2914} INFO - Setting next_dagrun for tutorial_etl_dag to None
[2021-10-28 01:33:33,526] {processor.py:171} INFO - Processing /home/airflow/.local/lib/python3.6/site-packages/airflow/example_dags/tutorial_etl_dag.py took 0.600 seconds
[2021-10-28 01:34:04,260] {processor.py:163} INFO - Started process (PID=410) to work on /home/airflow/.local/lib/python3.6/site-packages/airflow/example_dags/tutorial_etl_dag.py
[2021-10-28 01:34:04,284] {processor.py:620} INFO - Processing file /home/airflow/.local/lib/python3.6/site-packages/airflow/example_dags/tutorial_etl_dag.py for tasks to queue
[2021-10-28 01:34:04,287] {logging_mixin.py:109} INFO - [2021-10-28 01:34:04,287] {dagbag.py:500} INFO - Filling up the DagBag from /home/airflow/.local/lib/python3.6/site-packages/airflow/example_dags/tutorial_etl_dag.py
[2021-10-28 01:34:04,400] {processor.py:632} INFO - DAG(s) dict_keys(['tutorial_etl_dag']) retrieved from /home/airflow/.local/lib/python3.6/site-packages/airflow/example_dags/tutorial_etl_dag.py
[2021-10-28 01:34:04,433] {logging_mixin.py:109} INFO - [2021-10-28 01:34:04,433] {dag.py:2389} INFO - Sync 1 DAGs
[2021-10-28 01:34:04,488] {logging_mixin.py:109} INFO - [2021-10-28 01:34:04,488] {dag.py:2914} INFO - Setting next_dagrun for tutorial_etl_dag to None
[2021-10-28 01:34:04,517] {processor.py:171} INFO - Processing /home/airflow/.local/lib/python3.6/site-packages/airflow/example_dags/tutorial_etl_dag.py took 0.260 seconds
[2021-10-28 01:34:34,750] {processor.py:163} INFO - Started process (PID=463) to work on /home/airflow/.local/lib/python3.6/site-packages/airflow/example_dags/tutorial_etl_dag.py
[2021-10-28 01:34:34,754] {processor.py:620} INFO - Processing file /home/airflow/.local/lib/python3.6/site-packages/airflow/example_dags/tutorial_etl_dag.py for tasks to queue
[2021-10-28 01:34:34,756] {logging_mixin.py:109} INFO - [2021-10-28 01:34:34,756] {dagbag.py:500} INFO - Filling up the DagBag from /home/airflow/.local/lib/python3.6/site-packages/airflow/example_dags/tutorial_etl_dag.py
[2021-10-28 01:34:34,809] {processor.py:632} INFO - DAG(s) dict_keys(['tutorial_etl_dag']) retrieved from /home/airflow/.local/lib/python3.6/site-packages/airflow/example_dags/tutorial_etl_dag.py
[2021-10-28 01:34:34,832] {logging_mixin.py:109} INFO - [2021-10-28 01:34:34,832] {dag.py:2389} INFO - Sync 1 DAGs
[2021-10-28 01:34:34,850] {logging_mixin.py:109} INFO - [2021-10-28 01:34:34,850] {dag.py:2914} INFO - Setting next_dagrun for tutorial_etl_dag to None
[2021-10-28 01:34:34,873] {processor.py:171} INFO - Processing /home/airflow/.local/lib/python3.6/site-packages/airflow/example_dags/tutorial_etl_dag.py took 0.125 seconds
[2021-10-28 01:35:05,386] {processor.py:163} INFO - Started process (PID=516) to work on /home/airflow/.local/lib/python3.6/site-packages/airflow/example_dags/tutorial_etl_dag.py
[2021-10-28 01:35:05,389] {processor.py:620} INFO - Processing file /home/airflow/.local/lib/python3.6/site-packages/airflow/example_dags/tutorial_etl_dag.py for tasks to queue
[2021-10-28 01:35:05,391] {logging_mixin.py:109} INFO - [2021-10-28 01:35:05,391] {dagbag.py:500} INFO - Filling up the DagBag from /home/airflow/.local/lib/python3.6/site-packages/airflow/example_dags/tutorial_etl_dag.py
[2021-10-28 01:35:05,456] {processor.py:632} INFO - DAG(s) dict_keys(['tutorial_etl_dag']) retrieved from /home/airflow/.local/lib/python3.6/site-packages/airflow/example_dags/tutorial_etl_dag.py
[2021-10-28 01:35:05,478] {logging_mixin.py:109} INFO - [2021-10-28 01:35:05,478] {dag.py:2389} INFO - Sync 1 DAGs
[2021-10-28 01:35:05,505] {logging_mixin.py:109} INFO - [2021-10-28 01:35:05,505] {dag.py:2914} INFO - Setting next_dagrun for tutorial_etl_dag to None
[2021-10-28 01:35:05,533] {processor.py:171} INFO - Processing /home/airflow/.local/lib/python3.6/site-packages/airflow/example_dags/tutorial_etl_dag.py took 0.150 seconds
[2021-10-28 01:35:36,415] {processor.py:163} INFO - Started process (PID=569) to work on /home/airflow/.local/lib/python3.6/site-packages/airflow/example_dags/tutorial_etl_dag.py
[2021-10-28 01:35:36,423] {processor.py:620} INFO - Processing file /home/airflow/.local/lib/python3.6/site-packages/airflow/example_dags/tutorial_etl_dag.py for tasks to queue
[2021-10-28 01:35:36,431] {logging_mixin.py:109} INFO - [2021-10-28 01:35:36,431] {dagbag.py:500} INFO - Filling up the DagBag from /home/airflow/.local/lib/python3.6/site-packages/airflow/example_dags/tutorial_etl_dag.py
[2021-10-28 01:35:36,516] {processor.py:632} INFO - DAG(s) dict_keys(['tutorial_etl_dag']) retrieved from /home/airflow/.local/lib/python3.6/site-packages/airflow/example_dags/tutorial_etl_dag.py
[2021-10-28 01:35:36,571] {logging_mixin.py:109} INFO - [2021-10-28 01:35:36,571] {dag.py:2389} INFO - Sync 1 DAGs
[2021-10-28 01:35:36,605] {logging_mixin.py:109} INFO - [2021-10-28 01:35:36,604] {dag.py:2914} INFO - Setting next_dagrun for tutorial_etl_dag to None
[2021-10-28 01:35:36,633] {processor.py:171} INFO - Processing /home/airflow/.local/lib/python3.6/site-packages/airflow/example_dags/tutorial_etl_dag.py took 0.220 seconds
[2021-10-28 01:36:07,431] {processor.py:163} INFO - Started process (PID=622) to work on /home/airflow/.local/lib/python3.6/site-packages/airflow/example_dags/tutorial_etl_dag.py
[2021-10-28 01:36:07,451] {processor.py:620} INFO - Processing file /home/airflow/.local/lib/python3.6/site-packages/airflow/example_dags/tutorial_etl_dag.py for tasks to queue
[2021-10-28 01:36:07,469] {logging_mixin.py:109} INFO - [2021-10-28 01:36:07,469] {dagbag.py:500} INFO - Filling up the DagBag from /home/airflow/.local/lib/python3.6/site-packages/airflow/example_dags/tutorial_etl_dag.py
[2021-10-28 01:36:07,729] {processor.py:632} INFO - DAG(s) dict_keys(['tutorial_etl_dag']) retrieved from /home/airflow/.local/lib/python3.6/site-packages/airflow/example_dags/tutorial_etl_dag.py
[2021-10-28 01:36:07,812] {logging_mixin.py:109} INFO - [2021-10-28 01:36:07,812] {dag.py:2389} INFO - Sync 1 DAGs
[2021-10-28 01:36:07,890] {logging_mixin.py:109} INFO - [2021-10-28 01:36:07,890] {dag.py:2914} INFO - Setting next_dagrun for tutorial_etl_dag to None
[2021-10-28 01:36:08,018] {processor.py:171} INFO - Processing /home/airflow/.local/lib/python3.6/site-packages/airflow/example_dags/tutorial_etl_dag.py took 0.589 seconds
[2021-10-28 01:36:39,661] {processor.py:163} INFO - Started process (PID=684) to work on /home/airflow/.local/lib/python3.6/site-packages/airflow/example_dags/tutorial_etl_dag.py
[2021-10-28 01:36:39,699] {processor.py:620} INFO - Processing file /home/airflow/.local/lib/python3.6/site-packages/airflow/example_dags/tutorial_etl_dag.py for tasks to queue
[2021-10-28 01:36:39,699] {logging_mixin.py:109} INFO - [2021-10-28 01:36:39,699] {dagbag.py:500} INFO - Filling up the DagBag from /home/airflow/.local/lib/python3.6/site-packages/airflow/example_dags/tutorial_etl_dag.py
[2021-10-28 01:36:39,905] {processor.py:632} INFO - DAG(s) dict_keys(['tutorial_etl_dag']) retrieved from /home/airflow/.local/lib/python3.6/site-packages/airflow/example_dags/tutorial_etl_dag.py
[2021-10-28 01:36:39,970] {logging_mixin.py:109} INFO - [2021-10-28 01:36:39,969] {dag.py:2389} INFO - Sync 1 DAGs
[2021-10-28 01:36:40,048] {logging_mixin.py:109} INFO - [2021-10-28 01:36:40,048] {dag.py:2914} INFO - Setting next_dagrun for tutorial_etl_dag to None
[2021-10-28 01:36:40,115] {processor.py:171} INFO - Processing /home/airflow/.local/lib/python3.6/site-packages/airflow/example_dags/tutorial_etl_dag.py took 0.457 seconds
[2021-10-28 01:37:10,292] {processor.py:163} INFO - Started process (PID=734) to work on /home/airflow/.local/lib/python3.6/site-packages/airflow/example_dags/tutorial_etl_dag.py
[2021-10-28 01:37:10,340] {processor.py:620} INFO - Processing file /home/airflow/.local/lib/python3.6/site-packages/airflow/example_dags/tutorial_etl_dag.py for tasks to queue
[2021-10-28 01:37:10,341] {logging_mixin.py:109} INFO - [2021-10-28 01:37:10,341] {dagbag.py:500} INFO - Filling up the DagBag from /home/airflow/.local/lib/python3.6/site-packages/airflow/example_dags/tutorial_etl_dag.py
[2021-10-28 01:37:10,812] {processor.py:632} INFO - DAG(s) dict_keys(['tutorial_etl_dag']) retrieved from /home/airflow/.local/lib/python3.6/site-packages/airflow/example_dags/tutorial_etl_dag.py
[2021-10-28 01:37:10,871] {logging_mixin.py:109} INFO - [2021-10-28 01:37:10,871] {dag.py:2389} INFO - Sync 1 DAGs
[2021-10-28 01:37:10,945] {logging_mixin.py:109} INFO - [2021-10-28 01:37:10,945] {dag.py:2914} INFO - Setting next_dagrun for tutorial_etl_dag to None
[2021-10-28 01:37:10,984] {processor.py:171} INFO - Processing /home/airflow/.local/lib/python3.6/site-packages/airflow/example_dags/tutorial_etl_dag.py took 0.695 seconds
[2021-10-28 01:37:41,362] {processor.py:163} INFO - Started process (PID=787) to work on /home/airflow/.local/lib/python3.6/site-packages/airflow/example_dags/tutorial_etl_dag.py
[2021-10-28 01:37:41,372] {processor.py:620} INFO - Processing file /home/airflow/.local/lib/python3.6/site-packages/airflow/example_dags/tutorial_etl_dag.py for tasks to queue
[2021-10-28 01:37:41,373] {logging_mixin.py:109} INFO - [2021-10-28 01:37:41,373] {dagbag.py:500} INFO - Filling up the DagBag from /home/airflow/.local/lib/python3.6/site-packages/airflow/example_dags/tutorial_etl_dag.py
[2021-10-28 01:37:41,457] {processor.py:632} INFO - DAG(s) dict_keys(['tutorial_etl_dag']) retrieved from /home/airflow/.local/lib/python3.6/site-packages/airflow/example_dags/tutorial_etl_dag.py
[2021-10-28 01:37:41,493] {logging_mixin.py:109} INFO - [2021-10-28 01:37:41,493] {dag.py:2389} INFO - Sync 1 DAGs
[2021-10-28 01:37:41,523] {logging_mixin.py:109} INFO - [2021-10-28 01:37:41,523] {dag.py:2914} INFO - Setting next_dagrun for tutorial_etl_dag to None
[2021-10-28 01:37:41,541] {processor.py:171} INFO - Processing /home/airflow/.local/lib/python3.6/site-packages/airflow/example_dags/tutorial_etl_dag.py took 0.182 seconds
[2021-10-28 01:38:12,397] {processor.py:163} INFO - Started process (PID=840) to work on /home/airflow/.local/lib/python3.6/site-packages/airflow/example_dags/tutorial_etl_dag.py
[2021-10-28 01:38:12,435] {processor.py:620} INFO - Processing file /home/airflow/.local/lib/python3.6/site-packages/airflow/example_dags/tutorial_etl_dag.py for tasks to queue
[2021-10-28 01:38:12,437] {logging_mixin.py:109} INFO - [2021-10-28 01:38:12,437] {dagbag.py:500} INFO - Filling up the DagBag from /home/airflow/.local/lib/python3.6/site-packages/airflow/example_dags/tutorial_etl_dag.py
[2021-10-28 01:38:12,513] {processor.py:632} INFO - DAG(s) dict_keys(['tutorial_etl_dag']) retrieved from /home/airflow/.local/lib/python3.6/site-packages/airflow/example_dags/tutorial_etl_dag.py
[2021-10-28 01:38:12,538] {logging_mixin.py:109} INFO - [2021-10-28 01:38:12,538] {dag.py:2389} INFO - Sync 1 DAGs
[2021-10-28 01:38:12,555] {logging_mixin.py:109} INFO - [2021-10-28 01:38:12,555] {dag.py:2914} INFO - Setting next_dagrun for tutorial_etl_dag to None
[2021-10-28 01:38:12,595] {processor.py:171} INFO - Processing /home/airflow/.local/lib/python3.6/site-packages/airflow/example_dags/tutorial_etl_dag.py took 0.200 seconds
[2021-10-28 01:38:43,653] {processor.py:163} INFO - Started process (PID=893) to work on /home/airflow/.local/lib/python3.6/site-packages/airflow/example_dags/tutorial_etl_dag.py
[2021-10-28 01:38:43,682] {processor.py:620} INFO - Processing file /home/airflow/.local/lib/python3.6/site-packages/airflow/example_dags/tutorial_etl_dag.py for tasks to queue
[2021-10-28 01:38:43,683] {logging_mixin.py:109} INFO - [2021-10-28 01:38:43,683] {dagbag.py:500} INFO - Filling up the DagBag from /home/airflow/.local/lib/python3.6/site-packages/airflow/example_dags/tutorial_etl_dag.py
[2021-10-28 01:38:44,115] {processor.py:632} INFO - DAG(s) dict_keys(['tutorial_etl_dag']) retrieved from /home/airflow/.local/lib/python3.6/site-packages/airflow/example_dags/tutorial_etl_dag.py
[2021-10-28 01:38:44,317] {logging_mixin.py:109} INFO - [2021-10-28 01:38:44,317] {dag.py:2389} INFO - Sync 1 DAGs
[2021-10-28 01:38:44,424] {logging_mixin.py:109} INFO - [2021-10-28 01:38:44,424] {dag.py:2914} INFO - Setting next_dagrun for tutorial_etl_dag to None
[2021-10-28 01:38:44,566] {processor.py:171} INFO - Processing /home/airflow/.local/lib/python3.6/site-packages/airflow/example_dags/tutorial_etl_dag.py took 0.916 seconds
[2021-10-28 01:39:14,937] {processor.py:163} INFO - Started process (PID=936) to work on /home/airflow/.local/lib/python3.6/site-packages/airflow/example_dags/tutorial_etl_dag.py
[2021-10-28 01:39:14,947] {processor.py:620} INFO - Processing file /home/airflow/.local/lib/python3.6/site-packages/airflow/example_dags/tutorial_etl_dag.py for tasks to queue
[2021-10-28 01:39:14,947] {logging_mixin.py:109} INFO - [2021-10-28 01:39:14,947] {dagbag.py:500} INFO - Filling up the DagBag from /home/airflow/.local/lib/python3.6/site-packages/airflow/example_dags/tutorial_etl_dag.py
[2021-10-28 01:39:15,077] {processor.py:632} INFO - DAG(s) dict_keys(['tutorial_etl_dag']) retrieved from /home/airflow/.local/lib/python3.6/site-packages/airflow/example_dags/tutorial_etl_dag.py
[2021-10-28 01:39:15,122] {logging_mixin.py:109} INFO - [2021-10-28 01:39:15,122] {dag.py:2389} INFO - Sync 1 DAGs
[2021-10-28 01:39:15,160] {logging_mixin.py:109} INFO - [2021-10-28 01:39:15,160] {dag.py:2914} INFO - Setting next_dagrun for tutorial_etl_dag to None
[2021-10-28 01:39:15,216] {processor.py:171} INFO - Processing /home/airflow/.local/lib/python3.6/site-packages/airflow/example_dags/tutorial_etl_dag.py took 0.312 seconds
[2021-10-28 01:39:45,465] {processor.py:163} INFO - Started process (PID=988) to work on /home/airflow/.local/lib/python3.6/site-packages/airflow/example_dags/tutorial_etl_dag.py
[2021-10-28 01:39:45,475] {processor.py:620} INFO - Processing file /home/airflow/.local/lib/python3.6/site-packages/airflow/example_dags/tutorial_etl_dag.py for tasks to queue
[2021-10-28 01:39:45,476] {logging_mixin.py:109} INFO - [2021-10-28 01:39:45,476] {dagbag.py:500} INFO - Filling up the DagBag from /home/airflow/.local/lib/python3.6/site-packages/airflow/example_dags/tutorial_etl_dag.py
[2021-10-28 01:39:45,539] {processor.py:632} INFO - DAG(s) dict_keys(['tutorial_etl_dag']) retrieved from /home/airflow/.local/lib/python3.6/site-packages/airflow/example_dags/tutorial_etl_dag.py
[2021-10-28 01:39:45,562] {logging_mixin.py:109} INFO - [2021-10-28 01:39:45,561] {dag.py:2389} INFO - Sync 1 DAGs
[2021-10-28 01:39:45,583] {logging_mixin.py:109} INFO - [2021-10-28 01:39:45,583] {dag.py:2914} INFO - Setting next_dagrun for tutorial_etl_dag to None
[2021-10-28 01:39:45,601] {processor.py:171} INFO - Processing /home/airflow/.local/lib/python3.6/site-packages/airflow/example_dags/tutorial_etl_dag.py took 0.139 seconds
[2021-10-28 01:40:15,894] {processor.py:163} INFO - Started process (PID=1041) to work on /home/airflow/.local/lib/python3.6/site-packages/airflow/example_dags/tutorial_etl_dag.py
[2021-10-28 01:40:15,901] {processor.py:620} INFO - Processing file /home/airflow/.local/lib/python3.6/site-packages/airflow/example_dags/tutorial_etl_dag.py for tasks to queue
[2021-10-28 01:40:15,901] {logging_mixin.py:109} INFO - [2021-10-28 01:40:15,901] {dagbag.py:500} INFO - Filling up the DagBag from /home/airflow/.local/lib/python3.6/site-packages/airflow/example_dags/tutorial_etl_dag.py
[2021-10-28 01:40:16,034] {processor.py:632} INFO - DAG(s) dict_keys(['tutorial_etl_dag']) retrieved from /home/airflow/.local/lib/python3.6/site-packages/airflow/example_dags/tutorial_etl_dag.py
[2021-10-28 01:40:16,097] {logging_mixin.py:109} INFO - [2021-10-28 01:40:16,097] {dag.py:2389} INFO - Sync 1 DAGs
[2021-10-28 01:40:16,147] {logging_mixin.py:109} INFO - [2021-10-28 01:40:16,147] {dag.py:2914} INFO - Setting next_dagrun for tutorial_etl_dag to None
[2021-10-28 01:40:16,176] {processor.py:171} INFO - Processing /home/airflow/.local/lib/python3.6/site-packages/airflow/example_dags/tutorial_etl_dag.py took 0.286 seconds
[2021-10-28 01:40:46,955] {processor.py:163} INFO - Started process (PID=1094) to work on /home/airflow/.local/lib/python3.6/site-packages/airflow/example_dags/tutorial_etl_dag.py
[2021-10-28 01:40:46,979] {processor.py:620} INFO - Processing file /home/airflow/.local/lib/python3.6/site-packages/airflow/example_dags/tutorial_etl_dag.py for tasks to queue
[2021-10-28 01:40:46,983] {logging_mixin.py:109} INFO - [2021-10-28 01:40:46,983] {dagbag.py:500} INFO - Filling up the DagBag from /home/airflow/.local/lib/python3.6/site-packages/airflow/example_dags/tutorial_etl_dag.py
[2021-10-28 01:40:47,076] {processor.py:632} INFO - DAG(s) dict_keys(['tutorial_etl_dag']) retrieved from /home/airflow/.local/lib/python3.6/site-packages/airflow/example_dags/tutorial_etl_dag.py
[2021-10-28 01:40:47,110] {logging_mixin.py:109} INFO - [2021-10-28 01:40:47,110] {dag.py:2389} INFO - Sync 1 DAGs
[2021-10-28 01:40:47,138] {logging_mixin.py:109} INFO - [2021-10-28 01:40:47,138] {dag.py:2914} INFO - Setting next_dagrun for tutorial_etl_dag to None
[2021-10-28 01:40:47,176] {processor.py:171} INFO - Processing /home/airflow/.local/lib/python3.6/site-packages/airflow/example_dags/tutorial_etl_dag.py took 0.224 seconds
[2021-10-28 01:41:17,519] {processor.py:163} INFO - Started process (PID=1145) to work on /home/airflow/.local/lib/python3.6/site-packages/airflow/example_dags/tutorial_etl_dag.py
[2021-10-28 01:41:17,583] {processor.py:620} INFO - Processing file /home/airflow/.local/lib/python3.6/site-packages/airflow/example_dags/tutorial_etl_dag.py for tasks to queue
[2021-10-28 01:41:17,584] {logging_mixin.py:109} INFO - [2021-10-28 01:41:17,584] {dagbag.py:500} INFO - Filling up the DagBag from /home/airflow/.local/lib/python3.6/site-packages/airflow/example_dags/tutorial_etl_dag.py
[2021-10-28 01:41:17,764] {processor.py:632} INFO - DAG(s) dict_keys(['tutorial_etl_dag']) retrieved from /home/airflow/.local/lib/python3.6/site-packages/airflow/example_dags/tutorial_etl_dag.py
[2021-10-28 01:41:17,816] {logging_mixin.py:109} INFO - [2021-10-28 01:41:17,816] {dag.py:2389} INFO - Sync 1 DAGs
[2021-10-28 01:41:17,882] {logging_mixin.py:109} INFO - [2021-10-28 01:41:17,882] {dag.py:2914} INFO - Setting next_dagrun for tutorial_etl_dag to None
[2021-10-28 01:41:17,932] {processor.py:171} INFO - Processing /home/airflow/.local/lib/python3.6/site-packages/airflow/example_dags/tutorial_etl_dag.py took 0.416 seconds
[2021-10-28 01:41:48,522] {processor.py:163} INFO - Started process (PID=1189) to work on /home/airflow/.local/lib/python3.6/site-packages/airflow/example_dags/tutorial_etl_dag.py
[2021-10-28 01:41:48,529] {processor.py:620} INFO - Processing file /home/airflow/.local/lib/python3.6/site-packages/airflow/example_dags/tutorial_etl_dag.py for tasks to queue
[2021-10-28 01:41:48,533] {logging_mixin.py:109} INFO - [2021-10-28 01:41:48,533] {dagbag.py:500} INFO - Filling up the DagBag from /home/airflow/.local/lib/python3.6/site-packages/airflow/example_dags/tutorial_etl_dag.py
[2021-10-28 01:41:48,610] {processor.py:632} INFO - DAG(s) dict_keys(['tutorial_etl_dag']) retrieved from /home/airflow/.local/lib/python3.6/site-packages/airflow/example_dags/tutorial_etl_dag.py
[2021-10-28 01:41:48,645] {logging_mixin.py:109} INFO - [2021-10-28 01:41:48,645] {dag.py:2389} INFO - Sync 1 DAGs
[2021-10-28 01:41:48,664] {logging_mixin.py:109} INFO - [2021-10-28 01:41:48,664] {dag.py:2914} INFO - Setting next_dagrun for tutorial_etl_dag to None
[2021-10-28 01:41:48,709] {processor.py:171} INFO - Processing /home/airflow/.local/lib/python3.6/site-packages/airflow/example_dags/tutorial_etl_dag.py took 0.191 seconds
[2021-10-28 01:42:19,100] {processor.py:163} INFO - Started process (PID=1242) to work on /home/airflow/.local/lib/python3.6/site-packages/airflow/example_dags/tutorial_etl_dag.py
[2021-10-28 01:42:19,103] {processor.py:620} INFO - Processing file /home/airflow/.local/lib/python3.6/site-packages/airflow/example_dags/tutorial_etl_dag.py for tasks to queue
[2021-10-28 01:42:19,105] {logging_mixin.py:109} INFO - [2021-10-28 01:42:19,105] {dagbag.py:500} INFO - Filling up the DagBag from /home/airflow/.local/lib/python3.6/site-packages/airflow/example_dags/tutorial_etl_dag.py
[2021-10-28 01:42:19,130] {processor.py:632} INFO - DAG(s) dict_keys(['tutorial_etl_dag']) retrieved from /home/airflow/.local/lib/python3.6/site-packages/airflow/example_dags/tutorial_etl_dag.py
[2021-10-28 01:42:19,145] {logging_mixin.py:109} INFO - [2021-10-28 01:42:19,145] {dag.py:2389} INFO - Sync 1 DAGs
[2021-10-28 01:42:19,156] {logging_mixin.py:109} INFO - [2021-10-28 01:42:19,156] {dag.py:2914} INFO - Setting next_dagrun for tutorial_etl_dag to None
[2021-10-28 01:42:19,179] {processor.py:171} INFO - Processing /home/airflow/.local/lib/python3.6/site-packages/airflow/example_dags/tutorial_etl_dag.py took 0.082 seconds
[2021-10-28 01:42:49,768] {processor.py:163} INFO - Started process (PID=1297) to work on /home/airflow/.local/lib/python3.6/site-packages/airflow/example_dags/tutorial_etl_dag.py
[2021-10-28 01:42:49,775] {processor.py:620} INFO - Processing file /home/airflow/.local/lib/python3.6/site-packages/airflow/example_dags/tutorial_etl_dag.py for tasks to queue
[2021-10-28 01:42:49,777] {logging_mixin.py:109} INFO - [2021-10-28 01:42:49,777] {dagbag.py:500} INFO - Filling up the DagBag from /home/airflow/.local/lib/python3.6/site-packages/airflow/example_dags/tutorial_etl_dag.py
[2021-10-28 01:42:49,821] {processor.py:632} INFO - DAG(s) dict_keys(['tutorial_etl_dag']) retrieved from /home/airflow/.local/lib/python3.6/site-packages/airflow/example_dags/tutorial_etl_dag.py
[2021-10-28 01:42:49,838] {logging_mixin.py:109} INFO - [2021-10-28 01:42:49,838] {dag.py:2389} INFO - Sync 1 DAGs
[2021-10-28 01:42:49,855] {logging_mixin.py:109} INFO - [2021-10-28 01:42:49,855] {dag.py:2914} INFO - Setting next_dagrun for tutorial_etl_dag to None
[2021-10-28 01:42:49,874] {processor.py:171} INFO - Processing /home/airflow/.local/lib/python3.6/site-packages/airflow/example_dags/tutorial_etl_dag.py took 0.108 seconds
