[2021-10-28 01:32:51,350] {processor.py:163} INFO - Started process (PID=294) to work on /home/airflow/.local/lib/python3.6/site-packages/airflow/example_dags/tutorial_taskflow_api_etl.py
[2021-10-28 01:32:51,390] {processor.py:620} INFO - Processing file /home/airflow/.local/lib/python3.6/site-packages/airflow/example_dags/tutorial_taskflow_api_etl.py for tasks to queue
[2021-10-28 01:32:51,392] {logging_mixin.py:109} INFO - [2021-10-28 01:32:51,392] {dagbag.py:500} INFO - Filling up the DagBag from /home/airflow/.local/lib/python3.6/site-packages/airflow/example_dags/tutorial_taskflow_api_etl.py
[2021-10-28 01:32:51,618] {processor.py:632} INFO - DAG(s) dict_keys(['tutorial_taskflow_api_etl']) retrieved from /home/airflow/.local/lib/python3.6/site-packages/airflow/example_dags/tutorial_taskflow_api_etl.py
[2021-10-28 01:32:58,874] {logging_mixin.py:109} INFO - [2021-10-28 01:32:58,873] {providers_manager.py:156} WARNING - Exception when importing 'airflow.providers.google.leveldb.hooks.leveldb.LevelDBHook' from 'apache-airflow-providers-google' package: No module named 'plyvel'
[2021-10-28 01:33:00,680] {logging_mixin.py:109} INFO - [2021-10-28 01:33:00,679] {providers_manager.py:156} WARNING - Exception when importing 'airflow.providers.google.leveldb.hooks.leveldb.LevelDBHook' from 'apache-airflow-providers-google' package: No module named 'plyvel'
[2021-10-28 01:33:00,740] {logging_mixin.py:109} INFO - [2021-10-28 01:33:00,740] {manager.py:496} INFO - Created Permission View: can read on DAG:tutorial_taskflow_api_etl
[2021-10-28 01:33:00,756] {logging_mixin.py:109} INFO - [2021-10-28 01:33:00,756] {manager.py:496} INFO - Created Permission View: can edit on DAG:tutorial_taskflow_api_etl
[2021-10-28 01:33:00,758] {logging_mixin.py:109} INFO - [2021-10-28 01:33:00,757] {dag.py:2389} INFO - Sync 1 DAGs
[2021-10-28 01:33:00,801] {logging_mixin.py:109} INFO - [2021-10-28 01:33:00,800] {dag.py:2408} INFO - Creating ORM DAG for tutorial_taskflow_api_etl
[2021-10-28 01:33:00,819] {logging_mixin.py:109} INFO - [2021-10-28 01:33:00,819] {dag.py:2914} INFO - Setting next_dagrun for tutorial_taskflow_api_etl to None
[2021-10-28 01:33:00,876] {processor.py:171} INFO - Processing /home/airflow/.local/lib/python3.6/site-packages/airflow/example_dags/tutorial_taskflow_api_etl.py took 9.529 seconds
[2021-10-28 01:33:35,437] {processor.py:163} INFO - Started process (PID=356) to work on /home/airflow/.local/lib/python3.6/site-packages/airflow/example_dags/tutorial_taskflow_api_etl.py
[2021-10-28 01:33:35,447] {processor.py:620} INFO - Processing file /home/airflow/.local/lib/python3.6/site-packages/airflow/example_dags/tutorial_taskflow_api_etl.py for tasks to queue
[2021-10-28 01:33:35,449] {logging_mixin.py:109} INFO - [2021-10-28 01:33:35,449] {dagbag.py:500} INFO - Filling up the DagBag from /home/airflow/.local/lib/python3.6/site-packages/airflow/example_dags/tutorial_taskflow_api_etl.py
[2021-10-28 01:33:35,594] {processor.py:632} INFO - DAG(s) dict_keys(['tutorial_taskflow_api_etl']) retrieved from /home/airflow/.local/lib/python3.6/site-packages/airflow/example_dags/tutorial_taskflow_api_etl.py
[2021-10-28 01:33:36,012] {logging_mixin.py:109} INFO - [2021-10-28 01:33:36,012] {dag.py:2389} INFO - Sync 1 DAGs
[2021-10-28 01:33:36,022] {logging_mixin.py:109} INFO - [2021-10-28 01:33:36,022] {dag.py:2914} INFO - Setting next_dagrun for tutorial_taskflow_api_etl to None
[2021-10-28 01:33:36,033] {processor.py:171} INFO - Processing /home/airflow/.local/lib/python3.6/site-packages/airflow/example_dags/tutorial_taskflow_api_etl.py took 0.599 seconds
[2021-10-28 01:34:06,855] {processor.py:163} INFO - Started process (PID=419) to work on /home/airflow/.local/lib/python3.6/site-packages/airflow/example_dags/tutorial_taskflow_api_etl.py
[2021-10-28 01:34:06,858] {processor.py:620} INFO - Processing file /home/airflow/.local/lib/python3.6/site-packages/airflow/example_dags/tutorial_taskflow_api_etl.py for tasks to queue
[2021-10-28 01:34:06,859] {logging_mixin.py:109} INFO - [2021-10-28 01:34:06,859] {dagbag.py:500} INFO - Filling up the DagBag from /home/airflow/.local/lib/python3.6/site-packages/airflow/example_dags/tutorial_taskflow_api_etl.py
[2021-10-28 01:34:06,889] {processor.py:632} INFO - DAG(s) dict_keys(['tutorial_taskflow_api_etl']) retrieved from /home/airflow/.local/lib/python3.6/site-packages/airflow/example_dags/tutorial_taskflow_api_etl.py
[2021-10-28 01:34:07,064] {logging_mixin.py:109} INFO - [2021-10-28 01:34:07,064] {dag.py:2389} INFO - Sync 1 DAGs
[2021-10-28 01:34:07,073] {logging_mixin.py:109} INFO - [2021-10-28 01:34:07,073] {dag.py:2914} INFO - Setting next_dagrun for tutorial_taskflow_api_etl to None
[2021-10-28 01:34:07,089] {processor.py:171} INFO - Processing /home/airflow/.local/lib/python3.6/site-packages/airflow/example_dags/tutorial_taskflow_api_etl.py took 0.240 seconds
[2021-10-28 01:34:38,686] {processor.py:163} INFO - Started process (PID=472) to work on /home/airflow/.local/lib/python3.6/site-packages/airflow/example_dags/tutorial_taskflow_api_etl.py
[2021-10-28 01:34:38,702] {processor.py:620} INFO - Processing file /home/airflow/.local/lib/python3.6/site-packages/airflow/example_dags/tutorial_taskflow_api_etl.py for tasks to queue
[2021-10-28 01:34:38,704] {logging_mixin.py:109} INFO - [2021-10-28 01:34:38,704] {dagbag.py:500} INFO - Filling up the DagBag from /home/airflow/.local/lib/python3.6/site-packages/airflow/example_dags/tutorial_taskflow_api_etl.py
[2021-10-28 01:34:38,770] {processor.py:632} INFO - DAG(s) dict_keys(['tutorial_taskflow_api_etl']) retrieved from /home/airflow/.local/lib/python3.6/site-packages/airflow/example_dags/tutorial_taskflow_api_etl.py
[2021-10-28 01:34:38,948] {logging_mixin.py:109} INFO - [2021-10-28 01:34:38,948] {dag.py:2389} INFO - Sync 1 DAGs
[2021-10-28 01:34:38,958] {logging_mixin.py:109} INFO - [2021-10-28 01:34:38,957] {dag.py:2914} INFO - Setting next_dagrun for tutorial_taskflow_api_etl to None
[2021-10-28 01:34:38,969] {processor.py:171} INFO - Processing /home/airflow/.local/lib/python3.6/site-packages/airflow/example_dags/tutorial_taskflow_api_etl.py took 0.287 seconds
[2021-10-28 01:35:10,258] {processor.py:163} INFO - Started process (PID=525) to work on /home/airflow/.local/lib/python3.6/site-packages/airflow/example_dags/tutorial_taskflow_api_etl.py
[2021-10-28 01:35:10,271] {processor.py:620} INFO - Processing file /home/airflow/.local/lib/python3.6/site-packages/airflow/example_dags/tutorial_taskflow_api_etl.py for tasks to queue
[2021-10-28 01:35:10,275] {logging_mixin.py:109} INFO - [2021-10-28 01:35:10,274] {dagbag.py:500} INFO - Filling up the DagBag from /home/airflow/.local/lib/python3.6/site-packages/airflow/example_dags/tutorial_taskflow_api_etl.py
[2021-10-28 01:35:10,385] {processor.py:632} INFO - DAG(s) dict_keys(['tutorial_taskflow_api_etl']) retrieved from /home/airflow/.local/lib/python3.6/site-packages/airflow/example_dags/tutorial_taskflow_api_etl.py
[2021-10-28 01:35:10,928] {logging_mixin.py:109} INFO - [2021-10-28 01:35:10,928] {dag.py:2389} INFO - Sync 1 DAGs
[2021-10-28 01:35:10,946] {logging_mixin.py:109} INFO - [2021-10-28 01:35:10,946] {dag.py:2914} INFO - Setting next_dagrun for tutorial_taskflow_api_etl to None
[2021-10-28 01:35:10,964] {processor.py:171} INFO - Processing /home/airflow/.local/lib/python3.6/site-packages/airflow/example_dags/tutorial_taskflow_api_etl.py took 0.708 seconds
[2021-10-28 01:35:41,247] {processor.py:163} INFO - Started process (PID=585) to work on /home/airflow/.local/lib/python3.6/site-packages/airflow/example_dags/tutorial_taskflow_api_etl.py
[2021-10-28 01:35:41,297] {processor.py:620} INFO - Processing file /home/airflow/.local/lib/python3.6/site-packages/airflow/example_dags/tutorial_taskflow_api_etl.py for tasks to queue
[2021-10-28 01:35:41,338] {logging_mixin.py:109} INFO - [2021-10-28 01:35:41,338] {dagbag.py:500} INFO - Filling up the DagBag from /home/airflow/.local/lib/python3.6/site-packages/airflow/example_dags/tutorial_taskflow_api_etl.py
[2021-10-28 01:35:41,431] {processor.py:632} INFO - DAG(s) dict_keys(['tutorial_taskflow_api_etl']) retrieved from /home/airflow/.local/lib/python3.6/site-packages/airflow/example_dags/tutorial_taskflow_api_etl.py
[2021-10-28 01:35:42,008] {logging_mixin.py:109} INFO - [2021-10-28 01:35:42,008] {dag.py:2389} INFO - Sync 1 DAGs
[2021-10-28 01:35:42,032] {logging_mixin.py:109} INFO - [2021-10-28 01:35:42,032] {dag.py:2914} INFO - Setting next_dagrun for tutorial_taskflow_api_etl to None
[2021-10-28 01:35:42,055] {processor.py:171} INFO - Processing /home/airflow/.local/lib/python3.6/site-packages/airflow/example_dags/tutorial_taskflow_api_etl.py took 0.811 seconds
[2021-10-28 01:36:12,292] {processor.py:163} INFO - Started process (PID=641) to work on /home/airflow/.local/lib/python3.6/site-packages/airflow/example_dags/tutorial_taskflow_api_etl.py
[2021-10-28 01:36:12,316] {processor.py:620} INFO - Processing file /home/airflow/.local/lib/python3.6/site-packages/airflow/example_dags/tutorial_taskflow_api_etl.py for tasks to queue
[2021-10-28 01:36:12,319] {logging_mixin.py:109} INFO - [2021-10-28 01:36:12,319] {dagbag.py:500} INFO - Filling up the DagBag from /home/airflow/.local/lib/python3.6/site-packages/airflow/example_dags/tutorial_taskflow_api_etl.py
[2021-10-28 01:36:12,404] {processor.py:632} INFO - DAG(s) dict_keys(['tutorial_taskflow_api_etl']) retrieved from /home/airflow/.local/lib/python3.6/site-packages/airflow/example_dags/tutorial_taskflow_api_etl.py
[2021-10-28 01:36:13,127] {logging_mixin.py:109} INFO - [2021-10-28 01:36:13,127] {dag.py:2389} INFO - Sync 1 DAGs
[2021-10-28 01:36:13,147] {logging_mixin.py:109} INFO - [2021-10-28 01:36:13,147] {dag.py:2914} INFO - Setting next_dagrun for tutorial_taskflow_api_etl to None
[2021-10-28 01:36:13,183] {processor.py:171} INFO - Processing /home/airflow/.local/lib/python3.6/site-packages/airflow/example_dags/tutorial_taskflow_api_etl.py took 0.894 seconds
[2021-10-28 01:36:43,570] {processor.py:163} INFO - Started process (PID=693) to work on /home/airflow/.local/lib/python3.6/site-packages/airflow/example_dags/tutorial_taskflow_api_etl.py
[2021-10-28 01:36:43,577] {processor.py:620} INFO - Processing file /home/airflow/.local/lib/python3.6/site-packages/airflow/example_dags/tutorial_taskflow_api_etl.py for tasks to queue
[2021-10-28 01:36:43,583] {logging_mixin.py:109} INFO - [2021-10-28 01:36:43,583] {dagbag.py:500} INFO - Filling up the DagBag from /home/airflow/.local/lib/python3.6/site-packages/airflow/example_dags/tutorial_taskflow_api_etl.py
[2021-10-28 01:36:43,635] {processor.py:632} INFO - DAG(s) dict_keys(['tutorial_taskflow_api_etl']) retrieved from /home/airflow/.local/lib/python3.6/site-packages/airflow/example_dags/tutorial_taskflow_api_etl.py
[2021-10-28 01:36:44,086] {logging_mixin.py:109} INFO - [2021-10-28 01:36:44,086] {dag.py:2389} INFO - Sync 1 DAGs
[2021-10-28 01:36:44,119] {logging_mixin.py:109} INFO - [2021-10-28 01:36:44,119] {dag.py:2914} INFO - Setting next_dagrun for tutorial_taskflow_api_etl to None
[2021-10-28 01:36:44,166] {processor.py:171} INFO - Processing /home/airflow/.local/lib/python3.6/site-packages/airflow/example_dags/tutorial_taskflow_api_etl.py took 0.600 seconds
[2021-10-28 01:37:14,254] {processor.py:163} INFO - Started process (PID=743) to work on /home/airflow/.local/lib/python3.6/site-packages/airflow/example_dags/tutorial_taskflow_api_etl.py
[2021-10-28 01:37:14,257] {processor.py:620} INFO - Processing file /home/airflow/.local/lib/python3.6/site-packages/airflow/example_dags/tutorial_taskflow_api_etl.py for tasks to queue
[2021-10-28 01:37:14,258] {logging_mixin.py:109} INFO - [2021-10-28 01:37:14,258] {dagbag.py:500} INFO - Filling up the DagBag from /home/airflow/.local/lib/python3.6/site-packages/airflow/example_dags/tutorial_taskflow_api_etl.py
[2021-10-28 01:37:14,289] {processor.py:632} INFO - DAG(s) dict_keys(['tutorial_taskflow_api_etl']) retrieved from /home/airflow/.local/lib/python3.6/site-packages/airflow/example_dags/tutorial_taskflow_api_etl.py
[2021-10-28 01:37:14,542] {logging_mixin.py:109} INFO - [2021-10-28 01:37:14,542] {dag.py:2389} INFO - Sync 1 DAGs
[2021-10-28 01:37:14,556] {logging_mixin.py:109} INFO - [2021-10-28 01:37:14,556] {dag.py:2914} INFO - Setting next_dagrun for tutorial_taskflow_api_etl to None
[2021-10-28 01:37:14,568] {processor.py:171} INFO - Processing /home/airflow/.local/lib/python3.6/site-packages/airflow/example_dags/tutorial_taskflow_api_etl.py took 0.319 seconds
[2021-10-28 01:37:44,703] {processor.py:163} INFO - Started process (PID=796) to work on /home/airflow/.local/lib/python3.6/site-packages/airflow/example_dags/tutorial_taskflow_api_etl.py
[2021-10-28 01:37:44,707] {processor.py:620} INFO - Processing file /home/airflow/.local/lib/python3.6/site-packages/airflow/example_dags/tutorial_taskflow_api_etl.py for tasks to queue
[2021-10-28 01:37:44,709] {logging_mixin.py:109} INFO - [2021-10-28 01:37:44,709] {dagbag.py:500} INFO - Filling up the DagBag from /home/airflow/.local/lib/python3.6/site-packages/airflow/example_dags/tutorial_taskflow_api_etl.py
[2021-10-28 01:37:44,737] {processor.py:632} INFO - DAG(s) dict_keys(['tutorial_taskflow_api_etl']) retrieved from /home/airflow/.local/lib/python3.6/site-packages/airflow/example_dags/tutorial_taskflow_api_etl.py
[2021-10-28 01:37:44,910] {logging_mixin.py:109} INFO - [2021-10-28 01:37:44,910] {dag.py:2389} INFO - Sync 1 DAGs
[2021-10-28 01:37:44,922] {logging_mixin.py:109} INFO - [2021-10-28 01:37:44,922] {dag.py:2914} INFO - Setting next_dagrun for tutorial_taskflow_api_etl to None
[2021-10-28 01:37:44,943] {processor.py:171} INFO - Processing /home/airflow/.local/lib/python3.6/site-packages/airflow/example_dags/tutorial_taskflow_api_etl.py took 0.242 seconds
[2021-10-28 01:38:15,740] {processor.py:163} INFO - Started process (PID=849) to work on /home/airflow/.local/lib/python3.6/site-packages/airflow/example_dags/tutorial_taskflow_api_etl.py
[2021-10-28 01:38:15,801] {processor.py:620} INFO - Processing file /home/airflow/.local/lib/python3.6/site-packages/airflow/example_dags/tutorial_taskflow_api_etl.py for tasks to queue
[2021-10-28 01:38:15,801] {logging_mixin.py:109} INFO - [2021-10-28 01:38:15,801] {dagbag.py:500} INFO - Filling up the DagBag from /home/airflow/.local/lib/python3.6/site-packages/airflow/example_dags/tutorial_taskflow_api_etl.py
[2021-10-28 01:38:16,195] {processor.py:632} INFO - DAG(s) dict_keys(['tutorial_taskflow_api_etl']) retrieved from /home/airflow/.local/lib/python3.6/site-packages/airflow/example_dags/tutorial_taskflow_api_etl.py
[2021-10-28 01:38:17,960] {logging_mixin.py:109} INFO - [2021-10-28 01:38:17,959] {dag.py:2389} INFO - Sync 1 DAGs
[2021-10-28 01:38:18,047] {logging_mixin.py:109} INFO - [2021-10-28 01:38:18,047] {dag.py:2914} INFO - Setting next_dagrun for tutorial_taskflow_api_etl to None
[2021-10-28 01:38:18,151] {processor.py:171} INFO - Processing /home/airflow/.local/lib/python3.6/site-packages/airflow/example_dags/tutorial_taskflow_api_etl.py took 2.415 seconds
[2021-10-28 01:38:48,917] {processor.py:163} INFO - Started process (PID=903) to work on /home/airflow/.local/lib/python3.6/site-packages/airflow/example_dags/tutorial_taskflow_api_etl.py
[2021-10-28 01:38:48,935] {processor.py:620} INFO - Processing file /home/airflow/.local/lib/python3.6/site-packages/airflow/example_dags/tutorial_taskflow_api_etl.py for tasks to queue
[2021-10-28 01:38:48,944] {logging_mixin.py:109} INFO - [2021-10-28 01:38:48,944] {dagbag.py:500} INFO - Filling up the DagBag from /home/airflow/.local/lib/python3.6/site-packages/airflow/example_dags/tutorial_taskflow_api_etl.py
[2021-10-28 01:38:49,012] {processor.py:632} INFO - DAG(s) dict_keys(['tutorial_taskflow_api_etl']) retrieved from /home/airflow/.local/lib/python3.6/site-packages/airflow/example_dags/tutorial_taskflow_api_etl.py
[2021-10-28 01:38:49,670] {logging_mixin.py:109} INFO - [2021-10-28 01:38:49,670] {dag.py:2389} INFO - Sync 1 DAGs
[2021-10-28 01:38:49,696] {logging_mixin.py:109} INFO - [2021-10-28 01:38:49,696] {dag.py:2914} INFO - Setting next_dagrun for tutorial_taskflow_api_etl to None
[2021-10-28 01:38:49,740] {processor.py:171} INFO - Processing /home/airflow/.local/lib/python3.6/site-packages/airflow/example_dags/tutorial_taskflow_api_etl.py took 0.826 seconds
[2021-10-28 01:39:20,276] {processor.py:163} INFO - Started process (PID=954) to work on /home/airflow/.local/lib/python3.6/site-packages/airflow/example_dags/tutorial_taskflow_api_etl.py
[2021-10-28 01:39:20,306] {processor.py:620} INFO - Processing file /home/airflow/.local/lib/python3.6/site-packages/airflow/example_dags/tutorial_taskflow_api_etl.py for tasks to queue
[2021-10-28 01:39:20,307] {logging_mixin.py:109} INFO - [2021-10-28 01:39:20,307] {dagbag.py:500} INFO - Filling up the DagBag from /home/airflow/.local/lib/python3.6/site-packages/airflow/example_dags/tutorial_taskflow_api_etl.py
[2021-10-28 01:39:20,462] {processor.py:632} INFO - DAG(s) dict_keys(['tutorial_taskflow_api_etl']) retrieved from /home/airflow/.local/lib/python3.6/site-packages/airflow/example_dags/tutorial_taskflow_api_etl.py
[2021-10-28 01:39:22,109] {logging_mixin.py:109} INFO - [2021-10-28 01:39:22,109] {dag.py:2389} INFO - Sync 1 DAGs
[2021-10-28 01:39:22,150] {logging_mixin.py:109} INFO - [2021-10-28 01:39:22,150] {dag.py:2914} INFO - Setting next_dagrun for tutorial_taskflow_api_etl to None
[2021-10-28 01:39:22,194] {processor.py:171} INFO - Processing /home/airflow/.local/lib/python3.6/site-packages/airflow/example_dags/tutorial_taskflow_api_etl.py took 1.921 seconds
[2021-10-28 01:39:52,435] {processor.py:163} INFO - Started process (PID=998) to work on /home/airflow/.local/lib/python3.6/site-packages/airflow/example_dags/tutorial_taskflow_api_etl.py
[2021-10-28 01:39:52,439] {processor.py:620} INFO - Processing file /home/airflow/.local/lib/python3.6/site-packages/airflow/example_dags/tutorial_taskflow_api_etl.py for tasks to queue
[2021-10-28 01:39:52,441] {logging_mixin.py:109} INFO - [2021-10-28 01:39:52,440] {dagbag.py:500} INFO - Filling up the DagBag from /home/airflow/.local/lib/python3.6/site-packages/airflow/example_dags/tutorial_taskflow_api_etl.py
[2021-10-28 01:39:52,529] {processor.py:632} INFO - DAG(s) dict_keys(['tutorial_taskflow_api_etl']) retrieved from /home/airflow/.local/lib/python3.6/site-packages/airflow/example_dags/tutorial_taskflow_api_etl.py
[2021-10-28 01:39:52,894] {logging_mixin.py:109} INFO - [2021-10-28 01:39:52,894] {dag.py:2389} INFO - Sync 1 DAGs
[2021-10-28 01:39:52,918] {logging_mixin.py:109} INFO - [2021-10-28 01:39:52,918] {dag.py:2914} INFO - Setting next_dagrun for tutorial_taskflow_api_etl to None
[2021-10-28 01:39:52,934] {processor.py:171} INFO - Processing /home/airflow/.local/lib/python3.6/site-packages/airflow/example_dags/tutorial_taskflow_api_etl.py took 0.502 seconds
[2021-10-28 01:40:23,335] {processor.py:163} INFO - Started process (PID=1051) to work on /home/airflow/.local/lib/python3.6/site-packages/airflow/example_dags/tutorial_taskflow_api_etl.py
[2021-10-28 01:40:23,340] {processor.py:620} INFO - Processing file /home/airflow/.local/lib/python3.6/site-packages/airflow/example_dags/tutorial_taskflow_api_etl.py for tasks to queue
[2021-10-28 01:40:23,341] {logging_mixin.py:109} INFO - [2021-10-28 01:40:23,341] {dagbag.py:500} INFO - Filling up the DagBag from /home/airflow/.local/lib/python3.6/site-packages/airflow/example_dags/tutorial_taskflow_api_etl.py
[2021-10-28 01:40:23,369] {processor.py:632} INFO - DAG(s) dict_keys(['tutorial_taskflow_api_etl']) retrieved from /home/airflow/.local/lib/python3.6/site-packages/airflow/example_dags/tutorial_taskflow_api_etl.py
[2021-10-28 01:40:23,568] {logging_mixin.py:109} INFO - [2021-10-28 01:40:23,568] {dag.py:2389} INFO - Sync 1 DAGs
[2021-10-28 01:40:23,578] {logging_mixin.py:109} INFO - [2021-10-28 01:40:23,577] {dag.py:2914} INFO - Setting next_dagrun for tutorial_taskflow_api_etl to None
[2021-10-28 01:40:23,590] {processor.py:171} INFO - Processing /home/airflow/.local/lib/python3.6/site-packages/airflow/example_dags/tutorial_taskflow_api_etl.py took 0.258 seconds
[2021-10-28 01:40:53,862] {processor.py:163} INFO - Started process (PID=1104) to work on /home/airflow/.local/lib/python3.6/site-packages/airflow/example_dags/tutorial_taskflow_api_etl.py
[2021-10-28 01:40:53,869] {processor.py:620} INFO - Processing file /home/airflow/.local/lib/python3.6/site-packages/airflow/example_dags/tutorial_taskflow_api_etl.py for tasks to queue
[2021-10-28 01:40:53,871] {logging_mixin.py:109} INFO - [2021-10-28 01:40:53,871] {dagbag.py:500} INFO - Filling up the DagBag from /home/airflow/.local/lib/python3.6/site-packages/airflow/example_dags/tutorial_taskflow_api_etl.py
[2021-10-28 01:40:53,901] {processor.py:632} INFO - DAG(s) dict_keys(['tutorial_taskflow_api_etl']) retrieved from /home/airflow/.local/lib/python3.6/site-packages/airflow/example_dags/tutorial_taskflow_api_etl.py
[2021-10-28 01:40:53,912] {logging_mixin.py:109} INFO - [2021-10-28 01:40:53,911] {dag.py:2389} INFO - Sync 1 DAGs
[2021-10-28 01:40:53,927] {logging_mixin.py:109} INFO - [2021-10-28 01:40:53,926] {dag.py:2914} INFO - Setting next_dagrun for tutorial_taskflow_api_etl to None
[2021-10-28 01:40:53,942] {processor.py:171} INFO - Processing /home/airflow/.local/lib/python3.6/site-packages/airflow/example_dags/tutorial_taskflow_api_etl.py took 0.083 seconds
[2021-10-28 01:41:24,082] {processor.py:163} INFO - Started process (PID=1156) to work on /home/airflow/.local/lib/python3.6/site-packages/airflow/example_dags/tutorial_taskflow_api_etl.py
[2021-10-28 01:41:24,085] {processor.py:620} INFO - Processing file /home/airflow/.local/lib/python3.6/site-packages/airflow/example_dags/tutorial_taskflow_api_etl.py for tasks to queue
[2021-10-28 01:41:24,086] {logging_mixin.py:109} INFO - [2021-10-28 01:41:24,086] {dagbag.py:500} INFO - Filling up the DagBag from /home/airflow/.local/lib/python3.6/site-packages/airflow/example_dags/tutorial_taskflow_api_etl.py
[2021-10-28 01:41:24,115] {processor.py:632} INFO - DAG(s) dict_keys(['tutorial_taskflow_api_etl']) retrieved from /home/airflow/.local/lib/python3.6/site-packages/airflow/example_dags/tutorial_taskflow_api_etl.py
[2021-10-28 01:41:24,316] {logging_mixin.py:109} INFO - [2021-10-28 01:41:24,316] {dag.py:2389} INFO - Sync 1 DAGs
[2021-10-28 01:41:24,327] {logging_mixin.py:109} INFO - [2021-10-28 01:41:24,327] {dag.py:2914} INFO - Setting next_dagrun for tutorial_taskflow_api_etl to None
[2021-10-28 01:41:24,342] {processor.py:171} INFO - Processing /home/airflow/.local/lib/python3.6/site-packages/airflow/example_dags/tutorial_taskflow_api_etl.py took 0.264 seconds
[2021-10-28 01:41:54,457] {processor.py:163} INFO - Started process (PID=1206) to work on /home/airflow/.local/lib/python3.6/site-packages/airflow/example_dags/tutorial_taskflow_api_etl.py
[2021-10-28 01:41:54,528] {processor.py:620} INFO - Processing file /home/airflow/.local/lib/python3.6/site-packages/airflow/example_dags/tutorial_taskflow_api_etl.py for tasks to queue
[2021-10-28 01:41:54,541] {logging_mixin.py:109} INFO - [2021-10-28 01:41:54,541] {dagbag.py:500} INFO - Filling up the DagBag from /home/airflow/.local/lib/python3.6/site-packages/airflow/example_dags/tutorial_taskflow_api_etl.py
[2021-10-28 01:41:54,733] {processor.py:632} INFO - DAG(s) dict_keys(['tutorial_taskflow_api_etl']) retrieved from /home/airflow/.local/lib/python3.6/site-packages/airflow/example_dags/tutorial_taskflow_api_etl.py
[2021-10-28 01:41:55,728] {logging_mixin.py:109} INFO - [2021-10-28 01:41:55,728] {dag.py:2389} INFO - Sync 1 DAGs
[2021-10-28 01:41:55,786] {logging_mixin.py:109} INFO - [2021-10-28 01:41:55,786] {dag.py:2914} INFO - Setting next_dagrun for tutorial_taskflow_api_etl to None
[2021-10-28 01:41:55,855] {processor.py:171} INFO - Processing /home/airflow/.local/lib/python3.6/site-packages/airflow/example_dags/tutorial_taskflow_api_etl.py took 1.402 seconds
[2021-10-28 01:42:26,153] {processor.py:163} INFO - Started process (PID=1252) to work on /home/airflow/.local/lib/python3.6/site-packages/airflow/example_dags/tutorial_taskflow_api_etl.py
[2021-10-28 01:42:26,213] {processor.py:620} INFO - Processing file /home/airflow/.local/lib/python3.6/site-packages/airflow/example_dags/tutorial_taskflow_api_etl.py for tasks to queue
[2021-10-28 01:42:26,215] {logging_mixin.py:109} INFO - [2021-10-28 01:42:26,215] {dagbag.py:500} INFO - Filling up the DagBag from /home/airflow/.local/lib/python3.6/site-packages/airflow/example_dags/tutorial_taskflow_api_etl.py
[2021-10-28 01:42:26,336] {processor.py:632} INFO - DAG(s) dict_keys(['tutorial_taskflow_api_etl']) retrieved from /home/airflow/.local/lib/python3.6/site-packages/airflow/example_dags/tutorial_taskflow_api_etl.py
[2021-10-28 01:42:27,104] {logging_mixin.py:109} INFO - [2021-10-28 01:42:27,104] {dag.py:2389} INFO - Sync 1 DAGs
[2021-10-28 01:42:27,136] {logging_mixin.py:109} INFO - [2021-10-28 01:42:27,136] {dag.py:2914} INFO - Setting next_dagrun for tutorial_taskflow_api_etl to None
[2021-10-28 01:42:27,195] {processor.py:171} INFO - Processing /home/airflow/.local/lib/python3.6/site-packages/airflow/example_dags/tutorial_taskflow_api_etl.py took 1.045 seconds
