[2021-10-28 01:32:25,955] {processor.py:163} INFO - Started process (PID=268) to work on /home/airflow/.local/lib/python3.6/site-packages/airflow/example_dags/tutorial.py
[2021-10-28 01:32:25,958] {processor.py:620} INFO - Processing file /home/airflow/.local/lib/python3.6/site-packages/airflow/example_dags/tutorial.py for tasks to queue
[2021-10-28 01:32:25,966] {logging_mixin.py:109} INFO - [2021-10-28 01:32:25,966] {dagbag.py:500} INFO - Filling up the DagBag from /home/airflow/.local/lib/python3.6/site-packages/airflow/example_dags/tutorial.py
[2021-10-28 01:32:26,051] {processor.py:632} INFO - DAG(s) dict_keys(['tutorial']) retrieved from /home/airflow/.local/lib/python3.6/site-packages/airflow/example_dags/tutorial.py
[2021-10-28 01:32:30,149] {logging_mixin.py:109} INFO - [2021-10-28 01:32:30,149] {providers_manager.py:156} WARNING - Exception when importing 'airflow.providers.google.leveldb.hooks.leveldb.LevelDBHook' from 'apache-airflow-providers-google' package: No module named 'plyvel'
[2021-10-28 01:32:31,382] {logging_mixin.py:109} INFO - [2021-10-28 01:32:31,382] {providers_manager.py:156} WARNING - Exception when importing 'airflow.providers.google.leveldb.hooks.leveldb.LevelDBHook' from 'apache-airflow-providers-google' package: No module named 'plyvel'
[2021-10-28 01:32:31,422] {logging_mixin.py:109} INFO - [2021-10-28 01:32:31,422] {manager.py:496} INFO - Created Permission View: can read on DAG:tutorial
[2021-10-28 01:32:31,438] {logging_mixin.py:109} INFO - [2021-10-28 01:32:31,438] {manager.py:496} INFO - Created Permission View: can edit on DAG:tutorial
[2021-10-28 01:32:31,440] {logging_mixin.py:109} INFO - [2021-10-28 01:32:31,439] {dag.py:2389} INFO - Sync 1 DAGs
[2021-10-28 01:32:31,458] {logging_mixin.py:109} INFO - [2021-10-28 01:32:31,457] {dag.py:2408} INFO - Creating ORM DAG for tutorial
[2021-10-28 01:32:31,476] {logging_mixin.py:109} INFO - [2021-10-28 01:32:31,475] {dag.py:2914} INFO - Setting next_dagrun for tutorial to 2021-10-27T01:32:31.475706+00:00
[2021-10-28 01:32:31,487] {processor.py:171} INFO - Processing /home/airflow/.local/lib/python3.6/site-packages/airflow/example_dags/tutorial.py took 5.547 seconds
[2021-10-28 01:33:32,906] {processor.py:163} INFO - Started process (PID=348) to work on /home/airflow/.local/lib/python3.6/site-packages/airflow/example_dags/tutorial.py
[2021-10-28 01:33:32,959] {processor.py:620} INFO - Processing file /home/airflow/.local/lib/python3.6/site-packages/airflow/example_dags/tutorial.py for tasks to queue
[2021-10-28 01:33:32,960] {logging_mixin.py:109} INFO - [2021-10-28 01:33:32,960] {dagbag.py:500} INFO - Filling up the DagBag from /home/airflow/.local/lib/python3.6/site-packages/airflow/example_dags/tutorial.py
[2021-10-28 01:33:33,340] {processor.py:632} INFO - DAG(s) dict_keys(['tutorial']) retrieved from /home/airflow/.local/lib/python3.6/site-packages/airflow/example_dags/tutorial.py
[2021-10-28 01:33:33,403] {logging_mixin.py:109} INFO - [2021-10-28 01:33:33,403] {dag.py:2389} INFO - Sync 1 DAGs
[2021-10-28 01:33:33,492] {logging_mixin.py:109} INFO - [2021-10-28 01:33:33,492] {dag.py:2914} INFO - Setting next_dagrun for tutorial to 2021-10-27T01:33:33.492128+00:00
[2021-10-28 01:33:33,564] {processor.py:171} INFO - Processing /home/airflow/.local/lib/python3.6/site-packages/airflow/example_dags/tutorial.py took 0.660 seconds
[2021-10-28 01:34:04,237] {processor.py:163} INFO - Started process (PID=411) to work on /home/airflow/.local/lib/python3.6/site-packages/airflow/example_dags/tutorial.py
[2021-10-28 01:34:04,332] {processor.py:620} INFO - Processing file /home/airflow/.local/lib/python3.6/site-packages/airflow/example_dags/tutorial.py for tasks to queue
[2021-10-28 01:34:04,334] {logging_mixin.py:109} INFO - [2021-10-28 01:34:04,334] {dagbag.py:500} INFO - Filling up the DagBag from /home/airflow/.local/lib/python3.6/site-packages/airflow/example_dags/tutorial.py
[2021-10-28 01:34:04,440] {processor.py:632} INFO - DAG(s) dict_keys(['tutorial']) retrieved from /home/airflow/.local/lib/python3.6/site-packages/airflow/example_dags/tutorial.py
[2021-10-28 01:34:04,472] {logging_mixin.py:109} INFO - [2021-10-28 01:34:04,472] {dag.py:2389} INFO - Sync 1 DAGs
[2021-10-28 01:34:04,514] {logging_mixin.py:109} INFO - [2021-10-28 01:34:04,514] {dag.py:2914} INFO - Setting next_dagrun for tutorial to 2021-10-27T01:34:04.514502+00:00
[2021-10-28 01:34:04,538] {processor.py:171} INFO - Processing /home/airflow/.local/lib/python3.6/site-packages/airflow/example_dags/tutorial.py took 0.304 seconds
[2021-10-28 01:34:34,746] {processor.py:163} INFO - Started process (PID=464) to work on /home/airflow/.local/lib/python3.6/site-packages/airflow/example_dags/tutorial.py
[2021-10-28 01:34:34,764] {processor.py:620} INFO - Processing file /home/airflow/.local/lib/python3.6/site-packages/airflow/example_dags/tutorial.py for tasks to queue
[2021-10-28 01:34:34,766] {logging_mixin.py:109} INFO - [2021-10-28 01:34:34,766] {dagbag.py:500} INFO - Filling up the DagBag from /home/airflow/.local/lib/python3.6/site-packages/airflow/example_dags/tutorial.py
[2021-10-28 01:34:34,827] {processor.py:632} INFO - DAG(s) dict_keys(['tutorial']) retrieved from /home/airflow/.local/lib/python3.6/site-packages/airflow/example_dags/tutorial.py
[2021-10-28 01:34:34,854] {logging_mixin.py:109} INFO - [2021-10-28 01:34:34,854] {dag.py:2389} INFO - Sync 1 DAGs
[2021-10-28 01:34:34,883] {logging_mixin.py:109} INFO - [2021-10-28 01:34:34,883] {dag.py:2914} INFO - Setting next_dagrun for tutorial to 2021-10-27T01:34:34.883027+00:00
[2021-10-28 01:34:34,899] {processor.py:171} INFO - Processing /home/airflow/.local/lib/python3.6/site-packages/airflow/example_dags/tutorial.py took 0.156 seconds
[2021-10-28 01:35:05,383] {processor.py:163} INFO - Started process (PID=517) to work on /home/airflow/.local/lib/python3.6/site-packages/airflow/example_dags/tutorial.py
[2021-10-28 01:35:05,397] {processor.py:620} INFO - Processing file /home/airflow/.local/lib/python3.6/site-packages/airflow/example_dags/tutorial.py for tasks to queue
[2021-10-28 01:35:05,398] {logging_mixin.py:109} INFO - [2021-10-28 01:35:05,398] {dagbag.py:500} INFO - Filling up the DagBag from /home/airflow/.local/lib/python3.6/site-packages/airflow/example_dags/tutorial.py
[2021-10-28 01:35:05,461] {processor.py:632} INFO - DAG(s) dict_keys(['tutorial']) retrieved from /home/airflow/.local/lib/python3.6/site-packages/airflow/example_dags/tutorial.py
[2021-10-28 01:35:05,482] {logging_mixin.py:109} INFO - [2021-10-28 01:35:05,482] {dag.py:2389} INFO - Sync 1 DAGs
[2021-10-28 01:35:05,501] {logging_mixin.py:109} INFO - [2021-10-28 01:35:05,501] {dag.py:2914} INFO - Setting next_dagrun for tutorial to 2021-10-27T01:35:05.501003+00:00
[2021-10-28 01:35:05,524] {processor.py:171} INFO - Processing /home/airflow/.local/lib/python3.6/site-packages/airflow/example_dags/tutorial.py took 0.144 seconds
[2021-10-28 01:35:36,396] {processor.py:163} INFO - Started process (PID=570) to work on /home/airflow/.local/lib/python3.6/site-packages/airflow/example_dags/tutorial.py
[2021-10-28 01:35:36,427] {processor.py:620} INFO - Processing file /home/airflow/.local/lib/python3.6/site-packages/airflow/example_dags/tutorial.py for tasks to queue
[2021-10-28 01:35:36,433] {logging_mixin.py:109} INFO - [2021-10-28 01:35:36,433] {dagbag.py:500} INFO - Filling up the DagBag from /home/airflow/.local/lib/python3.6/site-packages/airflow/example_dags/tutorial.py
[2021-10-28 01:35:36,549] {processor.py:632} INFO - DAG(s) dict_keys(['tutorial']) retrieved from /home/airflow/.local/lib/python3.6/site-packages/airflow/example_dags/tutorial.py
[2021-10-28 01:35:36,577] {logging_mixin.py:109} INFO - [2021-10-28 01:35:36,577] {dag.py:2389} INFO - Sync 1 DAGs
[2021-10-28 01:35:36,616] {logging_mixin.py:109} INFO - [2021-10-28 01:35:36,616] {dag.py:2914} INFO - Setting next_dagrun for tutorial to 2021-10-27T01:35:36.616623+00:00
[2021-10-28 01:35:36,653] {processor.py:171} INFO - Processing /home/airflow/.local/lib/python3.6/site-packages/airflow/example_dags/tutorial.py took 0.260 seconds
[2021-10-28 01:36:07,585] {processor.py:163} INFO - Started process (PID=623) to work on /home/airflow/.local/lib/python3.6/site-packages/airflow/example_dags/tutorial.py
[2021-10-28 01:36:07,628] {processor.py:620} INFO - Processing file /home/airflow/.local/lib/python3.6/site-packages/airflow/example_dags/tutorial.py for tasks to queue
[2021-10-28 01:36:07,656] {logging_mixin.py:109} INFO - [2021-10-28 01:36:07,656] {dagbag.py:500} INFO - Filling up the DagBag from /home/airflow/.local/lib/python3.6/site-packages/airflow/example_dags/tutorial.py
[2021-10-28 01:36:08,006] {processor.py:632} INFO - DAG(s) dict_keys(['tutorial']) retrieved from /home/airflow/.local/lib/python3.6/site-packages/airflow/example_dags/tutorial.py
[2021-10-28 01:36:08,102] {logging_mixin.py:109} INFO - [2021-10-28 01:36:08,102] {dag.py:2389} INFO - Sync 1 DAGs
[2021-10-28 01:36:08,220] {logging_mixin.py:109} INFO - [2021-10-28 01:36:08,220] {dag.py:2914} INFO - Setting next_dagrun for tutorial to 2021-10-27T01:36:08.220421+00:00
[2021-10-28 01:36:08,295] {processor.py:171} INFO - Processing /home/airflow/.local/lib/python3.6/site-packages/airflow/example_dags/tutorial.py took 0.713 seconds
[2021-10-28 01:36:39,764] {processor.py:163} INFO - Started process (PID=685) to work on /home/airflow/.local/lib/python3.6/site-packages/airflow/example_dags/tutorial.py
[2021-10-28 01:36:39,803] {processor.py:620} INFO - Processing file /home/airflow/.local/lib/python3.6/site-packages/airflow/example_dags/tutorial.py for tasks to queue
[2021-10-28 01:36:39,803] {logging_mixin.py:109} INFO - [2021-10-28 01:36:39,803] {dagbag.py:500} INFO - Filling up the DagBag from /home/airflow/.local/lib/python3.6/site-packages/airflow/example_dags/tutorial.py
[2021-10-28 01:36:39,987] {processor.py:632} INFO - DAG(s) dict_keys(['tutorial']) retrieved from /home/airflow/.local/lib/python3.6/site-packages/airflow/example_dags/tutorial.py
[2021-10-28 01:36:40,065] {logging_mixin.py:109} INFO - [2021-10-28 01:36:40,065] {dag.py:2389} INFO - Sync 1 DAGs
[2021-10-28 01:36:40,147] {logging_mixin.py:109} INFO - [2021-10-28 01:36:40,147] {dag.py:2914} INFO - Setting next_dagrun for tutorial to 2021-10-27T01:36:40.147301+00:00
[2021-10-28 01:36:40,225] {processor.py:171} INFO - Processing /home/airflow/.local/lib/python3.6/site-packages/airflow/example_dags/tutorial.py took 0.464 seconds
[2021-10-28 01:37:11,056] {processor.py:163} INFO - Started process (PID=735) to work on /home/airflow/.local/lib/python3.6/site-packages/airflow/example_dags/tutorial.py
[2021-10-28 01:37:11,079] {processor.py:620} INFO - Processing file /home/airflow/.local/lib/python3.6/site-packages/airflow/example_dags/tutorial.py for tasks to queue
[2021-10-28 01:37:11,102] {logging_mixin.py:109} INFO - [2021-10-28 01:37:11,102] {dagbag.py:500} INFO - Filling up the DagBag from /home/airflow/.local/lib/python3.6/site-packages/airflow/example_dags/tutorial.py
[2021-10-28 01:37:11,198] {processor.py:632} INFO - DAG(s) dict_keys(['tutorial']) retrieved from /home/airflow/.local/lib/python3.6/site-packages/airflow/example_dags/tutorial.py
[2021-10-28 01:37:11,242] {logging_mixin.py:109} INFO - [2021-10-28 01:37:11,242] {dag.py:2389} INFO - Sync 1 DAGs
[2021-10-28 01:37:11,286] {logging_mixin.py:109} INFO - [2021-10-28 01:37:11,286] {dag.py:2914} INFO - Setting next_dagrun for tutorial to 2021-10-27T01:37:11.286342+00:00
[2021-10-28 01:37:11,306] {processor.py:171} INFO - Processing /home/airflow/.local/lib/python3.6/site-packages/airflow/example_dags/tutorial.py took 0.252 seconds
[2021-10-28 01:37:41,598] {processor.py:163} INFO - Started process (PID=788) to work on /home/airflow/.local/lib/python3.6/site-packages/airflow/example_dags/tutorial.py
[2021-10-28 01:37:41,605] {processor.py:620} INFO - Processing file /home/airflow/.local/lib/python3.6/site-packages/airflow/example_dags/tutorial.py for tasks to queue
[2021-10-28 01:37:41,606] {logging_mixin.py:109} INFO - [2021-10-28 01:37:41,606] {dagbag.py:500} INFO - Filling up the DagBag from /home/airflow/.local/lib/python3.6/site-packages/airflow/example_dags/tutorial.py
[2021-10-28 01:37:41,684] {processor.py:632} INFO - DAG(s) dict_keys(['tutorial']) retrieved from /home/airflow/.local/lib/python3.6/site-packages/airflow/example_dags/tutorial.py
[2021-10-28 01:37:41,714] {logging_mixin.py:109} INFO - [2021-10-28 01:37:41,714] {dag.py:2389} INFO - Sync 1 DAGs
[2021-10-28 01:37:41,732] {logging_mixin.py:109} INFO - [2021-10-28 01:37:41,732] {dag.py:2914} INFO - Setting next_dagrun for tutorial to 2021-10-27T01:37:41.732608+00:00
[2021-10-28 01:37:41,770] {processor.py:171} INFO - Processing /home/airflow/.local/lib/python3.6/site-packages/airflow/example_dags/tutorial.py took 0.174 seconds
[2021-10-28 01:38:12,664] {processor.py:163} INFO - Started process (PID=841) to work on /home/airflow/.local/lib/python3.6/site-packages/airflow/example_dags/tutorial.py
[2021-10-28 01:38:12,686] {processor.py:620} INFO - Processing file /home/airflow/.local/lib/python3.6/site-packages/airflow/example_dags/tutorial.py for tasks to queue
[2021-10-28 01:38:12,687] {logging_mixin.py:109} INFO - [2021-10-28 01:38:12,687] {dagbag.py:500} INFO - Filling up the DagBag from /home/airflow/.local/lib/python3.6/site-packages/airflow/example_dags/tutorial.py
[2021-10-28 01:38:12,750] {processor.py:632} INFO - DAG(s) dict_keys(['tutorial']) retrieved from /home/airflow/.local/lib/python3.6/site-packages/airflow/example_dags/tutorial.py
[2021-10-28 01:38:12,768] {logging_mixin.py:109} INFO - [2021-10-28 01:38:12,768] {dag.py:2389} INFO - Sync 1 DAGs
[2021-10-28 01:38:12,791] {logging_mixin.py:109} INFO - [2021-10-28 01:38:12,791] {dag.py:2914} INFO - Setting next_dagrun for tutorial to 2021-10-27T01:38:12.791220+00:00
[2021-10-28 01:38:12,808] {processor.py:171} INFO - Processing /home/airflow/.local/lib/python3.6/site-packages/airflow/example_dags/tutorial.py took 0.147 seconds
[2021-10-28 01:38:44,748] {processor.py:163} INFO - Started process (PID=894) to work on /home/airflow/.local/lib/python3.6/site-packages/airflow/example_dags/tutorial.py
[2021-10-28 01:38:44,871] {processor.py:620} INFO - Processing file /home/airflow/.local/lib/python3.6/site-packages/airflow/example_dags/tutorial.py for tasks to queue
[2021-10-28 01:38:44,914] {logging_mixin.py:109} INFO - [2021-10-28 01:38:44,913] {dagbag.py:500} INFO - Filling up the DagBag from /home/airflow/.local/lib/python3.6/site-packages/airflow/example_dags/tutorial.py
[2021-10-28 01:38:45,243] {processor.py:632} INFO - DAG(s) dict_keys(['tutorial']) retrieved from /home/airflow/.local/lib/python3.6/site-packages/airflow/example_dags/tutorial.py
[2021-10-28 01:38:45,323] {logging_mixin.py:109} INFO - [2021-10-28 01:38:45,323] {dag.py:2389} INFO - Sync 1 DAGs
[2021-10-28 01:38:45,419] {logging_mixin.py:109} INFO - [2021-10-28 01:38:45,418] {dag.py:2914} INFO - Setting next_dagrun for tutorial to 2021-10-27T01:38:45.418717+00:00
[2021-10-28 01:38:45,465] {processor.py:171} INFO - Processing /home/airflow/.local/lib/python3.6/site-packages/airflow/example_dags/tutorial.py took 0.720 seconds
[2021-10-28 01:39:15,725] {processor.py:163} INFO - Started process (PID=937) to work on /home/airflow/.local/lib/python3.6/site-packages/airflow/example_dags/tutorial.py
[2021-10-28 01:39:15,729] {processor.py:620} INFO - Processing file /home/airflow/.local/lib/python3.6/site-packages/airflow/example_dags/tutorial.py for tasks to queue
[2021-10-28 01:39:15,730] {logging_mixin.py:109} INFO - [2021-10-28 01:39:15,730] {dagbag.py:500} INFO - Filling up the DagBag from /home/airflow/.local/lib/python3.6/site-packages/airflow/example_dags/tutorial.py
[2021-10-28 01:39:15,861] {processor.py:632} INFO - DAG(s) dict_keys(['tutorial']) retrieved from /home/airflow/.local/lib/python3.6/site-packages/airflow/example_dags/tutorial.py
[2021-10-28 01:39:15,902] {logging_mixin.py:109} INFO - [2021-10-28 01:39:15,902] {dag.py:2389} INFO - Sync 1 DAGs
[2021-10-28 01:39:15,940] {logging_mixin.py:109} INFO - [2021-10-28 01:39:15,940] {dag.py:2914} INFO - Setting next_dagrun for tutorial to 2021-10-27T01:39:15.939770+00:00
[2021-10-28 01:39:15,967] {processor.py:171} INFO - Processing /home/airflow/.local/lib/python3.6/site-packages/airflow/example_dags/tutorial.py took 0.246 seconds
[2021-10-28 01:39:46,540] {processor.py:163} INFO - Started process (PID=990) to work on /home/airflow/.local/lib/python3.6/site-packages/airflow/example_dags/tutorial.py
[2021-10-28 01:39:46,562] {processor.py:620} INFO - Processing file /home/airflow/.local/lib/python3.6/site-packages/airflow/example_dags/tutorial.py for tasks to queue
[2021-10-28 01:39:46,562] {logging_mixin.py:109} INFO - [2021-10-28 01:39:46,562] {dagbag.py:500} INFO - Filling up the DagBag from /home/airflow/.local/lib/python3.6/site-packages/airflow/example_dags/tutorial.py
[2021-10-28 01:39:46,662] {processor.py:632} INFO - DAG(s) dict_keys(['tutorial']) retrieved from /home/airflow/.local/lib/python3.6/site-packages/airflow/example_dags/tutorial.py
[2021-10-28 01:39:46,708] {logging_mixin.py:109} INFO - [2021-10-28 01:39:46,707] {dag.py:2389} INFO - Sync 1 DAGs
[2021-10-28 01:39:46,730] {logging_mixin.py:109} INFO - [2021-10-28 01:39:46,729] {dag.py:2914} INFO - Setting next_dagrun for tutorial to 2021-10-27T01:39:46.729676+00:00
[2021-10-28 01:39:46,761] {processor.py:171} INFO - Processing /home/airflow/.local/lib/python3.6/site-packages/airflow/example_dags/tutorial.py took 0.224 seconds
[2021-10-28 01:40:17,246] {processor.py:163} INFO - Started process (PID=1043) to work on /home/airflow/.local/lib/python3.6/site-packages/airflow/example_dags/tutorial.py
[2021-10-28 01:40:17,317] {processor.py:620} INFO - Processing file /home/airflow/.local/lib/python3.6/site-packages/airflow/example_dags/tutorial.py for tasks to queue
[2021-10-28 01:40:17,317] {logging_mixin.py:109} INFO - [2021-10-28 01:40:17,317] {dagbag.py:500} INFO - Filling up the DagBag from /home/airflow/.local/lib/python3.6/site-packages/airflow/example_dags/tutorial.py
[2021-10-28 01:40:17,467] {processor.py:632} INFO - DAG(s) dict_keys(['tutorial']) retrieved from /home/airflow/.local/lib/python3.6/site-packages/airflow/example_dags/tutorial.py
[2021-10-28 01:40:17,523] {logging_mixin.py:109} INFO - [2021-10-28 01:40:17,523] {dag.py:2389} INFO - Sync 1 DAGs
[2021-10-28 01:40:17,627] {logging_mixin.py:109} INFO - [2021-10-28 01:40:17,627] {dag.py:2914} INFO - Setting next_dagrun for tutorial to 2021-10-27T01:40:17.626746+00:00
[2021-10-28 01:40:17,801] {processor.py:171} INFO - Processing /home/airflow/.local/lib/python3.6/site-packages/airflow/example_dags/tutorial.py took 0.558 seconds
[2021-10-28 01:40:48,046] {processor.py:163} INFO - Started process (PID=1095) to work on /home/airflow/.local/lib/python3.6/site-packages/airflow/example_dags/tutorial.py
[2021-10-28 01:40:48,050] {processor.py:620} INFO - Processing file /home/airflow/.local/lib/python3.6/site-packages/airflow/example_dags/tutorial.py for tasks to queue
[2021-10-28 01:40:48,051] {logging_mixin.py:109} INFO - [2021-10-28 01:40:48,051] {dagbag.py:500} INFO - Filling up the DagBag from /home/airflow/.local/lib/python3.6/site-packages/airflow/example_dags/tutorial.py
[2021-10-28 01:40:48,165] {processor.py:632} INFO - DAG(s) dict_keys(['tutorial']) retrieved from /home/airflow/.local/lib/python3.6/site-packages/airflow/example_dags/tutorial.py
[2021-10-28 01:40:48,206] {logging_mixin.py:109} INFO - [2021-10-28 01:40:48,206] {dag.py:2389} INFO - Sync 1 DAGs
[2021-10-28 01:40:48,250] {logging_mixin.py:109} INFO - [2021-10-28 01:40:48,250] {dag.py:2914} INFO - Setting next_dagrun for tutorial to 2021-10-27T01:40:48.250579+00:00
[2021-10-28 01:40:48,271] {processor.py:171} INFO - Processing /home/airflow/.local/lib/python3.6/site-packages/airflow/example_dags/tutorial.py took 0.247 seconds
[2021-10-28 01:41:18,601] {processor.py:163} INFO - Started process (PID=1147) to work on /home/airflow/.local/lib/python3.6/site-packages/airflow/example_dags/tutorial.py
[2021-10-28 01:41:18,616] {processor.py:620} INFO - Processing file /home/airflow/.local/lib/python3.6/site-packages/airflow/example_dags/tutorial.py for tasks to queue
[2021-10-28 01:41:18,618] {logging_mixin.py:109} INFO - [2021-10-28 01:41:18,617] {dagbag.py:500} INFO - Filling up the DagBag from /home/airflow/.local/lib/python3.6/site-packages/airflow/example_dags/tutorial.py
[2021-10-28 01:41:18,746] {processor.py:632} INFO - DAG(s) dict_keys(['tutorial']) retrieved from /home/airflow/.local/lib/python3.6/site-packages/airflow/example_dags/tutorial.py
[2021-10-28 01:41:18,793] {logging_mixin.py:109} INFO - [2021-10-28 01:41:18,792] {dag.py:2389} INFO - Sync 1 DAGs
[2021-10-28 01:41:18,831] {logging_mixin.py:109} INFO - [2021-10-28 01:41:18,831] {dag.py:2914} INFO - Setting next_dagrun for tutorial to 2021-10-27T01:41:18.830819+00:00
[2021-10-28 01:41:18,865] {processor.py:171} INFO - Processing /home/airflow/.local/lib/python3.6/site-packages/airflow/example_dags/tutorial.py took 0.267 seconds
[2021-10-28 01:41:49,735] {processor.py:163} INFO - Started process (PID=1190) to work on /home/airflow/.local/lib/python3.6/site-packages/airflow/example_dags/tutorial.py
[2021-10-28 01:41:49,740] {processor.py:620} INFO - Processing file /home/airflow/.local/lib/python3.6/site-packages/airflow/example_dags/tutorial.py for tasks to queue
[2021-10-28 01:41:49,740] {logging_mixin.py:109} INFO - [2021-10-28 01:41:49,740] {dagbag.py:500} INFO - Filling up the DagBag from /home/airflow/.local/lib/python3.6/site-packages/airflow/example_dags/tutorial.py
[2021-10-28 01:41:49,797] {processor.py:632} INFO - DAG(s) dict_keys(['tutorial']) retrieved from /home/airflow/.local/lib/python3.6/site-packages/airflow/example_dags/tutorial.py
[2021-10-28 01:41:49,817] {logging_mixin.py:109} INFO - [2021-10-28 01:41:49,816] {dag.py:2389} INFO - Sync 1 DAGs
[2021-10-28 01:41:49,839] {logging_mixin.py:109} INFO - [2021-10-28 01:41:49,839] {dag.py:2914} INFO - Setting next_dagrun for tutorial to 2021-10-27T01:41:49.839285+00:00
[2021-10-28 01:41:49,853] {processor.py:171} INFO - Processing /home/airflow/.local/lib/python3.6/site-packages/airflow/example_dags/tutorial.py took 0.126 seconds
[2021-10-28 01:42:20,117] {processor.py:163} INFO - Started process (PID=1243) to work on /home/airflow/.local/lib/python3.6/site-packages/airflow/example_dags/tutorial.py
[2021-10-28 01:42:20,119] {processor.py:620} INFO - Processing file /home/airflow/.local/lib/python3.6/site-packages/airflow/example_dags/tutorial.py for tasks to queue
[2021-10-28 01:42:20,121] {logging_mixin.py:109} INFO - [2021-10-28 01:42:20,121] {dagbag.py:500} INFO - Filling up the DagBag from /home/airflow/.local/lib/python3.6/site-packages/airflow/example_dags/tutorial.py
[2021-10-28 01:42:20,186] {processor.py:632} INFO - DAG(s) dict_keys(['tutorial']) retrieved from /home/airflow/.local/lib/python3.6/site-packages/airflow/example_dags/tutorial.py
[2021-10-28 01:42:20,213] {logging_mixin.py:109} INFO - [2021-10-28 01:42:20,213] {dag.py:2389} INFO - Sync 1 DAGs
[2021-10-28 01:42:20,234] {logging_mixin.py:109} INFO - [2021-10-28 01:42:20,234] {dag.py:2914} INFO - Setting next_dagrun for tutorial to 2021-10-27T01:42:20.234593+00:00
[2021-10-28 01:42:20,259] {processor.py:171} INFO - Processing /home/airflow/.local/lib/python3.6/site-packages/airflow/example_dags/tutorial.py took 0.145 seconds
[2021-10-28 01:42:50,818] {processor.py:163} INFO - Started process (PID=1298) to work on /home/airflow/.local/lib/python3.6/site-packages/airflow/example_dags/tutorial.py
[2021-10-28 01:42:50,825] {processor.py:620} INFO - Processing file /home/airflow/.local/lib/python3.6/site-packages/airflow/example_dags/tutorial.py for tasks to queue
[2021-10-28 01:42:50,830] {logging_mixin.py:109} INFO - [2021-10-28 01:42:50,830] {dagbag.py:500} INFO - Filling up the DagBag from /home/airflow/.local/lib/python3.6/site-packages/airflow/example_dags/tutorial.py
[2021-10-28 01:42:50,908] {processor.py:632} INFO - DAG(s) dict_keys(['tutorial']) retrieved from /home/airflow/.local/lib/python3.6/site-packages/airflow/example_dags/tutorial.py
[2021-10-28 01:42:50,954] {logging_mixin.py:109} INFO - [2021-10-28 01:42:50,954] {dag.py:2389} INFO - Sync 1 DAGs
[2021-10-28 01:42:50,991] {logging_mixin.py:109} INFO - [2021-10-28 01:42:50,986] {dag.py:2914} INFO - Setting next_dagrun for tutorial to 2021-10-27T01:42:50.986688+00:00
[2021-10-28 01:42:51,035] {processor.py:171} INFO - Processing /home/airflow/.local/lib/python3.6/site-packages/airflow/example_dags/tutorial.py took 0.219 seconds
