[2021-10-28 01:32:38,531] {processor.py:163} INFO - Started process (PID=276) to work on /home/airflow/.local/lib/python3.6/site-packages/airflow/example_dags/tutorial_taskflow_api_etl_virtualenv.py
[2021-10-28 01:32:38,533] {processor.py:620} INFO - Processing file /home/airflow/.local/lib/python3.6/site-packages/airflow/example_dags/tutorial_taskflow_api_etl_virtualenv.py for tasks to queue
[2021-10-28 01:32:38,534] {logging_mixin.py:109} INFO - [2021-10-28 01:32:38,534] {dagbag.py:500} INFO - Filling up the DagBag from /home/airflow/.local/lib/python3.6/site-packages/airflow/example_dags/tutorial_taskflow_api_etl_virtualenv.py
[2021-10-28 01:32:38,743] {processor.py:632} INFO - DAG(s) dict_keys(['tutorial_taskflow_api_etl_virtualenv']) retrieved from /home/airflow/.local/lib/python3.6/site-packages/airflow/example_dags/tutorial_taskflow_api_etl_virtualenv.py
[2021-10-28 01:32:43,528] {logging_mixin.py:109} INFO - [2021-10-28 01:32:43,528] {providers_manager.py:156} WARNING - Exception when importing 'airflow.providers.google.leveldb.hooks.leveldb.LevelDBHook' from 'apache-airflow-providers-google' package: No module named 'plyvel'
[2021-10-28 01:32:44,579] {logging_mixin.py:109} INFO - [2021-10-28 01:32:44,578] {providers_manager.py:156} WARNING - Exception when importing 'airflow.providers.google.leveldb.hooks.leveldb.LevelDBHook' from 'apache-airflow-providers-google' package: No module named 'plyvel'
[2021-10-28 01:32:44,652] {logging_mixin.py:109} INFO - [2021-10-28 01:32:44,651] {manager.py:496} INFO - Created Permission View: can read on DAG:tutorial_taskflow_api_etl_virtualenv
[2021-10-28 01:32:44,682] {logging_mixin.py:109} INFO - [2021-10-28 01:32:44,682] {manager.py:496} INFO - Created Permission View: can edit on DAG:tutorial_taskflow_api_etl_virtualenv
[2021-10-28 01:32:44,684] {logging_mixin.py:109} INFO - [2021-10-28 01:32:44,683] {dag.py:2389} INFO - Sync 1 DAGs
[2021-10-28 01:32:44,716] {logging_mixin.py:109} INFO - [2021-10-28 01:32:44,715] {dag.py:2408} INFO - Creating ORM DAG for tutorial_taskflow_api_etl_virtualenv
[2021-10-28 01:32:44,722] {logging_mixin.py:109} INFO - [2021-10-28 01:32:44,722] {dag.py:2914} INFO - Setting next_dagrun for tutorial_taskflow_api_etl_virtualenv to None
[2021-10-28 01:32:44,748] {processor.py:171} INFO - Processing /home/airflow/.local/lib/python3.6/site-packages/airflow/example_dags/tutorial_taskflow_api_etl_virtualenv.py took 6.267 seconds
[2021-10-28 01:33:34,085] {processor.py:163} INFO - Started process (PID=352) to work on /home/airflow/.local/lib/python3.6/site-packages/airflow/example_dags/tutorial_taskflow_api_etl_virtualenv.py
[2021-10-28 01:33:34,092] {processor.py:620} INFO - Processing file /home/airflow/.local/lib/python3.6/site-packages/airflow/example_dags/tutorial_taskflow_api_etl_virtualenv.py for tasks to queue
[2021-10-28 01:33:34,104] {logging_mixin.py:109} INFO - [2021-10-28 01:33:34,104] {dagbag.py:500} INFO - Filling up the DagBag from /home/airflow/.local/lib/python3.6/site-packages/airflow/example_dags/tutorial_taskflow_api_etl_virtualenv.py
[2021-10-28 01:33:34,263] {processor.py:632} INFO - DAG(s) dict_keys(['tutorial_taskflow_api_etl_virtualenv']) retrieved from /home/airflow/.local/lib/python3.6/site-packages/airflow/example_dags/tutorial_taskflow_api_etl_virtualenv.py
[2021-10-28 01:33:35,289] {logging_mixin.py:109} INFO - [2021-10-28 01:33:35,289] {dag.py:2389} INFO - Sync 1 DAGs
[2021-10-28 01:33:35,327] {logging_mixin.py:109} INFO - [2021-10-28 01:33:35,327] {dag.py:2914} INFO - Setting next_dagrun for tutorial_taskflow_api_etl_virtualenv to None
[2021-10-28 01:33:35,357] {processor.py:171} INFO - Processing /home/airflow/.local/lib/python3.6/site-packages/airflow/example_dags/tutorial_taskflow_api_etl_virtualenv.py took 1.292 seconds
[2021-10-28 01:34:06,137] {processor.py:163} INFO - Started process (PID=417) to work on /home/airflow/.local/lib/python3.6/site-packages/airflow/example_dags/tutorial_taskflow_api_etl_virtualenv.py
[2021-10-28 01:34:06,149] {processor.py:620} INFO - Processing file /home/airflow/.local/lib/python3.6/site-packages/airflow/example_dags/tutorial_taskflow_api_etl_virtualenv.py for tasks to queue
[2021-10-28 01:34:06,153] {logging_mixin.py:109} INFO - [2021-10-28 01:34:06,152] {dagbag.py:500} INFO - Filling up the DagBag from /home/airflow/.local/lib/python3.6/site-packages/airflow/example_dags/tutorial_taskflow_api_etl_virtualenv.py
[2021-10-28 01:34:06,244] {processor.py:632} INFO - DAG(s) dict_keys(['tutorial_taskflow_api_etl_virtualenv']) retrieved from /home/airflow/.local/lib/python3.6/site-packages/airflow/example_dags/tutorial_taskflow_api_etl_virtualenv.py
[2021-10-28 01:34:06,770] {logging_mixin.py:109} INFO - [2021-10-28 01:34:06,770] {dag.py:2389} INFO - Sync 1 DAGs
[2021-10-28 01:34:06,784] {logging_mixin.py:109} INFO - [2021-10-28 01:34:06,784] {dag.py:2914} INFO - Setting next_dagrun for tutorial_taskflow_api_etl_virtualenv to None
[2021-10-28 01:34:06,813] {processor.py:171} INFO - Processing /home/airflow/.local/lib/python3.6/site-packages/airflow/example_dags/tutorial_taskflow_api_etl_virtualenv.py took 0.679 seconds
[2021-10-28 01:34:37,535] {processor.py:163} INFO - Started process (PID=470) to work on /home/airflow/.local/lib/python3.6/site-packages/airflow/example_dags/tutorial_taskflow_api_etl_virtualenv.py
[2021-10-28 01:34:37,553] {processor.py:620} INFO - Processing file /home/airflow/.local/lib/python3.6/site-packages/airflow/example_dags/tutorial_taskflow_api_etl_virtualenv.py for tasks to queue
[2021-10-28 01:34:37,557] {logging_mixin.py:109} INFO - [2021-10-28 01:34:37,556] {dagbag.py:500} INFO - Filling up the DagBag from /home/airflow/.local/lib/python3.6/site-packages/airflow/example_dags/tutorial_taskflow_api_etl_virtualenv.py
[2021-10-28 01:34:37,807] {processor.py:632} INFO - DAG(s) dict_keys(['tutorial_taskflow_api_etl_virtualenv']) retrieved from /home/airflow/.local/lib/python3.6/site-packages/airflow/example_dags/tutorial_taskflow_api_etl_virtualenv.py
[2021-10-28 01:34:38,616] {logging_mixin.py:109} INFO - [2021-10-28 01:34:38,616] {dag.py:2389} INFO - Sync 1 DAGs
[2021-10-28 01:34:38,638] {logging_mixin.py:109} INFO - [2021-10-28 01:34:38,638] {dag.py:2914} INFO - Setting next_dagrun for tutorial_taskflow_api_etl_virtualenv to None
[2021-10-28 01:34:38,653] {processor.py:171} INFO - Processing /home/airflow/.local/lib/python3.6/site-packages/airflow/example_dags/tutorial_taskflow_api_etl_virtualenv.py took 1.121 seconds
[2021-10-28 01:35:08,961] {processor.py:163} INFO - Started process (PID=523) to work on /home/airflow/.local/lib/python3.6/site-packages/airflow/example_dags/tutorial_taskflow_api_etl_virtualenv.py
[2021-10-28 01:35:09,022] {processor.py:620} INFO - Processing file /home/airflow/.local/lib/python3.6/site-packages/airflow/example_dags/tutorial_taskflow_api_etl_virtualenv.py for tasks to queue
[2021-10-28 01:35:09,023] {logging_mixin.py:109} INFO - [2021-10-28 01:35:09,023] {dagbag.py:500} INFO - Filling up the DagBag from /home/airflow/.local/lib/python3.6/site-packages/airflow/example_dags/tutorial_taskflow_api_etl_virtualenv.py
[2021-10-28 01:35:09,170] {processor.py:632} INFO - DAG(s) dict_keys(['tutorial_taskflow_api_etl_virtualenv']) retrieved from /home/airflow/.local/lib/python3.6/site-packages/airflow/example_dags/tutorial_taskflow_api_etl_virtualenv.py
[2021-10-28 01:35:10,160] {logging_mixin.py:109} INFO - [2021-10-28 01:35:10,160] {dag.py:2389} INFO - Sync 1 DAGs
[2021-10-28 01:35:10,170] {logging_mixin.py:109} INFO - [2021-10-28 01:35:10,170] {dag.py:2914} INFO - Setting next_dagrun for tutorial_taskflow_api_etl_virtualenv to None
[2021-10-28 01:35:10,203] {processor.py:171} INFO - Processing /home/airflow/.local/lib/python3.6/site-packages/airflow/example_dags/tutorial_taskflow_api_etl_virtualenv.py took 1.245 seconds
[2021-10-28 01:35:40,474] {processor.py:163} INFO - Started process (PID=576) to work on /home/airflow/.local/lib/python3.6/site-packages/airflow/example_dags/tutorial_taskflow_api_etl_virtualenv.py
[2021-10-28 01:35:40,535] {processor.py:620} INFO - Processing file /home/airflow/.local/lib/python3.6/site-packages/airflow/example_dags/tutorial_taskflow_api_etl_virtualenv.py for tasks to queue
[2021-10-28 01:35:40,535] {logging_mixin.py:109} INFO - [2021-10-28 01:35:40,535] {dagbag.py:500} INFO - Filling up the DagBag from /home/airflow/.local/lib/python3.6/site-packages/airflow/example_dags/tutorial_taskflow_api_etl_virtualenv.py
[2021-10-28 01:35:40,727] {processor.py:632} INFO - DAG(s) dict_keys(['tutorial_taskflow_api_etl_virtualenv']) retrieved from /home/airflow/.local/lib/python3.6/site-packages/airflow/example_dags/tutorial_taskflow_api_etl_virtualenv.py
[2021-10-28 01:35:40,796] {logging_mixin.py:109} INFO - [2021-10-28 01:35:40,796] {dag.py:2389} INFO - Sync 1 DAGs
[2021-10-28 01:35:40,939] {logging_mixin.py:109} INFO - [2021-10-28 01:35:40,939] {dag.py:2914} INFO - Setting next_dagrun for tutorial_taskflow_api_etl_virtualenv to None
[2021-10-28 01:35:41,127] {processor.py:171} INFO - Processing /home/airflow/.local/lib/python3.6/site-packages/airflow/example_dags/tutorial_taskflow_api_etl_virtualenv.py took 0.656 seconds
[2021-10-28 01:36:11,253] {processor.py:163} INFO - Started process (PID=639) to work on /home/airflow/.local/lib/python3.6/site-packages/airflow/example_dags/tutorial_taskflow_api_etl_virtualenv.py
[2021-10-28 01:36:11,260] {processor.py:620} INFO - Processing file /home/airflow/.local/lib/python3.6/site-packages/airflow/example_dags/tutorial_taskflow_api_etl_virtualenv.py for tasks to queue
[2021-10-28 01:36:11,261] {logging_mixin.py:109} INFO - [2021-10-28 01:36:11,261] {dagbag.py:500} INFO - Filling up the DagBag from /home/airflow/.local/lib/python3.6/site-packages/airflow/example_dags/tutorial_taskflow_api_etl_virtualenv.py
[2021-10-28 01:36:11,327] {processor.py:632} INFO - DAG(s) dict_keys(['tutorial_taskflow_api_etl_virtualenv']) retrieved from /home/airflow/.local/lib/python3.6/site-packages/airflow/example_dags/tutorial_taskflow_api_etl_virtualenv.py
[2021-10-28 01:36:11,679] {logging_mixin.py:109} INFO - [2021-10-28 01:36:11,679] {dag.py:2389} INFO - Sync 1 DAGs
[2021-10-28 01:36:11,699] {logging_mixin.py:109} INFO - [2021-10-28 01:36:11,698] {dag.py:2914} INFO - Setting next_dagrun for tutorial_taskflow_api_etl_virtualenv to None
[2021-10-28 01:36:11,714] {processor.py:171} INFO - Processing /home/airflow/.local/lib/python3.6/site-packages/airflow/example_dags/tutorial_taskflow_api_etl_virtualenv.py took 0.463 seconds
[2021-10-28 01:36:42,033] {processor.py:163} INFO - Started process (PID=691) to work on /home/airflow/.local/lib/python3.6/site-packages/airflow/example_dags/tutorial_taskflow_api_etl_virtualenv.py
[2021-10-28 01:36:42,050] {processor.py:620} INFO - Processing file /home/airflow/.local/lib/python3.6/site-packages/airflow/example_dags/tutorial_taskflow_api_etl_virtualenv.py for tasks to queue
[2021-10-28 01:36:42,051] {logging_mixin.py:109} INFO - [2021-10-28 01:36:42,051] {dagbag.py:500} INFO - Filling up the DagBag from /home/airflow/.local/lib/python3.6/site-packages/airflow/example_dags/tutorial_taskflow_api_etl_virtualenv.py
[2021-10-28 01:36:42,104] {processor.py:632} INFO - DAG(s) dict_keys(['tutorial_taskflow_api_etl_virtualenv']) retrieved from /home/airflow/.local/lib/python3.6/site-packages/airflow/example_dags/tutorial_taskflow_api_etl_virtualenv.py
[2021-10-28 01:36:42,491] {logging_mixin.py:109} INFO - [2021-10-28 01:36:42,490] {dag.py:2389} INFO - Sync 1 DAGs
[2021-10-28 01:36:42,514] {logging_mixin.py:109} INFO - [2021-10-28 01:36:42,514] {dag.py:2914} INFO - Setting next_dagrun for tutorial_taskflow_api_etl_virtualenv to None
[2021-10-28 01:36:42,531] {processor.py:171} INFO - Processing /home/airflow/.local/lib/python3.6/site-packages/airflow/example_dags/tutorial_taskflow_api_etl_virtualenv.py took 0.501 seconds
[2021-10-28 01:37:13,188] {processor.py:163} INFO - Started process (PID=742) to work on /home/airflow/.local/lib/python3.6/site-packages/airflow/example_dags/tutorial_taskflow_api_etl_virtualenv.py
[2021-10-28 01:37:13,190] {processor.py:620} INFO - Processing file /home/airflow/.local/lib/python3.6/site-packages/airflow/example_dags/tutorial_taskflow_api_etl_virtualenv.py for tasks to queue
[2021-10-28 01:37:13,191] {logging_mixin.py:109} INFO - [2021-10-28 01:37:13,191] {dagbag.py:500} INFO - Filling up the DagBag from /home/airflow/.local/lib/python3.6/site-packages/airflow/example_dags/tutorial_taskflow_api_etl_virtualenv.py
[2021-10-28 01:37:13,264] {processor.py:632} INFO - DAG(s) dict_keys(['tutorial_taskflow_api_etl_virtualenv']) retrieved from /home/airflow/.local/lib/python3.6/site-packages/airflow/example_dags/tutorial_taskflow_api_etl_virtualenv.py
[2021-10-28 01:37:13,580] {logging_mixin.py:109} INFO - [2021-10-28 01:37:13,580] {dag.py:2389} INFO - Sync 1 DAGs
[2021-10-28 01:37:13,601] {logging_mixin.py:109} INFO - [2021-10-28 01:37:13,601] {dag.py:2914} INFO - Setting next_dagrun for tutorial_taskflow_api_etl_virtualenv to None
[2021-10-28 01:37:13,620] {processor.py:171} INFO - Processing /home/airflow/.local/lib/python3.6/site-packages/airflow/example_dags/tutorial_taskflow_api_etl_virtualenv.py took 0.452 seconds
[2021-10-28 01:37:43,699] {processor.py:163} INFO - Started process (PID=795) to work on /home/airflow/.local/lib/python3.6/site-packages/airflow/example_dags/tutorial_taskflow_api_etl_virtualenv.py
[2021-10-28 01:37:43,702] {processor.py:620} INFO - Processing file /home/airflow/.local/lib/python3.6/site-packages/airflow/example_dags/tutorial_taskflow_api_etl_virtualenv.py for tasks to queue
[2021-10-28 01:37:43,704] {logging_mixin.py:109} INFO - [2021-10-28 01:37:43,703] {dagbag.py:500} INFO - Filling up the DagBag from /home/airflow/.local/lib/python3.6/site-packages/airflow/example_dags/tutorial_taskflow_api_etl_virtualenv.py
[2021-10-28 01:37:43,733] {processor.py:632} INFO - DAG(s) dict_keys(['tutorial_taskflow_api_etl_virtualenv']) retrieved from /home/airflow/.local/lib/python3.6/site-packages/airflow/example_dags/tutorial_taskflow_api_etl_virtualenv.py
[2021-10-28 01:37:43,904] {logging_mixin.py:109} INFO - [2021-10-28 01:37:43,904] {dag.py:2389} INFO - Sync 1 DAGs
[2021-10-28 01:37:43,915] {logging_mixin.py:109} INFO - [2021-10-28 01:37:43,915] {dag.py:2914} INFO - Setting next_dagrun for tutorial_taskflow_api_etl_virtualenv to None
[2021-10-28 01:37:43,925] {processor.py:171} INFO - Processing /home/airflow/.local/lib/python3.6/site-packages/airflow/example_dags/tutorial_taskflow_api_etl_virtualenv.py took 0.229 seconds
[2021-10-28 01:38:14,878] {processor.py:163} INFO - Started process (PID=848) to work on /home/airflow/.local/lib/python3.6/site-packages/airflow/example_dags/tutorial_taskflow_api_etl_virtualenv.py
[2021-10-28 01:38:14,918] {processor.py:620} INFO - Processing file /home/airflow/.local/lib/python3.6/site-packages/airflow/example_dags/tutorial_taskflow_api_etl_virtualenv.py for tasks to queue
[2021-10-28 01:38:14,919] {logging_mixin.py:109} INFO - [2021-10-28 01:38:14,919] {dagbag.py:500} INFO - Filling up the DagBag from /home/airflow/.local/lib/python3.6/site-packages/airflow/example_dags/tutorial_taskflow_api_etl_virtualenv.py
[2021-10-28 01:38:15,028] {processor.py:632} INFO - DAG(s) dict_keys(['tutorial_taskflow_api_etl_virtualenv']) retrieved from /home/airflow/.local/lib/python3.6/site-packages/airflow/example_dags/tutorial_taskflow_api_etl_virtualenv.py
[2021-10-28 01:38:16,035] {logging_mixin.py:109} INFO - [2021-10-28 01:38:16,035] {dag.py:2389} INFO - Sync 1 DAGs
[2021-10-28 01:38:16,098] {logging_mixin.py:109} INFO - [2021-10-28 01:38:16,098] {dag.py:2914} INFO - Setting next_dagrun for tutorial_taskflow_api_etl_virtualenv to None
[2021-10-28 01:38:16,287] {processor.py:171} INFO - Processing /home/airflow/.local/lib/python3.6/site-packages/airflow/example_dags/tutorial_taskflow_api_etl_virtualenv.py took 1.412 seconds
[2021-10-28 01:38:47,422] {processor.py:163} INFO - Started process (PID=899) to work on /home/airflow/.local/lib/python3.6/site-packages/airflow/example_dags/tutorial_taskflow_api_etl_virtualenv.py
[2021-10-28 01:38:47,463] {processor.py:620} INFO - Processing file /home/airflow/.local/lib/python3.6/site-packages/airflow/example_dags/tutorial_taskflow_api_etl_virtualenv.py for tasks to queue
[2021-10-28 01:38:47,466] {logging_mixin.py:109} INFO - [2021-10-28 01:38:47,466] {dagbag.py:500} INFO - Filling up the DagBag from /home/airflow/.local/lib/python3.6/site-packages/airflow/example_dags/tutorial_taskflow_api_etl_virtualenv.py
[2021-10-28 01:38:47,774] {processor.py:632} INFO - DAG(s) dict_keys(['tutorial_taskflow_api_etl_virtualenv']) retrieved from /home/airflow/.local/lib/python3.6/site-packages/airflow/example_dags/tutorial_taskflow_api_etl_virtualenv.py
[2021-10-28 01:38:48,827] {logging_mixin.py:109} INFO - [2021-10-28 01:38:48,827] {dag.py:2389} INFO - Sync 1 DAGs
[2021-10-28 01:38:48,858] {logging_mixin.py:109} INFO - [2021-10-28 01:38:48,858] {dag.py:2914} INFO - Setting next_dagrun for tutorial_taskflow_api_etl_virtualenv to None
[2021-10-28 01:38:48,876] {processor.py:171} INFO - Processing /home/airflow/.local/lib/python3.6/site-packages/airflow/example_dags/tutorial_taskflow_api_etl_virtualenv.py took 1.457 seconds
[2021-10-28 01:39:19,332] {processor.py:163} INFO - Started process (PID=951) to work on /home/airflow/.local/lib/python3.6/site-packages/airflow/example_dags/tutorial_taskflow_api_etl_virtualenv.py
[2021-10-28 01:39:19,363] {processor.py:620} INFO - Processing file /home/airflow/.local/lib/python3.6/site-packages/airflow/example_dags/tutorial_taskflow_api_etl_virtualenv.py for tasks to queue
[2021-10-28 01:39:19,364] {logging_mixin.py:109} INFO - [2021-10-28 01:39:19,364] {dagbag.py:500} INFO - Filling up the DagBag from /home/airflow/.local/lib/python3.6/site-packages/airflow/example_dags/tutorial_taskflow_api_etl_virtualenv.py
[2021-10-28 01:39:19,577] {processor.py:632} INFO - DAG(s) dict_keys(['tutorial_taskflow_api_etl_virtualenv']) retrieved from /home/airflow/.local/lib/python3.6/site-packages/airflow/example_dags/tutorial_taskflow_api_etl_virtualenv.py
[2021-10-28 01:39:20,671] {logging_mixin.py:109} INFO - [2021-10-28 01:39:20,671] {dag.py:2389} INFO - Sync 1 DAGs
[2021-10-28 01:39:20,723] {logging_mixin.py:109} INFO - [2021-10-28 01:39:20,722] {dag.py:2914} INFO - Setting next_dagrun for tutorial_taskflow_api_etl_virtualenv to None
[2021-10-28 01:39:20,802] {processor.py:171} INFO - Processing /home/airflow/.local/lib/python3.6/site-packages/airflow/example_dags/tutorial_taskflow_api_etl_virtualenv.py took 1.473 seconds
[2021-10-28 01:39:50,901] {processor.py:163} INFO - Started process (PID=997) to work on /home/airflow/.local/lib/python3.6/site-packages/airflow/example_dags/tutorial_taskflow_api_etl_virtualenv.py
[2021-10-28 01:39:50,964] {processor.py:620} INFO - Processing file /home/airflow/.local/lib/python3.6/site-packages/airflow/example_dags/tutorial_taskflow_api_etl_virtualenv.py for tasks to queue
[2021-10-28 01:39:50,964] {logging_mixin.py:109} INFO - [2021-10-28 01:39:50,964] {dagbag.py:500} INFO - Filling up the DagBag from /home/airflow/.local/lib/python3.6/site-packages/airflow/example_dags/tutorial_taskflow_api_etl_virtualenv.py
[2021-10-28 01:39:51,162] {processor.py:632} INFO - DAG(s) dict_keys(['tutorial_taskflow_api_etl_virtualenv']) retrieved from /home/airflow/.local/lib/python3.6/site-packages/airflow/example_dags/tutorial_taskflow_api_etl_virtualenv.py
[2021-10-28 01:39:51,593] {logging_mixin.py:109} INFO - [2021-10-28 01:39:51,593] {dag.py:2389} INFO - Sync 1 DAGs
[2021-10-28 01:39:51,611] {logging_mixin.py:109} INFO - [2021-10-28 01:39:51,611] {dag.py:2914} INFO - Setting next_dagrun for tutorial_taskflow_api_etl_virtualenv to None
[2021-10-28 01:39:51,627] {processor.py:171} INFO - Processing /home/airflow/.local/lib/python3.6/site-packages/airflow/example_dags/tutorial_taskflow_api_etl_virtualenv.py took 0.730 seconds
[2021-10-28 01:40:22,266] {processor.py:163} INFO - Started process (PID=1050) to work on /home/airflow/.local/lib/python3.6/site-packages/airflow/example_dags/tutorial_taskflow_api_etl_virtualenv.py
[2021-10-28 01:40:22,270] {processor.py:620} INFO - Processing file /home/airflow/.local/lib/python3.6/site-packages/airflow/example_dags/tutorial_taskflow_api_etl_virtualenv.py for tasks to queue
[2021-10-28 01:40:22,271] {logging_mixin.py:109} INFO - [2021-10-28 01:40:22,271] {dagbag.py:500} INFO - Filling up the DagBag from /home/airflow/.local/lib/python3.6/site-packages/airflow/example_dags/tutorial_taskflow_api_etl_virtualenv.py
[2021-10-28 01:40:22,317] {processor.py:632} INFO - DAG(s) dict_keys(['tutorial_taskflow_api_etl_virtualenv']) retrieved from /home/airflow/.local/lib/python3.6/site-packages/airflow/example_dags/tutorial_taskflow_api_etl_virtualenv.py
[2021-10-28 01:40:22,510] {logging_mixin.py:109} INFO - [2021-10-28 01:40:22,510] {dag.py:2389} INFO - Sync 1 DAGs
[2021-10-28 01:40:22,520] {logging_mixin.py:109} INFO - [2021-10-28 01:40:22,520] {dag.py:2914} INFO - Setting next_dagrun for tutorial_taskflow_api_etl_virtualenv to None
[2021-10-28 01:40:22,533] {processor.py:171} INFO - Processing /home/airflow/.local/lib/python3.6/site-packages/airflow/example_dags/tutorial_taskflow_api_etl_virtualenv.py took 0.270 seconds
[2021-10-28 01:40:52,849] {processor.py:163} INFO - Started process (PID=1103) to work on /home/airflow/.local/lib/python3.6/site-packages/airflow/example_dags/tutorial_taskflow_api_etl_virtualenv.py
[2021-10-28 01:40:52,851] {processor.py:620} INFO - Processing file /home/airflow/.local/lib/python3.6/site-packages/airflow/example_dags/tutorial_taskflow_api_etl_virtualenv.py for tasks to queue
[2021-10-28 01:40:52,854] {logging_mixin.py:109} INFO - [2021-10-28 01:40:52,853] {dagbag.py:500} INFO - Filling up the DagBag from /home/airflow/.local/lib/python3.6/site-packages/airflow/example_dags/tutorial_taskflow_api_etl_virtualenv.py
[2021-10-28 01:40:52,884] {processor.py:632} INFO - DAG(s) dict_keys(['tutorial_taskflow_api_etl_virtualenv']) retrieved from /home/airflow/.local/lib/python3.6/site-packages/airflow/example_dags/tutorial_taskflow_api_etl_virtualenv.py
[2021-10-28 01:40:52,894] {logging_mixin.py:109} INFO - [2021-10-28 01:40:52,894] {dag.py:2389} INFO - Sync 1 DAGs
[2021-10-28 01:40:52,909] {logging_mixin.py:109} INFO - [2021-10-28 01:40:52,909] {dag.py:2914} INFO - Setting next_dagrun for tutorial_taskflow_api_etl_virtualenv to None
[2021-10-28 01:40:52,922] {processor.py:171} INFO - Processing /home/airflow/.local/lib/python3.6/site-packages/airflow/example_dags/tutorial_taskflow_api_etl_virtualenv.py took 0.081 seconds
[2021-10-28 01:41:23,811] {processor.py:163} INFO - Started process (PID=1155) to work on /home/airflow/.local/lib/python3.6/site-packages/airflow/example_dags/tutorial_taskflow_api_etl_virtualenv.py
[2021-10-28 01:41:23,818] {processor.py:620} INFO - Processing file /home/airflow/.local/lib/python3.6/site-packages/airflow/example_dags/tutorial_taskflow_api_etl_virtualenv.py for tasks to queue
[2021-10-28 01:41:23,820] {logging_mixin.py:109} INFO - [2021-10-28 01:41:23,819] {dagbag.py:500} INFO - Filling up the DagBag from /home/airflow/.local/lib/python3.6/site-packages/airflow/example_dags/tutorial_taskflow_api_etl_virtualenv.py
[2021-10-28 01:41:23,852] {processor.py:632} INFO - DAG(s) dict_keys(['tutorial_taskflow_api_etl_virtualenv']) retrieved from /home/airflow/.local/lib/python3.6/site-packages/airflow/example_dags/tutorial_taskflow_api_etl_virtualenv.py
[2021-10-28 01:41:24,038] {logging_mixin.py:109} INFO - [2021-10-28 01:41:24,038] {dag.py:2389} INFO - Sync 1 DAGs
[2021-10-28 01:41:24,049] {logging_mixin.py:109} INFO - [2021-10-28 01:41:24,049] {dag.py:2914} INFO - Setting next_dagrun for tutorial_taskflow_api_etl_virtualenv to None
[2021-10-28 01:41:24,061] {processor.py:171} INFO - Processing /home/airflow/.local/lib/python3.6/site-packages/airflow/example_dags/tutorial_taskflow_api_etl_virtualenv.py took 0.255 seconds
[2021-10-28 01:41:54,208] {processor.py:163} INFO - Started process (PID=1205) to work on /home/airflow/.local/lib/python3.6/site-packages/airflow/example_dags/tutorial_taskflow_api_etl_virtualenv.py
[2021-10-28 01:41:54,227] {processor.py:620} INFO - Processing file /home/airflow/.local/lib/python3.6/site-packages/airflow/example_dags/tutorial_taskflow_api_etl_virtualenv.py for tasks to queue
[2021-10-28 01:41:54,231] {logging_mixin.py:109} INFO - [2021-10-28 01:41:54,231] {dagbag.py:500} INFO - Filling up the DagBag from /home/airflow/.local/lib/python3.6/site-packages/airflow/example_dags/tutorial_taskflow_api_etl_virtualenv.py
[2021-10-28 01:41:54,632] {processor.py:632} INFO - DAG(s) dict_keys(['tutorial_taskflow_api_etl_virtualenv']) retrieved from /home/airflow/.local/lib/python3.6/site-packages/airflow/example_dags/tutorial_taskflow_api_etl_virtualenv.py
[2021-10-28 01:41:55,555] {logging_mixin.py:109} INFO - [2021-10-28 01:41:55,555] {dag.py:2389} INFO - Sync 1 DAGs
[2021-10-28 01:41:55,634] {logging_mixin.py:109} INFO - [2021-10-28 01:41:55,634] {dag.py:2914} INFO - Setting next_dagrun for tutorial_taskflow_api_etl_virtualenv to None
[2021-10-28 01:41:55,711] {processor.py:171} INFO - Processing /home/airflow/.local/lib/python3.6/site-packages/airflow/example_dags/tutorial_taskflow_api_etl_virtualenv.py took 1.511 seconds
[2021-10-28 01:42:26,175] {processor.py:163} INFO - Started process (PID=1251) to work on /home/airflow/.local/lib/python3.6/site-packages/airflow/example_dags/tutorial_taskflow_api_etl_virtualenv.py
[2021-10-28 01:42:26,181] {processor.py:620} INFO - Processing file /home/airflow/.local/lib/python3.6/site-packages/airflow/example_dags/tutorial_taskflow_api_etl_virtualenv.py for tasks to queue
[2021-10-28 01:42:26,183] {logging_mixin.py:109} INFO - [2021-10-28 01:42:26,182] {dagbag.py:500} INFO - Filling up the DagBag from /home/airflow/.local/lib/python3.6/site-packages/airflow/example_dags/tutorial_taskflow_api_etl_virtualenv.py
[2021-10-28 01:42:26,303] {processor.py:632} INFO - DAG(s) dict_keys(['tutorial_taskflow_api_etl_virtualenv']) retrieved from /home/airflow/.local/lib/python3.6/site-packages/airflow/example_dags/tutorial_taskflow_api_etl_virtualenv.py
[2021-10-28 01:42:27,085] {logging_mixin.py:109} INFO - [2021-10-28 01:42:27,085] {dag.py:2389} INFO - Sync 1 DAGs
[2021-10-28 01:42:27,110] {logging_mixin.py:109} INFO - [2021-10-28 01:42:27,109] {dag.py:2914} INFO - Setting next_dagrun for tutorial_taskflow_api_etl_virtualenv to None
[2021-10-28 01:42:27,140] {processor.py:171} INFO - Processing /home/airflow/.local/lib/python3.6/site-packages/airflow/example_dags/tutorial_taskflow_api_etl_virtualenv.py took 0.968 seconds
