[2021-10-29 02:41:58,544] {taskinstance.py:1035} INFO - Dependencies all met for <TaskInstance: xcom_dag.training_model_C scheduled__2021-10-28T00:00:00+00:00 [queued]>
[2021-10-29 02:41:58,744] {taskinstance.py:1035} INFO - Dependencies all met for <TaskInstance: xcom_dag.training_model_C scheduled__2021-10-28T00:00:00+00:00 [queued]>
[2021-10-29 02:41:58,744] {taskinstance.py:1241} INFO - 
--------------------------------------------------------------------------------
[2021-10-29 02:41:58,744] {taskinstance.py:1242} INFO - Starting attempt 1 of 1
[2021-10-29 02:41:58,744] {taskinstance.py:1243} INFO - 
--------------------------------------------------------------------------------
[2021-10-29 02:41:58,946] {taskinstance.py:1262} INFO - Executing <Task(PythonOperator): training_model_C> on 2021-10-28 00:00:00+00:00
[2021-10-29 02:41:59,055] {standard_task_runner.py:76} INFO - Running: ['***', 'tasks', 'run', 'xcom_dag', 'training_model_C', 'scheduled__2021-10-28T00:00:00+00:00', '--job-id', '34', '--raw', '--subdir', 'DAGS_FOLDER/xcom_dags.py', '--cfg-path', '/tmp/tmpz7k8vved', '--error-file', '/tmp/tmprg84t79z']
[2021-10-29 02:41:59,056] {standard_task_runner.py:77} INFO - Job 34: Subtask training_model_C
[2021-10-29 02:41:59,034] {standard_task_runner.py:52} INFO - Started process 3824 to run task
[2021-10-29 02:42:00,355] {logging_mixin.py:109} INFO - Running <TaskInstance: xcom_dag.training_model_C scheduled__2021-10-28T00:00:00+00:00 [running]> on host 28ad64d5edf5
[2021-10-29 02:42:01,247] {taskinstance.py:1414} INFO - Exporting the following env vars:
AIRFLOW_CTX_DAG_OWNER=***
AIRFLOW_CTX_DAG_ID=xcom_dag
AIRFLOW_CTX_TASK_ID=training_model_C
AIRFLOW_CTX_EXECUTION_DATE=2021-10-28T00:00:00+00:00
AIRFLOW_CTX_DAG_RUN_ID=scheduled__2021-10-28T00:00:00+00:00
[2021-10-29 02:42:01,262] {logging_mixin.py:109} INFO - model's accuracy: 3.58696914740662
[2021-10-29 02:42:01,455] {python.py:152} INFO - Done. Returned value was: None
[2021-10-29 02:42:01,708] {taskinstance.py:1280} INFO - Marking task as SUCCESS. dag_id=xcom_dag, task_id=training_model_C, execution_date=20211028T000000, start_date=20211029T024158, end_date=20211029T024201
[2021-10-29 02:42:01,896] {local_task_job.py:154} INFO - Task exited with return code 0
[2021-10-29 02:42:02,169] {local_task_job.py:264} INFO - 0 downstream tasks scheduled from follow-on schedule check
[2021-10-29 02:42:22,257] {taskinstance.py:1035} INFO - Dependencies all met for <TaskInstance: xcom_dag.training_model_C manual__2021-10-29T02:42:11.747219+00:00 [queued]>
[2021-10-29 02:42:22,540] {taskinstance.py:1035} INFO - Dependencies all met for <TaskInstance: xcom_dag.training_model_C manual__2021-10-29T02:42:11.747219+00:00 [queued]>
[2021-10-29 02:42:22,543] {taskinstance.py:1241} INFO - 
--------------------------------------------------------------------------------
[2021-10-29 02:42:22,543] {taskinstance.py:1242} INFO - Starting attempt 1 of 1
[2021-10-29 02:42:22,543] {taskinstance.py:1243} INFO - 
--------------------------------------------------------------------------------
[2021-10-29 02:42:22,766] {taskinstance.py:1262} INFO - Executing <Task(PythonOperator): training_model_C> on 2021-10-29 02:42:11.747219+00:00
[2021-10-29 02:42:22,775] {standard_task_runner.py:76} INFO - Running: ['***', 'tasks', 'run', 'xcom_dag', 'training_model_C', 'manual__2021-10-29T02:42:11.747219+00:00', '--job-id', '39', '--raw', '--subdir', 'DAGS_FOLDER/xcom_dags.py', '--cfg-path', '/tmp/tmp3038d9of', '--error-file', '/tmp/tmpf0isjc8k']
[2021-10-29 02:42:22,912] {standard_task_runner.py:77} INFO - Job 39: Subtask training_model_C
[2021-10-29 02:42:22,878] {standard_task_runner.py:52} INFO - Started process 3853 to run task
[2021-10-29 02:42:23,697] {logging_mixin.py:109} INFO - Running <TaskInstance: xcom_dag.training_model_C manual__2021-10-29T02:42:11.747219+00:00 [running]> on host 28ad64d5edf5
[2021-10-29 02:42:24,869] {taskinstance.py:1414} INFO - Exporting the following env vars:
AIRFLOW_CTX_DAG_OWNER=***
AIRFLOW_CTX_DAG_ID=xcom_dag
AIRFLOW_CTX_TASK_ID=training_model_C
AIRFLOW_CTX_EXECUTION_DATE=2021-10-29T02:42:11.747219+00:00
AIRFLOW_CTX_DAG_RUN_ID=manual__2021-10-29T02:42:11.747219+00:00
[2021-10-29 02:42:24,876] {logging_mixin.py:109} INFO - model's accuracy: 3.58696914740662
[2021-10-29 02:42:25,177] {python.py:152} INFO - Done. Returned value was: None
[2021-10-29 02:42:25,647] {taskinstance.py:1280} INFO - Marking task as SUCCESS. dag_id=xcom_dag, task_id=training_model_C, execution_date=20211029T024211, start_date=20211029T024222, end_date=20211029T024225
[2021-10-29 02:42:27,131] {local_task_job.py:154} INFO - Task exited with return code 0
[2021-10-29 02:42:30,375] {local_task_job.py:264} INFO - 0 downstream tasks scheduled from follow-on schedule check
