[2021-10-29 00:17:41,989] {processor.py:163} INFO - Started process (PID=143) to work on /home/airflow/.local/lib/python3.6/site-packages/airflow/example_dags/example_xcom.py
[2021-10-29 00:17:42,097] {processor.py:620} INFO - Processing file /home/airflow/.local/lib/python3.6/site-packages/airflow/example_dags/example_xcom.py for tasks to queue
[2021-10-29 00:17:42,106] {logging_mixin.py:109} INFO - [2021-10-29 00:17:42,106] {dagbag.py:500} INFO - Filling up the DagBag from /home/airflow/.local/lib/python3.6/site-packages/airflow/example_dags/example_xcom.py
[2021-10-29 00:17:42,568] {processor.py:632} INFO - DAG(s) dict_keys(['example_xcom']) retrieved from /home/airflow/.local/lib/python3.6/site-packages/airflow/example_dags/example_xcom.py
[2021-10-29 00:17:46,054] {logging_mixin.py:109} INFO - [2021-10-29 00:17:46,054] {dag.py:2389} INFO - Sync 1 DAGs
[2021-10-29 00:17:46,352] {logging_mixin.py:109} INFO - [2021-10-29 00:17:46,352] {dag.py:2914} INFO - Setting next_dagrun for example_xcom to 2021-01-01T00:00:00+00:00
[2021-10-29 00:17:46,478] {processor.py:171} INFO - Processing /home/airflow/.local/lib/python3.6/site-packages/airflow/example_dags/example_xcom.py took 4.492 seconds
[2021-10-29 00:18:16,767] {processor.py:163} INFO - Started process (PID=201) to work on /home/airflow/.local/lib/python3.6/site-packages/airflow/example_dags/example_xcom.py
[2021-10-29 00:18:16,793] {processor.py:620} INFO - Processing file /home/airflow/.local/lib/python3.6/site-packages/airflow/example_dags/example_xcom.py for tasks to queue
[2021-10-29 00:18:16,798] {logging_mixin.py:109} INFO - [2021-10-29 00:18:16,798] {dagbag.py:500} INFO - Filling up the DagBag from /home/airflow/.local/lib/python3.6/site-packages/airflow/example_dags/example_xcom.py
[2021-10-29 00:18:16,940] {processor.py:632} INFO - DAG(s) dict_keys(['example_xcom']) retrieved from /home/airflow/.local/lib/python3.6/site-packages/airflow/example_dags/example_xcom.py
[2021-10-29 00:18:18,675] {logging_mixin.py:109} INFO - [2021-10-29 00:18:18,675] {dag.py:2389} INFO - Sync 1 DAGs
[2021-10-29 00:18:18,818] {logging_mixin.py:109} INFO - [2021-10-29 00:18:18,818] {dag.py:2914} INFO - Setting next_dagrun for example_xcom to 2021-01-01T00:00:00+00:00
[2021-10-29 00:18:18,888] {processor.py:171} INFO - Processing /home/airflow/.local/lib/python3.6/site-packages/airflow/example_dags/example_xcom.py took 2.123 seconds
[2021-10-29 00:18:48,947] {processor.py:163} INFO - Started process (PID=244) to work on /home/airflow/.local/lib/python3.6/site-packages/airflow/example_dags/example_xcom.py
[2021-10-29 00:18:48,950] {processor.py:620} INFO - Processing file /home/airflow/.local/lib/python3.6/site-packages/airflow/example_dags/example_xcom.py for tasks to queue
[2021-10-29 00:18:48,962] {logging_mixin.py:109} INFO - [2021-10-29 00:18:48,962] {dagbag.py:500} INFO - Filling up the DagBag from /home/airflow/.local/lib/python3.6/site-packages/airflow/example_dags/example_xcom.py
[2021-10-29 00:18:49,012] {processor.py:632} INFO - DAG(s) dict_keys(['example_xcom']) retrieved from /home/airflow/.local/lib/python3.6/site-packages/airflow/example_dags/example_xcom.py
[2021-10-29 00:18:49,829] {logging_mixin.py:109} INFO - [2021-10-29 00:18:49,829] {dag.py:2389} INFO - Sync 1 DAGs
[2021-10-29 00:18:49,852] {logging_mixin.py:109} INFO - [2021-10-29 00:18:49,851] {dag.py:2914} INFO - Setting next_dagrun for example_xcom to 2021-01-01T00:00:00+00:00
[2021-10-29 00:18:49,862] {processor.py:171} INFO - Processing /home/airflow/.local/lib/python3.6/site-packages/airflow/example_dags/example_xcom.py took 0.925 seconds
[2021-10-29 00:19:20,108] {processor.py:163} INFO - Started process (PID=299) to work on /home/airflow/.local/lib/python3.6/site-packages/airflow/example_dags/example_xcom.py
[2021-10-29 00:19:20,132] {processor.py:620} INFO - Processing file /home/airflow/.local/lib/python3.6/site-packages/airflow/example_dags/example_xcom.py for tasks to queue
[2021-10-29 00:19:20,134] {logging_mixin.py:109} INFO - [2021-10-29 00:19:20,134] {dagbag.py:500} INFO - Filling up the DagBag from /home/airflow/.local/lib/python3.6/site-packages/airflow/example_dags/example_xcom.py
[2021-10-29 00:19:20,274] {processor.py:632} INFO - DAG(s) dict_keys(['example_xcom']) retrieved from /home/airflow/.local/lib/python3.6/site-packages/airflow/example_dags/example_xcom.py
[2021-10-29 00:19:21,171] {logging_mixin.py:109} INFO - [2021-10-29 00:19:21,171] {dag.py:2389} INFO - Sync 1 DAGs
[2021-10-29 00:19:21,193] {logging_mixin.py:109} INFO - [2021-10-29 00:19:21,193] {dag.py:2914} INFO - Setting next_dagrun for example_xcom to 2021-01-01T00:00:00+00:00
[2021-10-29 00:19:21,223] {processor.py:171} INFO - Processing /home/airflow/.local/lib/python3.6/site-packages/airflow/example_dags/example_xcom.py took 1.118 seconds
[2021-10-29 00:19:51,359] {processor.py:163} INFO - Started process (PID=353) to work on /home/airflow/.local/lib/python3.6/site-packages/airflow/example_dags/example_xcom.py
[2021-10-29 00:19:51,372] {processor.py:620} INFO - Processing file /home/airflow/.local/lib/python3.6/site-packages/airflow/example_dags/example_xcom.py for tasks to queue
[2021-10-29 00:19:51,373] {logging_mixin.py:109} INFO - [2021-10-29 00:19:51,373] {dagbag.py:500} INFO - Filling up the DagBag from /home/airflow/.local/lib/python3.6/site-packages/airflow/example_dags/example_xcom.py
[2021-10-29 00:19:51,448] {processor.py:632} INFO - DAG(s) dict_keys(['example_xcom']) retrieved from /home/airflow/.local/lib/python3.6/site-packages/airflow/example_dags/example_xcom.py
[2021-10-29 00:19:52,024] {logging_mixin.py:109} INFO - [2021-10-29 00:19:52,024] {dag.py:2389} INFO - Sync 1 DAGs
[2021-10-29 00:19:52,039] {logging_mixin.py:109} INFO - [2021-10-29 00:19:52,039] {dag.py:2914} INFO - Setting next_dagrun for example_xcom to 2021-01-01T00:00:00+00:00
[2021-10-29 00:19:52,051] {processor.py:171} INFO - Processing /home/airflow/.local/lib/python3.6/site-packages/airflow/example_dags/example_xcom.py took 0.695 seconds
[2021-10-29 00:20:22,305] {processor.py:163} INFO - Started process (PID=408) to work on /home/airflow/.local/lib/python3.6/site-packages/airflow/example_dags/example_xcom.py
[2021-10-29 00:20:22,328] {processor.py:620} INFO - Processing file /home/airflow/.local/lib/python3.6/site-packages/airflow/example_dags/example_xcom.py for tasks to queue
[2021-10-29 00:20:22,335] {logging_mixin.py:109} INFO - [2021-10-29 00:20:22,334] {dagbag.py:500} INFO - Filling up the DagBag from /home/airflow/.local/lib/python3.6/site-packages/airflow/example_dags/example_xcom.py
[2021-10-29 00:20:22,417] {processor.py:632} INFO - DAG(s) dict_keys(['example_xcom']) retrieved from /home/airflow/.local/lib/python3.6/site-packages/airflow/example_dags/example_xcom.py
[2021-10-29 00:20:23,617] {logging_mixin.py:109} INFO - [2021-10-29 00:20:23,617] {dag.py:2389} INFO - Sync 1 DAGs
[2021-10-29 00:20:23,662] {logging_mixin.py:109} INFO - [2021-10-29 00:20:23,662] {dag.py:2914} INFO - Setting next_dagrun for example_xcom to 2021-01-01T00:00:00+00:00
[2021-10-29 00:20:23,694] {processor.py:171} INFO - Processing /home/airflow/.local/lib/python3.6/site-packages/airflow/example_dags/example_xcom.py took 1.471 seconds
[2021-10-29 00:20:54,449] {processor.py:163} INFO - Started process (PID=462) to work on /home/airflow/.local/lib/python3.6/site-packages/airflow/example_dags/example_xcom.py
[2021-10-29 00:20:54,478] {processor.py:620} INFO - Processing file /home/airflow/.local/lib/python3.6/site-packages/airflow/example_dags/example_xcom.py for tasks to queue
[2021-10-29 00:20:54,478] {logging_mixin.py:109} INFO - [2021-10-29 00:20:54,478] {dagbag.py:500} INFO - Filling up the DagBag from /home/airflow/.local/lib/python3.6/site-packages/airflow/example_dags/example_xcom.py
[2021-10-29 00:20:54,584] {processor.py:632} INFO - DAG(s) dict_keys(['example_xcom']) retrieved from /home/airflow/.local/lib/python3.6/site-packages/airflow/example_dags/example_xcom.py
[2021-10-29 00:20:54,936] {logging_mixin.py:109} INFO - [2021-10-29 00:20:54,936] {dag.py:2389} INFO - Sync 1 DAGs
[2021-10-29 00:20:54,949] {logging_mixin.py:109} INFO - [2021-10-29 00:20:54,949] {dag.py:2914} INFO - Setting next_dagrun for example_xcom to 2021-01-01T00:00:00+00:00
[2021-10-29 00:20:54,961] {processor.py:171} INFO - Processing /home/airflow/.local/lib/python3.6/site-packages/airflow/example_dags/example_xcom.py took 0.514 seconds
[2021-10-29 00:21:25,229] {processor.py:163} INFO - Started process (PID=516) to work on /home/airflow/.local/lib/python3.6/site-packages/airflow/example_dags/example_xcom.py
[2021-10-29 00:21:25,235] {processor.py:620} INFO - Processing file /home/airflow/.local/lib/python3.6/site-packages/airflow/example_dags/example_xcom.py for tasks to queue
[2021-10-29 00:21:25,238] {logging_mixin.py:109} INFO - [2021-10-29 00:21:25,238] {dagbag.py:500} INFO - Filling up the DagBag from /home/airflow/.local/lib/python3.6/site-packages/airflow/example_dags/example_xcom.py
[2021-10-29 00:21:25,269] {processor.py:632} INFO - DAG(s) dict_keys(['example_xcom']) retrieved from /home/airflow/.local/lib/python3.6/site-packages/airflow/example_dags/example_xcom.py
[2021-10-29 00:21:25,596] {logging_mixin.py:109} INFO - [2021-10-29 00:21:25,596] {dag.py:2389} INFO - Sync 1 DAGs
[2021-10-29 00:21:25,637] {logging_mixin.py:109} INFO - [2021-10-29 00:21:25,637] {dag.py:2914} INFO - Setting next_dagrun for example_xcom to 2021-01-01T00:00:00+00:00
[2021-10-29 00:21:25,666] {processor.py:171} INFO - Processing /home/airflow/.local/lib/python3.6/site-packages/airflow/example_dags/example_xcom.py took 0.446 seconds
[2021-10-29 00:22:16,557] {processor.py:163} INFO - Started process (PID=571) to work on /home/airflow/.local/lib/python3.6/site-packages/airflow/example_dags/example_xcom.py
[2021-10-29 00:22:16,649] {processor.py:620} INFO - Processing file /home/airflow/.local/lib/python3.6/site-packages/airflow/example_dags/example_xcom.py for tasks to queue
[2021-10-29 00:22:16,651] {logging_mixin.py:109} INFO - [2021-10-29 00:22:16,651] {dagbag.py:500} INFO - Filling up the DagBag from /home/airflow/.local/lib/python3.6/site-packages/airflow/example_dags/example_xcom.py
[2021-10-29 00:22:17,124] {processor.py:632} INFO - DAG(s) dict_keys(['example_xcom']) retrieved from /home/airflow/.local/lib/python3.6/site-packages/airflow/example_dags/example_xcom.py
[2021-10-29 00:22:21,899] {logging_mixin.py:109} INFO - [2021-10-29 00:22:21,899] {dag.py:2389} INFO - Sync 1 DAGs
[2021-10-29 00:22:22,097] {logging_mixin.py:109} INFO - [2021-10-29 00:22:22,097] {dag.py:2914} INFO - Setting next_dagrun for example_xcom to 2021-01-01T00:00:00+00:00
[2021-10-29 00:22:22,799] {processor.py:171} INFO - Processing /home/airflow/.local/lib/python3.6/site-packages/airflow/example_dags/example_xcom.py took 6.246 seconds
[2021-10-29 00:22:53,524] {processor.py:163} INFO - Started process (PID=631) to work on /home/airflow/.local/lib/python3.6/site-packages/airflow/example_dags/example_xcom.py
[2021-10-29 00:22:53,541] {processor.py:620} INFO - Processing file /home/airflow/.local/lib/python3.6/site-packages/airflow/example_dags/example_xcom.py for tasks to queue
[2021-10-29 00:22:53,543] {logging_mixin.py:109} INFO - [2021-10-29 00:22:53,543] {dagbag.py:500} INFO - Filling up the DagBag from /home/airflow/.local/lib/python3.6/site-packages/airflow/example_dags/example_xcom.py
[2021-10-29 00:22:53,679] {processor.py:632} INFO - DAG(s) dict_keys(['example_xcom']) retrieved from /home/airflow/.local/lib/python3.6/site-packages/airflow/example_dags/example_xcom.py
[2021-10-29 00:22:55,106] {logging_mixin.py:109} INFO - [2021-10-29 00:22:55,106] {dag.py:2389} INFO - Sync 1 DAGs
[2021-10-29 00:22:55,154] {logging_mixin.py:109} INFO - [2021-10-29 00:22:55,154] {dag.py:2914} INFO - Setting next_dagrun for example_xcom to 2021-01-01T00:00:00+00:00
[2021-10-29 00:22:55,191] {processor.py:171} INFO - Processing /home/airflow/.local/lib/python3.6/site-packages/airflow/example_dags/example_xcom.py took 1.671 seconds
[2021-10-29 00:23:26,080] {processor.py:163} INFO - Started process (PID=687) to work on /home/airflow/.local/lib/python3.6/site-packages/airflow/example_dags/example_xcom.py
[2021-10-29 00:23:26,082] {processor.py:620} INFO - Processing file /home/airflow/.local/lib/python3.6/site-packages/airflow/example_dags/example_xcom.py for tasks to queue
[2021-10-29 00:23:26,090] {logging_mixin.py:109} INFO - [2021-10-29 00:23:26,090] {dagbag.py:500} INFO - Filling up the DagBag from /home/airflow/.local/lib/python3.6/site-packages/airflow/example_dags/example_xcom.py
[2021-10-29 00:23:26,157] {processor.py:632} INFO - DAG(s) dict_keys(['example_xcom']) retrieved from /home/airflow/.local/lib/python3.6/site-packages/airflow/example_dags/example_xcom.py
[2021-10-29 00:23:26,727] {logging_mixin.py:109} INFO - [2021-10-29 00:23:26,727] {dag.py:2389} INFO - Sync 1 DAGs
[2021-10-29 00:23:26,759] {logging_mixin.py:109} INFO - [2021-10-29 00:23:26,759] {dag.py:2914} INFO - Setting next_dagrun for example_xcom to 2021-01-01T00:00:00+00:00
[2021-10-29 00:23:26,795] {processor.py:171} INFO - Processing /home/airflow/.local/lib/python3.6/site-packages/airflow/example_dags/example_xcom.py took 0.732 seconds
[2021-10-29 00:23:57,014] {processor.py:163} INFO - Started process (PID=743) to work on /home/airflow/.local/lib/python3.6/site-packages/airflow/example_dags/example_xcom.py
[2021-10-29 00:23:57,027] {processor.py:620} INFO - Processing file /home/airflow/.local/lib/python3.6/site-packages/airflow/example_dags/example_xcom.py for tasks to queue
[2021-10-29 00:23:57,029] {logging_mixin.py:109} INFO - [2021-10-29 00:23:57,029] {dagbag.py:500} INFO - Filling up the DagBag from /home/airflow/.local/lib/python3.6/site-packages/airflow/example_dags/example_xcom.py
[2021-10-29 00:23:57,094] {processor.py:632} INFO - DAG(s) dict_keys(['example_xcom']) retrieved from /home/airflow/.local/lib/python3.6/site-packages/airflow/example_dags/example_xcom.py
[2021-10-29 00:23:57,336] {logging_mixin.py:109} INFO - [2021-10-29 00:23:57,335] {dag.py:2389} INFO - Sync 1 DAGs
[2021-10-29 00:23:57,358] {logging_mixin.py:109} INFO - [2021-10-29 00:23:57,357] {dag.py:2914} INFO - Setting next_dagrun for example_xcom to 2021-01-01T00:00:00+00:00
[2021-10-29 00:23:57,384] {processor.py:171} INFO - Processing /home/airflow/.local/lib/python3.6/site-packages/airflow/example_dags/example_xcom.py took 0.373 seconds
[2021-10-29 00:24:27,772] {processor.py:163} INFO - Started process (PID=795) to work on /home/airflow/.local/lib/python3.6/site-packages/airflow/example_dags/example_xcom.py
[2021-10-29 00:24:27,782] {processor.py:620} INFO - Processing file /home/airflow/.local/lib/python3.6/site-packages/airflow/example_dags/example_xcom.py for tasks to queue
[2021-10-29 00:24:27,784] {logging_mixin.py:109} INFO - [2021-10-29 00:24:27,783] {dagbag.py:500} INFO - Filling up the DagBag from /home/airflow/.local/lib/python3.6/site-packages/airflow/example_dags/example_xcom.py
[2021-10-29 00:24:27,850] {processor.py:632} INFO - DAG(s) dict_keys(['example_xcom']) retrieved from /home/airflow/.local/lib/python3.6/site-packages/airflow/example_dags/example_xcom.py
[2021-10-29 00:24:28,261] {logging_mixin.py:109} INFO - [2021-10-29 00:24:28,261] {dag.py:2389} INFO - Sync 1 DAGs
[2021-10-29 00:24:28,277] {logging_mixin.py:109} INFO - [2021-10-29 00:24:28,276] {dag.py:2914} INFO - Setting next_dagrun for example_xcom to 2021-01-01T00:00:00+00:00
[2021-10-29 00:24:28,287] {processor.py:171} INFO - Processing /home/airflow/.local/lib/python3.6/site-packages/airflow/example_dags/example_xcom.py took 0.518 seconds
[2021-10-29 00:24:58,394] {processor.py:163} INFO - Started process (PID=850) to work on /home/airflow/.local/lib/python3.6/site-packages/airflow/example_dags/example_xcom.py
[2021-10-29 00:24:58,422] {processor.py:620} INFO - Processing file /home/airflow/.local/lib/python3.6/site-packages/airflow/example_dags/example_xcom.py for tasks to queue
[2021-10-29 00:24:58,424] {logging_mixin.py:109} INFO - [2021-10-29 00:24:58,424] {dagbag.py:500} INFO - Filling up the DagBag from /home/airflow/.local/lib/python3.6/site-packages/airflow/example_dags/example_xcom.py
[2021-10-29 00:24:58,497] {processor.py:632} INFO - DAG(s) dict_keys(['example_xcom']) retrieved from /home/airflow/.local/lib/python3.6/site-packages/airflow/example_dags/example_xcom.py
[2021-10-29 00:24:58,800] {logging_mixin.py:109} INFO - [2021-10-29 00:24:58,800] {dag.py:2389} INFO - Sync 1 DAGs
[2021-10-29 00:24:58,819] {logging_mixin.py:109} INFO - [2021-10-29 00:24:58,819] {dag.py:2914} INFO - Setting next_dagrun for example_xcom to 2021-01-01T00:00:00+00:00
[2021-10-29 00:24:58,834] {processor.py:171} INFO - Processing /home/airflow/.local/lib/python3.6/site-packages/airflow/example_dags/example_xcom.py took 0.444 seconds
[2021-10-29 00:25:28,855] {processor.py:163} INFO - Started process (PID=904) to work on /home/airflow/.local/lib/python3.6/site-packages/airflow/example_dags/example_xcom.py
[2021-10-29 00:25:28,858] {processor.py:620} INFO - Processing file /home/airflow/.local/lib/python3.6/site-packages/airflow/example_dags/example_xcom.py for tasks to queue
[2021-10-29 00:25:28,860] {logging_mixin.py:109} INFO - [2021-10-29 00:25:28,860] {dagbag.py:500} INFO - Filling up the DagBag from /home/airflow/.local/lib/python3.6/site-packages/airflow/example_dags/example_xcom.py
[2021-10-29 00:25:28,888] {processor.py:632} INFO - DAG(s) dict_keys(['example_xcom']) retrieved from /home/airflow/.local/lib/python3.6/site-packages/airflow/example_dags/example_xcom.py
[2021-10-29 00:25:29,111] {logging_mixin.py:109} INFO - [2021-10-29 00:25:29,111] {dag.py:2389} INFO - Sync 1 DAGs
[2021-10-29 00:25:29,127] {logging_mixin.py:109} INFO - [2021-10-29 00:25:29,127] {dag.py:2914} INFO - Setting next_dagrun for example_xcom to 2021-01-01T00:00:00+00:00
[2021-10-29 00:25:29,141] {processor.py:171} INFO - Processing /home/airflow/.local/lib/python3.6/site-packages/airflow/example_dags/example_xcom.py took 0.288 seconds
[2021-10-29 00:25:59,829] {processor.py:163} INFO - Started process (PID=957) to work on /home/airflow/.local/lib/python3.6/site-packages/airflow/example_dags/example_xcom.py
[2021-10-29 00:25:59,836] {processor.py:620} INFO - Processing file /home/airflow/.local/lib/python3.6/site-packages/airflow/example_dags/example_xcom.py for tasks to queue
[2021-10-29 00:25:59,845] {logging_mixin.py:109} INFO - [2021-10-29 00:25:59,845] {dagbag.py:500} INFO - Filling up the DagBag from /home/airflow/.local/lib/python3.6/site-packages/airflow/example_dags/example_xcom.py
[2021-10-29 00:25:59,924] {processor.py:632} INFO - DAG(s) dict_keys(['example_xcom']) retrieved from /home/airflow/.local/lib/python3.6/site-packages/airflow/example_dags/example_xcom.py
[2021-10-29 00:26:00,498] {logging_mixin.py:109} INFO - [2021-10-29 00:26:00,498] {dag.py:2389} INFO - Sync 1 DAGs
[2021-10-29 00:26:00,523] {logging_mixin.py:109} INFO - [2021-10-29 00:26:00,522] {dag.py:2914} INFO - Setting next_dagrun for example_xcom to 2021-01-01T00:00:00+00:00
[2021-10-29 00:26:00,545] {processor.py:171} INFO - Processing /home/airflow/.local/lib/python3.6/site-packages/airflow/example_dags/example_xcom.py took 0.719 seconds
[2021-10-29 00:26:31,566] {processor.py:163} INFO - Started process (PID=1014) to work on /home/airflow/.local/lib/python3.6/site-packages/airflow/example_dags/example_xcom.py
[2021-10-29 00:26:31,575] {processor.py:620} INFO - Processing file /home/airflow/.local/lib/python3.6/site-packages/airflow/example_dags/example_xcom.py for tasks to queue
[2021-10-29 00:26:31,577] {logging_mixin.py:109} INFO - [2021-10-29 00:26:31,577] {dagbag.py:500} INFO - Filling up the DagBag from /home/airflow/.local/lib/python3.6/site-packages/airflow/example_dags/example_xcom.py
[2021-10-29 00:26:31,644] {processor.py:632} INFO - DAG(s) dict_keys(['example_xcom']) retrieved from /home/airflow/.local/lib/python3.6/site-packages/airflow/example_dags/example_xcom.py
[2021-10-29 00:26:32,148] {logging_mixin.py:109} INFO - [2021-10-29 00:26:32,148] {dag.py:2389} INFO - Sync 1 DAGs
[2021-10-29 00:26:32,184] {logging_mixin.py:109} INFO - [2021-10-29 00:26:32,184] {dag.py:2914} INFO - Setting next_dagrun for example_xcom to 2021-01-01T00:00:00+00:00
[2021-10-29 00:26:32,195] {processor.py:171} INFO - Processing /home/airflow/.local/lib/python3.6/site-packages/airflow/example_dags/example_xcom.py took 0.643 seconds
[2021-10-29 00:27:02,559] {processor.py:163} INFO - Started process (PID=1070) to work on /home/airflow/.local/lib/python3.6/site-packages/airflow/example_dags/example_xcom.py
[2021-10-29 00:27:02,562] {processor.py:620} INFO - Processing file /home/airflow/.local/lib/python3.6/site-packages/airflow/example_dags/example_xcom.py for tasks to queue
[2021-10-29 00:27:02,564] {logging_mixin.py:109} INFO - [2021-10-29 00:27:02,563] {dagbag.py:500} INFO - Filling up the DagBag from /home/airflow/.local/lib/python3.6/site-packages/airflow/example_dags/example_xcom.py
[2021-10-29 00:27:02,593] {processor.py:632} INFO - DAG(s) dict_keys(['example_xcom']) retrieved from /home/airflow/.local/lib/python3.6/site-packages/airflow/example_dags/example_xcom.py
[2021-10-29 00:27:02,787] {logging_mixin.py:109} INFO - [2021-10-29 00:27:02,787] {dag.py:2389} INFO - Sync 1 DAGs
[2021-10-29 00:27:02,819] {logging_mixin.py:109} INFO - [2021-10-29 00:27:02,819] {dag.py:2914} INFO - Setting next_dagrun for example_xcom to 2021-01-01T00:00:00+00:00
[2021-10-29 00:27:02,832] {processor.py:171} INFO - Processing /home/airflow/.local/lib/python3.6/site-packages/airflow/example_dags/example_xcom.py took 0.278 seconds
[2021-10-29 00:27:33,084] {processor.py:163} INFO - Started process (PID=1123) to work on /home/airflow/.local/lib/python3.6/site-packages/airflow/example_dags/example_xcom.py
[2021-10-29 00:27:33,088] {processor.py:620} INFO - Processing file /home/airflow/.local/lib/python3.6/site-packages/airflow/example_dags/example_xcom.py for tasks to queue
[2021-10-29 00:27:33,091] {logging_mixin.py:109} INFO - [2021-10-29 00:27:33,091] {dagbag.py:500} INFO - Filling up the DagBag from /home/airflow/.local/lib/python3.6/site-packages/airflow/example_dags/example_xcom.py
[2021-10-29 00:27:33,130] {processor.py:632} INFO - DAG(s) dict_keys(['example_xcom']) retrieved from /home/airflow/.local/lib/python3.6/site-packages/airflow/example_dags/example_xcom.py
[2021-10-29 00:27:33,307] {logging_mixin.py:109} INFO - [2021-10-29 00:27:33,307] {dag.py:2389} INFO - Sync 1 DAGs
[2021-10-29 00:27:33,322] {logging_mixin.py:109} INFO - [2021-10-29 00:27:33,321] {dag.py:2914} INFO - Setting next_dagrun for example_xcom to 2021-01-01T00:00:00+00:00
[2021-10-29 00:27:33,336] {processor.py:171} INFO - Processing /home/airflow/.local/lib/python3.6/site-packages/airflow/example_dags/example_xcom.py took 0.257 seconds
[2021-10-29 00:28:04,043] {processor.py:163} INFO - Started process (PID=1176) to work on /home/airflow/.local/lib/python3.6/site-packages/airflow/example_dags/example_xcom.py
[2021-10-29 00:28:04,065] {processor.py:620} INFO - Processing file /home/airflow/.local/lib/python3.6/site-packages/airflow/example_dags/example_xcom.py for tasks to queue
[2021-10-29 00:28:04,067] {logging_mixin.py:109} INFO - [2021-10-29 00:28:04,067] {dagbag.py:500} INFO - Filling up the DagBag from /home/airflow/.local/lib/python3.6/site-packages/airflow/example_dags/example_xcom.py
[2021-10-29 00:28:04,233] {processor.py:632} INFO - DAG(s) dict_keys(['example_xcom']) retrieved from /home/airflow/.local/lib/python3.6/site-packages/airflow/example_dags/example_xcom.py
[2021-10-29 00:28:04,990] {logging_mixin.py:109} INFO - [2021-10-29 00:28:04,989] {dag.py:2389} INFO - Sync 1 DAGs
[2021-10-29 00:28:05,052] {logging_mixin.py:109} INFO - [2021-10-29 00:28:05,051] {dag.py:2914} INFO - Setting next_dagrun for example_xcom to 2021-01-01T00:00:00+00:00
[2021-10-29 00:28:05,092] {processor.py:171} INFO - Processing /home/airflow/.local/lib/python3.6/site-packages/airflow/example_dags/example_xcom.py took 1.052 seconds
[2021-10-29 00:28:35,116] {processor.py:163} INFO - Started process (PID=1230) to work on /home/airflow/.local/lib/python3.6/site-packages/airflow/example_dags/example_xcom.py
[2021-10-29 00:28:35,120] {processor.py:620} INFO - Processing file /home/airflow/.local/lib/python3.6/site-packages/airflow/example_dags/example_xcom.py for tasks to queue
[2021-10-29 00:28:35,122] {logging_mixin.py:109} INFO - [2021-10-29 00:28:35,122] {dagbag.py:500} INFO - Filling up the DagBag from /home/airflow/.local/lib/python3.6/site-packages/airflow/example_dags/example_xcom.py
[2021-10-29 00:28:35,151] {processor.py:632} INFO - DAG(s) dict_keys(['example_xcom']) retrieved from /home/airflow/.local/lib/python3.6/site-packages/airflow/example_dags/example_xcom.py
[2021-10-29 00:28:35,332] {logging_mixin.py:109} INFO - [2021-10-29 00:28:35,332] {dag.py:2389} INFO - Sync 1 DAGs
[2021-10-29 00:28:35,348] {logging_mixin.py:109} INFO - [2021-10-29 00:28:35,348] {dag.py:2914} INFO - Setting next_dagrun for example_xcom to 2021-01-01T00:00:00+00:00
[2021-10-29 00:28:35,358] {processor.py:171} INFO - Processing /home/airflow/.local/lib/python3.6/site-packages/airflow/example_dags/example_xcom.py took 0.245 seconds
[2021-10-29 00:29:05,690] {processor.py:163} INFO - Started process (PID=1284) to work on /home/airflow/.local/lib/python3.6/site-packages/airflow/example_dags/example_xcom.py
[2021-10-29 00:29:05,703] {processor.py:620} INFO - Processing file /home/airflow/.local/lib/python3.6/site-packages/airflow/example_dags/example_xcom.py for tasks to queue
[2021-10-29 00:29:05,704] {logging_mixin.py:109} INFO - [2021-10-29 00:29:05,704] {dagbag.py:500} INFO - Filling up the DagBag from /home/airflow/.local/lib/python3.6/site-packages/airflow/example_dags/example_xcom.py
[2021-10-29 00:29:05,781] {processor.py:632} INFO - DAG(s) dict_keys(['example_xcom']) retrieved from /home/airflow/.local/lib/python3.6/site-packages/airflow/example_dags/example_xcom.py
[2021-10-29 00:29:06,061] {logging_mixin.py:109} INFO - [2021-10-29 00:29:06,060] {dag.py:2389} INFO - Sync 1 DAGs
[2021-10-29 00:29:06,073] {logging_mixin.py:109} INFO - [2021-10-29 00:29:06,073] {dag.py:2914} INFO - Setting next_dagrun for example_xcom to 2021-01-01T00:00:00+00:00
[2021-10-29 00:29:06,085] {processor.py:171} INFO - Processing /home/airflow/.local/lib/python3.6/site-packages/airflow/example_dags/example_xcom.py took 0.399 seconds
[2021-10-29 00:29:36,196] {processor.py:163} INFO - Started process (PID=1338) to work on /home/airflow/.local/lib/python3.6/site-packages/airflow/example_dags/example_xcom.py
[2021-10-29 00:29:36,232] {processor.py:620} INFO - Processing file /home/airflow/.local/lib/python3.6/site-packages/airflow/example_dags/example_xcom.py for tasks to queue
[2021-10-29 00:29:36,243] {logging_mixin.py:109} INFO - [2021-10-29 00:29:36,243] {dagbag.py:500} INFO - Filling up the DagBag from /home/airflow/.local/lib/python3.6/site-packages/airflow/example_dags/example_xcom.py
[2021-10-29 00:29:36,328] {processor.py:632} INFO - DAG(s) dict_keys(['example_xcom']) retrieved from /home/airflow/.local/lib/python3.6/site-packages/airflow/example_dags/example_xcom.py
[2021-10-29 00:29:36,916] {logging_mixin.py:109} INFO - [2021-10-29 00:29:36,916] {dag.py:2389} INFO - Sync 1 DAGs
[2021-10-29 00:29:36,930] {logging_mixin.py:109} INFO - [2021-10-29 00:29:36,930] {dag.py:2914} INFO - Setting next_dagrun for example_xcom to 2021-01-01T00:00:00+00:00
[2021-10-29 00:29:36,941] {processor.py:171} INFO - Processing /home/airflow/.local/lib/python3.6/site-packages/airflow/example_dags/example_xcom.py took 0.748 seconds
[2021-10-29 00:30:07,273] {processor.py:163} INFO - Started process (PID=1393) to work on /home/airflow/.local/lib/python3.6/site-packages/airflow/example_dags/example_xcom.py
[2021-10-29 00:30:07,289] {processor.py:620} INFO - Processing file /home/airflow/.local/lib/python3.6/site-packages/airflow/example_dags/example_xcom.py for tasks to queue
[2021-10-29 00:30:07,290] {logging_mixin.py:109} INFO - [2021-10-29 00:30:07,290] {dagbag.py:500} INFO - Filling up the DagBag from /home/airflow/.local/lib/python3.6/site-packages/airflow/example_dags/example_xcom.py
[2021-10-29 00:30:07,343] {processor.py:632} INFO - DAG(s) dict_keys(['example_xcom']) retrieved from /home/airflow/.local/lib/python3.6/site-packages/airflow/example_dags/example_xcom.py
[2021-10-29 00:30:07,547] {logging_mixin.py:109} INFO - [2021-10-29 00:30:07,547] {dag.py:2389} INFO - Sync 1 DAGs
[2021-10-29 00:30:07,560] {logging_mixin.py:109} INFO - [2021-10-29 00:30:07,560] {dag.py:2914} INFO - Setting next_dagrun for example_xcom to 2021-01-01T00:00:00+00:00
[2021-10-29 00:30:07,571] {processor.py:171} INFO - Processing /home/airflow/.local/lib/python3.6/site-packages/airflow/example_dags/example_xcom.py took 0.300 seconds
[2021-10-29 00:30:37,942] {processor.py:163} INFO - Started process (PID=1444) to work on /home/airflow/.local/lib/python3.6/site-packages/airflow/example_dags/example_xcom.py
[2021-10-29 00:30:37,952] {processor.py:620} INFO - Processing file /home/airflow/.local/lib/python3.6/site-packages/airflow/example_dags/example_xcom.py for tasks to queue
[2021-10-29 00:30:37,958] {logging_mixin.py:109} INFO - [2021-10-29 00:30:37,958] {dagbag.py:500} INFO - Filling up the DagBag from /home/airflow/.local/lib/python3.6/site-packages/airflow/example_dags/example_xcom.py
[2021-10-29 00:30:38,014] {processor.py:632} INFO - DAG(s) dict_keys(['example_xcom']) retrieved from /home/airflow/.local/lib/python3.6/site-packages/airflow/example_dags/example_xcom.py
[2021-10-29 00:30:38,485] {logging_mixin.py:109} INFO - [2021-10-29 00:30:38,485] {dag.py:2389} INFO - Sync 1 DAGs
[2021-10-29 00:30:38,509] {logging_mixin.py:109} INFO - [2021-10-29 00:30:38,509] {dag.py:2914} INFO - Setting next_dagrun for example_xcom to 2021-01-01T00:00:00+00:00
[2021-10-29 00:30:38,531] {processor.py:171} INFO - Processing /home/airflow/.local/lib/python3.6/site-packages/airflow/example_dags/example_xcom.py took 0.592 seconds
[2021-10-29 00:31:08,830] {processor.py:163} INFO - Started process (PID=1497) to work on /home/airflow/.local/lib/python3.6/site-packages/airflow/example_dags/example_xcom.py
[2021-10-29 00:31:08,836] {processor.py:620} INFO - Processing file /home/airflow/.local/lib/python3.6/site-packages/airflow/example_dags/example_xcom.py for tasks to queue
[2021-10-29 00:31:08,838] {logging_mixin.py:109} INFO - [2021-10-29 00:31:08,838] {dagbag.py:500} INFO - Filling up the DagBag from /home/airflow/.local/lib/python3.6/site-packages/airflow/example_dags/example_xcom.py
[2021-10-29 00:31:08,958] {processor.py:632} INFO - DAG(s) dict_keys(['example_xcom']) retrieved from /home/airflow/.local/lib/python3.6/site-packages/airflow/example_dags/example_xcom.py
[2021-10-29 00:31:09,496] {logging_mixin.py:109} INFO - [2021-10-29 00:31:09,496] {dag.py:2389} INFO - Sync 1 DAGs
[2021-10-29 00:31:09,523] {logging_mixin.py:109} INFO - [2021-10-29 00:31:09,523] {dag.py:2914} INFO - Setting next_dagrun for example_xcom to 2021-01-01T00:00:00+00:00
[2021-10-29 00:31:09,543] {processor.py:171} INFO - Processing /home/airflow/.local/lib/python3.6/site-packages/airflow/example_dags/example_xcom.py took 0.716 seconds
[2021-10-29 00:31:39,727] {processor.py:163} INFO - Started process (PID=1552) to work on /home/airflow/.local/lib/python3.6/site-packages/airflow/example_dags/example_xcom.py
[2021-10-29 00:31:39,734] {processor.py:620} INFO - Processing file /home/airflow/.local/lib/python3.6/site-packages/airflow/example_dags/example_xcom.py for tasks to queue
[2021-10-29 00:31:39,735] {logging_mixin.py:109} INFO - [2021-10-29 00:31:39,735] {dagbag.py:500} INFO - Filling up the DagBag from /home/airflow/.local/lib/python3.6/site-packages/airflow/example_dags/example_xcom.py
[2021-10-29 00:31:39,893] {processor.py:632} INFO - DAG(s) dict_keys(['example_xcom']) retrieved from /home/airflow/.local/lib/python3.6/site-packages/airflow/example_dags/example_xcom.py
[2021-10-29 00:31:41,345] {logging_mixin.py:109} INFO - [2021-10-29 00:31:41,345] {dag.py:2389} INFO - Sync 1 DAGs
[2021-10-29 00:31:41,450] {logging_mixin.py:109} INFO - [2021-10-29 00:31:41,450] {dag.py:2914} INFO - Setting next_dagrun for example_xcom to 2021-01-01T00:00:00+00:00
[2021-10-29 00:31:41,493] {processor.py:171} INFO - Processing /home/airflow/.local/lib/python3.6/site-packages/airflow/example_dags/example_xcom.py took 1.810 seconds
[2021-10-29 00:32:11,642] {processor.py:163} INFO - Started process (PID=1598) to work on /home/airflow/.local/lib/python3.6/site-packages/airflow/example_dags/example_xcom.py
[2021-10-29 00:32:11,652] {processor.py:620} INFO - Processing file /home/airflow/.local/lib/python3.6/site-packages/airflow/example_dags/example_xcom.py for tasks to queue
[2021-10-29 00:32:11,654] {logging_mixin.py:109} INFO - [2021-10-29 00:32:11,654] {dagbag.py:500} INFO - Filling up the DagBag from /home/airflow/.local/lib/python3.6/site-packages/airflow/example_dags/example_xcom.py
[2021-10-29 00:32:11,866] {processor.py:632} INFO - DAG(s) dict_keys(['example_xcom']) retrieved from /home/airflow/.local/lib/python3.6/site-packages/airflow/example_dags/example_xcom.py
[2021-10-29 00:32:13,639] {logging_mixin.py:109} INFO - [2021-10-29 00:32:13,639] {dag.py:2389} INFO - Sync 1 DAGs
[2021-10-29 00:32:13,711] {logging_mixin.py:109} INFO - [2021-10-29 00:32:13,711] {dag.py:2914} INFO - Setting next_dagrun for example_xcom to 2021-01-01T00:00:00+00:00
[2021-10-29 00:32:13,773] {processor.py:171} INFO - Processing /home/airflow/.local/lib/python3.6/site-packages/airflow/example_dags/example_xcom.py took 2.135 seconds
[2021-10-29 00:32:44,545] {processor.py:163} INFO - Started process (PID=1652) to work on /home/airflow/.local/lib/python3.6/site-packages/airflow/example_dags/example_xcom.py
[2021-10-29 00:32:44,600] {processor.py:620} INFO - Processing file /home/airflow/.local/lib/python3.6/site-packages/airflow/example_dags/example_xcom.py for tasks to queue
[2021-10-29 00:32:44,606] {logging_mixin.py:109} INFO - [2021-10-29 00:32:44,606] {dagbag.py:500} INFO - Filling up the DagBag from /home/airflow/.local/lib/python3.6/site-packages/airflow/example_dags/example_xcom.py
[2021-10-29 00:32:44,734] {processor.py:632} INFO - DAG(s) dict_keys(['example_xcom']) retrieved from /home/airflow/.local/lib/python3.6/site-packages/airflow/example_dags/example_xcom.py
[2021-10-29 00:32:45,592] {logging_mixin.py:109} INFO - [2021-10-29 00:32:45,592] {dag.py:2389} INFO - Sync 1 DAGs
[2021-10-29 00:32:45,636] {logging_mixin.py:109} INFO - [2021-10-29 00:32:45,636] {dag.py:2914} INFO - Setting next_dagrun for example_xcom to 2021-01-01T00:00:00+00:00
[2021-10-29 00:32:45,667] {processor.py:171} INFO - Processing /home/airflow/.local/lib/python3.6/site-packages/airflow/example_dags/example_xcom.py took 1.126 seconds
[2021-10-29 00:33:27,075] {processor.py:163} INFO - Started process (PID=1717) to work on /home/airflow/.local/lib/python3.6/site-packages/airflow/example_dags/example_xcom.py
[2021-10-29 00:33:27,124] {processor.py:620} INFO - Processing file /home/airflow/.local/lib/python3.6/site-packages/airflow/example_dags/example_xcom.py for tasks to queue
[2021-10-29 00:33:27,129] {logging_mixin.py:109} INFO - [2021-10-29 00:33:27,129] {dagbag.py:500} INFO - Filling up the DagBag from /home/airflow/.local/lib/python3.6/site-packages/airflow/example_dags/example_xcom.py
[2021-10-29 00:33:28,121] {processor.py:632} INFO - DAG(s) dict_keys(['example_xcom']) retrieved from /home/airflow/.local/lib/python3.6/site-packages/airflow/example_dags/example_xcom.py
[2021-10-29 00:33:31,532] {logging_mixin.py:109} INFO - [2021-10-29 00:33:31,532] {dag.py:2389} INFO - Sync 1 DAGs
[2021-10-29 00:33:31,585] {logging_mixin.py:109} INFO - [2021-10-29 00:33:31,585] {dag.py:2914} INFO - Setting next_dagrun for example_xcom to 2021-01-01T00:00:00+00:00
[2021-10-29 00:33:31,628] {processor.py:171} INFO - Processing /home/airflow/.local/lib/python3.6/site-packages/airflow/example_dags/example_xcom.py took 4.720 seconds
[2021-10-29 00:34:02,576] {processor.py:163} INFO - Started process (PID=1776) to work on /home/airflow/.local/lib/python3.6/site-packages/airflow/example_dags/example_xcom.py
[2021-10-29 00:34:02,603] {processor.py:620} INFO - Processing file /home/airflow/.local/lib/python3.6/site-packages/airflow/example_dags/example_xcom.py for tasks to queue
[2021-10-29 00:34:02,604] {logging_mixin.py:109} INFO - [2021-10-29 00:34:02,604] {dagbag.py:500} INFO - Filling up the DagBag from /home/airflow/.local/lib/python3.6/site-packages/airflow/example_dags/example_xcom.py
[2021-10-29 00:34:02,733] {processor.py:632} INFO - DAG(s) dict_keys(['example_xcom']) retrieved from /home/airflow/.local/lib/python3.6/site-packages/airflow/example_dags/example_xcom.py
[2021-10-29 00:34:03,471] {logging_mixin.py:109} INFO - [2021-10-29 00:34:03,471] {dag.py:2389} INFO - Sync 1 DAGs
[2021-10-29 00:34:03,508] {logging_mixin.py:109} INFO - [2021-10-29 00:34:03,507] {dag.py:2914} INFO - Setting next_dagrun for example_xcom to 2021-01-01T00:00:00+00:00
[2021-10-29 00:34:03,573] {processor.py:171} INFO - Processing /home/airflow/.local/lib/python3.6/site-packages/airflow/example_dags/example_xcom.py took 1.000 seconds
[2021-10-29 00:34:33,772] {processor.py:163} INFO - Started process (PID=1830) to work on /home/airflow/.local/lib/python3.6/site-packages/airflow/example_dags/example_xcom.py
[2021-10-29 00:34:33,796] {processor.py:620} INFO - Processing file /home/airflow/.local/lib/python3.6/site-packages/airflow/example_dags/example_xcom.py for tasks to queue
[2021-10-29 00:34:33,798] {logging_mixin.py:109} INFO - [2021-10-29 00:34:33,798] {dagbag.py:500} INFO - Filling up the DagBag from /home/airflow/.local/lib/python3.6/site-packages/airflow/example_dags/example_xcom.py
[2021-10-29 00:34:33,873] {processor.py:632} INFO - DAG(s) dict_keys(['example_xcom']) retrieved from /home/airflow/.local/lib/python3.6/site-packages/airflow/example_dags/example_xcom.py
[2021-10-29 00:34:33,904] {logging_mixin.py:109} INFO - [2021-10-29 00:34:33,904] {dag.py:2389} INFO - Sync 1 DAGs
[2021-10-29 00:34:33,944] {logging_mixin.py:109} INFO - [2021-10-29 00:34:33,944] {dag.py:2914} INFO - Setting next_dagrun for example_xcom to 2021-01-01T00:00:00+00:00
[2021-10-29 00:34:33,964] {processor.py:171} INFO - Processing /home/airflow/.local/lib/python3.6/site-packages/airflow/example_dags/example_xcom.py took 0.195 seconds
[2021-10-29 00:35:04,689] {processor.py:163} INFO - Started process (PID=1884) to work on /home/airflow/.local/lib/python3.6/site-packages/airflow/example_dags/example_xcom.py
[2021-10-29 00:35:04,692] {processor.py:620} INFO - Processing file /home/airflow/.local/lib/python3.6/site-packages/airflow/example_dags/example_xcom.py for tasks to queue
[2021-10-29 00:35:04,695] {logging_mixin.py:109} INFO - [2021-10-29 00:35:04,694] {dagbag.py:500} INFO - Filling up the DagBag from /home/airflow/.local/lib/python3.6/site-packages/airflow/example_dags/example_xcom.py
[2021-10-29 00:35:04,734] {processor.py:632} INFO - DAG(s) dict_keys(['example_xcom']) retrieved from /home/airflow/.local/lib/python3.6/site-packages/airflow/example_dags/example_xcom.py
[2021-10-29 00:35:04,954] {logging_mixin.py:109} INFO - [2021-10-29 00:35:04,954] {dag.py:2389} INFO - Sync 1 DAGs
[2021-10-29 00:35:04,968] {logging_mixin.py:109} INFO - [2021-10-29 00:35:04,968] {dag.py:2914} INFO - Setting next_dagrun for example_xcom to 2021-01-01T00:00:00+00:00
[2021-10-29 00:35:04,981] {processor.py:171} INFO - Processing /home/airflow/.local/lib/python3.6/site-packages/airflow/example_dags/example_xcom.py took 0.295 seconds
[2021-10-29 00:35:35,494] {processor.py:163} INFO - Started process (PID=1937) to work on /home/airflow/.local/lib/python3.6/site-packages/airflow/example_dags/example_xcom.py
[2021-10-29 00:35:35,499] {processor.py:620} INFO - Processing file /home/airflow/.local/lib/python3.6/site-packages/airflow/example_dags/example_xcom.py for tasks to queue
[2021-10-29 00:35:35,503] {logging_mixin.py:109} INFO - [2021-10-29 00:35:35,503] {dagbag.py:500} INFO - Filling up the DagBag from /home/airflow/.local/lib/python3.6/site-packages/airflow/example_dags/example_xcom.py
[2021-10-29 00:35:35,840] {processor.py:632} INFO - DAG(s) dict_keys(['example_xcom']) retrieved from /home/airflow/.local/lib/python3.6/site-packages/airflow/example_dags/example_xcom.py
[2021-10-29 00:35:37,289] {logging_mixin.py:109} INFO - [2021-10-29 00:35:37,289] {dag.py:2389} INFO - Sync 1 DAGs
[2021-10-29 00:35:37,335] {logging_mixin.py:109} INFO - [2021-10-29 00:35:37,335] {dag.py:2914} INFO - Setting next_dagrun for example_xcom to 2021-01-01T00:00:00+00:00
[2021-10-29 00:35:37,364] {processor.py:171} INFO - Processing /home/airflow/.local/lib/python3.6/site-packages/airflow/example_dags/example_xcom.py took 1.873 seconds
[2021-10-29 00:38:34,061] {processor.py:163} INFO - Started process (PID=97) to work on /home/airflow/.local/lib/python3.6/site-packages/airflow/example_dags/example_xcom.py
[2021-10-29 00:38:34,154] {processor.py:620} INFO - Processing file /home/airflow/.local/lib/python3.6/site-packages/airflow/example_dags/example_xcom.py for tasks to queue
[2021-10-29 00:38:34,155] {logging_mixin.py:109} INFO - [2021-10-29 00:38:34,155] {dagbag.py:500} INFO - Filling up the DagBag from /home/airflow/.local/lib/python3.6/site-packages/airflow/example_dags/example_xcom.py
[2021-10-29 00:38:34,799] {processor.py:632} INFO - DAG(s) dict_keys(['example_xcom']) retrieved from /home/airflow/.local/lib/python3.6/site-packages/airflow/example_dags/example_xcom.py
[2021-10-29 00:38:37,942] {logging_mixin.py:109} INFO - [2021-10-29 00:38:37,942] {dag.py:2389} INFO - Sync 1 DAGs
[2021-10-29 00:38:38,042] {logging_mixin.py:109} INFO - [2021-10-29 00:38:38,041] {dag.py:2914} INFO - Setting next_dagrun for example_xcom to 2021-01-01T00:00:00+00:00
[2021-10-29 00:38:38,180] {processor.py:171} INFO - Processing /home/airflow/.local/lib/python3.6/site-packages/airflow/example_dags/example_xcom.py took 4.123 seconds
[2021-10-29 00:39:12,246] {processor.py:163} INFO - Started process (PID=150) to work on /home/airflow/.local/lib/python3.6/site-packages/airflow/example_dags/example_xcom.py
[2021-10-29 00:39:12,339] {processor.py:620} INFO - Processing file /home/airflow/.local/lib/python3.6/site-packages/airflow/example_dags/example_xcom.py for tasks to queue
[2021-10-29 00:39:12,390] {logging_mixin.py:109} INFO - [2021-10-29 00:39:12,390] {dagbag.py:500} INFO - Filling up the DagBag from /home/airflow/.local/lib/python3.6/site-packages/airflow/example_dags/example_xcom.py
[2021-10-29 00:39:12,831] {processor.py:632} INFO - DAG(s) dict_keys(['example_xcom']) retrieved from /home/airflow/.local/lib/python3.6/site-packages/airflow/example_dags/example_xcom.py
[2021-10-29 00:39:17,471] {logging_mixin.py:109} INFO - [2021-10-29 00:39:17,459] {dag.py:2389} INFO - Sync 1 DAGs
[2021-10-29 00:39:17,718] {logging_mixin.py:109} INFO - [2021-10-29 00:39:17,714] {dag.py:2914} INFO - Setting next_dagrun for example_xcom to 2021-01-01T00:00:00+00:00
[2021-10-29 00:39:18,063] {processor.py:171} INFO - Processing /home/airflow/.local/lib/python3.6/site-packages/airflow/example_dags/example_xcom.py took 5.820 seconds
[2021-10-29 00:39:48,607] {processor.py:163} INFO - Started process (PID=207) to work on /home/airflow/.local/lib/python3.6/site-packages/airflow/example_dags/example_xcom.py
[2021-10-29 00:39:48,625] {processor.py:620} INFO - Processing file /home/airflow/.local/lib/python3.6/site-packages/airflow/example_dags/example_xcom.py for tasks to queue
[2021-10-29 00:39:48,627] {logging_mixin.py:109} INFO - [2021-10-29 00:39:48,627] {dagbag.py:500} INFO - Filling up the DagBag from /home/airflow/.local/lib/python3.6/site-packages/airflow/example_dags/example_xcom.py
[2021-10-29 00:39:48,751] {processor.py:632} INFO - DAG(s) dict_keys(['example_xcom']) retrieved from /home/airflow/.local/lib/python3.6/site-packages/airflow/example_dags/example_xcom.py
[2021-10-29 00:39:50,122] {logging_mixin.py:109} INFO - [2021-10-29 00:39:50,122] {dag.py:2389} INFO - Sync 1 DAGs
[2021-10-29 00:39:50,187] {logging_mixin.py:109} INFO - [2021-10-29 00:39:50,187] {dag.py:2914} INFO - Setting next_dagrun for example_xcom to 2021-01-01T00:00:00+00:00
[2021-10-29 00:39:50,272] {processor.py:171} INFO - Processing /home/airflow/.local/lib/python3.6/site-packages/airflow/example_dags/example_xcom.py took 1.668 seconds
[2021-10-29 00:40:20,565] {processor.py:163} INFO - Started process (PID=252) to work on /home/airflow/.local/lib/python3.6/site-packages/airflow/example_dags/example_xcom.py
[2021-10-29 00:40:20,583] {processor.py:620} INFO - Processing file /home/airflow/.local/lib/python3.6/site-packages/airflow/example_dags/example_xcom.py for tasks to queue
[2021-10-29 00:40:20,583] {logging_mixin.py:109} INFO - [2021-10-29 00:40:20,583] {dagbag.py:500} INFO - Filling up the DagBag from /home/airflow/.local/lib/python3.6/site-packages/airflow/example_dags/example_xcom.py
[2021-10-29 00:40:21,502] {processor.py:632} INFO - DAG(s) dict_keys(['example_xcom']) retrieved from /home/airflow/.local/lib/python3.6/site-packages/airflow/example_dags/example_xcom.py
[2021-10-29 00:40:26,273] {logging_mixin.py:109} INFO - [2021-10-29 00:40:26,273] {dag.py:2389} INFO - Sync 1 DAGs
[2021-10-29 00:40:26,751] {logging_mixin.py:109} INFO - [2021-10-29 00:40:26,751] {dag.py:2914} INFO - Setting next_dagrun for example_xcom to 2021-01-01T00:00:00+00:00
[2021-10-29 00:40:27,235] {processor.py:171} INFO - Processing /home/airflow/.local/lib/python3.6/site-packages/airflow/example_dags/example_xcom.py took 6.774 seconds
[2021-10-29 00:40:57,850] {processor.py:163} INFO - Started process (PID=307) to work on /home/airflow/.local/lib/python3.6/site-packages/airflow/example_dags/example_xcom.py
[2021-10-29 00:40:57,858] {processor.py:620} INFO - Processing file /home/airflow/.local/lib/python3.6/site-packages/airflow/example_dags/example_xcom.py for tasks to queue
[2021-10-29 00:40:57,860] {logging_mixin.py:109} INFO - [2021-10-29 00:40:57,860] {dagbag.py:500} INFO - Filling up the DagBag from /home/airflow/.local/lib/python3.6/site-packages/airflow/example_dags/example_xcom.py
[2021-10-29 00:40:57,922] {processor.py:632} INFO - DAG(s) dict_keys(['example_xcom']) retrieved from /home/airflow/.local/lib/python3.6/site-packages/airflow/example_dags/example_xcom.py
[2021-10-29 00:40:58,310] {logging_mixin.py:109} INFO - [2021-10-29 00:40:58,310] {dag.py:2389} INFO - Sync 1 DAGs
[2021-10-29 00:40:58,341] {logging_mixin.py:109} INFO - [2021-10-29 00:40:58,341] {dag.py:2914} INFO - Setting next_dagrun for example_xcom to 2021-01-01T00:00:00+00:00
[2021-10-29 00:40:58,360] {processor.py:171} INFO - Processing /home/airflow/.local/lib/python3.6/site-packages/airflow/example_dags/example_xcom.py took 0.513 seconds
[2021-10-29 00:41:29,201] {processor.py:163} INFO - Started process (PID=362) to work on /home/airflow/.local/lib/python3.6/site-packages/airflow/example_dags/example_xcom.py
[2021-10-29 00:41:29,288] {processor.py:620} INFO - Processing file /home/airflow/.local/lib/python3.6/site-packages/airflow/example_dags/example_xcom.py for tasks to queue
[2021-10-29 00:41:29,289] {logging_mixin.py:109} INFO - [2021-10-29 00:41:29,289] {dagbag.py:500} INFO - Filling up the DagBag from /home/airflow/.local/lib/python3.6/site-packages/airflow/example_dags/example_xcom.py
[2021-10-29 00:41:29,734] {processor.py:632} INFO - DAG(s) dict_keys(['example_xcom']) retrieved from /home/airflow/.local/lib/python3.6/site-packages/airflow/example_dags/example_xcom.py
[2021-10-29 00:41:31,496] {logging_mixin.py:109} INFO - [2021-10-29 00:41:31,496] {dag.py:2389} INFO - Sync 1 DAGs
[2021-10-29 00:41:31,551] {logging_mixin.py:109} INFO - [2021-10-29 00:41:31,551] {dag.py:2914} INFO - Setting next_dagrun for example_xcom to 2021-01-01T00:00:00+00:00
[2021-10-29 00:41:31,605] {processor.py:171} INFO - Processing /home/airflow/.local/lib/python3.6/site-packages/airflow/example_dags/example_xcom.py took 2.407 seconds
[2021-10-29 00:42:02,263] {processor.py:163} INFO - Started process (PID=416) to work on /home/airflow/.local/lib/python3.6/site-packages/airflow/example_dags/example_xcom.py
[2021-10-29 00:42:02,317] {processor.py:620} INFO - Processing file /home/airflow/.local/lib/python3.6/site-packages/airflow/example_dags/example_xcom.py for tasks to queue
[2021-10-29 00:42:02,323] {logging_mixin.py:109} INFO - [2021-10-29 00:42:02,323] {dagbag.py:500} INFO - Filling up the DagBag from /home/airflow/.local/lib/python3.6/site-packages/airflow/example_dags/example_xcom.py
[2021-10-29 00:42:02,621] {processor.py:632} INFO - DAG(s) dict_keys(['example_xcom']) retrieved from /home/airflow/.local/lib/python3.6/site-packages/airflow/example_dags/example_xcom.py
[2021-10-29 00:42:04,880] {logging_mixin.py:109} INFO - [2021-10-29 00:42:04,880] {dag.py:2389} INFO - Sync 1 DAGs
[2021-10-29 00:42:05,017] {logging_mixin.py:109} INFO - [2021-10-29 00:42:05,017] {dag.py:2914} INFO - Setting next_dagrun for example_xcom to 2021-01-01T00:00:00+00:00
[2021-10-29 00:42:05,070] {processor.py:171} INFO - Processing /home/airflow/.local/lib/python3.6/site-packages/airflow/example_dags/example_xcom.py took 2.810 seconds
[2021-10-29 00:42:35,223] {processor.py:163} INFO - Started process (PID=461) to work on /home/airflow/.local/lib/python3.6/site-packages/airflow/example_dags/example_xcom.py
[2021-10-29 00:42:35,228] {processor.py:620} INFO - Processing file /home/airflow/.local/lib/python3.6/site-packages/airflow/example_dags/example_xcom.py for tasks to queue
[2021-10-29 00:42:35,229] {logging_mixin.py:109} INFO - [2021-10-29 00:42:35,229] {dagbag.py:500} INFO - Filling up the DagBag from /home/airflow/.local/lib/python3.6/site-packages/airflow/example_dags/example_xcom.py
[2021-10-29 00:42:35,636] {processor.py:632} INFO - DAG(s) dict_keys(['example_xcom']) retrieved from /home/airflow/.local/lib/python3.6/site-packages/airflow/example_dags/example_xcom.py
[2021-10-29 00:42:37,452] {logging_mixin.py:109} INFO - [2021-10-29 00:42:37,452] {dag.py:2389} INFO - Sync 1 DAGs
[2021-10-29 00:42:37,519] {logging_mixin.py:109} INFO - [2021-10-29 00:42:37,519] {dag.py:2914} INFO - Setting next_dagrun for example_xcom to 2021-01-01T00:00:00+00:00
[2021-10-29 00:42:37,554] {processor.py:171} INFO - Processing /home/airflow/.local/lib/python3.6/site-packages/airflow/example_dags/example_xcom.py took 2.340 seconds
[2021-10-29 00:43:08,509] {processor.py:163} INFO - Started process (PID=515) to work on /home/airflow/.local/lib/python3.6/site-packages/airflow/example_dags/example_xcom.py
[2021-10-29 00:43:08,515] {processor.py:620} INFO - Processing file /home/airflow/.local/lib/python3.6/site-packages/airflow/example_dags/example_xcom.py for tasks to queue
[2021-10-29 00:43:08,515] {logging_mixin.py:109} INFO - [2021-10-29 00:43:08,515] {dagbag.py:500} INFO - Filling up the DagBag from /home/airflow/.local/lib/python3.6/site-packages/airflow/example_dags/example_xcom.py
[2021-10-29 00:43:09,467] {processor.py:632} INFO - DAG(s) dict_keys(['example_xcom']) retrieved from /home/airflow/.local/lib/python3.6/site-packages/airflow/example_dags/example_xcom.py
[2021-10-29 00:43:13,461] {logging_mixin.py:109} INFO - [2021-10-29 00:43:13,461] {dag.py:2389} INFO - Sync 1 DAGs
[2021-10-29 00:43:13,696] {logging_mixin.py:109} INFO - [2021-10-29 00:43:13,696] {dag.py:2914} INFO - Setting next_dagrun for example_xcom to 2021-01-01T00:00:00+00:00
[2021-10-29 00:43:13,806] {processor.py:171} INFO - Processing /home/airflow/.local/lib/python3.6/site-packages/airflow/example_dags/example_xcom.py took 5.439 seconds
[2021-10-29 00:43:43,896] {processor.py:163} INFO - Started process (PID=568) to work on /home/airflow/.local/lib/python3.6/site-packages/airflow/example_dags/example_xcom.py
[2021-10-29 00:43:43,901] {processor.py:620} INFO - Processing file /home/airflow/.local/lib/python3.6/site-packages/airflow/example_dags/example_xcom.py for tasks to queue
[2021-10-29 00:43:43,931] {logging_mixin.py:109} INFO - [2021-10-29 00:43:43,931] {dagbag.py:500} INFO - Filling up the DagBag from /home/airflow/.local/lib/python3.6/site-packages/airflow/example_dags/example_xcom.py
[2021-10-29 00:43:44,138] {processor.py:632} INFO - DAG(s) dict_keys(['example_xcom']) retrieved from /home/airflow/.local/lib/python3.6/site-packages/airflow/example_dags/example_xcom.py
[2021-10-29 00:43:44,737] {logging_mixin.py:109} INFO - [2021-10-29 00:43:44,737] {dag.py:2389} INFO - Sync 1 DAGs
[2021-10-29 00:43:44,769] {logging_mixin.py:109} INFO - [2021-10-29 00:43:44,769] {dag.py:2914} INFO - Setting next_dagrun for example_xcom to 2021-01-01T00:00:00+00:00
[2021-10-29 00:43:44,799] {processor.py:171} INFO - Processing /home/airflow/.local/lib/python3.6/site-packages/airflow/example_dags/example_xcom.py took 0.943 seconds
[2021-10-29 00:44:14,874] {processor.py:163} INFO - Started process (PID=612) to work on /home/airflow/.local/lib/python3.6/site-packages/airflow/example_dags/example_xcom.py
[2021-10-29 00:44:14,881] {processor.py:620} INFO - Processing file /home/airflow/.local/lib/python3.6/site-packages/airflow/example_dags/example_xcom.py for tasks to queue
[2021-10-29 00:44:14,900] {logging_mixin.py:109} INFO - [2021-10-29 00:44:14,899] {dagbag.py:500} INFO - Filling up the DagBag from /home/airflow/.local/lib/python3.6/site-packages/airflow/example_dags/example_xcom.py
[2021-10-29 00:44:14,995] {processor.py:632} INFO - DAG(s) dict_keys(['example_xcom']) retrieved from /home/airflow/.local/lib/python3.6/site-packages/airflow/example_dags/example_xcom.py
[2021-10-29 00:44:16,232] {logging_mixin.py:109} INFO - [2021-10-29 00:44:16,232] {dag.py:2389} INFO - Sync 1 DAGs
[2021-10-29 00:44:16,366] {logging_mixin.py:109} INFO - [2021-10-29 00:44:16,366] {dag.py:2914} INFO - Setting next_dagrun for example_xcom to 2021-01-01T00:00:00+00:00
[2021-10-29 00:44:16,571] {processor.py:171} INFO - Processing /home/airflow/.local/lib/python3.6/site-packages/airflow/example_dags/example_xcom.py took 1.699 seconds
[2021-10-29 00:44:47,211] {processor.py:163} INFO - Started process (PID=666) to work on /home/airflow/.local/lib/python3.6/site-packages/airflow/example_dags/example_xcom.py
[2021-10-29 00:44:47,224] {processor.py:620} INFO - Processing file /home/airflow/.local/lib/python3.6/site-packages/airflow/example_dags/example_xcom.py for tasks to queue
[2021-10-29 00:44:47,225] {logging_mixin.py:109} INFO - [2021-10-29 00:44:47,225] {dagbag.py:500} INFO - Filling up the DagBag from /home/airflow/.local/lib/python3.6/site-packages/airflow/example_dags/example_xcom.py
[2021-10-29 00:44:47,409] {processor.py:632} INFO - DAG(s) dict_keys(['example_xcom']) retrieved from /home/airflow/.local/lib/python3.6/site-packages/airflow/example_dags/example_xcom.py
[2021-10-29 00:44:49,139] {logging_mixin.py:109} INFO - [2021-10-29 00:44:49,139] {dag.py:2389} INFO - Sync 1 DAGs
[2021-10-29 00:44:49,191] {logging_mixin.py:109} INFO - [2021-10-29 00:44:49,191] {dag.py:2914} INFO - Setting next_dagrun for example_xcom to 2021-01-01T00:00:00+00:00
[2021-10-29 00:44:49,253] {processor.py:171} INFO - Processing /home/airflow/.local/lib/python3.6/site-packages/airflow/example_dags/example_xcom.py took 2.074 seconds
[2021-10-29 00:45:19,799] {processor.py:163} INFO - Started process (PID=720) to work on /home/airflow/.local/lib/python3.6/site-packages/airflow/example_dags/example_xcom.py
[2021-10-29 00:45:19,826] {processor.py:620} INFO - Processing file /home/airflow/.local/lib/python3.6/site-packages/airflow/example_dags/example_xcom.py for tasks to queue
[2021-10-29 00:45:19,827] {logging_mixin.py:109} INFO - [2021-10-29 00:45:19,827] {dagbag.py:500} INFO - Filling up the DagBag from /home/airflow/.local/lib/python3.6/site-packages/airflow/example_dags/example_xcom.py
[2021-10-29 00:45:20,086] {processor.py:632} INFO - DAG(s) dict_keys(['example_xcom']) retrieved from /home/airflow/.local/lib/python3.6/site-packages/airflow/example_dags/example_xcom.py
[2021-10-29 00:45:21,398] {logging_mixin.py:109} INFO - [2021-10-29 00:45:21,398] {dag.py:2389} INFO - Sync 1 DAGs
[2021-10-29 00:45:21,491] {logging_mixin.py:109} INFO - [2021-10-29 00:45:21,490] {dag.py:2914} INFO - Setting next_dagrun for example_xcom to 2021-01-01T00:00:00+00:00
[2021-10-29 00:45:21,544] {processor.py:171} INFO - Processing /home/airflow/.local/lib/python3.6/site-packages/airflow/example_dags/example_xcom.py took 1.748 seconds
[2021-10-29 00:45:52,071] {processor.py:163} INFO - Started process (PID=783) to work on /home/airflow/.local/lib/python3.6/site-packages/airflow/example_dags/example_xcom.py
[2021-10-29 00:45:52,078] {processor.py:620} INFO - Processing file /home/airflow/.local/lib/python3.6/site-packages/airflow/example_dags/example_xcom.py for tasks to queue
[2021-10-29 00:45:52,087] {logging_mixin.py:109} INFO - [2021-10-29 00:45:52,087] {dagbag.py:500} INFO - Filling up the DagBag from /home/airflow/.local/lib/python3.6/site-packages/airflow/example_dags/example_xcom.py
[2021-10-29 00:45:52,269] {processor.py:632} INFO - DAG(s) dict_keys(['example_xcom']) retrieved from /home/airflow/.local/lib/python3.6/site-packages/airflow/example_dags/example_xcom.py
[2021-10-29 00:45:52,881] {logging_mixin.py:109} INFO - [2021-10-29 00:45:52,881] {dag.py:2389} INFO - Sync 1 DAGs
[2021-10-29 00:45:52,912] {logging_mixin.py:109} INFO - [2021-10-29 00:45:52,911] {dag.py:2914} INFO - Setting next_dagrun for example_xcom to 2021-01-01T00:00:00+00:00
[2021-10-29 00:45:52,938] {processor.py:171} INFO - Processing /home/airflow/.local/lib/python3.6/site-packages/airflow/example_dags/example_xcom.py took 0.888 seconds
[2021-10-29 00:46:23,602] {processor.py:163} INFO - Started process (PID=838) to work on /home/airflow/.local/lib/python3.6/site-packages/airflow/example_dags/example_xcom.py
[2021-10-29 00:46:23,628] {processor.py:620} INFO - Processing file /home/airflow/.local/lib/python3.6/site-packages/airflow/example_dags/example_xcom.py for tasks to queue
[2021-10-29 00:46:23,630] {logging_mixin.py:109} INFO - [2021-10-29 00:46:23,630] {dagbag.py:500} INFO - Filling up the DagBag from /home/airflow/.local/lib/python3.6/site-packages/airflow/example_dags/example_xcom.py
[2021-10-29 00:46:23,717] {processor.py:632} INFO - DAG(s) dict_keys(['example_xcom']) retrieved from /home/airflow/.local/lib/python3.6/site-packages/airflow/example_dags/example_xcom.py
[2021-10-29 00:46:24,230] {logging_mixin.py:109} INFO - [2021-10-29 00:46:24,230] {dag.py:2389} INFO - Sync 1 DAGs
[2021-10-29 00:46:24,302] {logging_mixin.py:109} INFO - [2021-10-29 00:46:24,302] {dag.py:2914} INFO - Setting next_dagrun for example_xcom to 2021-01-01T00:00:00+00:00
[2021-10-29 00:46:24,331] {processor.py:171} INFO - Processing /home/airflow/.local/lib/python3.6/site-packages/airflow/example_dags/example_xcom.py took 0.733 seconds
[2021-10-29 00:46:55,120] {processor.py:163} INFO - Started process (PID=893) to work on /home/airflow/.local/lib/python3.6/site-packages/airflow/example_dags/example_xcom.py
[2021-10-29 00:46:55,145] {processor.py:620} INFO - Processing file /home/airflow/.local/lib/python3.6/site-packages/airflow/example_dags/example_xcom.py for tasks to queue
[2021-10-29 00:46:55,146] {logging_mixin.py:109} INFO - [2021-10-29 00:46:55,145] {dagbag.py:500} INFO - Filling up the DagBag from /home/airflow/.local/lib/python3.6/site-packages/airflow/example_dags/example_xcom.py
[2021-10-29 00:46:55,233] {processor.py:632} INFO - DAG(s) dict_keys(['example_xcom']) retrieved from /home/airflow/.local/lib/python3.6/site-packages/airflow/example_dags/example_xcom.py
[2021-10-29 00:46:55,963] {logging_mixin.py:109} INFO - [2021-10-29 00:46:55,963] {dag.py:2389} INFO - Sync 1 DAGs
[2021-10-29 00:46:55,991] {logging_mixin.py:109} INFO - [2021-10-29 00:46:55,991] {dag.py:2914} INFO - Setting next_dagrun for example_xcom to 2021-01-01T00:00:00+00:00
[2021-10-29 00:46:56,016] {processor.py:171} INFO - Processing /home/airflow/.local/lib/python3.6/site-packages/airflow/example_dags/example_xcom.py took 0.901 seconds
[2021-10-29 00:47:26,293] {processor.py:163} INFO - Started process (PID=947) to work on /home/airflow/.local/lib/python3.6/site-packages/airflow/example_dags/example_xcom.py
[2021-10-29 00:47:26,308] {processor.py:620} INFO - Processing file /home/airflow/.local/lib/python3.6/site-packages/airflow/example_dags/example_xcom.py for tasks to queue
[2021-10-29 00:47:26,310] {logging_mixin.py:109} INFO - [2021-10-29 00:47:26,310] {dagbag.py:500} INFO - Filling up the DagBag from /home/airflow/.local/lib/python3.6/site-packages/airflow/example_dags/example_xcom.py
[2021-10-29 00:47:26,490] {processor.py:632} INFO - DAG(s) dict_keys(['example_xcom']) retrieved from /home/airflow/.local/lib/python3.6/site-packages/airflow/example_dags/example_xcom.py
[2021-10-29 00:47:27,929] {logging_mixin.py:109} INFO - [2021-10-29 00:47:27,929] {dag.py:2389} INFO - Sync 1 DAGs
[2021-10-29 00:47:27,971] {logging_mixin.py:109} INFO - [2021-10-29 00:47:27,971] {dag.py:2914} INFO - Setting next_dagrun for example_xcom to 2021-01-01T00:00:00+00:00
[2021-10-29 00:47:27,999] {processor.py:171} INFO - Processing /home/airflow/.local/lib/python3.6/site-packages/airflow/example_dags/example_xcom.py took 1.709 seconds
[2021-10-29 00:47:58,588] {processor.py:163} INFO - Started process (PID=1001) to work on /home/airflow/.local/lib/python3.6/site-packages/airflow/example_dags/example_xcom.py
[2021-10-29 00:47:58,605] {processor.py:620} INFO - Processing file /home/airflow/.local/lib/python3.6/site-packages/airflow/example_dags/example_xcom.py for tasks to queue
[2021-10-29 00:47:58,607] {logging_mixin.py:109} INFO - [2021-10-29 00:47:58,607] {dagbag.py:500} INFO - Filling up the DagBag from /home/airflow/.local/lib/python3.6/site-packages/airflow/example_dags/example_xcom.py
[2021-10-29 00:47:58,668] {processor.py:632} INFO - DAG(s) dict_keys(['example_xcom']) retrieved from /home/airflow/.local/lib/python3.6/site-packages/airflow/example_dags/example_xcom.py
[2021-10-29 00:47:59,298] {logging_mixin.py:109} INFO - [2021-10-29 00:47:59,298] {dag.py:2389} INFO - Sync 1 DAGs
[2021-10-29 00:47:59,403] {logging_mixin.py:109} INFO - [2021-10-29 00:47:59,403] {dag.py:2914} INFO - Setting next_dagrun for example_xcom to 2021-01-01T00:00:00+00:00
[2021-10-29 00:47:59,499] {processor.py:171} INFO - Processing /home/airflow/.local/lib/python3.6/site-packages/airflow/example_dags/example_xcom.py took 0.913 seconds
[2021-10-29 00:48:30,008] {processor.py:163} INFO - Started process (PID=1049) to work on /home/airflow/.local/lib/python3.6/site-packages/airflow/example_dags/example_xcom.py
[2021-10-29 00:48:30,026] {processor.py:620} INFO - Processing file /home/airflow/.local/lib/python3.6/site-packages/airflow/example_dags/example_xcom.py for tasks to queue
[2021-10-29 00:48:30,027] {logging_mixin.py:109} INFO - [2021-10-29 00:48:30,027] {dagbag.py:500} INFO - Filling up the DagBag from /home/airflow/.local/lib/python3.6/site-packages/airflow/example_dags/example_xcom.py
[2021-10-29 00:48:30,084] {processor.py:632} INFO - DAG(s) dict_keys(['example_xcom']) retrieved from /home/airflow/.local/lib/python3.6/site-packages/airflow/example_dags/example_xcom.py
[2021-10-29 00:48:30,425] {logging_mixin.py:109} INFO - [2021-10-29 00:48:30,425] {dag.py:2389} INFO - Sync 1 DAGs
[2021-10-29 00:48:30,440] {logging_mixin.py:109} INFO - [2021-10-29 00:48:30,440] {dag.py:2914} INFO - Setting next_dagrun for example_xcom to 2021-01-01T00:00:00+00:00
[2021-10-29 00:48:30,453] {processor.py:171} INFO - Processing /home/airflow/.local/lib/python3.6/site-packages/airflow/example_dags/example_xcom.py took 0.449 seconds
[2021-10-29 00:49:01,045] {processor.py:163} INFO - Started process (PID=1106) to work on /home/airflow/.local/lib/python3.6/site-packages/airflow/example_dags/example_xcom.py
[2021-10-29 00:49:01,144] {processor.py:620} INFO - Processing file /home/airflow/.local/lib/python3.6/site-packages/airflow/example_dags/example_xcom.py for tasks to queue
[2021-10-29 00:49:01,145] {logging_mixin.py:109} INFO - [2021-10-29 00:49:01,145] {dagbag.py:500} INFO - Filling up the DagBag from /home/airflow/.local/lib/python3.6/site-packages/airflow/example_dags/example_xcom.py
[2021-10-29 00:49:01,430] {processor.py:632} INFO - DAG(s) dict_keys(['example_xcom']) retrieved from /home/airflow/.local/lib/python3.6/site-packages/airflow/example_dags/example_xcom.py
[2021-10-29 00:49:02,626] {logging_mixin.py:109} INFO - [2021-10-29 00:49:02,626] {dag.py:2389} INFO - Sync 1 DAGs
[2021-10-29 00:49:02,717] {logging_mixin.py:109} INFO - [2021-10-29 00:49:02,717] {dag.py:2914} INFO - Setting next_dagrun for example_xcom to 2021-01-01T00:00:00+00:00
[2021-10-29 00:49:02,804] {processor.py:171} INFO - Processing /home/airflow/.local/lib/python3.6/site-packages/airflow/example_dags/example_xcom.py took 1.761 seconds
[2021-10-29 00:49:32,928] {processor.py:163} INFO - Started process (PID=1161) to work on /home/airflow/.local/lib/python3.6/site-packages/airflow/example_dags/example_xcom.py
[2021-10-29 00:49:32,975] {processor.py:620} INFO - Processing file /home/airflow/.local/lib/python3.6/site-packages/airflow/example_dags/example_xcom.py for tasks to queue
[2021-10-29 00:49:32,976] {logging_mixin.py:109} INFO - [2021-10-29 00:49:32,976] {dagbag.py:500} INFO - Filling up the DagBag from /home/airflow/.local/lib/python3.6/site-packages/airflow/example_dags/example_xcom.py
[2021-10-29 00:49:33,308] {processor.py:632} INFO - DAG(s) dict_keys(['example_xcom']) retrieved from /home/airflow/.local/lib/python3.6/site-packages/airflow/example_dags/example_xcom.py
[2021-10-29 00:49:34,202] {logging_mixin.py:109} INFO - [2021-10-29 00:49:34,202] {dag.py:2389} INFO - Sync 1 DAGs
[2021-10-29 00:49:34,293] {logging_mixin.py:109} INFO - [2021-10-29 00:49:34,293] {dag.py:2914} INFO - Setting next_dagrun for example_xcom to 2021-01-01T00:00:00+00:00
[2021-10-29 00:49:34,375] {processor.py:171} INFO - Processing /home/airflow/.local/lib/python3.6/site-packages/airflow/example_dags/example_xcom.py took 1.450 seconds
[2021-10-29 00:50:04,621] {processor.py:163} INFO - Started process (PID=1215) to work on /home/airflow/.local/lib/python3.6/site-packages/airflow/example_dags/example_xcom.py
[2021-10-29 00:50:04,623] {processor.py:620} INFO - Processing file /home/airflow/.local/lib/python3.6/site-packages/airflow/example_dags/example_xcom.py for tasks to queue
[2021-10-29 00:50:04,623] {logging_mixin.py:109} INFO - [2021-10-29 00:50:04,623] {dagbag.py:500} INFO - Filling up the DagBag from /home/airflow/.local/lib/python3.6/site-packages/airflow/example_dags/example_xcom.py
[2021-10-29 00:50:04,749] {processor.py:632} INFO - DAG(s) dict_keys(['example_xcom']) retrieved from /home/airflow/.local/lib/python3.6/site-packages/airflow/example_dags/example_xcom.py
[2021-10-29 00:50:05,157] {logging_mixin.py:109} INFO - [2021-10-29 00:50:05,157] {dag.py:2389} INFO - Sync 1 DAGs
[2021-10-29 00:50:05,180] {logging_mixin.py:109} INFO - [2021-10-29 00:50:05,180] {dag.py:2914} INFO - Setting next_dagrun for example_xcom to 2021-01-01T00:00:00+00:00
[2021-10-29 00:50:05,204] {processor.py:171} INFO - Processing /home/airflow/.local/lib/python3.6/site-packages/airflow/example_dags/example_xcom.py took 0.600 seconds
[2021-10-29 00:50:36,178] {processor.py:163} INFO - Started process (PID=1270) to work on /home/airflow/.local/lib/python3.6/site-packages/airflow/example_dags/example_xcom.py
[2021-10-29 00:50:36,185] {processor.py:620} INFO - Processing file /home/airflow/.local/lib/python3.6/site-packages/airflow/example_dags/example_xcom.py for tasks to queue
[2021-10-29 00:50:36,186] {logging_mixin.py:109} INFO - [2021-10-29 00:50:36,186] {dagbag.py:500} INFO - Filling up the DagBag from /home/airflow/.local/lib/python3.6/site-packages/airflow/example_dags/example_xcom.py
[2021-10-29 00:50:36,249] {processor.py:632} INFO - DAG(s) dict_keys(['example_xcom']) retrieved from /home/airflow/.local/lib/python3.6/site-packages/airflow/example_dags/example_xcom.py
[2021-10-29 00:50:36,636] {logging_mixin.py:109} INFO - [2021-10-29 00:50:36,635] {dag.py:2389} INFO - Sync 1 DAGs
[2021-10-29 00:50:36,666] {logging_mixin.py:109} INFO - [2021-10-29 00:50:36,666] {dag.py:2914} INFO - Setting next_dagrun for example_xcom to 2021-01-01T00:00:00+00:00
[2021-10-29 00:50:36,689] {processor.py:171} INFO - Processing /home/airflow/.local/lib/python3.6/site-packages/airflow/example_dags/example_xcom.py took 0.514 seconds
[2021-10-29 00:51:07,470] {processor.py:163} INFO - Started process (PID=1323) to work on /home/airflow/.local/lib/python3.6/site-packages/airflow/example_dags/example_xcom.py
[2021-10-29 00:51:07,480] {processor.py:620} INFO - Processing file /home/airflow/.local/lib/python3.6/site-packages/airflow/example_dags/example_xcom.py for tasks to queue
[2021-10-29 00:51:07,497] {logging_mixin.py:109} INFO - [2021-10-29 00:51:07,497] {dagbag.py:500} INFO - Filling up the DagBag from /home/airflow/.local/lib/python3.6/site-packages/airflow/example_dags/example_xcom.py
[2021-10-29 00:51:07,698] {processor.py:632} INFO - DAG(s) dict_keys(['example_xcom']) retrieved from /home/airflow/.local/lib/python3.6/site-packages/airflow/example_dags/example_xcom.py
[2021-10-29 00:51:08,572] {logging_mixin.py:109} INFO - [2021-10-29 00:51:08,572] {dag.py:2389} INFO - Sync 1 DAGs
[2021-10-29 00:51:08,615] {logging_mixin.py:109} INFO - [2021-10-29 00:51:08,615] {dag.py:2914} INFO - Setting next_dagrun for example_xcom to 2021-01-01T00:00:00+00:00
[2021-10-29 00:51:08,636] {processor.py:171} INFO - Processing /home/airflow/.local/lib/python3.6/site-packages/airflow/example_dags/example_xcom.py took 1.207 seconds
[2021-10-29 00:51:38,783] {processor.py:163} INFO - Started process (PID=1377) to work on /home/airflow/.local/lib/python3.6/site-packages/airflow/example_dags/example_xcom.py
[2021-10-29 00:51:38,827] {processor.py:620} INFO - Processing file /home/airflow/.local/lib/python3.6/site-packages/airflow/example_dags/example_xcom.py for tasks to queue
[2021-10-29 00:51:38,828] {logging_mixin.py:109} INFO - [2021-10-29 00:51:38,828] {dagbag.py:500} INFO - Filling up the DagBag from /home/airflow/.local/lib/python3.6/site-packages/airflow/example_dags/example_xcom.py
[2021-10-29 00:51:39,023] {processor.py:632} INFO - DAG(s) dict_keys(['example_xcom']) retrieved from /home/airflow/.local/lib/python3.6/site-packages/airflow/example_dags/example_xcom.py
[2021-10-29 00:51:39,529] {logging_mixin.py:109} INFO - [2021-10-29 00:51:39,529] {dag.py:2389} INFO - Sync 1 DAGs
[2021-10-29 00:51:39,562] {logging_mixin.py:109} INFO - [2021-10-29 00:51:39,562] {dag.py:2914} INFO - Setting next_dagrun for example_xcom to 2021-01-01T00:00:00+00:00
[2021-10-29 00:51:39,584] {processor.py:171} INFO - Processing /home/airflow/.local/lib/python3.6/site-packages/airflow/example_dags/example_xcom.py took 0.804 seconds
[2021-10-29 00:52:09,857] {processor.py:163} INFO - Started process (PID=1431) to work on /home/airflow/.local/lib/python3.6/site-packages/airflow/example_dags/example_xcom.py
[2021-10-29 00:52:09,868] {processor.py:620} INFO - Processing file /home/airflow/.local/lib/python3.6/site-packages/airflow/example_dags/example_xcom.py for tasks to queue
[2021-10-29 00:52:09,869] {logging_mixin.py:109} INFO - [2021-10-29 00:52:09,869] {dagbag.py:500} INFO - Filling up the DagBag from /home/airflow/.local/lib/python3.6/site-packages/airflow/example_dags/example_xcom.py
[2021-10-29 00:52:10,012] {processor.py:632} INFO - DAG(s) dict_keys(['example_xcom']) retrieved from /home/airflow/.local/lib/python3.6/site-packages/airflow/example_dags/example_xcom.py
[2021-10-29 00:52:10,768] {logging_mixin.py:109} INFO - [2021-10-29 00:52:10,768] {dag.py:2389} INFO - Sync 1 DAGs
[2021-10-29 00:52:10,803] {logging_mixin.py:109} INFO - [2021-10-29 00:52:10,803] {dag.py:2914} INFO - Setting next_dagrun for example_xcom to 2021-01-01T00:00:00+00:00
[2021-10-29 00:52:10,832] {processor.py:171} INFO - Processing /home/airflow/.local/lib/python3.6/site-packages/airflow/example_dags/example_xcom.py took 0.977 seconds
[2021-10-29 00:52:40,973] {processor.py:163} INFO - Started process (PID=1483) to work on /home/airflow/.local/lib/python3.6/site-packages/airflow/example_dags/example_xcom.py
[2021-10-29 00:52:41,009] {processor.py:620} INFO - Processing file /home/airflow/.local/lib/python3.6/site-packages/airflow/example_dags/example_xcom.py for tasks to queue
[2021-10-29 00:52:41,030] {logging_mixin.py:109} INFO - [2021-10-29 00:52:41,030] {dagbag.py:500} INFO - Filling up the DagBag from /home/airflow/.local/lib/python3.6/site-packages/airflow/example_dags/example_xcom.py
[2021-10-29 00:52:41,112] {processor.py:632} INFO - DAG(s) dict_keys(['example_xcom']) retrieved from /home/airflow/.local/lib/python3.6/site-packages/airflow/example_dags/example_xcom.py
[2021-10-29 00:52:41,834] {logging_mixin.py:109} INFO - [2021-10-29 00:52:41,834] {dag.py:2389} INFO - Sync 1 DAGs
[2021-10-29 00:52:41,896] {logging_mixin.py:109} INFO - [2021-10-29 00:52:41,896] {dag.py:2914} INFO - Setting next_dagrun for example_xcom to 2021-01-01T00:00:00+00:00
[2021-10-29 00:52:41,936] {processor.py:171} INFO - Processing /home/airflow/.local/lib/python3.6/site-packages/airflow/example_dags/example_xcom.py took 0.966 seconds
[2021-10-29 00:53:12,589] {processor.py:163} INFO - Started process (PID=1537) to work on /home/airflow/.local/lib/python3.6/site-packages/airflow/example_dags/example_xcom.py
[2021-10-29 00:53:12,592] {processor.py:620} INFO - Processing file /home/airflow/.local/lib/python3.6/site-packages/airflow/example_dags/example_xcom.py for tasks to queue
[2021-10-29 00:53:12,592] {logging_mixin.py:109} INFO - [2021-10-29 00:53:12,592] {dagbag.py:500} INFO - Filling up the DagBag from /home/airflow/.local/lib/python3.6/site-packages/airflow/example_dags/example_xcom.py
[2021-10-29 00:53:12,705] {processor.py:632} INFO - DAG(s) dict_keys(['example_xcom']) retrieved from /home/airflow/.local/lib/python3.6/site-packages/airflow/example_dags/example_xcom.py
