[2021-10-29 00:17:59,811] {processor.py:163} INFO - Started process (PID=172) to work on /home/airflow/.local/lib/python3.6/site-packages/airflow/example_dags/example_dag_decorator.py
[2021-10-29 00:17:59,835] {processor.py:620} INFO - Processing file /home/airflow/.local/lib/python3.6/site-packages/airflow/example_dags/example_dag_decorator.py for tasks to queue
[2021-10-29 00:17:59,856] {logging_mixin.py:109} INFO - [2021-10-29 00:17:59,856] {dagbag.py:500} INFO - Filling up the DagBag from /home/airflow/.local/lib/python3.6/site-packages/airflow/example_dags/example_dag_decorator.py
[2021-10-29 00:18:00,132] {processor.py:632} INFO - DAG(s) dict_keys(['example_dag_decorator']) retrieved from /home/airflow/.local/lib/python3.6/site-packages/airflow/example_dags/example_dag_decorator.py
[2021-10-29 00:18:01,951] {logging_mixin.py:109} INFO - [2021-10-29 00:18:01,951] {dag.py:2389} INFO - Sync 1 DAGs
[2021-10-29 00:18:02,059] {logging_mixin.py:109} INFO - [2021-10-29 00:18:02,059] {dag.py:2914} INFO - Setting next_dagrun for example_dag_decorator to None
[2021-10-29 00:18:02,081] {processor.py:171} INFO - Processing /home/airflow/.local/lib/python3.6/site-packages/airflow/example_dags/example_dag_decorator.py took 2.274 seconds
[2021-10-29 00:18:33,093] {processor.py:163} INFO - Started process (PID=221) to work on /home/airflow/.local/lib/python3.6/site-packages/airflow/example_dags/example_dag_decorator.py
[2021-10-29 00:18:33,109] {processor.py:620} INFO - Processing file /home/airflow/.local/lib/python3.6/site-packages/airflow/example_dags/example_dag_decorator.py for tasks to queue
[2021-10-29 00:18:33,112] {logging_mixin.py:109} INFO - [2021-10-29 00:18:33,111] {dagbag.py:500} INFO - Filling up the DagBag from /home/airflow/.local/lib/python3.6/site-packages/airflow/example_dags/example_dag_decorator.py
[2021-10-29 00:18:33,169] {processor.py:632} INFO - DAG(s) dict_keys(['example_dag_decorator']) retrieved from /home/airflow/.local/lib/python3.6/site-packages/airflow/example_dags/example_dag_decorator.py
[2021-10-29 00:18:33,349] {logging_mixin.py:109} INFO - [2021-10-29 00:18:33,349] {dag.py:2389} INFO - Sync 1 DAGs
[2021-10-29 00:18:33,361] {logging_mixin.py:109} INFO - [2021-10-29 00:18:33,361] {dag.py:2914} INFO - Setting next_dagrun for example_dag_decorator to None
[2021-10-29 00:18:33,376] {processor.py:171} INFO - Processing /home/airflow/.local/lib/python3.6/site-packages/airflow/example_dags/example_dag_decorator.py took 0.286 seconds
[2021-10-29 00:19:04,354] {processor.py:163} INFO - Started process (PID=274) to work on /home/airflow/.local/lib/python3.6/site-packages/airflow/example_dags/example_dag_decorator.py
[2021-10-29 00:19:04,363] {processor.py:620} INFO - Processing file /home/airflow/.local/lib/python3.6/site-packages/airflow/example_dags/example_dag_decorator.py for tasks to queue
[2021-10-29 00:19:04,364] {logging_mixin.py:109} INFO - [2021-10-29 00:19:04,364] {dagbag.py:500} INFO - Filling up the DagBag from /home/airflow/.local/lib/python3.6/site-packages/airflow/example_dags/example_dag_decorator.py
[2021-10-29 00:19:04,436] {processor.py:632} INFO - DAG(s) dict_keys(['example_dag_decorator']) retrieved from /home/airflow/.local/lib/python3.6/site-packages/airflow/example_dags/example_dag_decorator.py
[2021-10-29 00:19:04,609] {logging_mixin.py:109} INFO - [2021-10-29 00:19:04,608] {dag.py:2389} INFO - Sync 1 DAGs
[2021-10-29 00:19:04,623] {logging_mixin.py:109} INFO - [2021-10-29 00:19:04,623] {dag.py:2914} INFO - Setting next_dagrun for example_dag_decorator to None
[2021-10-29 00:19:04,648] {processor.py:171} INFO - Processing /home/airflow/.local/lib/python3.6/site-packages/airflow/example_dags/example_dag_decorator.py took 0.303 seconds
[2021-10-29 00:19:34,900] {processor.py:163} INFO - Started process (PID=327) to work on /home/airflow/.local/lib/python3.6/site-packages/airflow/example_dags/example_dag_decorator.py
[2021-10-29 00:19:34,903] {processor.py:620} INFO - Processing file /home/airflow/.local/lib/python3.6/site-packages/airflow/example_dags/example_dag_decorator.py for tasks to queue
[2021-10-29 00:19:34,905] {logging_mixin.py:109} INFO - [2021-10-29 00:19:34,905] {dagbag.py:500} INFO - Filling up the DagBag from /home/airflow/.local/lib/python3.6/site-packages/airflow/example_dags/example_dag_decorator.py
[2021-10-29 00:19:34,939] {processor.py:632} INFO - DAG(s) dict_keys(['example_dag_decorator']) retrieved from /home/airflow/.local/lib/python3.6/site-packages/airflow/example_dags/example_dag_decorator.py
[2021-10-29 00:19:35,153] {logging_mixin.py:109} INFO - [2021-10-29 00:19:35,153] {dag.py:2389} INFO - Sync 1 DAGs
[2021-10-29 00:19:35,165] {logging_mixin.py:109} INFO - [2021-10-29 00:19:35,165] {dag.py:2914} INFO - Setting next_dagrun for example_dag_decorator to None
[2021-10-29 00:19:35,178] {processor.py:171} INFO - Processing /home/airflow/.local/lib/python3.6/site-packages/airflow/example_dags/example_dag_decorator.py took 0.281 seconds
[2021-10-29 00:20:06,061] {processor.py:163} INFO - Started process (PID=381) to work on /home/airflow/.local/lib/python3.6/site-packages/airflow/example_dags/example_dag_decorator.py
[2021-10-29 00:20:06,064] {processor.py:620} INFO - Processing file /home/airflow/.local/lib/python3.6/site-packages/airflow/example_dags/example_dag_decorator.py for tasks to queue
[2021-10-29 00:20:06,066] {logging_mixin.py:109} INFO - [2021-10-29 00:20:06,066] {dagbag.py:500} INFO - Filling up the DagBag from /home/airflow/.local/lib/python3.6/site-packages/airflow/example_dags/example_dag_decorator.py
[2021-10-29 00:20:06,103] {processor.py:632} INFO - DAG(s) dict_keys(['example_dag_decorator']) retrieved from /home/airflow/.local/lib/python3.6/site-packages/airflow/example_dags/example_dag_decorator.py
[2021-10-29 00:20:06,289] {logging_mixin.py:109} INFO - [2021-10-29 00:20:06,289] {dag.py:2389} INFO - Sync 1 DAGs
[2021-10-29 00:20:06,303] {logging_mixin.py:109} INFO - [2021-10-29 00:20:06,303] {dag.py:2914} INFO - Setting next_dagrun for example_dag_decorator to None
[2021-10-29 00:20:06,318] {processor.py:171} INFO - Processing /home/airflow/.local/lib/python3.6/site-packages/airflow/example_dags/example_dag_decorator.py took 0.260 seconds
[2021-10-29 00:20:36,790] {processor.py:163} INFO - Started process (PID=435) to work on /home/airflow/.local/lib/python3.6/site-packages/airflow/example_dags/example_dag_decorator.py
[2021-10-29 00:20:36,794] {processor.py:620} INFO - Processing file /home/airflow/.local/lib/python3.6/site-packages/airflow/example_dags/example_dag_decorator.py for tasks to queue
[2021-10-29 00:20:36,802] {logging_mixin.py:109} INFO - [2021-10-29 00:20:36,802] {dagbag.py:500} INFO - Filling up the DagBag from /home/airflow/.local/lib/python3.6/site-packages/airflow/example_dags/example_dag_decorator.py
[2021-10-29 00:20:36,845] {processor.py:632} INFO - DAG(s) dict_keys(['example_dag_decorator']) retrieved from /home/airflow/.local/lib/python3.6/site-packages/airflow/example_dags/example_dag_decorator.py
[2021-10-29 00:20:37,052] {logging_mixin.py:109} INFO - [2021-10-29 00:20:37,052] {dag.py:2389} INFO - Sync 1 DAGs
[2021-10-29 00:20:37,068] {logging_mixin.py:109} INFO - [2021-10-29 00:20:37,068] {dag.py:2914} INFO - Setting next_dagrun for example_dag_decorator to None
[2021-10-29 00:20:37,081] {processor.py:171} INFO - Processing /home/airflow/.local/lib/python3.6/site-packages/airflow/example_dags/example_dag_decorator.py took 0.294 seconds
[2021-10-29 00:21:07,342] {processor.py:163} INFO - Started process (PID=489) to work on /home/airflow/.local/lib/python3.6/site-packages/airflow/example_dags/example_dag_decorator.py
[2021-10-29 00:21:07,348] {processor.py:620} INFO - Processing file /home/airflow/.local/lib/python3.6/site-packages/airflow/example_dags/example_dag_decorator.py for tasks to queue
[2021-10-29 00:21:07,352] {logging_mixin.py:109} INFO - [2021-10-29 00:21:07,352] {dagbag.py:500} INFO - Filling up the DagBag from /home/airflow/.local/lib/python3.6/site-packages/airflow/example_dags/example_dag_decorator.py
[2021-10-29 00:21:07,387] {processor.py:632} INFO - DAG(s) dict_keys(['example_dag_decorator']) retrieved from /home/airflow/.local/lib/python3.6/site-packages/airflow/example_dags/example_dag_decorator.py
[2021-10-29 00:21:07,605] {logging_mixin.py:109} INFO - [2021-10-29 00:21:07,605] {dag.py:2389} INFO - Sync 1 DAGs
[2021-10-29 00:21:07,617] {logging_mixin.py:109} INFO - [2021-10-29 00:21:07,617] {dag.py:2914} INFO - Setting next_dagrun for example_dag_decorator to None
[2021-10-29 00:21:07,639] {processor.py:171} INFO - Processing /home/airflow/.local/lib/python3.6/site-packages/airflow/example_dags/example_dag_decorator.py took 0.302 seconds
[2021-10-29 00:21:53,648] {processor.py:163} INFO - Started process (PID=549) to work on /home/airflow/.local/lib/python3.6/site-packages/airflow/example_dags/example_dag_decorator.py
[2021-10-29 00:21:53,702] {processor.py:620} INFO - Processing file /home/airflow/.local/lib/python3.6/site-packages/airflow/example_dags/example_dag_decorator.py for tasks to queue
[2021-10-29 00:21:53,703] {logging_mixin.py:109} INFO - [2021-10-29 00:21:53,703] {dagbag.py:500} INFO - Filling up the DagBag from /home/airflow/.local/lib/python3.6/site-packages/airflow/example_dags/example_dag_decorator.py
[2021-10-29 00:21:55,407] {processor.py:632} INFO - DAG(s) dict_keys(['example_dag_decorator']) retrieved from /home/airflow/.local/lib/python3.6/site-packages/airflow/example_dags/example_dag_decorator.py
[2021-10-29 00:22:03,259] {logging_mixin.py:109} INFO - [2021-10-29 00:22:03,259] {dag.py:2389} INFO - Sync 1 DAGs
[2021-10-29 00:22:04,074] {logging_mixin.py:109} INFO - [2021-10-29 00:22:04,074] {dag.py:2914} INFO - Setting next_dagrun for example_dag_decorator to None
[2021-10-29 00:22:04,484] {processor.py:171} INFO - Processing /home/airflow/.local/lib/python3.6/site-packages/airflow/example_dags/example_dag_decorator.py took 10.963 seconds
[2021-10-29 00:22:40,806] {processor.py:163} INFO - Started process (PID=609) to work on /home/airflow/.local/lib/python3.6/site-packages/airflow/example_dags/example_dag_decorator.py
[2021-10-29 00:22:40,817] {processor.py:620} INFO - Processing file /home/airflow/.local/lib/python3.6/site-packages/airflow/example_dags/example_dag_decorator.py for tasks to queue
[2021-10-29 00:22:40,823] {logging_mixin.py:109} INFO - [2021-10-29 00:22:40,823] {dagbag.py:500} INFO - Filling up the DagBag from /home/airflow/.local/lib/python3.6/site-packages/airflow/example_dags/example_dag_decorator.py
[2021-10-29 00:22:41,094] {processor.py:632} INFO - DAG(s) dict_keys(['example_dag_decorator']) retrieved from /home/airflow/.local/lib/python3.6/site-packages/airflow/example_dags/example_dag_decorator.py
[2021-10-29 00:22:43,255] {logging_mixin.py:109} INFO - [2021-10-29 00:22:43,255] {dag.py:2389} INFO - Sync 1 DAGs
[2021-10-29 00:22:43,545] {logging_mixin.py:109} INFO - [2021-10-29 00:22:43,545] {dag.py:2914} INFO - Setting next_dagrun for example_dag_decorator to None
[2021-10-29 00:22:43,821] {processor.py:171} INFO - Processing /home/airflow/.local/lib/python3.6/site-packages/airflow/example_dags/example_dag_decorator.py took 3.075 seconds
[2021-10-29 00:23:14,423] {processor.py:163} INFO - Started process (PID=667) to work on /home/airflow/.local/lib/python3.6/site-packages/airflow/example_dags/example_dag_decorator.py
[2021-10-29 00:23:14,434] {processor.py:620} INFO - Processing file /home/airflow/.local/lib/python3.6/site-packages/airflow/example_dags/example_dag_decorator.py for tasks to queue
[2021-10-29 00:23:14,436] {logging_mixin.py:109} INFO - [2021-10-29 00:23:14,436] {dagbag.py:500} INFO - Filling up the DagBag from /home/airflow/.local/lib/python3.6/site-packages/airflow/example_dags/example_dag_decorator.py
[2021-10-29 00:23:14,535] {processor.py:632} INFO - DAG(s) dict_keys(['example_dag_decorator']) retrieved from /home/airflow/.local/lib/python3.6/site-packages/airflow/example_dags/example_dag_decorator.py
[2021-10-29 00:23:14,811] {logging_mixin.py:109} INFO - [2021-10-29 00:23:14,811] {dag.py:2389} INFO - Sync 1 DAGs
[2021-10-29 00:23:14,878] {logging_mixin.py:109} INFO - [2021-10-29 00:23:14,878] {dag.py:2914} INFO - Setting next_dagrun for example_dag_decorator to None
[2021-10-29 00:23:14,901] {processor.py:171} INFO - Processing /home/airflow/.local/lib/python3.6/site-packages/airflow/example_dags/example_dag_decorator.py took 0.480 seconds
[2021-10-29 00:23:45,116] {processor.py:163} INFO - Started process (PID=721) to work on /home/airflow/.local/lib/python3.6/site-packages/airflow/example_dags/example_dag_decorator.py
[2021-10-29 00:23:45,120] {processor.py:620} INFO - Processing file /home/airflow/.local/lib/python3.6/site-packages/airflow/example_dags/example_dag_decorator.py for tasks to queue
[2021-10-29 00:23:45,122] {logging_mixin.py:109} INFO - [2021-10-29 00:23:45,122] {dagbag.py:500} INFO - Filling up the DagBag from /home/airflow/.local/lib/python3.6/site-packages/airflow/example_dags/example_dag_decorator.py
[2021-10-29 00:23:45,221] {processor.py:632} INFO - DAG(s) dict_keys(['example_dag_decorator']) retrieved from /home/airflow/.local/lib/python3.6/site-packages/airflow/example_dags/example_dag_decorator.py
[2021-10-29 00:23:45,436] {logging_mixin.py:109} INFO - [2021-10-29 00:23:45,435] {dag.py:2389} INFO - Sync 1 DAGs
[2021-10-29 00:23:45,449] {logging_mixin.py:109} INFO - [2021-10-29 00:23:45,449] {dag.py:2914} INFO - Setting next_dagrun for example_dag_decorator to None
[2021-10-29 00:23:45,466] {processor.py:171} INFO - Processing /home/airflow/.local/lib/python3.6/site-packages/airflow/example_dags/example_dag_decorator.py took 0.372 seconds
[2021-10-29 00:24:15,734] {processor.py:163} INFO - Started process (PID=775) to work on /home/airflow/.local/lib/python3.6/site-packages/airflow/example_dags/example_dag_decorator.py
[2021-10-29 00:24:15,752] {processor.py:620} INFO - Processing file /home/airflow/.local/lib/python3.6/site-packages/airflow/example_dags/example_dag_decorator.py for tasks to queue
[2021-10-29 00:24:15,754] {logging_mixin.py:109} INFO - [2021-10-29 00:24:15,754] {dagbag.py:500} INFO - Filling up the DagBag from /home/airflow/.local/lib/python3.6/site-packages/airflow/example_dags/example_dag_decorator.py
[2021-10-29 00:24:15,835] {processor.py:632} INFO - DAG(s) dict_keys(['example_dag_decorator']) retrieved from /home/airflow/.local/lib/python3.6/site-packages/airflow/example_dags/example_dag_decorator.py
[2021-10-29 00:24:16,048] {logging_mixin.py:109} INFO - [2021-10-29 00:24:16,048] {dag.py:2389} INFO - Sync 1 DAGs
[2021-10-29 00:24:16,062] {logging_mixin.py:109} INFO - [2021-10-29 00:24:16,062] {dag.py:2914} INFO - Setting next_dagrun for example_dag_decorator to None
[2021-10-29 00:24:16,074] {processor.py:171} INFO - Processing /home/airflow/.local/lib/python3.6/site-packages/airflow/example_dags/example_dag_decorator.py took 0.343 seconds
[2021-10-29 00:24:46,522] {processor.py:163} INFO - Started process (PID=829) to work on /home/airflow/.local/lib/python3.6/site-packages/airflow/example_dags/example_dag_decorator.py
[2021-10-29 00:24:46,532] {processor.py:620} INFO - Processing file /home/airflow/.local/lib/python3.6/site-packages/airflow/example_dags/example_dag_decorator.py for tasks to queue
[2021-10-29 00:24:46,534] {logging_mixin.py:109} INFO - [2021-10-29 00:24:46,534] {dagbag.py:500} INFO - Filling up the DagBag from /home/airflow/.local/lib/python3.6/site-packages/airflow/example_dags/example_dag_decorator.py
[2021-10-29 00:24:46,610] {processor.py:632} INFO - DAG(s) dict_keys(['example_dag_decorator']) retrieved from /home/airflow/.local/lib/python3.6/site-packages/airflow/example_dags/example_dag_decorator.py
[2021-10-29 00:24:47,028] {logging_mixin.py:109} INFO - [2021-10-29 00:24:47,028] {dag.py:2389} INFO - Sync 1 DAGs
[2021-10-29 00:24:47,054] {logging_mixin.py:109} INFO - [2021-10-29 00:24:47,054] {dag.py:2914} INFO - Setting next_dagrun for example_dag_decorator to None
[2021-10-29 00:24:47,076] {processor.py:171} INFO - Processing /home/airflow/.local/lib/python3.6/site-packages/airflow/example_dags/example_dag_decorator.py took 0.557 seconds
[2021-10-29 00:25:18,130] {processor.py:163} INFO - Started process (PID=885) to work on /home/airflow/.local/lib/python3.6/site-packages/airflow/example_dags/example_dag_decorator.py
[2021-10-29 00:25:18,134] {processor.py:620} INFO - Processing file /home/airflow/.local/lib/python3.6/site-packages/airflow/example_dags/example_dag_decorator.py for tasks to queue
[2021-10-29 00:25:18,135] {logging_mixin.py:109} INFO - [2021-10-29 00:25:18,135] {dagbag.py:500} INFO - Filling up the DagBag from /home/airflow/.local/lib/python3.6/site-packages/airflow/example_dags/example_dag_decorator.py
[2021-10-29 00:25:18,231] {processor.py:632} INFO - DAG(s) dict_keys(['example_dag_decorator']) retrieved from /home/airflow/.local/lib/python3.6/site-packages/airflow/example_dags/example_dag_decorator.py
[2021-10-29 00:25:18,578] {logging_mixin.py:109} INFO - [2021-10-29 00:25:18,578] {dag.py:2389} INFO - Sync 1 DAGs
[2021-10-29 00:25:18,608] {logging_mixin.py:109} INFO - [2021-10-29 00:25:18,608] {dag.py:2914} INFO - Setting next_dagrun for example_dag_decorator to None
[2021-10-29 00:25:18,639] {processor.py:171} INFO - Processing /home/airflow/.local/lib/python3.6/site-packages/airflow/example_dags/example_dag_decorator.py took 0.568 seconds
[2021-10-29 00:25:49,899] {processor.py:163} INFO - Started process (PID=949) to work on /home/airflow/.local/lib/python3.6/site-packages/airflow/example_dags/example_dag_decorator.py
[2021-10-29 00:25:49,917] {processor.py:620} INFO - Processing file /home/airflow/.local/lib/python3.6/site-packages/airflow/example_dags/example_dag_decorator.py for tasks to queue
[2021-10-29 00:25:49,936] {logging_mixin.py:109} INFO - [2021-10-29 00:25:49,936] {dagbag.py:500} INFO - Filling up the DagBag from /home/airflow/.local/lib/python3.6/site-packages/airflow/example_dags/example_dag_decorator.py
[2021-10-29 00:25:50,058] {processor.py:632} INFO - DAG(s) dict_keys(['example_dag_decorator']) retrieved from /home/airflow/.local/lib/python3.6/site-packages/airflow/example_dags/example_dag_decorator.py
[2021-10-29 00:25:51,051] {logging_mixin.py:109} INFO - [2021-10-29 00:25:51,051] {dag.py:2389} INFO - Sync 1 DAGs
[2021-10-29 00:25:51,139] {logging_mixin.py:109} INFO - [2021-10-29 00:25:51,138] {dag.py:2914} INFO - Setting next_dagrun for example_dag_decorator to None
[2021-10-29 00:25:51,160] {processor.py:171} INFO - Processing /home/airflow/.local/lib/python3.6/site-packages/airflow/example_dags/example_dag_decorator.py took 1.265 seconds
[2021-10-29 00:26:21,554] {processor.py:163} INFO - Started process (PID=999) to work on /home/airflow/.local/lib/python3.6/site-packages/airflow/example_dags/example_dag_decorator.py
[2021-10-29 00:26:21,668] {processor.py:620} INFO - Processing file /home/airflow/.local/lib/python3.6/site-packages/airflow/example_dags/example_dag_decorator.py for tasks to queue
[2021-10-29 00:26:21,676] {logging_mixin.py:109} INFO - [2021-10-29 00:26:21,676] {dagbag.py:500} INFO - Filling up the DagBag from /home/airflow/.local/lib/python3.6/site-packages/airflow/example_dags/example_dag_decorator.py
[2021-10-29 00:26:21,848] {processor.py:632} INFO - DAG(s) dict_keys(['example_dag_decorator']) retrieved from /home/airflow/.local/lib/python3.6/site-packages/airflow/example_dags/example_dag_decorator.py
[2021-10-29 00:26:22,955] {logging_mixin.py:109} INFO - [2021-10-29 00:26:22,955] {dag.py:2389} INFO - Sync 1 DAGs
[2021-10-29 00:26:23,032] {logging_mixin.py:109} INFO - [2021-10-29 00:26:23,032] {dag.py:2914} INFO - Setting next_dagrun for example_dag_decorator to None
[2021-10-29 00:26:23,057] {processor.py:171} INFO - Processing /home/airflow/.local/lib/python3.6/site-packages/airflow/example_dags/example_dag_decorator.py took 1.506 seconds
[2021-10-29 00:26:53,609] {processor.py:163} INFO - Started process (PID=1057) to work on /home/airflow/.local/lib/python3.6/site-packages/airflow/example_dags/example_dag_decorator.py
[2021-10-29 00:26:53,614] {processor.py:620} INFO - Processing file /home/airflow/.local/lib/python3.6/site-packages/airflow/example_dags/example_dag_decorator.py for tasks to queue
[2021-10-29 00:26:53,615] {logging_mixin.py:109} INFO - [2021-10-29 00:26:53,614] {dagbag.py:500} INFO - Filling up the DagBag from /home/airflow/.local/lib/python3.6/site-packages/airflow/example_dags/example_dag_decorator.py
[2021-10-29 00:26:53,877] {processor.py:632} INFO - DAG(s) dict_keys(['example_dag_decorator']) retrieved from /home/airflow/.local/lib/python3.6/site-packages/airflow/example_dags/example_dag_decorator.py
[2021-10-29 00:26:54,656] {logging_mixin.py:109} INFO - [2021-10-29 00:26:54,656] {dag.py:2389} INFO - Sync 1 DAGs
[2021-10-29 00:26:54,704] {logging_mixin.py:109} INFO - [2021-10-29 00:26:54,704] {dag.py:2914} INFO - Setting next_dagrun for example_dag_decorator to None
[2021-10-29 00:26:54,754] {processor.py:171} INFO - Processing /home/airflow/.local/lib/python3.6/site-packages/airflow/example_dags/example_dag_decorator.py took 1.147 seconds
[2021-10-29 00:27:24,901] {processor.py:163} INFO - Started process (PID=1106) to work on /home/airflow/.local/lib/python3.6/site-packages/airflow/example_dags/example_dag_decorator.py
[2021-10-29 00:27:24,938] {processor.py:620} INFO - Processing file /home/airflow/.local/lib/python3.6/site-packages/airflow/example_dags/example_dag_decorator.py for tasks to queue
[2021-10-29 00:27:24,940] {logging_mixin.py:109} INFO - [2021-10-29 00:27:24,940] {dagbag.py:500} INFO - Filling up the DagBag from /home/airflow/.local/lib/python3.6/site-packages/airflow/example_dags/example_dag_decorator.py
[2021-10-29 00:27:25,212] {processor.py:632} INFO - DAG(s) dict_keys(['example_dag_decorator']) retrieved from /home/airflow/.local/lib/python3.6/site-packages/airflow/example_dags/example_dag_decorator.py
[2021-10-29 00:27:26,777] {logging_mixin.py:109} INFO - [2021-10-29 00:27:26,777] {dag.py:2389} INFO - Sync 1 DAGs
[2021-10-29 00:27:26,883] {logging_mixin.py:109} INFO - [2021-10-29 00:27:26,882] {dag.py:2914} INFO - Setting next_dagrun for example_dag_decorator to None
[2021-10-29 00:27:26,956] {processor.py:171} INFO - Processing /home/airflow/.local/lib/python3.6/site-packages/airflow/example_dags/example_dag_decorator.py took 2.058 seconds
[2021-10-29 00:27:57,098] {processor.py:163} INFO - Started process (PID=1165) to work on /home/airflow/.local/lib/python3.6/site-packages/airflow/example_dags/example_dag_decorator.py
[2021-10-29 00:27:57,107] {processor.py:620} INFO - Processing file /home/airflow/.local/lib/python3.6/site-packages/airflow/example_dags/example_dag_decorator.py for tasks to queue
[2021-10-29 00:27:57,107] {logging_mixin.py:109} INFO - [2021-10-29 00:27:57,107] {dagbag.py:500} INFO - Filling up the DagBag from /home/airflow/.local/lib/python3.6/site-packages/airflow/example_dags/example_dag_decorator.py
[2021-10-29 00:27:57,355] {processor.py:632} INFO - DAG(s) dict_keys(['example_dag_decorator']) retrieved from /home/airflow/.local/lib/python3.6/site-packages/airflow/example_dags/example_dag_decorator.py
[2021-10-29 00:27:58,449] {logging_mixin.py:109} INFO - [2021-10-29 00:27:58,449] {dag.py:2389} INFO - Sync 1 DAGs
[2021-10-29 00:27:58,535] {logging_mixin.py:109} INFO - [2021-10-29 00:27:58,535] {dag.py:2914} INFO - Setting next_dagrun for example_dag_decorator to None
[2021-10-29 00:27:58,599] {processor.py:171} INFO - Processing /home/airflow/.local/lib/python3.6/site-packages/airflow/example_dags/example_dag_decorator.py took 1.549 seconds
[2021-10-29 00:28:29,079] {processor.py:163} INFO - Started process (PID=1219) to work on /home/airflow/.local/lib/python3.6/site-packages/airflow/example_dags/example_dag_decorator.py
[2021-10-29 00:28:29,100] {processor.py:620} INFO - Processing file /home/airflow/.local/lib/python3.6/site-packages/airflow/example_dags/example_dag_decorator.py for tasks to queue
[2021-10-29 00:28:29,121] {logging_mixin.py:109} INFO - [2021-10-29 00:28:29,121] {dagbag.py:500} INFO - Filling up the DagBag from /home/airflow/.local/lib/python3.6/site-packages/airflow/example_dags/example_dag_decorator.py
[2021-10-29 00:28:29,446] {processor.py:632} INFO - DAG(s) dict_keys(['example_dag_decorator']) retrieved from /home/airflow/.local/lib/python3.6/site-packages/airflow/example_dags/example_dag_decorator.py
[2021-10-29 00:28:31,083] {logging_mixin.py:109} INFO - [2021-10-29 00:28:31,083] {dag.py:2389} INFO - Sync 1 DAGs
[2021-10-29 00:28:31,124] {logging_mixin.py:109} INFO - [2021-10-29 00:28:31,124] {dag.py:2914} INFO - Setting next_dagrun for example_dag_decorator to None
[2021-10-29 00:28:31,169] {processor.py:171} INFO - Processing /home/airflow/.local/lib/python3.6/site-packages/airflow/example_dags/example_dag_decorator.py took 2.093 seconds
[2021-10-29 00:29:01,293] {processor.py:163} INFO - Started process (PID=1275) to work on /home/airflow/.local/lib/python3.6/site-packages/airflow/example_dags/example_dag_decorator.py
[2021-10-29 00:29:01,317] {processor.py:620} INFO - Processing file /home/airflow/.local/lib/python3.6/site-packages/airflow/example_dags/example_dag_decorator.py for tasks to queue
[2021-10-29 00:29:01,341] {logging_mixin.py:109} INFO - [2021-10-29 00:29:01,341] {dagbag.py:500} INFO - Filling up the DagBag from /home/airflow/.local/lib/python3.6/site-packages/airflow/example_dags/example_dag_decorator.py
[2021-10-29 00:29:01,476] {processor.py:632} INFO - DAG(s) dict_keys(['example_dag_decorator']) retrieved from /home/airflow/.local/lib/python3.6/site-packages/airflow/example_dags/example_dag_decorator.py
[2021-10-29 00:29:02,363] {logging_mixin.py:109} INFO - [2021-10-29 00:29:02,363] {dag.py:2389} INFO - Sync 1 DAGs
[2021-10-29 00:29:02,443] {logging_mixin.py:109} INFO - [2021-10-29 00:29:02,442] {dag.py:2914} INFO - Setting next_dagrun for example_dag_decorator to None
[2021-10-29 00:29:02,532] {processor.py:171} INFO - Processing /home/airflow/.local/lib/python3.6/site-packages/airflow/example_dags/example_dag_decorator.py took 1.243 seconds
[2021-10-29 00:29:33,864] {processor.py:163} INFO - Started process (PID=1331) to work on /home/airflow/.local/lib/python3.6/site-packages/airflow/example_dags/example_dag_decorator.py
[2021-10-29 00:29:33,873] {processor.py:620} INFO - Processing file /home/airflow/.local/lib/python3.6/site-packages/airflow/example_dags/example_dag_decorator.py for tasks to queue
[2021-10-29 00:29:33,875] {logging_mixin.py:109} INFO - [2021-10-29 00:29:33,875] {dagbag.py:500} INFO - Filling up the DagBag from /home/airflow/.local/lib/python3.6/site-packages/airflow/example_dags/example_dag_decorator.py
[2021-10-29 00:29:34,077] {processor.py:632} INFO - DAG(s) dict_keys(['example_dag_decorator']) retrieved from /home/airflow/.local/lib/python3.6/site-packages/airflow/example_dags/example_dag_decorator.py
[2021-10-29 00:29:35,204] {logging_mixin.py:109} INFO - [2021-10-29 00:29:35,204] {dag.py:2389} INFO - Sync 1 DAGs
[2021-10-29 00:29:35,324] {logging_mixin.py:109} INFO - [2021-10-29 00:29:35,324] {dag.py:2914} INFO - Setting next_dagrun for example_dag_decorator to None
[2021-10-29 00:29:35,401] {processor.py:171} INFO - Processing /home/airflow/.local/lib/python3.6/site-packages/airflow/example_dags/example_dag_decorator.py took 1.540 seconds
[2021-10-29 00:30:06,801] {processor.py:163} INFO - Started process (PID=1390) to work on /home/airflow/.local/lib/python3.6/site-packages/airflow/example_dags/example_dag_decorator.py
[2021-10-29 00:30:06,807] {processor.py:620} INFO - Processing file /home/airflow/.local/lib/python3.6/site-packages/airflow/example_dags/example_dag_decorator.py for tasks to queue
[2021-10-29 00:30:06,809] {logging_mixin.py:109} INFO - [2021-10-29 00:30:06,809] {dagbag.py:500} INFO - Filling up the DagBag from /home/airflow/.local/lib/python3.6/site-packages/airflow/example_dags/example_dag_decorator.py
[2021-10-29 00:30:06,925] {processor.py:632} INFO - DAG(s) dict_keys(['example_dag_decorator']) retrieved from /home/airflow/.local/lib/python3.6/site-packages/airflow/example_dags/example_dag_decorator.py
[2021-10-29 00:30:07,333] {logging_mixin.py:109} INFO - [2021-10-29 00:30:07,333] {dag.py:2389} INFO - Sync 1 DAGs
[2021-10-29 00:30:07,361] {logging_mixin.py:109} INFO - [2021-10-29 00:30:07,361] {dag.py:2914} INFO - Setting next_dagrun for example_dag_decorator to None
[2021-10-29 00:30:07,382] {processor.py:171} INFO - Processing /home/airflow/.local/lib/python3.6/site-packages/airflow/example_dags/example_dag_decorator.py took 0.584 seconds
[2021-10-29 00:30:38,335] {processor.py:163} INFO - Started process (PID=1447) to work on /home/airflow/.local/lib/python3.6/site-packages/airflow/example_dags/example_dag_decorator.py
[2021-10-29 00:30:38,346] {processor.py:620} INFO - Processing file /home/airflow/.local/lib/python3.6/site-packages/airflow/example_dags/example_dag_decorator.py for tasks to queue
[2021-10-29 00:30:38,347] {logging_mixin.py:109} INFO - [2021-10-29 00:30:38,347] {dagbag.py:500} INFO - Filling up the DagBag from /home/airflow/.local/lib/python3.6/site-packages/airflow/example_dags/example_dag_decorator.py
[2021-10-29 00:30:38,415] {processor.py:632} INFO - DAG(s) dict_keys(['example_dag_decorator']) retrieved from /home/airflow/.local/lib/python3.6/site-packages/airflow/example_dags/example_dag_decorator.py
[2021-10-29 00:30:38,660] {logging_mixin.py:109} INFO - [2021-10-29 00:30:38,660] {dag.py:2389} INFO - Sync 1 DAGs
[2021-10-29 00:30:38,684] {logging_mixin.py:109} INFO - [2021-10-29 00:30:38,684] {dag.py:2914} INFO - Setting next_dagrun for example_dag_decorator to None
[2021-10-29 00:30:38,711] {processor.py:171} INFO - Processing /home/airflow/.local/lib/python3.6/site-packages/airflow/example_dags/example_dag_decorator.py took 0.379 seconds
[2021-10-29 00:31:09,336] {processor.py:163} INFO - Started process (PID=1500) to work on /home/airflow/.local/lib/python3.6/site-packages/airflow/example_dags/example_dag_decorator.py
[2021-10-29 00:31:09,344] {processor.py:620} INFO - Processing file /home/airflow/.local/lib/python3.6/site-packages/airflow/example_dags/example_dag_decorator.py for tasks to queue
[2021-10-29 00:31:09,345] {logging_mixin.py:109} INFO - [2021-10-29 00:31:09,345] {dagbag.py:500} INFO - Filling up the DagBag from /home/airflow/.local/lib/python3.6/site-packages/airflow/example_dags/example_dag_decorator.py
[2021-10-29 00:31:09,418] {processor.py:632} INFO - DAG(s) dict_keys(['example_dag_decorator']) retrieved from /home/airflow/.local/lib/python3.6/site-packages/airflow/example_dags/example_dag_decorator.py
[2021-10-29 00:31:09,777] {logging_mixin.py:109} INFO - [2021-10-29 00:31:09,777] {dag.py:2389} INFO - Sync 1 DAGs
[2021-10-29 00:31:09,790] {logging_mixin.py:109} INFO - [2021-10-29 00:31:09,790] {dag.py:2914} INFO - Setting next_dagrun for example_dag_decorator to None
[2021-10-29 00:31:09,801] {processor.py:171} INFO - Processing /home/airflow/.local/lib/python3.6/site-packages/airflow/example_dags/example_dag_decorator.py took 0.468 seconds
[2021-10-29 00:31:40,925] {processor.py:163} INFO - Started process (PID=1555) to work on /home/airflow/.local/lib/python3.6/site-packages/airflow/example_dags/example_dag_decorator.py
[2021-10-29 00:31:40,928] {processor.py:620} INFO - Processing file /home/airflow/.local/lib/python3.6/site-packages/airflow/example_dags/example_dag_decorator.py for tasks to queue
[2021-10-29 00:31:40,930] {logging_mixin.py:109} INFO - [2021-10-29 00:31:40,930] {dagbag.py:500} INFO - Filling up the DagBag from /home/airflow/.local/lib/python3.6/site-packages/airflow/example_dags/example_dag_decorator.py
[2021-10-29 00:31:41,202] {processor.py:632} INFO - DAG(s) dict_keys(['example_dag_decorator']) retrieved from /home/airflow/.local/lib/python3.6/site-packages/airflow/example_dags/example_dag_decorator.py
[2021-10-29 00:31:41,816] {logging_mixin.py:109} INFO - [2021-10-29 00:31:41,816] {dag.py:2389} INFO - Sync 1 DAGs
[2021-10-29 00:31:41,840] {logging_mixin.py:109} INFO - [2021-10-29 00:31:41,839] {dag.py:2914} INFO - Setting next_dagrun for example_dag_decorator to None
[2021-10-29 00:31:41,867] {processor.py:171} INFO - Processing /home/airflow/.local/lib/python3.6/site-packages/airflow/example_dags/example_dag_decorator.py took 0.945 seconds
[2021-10-29 00:32:12,052] {processor.py:163} INFO - Started process (PID=1599) to work on /home/airflow/.local/lib/python3.6/site-packages/airflow/example_dags/example_dag_decorator.py
[2021-10-29 00:32:12,102] {processor.py:620} INFO - Processing file /home/airflow/.local/lib/python3.6/site-packages/airflow/example_dags/example_dag_decorator.py for tasks to queue
[2021-10-29 00:32:12,104] {logging_mixin.py:109} INFO - [2021-10-29 00:32:12,104] {dagbag.py:500} INFO - Filling up the DagBag from /home/airflow/.local/lib/python3.6/site-packages/airflow/example_dags/example_dag_decorator.py
[2021-10-29 00:32:12,280] {processor.py:632} INFO - DAG(s) dict_keys(['example_dag_decorator']) retrieved from /home/airflow/.local/lib/python3.6/site-packages/airflow/example_dags/example_dag_decorator.py
[2021-10-29 00:32:14,012] {logging_mixin.py:109} INFO - [2021-10-29 00:32:14,012] {dag.py:2389} INFO - Sync 1 DAGs
[2021-10-29 00:32:14,099] {logging_mixin.py:109} INFO - [2021-10-29 00:32:14,099] {dag.py:2914} INFO - Setting next_dagrun for example_dag_decorator to None
[2021-10-29 00:32:14,215] {processor.py:171} INFO - Processing /home/airflow/.local/lib/python3.6/site-packages/airflow/example_dags/example_dag_decorator.py took 2.166 seconds
[2021-10-29 00:32:44,578] {processor.py:163} INFO - Started process (PID=1653) to work on /home/airflow/.local/lib/python3.6/site-packages/airflow/example_dags/example_dag_decorator.py
[2021-10-29 00:32:44,661] {processor.py:620} INFO - Processing file /home/airflow/.local/lib/python3.6/site-packages/airflow/example_dags/example_dag_decorator.py for tasks to queue
[2021-10-29 00:32:44,661] {logging_mixin.py:109} INFO - [2021-10-29 00:32:44,661] {dagbag.py:500} INFO - Filling up the DagBag from /home/airflow/.local/lib/python3.6/site-packages/airflow/example_dags/example_dag_decorator.py
[2021-10-29 00:32:44,835] {processor.py:632} INFO - DAG(s) dict_keys(['example_dag_decorator']) retrieved from /home/airflow/.local/lib/python3.6/site-packages/airflow/example_dags/example_dag_decorator.py
[2021-10-29 00:32:45,642] {logging_mixin.py:109} INFO - [2021-10-29 00:32:45,642] {dag.py:2389} INFO - Sync 1 DAGs
[2021-10-29 00:32:45,694] {logging_mixin.py:109} INFO - [2021-10-29 00:32:45,693] {dag.py:2914} INFO - Setting next_dagrun for example_dag_decorator to None
[2021-10-29 00:32:45,712] {processor.py:171} INFO - Processing /home/airflow/.local/lib/python3.6/site-packages/airflow/example_dags/example_dag_decorator.py took 1.138 seconds
[2021-10-29 00:33:28,005] {processor.py:163} INFO - Started process (PID=1718) to work on /home/airflow/.local/lib/python3.6/site-packages/airflow/example_dags/example_dag_decorator.py
[2021-10-29 00:33:28,062] {processor.py:620} INFO - Processing file /home/airflow/.local/lib/python3.6/site-packages/airflow/example_dags/example_dag_decorator.py for tasks to queue
[2021-10-29 00:33:28,118] {logging_mixin.py:109} INFO - [2021-10-29 00:33:28,118] {dagbag.py:500} INFO - Filling up the DagBag from /home/airflow/.local/lib/python3.6/site-packages/airflow/example_dags/example_dag_decorator.py
[2021-10-29 00:33:28,622] {processor.py:632} INFO - DAG(s) dict_keys(['example_dag_decorator']) retrieved from /home/airflow/.local/lib/python3.6/site-packages/airflow/example_dags/example_dag_decorator.py
[2021-10-29 00:33:28,815] {logging_mixin.py:109} INFO - [2021-10-29 00:33:28,815] {dag.py:2389} INFO - Sync 1 DAGs
[2021-10-29 00:33:28,967] {logging_mixin.py:109} INFO - [2021-10-29 00:33:28,967] {dag.py:2914} INFO - Setting next_dagrun for example_dag_decorator to None
[2021-10-29 00:33:29,266] {processor.py:171} INFO - Processing /home/airflow/.local/lib/python3.6/site-packages/airflow/example_dags/example_dag_decorator.py took 1.265 seconds
[2021-10-29 00:33:59,472] {processor.py:163} INFO - Started process (PID=1772) to work on /home/airflow/.local/lib/python3.6/site-packages/airflow/example_dags/example_dag_decorator.py
[2021-10-29 00:33:59,490] {processor.py:620} INFO - Processing file /home/airflow/.local/lib/python3.6/site-packages/airflow/example_dags/example_dag_decorator.py for tasks to queue
[2021-10-29 00:33:59,492] {logging_mixin.py:109} INFO - [2021-10-29 00:33:59,492] {dagbag.py:500} INFO - Filling up the DagBag from /home/airflow/.local/lib/python3.6/site-packages/airflow/example_dags/example_dag_decorator.py
[2021-10-29 00:33:59,562] {processor.py:632} INFO - DAG(s) dict_keys(['example_dag_decorator']) retrieved from /home/airflow/.local/lib/python3.6/site-packages/airflow/example_dags/example_dag_decorator.py
[2021-10-29 00:34:00,088] {logging_mixin.py:109} INFO - [2021-10-29 00:34:00,088] {dag.py:2389} INFO - Sync 1 DAGs
[2021-10-29 00:34:00,114] {logging_mixin.py:109} INFO - [2021-10-29 00:34:00,114] {dag.py:2914} INFO - Setting next_dagrun for example_dag_decorator to None
[2021-10-29 00:34:00,137] {processor.py:171} INFO - Processing /home/airflow/.local/lib/python3.6/site-packages/airflow/example_dags/example_dag_decorator.py took 0.668 seconds
[2021-10-29 00:34:30,923] {processor.py:163} INFO - Started process (PID=1826) to work on /home/airflow/.local/lib/python3.6/site-packages/airflow/example_dags/example_dag_decorator.py
[2021-10-29 00:34:30,926] {processor.py:620} INFO - Processing file /home/airflow/.local/lib/python3.6/site-packages/airflow/example_dags/example_dag_decorator.py for tasks to queue
[2021-10-29 00:34:30,928] {logging_mixin.py:109} INFO - [2021-10-29 00:34:30,928] {dagbag.py:500} INFO - Filling up the DagBag from /home/airflow/.local/lib/python3.6/site-packages/airflow/example_dags/example_dag_decorator.py
[2021-10-29 00:34:30,965] {processor.py:632} INFO - DAG(s) dict_keys(['example_dag_decorator']) retrieved from /home/airflow/.local/lib/python3.6/site-packages/airflow/example_dags/example_dag_decorator.py
[2021-10-29 00:34:31,169] {logging_mixin.py:109} INFO - [2021-10-29 00:34:31,169] {dag.py:2389} INFO - Sync 1 DAGs
[2021-10-29 00:34:31,192] {logging_mixin.py:109} INFO - [2021-10-29 00:34:31,192] {dag.py:2914} INFO - Setting next_dagrun for example_dag_decorator to None
[2021-10-29 00:34:31,210] {processor.py:171} INFO - Processing /home/airflow/.local/lib/python3.6/site-packages/airflow/example_dags/example_dag_decorator.py took 0.290 seconds
[2021-10-29 00:35:01,445] {processor.py:163} INFO - Started process (PID=1880) to work on /home/airflow/.local/lib/python3.6/site-packages/airflow/example_dags/example_dag_decorator.py
[2021-10-29 00:35:01,448] {processor.py:620} INFO - Processing file /home/airflow/.local/lib/python3.6/site-packages/airflow/example_dags/example_dag_decorator.py for tasks to queue
[2021-10-29 00:35:01,450] {logging_mixin.py:109} INFO - [2021-10-29 00:35:01,450] {dagbag.py:500} INFO - Filling up the DagBag from /home/airflow/.local/lib/python3.6/site-packages/airflow/example_dags/example_dag_decorator.py
[2021-10-29 00:35:01,489] {processor.py:632} INFO - DAG(s) dict_keys(['example_dag_decorator']) retrieved from /home/airflow/.local/lib/python3.6/site-packages/airflow/example_dags/example_dag_decorator.py
[2021-10-29 00:35:01,689] {logging_mixin.py:109} INFO - [2021-10-29 00:35:01,689] {dag.py:2389} INFO - Sync 1 DAGs
[2021-10-29 00:35:01,703] {logging_mixin.py:109} INFO - [2021-10-29 00:35:01,703] {dag.py:2914} INFO - Setting next_dagrun for example_dag_decorator to None
[2021-10-29 00:35:01,718] {processor.py:171} INFO - Processing /home/airflow/.local/lib/python3.6/site-packages/airflow/example_dags/example_dag_decorator.py took 0.276 seconds
[2021-10-29 00:35:32,813] {processor.py:163} INFO - Started process (PID=1934) to work on /home/airflow/.local/lib/python3.6/site-packages/airflow/example_dags/example_dag_decorator.py
[2021-10-29 00:35:32,815] {processor.py:620} INFO - Processing file /home/airflow/.local/lib/python3.6/site-packages/airflow/example_dags/example_dag_decorator.py for tasks to queue
[2021-10-29 00:35:32,815] {logging_mixin.py:109} INFO - [2021-10-29 00:35:32,815] {dagbag.py:500} INFO - Filling up the DagBag from /home/airflow/.local/lib/python3.6/site-packages/airflow/example_dags/example_dag_decorator.py
[2021-10-29 00:35:32,952] {processor.py:632} INFO - DAG(s) dict_keys(['example_dag_decorator']) retrieved from /home/airflow/.local/lib/python3.6/site-packages/airflow/example_dags/example_dag_decorator.py
[2021-10-29 00:35:33,567] {logging_mixin.py:109} INFO - [2021-10-29 00:35:33,566] {dag.py:2389} INFO - Sync 1 DAGs
[2021-10-29 00:35:33,600] {logging_mixin.py:109} INFO - [2021-10-29 00:35:33,600] {dag.py:2914} INFO - Setting next_dagrun for example_dag_decorator to None
[2021-10-29 00:35:33,615] {processor.py:171} INFO - Processing /home/airflow/.local/lib/python3.6/site-packages/airflow/example_dags/example_dag_decorator.py took 0.859 seconds
[2021-10-29 00:38:54,697] {processor.py:163} INFO - Started process (PID=126) to work on /home/airflow/.local/lib/python3.6/site-packages/airflow/example_dags/example_dag_decorator.py
[2021-10-29 00:38:54,773] {processor.py:620} INFO - Processing file /home/airflow/.local/lib/python3.6/site-packages/airflow/example_dags/example_dag_decorator.py for tasks to queue
[2021-10-29 00:38:54,798] {logging_mixin.py:109} INFO - [2021-10-29 00:38:54,798] {dagbag.py:500} INFO - Filling up the DagBag from /home/airflow/.local/lib/python3.6/site-packages/airflow/example_dags/example_dag_decorator.py
[2021-10-29 00:38:55,378] {processor.py:632} INFO - DAG(s) dict_keys(['example_dag_decorator']) retrieved from /home/airflow/.local/lib/python3.6/site-packages/airflow/example_dags/example_dag_decorator.py
[2021-10-29 00:38:58,368] {logging_mixin.py:109} INFO - [2021-10-29 00:38:58,368] {dag.py:2389} INFO - Sync 1 DAGs
[2021-10-29 00:38:58,561] {logging_mixin.py:109} INFO - [2021-10-29 00:38:58,561] {dag.py:2914} INFO - Setting next_dagrun for example_dag_decorator to None
[2021-10-29 00:38:58,739] {processor.py:171} INFO - Processing /home/airflow/.local/lib/python3.6/site-packages/airflow/example_dags/example_dag_decorator.py took 4.046 seconds
[2021-10-29 00:39:34,769] {processor.py:163} INFO - Started process (PID=183) to work on /home/airflow/.local/lib/python3.6/site-packages/airflow/example_dags/example_dag_decorator.py
[2021-10-29 00:39:34,842] {processor.py:620} INFO - Processing file /home/airflow/.local/lib/python3.6/site-packages/airflow/example_dags/example_dag_decorator.py for tasks to queue
[2021-10-29 00:39:34,844] {logging_mixin.py:109} INFO - [2021-10-29 00:39:34,844] {dagbag.py:500} INFO - Filling up the DagBag from /home/airflow/.local/lib/python3.6/site-packages/airflow/example_dags/example_dag_decorator.py
[2021-10-29 00:39:35,267] {processor.py:632} INFO - DAG(s) dict_keys(['example_dag_decorator']) retrieved from /home/airflow/.local/lib/python3.6/site-packages/airflow/example_dags/example_dag_decorator.py
[2021-10-29 00:39:37,464] {logging_mixin.py:109} INFO - [2021-10-29 00:39:37,463] {dag.py:2389} INFO - Sync 1 DAGs
[2021-10-29 00:39:37,625] {logging_mixin.py:109} INFO - [2021-10-29 00:39:37,624] {dag.py:2914} INFO - Setting next_dagrun for example_dag_decorator to None
[2021-10-29 00:39:37,736] {processor.py:171} INFO - Processing /home/airflow/.local/lib/python3.6/site-packages/airflow/example_dags/example_dag_decorator.py took 2.970 seconds
[2021-10-29 00:40:17,068] {processor.py:163} INFO - Started process (PID=245) to work on /home/airflow/.local/lib/python3.6/site-packages/airflow/example_dags/example_dag_decorator.py
[2021-10-29 00:40:17,109] {processor.py:620} INFO - Processing file /home/airflow/.local/lib/python3.6/site-packages/airflow/example_dags/example_dag_decorator.py for tasks to queue
[2021-10-29 00:40:17,110] {logging_mixin.py:109} INFO - [2021-10-29 00:40:17,110] {dagbag.py:500} INFO - Filling up the DagBag from /home/airflow/.local/lib/python3.6/site-packages/airflow/example_dags/example_dag_decorator.py
[2021-10-29 00:40:17,456] {processor.py:632} INFO - DAG(s) dict_keys(['example_dag_decorator']) retrieved from /home/airflow/.local/lib/python3.6/site-packages/airflow/example_dags/example_dag_decorator.py
[2021-10-29 00:40:18,986] {logging_mixin.py:109} INFO - [2021-10-29 00:40:18,986] {dag.py:2389} INFO - Sync 1 DAGs
[2021-10-29 00:40:19,072] {logging_mixin.py:109} INFO - [2021-10-29 00:40:19,072] {dag.py:2914} INFO - Setting next_dagrun for example_dag_decorator to None
[2021-10-29 00:40:19,141] {processor.py:171} INFO - Processing /home/airflow/.local/lib/python3.6/site-packages/airflow/example_dags/example_dag_decorator.py took 2.076 seconds
[2021-10-29 00:40:49,314] {processor.py:163} INFO - Started process (PID=303) to work on /home/airflow/.local/lib/python3.6/site-packages/airflow/example_dags/example_dag_decorator.py
[2021-10-29 00:40:49,317] {processor.py:620} INFO - Processing file /home/airflow/.local/lib/python3.6/site-packages/airflow/example_dags/example_dag_decorator.py for tasks to queue
[2021-10-29 00:40:49,319] {logging_mixin.py:109} INFO - [2021-10-29 00:40:49,319] {dagbag.py:500} INFO - Filling up the DagBag from /home/airflow/.local/lib/python3.6/site-packages/airflow/example_dags/example_dag_decorator.py
[2021-10-29 00:40:49,445] {processor.py:632} INFO - DAG(s) dict_keys(['example_dag_decorator']) retrieved from /home/airflow/.local/lib/python3.6/site-packages/airflow/example_dags/example_dag_decorator.py
[2021-10-29 00:40:49,473] {logging_mixin.py:109} INFO - [2021-10-29 00:40:49,473] {dag.py:2389} INFO - Sync 1 DAGs
[2021-10-29 00:40:49,512] {logging_mixin.py:109} INFO - [2021-10-29 00:40:49,512] {dag.py:2914} INFO - Setting next_dagrun for example_dag_decorator to None
[2021-10-29 00:40:49,540] {processor.py:171} INFO - Processing /home/airflow/.local/lib/python3.6/site-packages/airflow/example_dags/example_dag_decorator.py took 0.277 seconds
[2021-10-29 00:41:26,980] {processor.py:163} INFO - Started process (PID=357) to work on /home/airflow/.local/lib/python3.6/site-packages/airflow/example_dags/example_dag_decorator.py
[2021-10-29 00:41:27,061] {processor.py:620} INFO - Processing file /home/airflow/.local/lib/python3.6/site-packages/airflow/example_dags/example_dag_decorator.py for tasks to queue
[2021-10-29 00:41:27,063] {logging_mixin.py:109} INFO - [2021-10-29 00:41:27,063] {dagbag.py:500} INFO - Filling up the DagBag from /home/airflow/.local/lib/python3.6/site-packages/airflow/example_dags/example_dag_decorator.py
[2021-10-29 00:41:27,706] {processor.py:632} INFO - DAG(s) dict_keys(['example_dag_decorator']) retrieved from /home/airflow/.local/lib/python3.6/site-packages/airflow/example_dags/example_dag_decorator.py
[2021-10-29 00:41:30,384] {logging_mixin.py:109} INFO - [2021-10-29 00:41:30,384] {dag.py:2389} INFO - Sync 1 DAGs
[2021-10-29 00:41:30,523] {logging_mixin.py:109} INFO - [2021-10-29 00:41:30,523] {dag.py:2914} INFO - Setting next_dagrun for example_dag_decorator to None
[2021-10-29 00:41:30,688] {processor.py:171} INFO - Processing /home/airflow/.local/lib/python3.6/site-packages/airflow/example_dags/example_dag_decorator.py took 3.711 seconds
[2021-10-29 00:42:01,238] {processor.py:163} INFO - Started process (PID=415) to work on /home/airflow/.local/lib/python3.6/site-packages/airflow/example_dags/example_dag_decorator.py
[2021-10-29 00:42:01,243] {processor.py:620} INFO - Processing file /home/airflow/.local/lib/python3.6/site-packages/airflow/example_dags/example_dag_decorator.py for tasks to queue
[2021-10-29 00:42:01,244] {logging_mixin.py:109} INFO - [2021-10-29 00:42:01,243] {dagbag.py:500} INFO - Filling up the DagBag from /home/airflow/.local/lib/python3.6/site-packages/airflow/example_dags/example_dag_decorator.py
[2021-10-29 00:42:01,430] {processor.py:632} INFO - DAG(s) dict_keys(['example_dag_decorator']) retrieved from /home/airflow/.local/lib/python3.6/site-packages/airflow/example_dags/example_dag_decorator.py
[2021-10-29 00:42:02,750] {logging_mixin.py:109} INFO - [2021-10-29 00:42:02,750] {dag.py:2389} INFO - Sync 1 DAGs
[2021-10-29 00:42:02,965] {logging_mixin.py:109} INFO - [2021-10-29 00:42:02,965] {dag.py:2914} INFO - Setting next_dagrun for example_dag_decorator to None
[2021-10-29 00:42:03,033] {processor.py:171} INFO - Processing /home/airflow/.local/lib/python3.6/site-packages/airflow/example_dags/example_dag_decorator.py took 1.832 seconds
[2021-10-29 00:42:33,756] {processor.py:163} INFO - Started process (PID=459) to work on /home/airflow/.local/lib/python3.6/site-packages/airflow/example_dags/example_dag_decorator.py
[2021-10-29 00:42:33,759] {processor.py:620} INFO - Processing file /home/airflow/.local/lib/python3.6/site-packages/airflow/example_dags/example_dag_decorator.py for tasks to queue
[2021-10-29 00:42:33,759] {logging_mixin.py:109} INFO - [2021-10-29 00:42:33,759] {dagbag.py:500} INFO - Filling up the DagBag from /home/airflow/.local/lib/python3.6/site-packages/airflow/example_dags/example_dag_decorator.py
[2021-10-29 00:42:33,795] {processor.py:632} INFO - DAG(s) dict_keys(['example_dag_decorator']) retrieved from /home/airflow/.local/lib/python3.6/site-packages/airflow/example_dags/example_dag_decorator.py
[2021-10-29 00:42:34,036] {logging_mixin.py:109} INFO - [2021-10-29 00:42:34,036] {dag.py:2389} INFO - Sync 1 DAGs
[2021-10-29 00:42:34,058] {logging_mixin.py:109} INFO - [2021-10-29 00:42:34,058] {dag.py:2914} INFO - Setting next_dagrun for example_dag_decorator to None
[2021-10-29 00:42:34,078] {processor.py:171} INFO - Processing /home/airflow/.local/lib/python3.6/site-packages/airflow/example_dags/example_dag_decorator.py took 0.325 seconds
[2021-10-29 00:43:08,115] {processor.py:163} INFO - Started process (PID=514) to work on /home/airflow/.local/lib/python3.6/site-packages/airflow/example_dags/example_dag_decorator.py
[2021-10-29 00:43:08,161] {processor.py:620} INFO - Processing file /home/airflow/.local/lib/python3.6/site-packages/airflow/example_dags/example_dag_decorator.py for tasks to queue
[2021-10-29 00:43:08,162] {logging_mixin.py:109} INFO - [2021-10-29 00:43:08,161] {dagbag.py:500} INFO - Filling up the DagBag from /home/airflow/.local/lib/python3.6/site-packages/airflow/example_dags/example_dag_decorator.py
[2021-10-29 00:43:09,233] {processor.py:632} INFO - DAG(s) dict_keys(['example_dag_decorator']) retrieved from /home/airflow/.local/lib/python3.6/site-packages/airflow/example_dags/example_dag_decorator.py
[2021-10-29 00:43:13,390] {logging_mixin.py:109} INFO - [2021-10-29 00:43:13,390] {dag.py:2389} INFO - Sync 1 DAGs
[2021-10-29 00:43:13,567] {logging_mixin.py:109} INFO - [2021-10-29 00:43:13,566] {dag.py:2914} INFO - Setting next_dagrun for example_dag_decorator to None
[2021-10-29 00:43:13,714] {processor.py:171} INFO - Processing /home/airflow/.local/lib/python3.6/site-packages/airflow/example_dags/example_dag_decorator.py took 5.893 seconds
[2021-10-29 00:43:43,939] {processor.py:163} INFO - Started process (PID=569) to work on /home/airflow/.local/lib/python3.6/site-packages/airflow/example_dags/example_dag_decorator.py
[2021-10-29 00:43:43,948] {processor.py:620} INFO - Processing file /home/airflow/.local/lib/python3.6/site-packages/airflow/example_dags/example_dag_decorator.py for tasks to queue
[2021-10-29 00:43:43,949] {logging_mixin.py:109} INFO - [2021-10-29 00:43:43,949] {dagbag.py:500} INFO - Filling up the DagBag from /home/airflow/.local/lib/python3.6/site-packages/airflow/example_dags/example_dag_decorator.py
[2021-10-29 00:43:44,150] {processor.py:632} INFO - DAG(s) dict_keys(['example_dag_decorator']) retrieved from /home/airflow/.local/lib/python3.6/site-packages/airflow/example_dags/example_dag_decorator.py
[2021-10-29 00:43:44,730] {logging_mixin.py:109} INFO - [2021-10-29 00:43:44,730] {dag.py:2389} INFO - Sync 1 DAGs
[2021-10-29 00:43:44,764] {logging_mixin.py:109} INFO - [2021-10-29 00:43:44,764] {dag.py:2914} INFO - Setting next_dagrun for example_dag_decorator to None
[2021-10-29 00:43:44,815] {processor.py:171} INFO - Processing /home/airflow/.local/lib/python3.6/site-packages/airflow/example_dags/example_dag_decorator.py took 0.935 seconds
[2021-10-29 00:44:14,878] {processor.py:163} INFO - Started process (PID=613) to work on /home/airflow/.local/lib/python3.6/site-packages/airflow/example_dags/example_dag_decorator.py
[2021-10-29 00:44:14,884] {processor.py:620} INFO - Processing file /home/airflow/.local/lib/python3.6/site-packages/airflow/example_dags/example_dag_decorator.py for tasks to queue
[2021-10-29 00:44:14,884] {logging_mixin.py:109} INFO - [2021-10-29 00:44:14,884] {dagbag.py:500} INFO - Filling up the DagBag from /home/airflow/.local/lib/python3.6/site-packages/airflow/example_dags/example_dag_decorator.py
[2021-10-29 00:44:15,039] {processor.py:632} INFO - DAG(s) dict_keys(['example_dag_decorator']) retrieved from /home/airflow/.local/lib/python3.6/site-packages/airflow/example_dags/example_dag_decorator.py
[2021-10-29 00:44:16,369] {logging_mixin.py:109} INFO - [2021-10-29 00:44:16,369] {dag.py:2389} INFO - Sync 1 DAGs
[2021-10-29 00:44:16,533] {logging_mixin.py:109} INFO - [2021-10-29 00:44:16,533] {dag.py:2914} INFO - Setting next_dagrun for example_dag_decorator to None
[2021-10-29 00:44:16,651] {processor.py:171} INFO - Processing /home/airflow/.local/lib/python3.6/site-packages/airflow/example_dags/example_dag_decorator.py took 1.776 seconds
[2021-10-29 00:44:47,253] {processor.py:163} INFO - Started process (PID=667) to work on /home/airflow/.local/lib/python3.6/site-packages/airflow/example_dags/example_dag_decorator.py
[2021-10-29 00:44:47,271] {processor.py:620} INFO - Processing file /home/airflow/.local/lib/python3.6/site-packages/airflow/example_dags/example_dag_decorator.py for tasks to queue
[2021-10-29 00:44:47,272] {logging_mixin.py:109} INFO - [2021-10-29 00:44:47,272] {dagbag.py:500} INFO - Filling up the DagBag from /home/airflow/.local/lib/python3.6/site-packages/airflow/example_dags/example_dag_decorator.py
[2021-10-29 00:44:47,504] {processor.py:632} INFO - DAG(s) dict_keys(['example_dag_decorator']) retrieved from /home/airflow/.local/lib/python3.6/site-packages/airflow/example_dags/example_dag_decorator.py
[2021-10-29 00:44:49,270] {logging_mixin.py:109} INFO - [2021-10-29 00:44:49,270] {dag.py:2389} INFO - Sync 1 DAGs
[2021-10-29 00:44:49,343] {logging_mixin.py:109} INFO - [2021-10-29 00:44:49,343] {dag.py:2914} INFO - Setting next_dagrun for example_dag_decorator to None
[2021-10-29 00:44:49,458] {processor.py:171} INFO - Processing /home/airflow/.local/lib/python3.6/site-packages/airflow/example_dags/example_dag_decorator.py took 2.264 seconds
[2021-10-29 00:45:19,767] {processor.py:163} INFO - Started process (PID=721) to work on /home/airflow/.local/lib/python3.6/site-packages/airflow/example_dags/example_dag_decorator.py
[2021-10-29 00:45:19,831] {processor.py:620} INFO - Processing file /home/airflow/.local/lib/python3.6/site-packages/airflow/example_dags/example_dag_decorator.py for tasks to queue
[2021-10-29 00:45:19,831] {logging_mixin.py:109} INFO - [2021-10-29 00:45:19,831] {dagbag.py:500} INFO - Filling up the DagBag from /home/airflow/.local/lib/python3.6/site-packages/airflow/example_dags/example_dag_decorator.py
[2021-10-29 00:45:20,470] {processor.py:632} INFO - DAG(s) dict_keys(['example_dag_decorator']) retrieved from /home/airflow/.local/lib/python3.6/site-packages/airflow/example_dags/example_dag_decorator.py
[2021-10-29 00:45:21,785] {logging_mixin.py:109} INFO - [2021-10-29 00:45:21,785] {dag.py:2389} INFO - Sync 1 DAGs
[2021-10-29 00:45:21,835] {logging_mixin.py:109} INFO - [2021-10-29 00:45:21,835] {dag.py:2914} INFO - Setting next_dagrun for example_dag_decorator to None
[2021-10-29 00:45:21,854] {processor.py:171} INFO - Processing /home/airflow/.local/lib/python3.6/site-packages/airflow/example_dags/example_dag_decorator.py took 2.090 seconds
[2021-10-29 00:45:52,445] {processor.py:163} INFO - Started process (PID=785) to work on /home/airflow/.local/lib/python3.6/site-packages/airflow/example_dags/example_dag_decorator.py
[2021-10-29 00:45:52,473] {processor.py:620} INFO - Processing file /home/airflow/.local/lib/python3.6/site-packages/airflow/example_dags/example_dag_decorator.py for tasks to queue
[2021-10-29 00:45:52,474] {logging_mixin.py:109} INFO - [2021-10-29 00:45:52,474] {dagbag.py:500} INFO - Filling up the DagBag from /home/airflow/.local/lib/python3.6/site-packages/airflow/example_dags/example_dag_decorator.py
[2021-10-29 00:45:52,571] {processor.py:632} INFO - DAG(s) dict_keys(['example_dag_decorator']) retrieved from /home/airflow/.local/lib/python3.6/site-packages/airflow/example_dags/example_dag_decorator.py
[2021-10-29 00:45:53,096] {logging_mixin.py:109} INFO - [2021-10-29 00:45:53,096] {dag.py:2389} INFO - Sync 1 DAGs
[2021-10-29 00:45:53,132] {logging_mixin.py:109} INFO - [2021-10-29 00:45:53,132] {dag.py:2914} INFO - Setting next_dagrun for example_dag_decorator to None
[2021-10-29 00:45:53,152] {processor.py:171} INFO - Processing /home/airflow/.local/lib/python3.6/site-packages/airflow/example_dags/example_dag_decorator.py took 0.711 seconds
[2021-10-29 00:46:24,252] {processor.py:163} INFO - Started process (PID=841) to work on /home/airflow/.local/lib/python3.6/site-packages/airflow/example_dags/example_dag_decorator.py
[2021-10-29 00:46:24,271] {processor.py:620} INFO - Processing file /home/airflow/.local/lib/python3.6/site-packages/airflow/example_dags/example_dag_decorator.py for tasks to queue
[2021-10-29 00:46:24,275] {logging_mixin.py:109} INFO - [2021-10-29 00:46:24,275] {dagbag.py:500} INFO - Filling up the DagBag from /home/airflow/.local/lib/python3.6/site-packages/airflow/example_dags/example_dag_decorator.py
[2021-10-29 00:46:24,418] {processor.py:632} INFO - DAG(s) dict_keys(['example_dag_decorator']) retrieved from /home/airflow/.local/lib/python3.6/site-packages/airflow/example_dags/example_dag_decorator.py
[2021-10-29 00:46:24,441] {logging_mixin.py:109} INFO - [2021-10-29 00:46:24,441] {dag.py:2389} INFO - Sync 1 DAGs
[2021-10-29 00:46:24,469] {logging_mixin.py:109} INFO - [2021-10-29 00:46:24,469] {dag.py:2914} INFO - Setting next_dagrun for example_dag_decorator to None
[2021-10-29 00:46:24,501] {processor.py:171} INFO - Processing /home/airflow/.local/lib/python3.6/site-packages/airflow/example_dags/example_dag_decorator.py took 0.253 seconds
[2021-10-29 00:46:55,983] {processor.py:163} INFO - Started process (PID=897) to work on /home/airflow/.local/lib/python3.6/site-packages/airflow/example_dags/example_dag_decorator.py
[2021-10-29 00:46:55,996] {processor.py:620} INFO - Processing file /home/airflow/.local/lib/python3.6/site-packages/airflow/example_dags/example_dag_decorator.py for tasks to queue
[2021-10-29 00:46:56,000] {logging_mixin.py:109} INFO - [2021-10-29 00:46:56,000] {dagbag.py:500} INFO - Filling up the DagBag from /home/airflow/.local/lib/python3.6/site-packages/airflow/example_dags/example_dag_decorator.py
[2021-10-29 00:46:56,084] {processor.py:632} INFO - DAG(s) dict_keys(['example_dag_decorator']) retrieved from /home/airflow/.local/lib/python3.6/site-packages/airflow/example_dags/example_dag_decorator.py
[2021-10-29 00:46:56,707] {logging_mixin.py:109} INFO - [2021-10-29 00:46:56,707] {dag.py:2389} INFO - Sync 1 DAGs
[2021-10-29 00:46:56,735] {logging_mixin.py:109} INFO - [2021-10-29 00:46:56,735] {dag.py:2914} INFO - Setting next_dagrun for example_dag_decorator to None
[2021-10-29 00:46:56,753] {processor.py:171} INFO - Processing /home/airflow/.local/lib/python3.6/site-packages/airflow/example_dags/example_dag_decorator.py took 0.774 seconds
[2021-10-29 00:47:29,093] {processor.py:163} INFO - Started process (PID=956) to work on /home/airflow/.local/lib/python3.6/site-packages/airflow/example_dags/example_dag_decorator.py
[2021-10-29 00:47:29,120] {processor.py:620} INFO - Processing file /home/airflow/.local/lib/python3.6/site-packages/airflow/example_dags/example_dag_decorator.py for tasks to queue
[2021-10-29 00:47:29,122] {logging_mixin.py:109} INFO - [2021-10-29 00:47:29,122] {dagbag.py:500} INFO - Filling up the DagBag from /home/airflow/.local/lib/python3.6/site-packages/airflow/example_dags/example_dag_decorator.py
[2021-10-29 00:47:29,211] {processor.py:632} INFO - DAG(s) dict_keys(['example_dag_decorator']) retrieved from /home/airflow/.local/lib/python3.6/site-packages/airflow/example_dags/example_dag_decorator.py
[2021-10-29 00:47:29,653] {logging_mixin.py:109} INFO - [2021-10-29 00:47:29,653] {dag.py:2389} INFO - Sync 1 DAGs
[2021-10-29 00:47:29,679] {logging_mixin.py:109} INFO - [2021-10-29 00:47:29,679] {dag.py:2914} INFO - Setting next_dagrun for example_dag_decorator to None
[2021-10-29 00:47:29,702] {processor.py:171} INFO - Processing /home/airflow/.local/lib/python3.6/site-packages/airflow/example_dags/example_dag_decorator.py took 0.613 seconds
[2021-10-29 00:48:01,632] {processor.py:163} INFO - Started process (PID=1010) to work on /home/airflow/.local/lib/python3.6/site-packages/airflow/example_dags/example_dag_decorator.py
[2021-10-29 00:48:01,663] {processor.py:620} INFO - Processing file /home/airflow/.local/lib/python3.6/site-packages/airflow/example_dags/example_dag_decorator.py for tasks to queue
[2021-10-29 00:48:01,683] {logging_mixin.py:109} INFO - [2021-10-29 00:48:01,682] {dagbag.py:500} INFO - Filling up the DagBag from /home/airflow/.local/lib/python3.6/site-packages/airflow/example_dags/example_dag_decorator.py
[2021-10-29 00:48:01,870] {processor.py:632} INFO - DAG(s) dict_keys(['example_dag_decorator']) retrieved from /home/airflow/.local/lib/python3.6/site-packages/airflow/example_dags/example_dag_decorator.py
[2021-10-29 00:48:02,984] {logging_mixin.py:109} INFO - [2021-10-29 00:48:02,984] {dag.py:2389} INFO - Sync 1 DAGs
[2021-10-29 00:48:03,022] {logging_mixin.py:109} INFO - [2021-10-29 00:48:03,022] {dag.py:2914} INFO - Setting next_dagrun for example_dag_decorator to None
[2021-10-29 00:48:03,034] {processor.py:171} INFO - Processing /home/airflow/.local/lib/python3.6/site-packages/airflow/example_dags/example_dag_decorator.py took 1.405 seconds
[2021-10-29 00:48:33,506] {processor.py:163} INFO - Started process (PID=1054) to work on /home/airflow/.local/lib/python3.6/site-packages/airflow/example_dags/example_dag_decorator.py
[2021-10-29 00:48:33,521] {processor.py:620} INFO - Processing file /home/airflow/.local/lib/python3.6/site-packages/airflow/example_dags/example_dag_decorator.py for tasks to queue
[2021-10-29 00:48:33,522] {logging_mixin.py:109} INFO - [2021-10-29 00:48:33,521] {dagbag.py:500} INFO - Filling up the DagBag from /home/airflow/.local/lib/python3.6/site-packages/airflow/example_dags/example_dag_decorator.py
[2021-10-29 00:48:33,839] {processor.py:632} INFO - DAG(s) dict_keys(['example_dag_decorator']) retrieved from /home/airflow/.local/lib/python3.6/site-packages/airflow/example_dags/example_dag_decorator.py
[2021-10-29 00:48:34,458] {logging_mixin.py:109} INFO - [2021-10-29 00:48:34,458] {dag.py:2389} INFO - Sync 1 DAGs
[2021-10-29 00:48:34,489] {logging_mixin.py:109} INFO - [2021-10-29 00:48:34,489] {dag.py:2914} INFO - Setting next_dagrun for example_dag_decorator to None
[2021-10-29 00:48:34,518] {processor.py:171} INFO - Processing /home/airflow/.local/lib/python3.6/site-packages/airflow/example_dags/example_dag_decorator.py took 1.015 seconds
[2021-10-29 00:49:04,999] {processor.py:163} INFO - Started process (PID=1120) to work on /home/airflow/.local/lib/python3.6/site-packages/airflow/example_dags/example_dag_decorator.py
[2021-10-29 00:49:05,018] {processor.py:620} INFO - Processing file /home/airflow/.local/lib/python3.6/site-packages/airflow/example_dags/example_dag_decorator.py for tasks to queue
[2021-10-29 00:49:05,019] {logging_mixin.py:109} INFO - [2021-10-29 00:49:05,019] {dagbag.py:500} INFO - Filling up the DagBag from /home/airflow/.local/lib/python3.6/site-packages/airflow/example_dags/example_dag_decorator.py
[2021-10-29 00:49:05,163] {processor.py:632} INFO - DAG(s) dict_keys(['example_dag_decorator']) retrieved from /home/airflow/.local/lib/python3.6/site-packages/airflow/example_dags/example_dag_decorator.py
[2021-10-29 00:49:06,324] {logging_mixin.py:109} INFO - [2021-10-29 00:49:06,324] {dag.py:2389} INFO - Sync 1 DAGs
[2021-10-29 00:49:06,366] {logging_mixin.py:109} INFO - [2021-10-29 00:49:06,366] {dag.py:2914} INFO - Setting next_dagrun for example_dag_decorator to None
[2021-10-29 00:49:06,418] {processor.py:171} INFO - Processing /home/airflow/.local/lib/python3.6/site-packages/airflow/example_dags/example_dag_decorator.py took 1.461 seconds
[2021-10-29 00:49:37,190] {processor.py:163} INFO - Started process (PID=1174) to work on /home/airflow/.local/lib/python3.6/site-packages/airflow/example_dags/example_dag_decorator.py
[2021-10-29 00:49:37,363] {processor.py:620} INFO - Processing file /home/airflow/.local/lib/python3.6/site-packages/airflow/example_dags/example_dag_decorator.py for tasks to queue
[2021-10-29 00:49:37,363] {logging_mixin.py:109} INFO - [2021-10-29 00:49:37,363] {dagbag.py:500} INFO - Filling up the DagBag from /home/airflow/.local/lib/python3.6/site-packages/airflow/example_dags/example_dag_decorator.py
[2021-10-29 00:49:37,841] {processor.py:632} INFO - DAG(s) dict_keys(['example_dag_decorator']) retrieved from /home/airflow/.local/lib/python3.6/site-packages/airflow/example_dags/example_dag_decorator.py
[2021-10-29 00:49:40,880] {logging_mixin.py:109} INFO - [2021-10-29 00:49:40,880] {dag.py:2389} INFO - Sync 1 DAGs
[2021-10-29 00:49:41,001] {logging_mixin.py:109} INFO - [2021-10-29 00:49:41,001] {dag.py:2914} INFO - Setting next_dagrun for example_dag_decorator to None
[2021-10-29 00:49:41,183] {processor.py:171} INFO - Processing /home/airflow/.local/lib/python3.6/site-packages/airflow/example_dags/example_dag_decorator.py took 3.996 seconds
[2021-10-29 00:50:12,031] {processor.py:163} INFO - Started process (PID=1218) to work on /home/airflow/.local/lib/python3.6/site-packages/airflow/example_dags/example_dag_decorator.py
[2021-10-29 00:50:12,047] {processor.py:620} INFO - Processing file /home/airflow/.local/lib/python3.6/site-packages/airflow/example_dags/example_dag_decorator.py for tasks to queue
[2021-10-29 00:50:12,047] {logging_mixin.py:109} INFO - [2021-10-29 00:50:12,047] {dagbag.py:500} INFO - Filling up the DagBag from /home/airflow/.local/lib/python3.6/site-packages/airflow/example_dags/example_dag_decorator.py
[2021-10-29 00:50:12,586] {processor.py:632} INFO - DAG(s) dict_keys(['example_dag_decorator']) retrieved from /home/airflow/.local/lib/python3.6/site-packages/airflow/example_dags/example_dag_decorator.py
[2021-10-29 00:50:14,307] {logging_mixin.py:109} INFO - [2021-10-29 00:50:14,307] {dag.py:2389} INFO - Sync 1 DAGs
[2021-10-29 00:50:14,363] {logging_mixin.py:109} INFO - [2021-10-29 00:50:14,363] {dag.py:2914} INFO - Setting next_dagrun for example_dag_decorator to None
[2021-10-29 00:50:14,415] {processor.py:171} INFO - Processing /home/airflow/.local/lib/python3.6/site-packages/airflow/example_dags/example_dag_decorator.py took 2.420 seconds
[2021-10-29 00:50:44,777] {processor.py:163} INFO - Started process (PID=1272) to work on /home/airflow/.local/lib/python3.6/site-packages/airflow/example_dags/example_dag_decorator.py
[2021-10-29 00:50:44,788] {processor.py:620} INFO - Processing file /home/airflow/.local/lib/python3.6/site-packages/airflow/example_dags/example_dag_decorator.py for tasks to queue
[2021-10-29 00:50:44,789] {logging_mixin.py:109} INFO - [2021-10-29 00:50:44,789] {dagbag.py:500} INFO - Filling up the DagBag from /home/airflow/.local/lib/python3.6/site-packages/airflow/example_dags/example_dag_decorator.py
[2021-10-29 00:50:44,991] {processor.py:632} INFO - DAG(s) dict_keys(['example_dag_decorator']) retrieved from /home/airflow/.local/lib/python3.6/site-packages/airflow/example_dags/example_dag_decorator.py
[2021-10-29 00:50:45,447] {logging_mixin.py:109} INFO - [2021-10-29 00:50:45,447] {dag.py:2389} INFO - Sync 1 DAGs
[2021-10-29 00:50:45,482] {logging_mixin.py:109} INFO - [2021-10-29 00:50:45,481] {dag.py:2914} INFO - Setting next_dagrun for example_dag_decorator to None
[2021-10-29 00:50:45,498] {processor.py:171} INFO - Processing /home/airflow/.local/lib/python3.6/site-packages/airflow/example_dags/example_dag_decorator.py took 0.724 seconds
[2021-10-29 00:51:15,703] {processor.py:163} INFO - Started process (PID=1327) to work on /home/airflow/.local/lib/python3.6/site-packages/airflow/example_dags/example_dag_decorator.py
[2021-10-29 00:51:15,710] {processor.py:620} INFO - Processing file /home/airflow/.local/lib/python3.6/site-packages/airflow/example_dags/example_dag_decorator.py for tasks to queue
[2021-10-29 00:51:15,712] {logging_mixin.py:109} INFO - [2021-10-29 00:51:15,712] {dagbag.py:500} INFO - Filling up the DagBag from /home/airflow/.local/lib/python3.6/site-packages/airflow/example_dags/example_dag_decorator.py
[2021-10-29 00:51:15,749] {processor.py:632} INFO - DAG(s) dict_keys(['example_dag_decorator']) retrieved from /home/airflow/.local/lib/python3.6/site-packages/airflow/example_dags/example_dag_decorator.py
[2021-10-29 00:51:15,985] {logging_mixin.py:109} INFO - [2021-10-29 00:51:15,984] {dag.py:2389} INFO - Sync 1 DAGs
[2021-10-29 00:51:16,050] {logging_mixin.py:109} INFO - [2021-10-29 00:51:16,050] {dag.py:2914} INFO - Setting next_dagrun for example_dag_decorator to None
[2021-10-29 00:51:16,112] {processor.py:171} INFO - Processing /home/airflow/.local/lib/python3.6/site-packages/airflow/example_dags/example_dag_decorator.py took 0.412 seconds
[2021-10-29 00:51:46,423] {processor.py:163} INFO - Started process (PID=1381) to work on /home/airflow/.local/lib/python3.6/site-packages/airflow/example_dags/example_dag_decorator.py
[2021-10-29 00:51:46,425] {processor.py:620} INFO - Processing file /home/airflow/.local/lib/python3.6/site-packages/airflow/example_dags/example_dag_decorator.py for tasks to queue
[2021-10-29 00:51:46,425] {logging_mixin.py:109} INFO - [2021-10-29 00:51:46,425] {dagbag.py:500} INFO - Filling up the DagBag from /home/airflow/.local/lib/python3.6/site-packages/airflow/example_dags/example_dag_decorator.py
[2021-10-29 00:51:46,572] {processor.py:632} INFO - DAG(s) dict_keys(['example_dag_decorator']) retrieved from /home/airflow/.local/lib/python3.6/site-packages/airflow/example_dags/example_dag_decorator.py
[2021-10-29 00:51:46,909] {logging_mixin.py:109} INFO - [2021-10-29 00:51:46,909] {dag.py:2389} INFO - Sync 1 DAGs
[2021-10-29 00:51:46,926] {logging_mixin.py:109} INFO - [2021-10-29 00:51:46,926] {dag.py:2914} INFO - Setting next_dagrun for example_dag_decorator to None
[2021-10-29 00:51:46,945] {processor.py:171} INFO - Processing /home/airflow/.local/lib/python3.6/site-packages/airflow/example_dags/example_dag_decorator.py took 0.525 seconds
[2021-10-29 00:52:17,315] {processor.py:163} INFO - Started process (PID=1435) to work on /home/airflow/.local/lib/python3.6/site-packages/airflow/example_dags/example_dag_decorator.py
[2021-10-29 00:52:17,331] {processor.py:620} INFO - Processing file /home/airflow/.local/lib/python3.6/site-packages/airflow/example_dags/example_dag_decorator.py for tasks to queue
[2021-10-29 00:52:17,332] {logging_mixin.py:109} INFO - [2021-10-29 00:52:17,331] {dagbag.py:500} INFO - Filling up the DagBag from /home/airflow/.local/lib/python3.6/site-packages/airflow/example_dags/example_dag_decorator.py
[2021-10-29 00:52:17,396] {processor.py:632} INFO - DAG(s) dict_keys(['example_dag_decorator']) retrieved from /home/airflow/.local/lib/python3.6/site-packages/airflow/example_dags/example_dag_decorator.py
[2021-10-29 00:52:17,745] {logging_mixin.py:109} INFO - [2021-10-29 00:52:17,745] {dag.py:2389} INFO - Sync 1 DAGs
[2021-10-29 00:52:17,777] {logging_mixin.py:109} INFO - [2021-10-29 00:52:17,777] {dag.py:2914} INFO - Setting next_dagrun for example_dag_decorator to None
[2021-10-29 00:52:17,799] {processor.py:171} INFO - Processing /home/airflow/.local/lib/python3.6/site-packages/airflow/example_dags/example_dag_decorator.py took 0.487 seconds
[2021-10-29 00:52:48,502] {processor.py:163} INFO - Started process (PID=1493) to work on /home/airflow/.local/lib/python3.6/site-packages/airflow/example_dags/example_dag_decorator.py
[2021-10-29 00:52:48,521] {processor.py:620} INFO - Processing file /home/airflow/.local/lib/python3.6/site-packages/airflow/example_dags/example_dag_decorator.py for tasks to queue
[2021-10-29 00:52:48,523] {logging_mixin.py:109} INFO - [2021-10-29 00:52:48,523] {dagbag.py:500} INFO - Filling up the DagBag from /home/airflow/.local/lib/python3.6/site-packages/airflow/example_dags/example_dag_decorator.py
[2021-10-29 00:52:48,595] {processor.py:632} INFO - DAG(s) dict_keys(['example_dag_decorator']) retrieved from /home/airflow/.local/lib/python3.6/site-packages/airflow/example_dags/example_dag_decorator.py
[2021-10-29 00:52:48,907] {logging_mixin.py:109} INFO - [2021-10-29 00:52:48,906] {dag.py:2389} INFO - Sync 1 DAGs
[2021-10-29 00:52:48,921] {logging_mixin.py:109} INFO - [2021-10-29 00:52:48,921] {dag.py:2914} INFO - Setting next_dagrun for example_dag_decorator to None
[2021-10-29 00:52:48,944] {processor.py:171} INFO - Processing /home/airflow/.local/lib/python3.6/site-packages/airflow/example_dags/example_dag_decorator.py took 0.446 seconds
