[2021-10-29 00:17:51,818] {processor.py:163} INFO - Started process (PID=155) to work on /home/airflow/.local/lib/python3.6/site-packages/airflow/example_dags/example_task_group_decorator.py
[2021-10-29 00:17:51,835] {processor.py:620} INFO - Processing file /home/airflow/.local/lib/python3.6/site-packages/airflow/example_dags/example_task_group_decorator.py for tasks to queue
[2021-10-29 00:17:51,867] {logging_mixin.py:109} INFO - [2021-10-29 00:17:51,867] {dagbag.py:500} INFO - Filling up the DagBag from /home/airflow/.local/lib/python3.6/site-packages/airflow/example_dags/example_task_group_decorator.py
[2021-10-29 00:17:52,257] {processor.py:632} INFO - DAG(s) dict_keys(['example_task_group_decorator']) retrieved from /home/airflow/.local/lib/python3.6/site-packages/airflow/example_dags/example_task_group_decorator.py
[2021-10-29 00:17:55,305] {logging_mixin.py:109} INFO - [2021-10-29 00:17:55,305] {dag.py:2389} INFO - Sync 1 DAGs
[2021-10-29 00:17:55,762] {logging_mixin.py:109} INFO - [2021-10-29 00:17:55,762] {dag.py:2914} INFO - Setting next_dagrun for example_task_group_decorator to 2021-10-28T00:17:55.762062+00:00
[2021-10-29 00:17:55,861] {processor.py:171} INFO - Processing /home/airflow/.local/lib/python3.6/site-packages/airflow/example_dags/example_task_group_decorator.py took 4.047 seconds
[2021-10-29 00:18:26,363] {processor.py:163} INFO - Started process (PID=209) to work on /home/airflow/.local/lib/python3.6/site-packages/airflow/example_dags/example_task_group_decorator.py
[2021-10-29 00:18:26,368] {processor.py:620} INFO - Processing file /home/airflow/.local/lib/python3.6/site-packages/airflow/example_dags/example_task_group_decorator.py for tasks to queue
[2021-10-29 00:18:26,369] {logging_mixin.py:109} INFO - [2021-10-29 00:18:26,369] {dagbag.py:500} INFO - Filling up the DagBag from /home/airflow/.local/lib/python3.6/site-packages/airflow/example_dags/example_task_group_decorator.py
[2021-10-29 00:18:26,492] {processor.py:632} INFO - DAG(s) dict_keys(['example_task_group_decorator']) retrieved from /home/airflow/.local/lib/python3.6/site-packages/airflow/example_dags/example_task_group_decorator.py
[2021-10-29 00:18:26,844] {logging_mixin.py:109} INFO - [2021-10-29 00:18:26,844] {dag.py:2389} INFO - Sync 1 DAGs
[2021-10-29 00:18:26,877] {logging_mixin.py:109} INFO - [2021-10-29 00:18:26,876] {dag.py:2914} INFO - Setting next_dagrun for example_task_group_decorator to 2021-10-28T00:18:26.876713+00:00
[2021-10-29 00:18:26,896] {processor.py:171} INFO - Processing /home/airflow/.local/lib/python3.6/site-packages/airflow/example_dags/example_task_group_decorator.py took 0.548 seconds
[2021-10-29 00:18:57,324] {processor.py:163} INFO - Started process (PID=262) to work on /home/airflow/.local/lib/python3.6/site-packages/airflow/example_dags/example_task_group_decorator.py
[2021-10-29 00:18:57,353] {processor.py:620} INFO - Processing file /home/airflow/.local/lib/python3.6/site-packages/airflow/example_dags/example_task_group_decorator.py for tasks to queue
[2021-10-29 00:18:57,362] {logging_mixin.py:109} INFO - [2021-10-29 00:18:57,362] {dagbag.py:500} INFO - Filling up the DagBag from /home/airflow/.local/lib/python3.6/site-packages/airflow/example_dags/example_task_group_decorator.py
[2021-10-29 00:18:57,460] {processor.py:632} INFO - DAG(s) dict_keys(['example_task_group_decorator']) retrieved from /home/airflow/.local/lib/python3.6/site-packages/airflow/example_dags/example_task_group_decorator.py
[2021-10-29 00:18:58,326] {logging_mixin.py:109} INFO - [2021-10-29 00:18:58,326] {dag.py:2389} INFO - Sync 1 DAGs
[2021-10-29 00:18:58,359] {logging_mixin.py:109} INFO - [2021-10-29 00:18:58,359] {dag.py:2914} INFO - Setting next_dagrun for example_task_group_decorator to 2021-10-28T00:18:58.358933+00:00
[2021-10-29 00:18:58,386] {processor.py:171} INFO - Processing /home/airflow/.local/lib/python3.6/site-packages/airflow/example_dags/example_task_group_decorator.py took 1.065 seconds
[2021-10-29 00:19:28,858] {processor.py:163} INFO - Started process (PID=315) to work on /home/airflow/.local/lib/python3.6/site-packages/airflow/example_dags/example_task_group_decorator.py
[2021-10-29 00:19:28,861] {processor.py:620} INFO - Processing file /home/airflow/.local/lib/python3.6/site-packages/airflow/example_dags/example_task_group_decorator.py for tasks to queue
[2021-10-29 00:19:28,879] {logging_mixin.py:109} INFO - [2021-10-29 00:19:28,879] {dagbag.py:500} INFO - Filling up the DagBag from /home/airflow/.local/lib/python3.6/site-packages/airflow/example_dags/example_task_group_decorator.py
[2021-10-29 00:19:29,026] {processor.py:632} INFO - DAG(s) dict_keys(['example_task_group_decorator']) retrieved from /home/airflow/.local/lib/python3.6/site-packages/airflow/example_dags/example_task_group_decorator.py
[2021-10-29 00:19:29,936] {logging_mixin.py:109} INFO - [2021-10-29 00:19:29,936] {dag.py:2389} INFO - Sync 1 DAGs
[2021-10-29 00:19:29,969] {logging_mixin.py:109} INFO - [2021-10-29 00:19:29,968] {dag.py:2914} INFO - Setting next_dagrun for example_task_group_decorator to 2021-10-28T00:19:29.968718+00:00
[2021-10-29 00:19:30,000] {processor.py:171} INFO - Processing /home/airflow/.local/lib/python3.6/site-packages/airflow/example_dags/example_task_group_decorator.py took 1.145 seconds
[2021-10-29 00:20:00,864] {processor.py:163} INFO - Started process (PID=369) to work on /home/airflow/.local/lib/python3.6/site-packages/airflow/example_dags/example_task_group_decorator.py
[2021-10-29 00:20:00,874] {processor.py:620} INFO - Processing file /home/airflow/.local/lib/python3.6/site-packages/airflow/example_dags/example_task_group_decorator.py for tasks to queue
[2021-10-29 00:20:00,875] {logging_mixin.py:109} INFO - [2021-10-29 00:20:00,875] {dagbag.py:500} INFO - Filling up the DagBag from /home/airflow/.local/lib/python3.6/site-packages/airflow/example_dags/example_task_group_decorator.py
[2021-10-29 00:20:01,005] {processor.py:632} INFO - DAG(s) dict_keys(['example_task_group_decorator']) retrieved from /home/airflow/.local/lib/python3.6/site-packages/airflow/example_dags/example_task_group_decorator.py
[2021-10-29 00:20:01,831] {logging_mixin.py:109} INFO - [2021-10-29 00:20:01,831] {dag.py:2389} INFO - Sync 1 DAGs
[2021-10-29 00:20:01,866] {logging_mixin.py:109} INFO - [2021-10-29 00:20:01,866] {dag.py:2914} INFO - Setting next_dagrun for example_task_group_decorator to 2021-10-28T00:20:01.866256+00:00
[2021-10-29 00:20:01,902] {processor.py:171} INFO - Processing /home/airflow/.local/lib/python3.6/site-packages/airflow/example_dags/example_task_group_decorator.py took 1.041 seconds
[2021-10-29 00:20:31,935] {processor.py:163} INFO - Started process (PID=423) to work on /home/airflow/.local/lib/python3.6/site-packages/airflow/example_dags/example_task_group_decorator.py
[2021-10-29 00:20:31,944] {processor.py:620} INFO - Processing file /home/airflow/.local/lib/python3.6/site-packages/airflow/example_dags/example_task_group_decorator.py for tasks to queue
[2021-10-29 00:20:31,946] {logging_mixin.py:109} INFO - [2021-10-29 00:20:31,946] {dagbag.py:500} INFO - Filling up the DagBag from /home/airflow/.local/lib/python3.6/site-packages/airflow/example_dags/example_task_group_decorator.py
[2021-10-29 00:20:32,083] {processor.py:632} INFO - DAG(s) dict_keys(['example_task_group_decorator']) retrieved from /home/airflow/.local/lib/python3.6/site-packages/airflow/example_dags/example_task_group_decorator.py
[2021-10-29 00:20:32,848] {logging_mixin.py:109} INFO - [2021-10-29 00:20:32,848] {dag.py:2389} INFO - Sync 1 DAGs
[2021-10-29 00:20:32,881] {logging_mixin.py:109} INFO - [2021-10-29 00:20:32,881] {dag.py:2914} INFO - Setting next_dagrun for example_task_group_decorator to 2021-10-28T00:20:32.880813+00:00
[2021-10-29 00:20:32,907] {processor.py:171} INFO - Processing /home/airflow/.local/lib/python3.6/site-packages/airflow/example_dags/example_task_group_decorator.py took 0.975 seconds
[2021-10-29 00:21:03,140] {processor.py:163} INFO - Started process (PID=477) to work on /home/airflow/.local/lib/python3.6/site-packages/airflow/example_dags/example_task_group_decorator.py
[2021-10-29 00:21:03,178] {processor.py:620} INFO - Processing file /home/airflow/.local/lib/python3.6/site-packages/airflow/example_dags/example_task_group_decorator.py for tasks to queue
[2021-10-29 00:21:03,180] {logging_mixin.py:109} INFO - [2021-10-29 00:21:03,180] {dagbag.py:500} INFO - Filling up the DagBag from /home/airflow/.local/lib/python3.6/site-packages/airflow/example_dags/example_task_group_decorator.py
[2021-10-29 00:21:03,403] {processor.py:632} INFO - DAG(s) dict_keys(['example_task_group_decorator']) retrieved from /home/airflow/.local/lib/python3.6/site-packages/airflow/example_dags/example_task_group_decorator.py
[2021-10-29 00:21:04,286] {logging_mixin.py:109} INFO - [2021-10-29 00:21:04,286] {dag.py:2389} INFO - Sync 1 DAGs
[2021-10-29 00:21:04,353] {logging_mixin.py:109} INFO - [2021-10-29 00:21:04,353] {dag.py:2914} INFO - Setting next_dagrun for example_task_group_decorator to 2021-10-28T00:21:04.353232+00:00
[2021-10-29 00:21:04,445] {processor.py:171} INFO - Processing /home/airflow/.local/lib/python3.6/site-packages/airflow/example_dags/example_task_group_decorator.py took 1.309 seconds
[2021-10-29 00:21:35,216] {processor.py:163} INFO - Started process (PID=531) to work on /home/airflow/.local/lib/python3.6/site-packages/airflow/example_dags/example_task_group_decorator.py
[2021-10-29 00:21:35,220] {processor.py:620} INFO - Processing file /home/airflow/.local/lib/python3.6/site-packages/airflow/example_dags/example_task_group_decorator.py for tasks to queue
[2021-10-29 00:21:35,237] {logging_mixin.py:109} INFO - [2021-10-29 00:21:35,237] {dagbag.py:500} INFO - Filling up the DagBag from /home/airflow/.local/lib/python3.6/site-packages/airflow/example_dags/example_task_group_decorator.py
[2021-10-29 00:21:35,809] {processor.py:632} INFO - DAG(s) dict_keys(['example_task_group_decorator']) retrieved from /home/airflow/.local/lib/python3.6/site-packages/airflow/example_dags/example_task_group_decorator.py
[2021-10-29 00:21:42,792] {logging_mixin.py:109} INFO - [2021-10-29 00:21:42,791] {dag.py:2389} INFO - Sync 1 DAGs
[2021-10-29 00:21:43,253] {logging_mixin.py:109} INFO - [2021-10-29 00:21:43,253] {dag.py:2914} INFO - Setting next_dagrun for example_task_group_decorator to 2021-10-28T00:21:43.253058+00:00
[2021-10-29 00:21:43,445] {processor.py:171} INFO - Processing /home/airflow/.local/lib/python3.6/site-packages/airflow/example_dags/example_task_group_decorator.py took 8.344 seconds
[2021-10-29 00:22:31,222] {processor.py:163} INFO - Started process (PID=588) to work on /home/airflow/.local/lib/python3.6/site-packages/airflow/example_dags/example_task_group_decorator.py
[2021-10-29 00:22:31,357] {processor.py:620} INFO - Processing file /home/airflow/.local/lib/python3.6/site-packages/airflow/example_dags/example_task_group_decorator.py for tasks to queue
[2021-10-29 00:22:31,363] {logging_mixin.py:109} INFO - [2021-10-29 00:22:31,363] {dagbag.py:500} INFO - Filling up the DagBag from /home/airflow/.local/lib/python3.6/site-packages/airflow/example_dags/example_task_group_decorator.py
[2021-10-29 00:22:32,620] {processor.py:632} INFO - DAG(s) dict_keys(['example_task_group_decorator']) retrieved from /home/airflow/.local/lib/python3.6/site-packages/airflow/example_dags/example_task_group_decorator.py
[2021-10-29 00:22:37,539] {logging_mixin.py:109} INFO - [2021-10-29 00:22:37,539] {dag.py:2389} INFO - Sync 1 DAGs
[2021-10-29 00:22:37,871] {logging_mixin.py:109} INFO - [2021-10-29 00:22:37,870] {dag.py:2914} INFO - Setting next_dagrun for example_task_group_decorator to 2021-10-28T00:22:37.870651+00:00
[2021-10-29 00:22:37,949] {processor.py:171} INFO - Processing /home/airflow/.local/lib/python3.6/site-packages/airflow/example_dags/example_task_group_decorator.py took 6.731 seconds
[2021-10-29 00:23:08,345] {processor.py:163} INFO - Started process (PID=652) to work on /home/airflow/.local/lib/python3.6/site-packages/airflow/example_dags/example_task_group_decorator.py
[2021-10-29 00:23:08,348] {processor.py:620} INFO - Processing file /home/airflow/.local/lib/python3.6/site-packages/airflow/example_dags/example_task_group_decorator.py for tasks to queue
[2021-10-29 00:23:08,358] {logging_mixin.py:109} INFO - [2021-10-29 00:23:08,357] {dagbag.py:500} INFO - Filling up the DagBag from /home/airflow/.local/lib/python3.6/site-packages/airflow/example_dags/example_task_group_decorator.py
[2021-10-29 00:23:08,526] {processor.py:632} INFO - DAG(s) dict_keys(['example_task_group_decorator']) retrieved from /home/airflow/.local/lib/python3.6/site-packages/airflow/example_dags/example_task_group_decorator.py
[2021-10-29 00:23:09,207] {logging_mixin.py:109} INFO - [2021-10-29 00:23:09,207] {dag.py:2389} INFO - Sync 1 DAGs
[2021-10-29 00:23:09,264] {logging_mixin.py:109} INFO - [2021-10-29 00:23:09,264] {dag.py:2914} INFO - Setting next_dagrun for example_task_group_decorator to 2021-10-28T00:23:09.264071+00:00
[2021-10-29 00:23:09,285] {processor.py:171} INFO - Processing /home/airflow/.local/lib/python3.6/site-packages/airflow/example_dags/example_task_group_decorator.py took 0.967 seconds
[2021-10-29 00:23:39,521] {processor.py:163} INFO - Started process (PID=706) to work on /home/airflow/.local/lib/python3.6/site-packages/airflow/example_dags/example_task_group_decorator.py
[2021-10-29 00:23:39,530] {processor.py:620} INFO - Processing file /home/airflow/.local/lib/python3.6/site-packages/airflow/example_dags/example_task_group_decorator.py for tasks to queue
[2021-10-29 00:23:39,532] {logging_mixin.py:109} INFO - [2021-10-29 00:23:39,532] {dagbag.py:500} INFO - Filling up the DagBag from /home/airflow/.local/lib/python3.6/site-packages/airflow/example_dags/example_task_group_decorator.py
[2021-10-29 00:23:39,628] {processor.py:632} INFO - DAG(s) dict_keys(['example_task_group_decorator']) retrieved from /home/airflow/.local/lib/python3.6/site-packages/airflow/example_dags/example_task_group_decorator.py
[2021-10-29 00:23:40,060] {logging_mixin.py:109} INFO - [2021-10-29 00:23:40,060] {dag.py:2389} INFO - Sync 1 DAGs
[2021-10-29 00:23:40,106] {logging_mixin.py:109} INFO - [2021-10-29 00:23:40,106] {dag.py:2914} INFO - Setting next_dagrun for example_task_group_decorator to 2021-10-28T00:23:40.106354+00:00
[2021-10-29 00:23:40,134] {processor.py:171} INFO - Processing /home/airflow/.local/lib/python3.6/site-packages/airflow/example_dags/example_task_group_decorator.py took 0.615 seconds
[2021-10-29 00:24:10,799] {processor.py:163} INFO - Started process (PID=760) to work on /home/airflow/.local/lib/python3.6/site-packages/airflow/example_dags/example_task_group_decorator.py
[2021-10-29 00:24:10,812] {processor.py:620} INFO - Processing file /home/airflow/.local/lib/python3.6/site-packages/airflow/example_dags/example_task_group_decorator.py for tasks to queue
[2021-10-29 00:24:10,814] {logging_mixin.py:109} INFO - [2021-10-29 00:24:10,813] {dagbag.py:500} INFO - Filling up the DagBag from /home/airflow/.local/lib/python3.6/site-packages/airflow/example_dags/example_task_group_decorator.py
[2021-10-29 00:24:10,907] {processor.py:632} INFO - DAG(s) dict_keys(['example_task_group_decorator']) retrieved from /home/airflow/.local/lib/python3.6/site-packages/airflow/example_dags/example_task_group_decorator.py
[2021-10-29 00:24:11,376] {logging_mixin.py:109} INFO - [2021-10-29 00:24:11,376] {dag.py:2389} INFO - Sync 1 DAGs
[2021-10-29 00:24:11,417] {logging_mixin.py:109} INFO - [2021-10-29 00:24:11,417] {dag.py:2914} INFO - Setting next_dagrun for example_task_group_decorator to 2021-10-28T00:24:11.417545+00:00
[2021-10-29 00:24:11,441] {processor.py:171} INFO - Processing /home/airflow/.local/lib/python3.6/site-packages/airflow/example_dags/example_task_group_decorator.py took 0.645 seconds
[2021-10-29 00:24:42,030] {processor.py:163} INFO - Started process (PID=814) to work on /home/airflow/.local/lib/python3.6/site-packages/airflow/example_dags/example_task_group_decorator.py
[2021-10-29 00:24:42,036] {processor.py:620} INFO - Processing file /home/airflow/.local/lib/python3.6/site-packages/airflow/example_dags/example_task_group_decorator.py for tasks to queue
[2021-10-29 00:24:42,037] {logging_mixin.py:109} INFO - [2021-10-29 00:24:42,037] {dagbag.py:500} INFO - Filling up the DagBag from /home/airflow/.local/lib/python3.6/site-packages/airflow/example_dags/example_task_group_decorator.py
[2021-10-29 00:24:42,123] {processor.py:632} INFO - DAG(s) dict_keys(['example_task_group_decorator']) retrieved from /home/airflow/.local/lib/python3.6/site-packages/airflow/example_dags/example_task_group_decorator.py
[2021-10-29 00:24:42,548] {logging_mixin.py:109} INFO - [2021-10-29 00:24:42,548] {dag.py:2389} INFO - Sync 1 DAGs
[2021-10-29 00:24:42,580] {logging_mixin.py:109} INFO - [2021-10-29 00:24:42,580] {dag.py:2914} INFO - Setting next_dagrun for example_task_group_decorator to 2021-10-28T00:24:42.580274+00:00
[2021-10-29 00:24:42,623] {processor.py:171} INFO - Processing /home/airflow/.local/lib/python3.6/site-packages/airflow/example_dags/example_task_group_decorator.py took 0.596 seconds
[2021-10-29 00:25:13,192] {processor.py:163} INFO - Started process (PID=868) to work on /home/airflow/.local/lib/python3.6/site-packages/airflow/example_dags/example_task_group_decorator.py
[2021-10-29 00:25:13,202] {processor.py:620} INFO - Processing file /home/airflow/.local/lib/python3.6/site-packages/airflow/example_dags/example_task_group_decorator.py for tasks to queue
[2021-10-29 00:25:13,204] {logging_mixin.py:109} INFO - [2021-10-29 00:25:13,204] {dagbag.py:500} INFO - Filling up the DagBag from /home/airflow/.local/lib/python3.6/site-packages/airflow/example_dags/example_task_group_decorator.py
[2021-10-29 00:25:13,273] {processor.py:632} INFO - DAG(s) dict_keys(['example_task_group_decorator']) retrieved from /home/airflow/.local/lib/python3.6/site-packages/airflow/example_dags/example_task_group_decorator.py
[2021-10-29 00:25:13,687] {logging_mixin.py:109} INFO - [2021-10-29 00:25:13,687] {dag.py:2389} INFO - Sync 1 DAGs
[2021-10-29 00:25:13,718] {logging_mixin.py:109} INFO - [2021-10-29 00:25:13,718] {dag.py:2914} INFO - Setting next_dagrun for example_task_group_decorator to 2021-10-28T00:25:13.718328+00:00
[2021-10-29 00:25:13,750] {processor.py:171} INFO - Processing /home/airflow/.local/lib/python3.6/site-packages/airflow/example_dags/example_task_group_decorator.py took 0.561 seconds
[2021-10-29 00:25:43,866] {processor.py:163} INFO - Started process (PID=922) to work on /home/airflow/.local/lib/python3.6/site-packages/airflow/example_dags/example_task_group_decorator.py
[2021-10-29 00:25:43,877] {processor.py:620} INFO - Processing file /home/airflow/.local/lib/python3.6/site-packages/airflow/example_dags/example_task_group_decorator.py for tasks to queue
[2021-10-29 00:25:43,878] {logging_mixin.py:109} INFO - [2021-10-29 00:25:43,878] {dagbag.py:500} INFO - Filling up the DagBag from /home/airflow/.local/lib/python3.6/site-packages/airflow/example_dags/example_task_group_decorator.py
[2021-10-29 00:25:43,955] {processor.py:632} INFO - DAG(s) dict_keys(['example_task_group_decorator']) retrieved from /home/airflow/.local/lib/python3.6/site-packages/airflow/example_dags/example_task_group_decorator.py
[2021-10-29 00:25:44,552] {logging_mixin.py:109} INFO - [2021-10-29 00:25:44,552] {dag.py:2389} INFO - Sync 1 DAGs
[2021-10-29 00:25:44,596] {logging_mixin.py:109} INFO - [2021-10-29 00:25:44,596] {dag.py:2914} INFO - Setting next_dagrun for example_task_group_decorator to 2021-10-28T00:25:44.595810+00:00
[2021-10-29 00:25:44,623] {processor.py:171} INFO - Processing /home/airflow/.local/lib/python3.6/site-packages/airflow/example_dags/example_task_group_decorator.py took 0.760 seconds
[2021-10-29 00:26:14,981] {processor.py:163} INFO - Started process (PID=976) to work on /home/airflow/.local/lib/python3.6/site-packages/airflow/example_dags/example_task_group_decorator.py
[2021-10-29 00:26:14,990] {processor.py:620} INFO - Processing file /home/airflow/.local/lib/python3.6/site-packages/airflow/example_dags/example_task_group_decorator.py for tasks to queue
[2021-10-29 00:26:14,991] {logging_mixin.py:109} INFO - [2021-10-29 00:26:14,991] {dagbag.py:500} INFO - Filling up the DagBag from /home/airflow/.local/lib/python3.6/site-packages/airflow/example_dags/example_task_group_decorator.py
[2021-10-29 00:26:15,075] {processor.py:632} INFO - DAG(s) dict_keys(['example_task_group_decorator']) retrieved from /home/airflow/.local/lib/python3.6/site-packages/airflow/example_dags/example_task_group_decorator.py
[2021-10-29 00:26:15,484] {logging_mixin.py:109} INFO - [2021-10-29 00:26:15,483] {dag.py:2389} INFO - Sync 1 DAGs
[2021-10-29 00:26:15,519] {logging_mixin.py:109} INFO - [2021-10-29 00:26:15,519] {dag.py:2914} INFO - Setting next_dagrun for example_task_group_decorator to 2021-10-28T00:26:15.519243+00:00
[2021-10-29 00:26:15,536] {processor.py:171} INFO - Processing /home/airflow/.local/lib/python3.6/site-packages/airflow/example_dags/example_task_group_decorator.py took 0.558 seconds
[2021-10-29 00:26:46,606] {processor.py:163} INFO - Started process (PID=1032) to work on /home/airflow/.local/lib/python3.6/site-packages/airflow/example_dags/example_task_group_decorator.py
[2021-10-29 00:26:46,630] {processor.py:620} INFO - Processing file /home/airflow/.local/lib/python3.6/site-packages/airflow/example_dags/example_task_group_decorator.py for tasks to queue
[2021-10-29 00:26:46,632] {logging_mixin.py:109} INFO - [2021-10-29 00:26:46,632] {dagbag.py:500} INFO - Filling up the DagBag from /home/airflow/.local/lib/python3.6/site-packages/airflow/example_dags/example_task_group_decorator.py
[2021-10-29 00:26:46,704] {processor.py:632} INFO - DAG(s) dict_keys(['example_task_group_decorator']) retrieved from /home/airflow/.local/lib/python3.6/site-packages/airflow/example_dags/example_task_group_decorator.py
[2021-10-29 00:26:47,072] {logging_mixin.py:109} INFO - [2021-10-29 00:26:47,072] {dag.py:2389} INFO - Sync 1 DAGs
[2021-10-29 00:26:47,093] {logging_mixin.py:109} INFO - [2021-10-29 00:26:47,093] {dag.py:2914} INFO - Setting next_dagrun for example_task_group_decorator to 2021-10-28T00:26:47.093499+00:00
[2021-10-29 00:26:47,111] {processor.py:171} INFO - Processing /home/airflow/.local/lib/python3.6/site-packages/airflow/example_dags/example_task_group_decorator.py took 0.527 seconds
[2021-10-29 00:27:17,944] {processor.py:163} INFO - Started process (PID=1085) to work on /home/airflow/.local/lib/python3.6/site-packages/airflow/example_dags/example_task_group_decorator.py
[2021-10-29 00:27:17,948] {processor.py:620} INFO - Processing file /home/airflow/.local/lib/python3.6/site-packages/airflow/example_dags/example_task_group_decorator.py for tasks to queue
[2021-10-29 00:27:17,950] {logging_mixin.py:109} INFO - [2021-10-29 00:27:17,950] {dagbag.py:500} INFO - Filling up the DagBag from /home/airflow/.local/lib/python3.6/site-packages/airflow/example_dags/example_task_group_decorator.py
[2021-10-29 00:27:18,026] {processor.py:632} INFO - DAG(s) dict_keys(['example_task_group_decorator']) retrieved from /home/airflow/.local/lib/python3.6/site-packages/airflow/example_dags/example_task_group_decorator.py
[2021-10-29 00:27:18,426] {logging_mixin.py:109} INFO - [2021-10-29 00:27:18,426] {dag.py:2389} INFO - Sync 1 DAGs
[2021-10-29 00:27:18,466] {logging_mixin.py:109} INFO - [2021-10-29 00:27:18,466] {dag.py:2914} INFO - Setting next_dagrun for example_task_group_decorator to 2021-10-28T00:27:18.456219+00:00
[2021-10-29 00:27:18,489] {processor.py:171} INFO - Processing /home/airflow/.local/lib/python3.6/site-packages/airflow/example_dags/example_task_group_decorator.py took 0.552 seconds
[2021-10-29 00:27:49,249] {processor.py:163} INFO - Started process (PID=1142) to work on /home/airflow/.local/lib/python3.6/site-packages/airflow/example_dags/example_task_group_decorator.py
[2021-10-29 00:27:49,281] {processor.py:620} INFO - Processing file /home/airflow/.local/lib/python3.6/site-packages/airflow/example_dags/example_task_group_decorator.py for tasks to queue
[2021-10-29 00:27:49,285] {logging_mixin.py:109} INFO - [2021-10-29 00:27:49,285] {dagbag.py:500} INFO - Filling up the DagBag from /home/airflow/.local/lib/python3.6/site-packages/airflow/example_dags/example_task_group_decorator.py
[2021-10-29 00:27:49,381] {processor.py:632} INFO - DAG(s) dict_keys(['example_task_group_decorator']) retrieved from /home/airflow/.local/lib/python3.6/site-packages/airflow/example_dags/example_task_group_decorator.py
[2021-10-29 00:27:49,759] {logging_mixin.py:109} INFO - [2021-10-29 00:27:49,759] {dag.py:2389} INFO - Sync 1 DAGs
[2021-10-29 00:27:49,783] {logging_mixin.py:109} INFO - [2021-10-29 00:27:49,782] {dag.py:2914} INFO - Setting next_dagrun for example_task_group_decorator to 2021-10-28T00:27:49.782746+00:00
[2021-10-29 00:27:49,805] {processor.py:171} INFO - Processing /home/airflow/.local/lib/python3.6/site-packages/airflow/example_dags/example_task_group_decorator.py took 0.559 seconds
[2021-10-29 00:28:20,665] {processor.py:163} INFO - Started process (PID=1195) to work on /home/airflow/.local/lib/python3.6/site-packages/airflow/example_dags/example_task_group_decorator.py
[2021-10-29 00:28:20,672] {processor.py:620} INFO - Processing file /home/airflow/.local/lib/python3.6/site-packages/airflow/example_dags/example_task_group_decorator.py for tasks to queue
[2021-10-29 00:28:20,687] {logging_mixin.py:109} INFO - [2021-10-29 00:28:20,687] {dagbag.py:500} INFO - Filling up the DagBag from /home/airflow/.local/lib/python3.6/site-packages/airflow/example_dags/example_task_group_decorator.py
[2021-10-29 00:28:20,770] {processor.py:632} INFO - DAG(s) dict_keys(['example_task_group_decorator']) retrieved from /home/airflow/.local/lib/python3.6/site-packages/airflow/example_dags/example_task_group_decorator.py
[2021-10-29 00:28:21,124] {logging_mixin.py:109} INFO - [2021-10-29 00:28:21,123] {dag.py:2389} INFO - Sync 1 DAGs
[2021-10-29 00:28:21,153] {logging_mixin.py:109} INFO - [2021-10-29 00:28:21,153] {dag.py:2914} INFO - Setting next_dagrun for example_task_group_decorator to 2021-10-28T00:28:21.153318+00:00
[2021-10-29 00:28:21,173] {processor.py:171} INFO - Processing /home/airflow/.local/lib/python3.6/site-packages/airflow/example_dags/example_task_group_decorator.py took 0.512 seconds
[2021-10-29 00:28:51,785] {processor.py:163} INFO - Started process (PID=1248) to work on /home/airflow/.local/lib/python3.6/site-packages/airflow/example_dags/example_task_group_decorator.py
[2021-10-29 00:28:51,796] {processor.py:620} INFO - Processing file /home/airflow/.local/lib/python3.6/site-packages/airflow/example_dags/example_task_group_decorator.py for tasks to queue
[2021-10-29 00:28:51,799] {logging_mixin.py:109} INFO - [2021-10-29 00:28:51,799] {dagbag.py:500} INFO - Filling up the DagBag from /home/airflow/.local/lib/python3.6/site-packages/airflow/example_dags/example_task_group_decorator.py
[2021-10-29 00:28:51,882] {processor.py:632} INFO - DAG(s) dict_keys(['example_task_group_decorator']) retrieved from /home/airflow/.local/lib/python3.6/site-packages/airflow/example_dags/example_task_group_decorator.py
[2021-10-29 00:28:52,258] {logging_mixin.py:109} INFO - [2021-10-29 00:28:52,258] {dag.py:2389} INFO - Sync 1 DAGs
[2021-10-29 00:28:52,283] {logging_mixin.py:109} INFO - [2021-10-29 00:28:52,283] {dag.py:2914} INFO - Setting next_dagrun for example_task_group_decorator to 2021-10-28T00:28:52.283646+00:00
[2021-10-29 00:28:52,310] {processor.py:171} INFO - Processing /home/airflow/.local/lib/python3.6/site-packages/airflow/example_dags/example_task_group_decorator.py took 0.528 seconds
[2021-10-29 00:29:23,299] {processor.py:163} INFO - Started process (PID=1302) to work on /home/airflow/.local/lib/python3.6/site-packages/airflow/example_dags/example_task_group_decorator.py
[2021-10-29 00:29:23,301] {processor.py:620} INFO - Processing file /home/airflow/.local/lib/python3.6/site-packages/airflow/example_dags/example_task_group_decorator.py for tasks to queue
[2021-10-29 00:29:23,304] {logging_mixin.py:109} INFO - [2021-10-29 00:29:23,304] {dagbag.py:500} INFO - Filling up the DagBag from /home/airflow/.local/lib/python3.6/site-packages/airflow/example_dags/example_task_group_decorator.py
[2021-10-29 00:29:23,404] {processor.py:632} INFO - DAG(s) dict_keys(['example_task_group_decorator']) retrieved from /home/airflow/.local/lib/python3.6/site-packages/airflow/example_dags/example_task_group_decorator.py
[2021-10-29 00:29:23,923] {logging_mixin.py:109} INFO - [2021-10-29 00:29:23,923] {dag.py:2389} INFO - Sync 1 DAGs
[2021-10-29 00:29:23,948] {logging_mixin.py:109} INFO - [2021-10-29 00:29:23,948] {dag.py:2914} INFO - Setting next_dagrun for example_task_group_decorator to 2021-10-28T00:29:23.947886+00:00
[2021-10-29 00:29:23,975] {processor.py:171} INFO - Processing /home/airflow/.local/lib/python3.6/site-packages/airflow/example_dags/example_task_group_decorator.py took 0.679 seconds
[2021-10-29 00:29:54,578] {processor.py:163} INFO - Started process (PID=1356) to work on /home/airflow/.local/lib/python3.6/site-packages/airflow/example_dags/example_task_group_decorator.py
[2021-10-29 00:29:54,587] {processor.py:620} INFO - Processing file /home/airflow/.local/lib/python3.6/site-packages/airflow/example_dags/example_task_group_decorator.py for tasks to queue
[2021-10-29 00:29:54,588] {logging_mixin.py:109} INFO - [2021-10-29 00:29:54,588] {dagbag.py:500} INFO - Filling up the DagBag from /home/airflow/.local/lib/python3.6/site-packages/airflow/example_dags/example_task_group_decorator.py
[2021-10-29 00:29:54,667] {processor.py:632} INFO - DAG(s) dict_keys(['example_task_group_decorator']) retrieved from /home/airflow/.local/lib/python3.6/site-packages/airflow/example_dags/example_task_group_decorator.py
[2021-10-29 00:29:55,036] {logging_mixin.py:109} INFO - [2021-10-29 00:29:55,036] {dag.py:2389} INFO - Sync 1 DAGs
[2021-10-29 00:29:55,060] {logging_mixin.py:109} INFO - [2021-10-29 00:29:55,060] {dag.py:2914} INFO - Setting next_dagrun for example_task_group_decorator to 2021-10-28T00:29:55.060072+00:00
[2021-10-29 00:29:55,083] {processor.py:171} INFO - Processing /home/airflow/.local/lib/python3.6/site-packages/airflow/example_dags/example_task_group_decorator.py took 0.507 seconds
[2021-10-29 00:30:25,268] {processor.py:163} INFO - Started process (PID=1410) to work on /home/airflow/.local/lib/python3.6/site-packages/airflow/example_dags/example_task_group_decorator.py
[2021-10-29 00:30:25,276] {processor.py:620} INFO - Processing file /home/airflow/.local/lib/python3.6/site-packages/airflow/example_dags/example_task_group_decorator.py for tasks to queue
[2021-10-29 00:30:25,285] {logging_mixin.py:109} INFO - [2021-10-29 00:30:25,284] {dagbag.py:500} INFO - Filling up the DagBag from /home/airflow/.local/lib/python3.6/site-packages/airflow/example_dags/example_task_group_decorator.py
[2021-10-29 00:30:25,369] {processor.py:632} INFO - DAG(s) dict_keys(['example_task_group_decorator']) retrieved from /home/airflow/.local/lib/python3.6/site-packages/airflow/example_dags/example_task_group_decorator.py
[2021-10-29 00:30:25,743] {logging_mixin.py:109} INFO - [2021-10-29 00:30:25,743] {dag.py:2389} INFO - Sync 1 DAGs
[2021-10-29 00:30:25,774] {logging_mixin.py:109} INFO - [2021-10-29 00:30:25,774] {dag.py:2914} INFO - Setting next_dagrun for example_task_group_decorator to 2021-10-28T00:30:25.774452+00:00
[2021-10-29 00:30:25,794] {processor.py:171} INFO - Processing /home/airflow/.local/lib/python3.6/site-packages/airflow/example_dags/example_task_group_decorator.py took 0.528 seconds
[2021-10-29 00:30:56,558] {processor.py:163} INFO - Started process (PID=1465) to work on /home/airflow/.local/lib/python3.6/site-packages/airflow/example_dags/example_task_group_decorator.py
[2021-10-29 00:30:56,570] {processor.py:620} INFO - Processing file /home/airflow/.local/lib/python3.6/site-packages/airflow/example_dags/example_task_group_decorator.py for tasks to queue
[2021-10-29 00:30:56,571] {logging_mixin.py:109} INFO - [2021-10-29 00:30:56,570] {dagbag.py:500} INFO - Filling up the DagBag from /home/airflow/.local/lib/python3.6/site-packages/airflow/example_dags/example_task_group_decorator.py
[2021-10-29 00:30:56,656] {processor.py:632} INFO - DAG(s) dict_keys(['example_task_group_decorator']) retrieved from /home/airflow/.local/lib/python3.6/site-packages/airflow/example_dags/example_task_group_decorator.py
[2021-10-29 00:30:57,182] {logging_mixin.py:109} INFO - [2021-10-29 00:30:57,182] {dag.py:2389} INFO - Sync 1 DAGs
[2021-10-29 00:30:57,219] {logging_mixin.py:109} INFO - [2021-10-29 00:30:57,219] {dag.py:2914} INFO - Setting next_dagrun for example_task_group_decorator to 2021-10-28T00:30:57.218894+00:00
[2021-10-29 00:30:57,244] {processor.py:171} INFO - Processing /home/airflow/.local/lib/python3.6/site-packages/airflow/example_dags/example_task_group_decorator.py took 0.690 seconds
[2021-10-29 00:31:27,877] {processor.py:163} INFO - Started process (PID=1518) to work on /home/airflow/.local/lib/python3.6/site-packages/airflow/example_dags/example_task_group_decorator.py
[2021-10-29 00:31:27,889] {processor.py:620} INFO - Processing file /home/airflow/.local/lib/python3.6/site-packages/airflow/example_dags/example_task_group_decorator.py for tasks to queue
[2021-10-29 00:31:27,894] {logging_mixin.py:109} INFO - [2021-10-29 00:31:27,894] {dagbag.py:500} INFO - Filling up the DagBag from /home/airflow/.local/lib/python3.6/site-packages/airflow/example_dags/example_task_group_decorator.py
[2021-10-29 00:31:27,977] {processor.py:632} INFO - DAG(s) dict_keys(['example_task_group_decorator']) retrieved from /home/airflow/.local/lib/python3.6/site-packages/airflow/example_dags/example_task_group_decorator.py
[2021-10-29 00:31:28,408] {logging_mixin.py:109} INFO - [2021-10-29 00:31:28,408] {dag.py:2389} INFO - Sync 1 DAGs
[2021-10-29 00:31:28,457] {logging_mixin.py:109} INFO - [2021-10-29 00:31:28,457] {dag.py:2914} INFO - Setting next_dagrun for example_task_group_decorator to 2021-10-28T00:31:28.456931+00:00
[2021-10-29 00:31:28,504] {processor.py:171} INFO - Processing /home/airflow/.local/lib/python3.6/site-packages/airflow/example_dags/example_task_group_decorator.py took 0.631 seconds
[2021-10-29 00:31:58,708] {processor.py:163} INFO - Started process (PID=1572) to work on /home/airflow/.local/lib/python3.6/site-packages/airflow/example_dags/example_task_group_decorator.py
[2021-10-29 00:31:58,761] {processor.py:620} INFO - Processing file /home/airflow/.local/lib/python3.6/site-packages/airflow/example_dags/example_task_group_decorator.py for tasks to queue
[2021-10-29 00:31:58,762] {logging_mixin.py:109} INFO - [2021-10-29 00:31:58,762] {dagbag.py:500} INFO - Filling up the DagBag from /home/airflow/.local/lib/python3.6/site-packages/airflow/example_dags/example_task_group_decorator.py
[2021-10-29 00:31:59,442] {processor.py:632} INFO - DAG(s) dict_keys(['example_task_group_decorator']) retrieved from /home/airflow/.local/lib/python3.6/site-packages/airflow/example_dags/example_task_group_decorator.py
[2021-10-29 00:32:00,718] {logging_mixin.py:109} INFO - [2021-10-29 00:32:00,718] {dag.py:2389} INFO - Sync 1 DAGs
[2021-10-29 00:32:00,765] {logging_mixin.py:109} INFO - [2021-10-29 00:32:00,765] {dag.py:2914} INFO - Setting next_dagrun for example_task_group_decorator to 2021-10-28T00:32:00.765463+00:00
[2021-10-29 00:32:00,796] {processor.py:171} INFO - Processing /home/airflow/.local/lib/python3.6/site-packages/airflow/example_dags/example_task_group_decorator.py took 2.091 seconds
[2021-10-29 00:32:31,444] {processor.py:163} INFO - Started process (PID=1617) to work on /home/airflow/.local/lib/python3.6/site-packages/airflow/example_dags/example_task_group_decorator.py
[2021-10-29 00:32:31,461] {processor.py:620} INFO - Processing file /home/airflow/.local/lib/python3.6/site-packages/airflow/example_dags/example_task_group_decorator.py for tasks to queue
[2021-10-29 00:32:31,462] {logging_mixin.py:109} INFO - [2021-10-29 00:32:31,462] {dagbag.py:500} INFO - Filling up the DagBag from /home/airflow/.local/lib/python3.6/site-packages/airflow/example_dags/example_task_group_decorator.py
[2021-10-29 00:32:31,619] {processor.py:632} INFO - DAG(s) dict_keys(['example_task_group_decorator']) retrieved from /home/airflow/.local/lib/python3.6/site-packages/airflow/example_dags/example_task_group_decorator.py
[2021-10-29 00:32:32,820] {logging_mixin.py:109} INFO - [2021-10-29 00:32:32,820] {dag.py:2389} INFO - Sync 1 DAGs
[2021-10-29 00:32:32,876] {logging_mixin.py:109} INFO - [2021-10-29 00:32:32,876] {dag.py:2914} INFO - Setting next_dagrun for example_task_group_decorator to 2021-10-28T00:32:32.876118+00:00
[2021-10-29 00:32:32,888] {processor.py:171} INFO - Processing /home/airflow/.local/lib/python3.6/site-packages/airflow/example_dags/example_task_group_decorator.py took 1.447 seconds
[2021-10-29 00:33:03,295] {processor.py:163} INFO - Started process (PID=1681) to work on /home/airflow/.local/lib/python3.6/site-packages/airflow/example_dags/example_task_group_decorator.py
[2021-10-29 00:33:03,328] {processor.py:620} INFO - Processing file /home/airflow/.local/lib/python3.6/site-packages/airflow/example_dags/example_task_group_decorator.py for tasks to queue
[2021-10-29 00:33:03,345] {logging_mixin.py:109} INFO - [2021-10-29 00:33:03,344] {dagbag.py:500} INFO - Filling up the DagBag from /home/airflow/.local/lib/python3.6/site-packages/airflow/example_dags/example_task_group_decorator.py
[2021-10-29 00:33:03,754] {processor.py:632} INFO - DAG(s) dict_keys(['example_task_group_decorator']) retrieved from /home/airflow/.local/lib/python3.6/site-packages/airflow/example_dags/example_task_group_decorator.py
[2021-10-29 00:33:04,920] {logging_mixin.py:109} INFO - [2021-10-29 00:33:04,920] {dag.py:2389} INFO - Sync 1 DAGs
[2021-10-29 00:33:05,028] {logging_mixin.py:109} INFO - [2021-10-29 00:33:05,028] {dag.py:2914} INFO - Setting next_dagrun for example_task_group_decorator to 2021-10-28T00:33:05.028045+00:00
[2021-10-29 00:33:05,067] {processor.py:171} INFO - Processing /home/airflow/.local/lib/python3.6/site-packages/airflow/example_dags/example_task_group_decorator.py took 1.775 seconds
[2021-10-29 00:33:35,521] {processor.py:163} INFO - Started process (PID=1726) to work on /home/airflow/.local/lib/python3.6/site-packages/airflow/example_dags/example_task_group_decorator.py
[2021-10-29 00:33:35,548] {processor.py:620} INFO - Processing file /home/airflow/.local/lib/python3.6/site-packages/airflow/example_dags/example_task_group_decorator.py for tasks to queue
[2021-10-29 00:33:35,553] {logging_mixin.py:109} INFO - [2021-10-29 00:33:35,553] {dagbag.py:500} INFO - Filling up the DagBag from /home/airflow/.local/lib/python3.6/site-packages/airflow/example_dags/example_task_group_decorator.py
[2021-10-29 00:33:35,733] {processor.py:632} INFO - DAG(s) dict_keys(['example_task_group_decorator']) retrieved from /home/airflow/.local/lib/python3.6/site-packages/airflow/example_dags/example_task_group_decorator.py
[2021-10-29 00:33:36,473] {logging_mixin.py:109} INFO - [2021-10-29 00:33:36,473] {dag.py:2389} INFO - Sync 1 DAGs
[2021-10-29 00:33:36,506] {logging_mixin.py:109} INFO - [2021-10-29 00:33:36,506] {dag.py:2914} INFO - Setting next_dagrun for example_task_group_decorator to 2021-10-28T00:33:36.506320+00:00
[2021-10-29 00:33:36,521] {processor.py:171} INFO - Processing /home/airflow/.local/lib/python3.6/site-packages/airflow/example_dags/example_task_group_decorator.py took 1.002 seconds
[2021-10-29 00:34:06,658] {processor.py:163} INFO - Started process (PID=1782) to work on /home/airflow/.local/lib/python3.6/site-packages/airflow/example_dags/example_task_group_decorator.py
[2021-10-29 00:34:06,678] {processor.py:620} INFO - Processing file /home/airflow/.local/lib/python3.6/site-packages/airflow/example_dags/example_task_group_decorator.py for tasks to queue
[2021-10-29 00:34:06,679] {logging_mixin.py:109} INFO - [2021-10-29 00:34:06,679] {dagbag.py:500} INFO - Filling up the DagBag from /home/airflow/.local/lib/python3.6/site-packages/airflow/example_dags/example_task_group_decorator.py
[2021-10-29 00:34:06,771] {processor.py:632} INFO - DAG(s) dict_keys(['example_task_group_decorator']) retrieved from /home/airflow/.local/lib/python3.6/site-packages/airflow/example_dags/example_task_group_decorator.py
[2021-10-29 00:34:07,122] {logging_mixin.py:109} INFO - [2021-10-29 00:34:07,121] {dag.py:2389} INFO - Sync 1 DAGs
[2021-10-29 00:34:07,136] {logging_mixin.py:109} INFO - [2021-10-29 00:34:07,136] {dag.py:2914} INFO - Setting next_dagrun for example_task_group_decorator to 2021-10-28T00:34:07.136084+00:00
[2021-10-29 00:34:07,148] {processor.py:171} INFO - Processing /home/airflow/.local/lib/python3.6/site-packages/airflow/example_dags/example_task_group_decorator.py took 0.493 seconds
[2021-10-29 00:34:38,298] {processor.py:163} INFO - Started process (PID=1845) to work on /home/airflow/.local/lib/python3.6/site-packages/airflow/example_dags/example_task_group_decorator.py
[2021-10-29 00:34:38,343] {processor.py:620} INFO - Processing file /home/airflow/.local/lib/python3.6/site-packages/airflow/example_dags/example_task_group_decorator.py for tasks to queue
[2021-10-29 00:34:38,343] {logging_mixin.py:109} INFO - [2021-10-29 00:34:38,343] {dagbag.py:500} INFO - Filling up the DagBag from /home/airflow/.local/lib/python3.6/site-packages/airflow/example_dags/example_task_group_decorator.py
[2021-10-29 00:34:38,697] {processor.py:632} INFO - DAG(s) dict_keys(['example_task_group_decorator']) retrieved from /home/airflow/.local/lib/python3.6/site-packages/airflow/example_dags/example_task_group_decorator.py
[2021-10-29 00:34:40,204] {logging_mixin.py:109} INFO - [2021-10-29 00:34:40,204] {dag.py:2389} INFO - Sync 1 DAGs
[2021-10-29 00:34:40,315] {logging_mixin.py:109} INFO - [2021-10-29 00:34:40,315] {dag.py:2914} INFO - Setting next_dagrun for example_task_group_decorator to 2021-10-28T00:34:40.314873+00:00
[2021-10-29 00:34:40,380] {processor.py:171} INFO - Processing /home/airflow/.local/lib/python3.6/site-packages/airflow/example_dags/example_task_group_decorator.py took 2.140 seconds
[2021-10-29 00:35:10,607] {processor.py:163} INFO - Started process (PID=1899) to work on /home/airflow/.local/lib/python3.6/site-packages/airflow/example_dags/example_task_group_decorator.py
[2021-10-29 00:35:10,628] {processor.py:620} INFO - Processing file /home/airflow/.local/lib/python3.6/site-packages/airflow/example_dags/example_task_group_decorator.py for tasks to queue
[2021-10-29 00:35:10,631] {logging_mixin.py:109} INFO - [2021-10-29 00:35:10,631] {dagbag.py:500} INFO - Filling up the DagBag from /home/airflow/.local/lib/python3.6/site-packages/airflow/example_dags/example_task_group_decorator.py
[2021-10-29 00:35:10,749] {processor.py:632} INFO - DAG(s) dict_keys(['example_task_group_decorator']) retrieved from /home/airflow/.local/lib/python3.6/site-packages/airflow/example_dags/example_task_group_decorator.py
[2021-10-29 00:35:12,783] {logging_mixin.py:109} INFO - [2021-10-29 00:35:12,783] {dag.py:2389} INFO - Sync 1 DAGs
[2021-10-29 00:35:12,918] {logging_mixin.py:109} INFO - [2021-10-29 00:35:12,918] {dag.py:2914} INFO - Setting next_dagrun for example_task_group_decorator to 2021-10-28T00:35:12.918307+00:00
[2021-10-29 00:35:13,110] {processor.py:171} INFO - Processing /home/airflow/.local/lib/python3.6/site-packages/airflow/example_dags/example_task_group_decorator.py took 2.522 seconds
[2021-10-29 00:35:43,992] {processor.py:163} INFO - Started process (PID=1954) to work on /home/airflow/.local/lib/python3.6/site-packages/airflow/example_dags/example_task_group_decorator.py
[2021-10-29 00:35:43,995] {processor.py:620} INFO - Processing file /home/airflow/.local/lib/python3.6/site-packages/airflow/example_dags/example_task_group_decorator.py for tasks to queue
[2021-10-29 00:35:43,995] {logging_mixin.py:109} INFO - [2021-10-29 00:35:43,995] {dagbag.py:500} INFO - Filling up the DagBag from /home/airflow/.local/lib/python3.6/site-packages/airflow/example_dags/example_task_group_decorator.py
[2021-10-29 00:35:44,370] {processor.py:632} INFO - DAG(s) dict_keys(['example_task_group_decorator']) retrieved from /home/airflow/.local/lib/python3.6/site-packages/airflow/example_dags/example_task_group_decorator.py
[2021-10-29 00:35:44,917] {logging_mixin.py:109} INFO - [2021-10-29 00:35:44,917] {dag.py:2389} INFO - Sync 1 DAGs
[2021-10-29 00:35:44,936] {logging_mixin.py:109} INFO - [2021-10-29 00:35:44,936] {dag.py:2914} INFO - Setting next_dagrun for example_task_group_decorator to 2021-10-28T00:35:44.936389+00:00
[2021-10-29 00:35:44,974] {processor.py:171} INFO - Processing /home/airflow/.local/lib/python3.6/site-packages/airflow/example_dags/example_task_group_decorator.py took 1.031 seconds
[2021-10-29 00:38:44,833] {processor.py:163} INFO - Started process (PID=114) to work on /home/airflow/.local/lib/python3.6/site-packages/airflow/example_dags/example_task_group_decorator.py
[2021-10-29 00:38:44,989] {processor.py:620} INFO - Processing file /home/airflow/.local/lib/python3.6/site-packages/airflow/example_dags/example_task_group_decorator.py for tasks to queue
[2021-10-29 00:38:44,989] {logging_mixin.py:109} INFO - [2021-10-29 00:38:44,989] {dagbag.py:500} INFO - Filling up the DagBag from /home/airflow/.local/lib/python3.6/site-packages/airflow/example_dags/example_task_group_decorator.py
[2021-10-29 00:38:46,642] {processor.py:632} INFO - DAG(s) dict_keys(['example_task_group_decorator']) retrieved from /home/airflow/.local/lib/python3.6/site-packages/airflow/example_dags/example_task_group_decorator.py
[2021-10-29 00:38:49,787] {logging_mixin.py:109} INFO - [2021-10-29 00:38:49,787] {dag.py:2389} INFO - Sync 1 DAGs
[2021-10-29 00:38:49,905] {logging_mixin.py:109} INFO - [2021-10-29 00:38:49,904] {dag.py:2914} INFO - Setting next_dagrun for example_task_group_decorator to 2021-10-28T00:38:49.904726+00:00
[2021-10-29 00:38:50,024] {processor.py:171} INFO - Processing /home/airflow/.local/lib/python3.6/site-packages/airflow/example_dags/example_task_group_decorator.py took 5.194 seconds
[2021-10-29 00:39:26,197] {processor.py:163} INFO - Started process (PID=169) to work on /home/airflow/.local/lib/python3.6/site-packages/airflow/example_dags/example_task_group_decorator.py
[2021-10-29 00:39:26,356] {processor.py:620} INFO - Processing file /home/airflow/.local/lib/python3.6/site-packages/airflow/example_dags/example_task_group_decorator.py for tasks to queue
[2021-10-29 00:39:26,357] {logging_mixin.py:109} INFO - [2021-10-29 00:39:26,356] {dagbag.py:500} INFO - Filling up the DagBag from /home/airflow/.local/lib/python3.6/site-packages/airflow/example_dags/example_task_group_decorator.py
[2021-10-29 00:39:27,238] {processor.py:632} INFO - DAG(s) dict_keys(['example_task_group_decorator']) retrieved from /home/airflow/.local/lib/python3.6/site-packages/airflow/example_dags/example_task_group_decorator.py
[2021-10-29 00:39:30,565] {logging_mixin.py:109} INFO - [2021-10-29 00:39:30,565] {dag.py:2389} INFO - Sync 1 DAGs
[2021-10-29 00:39:30,779] {logging_mixin.py:109} INFO - [2021-10-29 00:39:30,779] {dag.py:2914} INFO - Setting next_dagrun for example_task_group_decorator to 2021-10-28T00:39:30.778875+00:00
[2021-10-29 00:39:30,983] {processor.py:171} INFO - Processing /home/airflow/.local/lib/python3.6/site-packages/airflow/example_dags/example_task_group_decorator.py took 4.789 seconds
[2021-10-29 00:40:01,272] {processor.py:163} INFO - Started process (PID=216) to work on /home/airflow/.local/lib/python3.6/site-packages/airflow/example_dags/example_task_group_decorator.py
[2021-10-29 00:40:01,283] {processor.py:620} INFO - Processing file /home/airflow/.local/lib/python3.6/site-packages/airflow/example_dags/example_task_group_decorator.py for tasks to queue
[2021-10-29 00:40:01,284] {logging_mixin.py:109} INFO - [2021-10-29 00:40:01,284] {dagbag.py:500} INFO - Filling up the DagBag from /home/airflow/.local/lib/python3.6/site-packages/airflow/example_dags/example_task_group_decorator.py
[2021-10-29 00:40:01,394] {processor.py:632} INFO - DAG(s) dict_keys(['example_task_group_decorator']) retrieved from /home/airflow/.local/lib/python3.6/site-packages/airflow/example_dags/example_task_group_decorator.py
[2021-10-29 00:40:02,320] {logging_mixin.py:109} INFO - [2021-10-29 00:40:02,320] {dag.py:2389} INFO - Sync 1 DAGs
[2021-10-29 00:40:02,431] {logging_mixin.py:109} INFO - [2021-10-29 00:40:02,431] {dag.py:2914} INFO - Setting next_dagrun for example_task_group_decorator to 2021-10-28T00:40:02.430454+00:00
[2021-10-29 00:40:02,489] {processor.py:171} INFO - Processing /home/airflow/.local/lib/python3.6/site-packages/airflow/example_dags/example_task_group_decorator.py took 1.221 seconds
[2021-10-29 00:40:37,057] {processor.py:163} INFO - Started process (PID=270) to work on /home/airflow/.local/lib/python3.6/site-packages/airflow/example_dags/example_task_group_decorator.py
[2021-10-29 00:40:37,105] {processor.py:620} INFO - Processing file /home/airflow/.local/lib/python3.6/site-packages/airflow/example_dags/example_task_group_decorator.py for tasks to queue
[2021-10-29 00:40:37,108] {logging_mixin.py:109} INFO - [2021-10-29 00:40:37,107] {dagbag.py:500} INFO - Filling up the DagBag from /home/airflow/.local/lib/python3.6/site-packages/airflow/example_dags/example_task_group_decorator.py
[2021-10-29 00:40:37,341] {processor.py:632} INFO - DAG(s) dict_keys(['example_task_group_decorator']) retrieved from /home/airflow/.local/lib/python3.6/site-packages/airflow/example_dags/example_task_group_decorator.py
[2021-10-29 00:40:38,397] {logging_mixin.py:109} INFO - [2021-10-29 00:40:38,397] {dag.py:2389} INFO - Sync 1 DAGs
[2021-10-29 00:40:38,439] {logging_mixin.py:109} INFO - [2021-10-29 00:40:38,438] {dag.py:2914} INFO - Setting next_dagrun for example_task_group_decorator to 2021-10-28T00:40:38.438652+00:00
[2021-10-29 00:40:38,483] {processor.py:171} INFO - Processing /home/airflow/.local/lib/python3.6/site-packages/airflow/example_dags/example_task_group_decorator.py took 1.429 seconds
[2021-10-29 00:41:08,895] {processor.py:163} INFO - Started process (PID=325) to work on /home/airflow/.local/lib/python3.6/site-packages/airflow/example_dags/example_task_group_decorator.py
[2021-10-29 00:41:08,898] {processor.py:620} INFO - Processing file /home/airflow/.local/lib/python3.6/site-packages/airflow/example_dags/example_task_group_decorator.py for tasks to queue
[2021-10-29 00:41:08,899] {logging_mixin.py:109} INFO - [2021-10-29 00:41:08,899] {dagbag.py:500} INFO - Filling up the DagBag from /home/airflow/.local/lib/python3.6/site-packages/airflow/example_dags/example_task_group_decorator.py
[2021-10-29 00:41:09,184] {processor.py:632} INFO - DAG(s) dict_keys(['example_task_group_decorator']) retrieved from /home/airflow/.local/lib/python3.6/site-packages/airflow/example_dags/example_task_group_decorator.py
[2021-10-29 00:41:10,669] {logging_mixin.py:109} INFO - [2021-10-29 00:41:10,669] {dag.py:2389} INFO - Sync 1 DAGs
[2021-10-29 00:41:10,809] {logging_mixin.py:109} INFO - [2021-10-29 00:41:10,809] {dag.py:2914} INFO - Setting next_dagrun for example_task_group_decorator to 2021-10-28T00:41:10.809334+00:00
[2021-10-29 00:41:10,964] {processor.py:171} INFO - Processing /home/airflow/.local/lib/python3.6/site-packages/airflow/example_dags/example_task_group_decorator.py took 2.096 seconds
[2021-10-29 00:41:41,564] {processor.py:163} INFO - Started process (PID=378) to work on /home/airflow/.local/lib/python3.6/site-packages/airflow/example_dags/example_task_group_decorator.py
[2021-10-29 00:41:41,668] {processor.py:620} INFO - Processing file /home/airflow/.local/lib/python3.6/site-packages/airflow/example_dags/example_task_group_decorator.py for tasks to queue
[2021-10-29 00:41:41,669] {logging_mixin.py:109} INFO - [2021-10-29 00:41:41,669] {dagbag.py:500} INFO - Filling up the DagBag from /home/airflow/.local/lib/python3.6/site-packages/airflow/example_dags/example_task_group_decorator.py
[2021-10-29 00:41:42,324] {processor.py:632} INFO - DAG(s) dict_keys(['example_task_group_decorator']) retrieved from /home/airflow/.local/lib/python3.6/site-packages/airflow/example_dags/example_task_group_decorator.py
[2021-10-29 00:41:44,699] {logging_mixin.py:109} INFO - [2021-10-29 00:41:44,699] {dag.py:2389} INFO - Sync 1 DAGs
[2021-10-29 00:41:44,913] {logging_mixin.py:109} INFO - [2021-10-29 00:41:44,913] {dag.py:2914} INFO - Setting next_dagrun for example_task_group_decorator to 2021-10-28T00:41:44.913045+00:00
[2021-10-29 00:41:45,058] {processor.py:171} INFO - Processing /home/airflow/.local/lib/python3.6/site-packages/airflow/example_dags/example_task_group_decorator.py took 3.497 seconds
[2021-10-29 00:42:15,440] {processor.py:163} INFO - Started process (PID=428) to work on /home/airflow/.local/lib/python3.6/site-packages/airflow/example_dags/example_task_group_decorator.py
[2021-10-29 00:42:15,462] {processor.py:620} INFO - Processing file /home/airflow/.local/lib/python3.6/site-packages/airflow/example_dags/example_task_group_decorator.py for tasks to queue
[2021-10-29 00:42:15,484] {logging_mixin.py:109} INFO - [2021-10-29 00:42:15,484] {dagbag.py:500} INFO - Filling up the DagBag from /home/airflow/.local/lib/python3.6/site-packages/airflow/example_dags/example_task_group_decorator.py
[2021-10-29 00:42:15,709] {processor.py:632} INFO - DAG(s) dict_keys(['example_task_group_decorator']) retrieved from /home/airflow/.local/lib/python3.6/site-packages/airflow/example_dags/example_task_group_decorator.py
[2021-10-29 00:42:17,058] {logging_mixin.py:109} INFO - [2021-10-29 00:42:17,058] {dag.py:2389} INFO - Sync 1 DAGs
[2021-10-29 00:42:17,111] {logging_mixin.py:109} INFO - [2021-10-29 00:42:17,111] {dag.py:2914} INFO - Setting next_dagrun for example_task_group_decorator to 2021-10-28T00:42:17.111357+00:00
[2021-10-29 00:42:17,150] {processor.py:171} INFO - Processing /home/airflow/.local/lib/python3.6/site-packages/airflow/example_dags/example_task_group_decorator.py took 1.713 seconds
[2021-10-29 00:42:47,324] {processor.py:163} INFO - Started process (PID=483) to work on /home/airflow/.local/lib/python3.6/site-packages/airflow/example_dags/example_task_group_decorator.py
[2021-10-29 00:42:47,343] {processor.py:620} INFO - Processing file /home/airflow/.local/lib/python3.6/site-packages/airflow/example_dags/example_task_group_decorator.py for tasks to queue
[2021-10-29 00:42:47,344] {logging_mixin.py:109} INFO - [2021-10-29 00:42:47,344] {dagbag.py:500} INFO - Filling up the DagBag from /home/airflow/.local/lib/python3.6/site-packages/airflow/example_dags/example_task_group_decorator.py
[2021-10-29 00:42:47,544] {processor.py:632} INFO - DAG(s) dict_keys(['example_task_group_decorator']) retrieved from /home/airflow/.local/lib/python3.6/site-packages/airflow/example_dags/example_task_group_decorator.py
[2021-10-29 00:42:48,116] {logging_mixin.py:109} INFO - [2021-10-29 00:42:48,116] {dag.py:2389} INFO - Sync 1 DAGs
[2021-10-29 00:42:48,134] {logging_mixin.py:109} INFO - [2021-10-29 00:42:48,134] {dag.py:2914} INFO - Setting next_dagrun for example_task_group_decorator to 2021-10-28T00:42:48.134180+00:00
[2021-10-29 00:42:48,150] {processor.py:171} INFO - Processing /home/airflow/.local/lib/python3.6/site-packages/airflow/example_dags/example_task_group_decorator.py took 0.830 seconds
[2021-10-29 00:43:21,294] {processor.py:163} INFO - Started process (PID=536) to work on /home/airflow/.local/lib/python3.6/site-packages/airflow/example_dags/example_task_group_decorator.py
[2021-10-29 00:43:21,358] {processor.py:620} INFO - Processing file /home/airflow/.local/lib/python3.6/site-packages/airflow/example_dags/example_task_group_decorator.py for tasks to queue
[2021-10-29 00:43:21,384] {logging_mixin.py:109} INFO - [2021-10-29 00:43:21,383] {dagbag.py:500} INFO - Filling up the DagBag from /home/airflow/.local/lib/python3.6/site-packages/airflow/example_dags/example_task_group_decorator.py
[2021-10-29 00:43:22,065] {processor.py:632} INFO - DAG(s) dict_keys(['example_task_group_decorator']) retrieved from /home/airflow/.local/lib/python3.6/site-packages/airflow/example_dags/example_task_group_decorator.py
[2021-10-29 00:43:25,358] {logging_mixin.py:109} INFO - [2021-10-29 00:43:25,358] {dag.py:2389} INFO - Sync 1 DAGs
[2021-10-29 00:43:25,425] {logging_mixin.py:109} INFO - [2021-10-29 00:43:25,425] {dag.py:2914} INFO - Setting next_dagrun for example_task_group_decorator to 2021-10-28T00:43:25.425386+00:00
[2021-10-29 00:43:25,531] {processor.py:171} INFO - Processing /home/airflow/.local/lib/python3.6/site-packages/airflow/example_dags/example_task_group_decorator.py took 4.241 seconds
[2021-10-29 00:43:56,085] {processor.py:163} INFO - Started process (PID=588) to work on /home/airflow/.local/lib/python3.6/site-packages/airflow/example_dags/example_task_group_decorator.py
[2021-10-29 00:43:56,089] {processor.py:620} INFO - Processing file /home/airflow/.local/lib/python3.6/site-packages/airflow/example_dags/example_task_group_decorator.py for tasks to queue
[2021-10-29 00:43:56,092] {logging_mixin.py:109} INFO - [2021-10-29 00:43:56,092] {dagbag.py:500} INFO - Filling up the DagBag from /home/airflow/.local/lib/python3.6/site-packages/airflow/example_dags/example_task_group_decorator.py
[2021-10-29 00:43:56,957] {processor.py:632} INFO - DAG(s) dict_keys(['example_task_group_decorator']) retrieved from /home/airflow/.local/lib/python3.6/site-packages/airflow/example_dags/example_task_group_decorator.py
[2021-10-29 00:44:01,055] {logging_mixin.py:109} INFO - [2021-10-29 00:44:01,055] {dag.py:2389} INFO - Sync 1 DAGs
[2021-10-29 00:44:01,285] {logging_mixin.py:109} INFO - [2021-10-29 00:44:01,285] {dag.py:2914} INFO - Setting next_dagrun for example_task_group_decorator to 2021-10-28T00:44:01.285283+00:00
[2021-10-29 00:44:01,574] {processor.py:171} INFO - Processing /home/airflow/.local/lib/python3.6/site-packages/airflow/example_dags/example_task_group_decorator.py took 5.571 seconds
[2021-10-29 00:44:31,707] {processor.py:163} INFO - Started process (PID=646) to work on /home/airflow/.local/lib/python3.6/site-packages/airflow/example_dags/example_task_group_decorator.py
[2021-10-29 00:44:31,760] {processor.py:620} INFO - Processing file /home/airflow/.local/lib/python3.6/site-packages/airflow/example_dags/example_task_group_decorator.py for tasks to queue
[2021-10-29 00:44:31,762] {logging_mixin.py:109} INFO - [2021-10-29 00:44:31,762] {dagbag.py:500} INFO - Filling up the DagBag from /home/airflow/.local/lib/python3.6/site-packages/airflow/example_dags/example_task_group_decorator.py
[2021-10-29 00:44:32,694] {processor.py:632} INFO - DAG(s) dict_keys(['example_task_group_decorator']) retrieved from /home/airflow/.local/lib/python3.6/site-packages/airflow/example_dags/example_task_group_decorator.py
[2021-10-29 00:44:34,433] {logging_mixin.py:109} INFO - [2021-10-29 00:44:34,433] {dag.py:2389} INFO - Sync 1 DAGs
[2021-10-29 00:44:34,498] {logging_mixin.py:109} INFO - [2021-10-29 00:44:34,498] {dag.py:2914} INFO - Setting next_dagrun for example_task_group_decorator to 2021-10-28T00:44:34.498228+00:00
[2021-10-29 00:44:34,606] {processor.py:171} INFO - Processing /home/airflow/.local/lib/python3.6/site-packages/airflow/example_dags/example_task_group_decorator.py took 2.902 seconds
[2021-10-29 00:45:06,777] {processor.py:163} INFO - Started process (PID=701) to work on /home/airflow/.local/lib/python3.6/site-packages/airflow/example_dags/example_task_group_decorator.py
[2021-10-29 00:45:06,788] {processor.py:620} INFO - Processing file /home/airflow/.local/lib/python3.6/site-packages/airflow/example_dags/example_task_group_decorator.py for tasks to queue
[2021-10-29 00:45:06,812] {logging_mixin.py:109} INFO - [2021-10-29 00:45:06,812] {dagbag.py:500} INFO - Filling up the DagBag from /home/airflow/.local/lib/python3.6/site-packages/airflow/example_dags/example_task_group_decorator.py
[2021-10-29 00:45:07,037] {processor.py:632} INFO - DAG(s) dict_keys(['example_task_group_decorator']) retrieved from /home/airflow/.local/lib/python3.6/site-packages/airflow/example_dags/example_task_group_decorator.py
[2021-10-29 00:45:07,916] {logging_mixin.py:109} INFO - [2021-10-29 00:45:07,916] {dag.py:2389} INFO - Sync 1 DAGs
[2021-10-29 00:45:07,971] {logging_mixin.py:109} INFO - [2021-10-29 00:45:07,971] {dag.py:2914} INFO - Setting next_dagrun for example_task_group_decorator to 2021-10-28T00:45:07.971298+00:00
[2021-10-29 00:45:08,010] {processor.py:171} INFO - Processing /home/airflow/.local/lib/python3.6/site-packages/airflow/example_dags/example_task_group_decorator.py took 1.236 seconds
[2021-10-29 00:45:38,061] {processor.py:163} INFO - Started process (PID=761) to work on /home/airflow/.local/lib/python3.6/site-packages/airflow/example_dags/example_task_group_decorator.py
[2021-10-29 00:45:38,069] {processor.py:620} INFO - Processing file /home/airflow/.local/lib/python3.6/site-packages/airflow/example_dags/example_task_group_decorator.py for tasks to queue
[2021-10-29 00:45:38,071] {logging_mixin.py:109} INFO - [2021-10-29 00:45:38,071] {dagbag.py:500} INFO - Filling up the DagBag from /home/airflow/.local/lib/python3.6/site-packages/airflow/example_dags/example_task_group_decorator.py
[2021-10-29 00:45:38,218] {processor.py:632} INFO - DAG(s) dict_keys(['example_task_group_decorator']) retrieved from /home/airflow/.local/lib/python3.6/site-packages/airflow/example_dags/example_task_group_decorator.py
[2021-10-29 00:45:38,824] {logging_mixin.py:109} INFO - [2021-10-29 00:45:38,824] {dag.py:2389} INFO - Sync 1 DAGs
[2021-10-29 00:45:38,864] {logging_mixin.py:109} INFO - [2021-10-29 00:45:38,864] {dag.py:2914} INFO - Setting next_dagrun for example_task_group_decorator to 2021-10-28T00:45:38.864319+00:00
[2021-10-29 00:45:38,876] {processor.py:171} INFO - Processing /home/airflow/.local/lib/python3.6/site-packages/airflow/example_dags/example_task_group_decorator.py took 0.818 seconds
[2021-10-29 00:46:09,499] {processor.py:163} INFO - Started process (PID=815) to work on /home/airflow/.local/lib/python3.6/site-packages/airflow/example_dags/example_task_group_decorator.py
[2021-10-29 00:46:09,509] {processor.py:620} INFO - Processing file /home/airflow/.local/lib/python3.6/site-packages/airflow/example_dags/example_task_group_decorator.py for tasks to queue
[2021-10-29 00:46:09,521] {logging_mixin.py:109} INFO - [2021-10-29 00:46:09,521] {dagbag.py:500} INFO - Filling up the DagBag from /home/airflow/.local/lib/python3.6/site-packages/airflow/example_dags/example_task_group_decorator.py
[2021-10-29 00:46:09,690] {processor.py:632} INFO - DAG(s) dict_keys(['example_task_group_decorator']) retrieved from /home/airflow/.local/lib/python3.6/site-packages/airflow/example_dags/example_task_group_decorator.py
[2021-10-29 00:46:10,055] {logging_mixin.py:109} INFO - [2021-10-29 00:46:10,055] {dag.py:2389} INFO - Sync 1 DAGs
[2021-10-29 00:46:10,086] {logging_mixin.py:109} INFO - [2021-10-29 00:46:10,085] {dag.py:2914} INFO - Setting next_dagrun for example_task_group_decorator to 2021-10-28T00:46:10.085755+00:00
[2021-10-29 00:46:10,113] {processor.py:171} INFO - Processing /home/airflow/.local/lib/python3.6/site-packages/airflow/example_dags/example_task_group_decorator.py took 0.628 seconds
[2021-10-29 00:46:40,536] {processor.py:163} INFO - Started process (PID=869) to work on /home/airflow/.local/lib/python3.6/site-packages/airflow/example_dags/example_task_group_decorator.py
[2021-10-29 00:46:40,545] {processor.py:620} INFO - Processing file /home/airflow/.local/lib/python3.6/site-packages/airflow/example_dags/example_task_group_decorator.py for tasks to queue
[2021-10-29 00:46:40,548] {logging_mixin.py:109} INFO - [2021-10-29 00:46:40,547] {dagbag.py:500} INFO - Filling up the DagBag from /home/airflow/.local/lib/python3.6/site-packages/airflow/example_dags/example_task_group_decorator.py
[2021-10-29 00:46:40,644] {processor.py:632} INFO - DAG(s) dict_keys(['example_task_group_decorator']) retrieved from /home/airflow/.local/lib/python3.6/site-packages/airflow/example_dags/example_task_group_decorator.py
[2021-10-29 00:46:41,310] {logging_mixin.py:109} INFO - [2021-10-29 00:46:41,310] {dag.py:2389} INFO - Sync 1 DAGs
[2021-10-29 00:46:41,355] {logging_mixin.py:109} INFO - [2021-10-29 00:46:41,354] {dag.py:2914} INFO - Setting next_dagrun for example_task_group_decorator to 2021-10-28T00:46:41.354717+00:00
[2021-10-29 00:46:41,387] {processor.py:171} INFO - Processing /home/airflow/.local/lib/python3.6/site-packages/airflow/example_dags/example_task_group_decorator.py took 0.860 seconds
[2021-10-29 00:47:14,213] {processor.py:163} INFO - Started process (PID=929) to work on /home/airflow/.local/lib/python3.6/site-packages/airflow/example_dags/example_task_group_decorator.py
[2021-10-29 00:47:14,259] {processor.py:620} INFO - Processing file /home/airflow/.local/lib/python3.6/site-packages/airflow/example_dags/example_task_group_decorator.py for tasks to queue
[2021-10-29 00:47:14,263] {logging_mixin.py:109} INFO - [2021-10-29 00:47:14,262] {dagbag.py:500} INFO - Filling up the DagBag from /home/airflow/.local/lib/python3.6/site-packages/airflow/example_dags/example_task_group_decorator.py
[2021-10-29 00:47:14,415] {processor.py:632} INFO - DAG(s) dict_keys(['example_task_group_decorator']) retrieved from /home/airflow/.local/lib/python3.6/site-packages/airflow/example_dags/example_task_group_decorator.py
[2021-10-29 00:47:15,348] {logging_mixin.py:109} INFO - [2021-10-29 00:47:15,348] {dag.py:2389} INFO - Sync 1 DAGs
[2021-10-29 00:47:15,375] {logging_mixin.py:109} INFO - [2021-10-29 00:47:15,375] {dag.py:2914} INFO - Setting next_dagrun for example_task_group_decorator to 2021-10-28T00:47:15.374859+00:00
[2021-10-29 00:47:15,467] {processor.py:171} INFO - Processing /home/airflow/.local/lib/python3.6/site-packages/airflow/example_dags/example_task_group_decorator.py took 1.260 seconds
[2021-10-29 00:47:46,277] {processor.py:163} INFO - Started process (PID=983) to work on /home/airflow/.local/lib/python3.6/site-packages/airflow/example_dags/example_task_group_decorator.py
[2021-10-29 00:47:46,281] {processor.py:620} INFO - Processing file /home/airflow/.local/lib/python3.6/site-packages/airflow/example_dags/example_task_group_decorator.py for tasks to queue
[2021-10-29 00:47:46,282] {logging_mixin.py:109} INFO - [2021-10-29 00:47:46,282] {dagbag.py:500} INFO - Filling up the DagBag from /home/airflow/.local/lib/python3.6/site-packages/airflow/example_dags/example_task_group_decorator.py
[2021-10-29 00:47:46,517] {processor.py:632} INFO - DAG(s) dict_keys(['example_task_group_decorator']) retrieved from /home/airflow/.local/lib/python3.6/site-packages/airflow/example_dags/example_task_group_decorator.py
[2021-10-29 00:47:48,363] {logging_mixin.py:109} INFO - [2021-10-29 00:47:48,363] {dag.py:2389} INFO - Sync 1 DAGs
[2021-10-29 00:47:48,408] {logging_mixin.py:109} INFO - [2021-10-29 00:47:48,408] {dag.py:2914} INFO - Setting next_dagrun for example_task_group_decorator to 2021-10-28T00:47:48.407926+00:00
[2021-10-29 00:47:48,425] {processor.py:171} INFO - Processing /home/airflow/.local/lib/python3.6/site-packages/airflow/example_dags/example_task_group_decorator.py took 2.193 seconds
[2021-10-29 00:48:18,486] {processor.py:163} INFO - Started process (PID=1040) to work on /home/airflow/.local/lib/python3.6/site-packages/airflow/example_dags/example_task_group_decorator.py
[2021-10-29 00:48:18,497] {processor.py:620} INFO - Processing file /home/airflow/.local/lib/python3.6/site-packages/airflow/example_dags/example_task_group_decorator.py for tasks to queue
[2021-10-29 00:48:18,499] {logging_mixin.py:109} INFO - [2021-10-29 00:48:18,499] {dagbag.py:500} INFO - Filling up the DagBag from /home/airflow/.local/lib/python3.6/site-packages/airflow/example_dags/example_task_group_decorator.py
[2021-10-29 00:48:18,584] {processor.py:632} INFO - DAG(s) dict_keys(['example_task_group_decorator']) retrieved from /home/airflow/.local/lib/python3.6/site-packages/airflow/example_dags/example_task_group_decorator.py
[2021-10-29 00:48:19,700] {logging_mixin.py:109} INFO - [2021-10-29 00:48:19,700] {dag.py:2389} INFO - Sync 1 DAGs
[2021-10-29 00:48:19,878] {logging_mixin.py:109} INFO - [2021-10-29 00:48:19,878] {dag.py:2914} INFO - Setting next_dagrun for example_task_group_decorator to 2021-10-28T00:48:19.877861+00:00
[2021-10-29 00:48:20,036] {processor.py:171} INFO - Processing /home/airflow/.local/lib/python3.6/site-packages/airflow/example_dags/example_task_group_decorator.py took 1.553 seconds
[2021-10-29 00:48:50,471] {processor.py:163} INFO - Started process (PID=1096) to work on /home/airflow/.local/lib/python3.6/site-packages/airflow/example_dags/example_task_group_decorator.py
[2021-10-29 00:48:50,485] {processor.py:620} INFO - Processing file /home/airflow/.local/lib/python3.6/site-packages/airflow/example_dags/example_task_group_decorator.py for tasks to queue
[2021-10-29 00:48:50,492] {logging_mixin.py:109} INFO - [2021-10-29 00:48:50,492] {dagbag.py:500} INFO - Filling up the DagBag from /home/airflow/.local/lib/python3.6/site-packages/airflow/example_dags/example_task_group_decorator.py
[2021-10-29 00:48:50,583] {processor.py:632} INFO - DAG(s) dict_keys(['example_task_group_decorator']) retrieved from /home/airflow/.local/lib/python3.6/site-packages/airflow/example_dags/example_task_group_decorator.py
[2021-10-29 00:48:51,120] {logging_mixin.py:109} INFO - [2021-10-29 00:48:51,120] {dag.py:2389} INFO - Sync 1 DAGs
[2021-10-29 00:48:51,143] {logging_mixin.py:109} INFO - [2021-10-29 00:48:51,143] {dag.py:2914} INFO - Setting next_dagrun for example_task_group_decorator to 2021-10-28T00:48:51.143386+00:00
[2021-10-29 00:48:51,183] {processor.py:171} INFO - Processing /home/airflow/.local/lib/python3.6/site-packages/airflow/example_dags/example_task_group_decorator.py took 0.715 seconds
[2021-10-29 00:49:21,719] {processor.py:163} INFO - Started process (PID=1150) to work on /home/airflow/.local/lib/python3.6/site-packages/airflow/example_dags/example_task_group_decorator.py
[2021-10-29 00:49:21,734] {processor.py:620} INFO - Processing file /home/airflow/.local/lib/python3.6/site-packages/airflow/example_dags/example_task_group_decorator.py for tasks to queue
[2021-10-29 00:49:21,738] {logging_mixin.py:109} INFO - [2021-10-29 00:49:21,735] {dagbag.py:500} INFO - Filling up the DagBag from /home/airflow/.local/lib/python3.6/site-packages/airflow/example_dags/example_task_group_decorator.py
[2021-10-29 00:49:21,847] {processor.py:632} INFO - DAG(s) dict_keys(['example_task_group_decorator']) retrieved from /home/airflow/.local/lib/python3.6/site-packages/airflow/example_dags/example_task_group_decorator.py
[2021-10-29 00:49:22,342] {logging_mixin.py:109} INFO - [2021-10-29 00:49:22,342] {dag.py:2389} INFO - Sync 1 DAGs
[2021-10-29 00:49:22,372] {logging_mixin.py:109} INFO - [2021-10-29 00:49:22,371] {dag.py:2914} INFO - Setting next_dagrun for example_task_group_decorator to 2021-10-28T00:49:22.371643+00:00
[2021-10-29 00:49:22,403] {processor.py:171} INFO - Processing /home/airflow/.local/lib/python3.6/site-packages/airflow/example_dags/example_task_group_decorator.py took 0.688 seconds
[2021-10-29 00:49:52,676] {processor.py:163} INFO - Started process (PID=1194) to work on /home/airflow/.local/lib/python3.6/site-packages/airflow/example_dags/example_task_group_decorator.py
[2021-10-29 00:49:52,712] {processor.py:620} INFO - Processing file /home/airflow/.local/lib/python3.6/site-packages/airflow/example_dags/example_task_group_decorator.py for tasks to queue
[2021-10-29 00:49:52,712] {logging_mixin.py:109} INFO - [2021-10-29 00:49:52,712] {dagbag.py:500} INFO - Filling up the DagBag from /home/airflow/.local/lib/python3.6/site-packages/airflow/example_dags/example_task_group_decorator.py
[2021-10-29 00:49:53,079] {processor.py:632} INFO - DAG(s) dict_keys(['example_task_group_decorator']) retrieved from /home/airflow/.local/lib/python3.6/site-packages/airflow/example_dags/example_task_group_decorator.py
[2021-10-29 00:49:55,754] {logging_mixin.py:109} INFO - [2021-10-29 00:49:55,754] {dag.py:2389} INFO - Sync 1 DAGs
[2021-10-29 00:49:55,862] {logging_mixin.py:109} INFO - [2021-10-29 00:49:55,862] {dag.py:2914} INFO - Setting next_dagrun for example_task_group_decorator to 2021-10-28T00:49:55.861959+00:00
[2021-10-29 00:49:56,028] {processor.py:171} INFO - Processing /home/airflow/.local/lib/python3.6/site-packages/airflow/example_dags/example_task_group_decorator.py took 3.354 seconds
[2021-10-29 00:50:26,211] {processor.py:163} INFO - Started process (PID=1248) to work on /home/airflow/.local/lib/python3.6/site-packages/airflow/example_dags/example_task_group_decorator.py
[2021-10-29 00:50:26,213] {processor.py:620} INFO - Processing file /home/airflow/.local/lib/python3.6/site-packages/airflow/example_dags/example_task_group_decorator.py for tasks to queue
[2021-10-29 00:50:26,215] {logging_mixin.py:109} INFO - [2021-10-29 00:50:26,215] {dagbag.py:500} INFO - Filling up the DagBag from /home/airflow/.local/lib/python3.6/site-packages/airflow/example_dags/example_task_group_decorator.py
[2021-10-29 00:50:26,256] {processor.py:632} INFO - DAG(s) dict_keys(['example_task_group_decorator']) retrieved from /home/airflow/.local/lib/python3.6/site-packages/airflow/example_dags/example_task_group_decorator.py
[2021-10-29 00:50:26,618] {logging_mixin.py:109} INFO - [2021-10-29 00:50:26,618] {dag.py:2389} INFO - Sync 1 DAGs
[2021-10-29 00:50:26,642] {logging_mixin.py:109} INFO - [2021-10-29 00:50:26,642] {dag.py:2914} INFO - Setting next_dagrun for example_task_group_decorator to 2021-10-28T00:50:26.642477+00:00
[2021-10-29 00:50:26,669] {processor.py:171} INFO - Processing /home/airflow/.local/lib/python3.6/site-packages/airflow/example_dags/example_task_group_decorator.py took 0.461 seconds
[2021-10-29 00:50:56,761] {processor.py:163} INFO - Started process (PID=1301) to work on /home/airflow/.local/lib/python3.6/site-packages/airflow/example_dags/example_task_group_decorator.py
[2021-10-29 00:50:56,763] {processor.py:620} INFO - Processing file /home/airflow/.local/lib/python3.6/site-packages/airflow/example_dags/example_task_group_decorator.py for tasks to queue
[2021-10-29 00:50:56,765] {logging_mixin.py:109} INFO - [2021-10-29 00:50:56,765] {dagbag.py:500} INFO - Filling up the DagBag from /home/airflow/.local/lib/python3.6/site-packages/airflow/example_dags/example_task_group_decorator.py
[2021-10-29 00:50:56,803] {processor.py:632} INFO - DAG(s) dict_keys(['example_task_group_decorator']) retrieved from /home/airflow/.local/lib/python3.6/site-packages/airflow/example_dags/example_task_group_decorator.py
[2021-10-29 00:50:56,981] {logging_mixin.py:109} INFO - [2021-10-29 00:50:56,981] {dag.py:2389} INFO - Sync 1 DAGs
[2021-10-29 00:50:56,995] {logging_mixin.py:109} INFO - [2021-10-29 00:50:56,995] {dag.py:2914} INFO - Setting next_dagrun for example_task_group_decorator to 2021-10-28T00:50:56.994836+00:00
[2021-10-29 00:50:57,007] {processor.py:171} INFO - Processing /home/airflow/.local/lib/python3.6/site-packages/airflow/example_dags/example_task_group_decorator.py took 0.249 seconds
[2021-10-29 00:51:27,687] {processor.py:163} INFO - Started process (PID=1357) to work on /home/airflow/.local/lib/python3.6/site-packages/airflow/example_dags/example_task_group_decorator.py
[2021-10-29 00:51:27,691] {processor.py:620} INFO - Processing file /home/airflow/.local/lib/python3.6/site-packages/airflow/example_dags/example_task_group_decorator.py for tasks to queue
[2021-10-29 00:51:27,692] {logging_mixin.py:109} INFO - [2021-10-29 00:51:27,691] {dagbag.py:500} INFO - Filling up the DagBag from /home/airflow/.local/lib/python3.6/site-packages/airflow/example_dags/example_task_group_decorator.py
[2021-10-29 00:51:27,766] {processor.py:632} INFO - DAG(s) dict_keys(['example_task_group_decorator']) retrieved from /home/airflow/.local/lib/python3.6/site-packages/airflow/example_dags/example_task_group_decorator.py
[2021-10-29 00:51:28,051] {logging_mixin.py:109} INFO - [2021-10-29 00:51:28,051] {dag.py:2389} INFO - Sync 1 DAGs
[2021-10-29 00:51:28,066] {logging_mixin.py:109} INFO - [2021-10-29 00:51:28,066] {dag.py:2914} INFO - Setting next_dagrun for example_task_group_decorator to 2021-10-28T00:51:28.066145+00:00
[2021-10-29 00:51:28,078] {processor.py:171} INFO - Processing /home/airflow/.local/lib/python3.6/site-packages/airflow/example_dags/example_task_group_decorator.py took 0.404 seconds
[2021-10-29 00:51:58,375] {processor.py:163} INFO - Started process (PID=1411) to work on /home/airflow/.local/lib/python3.6/site-packages/airflow/example_dags/example_task_group_decorator.py
[2021-10-29 00:51:58,378] {processor.py:620} INFO - Processing file /home/airflow/.local/lib/python3.6/site-packages/airflow/example_dags/example_task_group_decorator.py for tasks to queue
[2021-10-29 00:51:58,379] {logging_mixin.py:109} INFO - [2021-10-29 00:51:58,379] {dagbag.py:500} INFO - Filling up the DagBag from /home/airflow/.local/lib/python3.6/site-packages/airflow/example_dags/example_task_group_decorator.py
[2021-10-29 00:51:58,422] {processor.py:632} INFO - DAG(s) dict_keys(['example_task_group_decorator']) retrieved from /home/airflow/.local/lib/python3.6/site-packages/airflow/example_dags/example_task_group_decorator.py
[2021-10-29 00:51:58,604] {logging_mixin.py:109} INFO - [2021-10-29 00:51:58,604] {dag.py:2389} INFO - Sync 1 DAGs
[2021-10-29 00:51:58,618] {logging_mixin.py:109} INFO - [2021-10-29 00:51:58,618] {dag.py:2914} INFO - Setting next_dagrun for example_task_group_decorator to 2021-10-28T00:51:58.618365+00:00
[2021-10-29 00:51:58,634] {processor.py:171} INFO - Processing /home/airflow/.local/lib/python3.6/site-packages/airflow/example_dags/example_task_group_decorator.py took 0.262 seconds
[2021-10-29 00:52:28,858] {processor.py:163} INFO - Started process (PID=1465) to work on /home/airflow/.local/lib/python3.6/site-packages/airflow/example_dags/example_task_group_decorator.py
[2021-10-29 00:52:28,860] {processor.py:620} INFO - Processing file /home/airflow/.local/lib/python3.6/site-packages/airflow/example_dags/example_task_group_decorator.py for tasks to queue
[2021-10-29 00:52:28,862] {logging_mixin.py:109} INFO - [2021-10-29 00:52:28,862] {dagbag.py:500} INFO - Filling up the DagBag from /home/airflow/.local/lib/python3.6/site-packages/airflow/example_dags/example_task_group_decorator.py
[2021-10-29 00:52:29,003] {processor.py:632} INFO - DAG(s) dict_keys(['example_task_group_decorator']) retrieved from /home/airflow/.local/lib/python3.6/site-packages/airflow/example_dags/example_task_group_decorator.py
[2021-10-29 00:52:29,545] {logging_mixin.py:109} INFO - [2021-10-29 00:52:29,545] {dag.py:2389} INFO - Sync 1 DAGs
[2021-10-29 00:52:29,581] {logging_mixin.py:109} INFO - [2021-10-29 00:52:29,581] {dag.py:2914} INFO - Setting next_dagrun for example_task_group_decorator to 2021-10-28T00:52:29.580932+00:00
[2021-10-29 00:52:29,608] {processor.py:171} INFO - Processing /home/airflow/.local/lib/python3.6/site-packages/airflow/example_dags/example_task_group_decorator.py took 0.754 seconds
[2021-10-29 00:52:59,922] {processor.py:163} INFO - Started process (PID=1519) to work on /home/airflow/.local/lib/python3.6/site-packages/airflow/example_dags/example_task_group_decorator.py
[2021-10-29 00:52:59,926] {processor.py:620} INFO - Processing file /home/airflow/.local/lib/python3.6/site-packages/airflow/example_dags/example_task_group_decorator.py for tasks to queue
[2021-10-29 00:52:59,935] {logging_mixin.py:109} INFO - [2021-10-29 00:52:59,935] {dagbag.py:500} INFO - Filling up the DagBag from /home/airflow/.local/lib/python3.6/site-packages/airflow/example_dags/example_task_group_decorator.py
[2021-10-29 00:53:00,065] {processor.py:632} INFO - DAG(s) dict_keys(['example_task_group_decorator']) retrieved from /home/airflow/.local/lib/python3.6/site-packages/airflow/example_dags/example_task_group_decorator.py
[2021-10-29 00:53:00,526] {logging_mixin.py:109} INFO - [2021-10-29 00:53:00,526] {dag.py:2389} INFO - Sync 1 DAGs
[2021-10-29 00:53:00,552] {logging_mixin.py:109} INFO - [2021-10-29 00:53:00,552] {dag.py:2914} INFO - Setting next_dagrun for example_task_group_decorator to 2021-10-28T00:53:00.552278+00:00
[2021-10-29 00:53:00,578] {processor.py:171} INFO - Processing /home/airflow/.local/lib/python3.6/site-packages/airflow/example_dags/example_task_group_decorator.py took 0.658 seconds
