[2021-10-29 00:17:56,736] {processor.py:163} INFO - Started process (PID=165) to work on /home/airflow/.local/lib/python3.6/site-packages/airflow/example_dags/example_branch_datetime_operator.py
[2021-10-29 00:17:56,763] {processor.py:620} INFO - Processing file /home/airflow/.local/lib/python3.6/site-packages/airflow/example_dags/example_branch_datetime_operator.py for tasks to queue
[2021-10-29 00:17:56,781] {logging_mixin.py:109} INFO - [2021-10-29 00:17:56,781] {dagbag.py:500} INFO - Filling up the DagBag from /home/airflow/.local/lib/python3.6/site-packages/airflow/example_dags/example_branch_datetime_operator.py
[2021-10-29 00:17:57,258] {processor.py:632} INFO - DAG(s) dict_keys(['example_branch_datetime_operator_2']) retrieved from /home/airflow/.local/lib/python3.6/site-packages/airflow/example_dags/example_branch_datetime_operator.py
[2021-10-29 00:17:57,399] {logging_mixin.py:109} INFO - [2021-10-29 00:17:57,399] {dag.py:2389} INFO - Sync 1 DAGs
[2021-10-29 00:17:57,690] {logging_mixin.py:109} INFO - [2021-10-29 00:17:57,690] {dag.py:2914} INFO - Setting next_dagrun for example_branch_datetime_operator_2 to 2021-10-28 00:00:00+00:00
[2021-10-29 00:17:57,795] {processor.py:171} INFO - Processing /home/airflow/.local/lib/python3.6/site-packages/airflow/example_dags/example_branch_datetime_operator.py took 1.062 seconds
[2021-10-29 00:18:28,256] {processor.py:163} INFO - Started process (PID=212) to work on /home/airflow/.local/lib/python3.6/site-packages/airflow/example_dags/example_branch_datetime_operator.py
[2021-10-29 00:18:28,305] {processor.py:620} INFO - Processing file /home/airflow/.local/lib/python3.6/site-packages/airflow/example_dags/example_branch_datetime_operator.py for tasks to queue
[2021-10-29 00:18:28,306] {logging_mixin.py:109} INFO - [2021-10-29 00:18:28,306] {dagbag.py:500} INFO - Filling up the DagBag from /home/airflow/.local/lib/python3.6/site-packages/airflow/example_dags/example_branch_datetime_operator.py
[2021-10-29 00:18:28,523] {processor.py:632} INFO - DAG(s) dict_keys(['example_branch_datetime_operator_2']) retrieved from /home/airflow/.local/lib/python3.6/site-packages/airflow/example_dags/example_branch_datetime_operator.py
[2021-10-29 00:18:28,591] {logging_mixin.py:109} INFO - [2021-10-29 00:18:28,591] {dag.py:2389} INFO - Sync 1 DAGs
[2021-10-29 00:18:28,637] {logging_mixin.py:109} INFO - [2021-10-29 00:18:28,637] {dag.py:2914} INFO - Setting next_dagrun for example_branch_datetime_operator_2 to 2021-10-28 00:00:00+00:00
[2021-10-29 00:18:28,663] {processor.py:171} INFO - Processing /home/airflow/.local/lib/python3.6/site-packages/airflow/example_dags/example_branch_datetime_operator.py took 0.410 seconds
[2021-10-29 00:18:59,435] {processor.py:163} INFO - Started process (PID=265) to work on /home/airflow/.local/lib/python3.6/site-packages/airflow/example_dags/example_branch_datetime_operator.py
[2021-10-29 00:18:59,439] {processor.py:620} INFO - Processing file /home/airflow/.local/lib/python3.6/site-packages/airflow/example_dags/example_branch_datetime_operator.py for tasks to queue
[2021-10-29 00:18:59,439] {logging_mixin.py:109} INFO - [2021-10-29 00:18:59,439] {dagbag.py:500} INFO - Filling up the DagBag from /home/airflow/.local/lib/python3.6/site-packages/airflow/example_dags/example_branch_datetime_operator.py
[2021-10-29 00:18:59,574] {processor.py:632} INFO - DAG(s) dict_keys(['example_branch_datetime_operator_2']) retrieved from /home/airflow/.local/lib/python3.6/site-packages/airflow/example_dags/example_branch_datetime_operator.py
[2021-10-29 00:18:59,692] {logging_mixin.py:109} INFO - [2021-10-29 00:18:59,692] {dag.py:2389} INFO - Sync 1 DAGs
[2021-10-29 00:18:59,824] {logging_mixin.py:109} INFO - [2021-10-29 00:18:59,824] {dag.py:2914} INFO - Setting next_dagrun for example_branch_datetime_operator_2 to 2021-10-28 00:00:00+00:00
[2021-10-29 00:18:59,856] {processor.py:171} INFO - Processing /home/airflow/.local/lib/python3.6/site-packages/airflow/example_dags/example_branch_datetime_operator.py took 0.424 seconds
[2021-10-29 00:19:30,051] {processor.py:163} INFO - Started process (PID=318) to work on /home/airflow/.local/lib/python3.6/site-packages/airflow/example_dags/example_branch_datetime_operator.py
[2021-10-29 00:19:30,060] {processor.py:620} INFO - Processing file /home/airflow/.local/lib/python3.6/site-packages/airflow/example_dags/example_branch_datetime_operator.py for tasks to queue
[2021-10-29 00:19:30,062] {logging_mixin.py:109} INFO - [2021-10-29 00:19:30,062] {dagbag.py:500} INFO - Filling up the DagBag from /home/airflow/.local/lib/python3.6/site-packages/airflow/example_dags/example_branch_datetime_operator.py
[2021-10-29 00:19:30,116] {processor.py:632} INFO - DAG(s) dict_keys(['example_branch_datetime_operator_2']) retrieved from /home/airflow/.local/lib/python3.6/site-packages/airflow/example_dags/example_branch_datetime_operator.py
[2021-10-29 00:19:30,148] {logging_mixin.py:109} INFO - [2021-10-29 00:19:30,147] {dag.py:2389} INFO - Sync 1 DAGs
[2021-10-29 00:19:30,179] {logging_mixin.py:109} INFO - [2021-10-29 00:19:30,179] {dag.py:2914} INFO - Setting next_dagrun for example_branch_datetime_operator_2 to 2021-10-28 00:00:00+00:00
[2021-10-29 00:19:30,205] {processor.py:171} INFO - Processing /home/airflow/.local/lib/python3.6/site-packages/airflow/example_dags/example_branch_datetime_operator.py took 0.158 seconds
[2021-10-29 00:20:01,941] {processor.py:163} INFO - Started process (PID=372) to work on /home/airflow/.local/lib/python3.6/site-packages/airflow/example_dags/example_branch_datetime_operator.py
[2021-10-29 00:20:01,953] {processor.py:620} INFO - Processing file /home/airflow/.local/lib/python3.6/site-packages/airflow/example_dags/example_branch_datetime_operator.py for tasks to queue
[2021-10-29 00:20:01,955] {logging_mixin.py:109} INFO - [2021-10-29 00:20:01,955] {dagbag.py:500} INFO - Filling up the DagBag from /home/airflow/.local/lib/python3.6/site-packages/airflow/example_dags/example_branch_datetime_operator.py
[2021-10-29 00:20:02,056] {processor.py:632} INFO - DAG(s) dict_keys(['example_branch_datetime_operator_2']) retrieved from /home/airflow/.local/lib/python3.6/site-packages/airflow/example_dags/example_branch_datetime_operator.py
[2021-10-29 00:20:02,116] {logging_mixin.py:109} INFO - [2021-10-29 00:20:02,116] {dag.py:2389} INFO - Sync 1 DAGs
[2021-10-29 00:20:02,214] {logging_mixin.py:109} INFO - [2021-10-29 00:20:02,214] {dag.py:2914} INFO - Setting next_dagrun for example_branch_datetime_operator_2 to 2021-10-28 00:00:00+00:00
[2021-10-29 00:20:02,301] {processor.py:171} INFO - Processing /home/airflow/.local/lib/python3.6/site-packages/airflow/example_dags/example_branch_datetime_operator.py took 0.363 seconds
[2021-10-29 00:20:32,977] {processor.py:163} INFO - Started process (PID=426) to work on /home/airflow/.local/lib/python3.6/site-packages/airflow/example_dags/example_branch_datetime_operator.py
[2021-10-29 00:20:32,981] {processor.py:620} INFO - Processing file /home/airflow/.local/lib/python3.6/site-packages/airflow/example_dags/example_branch_datetime_operator.py for tasks to queue
[2021-10-29 00:20:32,992] {logging_mixin.py:109} INFO - [2021-10-29 00:20:32,992] {dagbag.py:500} INFO - Filling up the DagBag from /home/airflow/.local/lib/python3.6/site-packages/airflow/example_dags/example_branch_datetime_operator.py
[2021-10-29 00:20:33,105] {processor.py:632} INFO - DAG(s) dict_keys(['example_branch_datetime_operator_2']) retrieved from /home/airflow/.local/lib/python3.6/site-packages/airflow/example_dags/example_branch_datetime_operator.py
[2021-10-29 00:20:33,144] {logging_mixin.py:109} INFO - [2021-10-29 00:20:33,144] {dag.py:2389} INFO - Sync 1 DAGs
[2021-10-29 00:20:33,195] {logging_mixin.py:109} INFO - [2021-10-29 00:20:33,194] {dag.py:2914} INFO - Setting next_dagrun for example_branch_datetime_operator_2 to 2021-10-28 00:00:00+00:00
[2021-10-29 00:20:33,221] {processor.py:171} INFO - Processing /home/airflow/.local/lib/python3.6/site-packages/airflow/example_dags/example_branch_datetime_operator.py took 0.261 seconds
[2021-10-29 00:21:04,554] {processor.py:163} INFO - Started process (PID=480) to work on /home/airflow/.local/lib/python3.6/site-packages/airflow/example_dags/example_branch_datetime_operator.py
[2021-10-29 00:21:04,562] {processor.py:620} INFO - Processing file /home/airflow/.local/lib/python3.6/site-packages/airflow/example_dags/example_branch_datetime_operator.py for tasks to queue
[2021-10-29 00:21:04,564] {logging_mixin.py:109} INFO - [2021-10-29 00:21:04,564] {dagbag.py:500} INFO - Filling up the DagBag from /home/airflow/.local/lib/python3.6/site-packages/airflow/example_dags/example_branch_datetime_operator.py
[2021-10-29 00:21:04,694] {processor.py:632} INFO - DAG(s) dict_keys(['example_branch_datetime_operator_2']) retrieved from /home/airflow/.local/lib/python3.6/site-packages/airflow/example_dags/example_branch_datetime_operator.py
[2021-10-29 00:21:04,743] {logging_mixin.py:109} INFO - [2021-10-29 00:21:04,743] {dag.py:2389} INFO - Sync 1 DAGs
[2021-10-29 00:21:04,859] {logging_mixin.py:109} INFO - [2021-10-29 00:21:04,858] {dag.py:2914} INFO - Setting next_dagrun for example_branch_datetime_operator_2 to 2021-10-28 00:00:00+00:00
[2021-10-29 00:21:05,064] {processor.py:171} INFO - Processing /home/airflow/.local/lib/python3.6/site-packages/airflow/example_dags/example_branch_datetime_operator.py took 0.513 seconds
[2021-10-29 00:21:39,558] {processor.py:163} INFO - Started process (PID=534) to work on /home/airflow/.local/lib/python3.6/site-packages/airflow/example_dags/example_branch_datetime_operator.py
[2021-10-29 00:21:39,643] {processor.py:620} INFO - Processing file /home/airflow/.local/lib/python3.6/site-packages/airflow/example_dags/example_branch_datetime_operator.py for tasks to queue
[2021-10-29 00:21:39,645] {logging_mixin.py:109} INFO - [2021-10-29 00:21:39,645] {dagbag.py:500} INFO - Filling up the DagBag from /home/airflow/.local/lib/python3.6/site-packages/airflow/example_dags/example_branch_datetime_operator.py
[2021-10-29 00:21:40,053] {processor.py:632} INFO - DAG(s) dict_keys(['example_branch_datetime_operator_2']) retrieved from /home/airflow/.local/lib/python3.6/site-packages/airflow/example_dags/example_branch_datetime_operator.py
[2021-10-29 00:21:40,207] {logging_mixin.py:109} INFO - [2021-10-29 00:21:40,207] {dag.py:2389} INFO - Sync 1 DAGs
[2021-10-29 00:21:40,319] {logging_mixin.py:109} INFO - [2021-10-29 00:21:40,318] {dag.py:2914} INFO - Setting next_dagrun for example_branch_datetime_operator_2 to 2021-10-28 00:00:00+00:00
[2021-10-29 00:21:40,415] {processor.py:171} INFO - Processing /home/airflow/.local/lib/python3.6/site-packages/airflow/example_dags/example_branch_datetime_operator.py took 1.028 seconds
[2021-10-29 00:22:38,279] {processor.py:163} INFO - Started process (PID=600) to work on /home/airflow/.local/lib/python3.6/site-packages/airflow/example_dags/example_branch_datetime_operator.py
[2021-10-29 00:22:38,326] {processor.py:620} INFO - Processing file /home/airflow/.local/lib/python3.6/site-packages/airflow/example_dags/example_branch_datetime_operator.py for tasks to queue
[2021-10-29 00:22:38,328] {logging_mixin.py:109} INFO - [2021-10-29 00:22:38,328] {dagbag.py:500} INFO - Filling up the DagBag from /home/airflow/.local/lib/python3.6/site-packages/airflow/example_dags/example_branch_datetime_operator.py
[2021-10-29 00:22:38,512] {processor.py:632} INFO - DAG(s) dict_keys(['example_branch_datetime_operator_2']) retrieved from /home/airflow/.local/lib/python3.6/site-packages/airflow/example_dags/example_branch_datetime_operator.py
[2021-10-29 00:22:38,596] {logging_mixin.py:109} INFO - [2021-10-29 00:22:38,596] {dag.py:2389} INFO - Sync 1 DAGs
[2021-10-29 00:22:38,683] {logging_mixin.py:109} INFO - [2021-10-29 00:22:38,683] {dag.py:2914} INFO - Setting next_dagrun for example_branch_datetime_operator_2 to 2021-10-28 00:00:00+00:00
[2021-10-29 00:22:38,746] {processor.py:171} INFO - Processing /home/airflow/.local/lib/python3.6/site-packages/airflow/example_dags/example_branch_datetime_operator.py took 0.471 seconds
[2021-10-29 00:23:09,336] {processor.py:163} INFO - Started process (PID=655) to work on /home/airflow/.local/lib/python3.6/site-packages/airflow/example_dags/example_branch_datetime_operator.py
[2021-10-29 00:23:09,350] {processor.py:620} INFO - Processing file /home/airflow/.local/lib/python3.6/site-packages/airflow/example_dags/example_branch_datetime_operator.py for tasks to queue
[2021-10-29 00:23:09,352] {logging_mixin.py:109} INFO - [2021-10-29 00:23:09,352] {dagbag.py:500} INFO - Filling up the DagBag from /home/airflow/.local/lib/python3.6/site-packages/airflow/example_dags/example_branch_datetime_operator.py
[2021-10-29 00:23:09,452] {processor.py:632} INFO - DAG(s) dict_keys(['example_branch_datetime_operator_2']) retrieved from /home/airflow/.local/lib/python3.6/site-packages/airflow/example_dags/example_branch_datetime_operator.py
[2021-10-29 00:23:09,497] {logging_mixin.py:109} INFO - [2021-10-29 00:23:09,497] {dag.py:2389} INFO - Sync 1 DAGs
[2021-10-29 00:23:09,556] {logging_mixin.py:109} INFO - [2021-10-29 00:23:09,556] {dag.py:2914} INFO - Setting next_dagrun for example_branch_datetime_operator_2 to 2021-10-28 00:00:00+00:00
[2021-10-29 00:23:09,590] {processor.py:171} INFO - Processing /home/airflow/.local/lib/python3.6/site-packages/airflow/example_dags/example_branch_datetime_operator.py took 0.258 seconds
[2021-10-29 00:23:40,204] {processor.py:163} INFO - Started process (PID=709) to work on /home/airflow/.local/lib/python3.6/site-packages/airflow/example_dags/example_branch_datetime_operator.py
[2021-10-29 00:23:40,209] {processor.py:620} INFO - Processing file /home/airflow/.local/lib/python3.6/site-packages/airflow/example_dags/example_branch_datetime_operator.py for tasks to queue
[2021-10-29 00:23:40,211] {logging_mixin.py:109} INFO - [2021-10-29 00:23:40,211] {dagbag.py:500} INFO - Filling up the DagBag from /home/airflow/.local/lib/python3.6/site-packages/airflow/example_dags/example_branch_datetime_operator.py
[2021-10-29 00:23:40,277] {processor.py:632} INFO - DAG(s) dict_keys(['example_branch_datetime_operator_2']) retrieved from /home/airflow/.local/lib/python3.6/site-packages/airflow/example_dags/example_branch_datetime_operator.py
[2021-10-29 00:23:40,311] {logging_mixin.py:109} INFO - [2021-10-29 00:23:40,311] {dag.py:2389} INFO - Sync 1 DAGs
[2021-10-29 00:23:40,348] {logging_mixin.py:109} INFO - [2021-10-29 00:23:40,348] {dag.py:2914} INFO - Setting next_dagrun for example_branch_datetime_operator_2 to 2021-10-28 00:00:00+00:00
[2021-10-29 00:23:40,365] {processor.py:171} INFO - Processing /home/airflow/.local/lib/python3.6/site-packages/airflow/example_dags/example_branch_datetime_operator.py took 0.183 seconds
[2021-10-29 00:24:11,486] {processor.py:163} INFO - Started process (PID=763) to work on /home/airflow/.local/lib/python3.6/site-packages/airflow/example_dags/example_branch_datetime_operator.py
[2021-10-29 00:24:11,489] {processor.py:620} INFO - Processing file /home/airflow/.local/lib/python3.6/site-packages/airflow/example_dags/example_branch_datetime_operator.py for tasks to queue
[2021-10-29 00:24:11,491] {logging_mixin.py:109} INFO - [2021-10-29 00:24:11,491] {dagbag.py:500} INFO - Filling up the DagBag from /home/airflow/.local/lib/python3.6/site-packages/airflow/example_dags/example_branch_datetime_operator.py
[2021-10-29 00:24:11,564] {processor.py:632} INFO - DAG(s) dict_keys(['example_branch_datetime_operator_2']) retrieved from /home/airflow/.local/lib/python3.6/site-packages/airflow/example_dags/example_branch_datetime_operator.py
[2021-10-29 00:24:11,589] {logging_mixin.py:109} INFO - [2021-10-29 00:24:11,589] {dag.py:2389} INFO - Sync 1 DAGs
[2021-10-29 00:24:11,634] {logging_mixin.py:109} INFO - [2021-10-29 00:24:11,634] {dag.py:2914} INFO - Setting next_dagrun for example_branch_datetime_operator_2 to 2021-10-28 00:00:00+00:00
[2021-10-29 00:24:11,661] {processor.py:171} INFO - Processing /home/airflow/.local/lib/python3.6/site-packages/airflow/example_dags/example_branch_datetime_operator.py took 0.179 seconds
[2021-10-29 00:24:42,649] {processor.py:163} INFO - Started process (PID=817) to work on /home/airflow/.local/lib/python3.6/site-packages/airflow/example_dags/example_branch_datetime_operator.py
[2021-10-29 00:24:42,669] {processor.py:620} INFO - Processing file /home/airflow/.local/lib/python3.6/site-packages/airflow/example_dags/example_branch_datetime_operator.py for tasks to queue
[2021-10-29 00:24:42,671] {logging_mixin.py:109} INFO - [2021-10-29 00:24:42,671] {dagbag.py:500} INFO - Filling up the DagBag from /home/airflow/.local/lib/python3.6/site-packages/airflow/example_dags/example_branch_datetime_operator.py
[2021-10-29 00:24:42,721] {processor.py:632} INFO - DAG(s) dict_keys(['example_branch_datetime_operator_2']) retrieved from /home/airflow/.local/lib/python3.6/site-packages/airflow/example_dags/example_branch_datetime_operator.py
[2021-10-29 00:24:42,742] {logging_mixin.py:109} INFO - [2021-10-29 00:24:42,742] {dag.py:2389} INFO - Sync 1 DAGs
[2021-10-29 00:24:42,787] {logging_mixin.py:109} INFO - [2021-10-29 00:24:42,787] {dag.py:2914} INFO - Setting next_dagrun for example_branch_datetime_operator_2 to 2021-10-28 00:00:00+00:00
[2021-10-29 00:24:42,831] {processor.py:171} INFO - Processing /home/airflow/.local/lib/python3.6/site-packages/airflow/example_dags/example_branch_datetime_operator.py took 0.185 seconds
[2021-10-29 00:25:13,876] {processor.py:163} INFO - Started process (PID=871) to work on /home/airflow/.local/lib/python3.6/site-packages/airflow/example_dags/example_branch_datetime_operator.py
[2021-10-29 00:25:13,880] {processor.py:620} INFO - Processing file /home/airflow/.local/lib/python3.6/site-packages/airflow/example_dags/example_branch_datetime_operator.py for tasks to queue
[2021-10-29 00:25:13,880] {logging_mixin.py:109} INFO - [2021-10-29 00:25:13,880] {dagbag.py:500} INFO - Filling up the DagBag from /home/airflow/.local/lib/python3.6/site-packages/airflow/example_dags/example_branch_datetime_operator.py
[2021-10-29 00:25:14,020] {processor.py:632} INFO - DAG(s) dict_keys(['example_branch_datetime_operator_2']) retrieved from /home/airflow/.local/lib/python3.6/site-packages/airflow/example_dags/example_branch_datetime_operator.py
[2021-10-29 00:25:14,061] {logging_mixin.py:109} INFO - [2021-10-29 00:25:14,061] {dag.py:2389} INFO - Sync 1 DAGs
[2021-10-29 00:25:14,117] {logging_mixin.py:109} INFO - [2021-10-29 00:25:14,116] {dag.py:2914} INFO - Setting next_dagrun for example_branch_datetime_operator_2 to 2021-10-28 00:00:00+00:00
[2021-10-29 00:25:14,158] {processor.py:171} INFO - Processing /home/airflow/.local/lib/python3.6/site-packages/airflow/example_dags/example_branch_datetime_operator.py took 0.295 seconds
[2021-10-29 00:25:44,660] {processor.py:163} INFO - Started process (PID=925) to work on /home/airflow/.local/lib/python3.6/site-packages/airflow/example_dags/example_branch_datetime_operator.py
[2021-10-29 00:25:44,668] {processor.py:620} INFO - Processing file /home/airflow/.local/lib/python3.6/site-packages/airflow/example_dags/example_branch_datetime_operator.py for tasks to queue
[2021-10-29 00:25:44,672] {logging_mixin.py:109} INFO - [2021-10-29 00:25:44,672] {dagbag.py:500} INFO - Filling up the DagBag from /home/airflow/.local/lib/python3.6/site-packages/airflow/example_dags/example_branch_datetime_operator.py
[2021-10-29 00:25:44,731] {processor.py:632} INFO - DAG(s) dict_keys(['example_branch_datetime_operator_2']) retrieved from /home/airflow/.local/lib/python3.6/site-packages/airflow/example_dags/example_branch_datetime_operator.py
[2021-10-29 00:25:44,756] {logging_mixin.py:109} INFO - [2021-10-29 00:25:44,756] {dag.py:2389} INFO - Sync 1 DAGs
[2021-10-29 00:25:44,796] {logging_mixin.py:109} INFO - [2021-10-29 00:25:44,796] {dag.py:2914} INFO - Setting next_dagrun for example_branch_datetime_operator_2 to 2021-10-28 00:00:00+00:00
[2021-10-29 00:25:44,814] {processor.py:171} INFO - Processing /home/airflow/.local/lib/python3.6/site-packages/airflow/example_dags/example_branch_datetime_operator.py took 0.157 seconds
[2021-10-29 00:26:15,565] {processor.py:163} INFO - Started process (PID=979) to work on /home/airflow/.local/lib/python3.6/site-packages/airflow/example_dags/example_branch_datetime_operator.py
[2021-10-29 00:26:15,582] {processor.py:620} INFO - Processing file /home/airflow/.local/lib/python3.6/site-packages/airflow/example_dags/example_branch_datetime_operator.py for tasks to queue
[2021-10-29 00:26:15,584] {logging_mixin.py:109} INFO - [2021-10-29 00:26:15,584] {dagbag.py:500} INFO - Filling up the DagBag from /home/airflow/.local/lib/python3.6/site-packages/airflow/example_dags/example_branch_datetime_operator.py
[2021-10-29 00:26:15,646] {processor.py:632} INFO - DAG(s) dict_keys(['example_branch_datetime_operator_2']) retrieved from /home/airflow/.local/lib/python3.6/site-packages/airflow/example_dags/example_branch_datetime_operator.py
[2021-10-29 00:26:15,663] {logging_mixin.py:109} INFO - [2021-10-29 00:26:15,663] {dag.py:2389} INFO - Sync 1 DAGs
[2021-10-29 00:26:15,703] {logging_mixin.py:109} INFO - [2021-10-29 00:26:15,703] {dag.py:2914} INFO - Setting next_dagrun for example_branch_datetime_operator_2 to 2021-10-28 00:00:00+00:00
[2021-10-29 00:26:15,720] {processor.py:171} INFO - Processing /home/airflow/.local/lib/python3.6/site-packages/airflow/example_dags/example_branch_datetime_operator.py took 0.158 seconds
[2021-10-29 00:26:47,312] {processor.py:163} INFO - Started process (PID=1035) to work on /home/airflow/.local/lib/python3.6/site-packages/airflow/example_dags/example_branch_datetime_operator.py
[2021-10-29 00:26:47,329] {processor.py:620} INFO - Processing file /home/airflow/.local/lib/python3.6/site-packages/airflow/example_dags/example_branch_datetime_operator.py for tasks to queue
[2021-10-29 00:26:47,331] {logging_mixin.py:109} INFO - [2021-10-29 00:26:47,331] {dagbag.py:500} INFO - Filling up the DagBag from /home/airflow/.local/lib/python3.6/site-packages/airflow/example_dags/example_branch_datetime_operator.py
[2021-10-29 00:26:47,387] {processor.py:632} INFO - DAG(s) dict_keys(['example_branch_datetime_operator_2']) retrieved from /home/airflow/.local/lib/python3.6/site-packages/airflow/example_dags/example_branch_datetime_operator.py
[2021-10-29 00:26:47,409] {logging_mixin.py:109} INFO - [2021-10-29 00:26:47,409] {dag.py:2389} INFO - Sync 1 DAGs
[2021-10-29 00:26:47,448] {logging_mixin.py:109} INFO - [2021-10-29 00:26:47,448] {dag.py:2914} INFO - Setting next_dagrun for example_branch_datetime_operator_2 to 2021-10-28 00:00:00+00:00
[2021-10-29 00:26:47,481] {processor.py:171} INFO - Processing /home/airflow/.local/lib/python3.6/site-packages/airflow/example_dags/example_branch_datetime_operator.py took 0.172 seconds
[2021-10-29 00:27:18,635] {processor.py:163} INFO - Started process (PID=1088) to work on /home/airflow/.local/lib/python3.6/site-packages/airflow/example_dags/example_branch_datetime_operator.py
[2021-10-29 00:27:18,638] {processor.py:620} INFO - Processing file /home/airflow/.local/lib/python3.6/site-packages/airflow/example_dags/example_branch_datetime_operator.py for tasks to queue
[2021-10-29 00:27:18,639] {logging_mixin.py:109} INFO - [2021-10-29 00:27:18,639] {dagbag.py:500} INFO - Filling up the DagBag from /home/airflow/.local/lib/python3.6/site-packages/airflow/example_dags/example_branch_datetime_operator.py
[2021-10-29 00:27:18,688] {processor.py:632} INFO - DAG(s) dict_keys(['example_branch_datetime_operator_2']) retrieved from /home/airflow/.local/lib/python3.6/site-packages/airflow/example_dags/example_branch_datetime_operator.py
[2021-10-29 00:27:18,716] {logging_mixin.py:109} INFO - [2021-10-29 00:27:18,716] {dag.py:2389} INFO - Sync 1 DAGs
[2021-10-29 00:27:18,749] {logging_mixin.py:109} INFO - [2021-10-29 00:27:18,749] {dag.py:2914} INFO - Setting next_dagrun for example_branch_datetime_operator_2 to 2021-10-28 00:00:00+00:00
[2021-10-29 00:27:18,769] {processor.py:171} INFO - Processing /home/airflow/.local/lib/python3.6/site-packages/airflow/example_dags/example_branch_datetime_operator.py took 0.145 seconds
[2021-10-29 00:27:49,885] {processor.py:163} INFO - Started process (PID=1145) to work on /home/airflow/.local/lib/python3.6/site-packages/airflow/example_dags/example_branch_datetime_operator.py
[2021-10-29 00:27:49,891] {processor.py:620} INFO - Processing file /home/airflow/.local/lib/python3.6/site-packages/airflow/example_dags/example_branch_datetime_operator.py for tasks to queue
[2021-10-29 00:27:49,892] {logging_mixin.py:109} INFO - [2021-10-29 00:27:49,892] {dagbag.py:500} INFO - Filling up the DagBag from /home/airflow/.local/lib/python3.6/site-packages/airflow/example_dags/example_branch_datetime_operator.py
[2021-10-29 00:27:49,946] {processor.py:632} INFO - DAG(s) dict_keys(['example_branch_datetime_operator_2']) retrieved from /home/airflow/.local/lib/python3.6/site-packages/airflow/example_dags/example_branch_datetime_operator.py
[2021-10-29 00:27:49,964] {logging_mixin.py:109} INFO - [2021-10-29 00:27:49,963] {dag.py:2389} INFO - Sync 1 DAGs
[2021-10-29 00:27:50,006] {logging_mixin.py:109} INFO - [2021-10-29 00:27:50,006] {dag.py:2914} INFO - Setting next_dagrun for example_branch_datetime_operator_2 to 2021-10-28 00:00:00+00:00
[2021-10-29 00:27:50,024] {processor.py:171} INFO - Processing /home/airflow/.local/lib/python3.6/site-packages/airflow/example_dags/example_branch_datetime_operator.py took 0.156 seconds
[2021-10-29 00:28:21,213] {processor.py:163} INFO - Started process (PID=1198) to work on /home/airflow/.local/lib/python3.6/site-packages/airflow/example_dags/example_branch_datetime_operator.py
[2021-10-29 00:28:21,216] {processor.py:620} INFO - Processing file /home/airflow/.local/lib/python3.6/site-packages/airflow/example_dags/example_branch_datetime_operator.py for tasks to queue
[2021-10-29 00:28:21,218] {logging_mixin.py:109} INFO - [2021-10-29 00:28:21,218] {dagbag.py:500} INFO - Filling up the DagBag from /home/airflow/.local/lib/python3.6/site-packages/airflow/example_dags/example_branch_datetime_operator.py
[2021-10-29 00:28:21,272] {processor.py:632} INFO - DAG(s) dict_keys(['example_branch_datetime_operator_2']) retrieved from /home/airflow/.local/lib/python3.6/site-packages/airflow/example_dags/example_branch_datetime_operator.py
[2021-10-29 00:28:21,293] {logging_mixin.py:109} INFO - [2021-10-29 00:28:21,293] {dag.py:2389} INFO - Sync 1 DAGs
[2021-10-29 00:28:21,337] {logging_mixin.py:109} INFO - [2021-10-29 00:28:21,336] {dag.py:2914} INFO - Setting next_dagrun for example_branch_datetime_operator_2 to 2021-10-28 00:00:00+00:00
[2021-10-29 00:28:21,364] {processor.py:171} INFO - Processing /home/airflow/.local/lib/python3.6/site-packages/airflow/example_dags/example_branch_datetime_operator.py took 0.154 seconds
[2021-10-29 00:28:52,430] {processor.py:163} INFO - Started process (PID=1251) to work on /home/airflow/.local/lib/python3.6/site-packages/airflow/example_dags/example_branch_datetime_operator.py
[2021-10-29 00:28:52,433] {processor.py:620} INFO - Processing file /home/airflow/.local/lib/python3.6/site-packages/airflow/example_dags/example_branch_datetime_operator.py for tasks to queue
[2021-10-29 00:28:52,434] {logging_mixin.py:109} INFO - [2021-10-29 00:28:52,434] {dagbag.py:500} INFO - Filling up the DagBag from /home/airflow/.local/lib/python3.6/site-packages/airflow/example_dags/example_branch_datetime_operator.py
[2021-10-29 00:28:52,488] {processor.py:632} INFO - DAG(s) dict_keys(['example_branch_datetime_operator_2']) retrieved from /home/airflow/.local/lib/python3.6/site-packages/airflow/example_dags/example_branch_datetime_operator.py
[2021-10-29 00:28:52,517] {logging_mixin.py:109} INFO - [2021-10-29 00:28:52,517] {dag.py:2389} INFO - Sync 1 DAGs
[2021-10-29 00:28:52,545] {logging_mixin.py:109} INFO - [2021-10-29 00:28:52,545] {dag.py:2914} INFO - Setting next_dagrun for example_branch_datetime_operator_2 to 2021-10-28 00:00:00+00:00
[2021-10-29 00:28:52,561] {processor.py:171} INFO - Processing /home/airflow/.local/lib/python3.6/site-packages/airflow/example_dags/example_branch_datetime_operator.py took 0.143 seconds
[2021-10-29 00:29:24,014] {processor.py:163} INFO - Started process (PID=1305) to work on /home/airflow/.local/lib/python3.6/site-packages/airflow/example_dags/example_branch_datetime_operator.py
[2021-10-29 00:29:24,017] {processor.py:620} INFO - Processing file /home/airflow/.local/lib/python3.6/site-packages/airflow/example_dags/example_branch_datetime_operator.py for tasks to queue
[2021-10-29 00:29:24,022] {logging_mixin.py:109} INFO - [2021-10-29 00:29:24,022] {dagbag.py:500} INFO - Filling up the DagBag from /home/airflow/.local/lib/python3.6/site-packages/airflow/example_dags/example_branch_datetime_operator.py
[2021-10-29 00:29:24,073] {processor.py:632} INFO - DAG(s) dict_keys(['example_branch_datetime_operator_2']) retrieved from /home/airflow/.local/lib/python3.6/site-packages/airflow/example_dags/example_branch_datetime_operator.py
[2021-10-29 00:29:24,095] {logging_mixin.py:109} INFO - [2021-10-29 00:29:24,095] {dag.py:2389} INFO - Sync 1 DAGs
[2021-10-29 00:29:24,134] {logging_mixin.py:109} INFO - [2021-10-29 00:29:24,134] {dag.py:2914} INFO - Setting next_dagrun for example_branch_datetime_operator_2 to 2021-10-28 00:00:00+00:00
[2021-10-29 00:29:24,156] {processor.py:171} INFO - Processing /home/airflow/.local/lib/python3.6/site-packages/airflow/example_dags/example_branch_datetime_operator.py took 0.145 seconds
[2021-10-29 00:29:55,216] {processor.py:163} INFO - Started process (PID=1359) to work on /home/airflow/.local/lib/python3.6/site-packages/airflow/example_dags/example_branch_datetime_operator.py
[2021-10-29 00:29:55,219] {processor.py:620} INFO - Processing file /home/airflow/.local/lib/python3.6/site-packages/airflow/example_dags/example_branch_datetime_operator.py for tasks to queue
[2021-10-29 00:29:55,220] {logging_mixin.py:109} INFO - [2021-10-29 00:29:55,220] {dagbag.py:500} INFO - Filling up the DagBag from /home/airflow/.local/lib/python3.6/site-packages/airflow/example_dags/example_branch_datetime_operator.py
[2021-10-29 00:29:55,284] {processor.py:632} INFO - DAG(s) dict_keys(['example_branch_datetime_operator_2']) retrieved from /home/airflow/.local/lib/python3.6/site-packages/airflow/example_dags/example_branch_datetime_operator.py
[2021-10-29 00:29:55,304] {logging_mixin.py:109} INFO - [2021-10-29 00:29:55,304] {dag.py:2389} INFO - Sync 1 DAGs
[2021-10-29 00:29:55,354] {logging_mixin.py:109} INFO - [2021-10-29 00:29:55,354] {dag.py:2914} INFO - Setting next_dagrun for example_branch_datetime_operator_2 to 2021-10-28 00:00:00+00:00
[2021-10-29 00:29:55,390] {processor.py:171} INFO - Processing /home/airflow/.local/lib/python3.6/site-packages/airflow/example_dags/example_branch_datetime_operator.py took 0.186 seconds
[2021-10-29 00:30:25,832] {processor.py:163} INFO - Started process (PID=1413) to work on /home/airflow/.local/lib/python3.6/site-packages/airflow/example_dags/example_branch_datetime_operator.py
[2021-10-29 00:30:25,841] {processor.py:620} INFO - Processing file /home/airflow/.local/lib/python3.6/site-packages/airflow/example_dags/example_branch_datetime_operator.py for tasks to queue
[2021-10-29 00:30:25,843] {logging_mixin.py:109} INFO - [2021-10-29 00:30:25,843] {dagbag.py:500} INFO - Filling up the DagBag from /home/airflow/.local/lib/python3.6/site-packages/airflow/example_dags/example_branch_datetime_operator.py
[2021-10-29 00:30:25,901] {processor.py:632} INFO - DAG(s) dict_keys(['example_branch_datetime_operator_2']) retrieved from /home/airflow/.local/lib/python3.6/site-packages/airflow/example_dags/example_branch_datetime_operator.py
[2021-10-29 00:30:25,924] {logging_mixin.py:109} INFO - [2021-10-29 00:30:25,924] {dag.py:2389} INFO - Sync 1 DAGs
[2021-10-29 00:30:25,960] {logging_mixin.py:109} INFO - [2021-10-29 00:30:25,960] {dag.py:2914} INFO - Setting next_dagrun for example_branch_datetime_operator_2 to 2021-10-28 00:00:00+00:00
[2021-10-29 00:30:25,983] {processor.py:171} INFO - Processing /home/airflow/.local/lib/python3.6/site-packages/airflow/example_dags/example_branch_datetime_operator.py took 0.154 seconds
[2021-10-29 00:30:57,446] {processor.py:163} INFO - Started process (PID=1468) to work on /home/airflow/.local/lib/python3.6/site-packages/airflow/example_dags/example_branch_datetime_operator.py
[2021-10-29 00:30:57,454] {processor.py:620} INFO - Processing file /home/airflow/.local/lib/python3.6/site-packages/airflow/example_dags/example_branch_datetime_operator.py for tasks to queue
[2021-10-29 00:30:57,455] {logging_mixin.py:109} INFO - [2021-10-29 00:30:57,455] {dagbag.py:500} INFO - Filling up the DagBag from /home/airflow/.local/lib/python3.6/site-packages/airflow/example_dags/example_branch_datetime_operator.py
[2021-10-29 00:30:57,513] {processor.py:632} INFO - DAG(s) dict_keys(['example_branch_datetime_operator_2']) retrieved from /home/airflow/.local/lib/python3.6/site-packages/airflow/example_dags/example_branch_datetime_operator.py
[2021-10-29 00:30:57,536] {logging_mixin.py:109} INFO - [2021-10-29 00:30:57,536] {dag.py:2389} INFO - Sync 1 DAGs
[2021-10-29 00:30:57,567] {logging_mixin.py:109} INFO - [2021-10-29 00:30:57,567] {dag.py:2914} INFO - Setting next_dagrun for example_branch_datetime_operator_2 to 2021-10-28 00:00:00+00:00
[2021-10-29 00:30:57,598] {processor.py:171} INFO - Processing /home/airflow/.local/lib/python3.6/site-packages/airflow/example_dags/example_branch_datetime_operator.py took 0.155 seconds
[2021-10-29 00:31:28,544] {processor.py:163} INFO - Started process (PID=1521) to work on /home/airflow/.local/lib/python3.6/site-packages/airflow/example_dags/example_branch_datetime_operator.py
[2021-10-29 00:31:28,554] {processor.py:620} INFO - Processing file /home/airflow/.local/lib/python3.6/site-packages/airflow/example_dags/example_branch_datetime_operator.py for tasks to queue
[2021-10-29 00:31:28,554] {logging_mixin.py:109} INFO - [2021-10-29 00:31:28,554] {dagbag.py:500} INFO - Filling up the DagBag from /home/airflow/.local/lib/python3.6/site-packages/airflow/example_dags/example_branch_datetime_operator.py
[2021-10-29 00:31:28,736] {processor.py:632} INFO - DAG(s) dict_keys(['example_branch_datetime_operator_2']) retrieved from /home/airflow/.local/lib/python3.6/site-packages/airflow/example_dags/example_branch_datetime_operator.py
[2021-10-29 00:31:28,774] {logging_mixin.py:109} INFO - [2021-10-29 00:31:28,774] {dag.py:2389} INFO - Sync 1 DAGs
[2021-10-29 00:31:28,852] {logging_mixin.py:109} INFO - [2021-10-29 00:31:28,852] {dag.py:2914} INFO - Setting next_dagrun for example_branch_datetime_operator_2 to 2021-10-28 00:00:00+00:00
[2021-10-29 00:31:28,897] {processor.py:171} INFO - Processing /home/airflow/.local/lib/python3.6/site-packages/airflow/example_dags/example_branch_datetime_operator.py took 0.356 seconds
[2021-10-29 00:32:00,833] {processor.py:163} INFO - Started process (PID=1575) to work on /home/airflow/.local/lib/python3.6/site-packages/airflow/example_dags/example_branch_datetime_operator.py
[2021-10-29 00:32:00,852] {processor.py:620} INFO - Processing file /home/airflow/.local/lib/python3.6/site-packages/airflow/example_dags/example_branch_datetime_operator.py for tasks to queue
[2021-10-29 00:32:00,856] {logging_mixin.py:109} INFO - [2021-10-29 00:32:00,856] {dagbag.py:500} INFO - Filling up the DagBag from /home/airflow/.local/lib/python3.6/site-packages/airflow/example_dags/example_branch_datetime_operator.py
[2021-10-29 00:32:00,936] {processor.py:632} INFO - DAG(s) dict_keys(['example_branch_datetime_operator_2']) retrieved from /home/airflow/.local/lib/python3.6/site-packages/airflow/example_dags/example_branch_datetime_operator.py
[2021-10-29 00:32:00,971] {logging_mixin.py:109} INFO - [2021-10-29 00:32:00,971] {dag.py:2389} INFO - Sync 1 DAGs
[2021-10-29 00:32:01,016] {logging_mixin.py:109} INFO - [2021-10-29 00:32:01,016] {dag.py:2914} INFO - Setting next_dagrun for example_branch_datetime_operator_2 to 2021-10-28 00:00:00+00:00
[2021-10-29 00:32:01,042] {processor.py:171} INFO - Processing /home/airflow/.local/lib/python3.6/site-packages/airflow/example_dags/example_branch_datetime_operator.py took 0.212 seconds
[2021-10-29 00:32:33,149] {processor.py:163} INFO - Started process (PID=1629) to work on /home/airflow/.local/lib/python3.6/site-packages/airflow/example_dags/example_branch_datetime_operator.py
[2021-10-29 00:32:33,170] {processor.py:620} INFO - Processing file /home/airflow/.local/lib/python3.6/site-packages/airflow/example_dags/example_branch_datetime_operator.py for tasks to queue
[2021-10-29 00:32:33,178] {logging_mixin.py:109} INFO - [2021-10-29 00:32:33,178] {dagbag.py:500} INFO - Filling up the DagBag from /home/airflow/.local/lib/python3.6/site-packages/airflow/example_dags/example_branch_datetime_operator.py
[2021-10-29 00:32:33,255] {processor.py:632} INFO - DAG(s) dict_keys(['example_branch_datetime_operator_2']) retrieved from /home/airflow/.local/lib/python3.6/site-packages/airflow/example_dags/example_branch_datetime_operator.py
[2021-10-29 00:32:33,282] {logging_mixin.py:109} INFO - [2021-10-29 00:32:33,282] {dag.py:2389} INFO - Sync 1 DAGs
[2021-10-29 00:32:33,320] {logging_mixin.py:109} INFO - [2021-10-29 00:32:33,320] {dag.py:2914} INFO - Setting next_dagrun for example_branch_datetime_operator_2 to 2021-10-28 00:00:00+00:00
[2021-10-29 00:32:33,347] {processor.py:171} INFO - Processing /home/airflow/.local/lib/python3.6/site-packages/airflow/example_dags/example_branch_datetime_operator.py took 0.203 seconds
[2021-10-29 00:33:05,158] {processor.py:163} INFO - Started process (PID=1684) to work on /home/airflow/.local/lib/python3.6/site-packages/airflow/example_dags/example_branch_datetime_operator.py
[2021-10-29 00:33:05,200] {processor.py:620} INFO - Processing file /home/airflow/.local/lib/python3.6/site-packages/airflow/example_dags/example_branch_datetime_operator.py for tasks to queue
[2021-10-29 00:33:05,200] {logging_mixin.py:109} INFO - [2021-10-29 00:33:05,200] {dagbag.py:500} INFO - Filling up the DagBag from /home/airflow/.local/lib/python3.6/site-packages/airflow/example_dags/example_branch_datetime_operator.py
[2021-10-29 00:33:05,384] {processor.py:632} INFO - DAG(s) dict_keys(['example_branch_datetime_operator_2']) retrieved from /home/airflow/.local/lib/python3.6/site-packages/airflow/example_dags/example_branch_datetime_operator.py
[2021-10-29 00:33:05,443] {logging_mixin.py:109} INFO - [2021-10-29 00:33:05,442] {dag.py:2389} INFO - Sync 1 DAGs
[2021-10-29 00:33:05,523] {logging_mixin.py:109} INFO - [2021-10-29 00:33:05,523] {dag.py:2914} INFO - Setting next_dagrun for example_branch_datetime_operator_2 to 2021-10-28 00:00:00+00:00
[2021-10-29 00:33:05,607] {processor.py:171} INFO - Processing /home/airflow/.local/lib/python3.6/site-packages/airflow/example_dags/example_branch_datetime_operator.py took 0.476 seconds
[2021-10-29 00:33:36,016] {processor.py:163} INFO - Started process (PID=1728) to work on /home/airflow/.local/lib/python3.6/site-packages/airflow/example_dags/example_branch_datetime_operator.py
[2021-10-29 00:33:36,032] {processor.py:620} INFO - Processing file /home/airflow/.local/lib/python3.6/site-packages/airflow/example_dags/example_branch_datetime_operator.py for tasks to queue
[2021-10-29 00:33:36,034] {logging_mixin.py:109} INFO - [2021-10-29 00:33:36,034] {dagbag.py:500} INFO - Filling up the DagBag from /home/airflow/.local/lib/python3.6/site-packages/airflow/example_dags/example_branch_datetime_operator.py
[2021-10-29 00:33:36,135] {processor.py:632} INFO - DAG(s) dict_keys(['example_branch_datetime_operator_2']) retrieved from /home/airflow/.local/lib/python3.6/site-packages/airflow/example_dags/example_branch_datetime_operator.py
[2021-10-29 00:33:36,170] {logging_mixin.py:109} INFO - [2021-10-29 00:33:36,170] {dag.py:2389} INFO - Sync 1 DAGs
[2021-10-29 00:33:36,253] {logging_mixin.py:109} INFO - [2021-10-29 00:33:36,253] {dag.py:2914} INFO - Setting next_dagrun for example_branch_datetime_operator_2 to 2021-10-28 00:00:00+00:00
[2021-10-29 00:33:36,284] {processor.py:171} INFO - Processing /home/airflow/.local/lib/python3.6/site-packages/airflow/example_dags/example_branch_datetime_operator.py took 0.271 seconds
[2021-10-29 00:34:06,406] {processor.py:163} INFO - Started process (PID=1781) to work on /home/airflow/.local/lib/python3.6/site-packages/airflow/example_dags/example_branch_datetime_operator.py
[2021-10-29 00:34:06,414] {processor.py:620} INFO - Processing file /home/airflow/.local/lib/python3.6/site-packages/airflow/example_dags/example_branch_datetime_operator.py for tasks to queue
[2021-10-29 00:34:06,417] {logging_mixin.py:109} INFO - [2021-10-29 00:34:06,417] {dagbag.py:500} INFO - Filling up the DagBag from /home/airflow/.local/lib/python3.6/site-packages/airflow/example_dags/example_branch_datetime_operator.py
[2021-10-29 00:34:06,478] {processor.py:632} INFO - DAG(s) dict_keys(['example_branch_datetime_operator_2']) retrieved from /home/airflow/.local/lib/python3.6/site-packages/airflow/example_dags/example_branch_datetime_operator.py
[2021-10-29 00:34:06,502] {logging_mixin.py:109} INFO - [2021-10-29 00:34:06,502] {dag.py:2389} INFO - Sync 1 DAGs
[2021-10-29 00:34:06,588] {logging_mixin.py:109} INFO - [2021-10-29 00:34:06,588] {dag.py:2914} INFO - Setting next_dagrun for example_branch_datetime_operator_2 to 2021-10-28 00:00:00+00:00
[2021-10-29 00:34:06,615] {processor.py:171} INFO - Processing /home/airflow/.local/lib/python3.6/site-packages/airflow/example_dags/example_branch_datetime_operator.py took 0.212 seconds
[2021-10-29 00:34:37,692] {processor.py:163} INFO - Started process (PID=1842) to work on /home/airflow/.local/lib/python3.6/site-packages/airflow/example_dags/example_branch_datetime_operator.py
[2021-10-29 00:34:37,730] {processor.py:620} INFO - Processing file /home/airflow/.local/lib/python3.6/site-packages/airflow/example_dags/example_branch_datetime_operator.py for tasks to queue
[2021-10-29 00:34:37,739] {logging_mixin.py:109} INFO - [2021-10-29 00:34:37,739] {dagbag.py:500} INFO - Filling up the DagBag from /home/airflow/.local/lib/python3.6/site-packages/airflow/example_dags/example_branch_datetime_operator.py
[2021-10-29 00:34:37,957] {processor.py:632} INFO - DAG(s) dict_keys(['example_branch_datetime_operator_2']) retrieved from /home/airflow/.local/lib/python3.6/site-packages/airflow/example_dags/example_branch_datetime_operator.py
[2021-10-29 00:34:38,010] {logging_mixin.py:109} INFO - [2021-10-29 00:34:38,010] {dag.py:2389} INFO - Sync 1 DAGs
[2021-10-29 00:34:38,094] {logging_mixin.py:109} INFO - [2021-10-29 00:34:38,094] {dag.py:2914} INFO - Setting next_dagrun for example_branch_datetime_operator_2 to 2021-10-28 00:00:00+00:00
[2021-10-29 00:34:38,171] {processor.py:171} INFO - Processing /home/airflow/.local/lib/python3.6/site-packages/airflow/example_dags/example_branch_datetime_operator.py took 0.482 seconds
[2021-10-29 00:35:08,491] {processor.py:163} INFO - Started process (PID=1897) to work on /home/airflow/.local/lib/python3.6/site-packages/airflow/example_dags/example_branch_datetime_operator.py
[2021-10-29 00:35:08,546] {processor.py:620} INFO - Processing file /home/airflow/.local/lib/python3.6/site-packages/airflow/example_dags/example_branch_datetime_operator.py for tasks to queue
[2021-10-29 00:35:08,646] {logging_mixin.py:109} INFO - [2021-10-29 00:35:08,548] {dagbag.py:500} INFO - Filling up the DagBag from /home/airflow/.local/lib/python3.6/site-packages/airflow/example_dags/example_branch_datetime_operator.py
[2021-10-29 00:35:09,095] {processor.py:632} INFO - DAG(s) dict_keys(['example_branch_datetime_operator_2']) retrieved from /home/airflow/.local/lib/python3.6/site-packages/airflow/example_dags/example_branch_datetime_operator.py
[2021-10-29 00:35:09,251] {logging_mixin.py:109} INFO - [2021-10-29 00:35:09,251] {dag.py:2389} INFO - Sync 1 DAGs
[2021-10-29 00:35:09,406] {logging_mixin.py:109} INFO - [2021-10-29 00:35:09,406] {dag.py:2914} INFO - Setting next_dagrun for example_branch_datetime_operator_2 to 2021-10-28 00:00:00+00:00
[2021-10-29 00:35:09,517] {processor.py:171} INFO - Processing /home/airflow/.local/lib/python3.6/site-packages/airflow/example_dags/example_branch_datetime_operator.py took 1.029 seconds
[2021-10-29 00:35:39,656] {processor.py:163} INFO - Started process (PID=1941) to work on /home/airflow/.local/lib/python3.6/site-packages/airflow/example_dags/example_branch_datetime_operator.py
[2021-10-29 00:35:39,680] {processor.py:620} INFO - Processing file /home/airflow/.local/lib/python3.6/site-packages/airflow/example_dags/example_branch_datetime_operator.py for tasks to queue
[2021-10-29 00:35:39,680] {logging_mixin.py:109} INFO - [2021-10-29 00:35:39,680] {dagbag.py:500} INFO - Filling up the DagBag from /home/airflow/.local/lib/python3.6/site-packages/airflow/example_dags/example_branch_datetime_operator.py
[2021-10-29 00:35:39,825] {processor.py:632} INFO - DAG(s) dict_keys(['example_branch_datetime_operator_2']) retrieved from /home/airflow/.local/lib/python3.6/site-packages/airflow/example_dags/example_branch_datetime_operator.py
[2021-10-29 00:35:39,883] {logging_mixin.py:109} INFO - [2021-10-29 00:35:39,883] {dag.py:2389} INFO - Sync 1 DAGs
[2021-10-29 00:35:39,936] {logging_mixin.py:109} INFO - [2021-10-29 00:35:39,936] {dag.py:2914} INFO - Setting next_dagrun for example_branch_datetime_operator_2 to 2021-10-28 00:00:00+00:00
[2021-10-29 00:35:39,980] {processor.py:171} INFO - Processing /home/airflow/.local/lib/python3.6/site-packages/airflow/example_dags/example_branch_datetime_operator.py took 0.327 seconds
[2021-10-29 00:38:50,962] {processor.py:163} INFO - Started process (PID=120) to work on /home/airflow/.local/lib/python3.6/site-packages/airflow/example_dags/example_branch_datetime_operator.py
[2021-10-29 00:38:51,167] {processor.py:620} INFO - Processing file /home/airflow/.local/lib/python3.6/site-packages/airflow/example_dags/example_branch_datetime_operator.py for tasks to queue
[2021-10-29 00:38:51,168] {logging_mixin.py:109} INFO - [2021-10-29 00:38:51,168] {dagbag.py:500} INFO - Filling up the DagBag from /home/airflow/.local/lib/python3.6/site-packages/airflow/example_dags/example_branch_datetime_operator.py
[2021-10-29 00:38:52,354] {processor.py:632} INFO - DAG(s) dict_keys(['example_branch_datetime_operator_2']) retrieved from /home/airflow/.local/lib/python3.6/site-packages/airflow/example_dags/example_branch_datetime_operator.py
[2021-10-29 00:38:52,640] {logging_mixin.py:109} INFO - [2021-10-29 00:38:52,640] {dag.py:2389} INFO - Sync 1 DAGs
[2021-10-29 00:38:53,019] {logging_mixin.py:109} INFO - [2021-10-29 00:38:53,019] {dag.py:2914} INFO - Setting next_dagrun for example_branch_datetime_operator_2 to 2021-10-28 00:00:00+00:00
[2021-10-29 00:38:53,129] {processor.py:171} INFO - Processing /home/airflow/.local/lib/python3.6/site-packages/airflow/example_dags/example_branch_datetime_operator.py took 2.170 seconds
[2021-10-29 00:39:31,952] {processor.py:163} INFO - Started process (PID=175) to work on /home/airflow/.local/lib/python3.6/site-packages/airflow/example_dags/example_branch_datetime_operator.py
[2021-10-29 00:39:32,003] {processor.py:620} INFO - Processing file /home/airflow/.local/lib/python3.6/site-packages/airflow/example_dags/example_branch_datetime_operator.py for tasks to queue
[2021-10-29 00:39:32,003] {logging_mixin.py:109} INFO - [2021-10-29 00:39:32,003] {dagbag.py:500} INFO - Filling up the DagBag from /home/airflow/.local/lib/python3.6/site-packages/airflow/example_dags/example_branch_datetime_operator.py
[2021-10-29 00:39:32,378] {processor.py:632} INFO - DAG(s) dict_keys(['example_branch_datetime_operator_2']) retrieved from /home/airflow/.local/lib/python3.6/site-packages/airflow/example_dags/example_branch_datetime_operator.py
[2021-10-29 00:39:32,519] {logging_mixin.py:109} INFO - [2021-10-29 00:39:32,519] {dag.py:2389} INFO - Sync 1 DAGs
[2021-10-29 00:39:32,680] {logging_mixin.py:109} INFO - [2021-10-29 00:39:32,680] {dag.py:2914} INFO - Setting next_dagrun for example_branch_datetime_operator_2 to 2021-10-28 00:00:00+00:00
[2021-10-29 00:39:32,733] {processor.py:171} INFO - Processing /home/airflow/.local/lib/python3.6/site-packages/airflow/example_dags/example_branch_datetime_operator.py took 0.784 seconds
[2021-10-29 00:40:03,296] {processor.py:163} INFO - Started process (PID=226) to work on /home/airflow/.local/lib/python3.6/site-packages/airflow/example_dags/example_branch_datetime_operator.py
[2021-10-29 00:40:03,361] {processor.py:620} INFO - Processing file /home/airflow/.local/lib/python3.6/site-packages/airflow/example_dags/example_branch_datetime_operator.py for tasks to queue
[2021-10-29 00:40:03,421] {logging_mixin.py:109} INFO - [2021-10-29 00:40:03,362] {dagbag.py:500} INFO - Filling up the DagBag from /home/airflow/.local/lib/python3.6/site-packages/airflow/example_dags/example_branch_datetime_operator.py
[2021-10-29 00:40:03,682] {processor.py:632} INFO - DAG(s) dict_keys(['example_branch_datetime_operator_2']) retrieved from /home/airflow/.local/lib/python3.6/site-packages/airflow/example_dags/example_branch_datetime_operator.py
[2021-10-29 00:40:03,955] {logging_mixin.py:109} INFO - [2021-10-29 00:40:03,955] {dag.py:2389} INFO - Sync 1 DAGs
[2021-10-29 00:40:04,256] {logging_mixin.py:109} INFO - [2021-10-29 00:40:04,256] {dag.py:2914} INFO - Setting next_dagrun for example_branch_datetime_operator_2 to 2021-10-28 00:00:00+00:00
[2021-10-29 00:40:04,455] {processor.py:171} INFO - Processing /home/airflow/.local/lib/python3.6/site-packages/airflow/example_dags/example_branch_datetime_operator.py took 1.195 seconds
[2021-10-29 00:40:38,223] {processor.py:163} INFO - Started process (PID=272) to work on /home/airflow/.local/lib/python3.6/site-packages/airflow/example_dags/example_branch_datetime_operator.py
[2021-10-29 00:40:38,227] {processor.py:620} INFO - Processing file /home/airflow/.local/lib/python3.6/site-packages/airflow/example_dags/example_branch_datetime_operator.py for tasks to queue
[2021-10-29 00:40:38,231] {logging_mixin.py:109} INFO - [2021-10-29 00:40:38,230] {dagbag.py:500} INFO - Filling up the DagBag from /home/airflow/.local/lib/python3.6/site-packages/airflow/example_dags/example_branch_datetime_operator.py
[2021-10-29 00:40:38,343] {processor.py:632} INFO - DAG(s) dict_keys(['example_branch_datetime_operator_2']) retrieved from /home/airflow/.local/lib/python3.6/site-packages/airflow/example_dags/example_branch_datetime_operator.py
[2021-10-29 00:40:38,383] {logging_mixin.py:109} INFO - [2021-10-29 00:40:38,383] {dag.py:2389} INFO - Sync 1 DAGs
[2021-10-29 00:40:38,421] {logging_mixin.py:109} INFO - [2021-10-29 00:40:38,421] {dag.py:2914} INFO - Setting next_dagrun for example_branch_datetime_operator_2 to 2021-10-28 00:00:00+00:00
[2021-10-29 00:40:38,459] {processor.py:171} INFO - Processing /home/airflow/.local/lib/python3.6/site-packages/airflow/example_dags/example_branch_datetime_operator.py took 0.272 seconds
[2021-10-29 00:41:10,225] {processor.py:163} INFO - Started process (PID=327) to work on /home/airflow/.local/lib/python3.6/site-packages/airflow/example_dags/example_branch_datetime_operator.py
[2021-10-29 00:41:10,227] {processor.py:620} INFO - Processing file /home/airflow/.local/lib/python3.6/site-packages/airflow/example_dags/example_branch_datetime_operator.py for tasks to queue
[2021-10-29 00:41:10,228] {logging_mixin.py:109} INFO - [2021-10-29 00:41:10,228] {dagbag.py:500} INFO - Filling up the DagBag from /home/airflow/.local/lib/python3.6/site-packages/airflow/example_dags/example_branch_datetime_operator.py
[2021-10-29 00:41:10,359] {processor.py:632} INFO - DAG(s) dict_keys(['example_branch_datetime_operator_2']) retrieved from /home/airflow/.local/lib/python3.6/site-packages/airflow/example_dags/example_branch_datetime_operator.py
[2021-10-29 00:41:10,417] {logging_mixin.py:109} INFO - [2021-10-29 00:41:10,417] {dag.py:2389} INFO - Sync 1 DAGs
[2021-10-29 00:41:10,621] {logging_mixin.py:109} INFO - [2021-10-29 00:41:10,621] {dag.py:2914} INFO - Setting next_dagrun for example_branch_datetime_operator_2 to 2021-10-28 00:00:00+00:00
[2021-10-29 00:41:10,782] {processor.py:171} INFO - Processing /home/airflow/.local/lib/python3.6/site-packages/airflow/example_dags/example_branch_datetime_operator.py took 0.587 seconds
[2021-10-29 00:41:41,620] {processor.py:163} INFO - Started process (PID=379) to work on /home/airflow/.local/lib/python3.6/site-packages/airflow/example_dags/example_branch_datetime_operator.py
[2021-10-29 00:41:41,753] {processor.py:620} INFO - Processing file /home/airflow/.local/lib/python3.6/site-packages/airflow/example_dags/example_branch_datetime_operator.py for tasks to queue
[2021-10-29 00:41:41,753] {logging_mixin.py:109} INFO - [2021-10-29 00:41:41,753] {dagbag.py:500} INFO - Filling up the DagBag from /home/airflow/.local/lib/python3.6/site-packages/airflow/example_dags/example_branch_datetime_operator.py
[2021-10-29 00:41:42,069] {processor.py:632} INFO - DAG(s) dict_keys(['example_branch_datetime_operator_2']) retrieved from /home/airflow/.local/lib/python3.6/site-packages/airflow/example_dags/example_branch_datetime_operator.py
[2021-10-29 00:41:42,283] {logging_mixin.py:109} INFO - [2021-10-29 00:41:42,282] {dag.py:2389} INFO - Sync 1 DAGs
[2021-10-29 00:41:42,537] {logging_mixin.py:109} INFO - [2021-10-29 00:41:42,536] {dag.py:2914} INFO - Setting next_dagrun for example_branch_datetime_operator_2 to 2021-10-28 00:00:00+00:00
[2021-10-29 00:41:42,659] {processor.py:171} INFO - Processing /home/airflow/.local/lib/python3.6/site-packages/airflow/example_dags/example_branch_datetime_operator.py took 1.041 seconds
[2021-10-29 00:42:13,221] {processor.py:163} INFO - Started process (PID=425) to work on /home/airflow/.local/lib/python3.6/site-packages/airflow/example_dags/example_branch_datetime_operator.py
[2021-10-29 00:42:13,228] {processor.py:620} INFO - Processing file /home/airflow/.local/lib/python3.6/site-packages/airflow/example_dags/example_branch_datetime_operator.py for tasks to queue
[2021-10-29 00:42:13,230] {logging_mixin.py:109} INFO - [2021-10-29 00:42:13,230] {dagbag.py:500} INFO - Filling up the DagBag from /home/airflow/.local/lib/python3.6/site-packages/airflow/example_dags/example_branch_datetime_operator.py
[2021-10-29 00:42:13,284] {processor.py:632} INFO - DAG(s) dict_keys(['example_branch_datetime_operator_2']) retrieved from /home/airflow/.local/lib/python3.6/site-packages/airflow/example_dags/example_branch_datetime_operator.py
[2021-10-29 00:42:13,312] {logging_mixin.py:109} INFO - [2021-10-29 00:42:13,312] {dag.py:2389} INFO - Sync 1 DAGs
[2021-10-29 00:42:13,342] {logging_mixin.py:109} INFO - [2021-10-29 00:42:13,342] {dag.py:2914} INFO - Setting next_dagrun for example_branch_datetime_operator_2 to 2021-10-28 00:00:00+00:00
[2021-10-29 00:42:13,371] {processor.py:171} INFO - Processing /home/airflow/.local/lib/python3.6/site-packages/airflow/example_dags/example_branch_datetime_operator.py took 0.153 seconds
[2021-10-29 00:42:43,684] {processor.py:163} INFO - Started process (PID=479) to work on /home/airflow/.local/lib/python3.6/site-packages/airflow/example_dags/example_branch_datetime_operator.py
[2021-10-29 00:42:43,717] {processor.py:620} INFO - Processing file /home/airflow/.local/lib/python3.6/site-packages/airflow/example_dags/example_branch_datetime_operator.py for tasks to queue
[2021-10-29 00:42:43,718] {logging_mixin.py:109} INFO - [2021-10-29 00:42:43,718] {dagbag.py:500} INFO - Filling up the DagBag from /home/airflow/.local/lib/python3.6/site-packages/airflow/example_dags/example_branch_datetime_operator.py
[2021-10-29 00:42:43,902] {processor.py:632} INFO - DAG(s) dict_keys(['example_branch_datetime_operator_2']) retrieved from /home/airflow/.local/lib/python3.6/site-packages/airflow/example_dags/example_branch_datetime_operator.py
[2021-10-29 00:42:43,945] {logging_mixin.py:109} INFO - [2021-10-29 00:42:43,945] {dag.py:2389} INFO - Sync 1 DAGs
[2021-10-29 00:42:44,031] {logging_mixin.py:109} INFO - [2021-10-29 00:42:44,031] {dag.py:2914} INFO - Setting next_dagrun for example_branch_datetime_operator_2 to 2021-10-28 00:00:00+00:00
[2021-10-29 00:42:44,072] {processor.py:171} INFO - Processing /home/airflow/.local/lib/python3.6/site-packages/airflow/example_dags/example_branch_datetime_operator.py took 0.452 seconds
[2021-10-29 00:43:19,494] {processor.py:163} INFO - Started process (PID=532) to work on /home/airflow/.local/lib/python3.6/site-packages/airflow/example_dags/example_branch_datetime_operator.py
[2021-10-29 00:43:19,501] {processor.py:620} INFO - Processing file /home/airflow/.local/lib/python3.6/site-packages/airflow/example_dags/example_branch_datetime_operator.py for tasks to queue
[2021-10-29 00:43:19,503] {logging_mixin.py:109} INFO - [2021-10-29 00:43:19,503] {dagbag.py:500} INFO - Filling up the DagBag from /home/airflow/.local/lib/python3.6/site-packages/airflow/example_dags/example_branch_datetime_operator.py
[2021-10-29 00:43:19,855] {processor.py:632} INFO - DAG(s) dict_keys(['example_branch_datetime_operator_2']) retrieved from /home/airflow/.local/lib/python3.6/site-packages/airflow/example_dags/example_branch_datetime_operator.py
[2021-10-29 00:43:20,061] {logging_mixin.py:109} INFO - [2021-10-29 00:43:20,061] {dag.py:2389} INFO - Sync 1 DAGs
[2021-10-29 00:43:20,216] {logging_mixin.py:109} INFO - [2021-10-29 00:43:20,216] {dag.py:2914} INFO - Setting next_dagrun for example_branch_datetime_operator_2 to 2021-10-28 00:00:00+00:00
[2021-10-29 00:43:20,252] {processor.py:171} INFO - Processing /home/airflow/.local/lib/python3.6/site-packages/airflow/example_dags/example_branch_datetime_operator.py took 0.838 seconds
[2021-10-29 00:43:50,423] {processor.py:163} INFO - Started process (PID=577) to work on /home/airflow/.local/lib/python3.6/site-packages/airflow/example_dags/example_branch_datetime_operator.py
[2021-10-29 00:43:50,427] {processor.py:620} INFO - Processing file /home/airflow/.local/lib/python3.6/site-packages/airflow/example_dags/example_branch_datetime_operator.py for tasks to queue
[2021-10-29 00:43:50,427] {logging_mixin.py:109} INFO - [2021-10-29 00:43:50,427] {dagbag.py:500} INFO - Filling up the DagBag from /home/airflow/.local/lib/python3.6/site-packages/airflow/example_dags/example_branch_datetime_operator.py
[2021-10-29 00:43:50,480] {processor.py:632} INFO - DAG(s) dict_keys(['example_branch_datetime_operator_2']) retrieved from /home/airflow/.local/lib/python3.6/site-packages/airflow/example_dags/example_branch_datetime_operator.py
[2021-10-29 00:43:50,497] {logging_mixin.py:109} INFO - [2021-10-29 00:43:50,497] {dag.py:2389} INFO - Sync 1 DAGs
[2021-10-29 00:43:50,528] {logging_mixin.py:109} INFO - [2021-10-29 00:43:50,528] {dag.py:2914} INFO - Setting next_dagrun for example_branch_datetime_operator_2 to 2021-10-28 00:00:00+00:00
[2021-10-29 00:43:50,550] {processor.py:171} INFO - Processing /home/airflow/.local/lib/python3.6/site-packages/airflow/example_dags/example_branch_datetime_operator.py took 0.130 seconds
[2021-10-29 00:44:20,848] {processor.py:163} INFO - Started process (PID=631) to work on /home/airflow/.local/lib/python3.6/site-packages/airflow/example_dags/example_branch_datetime_operator.py
[2021-10-29 00:44:20,875] {processor.py:620} INFO - Processing file /home/airflow/.local/lib/python3.6/site-packages/airflow/example_dags/example_branch_datetime_operator.py for tasks to queue
[2021-10-29 00:44:20,875] {logging_mixin.py:109} INFO - [2021-10-29 00:44:20,875] {dagbag.py:500} INFO - Filling up the DagBag from /home/airflow/.local/lib/python3.6/site-packages/airflow/example_dags/example_branch_datetime_operator.py
[2021-10-29 00:44:20,976] {processor.py:632} INFO - DAG(s) dict_keys(['example_branch_datetime_operator_2']) retrieved from /home/airflow/.local/lib/python3.6/site-packages/airflow/example_dags/example_branch_datetime_operator.py
[2021-10-29 00:44:21,045] {logging_mixin.py:109} INFO - [2021-10-29 00:44:21,045] {dag.py:2389} INFO - Sync 1 DAGs
[2021-10-29 00:44:21,094] {logging_mixin.py:109} INFO - [2021-10-29 00:44:21,094] {dag.py:2914} INFO - Setting next_dagrun for example_branch_datetime_operator_2 to 2021-10-28 00:00:00+00:00
[2021-10-29 00:44:21,134] {processor.py:171} INFO - Processing /home/airflow/.local/lib/python3.6/site-packages/airflow/example_dags/example_branch_datetime_operator.py took 0.289 seconds
[2021-10-29 00:44:52,078] {processor.py:163} INFO - Started process (PID=684) to work on /home/airflow/.local/lib/python3.6/site-packages/airflow/example_dags/example_branch_datetime_operator.py
[2021-10-29 00:44:52,166] {processor.py:620} INFO - Processing file /home/airflow/.local/lib/python3.6/site-packages/airflow/example_dags/example_branch_datetime_operator.py for tasks to queue
[2021-10-29 00:44:52,169] {logging_mixin.py:109} INFO - [2021-10-29 00:44:52,169] {dagbag.py:500} INFO - Filling up the DagBag from /home/airflow/.local/lib/python3.6/site-packages/airflow/example_dags/example_branch_datetime_operator.py
[2021-10-29 00:44:52,396] {processor.py:632} INFO - DAG(s) dict_keys(['example_branch_datetime_operator_2']) retrieved from /home/airflow/.local/lib/python3.6/site-packages/airflow/example_dags/example_branch_datetime_operator.py
[2021-10-29 00:44:52,495] {logging_mixin.py:109} INFO - [2021-10-29 00:44:52,495] {dag.py:2389} INFO - Sync 1 DAGs
[2021-10-29 00:44:52,566] {logging_mixin.py:109} INFO - [2021-10-29 00:44:52,566] {dag.py:2914} INFO - Setting next_dagrun for example_branch_datetime_operator_2 to 2021-10-28 00:00:00+00:00
[2021-10-29 00:44:52,628] {processor.py:171} INFO - Processing /home/airflow/.local/lib/python3.6/site-packages/airflow/example_dags/example_branch_datetime_operator.py took 0.554 seconds
[2021-10-29 00:45:23,825] {processor.py:163} INFO - Started process (PID=740) to work on /home/airflow/.local/lib/python3.6/site-packages/airflow/example_dags/example_branch_datetime_operator.py
[2021-10-29 00:45:23,848] {processor.py:620} INFO - Processing file /home/airflow/.local/lib/python3.6/site-packages/airflow/example_dags/example_branch_datetime_operator.py for tasks to queue
[2021-10-29 00:45:23,849] {logging_mixin.py:109} INFO - [2021-10-29 00:45:23,849] {dagbag.py:500} INFO - Filling up the DagBag from /home/airflow/.local/lib/python3.6/site-packages/airflow/example_dags/example_branch_datetime_operator.py
[2021-10-29 00:45:23,928] {processor.py:632} INFO - DAG(s) dict_keys(['example_branch_datetime_operator_2']) retrieved from /home/airflow/.local/lib/python3.6/site-packages/airflow/example_dags/example_branch_datetime_operator.py
[2021-10-29 00:45:23,965] {logging_mixin.py:109} INFO - [2021-10-29 00:45:23,965] {dag.py:2389} INFO - Sync 1 DAGs
[2021-10-29 00:45:24,029] {logging_mixin.py:109} INFO - [2021-10-29 00:45:24,028] {dag.py:2914} INFO - Setting next_dagrun for example_branch_datetime_operator_2 to 2021-10-28 00:00:00+00:00
[2021-10-29 00:45:24,046] {processor.py:171} INFO - Processing /home/airflow/.local/lib/python3.6/site-packages/airflow/example_dags/example_branch_datetime_operator.py took 0.224 seconds
[2021-10-29 00:45:55,101] {processor.py:163} INFO - Started process (PID=794) to work on /home/airflow/.local/lib/python3.6/site-packages/airflow/example_dags/example_branch_datetime_operator.py
[2021-10-29 00:45:55,109] {processor.py:620} INFO - Processing file /home/airflow/.local/lib/python3.6/site-packages/airflow/example_dags/example_branch_datetime_operator.py for tasks to queue
[2021-10-29 00:45:55,111] {logging_mixin.py:109} INFO - [2021-10-29 00:45:55,111] {dagbag.py:500} INFO - Filling up the DagBag from /home/airflow/.local/lib/python3.6/site-packages/airflow/example_dags/example_branch_datetime_operator.py
[2021-10-29 00:45:55,210] {processor.py:632} INFO - DAG(s) dict_keys(['example_branch_datetime_operator_2']) retrieved from /home/airflow/.local/lib/python3.6/site-packages/airflow/example_dags/example_branch_datetime_operator.py
[2021-10-29 00:45:55,233] {logging_mixin.py:109} INFO - [2021-10-29 00:45:55,233] {dag.py:2389} INFO - Sync 1 DAGs
[2021-10-29 00:45:55,266] {logging_mixin.py:109} INFO - [2021-10-29 00:45:55,266] {dag.py:2914} INFO - Setting next_dagrun for example_branch_datetime_operator_2 to 2021-10-28 00:00:00+00:00
[2021-10-29 00:45:55,280] {processor.py:171} INFO - Processing /home/airflow/.local/lib/python3.6/site-packages/airflow/example_dags/example_branch_datetime_operator.py took 0.196 seconds
[2021-10-29 00:46:26,053] {processor.py:163} INFO - Started process (PID=847) to work on /home/airflow/.local/lib/python3.6/site-packages/airflow/example_dags/example_branch_datetime_operator.py
[2021-10-29 00:46:26,068] {processor.py:620} INFO - Processing file /home/airflow/.local/lib/python3.6/site-packages/airflow/example_dags/example_branch_datetime_operator.py for tasks to queue
[2021-10-29 00:46:26,070] {logging_mixin.py:109} INFO - [2021-10-29 00:46:26,070] {dagbag.py:500} INFO - Filling up the DagBag from /home/airflow/.local/lib/python3.6/site-packages/airflow/example_dags/example_branch_datetime_operator.py
[2021-10-29 00:46:26,127] {processor.py:632} INFO - DAG(s) dict_keys(['example_branch_datetime_operator_2']) retrieved from /home/airflow/.local/lib/python3.6/site-packages/airflow/example_dags/example_branch_datetime_operator.py
[2021-10-29 00:46:26,149] {logging_mixin.py:109} INFO - [2021-10-29 00:46:26,149] {dag.py:2389} INFO - Sync 1 DAGs
[2021-10-29 00:46:26,192] {logging_mixin.py:109} INFO - [2021-10-29 00:46:26,191] {dag.py:2914} INFO - Setting next_dagrun for example_branch_datetime_operator_2 to 2021-10-28 00:00:00+00:00
[2021-10-29 00:46:26,213] {processor.py:171} INFO - Processing /home/airflow/.local/lib/python3.6/site-packages/airflow/example_dags/example_branch_datetime_operator.py took 0.164 seconds
[2021-10-29 00:46:56,792] {processor.py:163} INFO - Started process (PID=901) to work on /home/airflow/.local/lib/python3.6/site-packages/airflow/example_dags/example_branch_datetime_operator.py
[2021-10-29 00:46:56,804] {processor.py:620} INFO - Processing file /home/airflow/.local/lib/python3.6/site-packages/airflow/example_dags/example_branch_datetime_operator.py for tasks to queue
[2021-10-29 00:46:56,815] {logging_mixin.py:109} INFO - [2021-10-29 00:46:56,815] {dagbag.py:500} INFO - Filling up the DagBag from /home/airflow/.local/lib/python3.6/site-packages/airflow/example_dags/example_branch_datetime_operator.py
[2021-10-29 00:46:56,938] {processor.py:632} INFO - DAG(s) dict_keys(['example_branch_datetime_operator_2']) retrieved from /home/airflow/.local/lib/python3.6/site-packages/airflow/example_dags/example_branch_datetime_operator.py
[2021-10-29 00:46:57,022] {logging_mixin.py:109} INFO - [2021-10-29 00:46:57,022] {dag.py:2389} INFO - Sync 1 DAGs
[2021-10-29 00:46:57,108] {logging_mixin.py:109} INFO - [2021-10-29 00:46:57,108] {dag.py:2914} INFO - Setting next_dagrun for example_branch_datetime_operator_2 to 2021-10-28 00:00:00+00:00
[2021-10-29 00:46:57,147] {processor.py:171} INFO - Processing /home/airflow/.local/lib/python3.6/site-packages/airflow/example_dags/example_branch_datetime_operator.py took 0.359 seconds
[2021-10-29 00:47:28,363] {processor.py:163} INFO - Started process (PID=954) to work on /home/airflow/.local/lib/python3.6/site-packages/airflow/example_dags/example_branch_datetime_operator.py
[2021-10-29 00:47:28,381] {processor.py:620} INFO - Processing file /home/airflow/.local/lib/python3.6/site-packages/airflow/example_dags/example_branch_datetime_operator.py for tasks to queue
[2021-10-29 00:47:28,382] {logging_mixin.py:109} INFO - [2021-10-29 00:47:28,381] {dagbag.py:500} INFO - Filling up the DagBag from /home/airflow/.local/lib/python3.6/site-packages/airflow/example_dags/example_branch_datetime_operator.py
[2021-10-29 00:47:28,705] {processor.py:632} INFO - DAG(s) dict_keys(['example_branch_datetime_operator_2']) retrieved from /home/airflow/.local/lib/python3.6/site-packages/airflow/example_dags/example_branch_datetime_operator.py
[2021-10-29 00:47:28,749] {logging_mixin.py:109} INFO - [2021-10-29 00:47:28,749] {dag.py:2389} INFO - Sync 1 DAGs
[2021-10-29 00:47:28,810] {logging_mixin.py:109} INFO - [2021-10-29 00:47:28,810] {dag.py:2914} INFO - Setting next_dagrun for example_branch_datetime_operator_2 to 2021-10-28 00:00:00+00:00
[2021-10-29 00:47:28,842] {processor.py:171} INFO - Processing /home/airflow/.local/lib/python3.6/site-packages/airflow/example_dags/example_branch_datetime_operator.py took 0.481 seconds
[2021-10-29 00:47:59,817] {processor.py:163} INFO - Started process (PID=1006) to work on /home/airflow/.local/lib/python3.6/site-packages/airflow/example_dags/example_branch_datetime_operator.py
[2021-10-29 00:47:59,844] {processor.py:620} INFO - Processing file /home/airflow/.local/lib/python3.6/site-packages/airflow/example_dags/example_branch_datetime_operator.py for tasks to queue
[2021-10-29 00:47:59,844] {logging_mixin.py:109} INFO - [2021-10-29 00:47:59,844] {dagbag.py:500} INFO - Filling up the DagBag from /home/airflow/.local/lib/python3.6/site-packages/airflow/example_dags/example_branch_datetime_operator.py
[2021-10-29 00:48:00,160] {processor.py:632} INFO - DAG(s) dict_keys(['example_branch_datetime_operator_2']) retrieved from /home/airflow/.local/lib/python3.6/site-packages/airflow/example_dags/example_branch_datetime_operator.py
[2021-10-29 00:48:00,264] {logging_mixin.py:109} INFO - [2021-10-29 00:48:00,262] {dag.py:2389} INFO - Sync 1 DAGs
[2021-10-29 00:48:00,484] {logging_mixin.py:109} INFO - [2021-10-29 00:48:00,484] {dag.py:2914} INFO - Setting next_dagrun for example_branch_datetime_operator_2 to 2021-10-28 00:00:00+00:00
[2021-10-29 00:48:01,010] {processor.py:171} INFO - Processing /home/airflow/.local/lib/python3.6/site-packages/airflow/example_dags/example_branch_datetime_operator.py took 1.231 seconds
[2021-10-29 00:48:31,376] {processor.py:163} INFO - Started process (PID=1051) to work on /home/airflow/.local/lib/python3.6/site-packages/airflow/example_dags/example_branch_datetime_operator.py
[2021-10-29 00:48:31,380] {processor.py:620} INFO - Processing file /home/airflow/.local/lib/python3.6/site-packages/airflow/example_dags/example_branch_datetime_operator.py for tasks to queue
[2021-10-29 00:48:31,382] {logging_mixin.py:109} INFO - [2021-10-29 00:48:31,382] {dagbag.py:500} INFO - Filling up the DagBag from /home/airflow/.local/lib/python3.6/site-packages/airflow/example_dags/example_branch_datetime_operator.py
[2021-10-29 00:48:31,419] {processor.py:632} INFO - DAG(s) dict_keys(['example_branch_datetime_operator_2']) retrieved from /home/airflow/.local/lib/python3.6/site-packages/airflow/example_dags/example_branch_datetime_operator.py
[2021-10-29 00:48:31,430] {logging_mixin.py:109} INFO - [2021-10-29 00:48:31,430] {dag.py:2389} INFO - Sync 1 DAGs
[2021-10-29 00:48:31,449] {logging_mixin.py:109} INFO - [2021-10-29 00:48:31,449] {dag.py:2914} INFO - Setting next_dagrun for example_branch_datetime_operator_2 to 2021-10-28 00:00:00+00:00
[2021-10-29 00:48:31,467] {processor.py:171} INFO - Processing /home/airflow/.local/lib/python3.6/site-packages/airflow/example_dags/example_branch_datetime_operator.py took 0.094 seconds
[2021-10-29 00:49:01,612] {processor.py:163} INFO - Started process (PID=1107) to work on /home/airflow/.local/lib/python3.6/site-packages/airflow/example_dags/example_branch_datetime_operator.py
[2021-10-29 00:49:01,616] {processor.py:620} INFO - Processing file /home/airflow/.local/lib/python3.6/site-packages/airflow/example_dags/example_branch_datetime_operator.py for tasks to queue
[2021-10-29 00:49:01,621] {logging_mixin.py:109} INFO - [2021-10-29 00:49:01,620] {dagbag.py:500} INFO - Filling up the DagBag from /home/airflow/.local/lib/python3.6/site-packages/airflow/example_dags/example_branch_datetime_operator.py
[2021-10-29 00:49:01,750] {processor.py:632} INFO - DAG(s) dict_keys(['example_branch_datetime_operator_2']) retrieved from /home/airflow/.local/lib/python3.6/site-packages/airflow/example_dags/example_branch_datetime_operator.py
[2021-10-29 00:49:01,792] {logging_mixin.py:109} INFO - [2021-10-29 00:49:01,792] {dag.py:2389} INFO - Sync 1 DAGs
[2021-10-29 00:49:01,919] {logging_mixin.py:109} INFO - [2021-10-29 00:49:01,919] {dag.py:2914} INFO - Setting next_dagrun for example_branch_datetime_operator_2 to 2021-10-28 00:00:00+00:00
[2021-10-29 00:49:01,991] {processor.py:171} INFO - Processing /home/airflow/.local/lib/python3.6/site-packages/airflow/example_dags/example_branch_datetime_operator.py took 0.381 seconds
[2021-10-29 00:49:32,478] {processor.py:163} INFO - Started process (PID=1160) to work on /home/airflow/.local/lib/python3.6/site-packages/airflow/example_dags/example_branch_datetime_operator.py
[2021-10-29 00:49:32,536] {processor.py:620} INFO - Processing file /home/airflow/.local/lib/python3.6/site-packages/airflow/example_dags/example_branch_datetime_operator.py for tasks to queue
[2021-10-29 00:49:32,537] {logging_mixin.py:109} INFO - [2021-10-29 00:49:32,537] {dagbag.py:500} INFO - Filling up the DagBag from /home/airflow/.local/lib/python3.6/site-packages/airflow/example_dags/example_branch_datetime_operator.py
[2021-10-29 00:49:32,752] {processor.py:632} INFO - DAG(s) dict_keys(['example_branch_datetime_operator_2']) retrieved from /home/airflow/.local/lib/python3.6/site-packages/airflow/example_dags/example_branch_datetime_operator.py
[2021-10-29 00:49:32,767] {logging_mixin.py:109} INFO - [2021-10-29 00:49:32,767] {dag.py:2389} INFO - Sync 1 DAGs
[2021-10-29 00:49:32,822] {logging_mixin.py:109} INFO - [2021-10-29 00:49:32,822] {dag.py:2914} INFO - Setting next_dagrun for example_branch_datetime_operator_2 to 2021-10-28 00:00:00+00:00
[2021-10-29 00:49:32,890] {processor.py:171} INFO - Processing /home/airflow/.local/lib/python3.6/site-packages/airflow/example_dags/example_branch_datetime_operator.py took 0.416 seconds
[2021-10-29 00:50:03,513] {processor.py:163} INFO - Started process (PID=1214) to work on /home/airflow/.local/lib/python3.6/site-packages/airflow/example_dags/example_branch_datetime_operator.py
[2021-10-29 00:50:03,543] {processor.py:620} INFO - Processing file /home/airflow/.local/lib/python3.6/site-packages/airflow/example_dags/example_branch_datetime_operator.py for tasks to queue
[2021-10-29 00:50:03,543] {logging_mixin.py:109} INFO - [2021-10-29 00:50:03,543] {dagbag.py:500} INFO - Filling up the DagBag from /home/airflow/.local/lib/python3.6/site-packages/airflow/example_dags/example_branch_datetime_operator.py
[2021-10-29 00:50:03,598] {processor.py:632} INFO - DAG(s) dict_keys(['example_branch_datetime_operator_2']) retrieved from /home/airflow/.local/lib/python3.6/site-packages/airflow/example_dags/example_branch_datetime_operator.py
[2021-10-29 00:50:03,613] {logging_mixin.py:109} INFO - [2021-10-29 00:50:03,613] {dag.py:2389} INFO - Sync 1 DAGs
[2021-10-29 00:50:03,635] {logging_mixin.py:109} INFO - [2021-10-29 00:50:03,635] {dag.py:2914} INFO - Setting next_dagrun for example_branch_datetime_operator_2 to 2021-10-28 00:00:00+00:00
[2021-10-29 00:50:03,646] {processor.py:171} INFO - Processing /home/airflow/.local/lib/python3.6/site-packages/airflow/example_dags/example_branch_datetime_operator.py took 0.136 seconds
[2021-10-29 00:50:34,908] {processor.py:163} INFO - Started process (PID=1267) to work on /home/airflow/.local/lib/python3.6/site-packages/airflow/example_dags/example_branch_datetime_operator.py
[2021-10-29 00:50:34,926] {processor.py:620} INFO - Processing file /home/airflow/.local/lib/python3.6/site-packages/airflow/example_dags/example_branch_datetime_operator.py for tasks to queue
[2021-10-29 00:50:34,927] {logging_mixin.py:109} INFO - [2021-10-29 00:50:34,927] {dagbag.py:500} INFO - Filling up the DagBag from /home/airflow/.local/lib/python3.6/site-packages/airflow/example_dags/example_branch_datetime_operator.py
[2021-10-29 00:50:35,003] {processor.py:632} INFO - DAG(s) dict_keys(['example_branch_datetime_operator_2']) retrieved from /home/airflow/.local/lib/python3.6/site-packages/airflow/example_dags/example_branch_datetime_operator.py
[2021-10-29 00:50:35,037] {logging_mixin.py:109} INFO - [2021-10-29 00:50:35,037] {dag.py:2389} INFO - Sync 1 DAGs
[2021-10-29 00:50:35,103] {logging_mixin.py:109} INFO - [2021-10-29 00:50:35,103] {dag.py:2914} INFO - Setting next_dagrun for example_branch_datetime_operator_2 to 2021-10-28 00:00:00+00:00
[2021-10-29 00:50:35,138] {processor.py:171} INFO - Processing /home/airflow/.local/lib/python3.6/site-packages/airflow/example_dags/example_branch_datetime_operator.py took 0.233 seconds
[2021-10-29 00:51:06,780] {processor.py:163} INFO - Started process (PID=1319) to work on /home/airflow/.local/lib/python3.6/site-packages/airflow/example_dags/example_branch_datetime_operator.py
[2021-10-29 00:51:06,794] {processor.py:620} INFO - Processing file /home/airflow/.local/lib/python3.6/site-packages/airflow/example_dags/example_branch_datetime_operator.py for tasks to queue
[2021-10-29 00:51:06,797] {logging_mixin.py:109} INFO - [2021-10-29 00:51:06,797] {dagbag.py:500} INFO - Filling up the DagBag from /home/airflow/.local/lib/python3.6/site-packages/airflow/example_dags/example_branch_datetime_operator.py
[2021-10-29 00:51:07,021] {processor.py:632} INFO - DAG(s) dict_keys(['example_branch_datetime_operator_2']) retrieved from /home/airflow/.local/lib/python3.6/site-packages/airflow/example_dags/example_branch_datetime_operator.py
[2021-10-29 00:51:07,113] {logging_mixin.py:109} INFO - [2021-10-29 00:51:07,113] {dag.py:2389} INFO - Sync 1 DAGs
[2021-10-29 00:51:07,293] {logging_mixin.py:109} INFO - [2021-10-29 00:51:07,293] {dag.py:2914} INFO - Setting next_dagrun for example_branch_datetime_operator_2 to 2021-10-28 00:00:00+00:00
[2021-10-29 00:51:07,403] {processor.py:171} INFO - Processing /home/airflow/.local/lib/python3.6/site-packages/airflow/example_dags/example_branch_datetime_operator.py took 0.635 seconds
[2021-10-29 00:51:38,375] {processor.py:163} INFO - Started process (PID=1373) to work on /home/airflow/.local/lib/python3.6/site-packages/airflow/example_dags/example_branch_datetime_operator.py
[2021-10-29 00:51:38,436] {processor.py:620} INFO - Processing file /home/airflow/.local/lib/python3.6/site-packages/airflow/example_dags/example_branch_datetime_operator.py for tasks to queue
[2021-10-29 00:51:38,438] {logging_mixin.py:109} INFO - [2021-10-29 00:51:38,438] {dagbag.py:500} INFO - Filling up the DagBag from /home/airflow/.local/lib/python3.6/site-packages/airflow/example_dags/example_branch_datetime_operator.py
[2021-10-29 00:51:38,598] {processor.py:632} INFO - DAG(s) dict_keys(['example_branch_datetime_operator_2']) retrieved from /home/airflow/.local/lib/python3.6/site-packages/airflow/example_dags/example_branch_datetime_operator.py
[2021-10-29 00:51:38,655] {logging_mixin.py:109} INFO - [2021-10-29 00:51:38,655] {dag.py:2389} INFO - Sync 1 DAGs
[2021-10-29 00:51:38,729] {logging_mixin.py:109} INFO - [2021-10-29 00:51:38,728] {dag.py:2914} INFO - Setting next_dagrun for example_branch_datetime_operator_2 to 2021-10-28 00:00:00+00:00
[2021-10-29 00:51:38,752] {processor.py:171} INFO - Processing /home/airflow/.local/lib/python3.6/site-packages/airflow/example_dags/example_branch_datetime_operator.py took 0.380 seconds
[2021-10-29 00:52:09,124] {processor.py:163} INFO - Started process (PID=1427) to work on /home/airflow/.local/lib/python3.6/site-packages/airflow/example_dags/example_branch_datetime_operator.py
[2021-10-29 00:52:09,180] {processor.py:620} INFO - Processing file /home/airflow/.local/lib/python3.6/site-packages/airflow/example_dags/example_branch_datetime_operator.py for tasks to queue
[2021-10-29 00:52:09,182] {logging_mixin.py:109} INFO - [2021-10-29 00:52:09,182] {dagbag.py:500} INFO - Filling up the DagBag from /home/airflow/.local/lib/python3.6/site-packages/airflow/example_dags/example_branch_datetime_operator.py
[2021-10-29 00:52:09,319] {processor.py:632} INFO - DAG(s) dict_keys(['example_branch_datetime_operator_2']) retrieved from /home/airflow/.local/lib/python3.6/site-packages/airflow/example_dags/example_branch_datetime_operator.py
[2021-10-29 00:52:09,372] {logging_mixin.py:109} INFO - [2021-10-29 00:52:09,372] {dag.py:2389} INFO - Sync 1 DAGs
[2021-10-29 00:52:09,475] {logging_mixin.py:109} INFO - [2021-10-29 00:52:09,475] {dag.py:2914} INFO - Setting next_dagrun for example_branch_datetime_operator_2 to 2021-10-28 00:00:00+00:00
[2021-10-29 00:52:09,519] {processor.py:171} INFO - Processing /home/airflow/.local/lib/python3.6/site-packages/airflow/example_dags/example_branch_datetime_operator.py took 0.399 seconds
[2021-10-29 00:52:40,089] {processor.py:163} INFO - Started process (PID=1474) to work on /home/airflow/.local/lib/python3.6/site-packages/airflow/example_dags/example_branch_datetime_operator.py
[2021-10-29 00:52:40,139] {processor.py:620} INFO - Processing file /home/airflow/.local/lib/python3.6/site-packages/airflow/example_dags/example_branch_datetime_operator.py for tasks to queue
[2021-10-29 00:52:40,151] {logging_mixin.py:109} INFO - [2021-10-29 00:52:40,151] {dagbag.py:500} INFO - Filling up the DagBag from /home/airflow/.local/lib/python3.6/site-packages/airflow/example_dags/example_branch_datetime_operator.py
[2021-10-29 00:52:40,656] {processor.py:632} INFO - DAG(s) dict_keys(['example_branch_datetime_operator_2']) retrieved from /home/airflow/.local/lib/python3.6/site-packages/airflow/example_dags/example_branch_datetime_operator.py
[2021-10-29 00:52:40,767] {logging_mixin.py:109} INFO - [2021-10-29 00:52:40,767] {dag.py:2389} INFO - Sync 1 DAGs
[2021-10-29 00:52:40,861] {logging_mixin.py:109} INFO - [2021-10-29 00:52:40,861] {dag.py:2914} INFO - Setting next_dagrun for example_branch_datetime_operator_2 to 2021-10-28 00:00:00+00:00
[2021-10-29 00:52:40,902] {processor.py:171} INFO - Processing /home/airflow/.local/lib/python3.6/site-packages/airflow/example_dags/example_branch_datetime_operator.py took 0.816 seconds
[2021-10-29 00:53:11,161] {processor.py:163} INFO - Started process (PID=1528) to work on /home/airflow/.local/lib/python3.6/site-packages/airflow/example_dags/example_branch_datetime_operator.py
[2021-10-29 00:53:11,190] {processor.py:620} INFO - Processing file /home/airflow/.local/lib/python3.6/site-packages/airflow/example_dags/example_branch_datetime_operator.py for tasks to queue
[2021-10-29 00:53:11,190] {logging_mixin.py:109} INFO - [2021-10-29 00:53:11,190] {dagbag.py:500} INFO - Filling up the DagBag from /home/airflow/.local/lib/python3.6/site-packages/airflow/example_dags/example_branch_datetime_operator.py
[2021-10-29 00:53:11,284] {processor.py:632} INFO - DAG(s) dict_keys(['example_branch_datetime_operator_2']) retrieved from /home/airflow/.local/lib/python3.6/site-packages/airflow/example_dags/example_branch_datetime_operator.py
[2021-10-29 00:53:11,335] {logging_mixin.py:109} INFO - [2021-10-29 00:53:11,335] {dag.py:2389} INFO - Sync 1 DAGs
[2021-10-29 00:53:11,407] {logging_mixin.py:109} INFO - [2021-10-29 00:53:11,407] {dag.py:2914} INFO - Setting next_dagrun for example_branch_datetime_operator_2 to 2021-10-28 00:00:00+00:00
[2021-10-29 00:53:11,500] {processor.py:171} INFO - Processing /home/airflow/.local/lib/python3.6/site-packages/airflow/example_dags/example_branch_datetime_operator.py took 0.342 seconds
