[2021-10-29 00:17:39,052] {processor.py:163} INFO - Started process (PID=140) to work on /home/airflow/.local/lib/python3.6/site-packages/airflow/example_dags/example_time_delta_sensor_async.py
[2021-10-29 00:17:39,181] {processor.py:620} INFO - Processing file /home/airflow/.local/lib/python3.6/site-packages/airflow/example_dags/example_time_delta_sensor_async.py for tasks to queue
[2021-10-29 00:17:39,185] {logging_mixin.py:109} INFO - [2021-10-29 00:17:39,185] {dagbag.py:500} INFO - Filling up the DagBag from /home/airflow/.local/lib/python3.6/site-packages/airflow/example_dags/example_time_delta_sensor_async.py
[2021-10-29 00:17:39,797] {processor.py:632} INFO - DAG(s) dict_keys(['example_time_delta_sensor_async']) retrieved from /home/airflow/.local/lib/python3.6/site-packages/airflow/example_dags/example_time_delta_sensor_async.py
[2021-10-29 00:17:39,996] {logging_mixin.py:109} INFO - [2021-10-29 00:17:39,996] {dag.py:2389} INFO - Sync 1 DAGs
[2021-10-29 00:17:40,310] {logging_mixin.py:109} INFO - [2021-10-29 00:17:40,310] {dag.py:2914} INFO - Setting next_dagrun for example_time_delta_sensor_async to None
[2021-10-29 00:17:40,499] {processor.py:171} INFO - Processing /home/airflow/.local/lib/python3.6/site-packages/airflow/example_dags/example_time_delta_sensor_async.py took 1.450 seconds
[2021-10-29 00:18:10,955] {processor.py:163} INFO - Started process (PID=185) to work on /home/airflow/.local/lib/python3.6/site-packages/airflow/example_dags/example_time_delta_sensor_async.py
[2021-10-29 00:18:11,004] {processor.py:620} INFO - Processing file /home/airflow/.local/lib/python3.6/site-packages/airflow/example_dags/example_time_delta_sensor_async.py for tasks to queue
[2021-10-29 00:18:11,006] {logging_mixin.py:109} INFO - [2021-10-29 00:18:11,006] {dagbag.py:500} INFO - Filling up the DagBag from /home/airflow/.local/lib/python3.6/site-packages/airflow/example_dags/example_time_delta_sensor_async.py
[2021-10-29 00:18:11,426] {processor.py:632} INFO - DAG(s) dict_keys(['example_time_delta_sensor_async']) retrieved from /home/airflow/.local/lib/python3.6/site-packages/airflow/example_dags/example_time_delta_sensor_async.py
[2021-10-29 00:18:11,556] {logging_mixin.py:109} INFO - [2021-10-29 00:18:11,555] {dag.py:2389} INFO - Sync 1 DAGs
[2021-10-29 00:18:11,643] {logging_mixin.py:109} INFO - [2021-10-29 00:18:11,643] {dag.py:2914} INFO - Setting next_dagrun for example_time_delta_sensor_async to None
[2021-10-29 00:18:11,755] {processor.py:171} INFO - Processing /home/airflow/.local/lib/python3.6/site-packages/airflow/example_dags/example_time_delta_sensor_async.py took 0.804 seconds
[2021-10-29 00:18:42,405] {processor.py:163} INFO - Started process (PID=238) to work on /home/airflow/.local/lib/python3.6/site-packages/airflow/example_dags/example_time_delta_sensor_async.py
[2021-10-29 00:18:42,408] {processor.py:620} INFO - Processing file /home/airflow/.local/lib/python3.6/site-packages/airflow/example_dags/example_time_delta_sensor_async.py for tasks to queue
[2021-10-29 00:18:42,410] {logging_mixin.py:109} INFO - [2021-10-29 00:18:42,410] {dagbag.py:500} INFO - Filling up the DagBag from /home/airflow/.local/lib/python3.6/site-packages/airflow/example_dags/example_time_delta_sensor_async.py
[2021-10-29 00:18:42,451] {processor.py:632} INFO - DAG(s) dict_keys(['example_time_delta_sensor_async']) retrieved from /home/airflow/.local/lib/python3.6/site-packages/airflow/example_dags/example_time_delta_sensor_async.py
[2021-10-29 00:18:42,475] {logging_mixin.py:109} INFO - [2021-10-29 00:18:42,474] {dag.py:2389} INFO - Sync 1 DAGs
[2021-10-29 00:18:42,510] {logging_mixin.py:109} INFO - [2021-10-29 00:18:42,510] {dag.py:2914} INFO - Setting next_dagrun for example_time_delta_sensor_async to None
[2021-10-29 00:18:42,540] {processor.py:171} INFO - Processing /home/airflow/.local/lib/python3.6/site-packages/airflow/example_dags/example_time_delta_sensor_async.py took 0.156 seconds
[2021-10-29 00:19:12,866] {processor.py:163} INFO - Started process (PID=291) to work on /home/airflow/.local/lib/python3.6/site-packages/airflow/example_dags/example_time_delta_sensor_async.py
[2021-10-29 00:19:12,869] {processor.py:620} INFO - Processing file /home/airflow/.local/lib/python3.6/site-packages/airflow/example_dags/example_time_delta_sensor_async.py for tasks to queue
[2021-10-29 00:19:12,872] {logging_mixin.py:109} INFO - [2021-10-29 00:19:12,872] {dagbag.py:500} INFO - Filling up the DagBag from /home/airflow/.local/lib/python3.6/site-packages/airflow/example_dags/example_time_delta_sensor_async.py
[2021-10-29 00:19:13,014] {processor.py:632} INFO - DAG(s) dict_keys(['example_time_delta_sensor_async']) retrieved from /home/airflow/.local/lib/python3.6/site-packages/airflow/example_dags/example_time_delta_sensor_async.py
[2021-10-29 00:19:13,067] {logging_mixin.py:109} INFO - [2021-10-29 00:19:13,066] {dag.py:2389} INFO - Sync 1 DAGs
[2021-10-29 00:19:13,170] {logging_mixin.py:109} INFO - [2021-10-29 00:19:13,170] {dag.py:2914} INFO - Setting next_dagrun for example_time_delta_sensor_async to None
[2021-10-29 00:19:13,218] {processor.py:171} INFO - Processing /home/airflow/.local/lib/python3.6/site-packages/airflow/example_dags/example_time_delta_sensor_async.py took 0.356 seconds
[2021-10-29 00:19:44,741] {processor.py:163} INFO - Started process (PID=345) to work on /home/airflow/.local/lib/python3.6/site-packages/airflow/example_dags/example_time_delta_sensor_async.py
[2021-10-29 00:19:44,745] {processor.py:620} INFO - Processing file /home/airflow/.local/lib/python3.6/site-packages/airflow/example_dags/example_time_delta_sensor_async.py for tasks to queue
[2021-10-29 00:19:44,747] {logging_mixin.py:109} INFO - [2021-10-29 00:19:44,747] {dagbag.py:500} INFO - Filling up the DagBag from /home/airflow/.local/lib/python3.6/site-packages/airflow/example_dags/example_time_delta_sensor_async.py
[2021-10-29 00:19:44,957] {processor.py:632} INFO - DAG(s) dict_keys(['example_time_delta_sensor_async']) retrieved from /home/airflow/.local/lib/python3.6/site-packages/airflow/example_dags/example_time_delta_sensor_async.py
[2021-10-29 00:19:45,043] {logging_mixin.py:109} INFO - [2021-10-29 00:19:45,043] {dag.py:2389} INFO - Sync 1 DAGs
[2021-10-29 00:19:45,150] {logging_mixin.py:109} INFO - [2021-10-29 00:19:45,150] {dag.py:2914} INFO - Setting next_dagrun for example_time_delta_sensor_async to None
[2021-10-29 00:19:45,204] {processor.py:171} INFO - Processing /home/airflow/.local/lib/python3.6/site-packages/airflow/example_dags/example_time_delta_sensor_async.py took 0.511 seconds
[2021-10-29 00:20:15,454] {processor.py:163} INFO - Started process (PID=399) to work on /home/airflow/.local/lib/python3.6/site-packages/airflow/example_dags/example_time_delta_sensor_async.py
[2021-10-29 00:20:15,485] {processor.py:620} INFO - Processing file /home/airflow/.local/lib/python3.6/site-packages/airflow/example_dags/example_time_delta_sensor_async.py for tasks to queue
[2021-10-29 00:20:15,486] {logging_mixin.py:109} INFO - [2021-10-29 00:20:15,485] {dagbag.py:500} INFO - Filling up the DagBag from /home/airflow/.local/lib/python3.6/site-packages/airflow/example_dags/example_time_delta_sensor_async.py
[2021-10-29 00:20:15,593] {processor.py:632} INFO - DAG(s) dict_keys(['example_time_delta_sensor_async']) retrieved from /home/airflow/.local/lib/python3.6/site-packages/airflow/example_dags/example_time_delta_sensor_async.py
[2021-10-29 00:20:15,664] {logging_mixin.py:109} INFO - [2021-10-29 00:20:15,663] {dag.py:2389} INFO - Sync 1 DAGs
[2021-10-29 00:20:15,733] {logging_mixin.py:109} INFO - [2021-10-29 00:20:15,733] {dag.py:2914} INFO - Setting next_dagrun for example_time_delta_sensor_async to None
[2021-10-29 00:20:15,760] {processor.py:171} INFO - Processing /home/airflow/.local/lib/python3.6/site-packages/airflow/example_dags/example_time_delta_sensor_async.py took 0.310 seconds
[2021-10-29 00:20:46,298] {processor.py:163} INFO - Started process (PID=452) to work on /home/airflow/.local/lib/python3.6/site-packages/airflow/example_dags/example_time_delta_sensor_async.py
[2021-10-29 00:20:46,331] {processor.py:620} INFO - Processing file /home/airflow/.local/lib/python3.6/site-packages/airflow/example_dags/example_time_delta_sensor_async.py for tasks to queue
[2021-10-29 00:20:46,333] {logging_mixin.py:109} INFO - [2021-10-29 00:20:46,333] {dagbag.py:500} INFO - Filling up the DagBag from /home/airflow/.local/lib/python3.6/site-packages/airflow/example_dags/example_time_delta_sensor_async.py
[2021-10-29 00:20:46,413] {processor.py:632} INFO - DAG(s) dict_keys(['example_time_delta_sensor_async']) retrieved from /home/airflow/.local/lib/python3.6/site-packages/airflow/example_dags/example_time_delta_sensor_async.py
[2021-10-29 00:20:46,445] {logging_mixin.py:109} INFO - [2021-10-29 00:20:46,445] {dag.py:2389} INFO - Sync 1 DAGs
[2021-10-29 00:20:46,502] {logging_mixin.py:109} INFO - [2021-10-29 00:20:46,502] {dag.py:2914} INFO - Setting next_dagrun for example_time_delta_sensor_async to None
[2021-10-29 00:20:46,543] {processor.py:171} INFO - Processing /home/airflow/.local/lib/python3.6/site-packages/airflow/example_dags/example_time_delta_sensor_async.py took 0.248 seconds
[2021-10-29 00:21:17,835] {processor.py:163} INFO - Started process (PID=506) to work on /home/airflow/.local/lib/python3.6/site-packages/airflow/example_dags/example_time_delta_sensor_async.py
[2021-10-29 00:21:17,891] {processor.py:620} INFO - Processing file /home/airflow/.local/lib/python3.6/site-packages/airflow/example_dags/example_time_delta_sensor_async.py for tasks to queue
[2021-10-29 00:21:17,895] {logging_mixin.py:109} INFO - [2021-10-29 00:21:17,895] {dagbag.py:500} INFO - Filling up the DagBag from /home/airflow/.local/lib/python3.6/site-packages/airflow/example_dags/example_time_delta_sensor_async.py
[2021-10-29 00:21:18,099] {processor.py:632} INFO - DAG(s) dict_keys(['example_time_delta_sensor_async']) retrieved from /home/airflow/.local/lib/python3.6/site-packages/airflow/example_dags/example_time_delta_sensor_async.py
[2021-10-29 00:21:18,175] {logging_mixin.py:109} INFO - [2021-10-29 00:21:18,175] {dag.py:2389} INFO - Sync 1 DAGs
[2021-10-29 00:21:18,288] {logging_mixin.py:109} INFO - [2021-10-29 00:21:18,287] {dag.py:2914} INFO - Setting next_dagrun for example_time_delta_sensor_async to None
[2021-10-29 00:21:18,360] {processor.py:171} INFO - Processing /home/airflow/.local/lib/python3.6/site-packages/airflow/example_dags/example_time_delta_sensor_async.py took 0.529 seconds
[2021-10-29 00:22:11,444] {processor.py:163} INFO - Started process (PID=561) to work on /home/airflow/.local/lib/python3.6/site-packages/airflow/example_dags/example_time_delta_sensor_async.py
[2021-10-29 00:22:12,098] {processor.py:620} INFO - Processing file /home/airflow/.local/lib/python3.6/site-packages/airflow/example_dags/example_time_delta_sensor_async.py for tasks to queue
[2021-10-29 00:22:12,099] {logging_mixin.py:109} INFO - [2021-10-29 00:22:12,099] {dagbag.py:500} INFO - Filling up the DagBag from /home/airflow/.local/lib/python3.6/site-packages/airflow/example_dags/example_time_delta_sensor_async.py
[2021-10-29 00:22:13,392] {processor.py:632} INFO - DAG(s) dict_keys(['example_time_delta_sensor_async']) retrieved from /home/airflow/.local/lib/python3.6/site-packages/airflow/example_dags/example_time_delta_sensor_async.py
[2021-10-29 00:22:13,737] {logging_mixin.py:109} INFO - [2021-10-29 00:22:13,737] {dag.py:2389} INFO - Sync 1 DAGs
[2021-10-29 00:22:14,435] {logging_mixin.py:109} INFO - [2021-10-29 00:22:14,435] {dag.py:2914} INFO - Setting next_dagrun for example_time_delta_sensor_async to None
[2021-10-29 00:22:14,671] {processor.py:171} INFO - Processing /home/airflow/.local/lib/python3.6/site-packages/airflow/example_dags/example_time_delta_sensor_async.py took 3.439 seconds
[2021-10-29 00:22:44,811] {processor.py:163} INFO - Started process (PID=615) to work on /home/airflow/.local/lib/python3.6/site-packages/airflow/example_dags/example_time_delta_sensor_async.py
[2021-10-29 00:22:44,820] {processor.py:620} INFO - Processing file /home/airflow/.local/lib/python3.6/site-packages/airflow/example_dags/example_time_delta_sensor_async.py for tasks to queue
[2021-10-29 00:22:44,822] {logging_mixin.py:109} INFO - [2021-10-29 00:22:44,822] {dagbag.py:500} INFO - Filling up the DagBag from /home/airflow/.local/lib/python3.6/site-packages/airflow/example_dags/example_time_delta_sensor_async.py
[2021-10-29 00:22:45,012] {processor.py:632} INFO - DAG(s) dict_keys(['example_time_delta_sensor_async']) retrieved from /home/airflow/.local/lib/python3.6/site-packages/airflow/example_dags/example_time_delta_sensor_async.py
[2021-10-29 00:22:45,092] {logging_mixin.py:109} INFO - [2021-10-29 00:22:45,092] {dag.py:2389} INFO - Sync 1 DAGs
[2021-10-29 00:22:45,268] {logging_mixin.py:109} INFO - [2021-10-29 00:22:45,268] {dag.py:2914} INFO - Setting next_dagrun for example_time_delta_sensor_async to None
[2021-10-29 00:22:45,346] {processor.py:171} INFO - Processing /home/airflow/.local/lib/python3.6/site-packages/airflow/example_dags/example_time_delta_sensor_async.py took 0.538 seconds
[2021-10-29 00:23:15,680] {processor.py:163} INFO - Started process (PID=669) to work on /home/airflow/.local/lib/python3.6/site-packages/airflow/example_dags/example_time_delta_sensor_async.py
[2021-10-29 00:23:15,684] {processor.py:620} INFO - Processing file /home/airflow/.local/lib/python3.6/site-packages/airflow/example_dags/example_time_delta_sensor_async.py for tasks to queue
[2021-10-29 00:23:15,686] {logging_mixin.py:109} INFO - [2021-10-29 00:23:15,686] {dagbag.py:500} INFO - Filling up the DagBag from /home/airflow/.local/lib/python3.6/site-packages/airflow/example_dags/example_time_delta_sensor_async.py
[2021-10-29 00:23:15,850] {processor.py:632} INFO - DAG(s) dict_keys(['example_time_delta_sensor_async']) retrieved from /home/airflow/.local/lib/python3.6/site-packages/airflow/example_dags/example_time_delta_sensor_async.py
[2021-10-29 00:23:15,947] {logging_mixin.py:109} INFO - [2021-10-29 00:23:15,947] {dag.py:2389} INFO - Sync 1 DAGs
[2021-10-29 00:23:16,094] {logging_mixin.py:109} INFO - [2021-10-29 00:23:16,094] {dag.py:2914} INFO - Setting next_dagrun for example_time_delta_sensor_async to None
[2021-10-29 00:23:16,167] {processor.py:171} INFO - Processing /home/airflow/.local/lib/python3.6/site-packages/airflow/example_dags/example_time_delta_sensor_async.py took 0.514 seconds
[2021-10-29 00:23:46,312] {processor.py:163} INFO - Started process (PID=723) to work on /home/airflow/.local/lib/python3.6/site-packages/airflow/example_dags/example_time_delta_sensor_async.py
[2021-10-29 00:23:46,347] {processor.py:620} INFO - Processing file /home/airflow/.local/lib/python3.6/site-packages/airflow/example_dags/example_time_delta_sensor_async.py for tasks to queue
[2021-10-29 00:23:46,348] {logging_mixin.py:109} INFO - [2021-10-29 00:23:46,348] {dagbag.py:500} INFO - Filling up the DagBag from /home/airflow/.local/lib/python3.6/site-packages/airflow/example_dags/example_time_delta_sensor_async.py
[2021-10-29 00:23:46,511] {processor.py:632} INFO - DAG(s) dict_keys(['example_time_delta_sensor_async']) retrieved from /home/airflow/.local/lib/python3.6/site-packages/airflow/example_dags/example_time_delta_sensor_async.py
[2021-10-29 00:23:46,583] {logging_mixin.py:109} INFO - [2021-10-29 00:23:46,583] {dag.py:2389} INFO - Sync 1 DAGs
[2021-10-29 00:23:46,662] {logging_mixin.py:109} INFO - [2021-10-29 00:23:46,662] {dag.py:2914} INFO - Setting next_dagrun for example_time_delta_sensor_async to None
[2021-10-29 00:23:46,680] {processor.py:171} INFO - Processing /home/airflow/.local/lib/python3.6/site-packages/airflow/example_dags/example_time_delta_sensor_async.py took 0.372 seconds
[2021-10-29 00:24:16,931] {processor.py:163} INFO - Started process (PID=777) to work on /home/airflow/.local/lib/python3.6/site-packages/airflow/example_dags/example_time_delta_sensor_async.py
[2021-10-29 00:24:16,935] {processor.py:620} INFO - Processing file /home/airflow/.local/lib/python3.6/site-packages/airflow/example_dags/example_time_delta_sensor_async.py for tasks to queue
[2021-10-29 00:24:16,937] {logging_mixin.py:109} INFO - [2021-10-29 00:24:16,936] {dagbag.py:500} INFO - Filling up the DagBag from /home/airflow/.local/lib/python3.6/site-packages/airflow/example_dags/example_time_delta_sensor_async.py
[2021-10-29 00:24:16,981] {processor.py:632} INFO - DAG(s) dict_keys(['example_time_delta_sensor_async']) retrieved from /home/airflow/.local/lib/python3.6/site-packages/airflow/example_dags/example_time_delta_sensor_async.py
[2021-10-29 00:24:17,013] {logging_mixin.py:109} INFO - [2021-10-29 00:24:17,013] {dag.py:2389} INFO - Sync 1 DAGs
[2021-10-29 00:24:17,045] {logging_mixin.py:109} INFO - [2021-10-29 00:24:17,044] {dag.py:2914} INFO - Setting next_dagrun for example_time_delta_sensor_async to None
[2021-10-29 00:24:17,067] {processor.py:171} INFO - Processing /home/airflow/.local/lib/python3.6/site-packages/airflow/example_dags/example_time_delta_sensor_async.py took 0.150 seconds
[2021-10-29 00:24:47,128] {processor.py:163} INFO - Started process (PID=831) to work on /home/airflow/.local/lib/python3.6/site-packages/airflow/example_dags/example_time_delta_sensor_async.py
[2021-10-29 00:24:47,155] {processor.py:620} INFO - Processing file /home/airflow/.local/lib/python3.6/site-packages/airflow/example_dags/example_time_delta_sensor_async.py for tasks to queue
[2021-10-29 00:24:47,157] {logging_mixin.py:109} INFO - [2021-10-29 00:24:47,156] {dagbag.py:500} INFO - Filling up the DagBag from /home/airflow/.local/lib/python3.6/site-packages/airflow/example_dags/example_time_delta_sensor_async.py
[2021-10-29 00:24:47,255] {processor.py:632} INFO - DAG(s) dict_keys(['example_time_delta_sensor_async']) retrieved from /home/airflow/.local/lib/python3.6/site-packages/airflow/example_dags/example_time_delta_sensor_async.py
[2021-10-29 00:24:47,330] {logging_mixin.py:109} INFO - [2021-10-29 00:24:47,330] {dag.py:2389} INFO - Sync 1 DAGs
[2021-10-29 00:24:47,476] {logging_mixin.py:109} INFO - [2021-10-29 00:24:47,476] {dag.py:2914} INFO - Setting next_dagrun for example_time_delta_sensor_async to None
[2021-10-29 00:24:47,538] {processor.py:171} INFO - Processing /home/airflow/.local/lib/python3.6/site-packages/airflow/example_dags/example_time_delta_sensor_async.py took 0.414 seconds
[2021-10-29 00:25:17,770] {processor.py:163} INFO - Started process (PID=884) to work on /home/airflow/.local/lib/python3.6/site-packages/airflow/example_dags/example_time_delta_sensor_async.py
[2021-10-29 00:25:17,808] {processor.py:620} INFO - Processing file /home/airflow/.local/lib/python3.6/site-packages/airflow/example_dags/example_time_delta_sensor_async.py for tasks to queue
[2021-10-29 00:25:17,809] {logging_mixin.py:109} INFO - [2021-10-29 00:25:17,809] {dagbag.py:500} INFO - Filling up the DagBag from /home/airflow/.local/lib/python3.6/site-packages/airflow/example_dags/example_time_delta_sensor_async.py
[2021-10-29 00:25:17,889] {processor.py:632} INFO - DAG(s) dict_keys(['example_time_delta_sensor_async']) retrieved from /home/airflow/.local/lib/python3.6/site-packages/airflow/example_dags/example_time_delta_sensor_async.py
[2021-10-29 00:25:17,914] {logging_mixin.py:109} INFO - [2021-10-29 00:25:17,914] {dag.py:2389} INFO - Sync 1 DAGs
[2021-10-29 00:25:17,948] {logging_mixin.py:109} INFO - [2021-10-29 00:25:17,948] {dag.py:2914} INFO - Setting next_dagrun for example_time_delta_sensor_async to None
[2021-10-29 00:25:17,967] {processor.py:171} INFO - Processing /home/airflow/.local/lib/python3.6/site-packages/airflow/example_dags/example_time_delta_sensor_async.py took 0.200 seconds
[2021-10-29 00:25:48,944] {processor.py:163} INFO - Started process (PID=948) to work on /home/airflow/.local/lib/python3.6/site-packages/airflow/example_dags/example_time_delta_sensor_async.py
[2021-10-29 00:25:49,029] {processor.py:620} INFO - Processing file /home/airflow/.local/lib/python3.6/site-packages/airflow/example_dags/example_time_delta_sensor_async.py for tasks to queue
[2021-10-29 00:25:49,038] {logging_mixin.py:109} INFO - [2021-10-29 00:25:49,038] {dagbag.py:500} INFO - Filling up the DagBag from /home/airflow/.local/lib/python3.6/site-packages/airflow/example_dags/example_time_delta_sensor_async.py
[2021-10-29 00:25:49,290] {processor.py:632} INFO - DAG(s) dict_keys(['example_time_delta_sensor_async']) retrieved from /home/airflow/.local/lib/python3.6/site-packages/airflow/example_dags/example_time_delta_sensor_async.py
[2021-10-29 00:25:49,377] {logging_mixin.py:109} INFO - [2021-10-29 00:25:49,377] {dag.py:2389} INFO - Sync 1 DAGs
[2021-10-29 00:25:49,530] {logging_mixin.py:109} INFO - [2021-10-29 00:25:49,530] {dag.py:2914} INFO - Setting next_dagrun for example_time_delta_sensor_async to None
[2021-10-29 00:25:49,802] {processor.py:171} INFO - Processing /home/airflow/.local/lib/python3.6/site-packages/airflow/example_dags/example_time_delta_sensor_async.py took 0.861 seconds
[2021-10-29 00:26:19,976] {processor.py:163} INFO - Started process (PID=992) to work on /home/airflow/.local/lib/python3.6/site-packages/airflow/example_dags/example_time_delta_sensor_async.py
[2021-10-29 00:26:20,122] {processor.py:620} INFO - Processing file /home/airflow/.local/lib/python3.6/site-packages/airflow/example_dags/example_time_delta_sensor_async.py for tasks to queue
[2021-10-29 00:26:20,132] {logging_mixin.py:109} INFO - [2021-10-29 00:26:20,132] {dagbag.py:500} INFO - Filling up the DagBag from /home/airflow/.local/lib/python3.6/site-packages/airflow/example_dags/example_time_delta_sensor_async.py
[2021-10-29 00:26:20,265] {processor.py:632} INFO - DAG(s) dict_keys(['example_time_delta_sensor_async']) retrieved from /home/airflow/.local/lib/python3.6/site-packages/airflow/example_dags/example_time_delta_sensor_async.py
[2021-10-29 00:26:20,320] {logging_mixin.py:109} INFO - [2021-10-29 00:26:20,320] {dag.py:2389} INFO - Sync 1 DAGs
[2021-10-29 00:26:20,429] {logging_mixin.py:109} INFO - [2021-10-29 00:26:20,429] {dag.py:2914} INFO - Setting next_dagrun for example_time_delta_sensor_async to None
[2021-10-29 00:26:20,498] {processor.py:171} INFO - Processing /home/airflow/.local/lib/python3.6/site-packages/airflow/example_dags/example_time_delta_sensor_async.py took 0.525 seconds
[2021-10-29 00:26:50,559] {processor.py:163} INFO - Started process (PID=1046) to work on /home/airflow/.local/lib/python3.6/site-packages/airflow/example_dags/example_time_delta_sensor_async.py
[2021-10-29 00:26:50,579] {processor.py:620} INFO - Processing file /home/airflow/.local/lib/python3.6/site-packages/airflow/example_dags/example_time_delta_sensor_async.py for tasks to queue
[2021-10-29 00:26:50,581] {logging_mixin.py:109} INFO - [2021-10-29 00:26:50,580] {dagbag.py:500} INFO - Filling up the DagBag from /home/airflow/.local/lib/python3.6/site-packages/airflow/example_dags/example_time_delta_sensor_async.py
[2021-10-29 00:26:50,628] {processor.py:632} INFO - DAG(s) dict_keys(['example_time_delta_sensor_async']) retrieved from /home/airflow/.local/lib/python3.6/site-packages/airflow/example_dags/example_time_delta_sensor_async.py
[2021-10-29 00:26:50,652] {logging_mixin.py:109} INFO - [2021-10-29 00:26:50,652] {dag.py:2389} INFO - Sync 1 DAGs
[2021-10-29 00:26:50,683] {logging_mixin.py:109} INFO - [2021-10-29 00:26:50,683] {dag.py:2914} INFO - Setting next_dagrun for example_time_delta_sensor_async to None
[2021-10-29 00:26:50,722] {processor.py:171} INFO - Processing /home/airflow/.local/lib/python3.6/site-packages/airflow/example_dags/example_time_delta_sensor_async.py took 0.165 seconds
[2021-10-29 00:27:20,849] {processor.py:163} INFO - Started process (PID=1099) to work on /home/airflow/.local/lib/python3.6/site-packages/airflow/example_dags/example_time_delta_sensor_async.py
[2021-10-29 00:27:20,918] {processor.py:620} INFO - Processing file /home/airflow/.local/lib/python3.6/site-packages/airflow/example_dags/example_time_delta_sensor_async.py for tasks to queue
[2021-10-29 00:27:20,955] {logging_mixin.py:109} INFO - [2021-10-29 00:27:20,955] {dagbag.py:500} INFO - Filling up the DagBag from /home/airflow/.local/lib/python3.6/site-packages/airflow/example_dags/example_time_delta_sensor_async.py
[2021-10-29 00:27:21,065] {processor.py:632} INFO - DAG(s) dict_keys(['example_time_delta_sensor_async']) retrieved from /home/airflow/.local/lib/python3.6/site-packages/airflow/example_dags/example_time_delta_sensor_async.py
[2021-10-29 00:27:21,087] {logging_mixin.py:109} INFO - [2021-10-29 00:27:21,087] {dag.py:2389} INFO - Sync 1 DAGs
[2021-10-29 00:27:21,131] {logging_mixin.py:109} INFO - [2021-10-29 00:27:21,131] {dag.py:2914} INFO - Setting next_dagrun for example_time_delta_sensor_async to None
[2021-10-29 00:27:21,152] {processor.py:171} INFO - Processing /home/airflow/.local/lib/python3.6/site-packages/airflow/example_dags/example_time_delta_sensor_async.py took 0.306 seconds
[2021-10-29 00:27:52,041] {processor.py:163} INFO - Started process (PID=1154) to work on /home/airflow/.local/lib/python3.6/site-packages/airflow/example_dags/example_time_delta_sensor_async.py
[2021-10-29 00:27:52,044] {processor.py:620} INFO - Processing file /home/airflow/.local/lib/python3.6/site-packages/airflow/example_dags/example_time_delta_sensor_async.py for tasks to queue
[2021-10-29 00:27:52,046] {logging_mixin.py:109} INFO - [2021-10-29 00:27:52,046] {dagbag.py:500} INFO - Filling up the DagBag from /home/airflow/.local/lib/python3.6/site-packages/airflow/example_dags/example_time_delta_sensor_async.py
[2021-10-29 00:27:52,265] {processor.py:632} INFO - DAG(s) dict_keys(['example_time_delta_sensor_async']) retrieved from /home/airflow/.local/lib/python3.6/site-packages/airflow/example_dags/example_time_delta_sensor_async.py
[2021-10-29 00:27:52,323] {logging_mixin.py:109} INFO - [2021-10-29 00:27:52,323] {dag.py:2389} INFO - Sync 1 DAGs
[2021-10-29 00:27:52,387] {logging_mixin.py:109} INFO - [2021-10-29 00:27:52,387] {dag.py:2914} INFO - Setting next_dagrun for example_time_delta_sensor_async to None
[2021-10-29 00:27:52,438] {processor.py:171} INFO - Processing /home/airflow/.local/lib/python3.6/site-packages/airflow/example_dags/example_time_delta_sensor_async.py took 0.412 seconds
[2021-10-29 00:28:23,079] {processor.py:163} INFO - Started process (PID=1207) to work on /home/airflow/.local/lib/python3.6/site-packages/airflow/example_dags/example_time_delta_sensor_async.py
[2021-10-29 00:28:23,084] {processor.py:620} INFO - Processing file /home/airflow/.local/lib/python3.6/site-packages/airflow/example_dags/example_time_delta_sensor_async.py for tasks to queue
[2021-10-29 00:28:23,088] {logging_mixin.py:109} INFO - [2021-10-29 00:28:23,088] {dagbag.py:500} INFO - Filling up the DagBag from /home/airflow/.local/lib/python3.6/site-packages/airflow/example_dags/example_time_delta_sensor_async.py
[2021-10-29 00:28:23,140] {processor.py:632} INFO - DAG(s) dict_keys(['example_time_delta_sensor_async']) retrieved from /home/airflow/.local/lib/python3.6/site-packages/airflow/example_dags/example_time_delta_sensor_async.py
[2021-10-29 00:28:23,165] {logging_mixin.py:109} INFO - [2021-10-29 00:28:23,165] {dag.py:2389} INFO - Sync 1 DAGs
[2021-10-29 00:28:23,195] {logging_mixin.py:109} INFO - [2021-10-29 00:28:23,195] {dag.py:2914} INFO - Setting next_dagrun for example_time_delta_sensor_async to None
[2021-10-29 00:28:23,250] {processor.py:171} INFO - Processing /home/airflow/.local/lib/python3.6/site-packages/airflow/example_dags/example_time_delta_sensor_async.py took 0.181 seconds
[2021-10-29 00:28:53,407] {processor.py:163} INFO - Started process (PID=1260) to work on /home/airflow/.local/lib/python3.6/site-packages/airflow/example_dags/example_time_delta_sensor_async.py
[2021-10-29 00:28:53,413] {processor.py:620} INFO - Processing file /home/airflow/.local/lib/python3.6/site-packages/airflow/example_dags/example_time_delta_sensor_async.py for tasks to queue
[2021-10-29 00:28:53,413] {logging_mixin.py:109} INFO - [2021-10-29 00:28:53,413] {dagbag.py:500} INFO - Filling up the DagBag from /home/airflow/.local/lib/python3.6/site-packages/airflow/example_dags/example_time_delta_sensor_async.py
[2021-10-29 00:28:53,460] {processor.py:632} INFO - DAG(s) dict_keys(['example_time_delta_sensor_async']) retrieved from /home/airflow/.local/lib/python3.6/site-packages/airflow/example_dags/example_time_delta_sensor_async.py
[2021-10-29 00:28:53,486] {logging_mixin.py:109} INFO - [2021-10-29 00:28:53,486] {dag.py:2389} INFO - Sync 1 DAGs
[2021-10-29 00:28:53,527] {logging_mixin.py:109} INFO - [2021-10-29 00:28:53,527] {dag.py:2914} INFO - Setting next_dagrun for example_time_delta_sensor_async to None
[2021-10-29 00:28:53,546] {processor.py:171} INFO - Processing /home/airflow/.local/lib/python3.6/site-packages/airflow/example_dags/example_time_delta_sensor_async.py took 0.143 seconds
[2021-10-29 00:29:24,856] {processor.py:163} INFO - Started process (PID=1314) to work on /home/airflow/.local/lib/python3.6/site-packages/airflow/example_dags/example_time_delta_sensor_async.py
[2021-10-29 00:29:24,872] {processor.py:620} INFO - Processing file /home/airflow/.local/lib/python3.6/site-packages/airflow/example_dags/example_time_delta_sensor_async.py for tasks to queue
[2021-10-29 00:29:24,874] {logging_mixin.py:109} INFO - [2021-10-29 00:29:24,873] {dagbag.py:500} INFO - Filling up the DagBag from /home/airflow/.local/lib/python3.6/site-packages/airflow/example_dags/example_time_delta_sensor_async.py
[2021-10-29 00:29:24,911] {processor.py:632} INFO - DAG(s) dict_keys(['example_time_delta_sensor_async']) retrieved from /home/airflow/.local/lib/python3.6/site-packages/airflow/example_dags/example_time_delta_sensor_async.py
[2021-10-29 00:29:24,959] {logging_mixin.py:109} INFO - [2021-10-29 00:29:24,958] {dag.py:2389} INFO - Sync 1 DAGs
[2021-10-29 00:29:25,003] {logging_mixin.py:109} INFO - [2021-10-29 00:29:25,003] {dag.py:2914} INFO - Setting next_dagrun for example_time_delta_sensor_async to None
[2021-10-29 00:29:25,053] {processor.py:171} INFO - Processing /home/airflow/.local/lib/python3.6/site-packages/airflow/example_dags/example_time_delta_sensor_async.py took 0.201 seconds
[2021-10-29 00:29:55,900] {processor.py:163} INFO - Started process (PID=1366) to work on /home/airflow/.local/lib/python3.6/site-packages/airflow/example_dags/example_time_delta_sensor_async.py
[2021-10-29 00:29:55,919] {processor.py:620} INFO - Processing file /home/airflow/.local/lib/python3.6/site-packages/airflow/example_dags/example_time_delta_sensor_async.py for tasks to queue
[2021-10-29 00:29:55,921] {logging_mixin.py:109} INFO - [2021-10-29 00:29:55,921] {dagbag.py:500} INFO - Filling up the DagBag from /home/airflow/.local/lib/python3.6/site-packages/airflow/example_dags/example_time_delta_sensor_async.py
[2021-10-29 00:29:55,955] {processor.py:632} INFO - DAG(s) dict_keys(['example_time_delta_sensor_async']) retrieved from /home/airflow/.local/lib/python3.6/site-packages/airflow/example_dags/example_time_delta_sensor_async.py
[2021-10-29 00:29:55,977] {logging_mixin.py:109} INFO - [2021-10-29 00:29:55,976] {dag.py:2389} INFO - Sync 1 DAGs
[2021-10-29 00:29:56,008] {logging_mixin.py:109} INFO - [2021-10-29 00:29:56,008] {dag.py:2914} INFO - Setting next_dagrun for example_time_delta_sensor_async to None
[2021-10-29 00:29:56,025] {processor.py:171} INFO - Processing /home/airflow/.local/lib/python3.6/site-packages/airflow/example_dags/example_time_delta_sensor_async.py took 0.128 seconds
[2021-10-29 00:30:26,428] {processor.py:163} INFO - Started process (PID=1419) to work on /home/airflow/.local/lib/python3.6/site-packages/airflow/example_dags/example_time_delta_sensor_async.py
[2021-10-29 00:30:26,438] {processor.py:620} INFO - Processing file /home/airflow/.local/lib/python3.6/site-packages/airflow/example_dags/example_time_delta_sensor_async.py for tasks to queue
[2021-10-29 00:30:26,442] {logging_mixin.py:109} INFO - [2021-10-29 00:30:26,442] {dagbag.py:500} INFO - Filling up the DagBag from /home/airflow/.local/lib/python3.6/site-packages/airflow/example_dags/example_time_delta_sensor_async.py
[2021-10-29 00:30:26,496] {processor.py:632} INFO - DAG(s) dict_keys(['example_time_delta_sensor_async']) retrieved from /home/airflow/.local/lib/python3.6/site-packages/airflow/example_dags/example_time_delta_sensor_async.py
[2021-10-29 00:30:26,521] {logging_mixin.py:109} INFO - [2021-10-29 00:30:26,521] {dag.py:2389} INFO - Sync 1 DAGs
[2021-10-29 00:30:26,552] {logging_mixin.py:109} INFO - [2021-10-29 00:30:26,552] {dag.py:2914} INFO - Setting next_dagrun for example_time_delta_sensor_async to None
[2021-10-29 00:30:26,568] {processor.py:171} INFO - Processing /home/airflow/.local/lib/python3.6/site-packages/airflow/example_dags/example_time_delta_sensor_async.py took 0.142 seconds
[2021-10-29 00:30:58,157] {processor.py:163} INFO - Started process (PID=1474) to work on /home/airflow/.local/lib/python3.6/site-packages/airflow/example_dags/example_time_delta_sensor_async.py
[2021-10-29 00:30:58,162] {processor.py:620} INFO - Processing file /home/airflow/.local/lib/python3.6/site-packages/airflow/example_dags/example_time_delta_sensor_async.py for tasks to queue
[2021-10-29 00:30:58,164] {logging_mixin.py:109} INFO - [2021-10-29 00:30:58,164] {dagbag.py:500} INFO - Filling up the DagBag from /home/airflow/.local/lib/python3.6/site-packages/airflow/example_dags/example_time_delta_sensor_async.py
[2021-10-29 00:30:58,207] {processor.py:632} INFO - DAG(s) dict_keys(['example_time_delta_sensor_async']) retrieved from /home/airflow/.local/lib/python3.6/site-packages/airflow/example_dags/example_time_delta_sensor_async.py
[2021-10-29 00:30:58,233] {logging_mixin.py:109} INFO - [2021-10-29 00:30:58,232] {dag.py:2389} INFO - Sync 1 DAGs
[2021-10-29 00:30:58,263] {logging_mixin.py:109} INFO - [2021-10-29 00:30:58,263] {dag.py:2914} INFO - Setting next_dagrun for example_time_delta_sensor_async to None
[2021-10-29 00:30:58,284] {processor.py:171} INFO - Processing /home/airflow/.local/lib/python3.6/site-packages/airflow/example_dags/example_time_delta_sensor_async.py took 0.130 seconds
[2021-10-29 00:31:29,330] {processor.py:163} INFO - Started process (PID=1524) to work on /home/airflow/.local/lib/python3.6/site-packages/airflow/example_dags/example_time_delta_sensor_async.py
[2021-10-29 00:31:29,333] {processor.py:620} INFO - Processing file /home/airflow/.local/lib/python3.6/site-packages/airflow/example_dags/example_time_delta_sensor_async.py for tasks to queue
[2021-10-29 00:31:29,333] {logging_mixin.py:109} INFO - [2021-10-29 00:31:29,333] {dagbag.py:500} INFO - Filling up the DagBag from /home/airflow/.local/lib/python3.6/site-packages/airflow/example_dags/example_time_delta_sensor_async.py
[2021-10-29 00:31:29,427] {processor.py:632} INFO - DAG(s) dict_keys(['example_time_delta_sensor_async']) retrieved from /home/airflow/.local/lib/python3.6/site-packages/airflow/example_dags/example_time_delta_sensor_async.py
[2021-10-29 00:31:29,487] {logging_mixin.py:109} INFO - [2021-10-29 00:31:29,487] {dag.py:2389} INFO - Sync 1 DAGs
[2021-10-29 00:31:29,605] {logging_mixin.py:109} INFO - [2021-10-29 00:31:29,605] {dag.py:2914} INFO - Setting next_dagrun for example_time_delta_sensor_async to None
[2021-10-29 00:31:29,665] {processor.py:171} INFO - Processing /home/airflow/.local/lib/python3.6/site-packages/airflow/example_dags/example_time_delta_sensor_async.py took 0.345 seconds
[2021-10-29 00:32:01,080] {processor.py:163} INFO - Started process (PID=1577) to work on /home/airflow/.local/lib/python3.6/site-packages/airflow/example_dags/example_time_delta_sensor_async.py
[2021-10-29 00:32:01,100] {processor.py:620} INFO - Processing file /home/airflow/.local/lib/python3.6/site-packages/airflow/example_dags/example_time_delta_sensor_async.py for tasks to queue
[2021-10-29 00:32:01,102] {logging_mixin.py:109} INFO - [2021-10-29 00:32:01,102] {dagbag.py:500} INFO - Filling up the DagBag from /home/airflow/.local/lib/python3.6/site-packages/airflow/example_dags/example_time_delta_sensor_async.py
[2021-10-29 00:32:01,173] {processor.py:632} INFO - DAG(s) dict_keys(['example_time_delta_sensor_async']) retrieved from /home/airflow/.local/lib/python3.6/site-packages/airflow/example_dags/example_time_delta_sensor_async.py
[2021-10-29 00:32:01,205] {logging_mixin.py:109} INFO - [2021-10-29 00:32:01,205] {dag.py:2389} INFO - Sync 1 DAGs
[2021-10-29 00:32:01,240] {logging_mixin.py:109} INFO - [2021-10-29 00:32:01,240] {dag.py:2914} INFO - Setting next_dagrun for example_time_delta_sensor_async to None
[2021-10-29 00:32:01,265] {processor.py:171} INFO - Processing /home/airflow/.local/lib/python3.6/site-packages/airflow/example_dags/example_time_delta_sensor_async.py took 0.188 seconds
[2021-10-29 00:32:31,449] {processor.py:163} INFO - Started process (PID=1616) to work on /home/airflow/.local/lib/python3.6/site-packages/airflow/example_dags/example_time_delta_sensor_async.py
[2021-10-29 00:32:31,458] {processor.py:620} INFO - Processing file /home/airflow/.local/lib/python3.6/site-packages/airflow/example_dags/example_time_delta_sensor_async.py for tasks to queue
[2021-10-29 00:32:31,479] {logging_mixin.py:109} INFO - [2021-10-29 00:32:31,479] {dagbag.py:500} INFO - Filling up the DagBag from /home/airflow/.local/lib/python3.6/site-packages/airflow/example_dags/example_time_delta_sensor_async.py
[2021-10-29 00:32:31,564] {processor.py:632} INFO - DAG(s) dict_keys(['example_time_delta_sensor_async']) retrieved from /home/airflow/.local/lib/python3.6/site-packages/airflow/example_dags/example_time_delta_sensor_async.py
[2021-10-29 00:32:31,590] {logging_mixin.py:109} INFO - [2021-10-29 00:32:31,590] {dag.py:2389} INFO - Sync 1 DAGs
[2021-10-29 00:32:31,652] {logging_mixin.py:109} INFO - [2021-10-29 00:32:31,652] {dag.py:2914} INFO - Setting next_dagrun for example_time_delta_sensor_async to None
[2021-10-29 00:32:31,700] {processor.py:171} INFO - Processing /home/airflow/.local/lib/python3.6/site-packages/airflow/example_dags/example_time_delta_sensor_async.py took 0.253 seconds
[2021-10-29 00:33:02,119] {processor.py:163} INFO - Started process (PID=1678) to work on /home/airflow/.local/lib/python3.6/site-packages/airflow/example_dags/example_time_delta_sensor_async.py
[2021-10-29 00:33:02,203] {processor.py:620} INFO - Processing file /home/airflow/.local/lib/python3.6/site-packages/airflow/example_dags/example_time_delta_sensor_async.py for tasks to queue
[2021-10-29 00:33:02,203] {logging_mixin.py:109} INFO - [2021-10-29 00:33:02,203] {dagbag.py:500} INFO - Filling up the DagBag from /home/airflow/.local/lib/python3.6/site-packages/airflow/example_dags/example_time_delta_sensor_async.py
[2021-10-29 00:33:02,351] {processor.py:632} INFO - DAG(s) dict_keys(['example_time_delta_sensor_async']) retrieved from /home/airflow/.local/lib/python3.6/site-packages/airflow/example_dags/example_time_delta_sensor_async.py
[2021-10-29 00:33:02,381] {logging_mixin.py:109} INFO - [2021-10-29 00:33:02,381] {dag.py:2389} INFO - Sync 1 DAGs
[2021-10-29 00:33:02,427] {logging_mixin.py:109} INFO - [2021-10-29 00:33:02,427] {dag.py:2914} INFO - Setting next_dagrun for example_time_delta_sensor_async to None
[2021-10-29 00:33:02,466] {processor.py:171} INFO - Processing /home/airflow/.local/lib/python3.6/site-packages/airflow/example_dags/example_time_delta_sensor_async.py took 0.349 seconds
[2021-10-29 00:33:32,990] {processor.py:163} INFO - Started process (PID=1724) to work on /home/airflow/.local/lib/python3.6/site-packages/airflow/example_dags/example_time_delta_sensor_async.py
[2021-10-29 00:33:33,038] {processor.py:620} INFO - Processing file /home/airflow/.local/lib/python3.6/site-packages/airflow/example_dags/example_time_delta_sensor_async.py for tasks to queue
[2021-10-29 00:33:33,039] {logging_mixin.py:109} INFO - [2021-10-29 00:33:33,039] {dagbag.py:500} INFO - Filling up the DagBag from /home/airflow/.local/lib/python3.6/site-packages/airflow/example_dags/example_time_delta_sensor_async.py
[2021-10-29 00:33:33,375] {processor.py:632} INFO - DAG(s) dict_keys(['example_time_delta_sensor_async']) retrieved from /home/airflow/.local/lib/python3.6/site-packages/airflow/example_dags/example_time_delta_sensor_async.py
[2021-10-29 00:33:33,411] {logging_mixin.py:109} INFO - [2021-10-29 00:33:33,411] {dag.py:2389} INFO - Sync 1 DAGs
[2021-10-29 00:33:33,439] {logging_mixin.py:109} INFO - [2021-10-29 00:33:33,439] {dag.py:2914} INFO - Setting next_dagrun for example_time_delta_sensor_async to None
[2021-10-29 00:33:33,455] {processor.py:171} INFO - Processing /home/airflow/.local/lib/python3.6/site-packages/airflow/example_dags/example_time_delta_sensor_async.py took 0.468 seconds
[2021-10-29 00:34:03,636] {processor.py:163} INFO - Started process (PID=1778) to work on /home/airflow/.local/lib/python3.6/site-packages/airflow/example_dags/example_time_delta_sensor_async.py
[2021-10-29 00:34:03,660] {processor.py:620} INFO - Processing file /home/airflow/.local/lib/python3.6/site-packages/airflow/example_dags/example_time_delta_sensor_async.py for tasks to queue
[2021-10-29 00:34:03,661] {logging_mixin.py:109} INFO - [2021-10-29 00:34:03,661] {dagbag.py:500} INFO - Filling up the DagBag from /home/airflow/.local/lib/python3.6/site-packages/airflow/example_dags/example_time_delta_sensor_async.py
[2021-10-29 00:34:03,705] {processor.py:632} INFO - DAG(s) dict_keys(['example_time_delta_sensor_async']) retrieved from /home/airflow/.local/lib/python3.6/site-packages/airflow/example_dags/example_time_delta_sensor_async.py
[2021-10-29 00:34:03,729] {logging_mixin.py:109} INFO - [2021-10-29 00:34:03,729] {dag.py:2389} INFO - Sync 1 DAGs
[2021-10-29 00:34:03,755] {logging_mixin.py:109} INFO - [2021-10-29 00:34:03,755] {dag.py:2914} INFO - Setting next_dagrun for example_time_delta_sensor_async to None
[2021-10-29 00:34:03,776] {processor.py:171} INFO - Processing /home/airflow/.local/lib/python3.6/site-packages/airflow/example_dags/example_time_delta_sensor_async.py took 0.143 seconds
[2021-10-29 00:34:34,855] {processor.py:163} INFO - Started process (PID=1832) to work on /home/airflow/.local/lib/python3.6/site-packages/airflow/example_dags/example_time_delta_sensor_async.py
[2021-10-29 00:34:34,888] {processor.py:620} INFO - Processing file /home/airflow/.local/lib/python3.6/site-packages/airflow/example_dags/example_time_delta_sensor_async.py for tasks to queue
[2021-10-29 00:34:34,889] {logging_mixin.py:109} INFO - [2021-10-29 00:34:34,889] {dagbag.py:500} INFO - Filling up the DagBag from /home/airflow/.local/lib/python3.6/site-packages/airflow/example_dags/example_time_delta_sensor_async.py
[2021-10-29 00:34:35,023] {processor.py:632} INFO - DAG(s) dict_keys(['example_time_delta_sensor_async']) retrieved from /home/airflow/.local/lib/python3.6/site-packages/airflow/example_dags/example_time_delta_sensor_async.py
[2021-10-29 00:34:35,056] {logging_mixin.py:109} INFO - [2021-10-29 00:34:35,056] {dag.py:2389} INFO - Sync 1 DAGs
[2021-10-29 00:34:35,120] {logging_mixin.py:109} INFO - [2021-10-29 00:34:35,120] {dag.py:2914} INFO - Setting next_dagrun for example_time_delta_sensor_async to None
[2021-10-29 00:34:35,169] {processor.py:171} INFO - Processing /home/airflow/.local/lib/python3.6/site-packages/airflow/example_dags/example_time_delta_sensor_async.py took 0.317 seconds
[2021-10-29 00:35:05,271] {processor.py:163} INFO - Started process (PID=1886) to work on /home/airflow/.local/lib/python3.6/site-packages/airflow/example_dags/example_time_delta_sensor_async.py
[2021-10-29 00:35:05,280] {processor.py:620} INFO - Processing file /home/airflow/.local/lib/python3.6/site-packages/airflow/example_dags/example_time_delta_sensor_async.py for tasks to queue
[2021-10-29 00:35:05,282] {logging_mixin.py:109} INFO - [2021-10-29 00:35:05,282] {dagbag.py:500} INFO - Filling up the DagBag from /home/airflow/.local/lib/python3.6/site-packages/airflow/example_dags/example_time_delta_sensor_async.py
[2021-10-29 00:35:05,308] {processor.py:632} INFO - DAG(s) dict_keys(['example_time_delta_sensor_async']) retrieved from /home/airflow/.local/lib/python3.6/site-packages/airflow/example_dags/example_time_delta_sensor_async.py
[2021-10-29 00:35:05,320] {logging_mixin.py:109} INFO - [2021-10-29 00:35:05,319] {dag.py:2389} INFO - Sync 1 DAGs
[2021-10-29 00:35:05,335] {logging_mixin.py:109} INFO - [2021-10-29 00:35:05,335] {dag.py:2914} INFO - Setting next_dagrun for example_time_delta_sensor_async to None
[2021-10-29 00:35:05,350] {processor.py:171} INFO - Processing /home/airflow/.local/lib/python3.6/site-packages/airflow/example_dags/example_time_delta_sensor_async.py took 0.082 seconds
[2021-10-29 00:35:35,857] {processor.py:163} INFO - Started process (PID=1938) to work on /home/airflow/.local/lib/python3.6/site-packages/airflow/example_dags/example_time_delta_sensor_async.py
[2021-10-29 00:35:35,912] {processor.py:620} INFO - Processing file /home/airflow/.local/lib/python3.6/site-packages/airflow/example_dags/example_time_delta_sensor_async.py for tasks to queue
[2021-10-29 00:35:35,913] {logging_mixin.py:109} INFO - [2021-10-29 00:35:35,913] {dagbag.py:500} INFO - Filling up the DagBag from /home/airflow/.local/lib/python3.6/site-packages/airflow/example_dags/example_time_delta_sensor_async.py
[2021-10-29 00:35:36,209] {processor.py:632} INFO - DAG(s) dict_keys(['example_time_delta_sensor_async']) retrieved from /home/airflow/.local/lib/python3.6/site-packages/airflow/example_dags/example_time_delta_sensor_async.py
[2021-10-29 00:35:36,224] {logging_mixin.py:109} INFO - [2021-10-29 00:35:36,224] {dag.py:2389} INFO - Sync 1 DAGs
[2021-10-29 00:35:36,379] {logging_mixin.py:109} INFO - [2021-10-29 00:35:36,379] {dag.py:2914} INFO - Setting next_dagrun for example_time_delta_sensor_async to None
[2021-10-29 00:35:36,422] {processor.py:171} INFO - Processing /home/airflow/.local/lib/python3.6/site-packages/airflow/example_dags/example_time_delta_sensor_async.py took 0.568 seconds
[2021-10-29 00:38:33,098] {processor.py:163} INFO - Started process (PID=94) to work on /home/airflow/.local/lib/python3.6/site-packages/airflow/example_dags/example_time_delta_sensor_async.py
[2021-10-29 00:38:33,160] {processor.py:620} INFO - Processing file /home/airflow/.local/lib/python3.6/site-packages/airflow/example_dags/example_time_delta_sensor_async.py for tasks to queue
[2021-10-29 00:38:33,161] {logging_mixin.py:109} INFO - [2021-10-29 00:38:33,160] {dagbag.py:500} INFO - Filling up the DagBag from /home/airflow/.local/lib/python3.6/site-packages/airflow/example_dags/example_time_delta_sensor_async.py
[2021-10-29 00:38:33,435] {processor.py:632} INFO - DAG(s) dict_keys(['example_time_delta_sensor_async']) retrieved from /home/airflow/.local/lib/python3.6/site-packages/airflow/example_dags/example_time_delta_sensor_async.py
[2021-10-29 00:38:33,528] {logging_mixin.py:109} INFO - [2021-10-29 00:38:33,528] {dag.py:2389} INFO - Sync 1 DAGs
[2021-10-29 00:38:33,649] {logging_mixin.py:109} INFO - [2021-10-29 00:38:33,649] {dag.py:2914} INFO - Setting next_dagrun for example_time_delta_sensor_async to None
[2021-10-29 00:38:33,713] {processor.py:171} INFO - Processing /home/airflow/.local/lib/python3.6/site-packages/airflow/example_dags/example_time_delta_sensor_async.py took 0.618 seconds
[2021-10-29 00:39:10,537] {processor.py:163} INFO - Started process (PID=147) to work on /home/airflow/.local/lib/python3.6/site-packages/airflow/example_dags/example_time_delta_sensor_async.py
[2021-10-29 00:39:10,545] {processor.py:620} INFO - Processing file /home/airflow/.local/lib/python3.6/site-packages/airflow/example_dags/example_time_delta_sensor_async.py for tasks to queue
[2021-10-29 00:39:10,552] {logging_mixin.py:109} INFO - [2021-10-29 00:39:10,552] {dagbag.py:500} INFO - Filling up the DagBag from /home/airflow/.local/lib/python3.6/site-packages/airflow/example_dags/example_time_delta_sensor_async.py
[2021-10-29 00:39:11,030] {processor.py:632} INFO - DAG(s) dict_keys(['example_time_delta_sensor_async']) retrieved from /home/airflow/.local/lib/python3.6/site-packages/airflow/example_dags/example_time_delta_sensor_async.py
[2021-10-29 00:39:11,146] {logging_mixin.py:109} INFO - [2021-10-29 00:39:11,143] {dag.py:2389} INFO - Sync 1 DAGs
[2021-10-29 00:39:11,391] {logging_mixin.py:109} INFO - [2021-10-29 00:39:11,391] {dag.py:2914} INFO - Setting next_dagrun for example_time_delta_sensor_async to None
[2021-10-29 00:39:11,508] {processor.py:171} INFO - Processing /home/airflow/.local/lib/python3.6/site-packages/airflow/example_dags/example_time_delta_sensor_async.py took 1.142 seconds
[2021-10-29 00:39:41,628] {processor.py:163} INFO - Started process (PID=192) to work on /home/airflow/.local/lib/python3.6/site-packages/airflow/example_dags/example_time_delta_sensor_async.py
[2021-10-29 00:39:41,648] {processor.py:620} INFO - Processing file /home/airflow/.local/lib/python3.6/site-packages/airflow/example_dags/example_time_delta_sensor_async.py for tasks to queue
[2021-10-29 00:39:41,653] {logging_mixin.py:109} INFO - [2021-10-29 00:39:41,653] {dagbag.py:500} INFO - Filling up the DagBag from /home/airflow/.local/lib/python3.6/site-packages/airflow/example_dags/example_time_delta_sensor_async.py
[2021-10-29 00:39:41,733] {processor.py:632} INFO - DAG(s) dict_keys(['example_time_delta_sensor_async']) retrieved from /home/airflow/.local/lib/python3.6/site-packages/airflow/example_dags/example_time_delta_sensor_async.py
[2021-10-29 00:39:41,861] {logging_mixin.py:109} INFO - [2021-10-29 00:39:41,861] {dag.py:2389} INFO - Sync 1 DAGs
[2021-10-29 00:39:41,903] {logging_mixin.py:109} INFO - [2021-10-29 00:39:41,903] {dag.py:2914} INFO - Setting next_dagrun for example_time_delta_sensor_async to None
[2021-10-29 00:39:41,927] {processor.py:171} INFO - Processing /home/airflow/.local/lib/python3.6/site-packages/airflow/example_dags/example_time_delta_sensor_async.py took 0.302 seconds
[2021-10-29 00:40:16,606] {processor.py:163} INFO - Started process (PID=243) to work on /home/airflow/.local/lib/python3.6/site-packages/airflow/example_dags/example_time_delta_sensor_async.py
[2021-10-29 00:40:16,632] {processor.py:620} INFO - Processing file /home/airflow/.local/lib/python3.6/site-packages/airflow/example_dags/example_time_delta_sensor_async.py for tasks to queue
[2021-10-29 00:40:16,632] {logging_mixin.py:109} INFO - [2021-10-29 00:40:16,632] {dagbag.py:500} INFO - Filling up the DagBag from /home/airflow/.local/lib/python3.6/site-packages/airflow/example_dags/example_time_delta_sensor_async.py
[2021-10-29 00:40:16,817] {processor.py:632} INFO - DAG(s) dict_keys(['example_time_delta_sensor_async']) retrieved from /home/airflow/.local/lib/python3.6/site-packages/airflow/example_dags/example_time_delta_sensor_async.py
[2021-10-29 00:40:16,877] {logging_mixin.py:109} INFO - [2021-10-29 00:40:16,877] {dag.py:2389} INFO - Sync 1 DAGs
[2021-10-29 00:40:16,959] {logging_mixin.py:109} INFO - [2021-10-29 00:40:16,959] {dag.py:2914} INFO - Setting next_dagrun for example_time_delta_sensor_async to None
[2021-10-29 00:40:17,006] {processor.py:171} INFO - Processing /home/airflow/.local/lib/python3.6/site-packages/airflow/example_dags/example_time_delta_sensor_async.py took 0.403 seconds
[2021-10-29 00:40:47,864] {processor.py:163} INFO - Started process (PID=297) to work on /home/airflow/.local/lib/python3.6/site-packages/airflow/example_dags/example_time_delta_sensor_async.py
[2021-10-29 00:40:47,902] {processor.py:620} INFO - Processing file /home/airflow/.local/lib/python3.6/site-packages/airflow/example_dags/example_time_delta_sensor_async.py for tasks to queue
[2021-10-29 00:40:47,904] {logging_mixin.py:109} INFO - [2021-10-29 00:40:47,904] {dagbag.py:500} INFO - Filling up the DagBag from /home/airflow/.local/lib/python3.6/site-packages/airflow/example_dags/example_time_delta_sensor_async.py
[2021-10-29 00:40:48,100] {processor.py:632} INFO - DAG(s) dict_keys(['example_time_delta_sensor_async']) retrieved from /home/airflow/.local/lib/python3.6/site-packages/airflow/example_dags/example_time_delta_sensor_async.py
[2021-10-29 00:40:48,166] {logging_mixin.py:109} INFO - [2021-10-29 00:40:48,166] {dag.py:2389} INFO - Sync 1 DAGs
[2021-10-29 00:40:48,251] {logging_mixin.py:109} INFO - [2021-10-29 00:40:48,250] {dag.py:2914} INFO - Setting next_dagrun for example_time_delta_sensor_async to None
[2021-10-29 00:40:48,308] {processor.py:171} INFO - Processing /home/airflow/.local/lib/python3.6/site-packages/airflow/example_dags/example_time_delta_sensor_async.py took 0.468 seconds
[2021-10-29 00:41:24,305] {processor.py:163} INFO - Started process (PID=349) to work on /home/airflow/.local/lib/python3.6/site-packages/airflow/example_dags/example_time_delta_sensor_async.py
[2021-10-29 00:41:24,376] {processor.py:620} INFO - Processing file /home/airflow/.local/lib/python3.6/site-packages/airflow/example_dags/example_time_delta_sensor_async.py for tasks to queue
[2021-10-29 00:41:24,376] {logging_mixin.py:109} INFO - [2021-10-29 00:41:24,376] {dagbag.py:500} INFO - Filling up the DagBag from /home/airflow/.local/lib/python3.6/site-packages/airflow/example_dags/example_time_delta_sensor_async.py
[2021-10-29 00:41:24,767] {processor.py:632} INFO - DAG(s) dict_keys(['example_time_delta_sensor_async']) retrieved from /home/airflow/.local/lib/python3.6/site-packages/airflow/example_dags/example_time_delta_sensor_async.py
[2021-10-29 00:41:24,898] {logging_mixin.py:109} INFO - [2021-10-29 00:41:24,898] {dag.py:2389} INFO - Sync 1 DAGs
[2021-10-29 00:41:24,998] {logging_mixin.py:109} INFO - [2021-10-29 00:41:24,998] {dag.py:2914} INFO - Setting next_dagrun for example_time_delta_sensor_async to None
[2021-10-29 00:41:25,073] {processor.py:171} INFO - Processing /home/airflow/.local/lib/python3.6/site-packages/airflow/example_dags/example_time_delta_sensor_async.py took 0.931 seconds
[2021-10-29 00:41:55,166] {processor.py:163} INFO - Started process (PID=396) to work on /home/airflow/.local/lib/python3.6/site-packages/airflow/example_dags/example_time_delta_sensor_async.py
[2021-10-29 00:41:55,192] {processor.py:620} INFO - Processing file /home/airflow/.local/lib/python3.6/site-packages/airflow/example_dags/example_time_delta_sensor_async.py for tasks to queue
[2021-10-29 00:41:55,192] {logging_mixin.py:109} INFO - [2021-10-29 00:41:55,192] {dagbag.py:500} INFO - Filling up the DagBag from /home/airflow/.local/lib/python3.6/site-packages/airflow/example_dags/example_time_delta_sensor_async.py
[2021-10-29 00:41:55,288] {processor.py:632} INFO - DAG(s) dict_keys(['example_time_delta_sensor_async']) retrieved from /home/airflow/.local/lib/python3.6/site-packages/airflow/example_dags/example_time_delta_sensor_async.py
[2021-10-29 00:41:55,334] {logging_mixin.py:109} INFO - [2021-10-29 00:41:55,334] {dag.py:2389} INFO - Sync 1 DAGs
[2021-10-29 00:41:55,398] {logging_mixin.py:109} INFO - [2021-10-29 00:41:55,398] {dag.py:2914} INFO - Setting next_dagrun for example_time_delta_sensor_async to None
[2021-10-29 00:41:55,428] {processor.py:171} INFO - Processing /home/airflow/.local/lib/python3.6/site-packages/airflow/example_dags/example_time_delta_sensor_async.py took 0.265 seconds
[2021-10-29 00:42:25,861] {processor.py:163} INFO - Started process (PID=449) to work on /home/airflow/.local/lib/python3.6/site-packages/airflow/example_dags/example_time_delta_sensor_async.py
[2021-10-29 00:42:25,881] {processor.py:620} INFO - Processing file /home/airflow/.local/lib/python3.6/site-packages/airflow/example_dags/example_time_delta_sensor_async.py for tasks to queue
[2021-10-29 00:42:25,883] {logging_mixin.py:109} INFO - [2021-10-29 00:42:25,882] {dagbag.py:500} INFO - Filling up the DagBag from /home/airflow/.local/lib/python3.6/site-packages/airflow/example_dags/example_time_delta_sensor_async.py
[2021-10-29 00:42:25,976] {processor.py:632} INFO - DAG(s) dict_keys(['example_time_delta_sensor_async']) retrieved from /home/airflow/.local/lib/python3.6/site-packages/airflow/example_dags/example_time_delta_sensor_async.py
[2021-10-29 00:42:26,001] {logging_mixin.py:109} INFO - [2021-10-29 00:42:26,001] {dag.py:2389} INFO - Sync 1 DAGs
[2021-10-29 00:42:26,050] {logging_mixin.py:109} INFO - [2021-10-29 00:42:26,050] {dag.py:2914} INFO - Setting next_dagrun for example_time_delta_sensor_async to None
[2021-10-29 00:42:26,073] {processor.py:171} INFO - Processing /home/airflow/.local/lib/python3.6/site-packages/airflow/example_dags/example_time_delta_sensor_async.py took 0.215 seconds
[2021-10-29 00:42:56,221] {processor.py:163} INFO - Started process (PID=500) to work on /home/airflow/.local/lib/python3.6/site-packages/airflow/example_dags/example_time_delta_sensor_async.py
[2021-10-29 00:42:56,251] {processor.py:620} INFO - Processing file /home/airflow/.local/lib/python3.6/site-packages/airflow/example_dags/example_time_delta_sensor_async.py for tasks to queue
[2021-10-29 00:42:56,251] {logging_mixin.py:109} INFO - [2021-10-29 00:42:56,251] {dagbag.py:500} INFO - Filling up the DagBag from /home/airflow/.local/lib/python3.6/site-packages/airflow/example_dags/example_time_delta_sensor_async.py
[2021-10-29 00:42:56,459] {processor.py:632} INFO - DAG(s) dict_keys(['example_time_delta_sensor_async']) retrieved from /home/airflow/.local/lib/python3.6/site-packages/airflow/example_dags/example_time_delta_sensor_async.py
[2021-10-29 00:42:56,529] {logging_mixin.py:109} INFO - [2021-10-29 00:42:56,529] {dag.py:2389} INFO - Sync 1 DAGs
[2021-10-29 00:42:56,592] {logging_mixin.py:109} INFO - [2021-10-29 00:42:56,592] {dag.py:2914} INFO - Setting next_dagrun for example_time_delta_sensor_async to None
[2021-10-29 00:42:56,635] {processor.py:171} INFO - Processing /home/airflow/.local/lib/python3.6/site-packages/airflow/example_dags/example_time_delta_sensor_async.py took 0.417 seconds
[2021-10-29 00:43:27,396] {processor.py:163} INFO - Started process (PID=547) to work on /home/airflow/.local/lib/python3.6/site-packages/airflow/example_dags/example_time_delta_sensor_async.py
[2021-10-29 00:43:27,502] {processor.py:620} INFO - Processing file /home/airflow/.local/lib/python3.6/site-packages/airflow/example_dags/example_time_delta_sensor_async.py for tasks to queue
[2021-10-29 00:43:27,509] {logging_mixin.py:109} INFO - [2021-10-29 00:43:27,509] {dagbag.py:500} INFO - Filling up the DagBag from /home/airflow/.local/lib/python3.6/site-packages/airflow/example_dags/example_time_delta_sensor_async.py
[2021-10-29 00:43:27,699] {processor.py:632} INFO - DAG(s) dict_keys(['example_time_delta_sensor_async']) retrieved from /home/airflow/.local/lib/python3.6/site-packages/airflow/example_dags/example_time_delta_sensor_async.py
[2021-10-29 00:43:27,720] {logging_mixin.py:109} INFO - [2021-10-29 00:43:27,720] {dag.py:2389} INFO - Sync 1 DAGs
[2021-10-29 00:43:27,749] {logging_mixin.py:109} INFO - [2021-10-29 00:43:27,749] {dag.py:2914} INFO - Setting next_dagrun for example_time_delta_sensor_async to None
[2021-10-29 00:43:27,760] {processor.py:171} INFO - Processing /home/airflow/.local/lib/python3.6/site-packages/airflow/example_dags/example_time_delta_sensor_async.py took 0.367 seconds
[2021-10-29 00:44:05,056] {processor.py:163} INFO - Started process (PID=600) to work on /home/airflow/.local/lib/python3.6/site-packages/airflow/example_dags/example_time_delta_sensor_async.py
[2021-10-29 00:44:05,110] {processor.py:620} INFO - Processing file /home/airflow/.local/lib/python3.6/site-packages/airflow/example_dags/example_time_delta_sensor_async.py for tasks to queue
[2021-10-29 00:44:05,155] {logging_mixin.py:109} INFO - [2021-10-29 00:44:05,155] {dagbag.py:500} INFO - Filling up the DagBag from /home/airflow/.local/lib/python3.6/site-packages/airflow/example_dags/example_time_delta_sensor_async.py
[2021-10-29 00:44:05,917] {processor.py:632} INFO - DAG(s) dict_keys(['example_time_delta_sensor_async']) retrieved from /home/airflow/.local/lib/python3.6/site-packages/airflow/example_dags/example_time_delta_sensor_async.py
[2021-10-29 00:44:06,019] {logging_mixin.py:109} INFO - [2021-10-29 00:44:06,019] {dag.py:2389} INFO - Sync 1 DAGs
[2021-10-29 00:44:06,284] {logging_mixin.py:109} INFO - [2021-10-29 00:44:06,284] {dag.py:2914} INFO - Setting next_dagrun for example_time_delta_sensor_async to None
[2021-10-29 00:44:06,383] {processor.py:171} INFO - Processing /home/airflow/.local/lib/python3.6/site-packages/airflow/example_dags/example_time_delta_sensor_async.py took 1.330 seconds
[2021-10-29 00:44:37,015] {processor.py:163} INFO - Started process (PID=654) to work on /home/airflow/.local/lib/python3.6/site-packages/airflow/example_dags/example_time_delta_sensor_async.py
[2021-10-29 00:44:37,019] {processor.py:620} INFO - Processing file /home/airflow/.local/lib/python3.6/site-packages/airflow/example_dags/example_time_delta_sensor_async.py for tasks to queue
[2021-10-29 00:44:37,062] {logging_mixin.py:109} INFO - [2021-10-29 00:44:37,062] {dagbag.py:500} INFO - Filling up the DagBag from /home/airflow/.local/lib/python3.6/site-packages/airflow/example_dags/example_time_delta_sensor_async.py
[2021-10-29 00:44:37,196] {processor.py:632} INFO - DAG(s) dict_keys(['example_time_delta_sensor_async']) retrieved from /home/airflow/.local/lib/python3.6/site-packages/airflow/example_dags/example_time_delta_sensor_async.py
[2021-10-29 00:44:37,285] {logging_mixin.py:109} INFO - [2021-10-29 00:44:37,285] {dag.py:2389} INFO - Sync 1 DAGs
[2021-10-29 00:44:37,395] {logging_mixin.py:109} INFO - [2021-10-29 00:44:37,395] {dag.py:2914} INFO - Setting next_dagrun for example_time_delta_sensor_async to None
[2021-10-29 00:44:37,424] {processor.py:171} INFO - Processing /home/airflow/.local/lib/python3.6/site-packages/airflow/example_dags/example_time_delta_sensor_async.py took 0.412 seconds
[2021-10-29 00:45:07,977] {processor.py:163} INFO - Started process (PID=707) to work on /home/airflow/.local/lib/python3.6/site-packages/airflow/example_dags/example_time_delta_sensor_async.py
[2021-10-29 00:45:07,981] {processor.py:620} INFO - Processing file /home/airflow/.local/lib/python3.6/site-packages/airflow/example_dags/example_time_delta_sensor_async.py for tasks to queue
[2021-10-29 00:45:07,988] {logging_mixin.py:109} INFO - [2021-10-29 00:45:07,988] {dagbag.py:500} INFO - Filling up the DagBag from /home/airflow/.local/lib/python3.6/site-packages/airflow/example_dags/example_time_delta_sensor_async.py
[2021-10-29 00:45:08,076] {processor.py:632} INFO - DAG(s) dict_keys(['example_time_delta_sensor_async']) retrieved from /home/airflow/.local/lib/python3.6/site-packages/airflow/example_dags/example_time_delta_sensor_async.py
[2021-10-29 00:45:08,116] {logging_mixin.py:109} INFO - [2021-10-29 00:45:08,116] {dag.py:2389} INFO - Sync 1 DAGs
[2021-10-29 00:45:08,140] {logging_mixin.py:109} INFO - [2021-10-29 00:45:08,140] {dag.py:2914} INFO - Setting next_dagrun for example_time_delta_sensor_async to None
[2021-10-29 00:45:08,167] {processor.py:171} INFO - Processing /home/airflow/.local/lib/python3.6/site-packages/airflow/example_dags/example_time_delta_sensor_async.py took 0.205 seconds
[2021-10-29 00:45:38,298] {processor.py:163} INFO - Started process (PID=762) to work on /home/airflow/.local/lib/python3.6/site-packages/airflow/example_dags/example_time_delta_sensor_async.py
[2021-10-29 00:45:38,316] {processor.py:620} INFO - Processing file /home/airflow/.local/lib/python3.6/site-packages/airflow/example_dags/example_time_delta_sensor_async.py for tasks to queue
[2021-10-29 00:45:38,317] {logging_mixin.py:109} INFO - [2021-10-29 00:45:38,317] {dagbag.py:500} INFO - Filling up the DagBag from /home/airflow/.local/lib/python3.6/site-packages/airflow/example_dags/example_time_delta_sensor_async.py
[2021-10-29 00:45:38,403] {processor.py:632} INFO - DAG(s) dict_keys(['example_time_delta_sensor_async']) retrieved from /home/airflow/.local/lib/python3.6/site-packages/airflow/example_dags/example_time_delta_sensor_async.py
[2021-10-29 00:45:38,420] {logging_mixin.py:109} INFO - [2021-10-29 00:45:38,420] {dag.py:2389} INFO - Sync 1 DAGs
[2021-10-29 00:45:38,468] {logging_mixin.py:109} INFO - [2021-10-29 00:45:38,468] {dag.py:2914} INFO - Setting next_dagrun for example_time_delta_sensor_async to None
[2021-10-29 00:45:38,481] {processor.py:171} INFO - Processing /home/airflow/.local/lib/python3.6/site-packages/airflow/example_dags/example_time_delta_sensor_async.py took 0.187 seconds
[2021-10-29 00:46:08,858] {processor.py:163} INFO - Started process (PID=811) to work on /home/airflow/.local/lib/python3.6/site-packages/airflow/example_dags/example_time_delta_sensor_async.py
[2021-10-29 00:46:08,888] {processor.py:620} INFO - Processing file /home/airflow/.local/lib/python3.6/site-packages/airflow/example_dags/example_time_delta_sensor_async.py for tasks to queue
[2021-10-29 00:46:08,890] {logging_mixin.py:109} INFO - [2021-10-29 00:46:08,890] {dagbag.py:500} INFO - Filling up the DagBag from /home/airflow/.local/lib/python3.6/site-packages/airflow/example_dags/example_time_delta_sensor_async.py
[2021-10-29 00:46:08,989] {processor.py:632} INFO - DAG(s) dict_keys(['example_time_delta_sensor_async']) retrieved from /home/airflow/.local/lib/python3.6/site-packages/airflow/example_dags/example_time_delta_sensor_async.py
[2021-10-29 00:46:09,017] {logging_mixin.py:109} INFO - [2021-10-29 00:46:09,016] {dag.py:2389} INFO - Sync 1 DAGs
[2021-10-29 00:46:09,066] {logging_mixin.py:109} INFO - [2021-10-29 00:46:09,066] {dag.py:2914} INFO - Setting next_dagrun for example_time_delta_sensor_async to None
[2021-10-29 00:46:09,103] {processor.py:171} INFO - Processing /home/airflow/.local/lib/python3.6/site-packages/airflow/example_dags/example_time_delta_sensor_async.py took 0.248 seconds
[2021-10-29 00:46:39,174] {processor.py:163} INFO - Started process (PID=865) to work on /home/airflow/.local/lib/python3.6/site-packages/airflow/example_dags/example_time_delta_sensor_async.py
[2021-10-29 00:46:39,190] {processor.py:620} INFO - Processing file /home/airflow/.local/lib/python3.6/site-packages/airflow/example_dags/example_time_delta_sensor_async.py for tasks to queue
[2021-10-29 00:46:39,194] {logging_mixin.py:109} INFO - [2021-10-29 00:46:39,193] {dagbag.py:500} INFO - Filling up the DagBag from /home/airflow/.local/lib/python3.6/site-packages/airflow/example_dags/example_time_delta_sensor_async.py
[2021-10-29 00:46:39,255] {processor.py:632} INFO - DAG(s) dict_keys(['example_time_delta_sensor_async']) retrieved from /home/airflow/.local/lib/python3.6/site-packages/airflow/example_dags/example_time_delta_sensor_async.py
[2021-10-29 00:46:39,287] {logging_mixin.py:109} INFO - [2021-10-29 00:46:39,286] {dag.py:2389} INFO - Sync 1 DAGs
[2021-10-29 00:46:39,330] {logging_mixin.py:109} INFO - [2021-10-29 00:46:39,330] {dag.py:2914} INFO - Setting next_dagrun for example_time_delta_sensor_async to None
[2021-10-29 00:46:39,367] {processor.py:171} INFO - Processing /home/airflow/.local/lib/python3.6/site-packages/airflow/example_dags/example_time_delta_sensor_async.py took 0.196 seconds
[2021-10-29 00:47:11,085] {processor.py:163} INFO - Started process (PID=918) to work on /home/airflow/.local/lib/python3.6/site-packages/airflow/example_dags/example_time_delta_sensor_async.py
[2021-10-29 00:47:11,124] {processor.py:620} INFO - Processing file /home/airflow/.local/lib/python3.6/site-packages/airflow/example_dags/example_time_delta_sensor_async.py for tasks to queue
[2021-10-29 00:47:11,133] {logging_mixin.py:109} INFO - [2021-10-29 00:47:11,133] {dagbag.py:500} INFO - Filling up the DagBag from /home/airflow/.local/lib/python3.6/site-packages/airflow/example_dags/example_time_delta_sensor_async.py
[2021-10-29 00:47:11,251] {processor.py:632} INFO - DAG(s) dict_keys(['example_time_delta_sensor_async']) retrieved from /home/airflow/.local/lib/python3.6/site-packages/airflow/example_dags/example_time_delta_sensor_async.py
[2021-10-29 00:47:11,352] {logging_mixin.py:109} INFO - [2021-10-29 00:47:11,352] {dag.py:2389} INFO - Sync 1 DAGs
[2021-10-29 00:47:11,467] {logging_mixin.py:109} INFO - [2021-10-29 00:47:11,467] {dag.py:2914} INFO - Setting next_dagrun for example_time_delta_sensor_async to None
[2021-10-29 00:47:11,569] {processor.py:171} INFO - Processing /home/airflow/.local/lib/python3.6/site-packages/airflow/example_dags/example_time_delta_sensor_async.py took 0.488 seconds
[2021-10-29 00:47:42,010] {processor.py:163} INFO - Started process (PID=971) to work on /home/airflow/.local/lib/python3.6/site-packages/airflow/example_dags/example_time_delta_sensor_async.py
[2021-10-29 00:47:42,019] {processor.py:620} INFO - Processing file /home/airflow/.local/lib/python3.6/site-packages/airflow/example_dags/example_time_delta_sensor_async.py for tasks to queue
[2021-10-29 00:47:42,020] {logging_mixin.py:109} INFO - [2021-10-29 00:47:42,020] {dagbag.py:500} INFO - Filling up the DagBag from /home/airflow/.local/lib/python3.6/site-packages/airflow/example_dags/example_time_delta_sensor_async.py
[2021-10-29 00:47:42,082] {processor.py:632} INFO - DAG(s) dict_keys(['example_time_delta_sensor_async']) retrieved from /home/airflow/.local/lib/python3.6/site-packages/airflow/example_dags/example_time_delta_sensor_async.py
[2021-10-29 00:47:42,103] {logging_mixin.py:109} INFO - [2021-10-29 00:47:42,103] {dag.py:2389} INFO - Sync 1 DAGs
[2021-10-29 00:47:42,129] {logging_mixin.py:109} INFO - [2021-10-29 00:47:42,129] {dag.py:2914} INFO - Setting next_dagrun for example_time_delta_sensor_async to None
[2021-10-29 00:47:42,160] {processor.py:171} INFO - Processing /home/airflow/.local/lib/python3.6/site-packages/airflow/example_dags/example_time_delta_sensor_async.py took 0.153 seconds
[2021-10-29 00:48:12,278] {processor.py:163} INFO - Started process (PID=1016) to work on /home/airflow/.local/lib/python3.6/site-packages/airflow/example_dags/example_time_delta_sensor_async.py
[2021-10-29 00:48:12,304] {processor.py:620} INFO - Processing file /home/airflow/.local/lib/python3.6/site-packages/airflow/example_dags/example_time_delta_sensor_async.py for tasks to queue
[2021-10-29 00:48:12,305] {logging_mixin.py:109} INFO - [2021-10-29 00:48:12,304] {dagbag.py:500} INFO - Filling up the DagBag from /home/airflow/.local/lib/python3.6/site-packages/airflow/example_dags/example_time_delta_sensor_async.py
[2021-10-29 00:48:12,414] {processor.py:632} INFO - DAG(s) dict_keys(['example_time_delta_sensor_async']) retrieved from /home/airflow/.local/lib/python3.6/site-packages/airflow/example_dags/example_time_delta_sensor_async.py
[2021-10-29 00:48:12,467] {logging_mixin.py:109} INFO - [2021-10-29 00:48:12,467] {dag.py:2389} INFO - Sync 1 DAGs
[2021-10-29 00:48:12,533] {logging_mixin.py:109} INFO - [2021-10-29 00:48:12,533] {dag.py:2914} INFO - Setting next_dagrun for example_time_delta_sensor_async to None
[2021-10-29 00:48:12,589] {processor.py:171} INFO - Processing /home/airflow/.local/lib/python3.6/site-packages/airflow/example_dags/example_time_delta_sensor_async.py took 0.314 seconds
[2021-10-29 00:48:43,911] {processor.py:163} INFO - Started process (PID=1072) to work on /home/airflow/.local/lib/python3.6/site-packages/airflow/example_dags/example_time_delta_sensor_async.py
[2021-10-29 00:48:43,914] {processor.py:620} INFO - Processing file /home/airflow/.local/lib/python3.6/site-packages/airflow/example_dags/example_time_delta_sensor_async.py for tasks to queue
[2021-10-29 00:48:43,918] {logging_mixin.py:109} INFO - [2021-10-29 00:48:43,917] {dagbag.py:500} INFO - Filling up the DagBag from /home/airflow/.local/lib/python3.6/site-packages/airflow/example_dags/example_time_delta_sensor_async.py
[2021-10-29 00:48:43,983] {processor.py:632} INFO - DAG(s) dict_keys(['example_time_delta_sensor_async']) retrieved from /home/airflow/.local/lib/python3.6/site-packages/airflow/example_dags/example_time_delta_sensor_async.py
[2021-10-29 00:48:44,032] {logging_mixin.py:109} INFO - [2021-10-29 00:48:44,031] {dag.py:2389} INFO - Sync 1 DAGs
[2021-10-29 00:48:44,121] {logging_mixin.py:109} INFO - [2021-10-29 00:48:44,121] {dag.py:2914} INFO - Setting next_dagrun for example_time_delta_sensor_async to None
[2021-10-29 00:48:44,136] {processor.py:171} INFO - Processing /home/airflow/.local/lib/python3.6/site-packages/airflow/example_dags/example_time_delta_sensor_async.py took 0.244 seconds
[2021-10-29 00:49:14,476] {processor.py:163} INFO - Started process (PID=1126) to work on /home/airflow/.local/lib/python3.6/site-packages/airflow/example_dags/example_time_delta_sensor_async.py
[2021-10-29 00:49:14,512] {processor.py:620} INFO - Processing file /home/airflow/.local/lib/python3.6/site-packages/airflow/example_dags/example_time_delta_sensor_async.py for tasks to queue
[2021-10-29 00:49:14,513] {logging_mixin.py:109} INFO - [2021-10-29 00:49:14,512] {dagbag.py:500} INFO - Filling up the DagBag from /home/airflow/.local/lib/python3.6/site-packages/airflow/example_dags/example_time_delta_sensor_async.py
[2021-10-29 00:49:14,613] {processor.py:632} INFO - DAG(s) dict_keys(['example_time_delta_sensor_async']) retrieved from /home/airflow/.local/lib/python3.6/site-packages/airflow/example_dags/example_time_delta_sensor_async.py
[2021-10-29 00:49:14,656] {logging_mixin.py:109} INFO - [2021-10-29 00:49:14,655] {dag.py:2389} INFO - Sync 1 DAGs
[2021-10-29 00:49:14,689] {logging_mixin.py:109} INFO - [2021-10-29 00:49:14,689] {dag.py:2914} INFO - Setting next_dagrun for example_time_delta_sensor_async to None
[2021-10-29 00:49:14,706] {processor.py:171} INFO - Processing /home/airflow/.local/lib/python3.6/site-packages/airflow/example_dags/example_time_delta_sensor_async.py took 0.249 seconds
[2021-10-29 00:49:45,066] {processor.py:163} INFO - Started process (PID=1180) to work on /home/airflow/.local/lib/python3.6/site-packages/airflow/example_dags/example_time_delta_sensor_async.py
[2021-10-29 00:49:45,073] {processor.py:620} INFO - Processing file /home/airflow/.local/lib/python3.6/site-packages/airflow/example_dags/example_time_delta_sensor_async.py for tasks to queue
[2021-10-29 00:49:45,082] {logging_mixin.py:109} INFO - [2021-10-29 00:49:45,082] {dagbag.py:500} INFO - Filling up the DagBag from /home/airflow/.local/lib/python3.6/site-packages/airflow/example_dags/example_time_delta_sensor_async.py
[2021-10-29 00:49:45,131] {processor.py:632} INFO - DAG(s) dict_keys(['example_time_delta_sensor_async']) retrieved from /home/airflow/.local/lib/python3.6/site-packages/airflow/example_dags/example_time_delta_sensor_async.py
[2021-10-29 00:49:45,164] {logging_mixin.py:109} INFO - [2021-10-29 00:49:45,164] {dag.py:2389} INFO - Sync 1 DAGs
[2021-10-29 00:49:45,195] {logging_mixin.py:109} INFO - [2021-10-29 00:49:45,195] {dag.py:2914} INFO - Setting next_dagrun for example_time_delta_sensor_async to None
[2021-10-29 00:49:45,212] {processor.py:171} INFO - Processing /home/airflow/.local/lib/python3.6/site-packages/airflow/example_dags/example_time_delta_sensor_async.py took 0.150 seconds
[2021-10-29 00:50:16,762] {processor.py:163} INFO - Started process (PID=1233) to work on /home/airflow/.local/lib/python3.6/site-packages/airflow/example_dags/example_time_delta_sensor_async.py
[2021-10-29 00:50:16,806] {processor.py:620} INFO - Processing file /home/airflow/.local/lib/python3.6/site-packages/airflow/example_dags/example_time_delta_sensor_async.py for tasks to queue
[2021-10-29 00:50:16,811] {logging_mixin.py:109} INFO - [2021-10-29 00:50:16,811] {dagbag.py:500} INFO - Filling up the DagBag from /home/airflow/.local/lib/python3.6/site-packages/airflow/example_dags/example_time_delta_sensor_async.py
[2021-10-29 00:50:16,997] {processor.py:632} INFO - DAG(s) dict_keys(['example_time_delta_sensor_async']) retrieved from /home/airflow/.local/lib/python3.6/site-packages/airflow/example_dags/example_time_delta_sensor_async.py
[2021-10-29 00:50:17,140] {logging_mixin.py:109} INFO - [2021-10-29 00:50:17,140] {dag.py:2389} INFO - Sync 1 DAGs
[2021-10-29 00:50:17,304] {logging_mixin.py:109} INFO - [2021-10-29 00:50:17,304] {dag.py:2914} INFO - Setting next_dagrun for example_time_delta_sensor_async to None
[2021-10-29 00:50:17,427] {processor.py:171} INFO - Processing /home/airflow/.local/lib/python3.6/site-packages/airflow/example_dags/example_time_delta_sensor_async.py took 0.668 seconds
[2021-10-29 00:50:47,969] {processor.py:163} INFO - Started process (PID=1286) to work on /home/airflow/.local/lib/python3.6/site-packages/airflow/example_dags/example_time_delta_sensor_async.py
[2021-10-29 00:50:48,102] {processor.py:620} INFO - Processing file /home/airflow/.local/lib/python3.6/site-packages/airflow/example_dags/example_time_delta_sensor_async.py for tasks to queue
[2021-10-29 00:50:48,103] {logging_mixin.py:109} INFO - [2021-10-29 00:50:48,103] {dagbag.py:500} INFO - Filling up the DagBag from /home/airflow/.local/lib/python3.6/site-packages/airflow/example_dags/example_time_delta_sensor_async.py
[2021-10-29 00:50:48,305] {processor.py:632} INFO - DAG(s) dict_keys(['example_time_delta_sensor_async']) retrieved from /home/airflow/.local/lib/python3.6/site-packages/airflow/example_dags/example_time_delta_sensor_async.py
[2021-10-29 00:50:48,379] {logging_mixin.py:109} INFO - [2021-10-29 00:50:48,379] {dag.py:2389} INFO - Sync 1 DAGs
[2021-10-29 00:50:48,490] {logging_mixin.py:109} INFO - [2021-10-29 00:50:48,490] {dag.py:2914} INFO - Setting next_dagrun for example_time_delta_sensor_async to None
[2021-10-29 00:50:48,531] {processor.py:171} INFO - Processing /home/airflow/.local/lib/python3.6/site-packages/airflow/example_dags/example_time_delta_sensor_async.py took 0.566 seconds
[2021-10-29 00:51:19,220] {processor.py:163} INFO - Started process (PID=1333) to work on /home/airflow/.local/lib/python3.6/site-packages/airflow/example_dags/example_time_delta_sensor_async.py
[2021-10-29 00:51:19,244] {processor.py:620} INFO - Processing file /home/airflow/.local/lib/python3.6/site-packages/airflow/example_dags/example_time_delta_sensor_async.py for tasks to queue
[2021-10-29 00:51:19,247] {logging_mixin.py:109} INFO - [2021-10-29 00:51:19,247] {dagbag.py:500} INFO - Filling up the DagBag from /home/airflow/.local/lib/python3.6/site-packages/airflow/example_dags/example_time_delta_sensor_async.py
[2021-10-29 00:51:19,454] {processor.py:632} INFO - DAG(s) dict_keys(['example_time_delta_sensor_async']) retrieved from /home/airflow/.local/lib/python3.6/site-packages/airflow/example_dags/example_time_delta_sensor_async.py
[2021-10-29 00:51:19,497] {logging_mixin.py:109} INFO - [2021-10-29 00:51:19,497] {dag.py:2389} INFO - Sync 1 DAGs
[2021-10-29 00:51:19,592] {logging_mixin.py:109} INFO - [2021-10-29 00:51:19,592] {dag.py:2914} INFO - Setting next_dagrun for example_time_delta_sensor_async to None
[2021-10-29 00:51:19,637] {processor.py:171} INFO - Processing /home/airflow/.local/lib/python3.6/site-packages/airflow/example_dags/example_time_delta_sensor_async.py took 0.420 seconds
[2021-10-29 00:51:49,884] {processor.py:163} INFO - Started process (PID=1387) to work on /home/airflow/.local/lib/python3.6/site-packages/airflow/example_dags/example_time_delta_sensor_async.py
[2021-10-29 00:51:49,946] {processor.py:620} INFO - Processing file /home/airflow/.local/lib/python3.6/site-packages/airflow/example_dags/example_time_delta_sensor_async.py for tasks to queue
[2021-10-29 00:51:49,948] {logging_mixin.py:109} INFO - [2021-10-29 00:51:49,947] {dagbag.py:500} INFO - Filling up the DagBag from /home/airflow/.local/lib/python3.6/site-packages/airflow/example_dags/example_time_delta_sensor_async.py
[2021-10-29 00:51:50,219] {processor.py:632} INFO - DAG(s) dict_keys(['example_time_delta_sensor_async']) retrieved from /home/airflow/.local/lib/python3.6/site-packages/airflow/example_dags/example_time_delta_sensor_async.py
[2021-10-29 00:51:50,313] {logging_mixin.py:109} INFO - [2021-10-29 00:51:50,313] {dag.py:2389} INFO - Sync 1 DAGs
[2021-10-29 00:51:50,436] {logging_mixin.py:109} INFO - [2021-10-29 00:51:50,436] {dag.py:2914} INFO - Setting next_dagrun for example_time_delta_sensor_async to None
[2021-10-29 00:51:50,494] {processor.py:171} INFO - Processing /home/airflow/.local/lib/python3.6/site-packages/airflow/example_dags/example_time_delta_sensor_async.py took 0.613 seconds
[2021-10-29 00:52:21,220] {processor.py:163} INFO - Started process (PID=1441) to work on /home/airflow/.local/lib/python3.6/site-packages/airflow/example_dags/example_time_delta_sensor_async.py
[2021-10-29 00:52:21,226] {processor.py:620} INFO - Processing file /home/airflow/.local/lib/python3.6/site-packages/airflow/example_dags/example_time_delta_sensor_async.py for tasks to queue
[2021-10-29 00:52:21,226] {logging_mixin.py:109} INFO - [2021-10-29 00:52:21,226] {dagbag.py:500} INFO - Filling up the DagBag from /home/airflow/.local/lib/python3.6/site-packages/airflow/example_dags/example_time_delta_sensor_async.py
[2021-10-29 00:52:21,286] {processor.py:632} INFO - DAG(s) dict_keys(['example_time_delta_sensor_async']) retrieved from /home/airflow/.local/lib/python3.6/site-packages/airflow/example_dags/example_time_delta_sensor_async.py
[2021-10-29 00:52:21,305] {logging_mixin.py:109} INFO - [2021-10-29 00:52:21,305] {dag.py:2389} INFO - Sync 1 DAGs
[2021-10-29 00:52:21,343] {logging_mixin.py:109} INFO - [2021-10-29 00:52:21,343] {dag.py:2914} INFO - Setting next_dagrun for example_time_delta_sensor_async to None
[2021-10-29 00:52:21,366] {processor.py:171} INFO - Processing /home/airflow/.local/lib/python3.6/site-packages/airflow/example_dags/example_time_delta_sensor_async.py took 0.149 seconds
[2021-10-29 00:52:51,909] {processor.py:163} INFO - Started process (PID=1495) to work on /home/airflow/.local/lib/python3.6/site-packages/airflow/example_dags/example_time_delta_sensor_async.py
[2021-10-29 00:52:51,954] {processor.py:620} INFO - Processing file /home/airflow/.local/lib/python3.6/site-packages/airflow/example_dags/example_time_delta_sensor_async.py for tasks to queue
[2021-10-29 00:52:51,955] {logging_mixin.py:109} INFO - [2021-10-29 00:52:51,954] {dagbag.py:500} INFO - Filling up the DagBag from /home/airflow/.local/lib/python3.6/site-packages/airflow/example_dags/example_time_delta_sensor_async.py
[2021-10-29 00:52:52,105] {processor.py:632} INFO - DAG(s) dict_keys(['example_time_delta_sensor_async']) retrieved from /home/airflow/.local/lib/python3.6/site-packages/airflow/example_dags/example_time_delta_sensor_async.py
[2021-10-29 00:52:52,140] {logging_mixin.py:109} INFO - [2021-10-29 00:52:52,140] {dag.py:2389} INFO - Sync 1 DAGs
[2021-10-29 00:52:52,207] {logging_mixin.py:109} INFO - [2021-10-29 00:52:52,206] {dag.py:2914} INFO - Setting next_dagrun for example_time_delta_sensor_async to None
[2021-10-29 00:52:52,235] {processor.py:171} INFO - Processing /home/airflow/.local/lib/python3.6/site-packages/airflow/example_dags/example_time_delta_sensor_async.py took 0.328 seconds
