[2021-10-29 00:17:38,890] {processor.py:163} INFO - Started process (PID=139) to work on /home/airflow/.local/lib/python3.6/site-packages/airflow/example_dags/example_bash_operator.py
[2021-10-29 00:17:39,017] {processor.py:620} INFO - Processing file /home/airflow/.local/lib/python3.6/site-packages/airflow/example_dags/example_bash_operator.py for tasks to queue
[2021-10-29 00:17:39,019] {logging_mixin.py:109} INFO - [2021-10-29 00:17:39,018] {dagbag.py:500} INFO - Filling up the DagBag from /home/airflow/.local/lib/python3.6/site-packages/airflow/example_dags/example_bash_operator.py
[2021-10-29 00:17:39,773] {processor.py:632} INFO - DAG(s) dict_keys(['example_bash_operator']) retrieved from /home/airflow/.local/lib/python3.6/site-packages/airflow/example_dags/example_bash_operator.py
[2021-10-29 00:17:39,973] {logging_mixin.py:109} INFO - [2021-10-29 00:17:39,973] {dag.py:2389} INFO - Sync 1 DAGs
[2021-10-29 00:17:40,195] {logging_mixin.py:109} INFO - [2021-10-29 00:17:40,195] {dag.py:2914} INFO - Setting next_dagrun for example_bash_operator to 2021-10-28 00:00:00+00:00
[2021-10-29 00:17:40,374] {processor.py:171} INFO - Processing /home/airflow/.local/lib/python3.6/site-packages/airflow/example_dags/example_bash_operator.py took 1.487 seconds
[2021-10-29 00:18:10,835] {processor.py:163} INFO - Started process (PID=184) to work on /home/airflow/.local/lib/python3.6/site-packages/airflow/example_dags/example_bash_operator.py
[2021-10-29 00:18:10,908] {processor.py:620} INFO - Processing file /home/airflow/.local/lib/python3.6/site-packages/airflow/example_dags/example_bash_operator.py for tasks to queue
[2021-10-29 00:18:10,928] {logging_mixin.py:109} INFO - [2021-10-29 00:18:10,928] {dagbag.py:500} INFO - Filling up the DagBag from /home/airflow/.local/lib/python3.6/site-packages/airflow/example_dags/example_bash_operator.py
[2021-10-29 00:18:11,365] {processor.py:632} INFO - DAG(s) dict_keys(['example_bash_operator']) retrieved from /home/airflow/.local/lib/python3.6/site-packages/airflow/example_dags/example_bash_operator.py
[2021-10-29 00:18:11,497] {logging_mixin.py:109} INFO - [2021-10-29 00:18:11,497] {dag.py:2389} INFO - Sync 1 DAGs
[2021-10-29 00:18:11,671] {logging_mixin.py:109} INFO - [2021-10-29 00:18:11,670] {dag.py:2914} INFO - Setting next_dagrun for example_bash_operator to 2021-10-28 00:00:00+00:00
[2021-10-29 00:18:11,763] {processor.py:171} INFO - Processing /home/airflow/.local/lib/python3.6/site-packages/airflow/example_dags/example_bash_operator.py took 0.931 seconds
[2021-10-29 00:18:42,381] {processor.py:163} INFO - Started process (PID=237) to work on /home/airflow/.local/lib/python3.6/site-packages/airflow/example_dags/example_bash_operator.py
[2021-10-29 00:18:42,389] {processor.py:620} INFO - Processing file /home/airflow/.local/lib/python3.6/site-packages/airflow/example_dags/example_bash_operator.py for tasks to queue
[2021-10-29 00:18:42,394] {logging_mixin.py:109} INFO - [2021-10-29 00:18:42,394] {dagbag.py:500} INFO - Filling up the DagBag from /home/airflow/.local/lib/python3.6/site-packages/airflow/example_dags/example_bash_operator.py
[2021-10-29 00:18:42,471] {processor.py:632} INFO - DAG(s) dict_keys(['example_bash_operator']) retrieved from /home/airflow/.local/lib/python3.6/site-packages/airflow/example_dags/example_bash_operator.py
[2021-10-29 00:18:42,490] {logging_mixin.py:109} INFO - [2021-10-29 00:18:42,490] {dag.py:2389} INFO - Sync 1 DAGs
[2021-10-29 00:18:42,518] {logging_mixin.py:109} INFO - [2021-10-29 00:18:42,518] {dag.py:2914} INFO - Setting next_dagrun for example_bash_operator to 2021-10-28 00:00:00+00:00
[2021-10-29 00:18:42,566] {processor.py:171} INFO - Processing /home/airflow/.local/lib/python3.6/site-packages/airflow/example_dags/example_bash_operator.py took 0.188 seconds
[2021-10-29 00:19:12,706] {processor.py:163} INFO - Started process (PID=290) to work on /home/airflow/.local/lib/python3.6/site-packages/airflow/example_dags/example_bash_operator.py
[2021-10-29 00:19:12,738] {processor.py:620} INFO - Processing file /home/airflow/.local/lib/python3.6/site-packages/airflow/example_dags/example_bash_operator.py for tasks to queue
[2021-10-29 00:19:12,745] {logging_mixin.py:109} INFO - [2021-10-29 00:19:12,745] {dagbag.py:500} INFO - Filling up the DagBag from /home/airflow/.local/lib/python3.6/site-packages/airflow/example_dags/example_bash_operator.py
[2021-10-29 00:19:12,923] {processor.py:632} INFO - DAG(s) dict_keys(['example_bash_operator']) retrieved from /home/airflow/.local/lib/python3.6/site-packages/airflow/example_dags/example_bash_operator.py
[2021-10-29 00:19:12,964] {logging_mixin.py:109} INFO - [2021-10-29 00:19:12,963] {dag.py:2389} INFO - Sync 1 DAGs
[2021-10-29 00:19:13,058] {logging_mixin.py:109} INFO - [2021-10-29 00:19:13,057] {dag.py:2914} INFO - Setting next_dagrun for example_bash_operator to 2021-10-28 00:00:00+00:00
[2021-10-29 00:19:13,117] {processor.py:171} INFO - Processing /home/airflow/.local/lib/python3.6/site-packages/airflow/example_dags/example_bash_operator.py took 0.415 seconds
[2021-10-29 00:19:44,170] {processor.py:163} INFO - Started process (PID=344) to work on /home/airflow/.local/lib/python3.6/site-packages/airflow/example_dags/example_bash_operator.py
[2021-10-29 00:19:44,205] {processor.py:620} INFO - Processing file /home/airflow/.local/lib/python3.6/site-packages/airflow/example_dags/example_bash_operator.py for tasks to queue
[2021-10-29 00:19:44,207] {logging_mixin.py:109} INFO - [2021-10-29 00:19:44,206] {dagbag.py:500} INFO - Filling up the DagBag from /home/airflow/.local/lib/python3.6/site-packages/airflow/example_dags/example_bash_operator.py
[2021-10-29 00:19:44,387] {processor.py:632} INFO - DAG(s) dict_keys(['example_bash_operator']) retrieved from /home/airflow/.local/lib/python3.6/site-packages/airflow/example_dags/example_bash_operator.py
[2021-10-29 00:19:44,475] {logging_mixin.py:109} INFO - [2021-10-29 00:19:44,475] {dag.py:2389} INFO - Sync 1 DAGs
[2021-10-29 00:19:44,543] {logging_mixin.py:109} INFO - [2021-10-29 00:19:44,543] {dag.py:2914} INFO - Setting next_dagrun for example_bash_operator to 2021-10-28 00:00:00+00:00
[2021-10-29 00:19:44,613] {processor.py:171} INFO - Processing /home/airflow/.local/lib/python3.6/site-packages/airflow/example_dags/example_bash_operator.py took 0.447 seconds
[2021-10-29 00:20:14,894] {processor.py:163} INFO - Started process (PID=397) to work on /home/airflow/.local/lib/python3.6/site-packages/airflow/example_dags/example_bash_operator.py
[2021-10-29 00:20:14,921] {processor.py:620} INFO - Processing file /home/airflow/.local/lib/python3.6/site-packages/airflow/example_dags/example_bash_operator.py for tasks to queue
[2021-10-29 00:20:14,928] {logging_mixin.py:109} INFO - [2021-10-29 00:20:14,921] {dagbag.py:500} INFO - Filling up the DagBag from /home/airflow/.local/lib/python3.6/site-packages/airflow/example_dags/example_bash_operator.py
[2021-10-29 00:20:15,209] {processor.py:632} INFO - DAG(s) dict_keys(['example_bash_operator']) retrieved from /home/airflow/.local/lib/python3.6/site-packages/airflow/example_dags/example_bash_operator.py
[2021-10-29 00:20:15,249] {logging_mixin.py:109} INFO - [2021-10-29 00:20:15,249] {dag.py:2389} INFO - Sync 1 DAGs
[2021-10-29 00:20:15,307] {logging_mixin.py:109} INFO - [2021-10-29 00:20:15,307] {dag.py:2914} INFO - Setting next_dagrun for example_bash_operator to 2021-10-28 00:00:00+00:00
[2021-10-29 00:20:15,368] {processor.py:171} INFO - Processing /home/airflow/.local/lib/python3.6/site-packages/airflow/example_dags/example_bash_operator.py took 0.477 seconds
[2021-10-29 00:20:46,008] {processor.py:163} INFO - Started process (PID=451) to work on /home/airflow/.local/lib/python3.6/site-packages/airflow/example_dags/example_bash_operator.py
[2021-10-29 00:20:46,034] {processor.py:620} INFO - Processing file /home/airflow/.local/lib/python3.6/site-packages/airflow/example_dags/example_bash_operator.py for tasks to queue
[2021-10-29 00:20:46,035] {logging_mixin.py:109} INFO - [2021-10-29 00:20:46,035] {dagbag.py:500} INFO - Filling up the DagBag from /home/airflow/.local/lib/python3.6/site-packages/airflow/example_dags/example_bash_operator.py
[2021-10-29 00:20:46,155] {processor.py:632} INFO - DAG(s) dict_keys(['example_bash_operator']) retrieved from /home/airflow/.local/lib/python3.6/site-packages/airflow/example_dags/example_bash_operator.py
[2021-10-29 00:20:46,205] {logging_mixin.py:109} INFO - [2021-10-29 00:20:46,205] {dag.py:2389} INFO - Sync 1 DAGs
[2021-10-29 00:20:46,264] {logging_mixin.py:109} INFO - [2021-10-29 00:20:46,264] {dag.py:2914} INFO - Setting next_dagrun for example_bash_operator to 2021-10-28 00:00:00+00:00
[2021-10-29 00:20:46,305] {processor.py:171} INFO - Processing /home/airflow/.local/lib/python3.6/site-packages/airflow/example_dags/example_bash_operator.py took 0.300 seconds
[2021-10-29 00:21:17,029] {processor.py:163} INFO - Started process (PID=505) to work on /home/airflow/.local/lib/python3.6/site-packages/airflow/example_dags/example_bash_operator.py
[2021-10-29 00:21:17,082] {processor.py:620} INFO - Processing file /home/airflow/.local/lib/python3.6/site-packages/airflow/example_dags/example_bash_operator.py for tasks to queue
[2021-10-29 00:21:17,088] {logging_mixin.py:109} INFO - [2021-10-29 00:21:17,087] {dagbag.py:500} INFO - Filling up the DagBag from /home/airflow/.local/lib/python3.6/site-packages/airflow/example_dags/example_bash_operator.py
[2021-10-29 00:21:17,395] {processor.py:632} INFO - DAG(s) dict_keys(['example_bash_operator']) retrieved from /home/airflow/.local/lib/python3.6/site-packages/airflow/example_dags/example_bash_operator.py
[2021-10-29 00:21:17,526] {logging_mixin.py:109} INFO - [2021-10-29 00:21:17,526] {dag.py:2389} INFO - Sync 1 DAGs
[2021-10-29 00:21:17,781] {logging_mixin.py:109} INFO - [2021-10-29 00:21:17,781] {dag.py:2914} INFO - Setting next_dagrun for example_bash_operator to 2021-10-28 00:00:00+00:00
[2021-10-29 00:21:17,926] {processor.py:171} INFO - Processing /home/airflow/.local/lib/python3.6/site-packages/airflow/example_dags/example_bash_operator.py took 0.901 seconds
[2021-10-29 00:22:10,090] {processor.py:163} INFO - Started process (PID=560) to work on /home/airflow/.local/lib/python3.6/site-packages/airflow/example_dags/example_bash_operator.py
[2021-10-29 00:22:10,223] {processor.py:620} INFO - Processing file /home/airflow/.local/lib/python3.6/site-packages/airflow/example_dags/example_bash_operator.py for tasks to queue
[2021-10-29 00:22:10,224] {logging_mixin.py:109} INFO - [2021-10-29 00:22:10,224] {dagbag.py:500} INFO - Filling up the DagBag from /home/airflow/.local/lib/python3.6/site-packages/airflow/example_dags/example_bash_operator.py
[2021-10-29 00:22:12,220] {processor.py:632} INFO - DAG(s) dict_keys(['example_bash_operator']) retrieved from /home/airflow/.local/lib/python3.6/site-packages/airflow/example_dags/example_bash_operator.py
[2021-10-29 00:22:12,794] {logging_mixin.py:109} INFO - [2021-10-29 00:22:12,793] {dag.py:2389} INFO - Sync 1 DAGs
[2021-10-29 00:22:13,397] {logging_mixin.py:109} INFO - [2021-10-29 00:22:13,397] {dag.py:2914} INFO - Setting next_dagrun for example_bash_operator to 2021-10-28 00:00:00+00:00
[2021-10-29 00:22:13,999] {processor.py:171} INFO - Processing /home/airflow/.local/lib/python3.6/site-packages/airflow/example_dags/example_bash_operator.py took 3.914 seconds
[2021-10-29 00:22:44,145] {processor.py:163} INFO - Started process (PID=614) to work on /home/airflow/.local/lib/python3.6/site-packages/airflow/example_dags/example_bash_operator.py
[2021-10-29 00:22:44,149] {processor.py:620} INFO - Processing file /home/airflow/.local/lib/python3.6/site-packages/airflow/example_dags/example_bash_operator.py for tasks to queue
[2021-10-29 00:22:44,151] {logging_mixin.py:109} INFO - [2021-10-29 00:22:44,151] {dagbag.py:500} INFO - Filling up the DagBag from /home/airflow/.local/lib/python3.6/site-packages/airflow/example_dags/example_bash_operator.py
[2021-10-29 00:22:44,501] {processor.py:632} INFO - DAG(s) dict_keys(['example_bash_operator']) retrieved from /home/airflow/.local/lib/python3.6/site-packages/airflow/example_dags/example_bash_operator.py
[2021-10-29 00:22:44,562] {logging_mixin.py:109} INFO - [2021-10-29 00:22:44,562] {dag.py:2389} INFO - Sync 1 DAGs
[2021-10-29 00:22:44,648] {logging_mixin.py:109} INFO - [2021-10-29 00:22:44,648] {dag.py:2914} INFO - Setting next_dagrun for example_bash_operator to 2021-10-28 00:00:00+00:00
[2021-10-29 00:22:44,686] {processor.py:171} INFO - Processing /home/airflow/.local/lib/python3.6/site-packages/airflow/example_dags/example_bash_operator.py took 0.568 seconds
[2021-10-29 00:23:14,972] {processor.py:163} INFO - Started process (PID=668) to work on /home/airflow/.local/lib/python3.6/site-packages/airflow/example_dags/example_bash_operator.py
[2021-10-29 00:23:15,011] {processor.py:620} INFO - Processing file /home/airflow/.local/lib/python3.6/site-packages/airflow/example_dags/example_bash_operator.py for tasks to queue
[2021-10-29 00:23:15,012] {logging_mixin.py:109} INFO - [2021-10-29 00:23:15,012] {dagbag.py:500} INFO - Filling up the DagBag from /home/airflow/.local/lib/python3.6/site-packages/airflow/example_dags/example_bash_operator.py
[2021-10-29 00:23:15,243] {processor.py:632} INFO - DAG(s) dict_keys(['example_bash_operator']) retrieved from /home/airflow/.local/lib/python3.6/site-packages/airflow/example_dags/example_bash_operator.py
[2021-10-29 00:23:15,312] {logging_mixin.py:109} INFO - [2021-10-29 00:23:15,312] {dag.py:2389} INFO - Sync 1 DAGs
[2021-10-29 00:23:15,479] {logging_mixin.py:109} INFO - [2021-10-29 00:23:15,479] {dag.py:2914} INFO - Setting next_dagrun for example_bash_operator to 2021-10-28 00:00:00+00:00
[2021-10-29 00:23:15,568] {processor.py:171} INFO - Processing /home/airflow/.local/lib/python3.6/site-packages/airflow/example_dags/example_bash_operator.py took 0.600 seconds
[2021-10-29 00:23:46,292] {processor.py:163} INFO - Started process (PID=722) to work on /home/airflow/.local/lib/python3.6/site-packages/airflow/example_dags/example_bash_operator.py
[2021-10-29 00:23:46,318] {processor.py:620} INFO - Processing file /home/airflow/.local/lib/python3.6/site-packages/airflow/example_dags/example_bash_operator.py for tasks to queue
[2021-10-29 00:23:46,320] {logging_mixin.py:109} INFO - [2021-10-29 00:23:46,320] {dagbag.py:500} INFO - Filling up the DagBag from /home/airflow/.local/lib/python3.6/site-packages/airflow/example_dags/example_bash_operator.py
[2021-10-29 00:23:46,577] {processor.py:632} INFO - DAG(s) dict_keys(['example_bash_operator']) retrieved from /home/airflow/.local/lib/python3.6/site-packages/airflow/example_dags/example_bash_operator.py
[2021-10-29 00:23:46,606] {logging_mixin.py:109} INFO - [2021-10-29 00:23:46,605] {dag.py:2389} INFO - Sync 1 DAGs
[2021-10-29 00:23:46,687] {logging_mixin.py:109} INFO - [2021-10-29 00:23:46,687] {dag.py:2914} INFO - Setting next_dagrun for example_bash_operator to 2021-10-28 00:00:00+00:00
[2021-10-29 00:23:46,700] {processor.py:171} INFO - Processing /home/airflow/.local/lib/python3.6/site-packages/airflow/example_dags/example_bash_operator.py took 0.411 seconds
[2021-10-29 00:24:16,912] {processor.py:163} INFO - Started process (PID=776) to work on /home/airflow/.local/lib/python3.6/site-packages/airflow/example_dags/example_bash_operator.py
[2021-10-29 00:24:16,915] {processor.py:620} INFO - Processing file /home/airflow/.local/lib/python3.6/site-packages/airflow/example_dags/example_bash_operator.py for tasks to queue
[2021-10-29 00:24:16,919] {logging_mixin.py:109} INFO - [2021-10-29 00:24:16,919] {dagbag.py:500} INFO - Filling up the DagBag from /home/airflow/.local/lib/python3.6/site-packages/airflow/example_dags/example_bash_operator.py
[2021-10-29 00:24:16,997] {processor.py:632} INFO - DAG(s) dict_keys(['example_bash_operator']) retrieved from /home/airflow/.local/lib/python3.6/site-packages/airflow/example_dags/example_bash_operator.py
[2021-10-29 00:24:17,024] {logging_mixin.py:109} INFO - [2021-10-29 00:24:17,024] {dag.py:2389} INFO - Sync 1 DAGs
[2021-10-29 00:24:17,052] {logging_mixin.py:109} INFO - [2021-10-29 00:24:17,052] {dag.py:2914} INFO - Setting next_dagrun for example_bash_operator to 2021-10-28 00:00:00+00:00
[2021-10-29 00:24:17,076] {processor.py:171} INFO - Processing /home/airflow/.local/lib/python3.6/site-packages/airflow/example_dags/example_bash_operator.py took 0.168 seconds
[2021-10-29 00:24:47,121] {processor.py:163} INFO - Started process (PID=830) to work on /home/airflow/.local/lib/python3.6/site-packages/airflow/example_dags/example_bash_operator.py
[2021-10-29 00:24:47,140] {processor.py:620} INFO - Processing file /home/airflow/.local/lib/python3.6/site-packages/airflow/example_dags/example_bash_operator.py for tasks to queue
[2021-10-29 00:24:47,140] {logging_mixin.py:109} INFO - [2021-10-29 00:24:47,140] {dagbag.py:500} INFO - Filling up the DagBag from /home/airflow/.local/lib/python3.6/site-packages/airflow/example_dags/example_bash_operator.py
[2021-10-29 00:24:47,306] {processor.py:632} INFO - DAG(s) dict_keys(['example_bash_operator']) retrieved from /home/airflow/.local/lib/python3.6/site-packages/airflow/example_dags/example_bash_operator.py
[2021-10-29 00:24:47,434] {logging_mixin.py:109} INFO - [2021-10-29 00:24:47,434] {dag.py:2389} INFO - Sync 1 DAGs
[2021-10-29 00:24:47,517] {logging_mixin.py:109} INFO - [2021-10-29 00:24:47,516] {dag.py:2914} INFO - Setting next_dagrun for example_bash_operator to 2021-10-28 00:00:00+00:00
[2021-10-29 00:24:47,571] {processor.py:171} INFO - Processing /home/airflow/.local/lib/python3.6/site-packages/airflow/example_dags/example_bash_operator.py took 0.453 seconds
[2021-10-29 00:25:17,728] {processor.py:163} INFO - Started process (PID=883) to work on /home/airflow/.local/lib/python3.6/site-packages/airflow/example_dags/example_bash_operator.py
[2021-10-29 00:25:17,772] {processor.py:620} INFO - Processing file /home/airflow/.local/lib/python3.6/site-packages/airflow/example_dags/example_bash_operator.py for tasks to queue
[2021-10-29 00:25:17,774] {logging_mixin.py:109} INFO - [2021-10-29 00:25:17,774] {dagbag.py:500} INFO - Filling up the DagBag from /home/airflow/.local/lib/python3.6/site-packages/airflow/example_dags/example_bash_operator.py
[2021-10-29 00:25:17,925] {processor.py:632} INFO - DAG(s) dict_keys(['example_bash_operator']) retrieved from /home/airflow/.local/lib/python3.6/site-packages/airflow/example_dags/example_bash_operator.py
[2021-10-29 00:25:17,941] {logging_mixin.py:109} INFO - [2021-10-29 00:25:17,941] {dag.py:2389} INFO - Sync 1 DAGs
[2021-10-29 00:25:18,055] {logging_mixin.py:109} INFO - [2021-10-29 00:25:18,055] {dag.py:2914} INFO - Setting next_dagrun for example_bash_operator to 2021-10-28 00:00:00+00:00
[2021-10-29 00:25:18,149] {processor.py:171} INFO - Processing /home/airflow/.local/lib/python3.6/site-packages/airflow/example_dags/example_bash_operator.py took 0.424 seconds
[2021-10-29 00:25:48,901] {processor.py:163} INFO - Started process (PID=947) to work on /home/airflow/.local/lib/python3.6/site-packages/airflow/example_dags/example_bash_operator.py
[2021-10-29 00:25:49,020] {processor.py:620} INFO - Processing file /home/airflow/.local/lib/python3.6/site-packages/airflow/example_dags/example_bash_operator.py for tasks to queue
[2021-10-29 00:25:49,031] {logging_mixin.py:109} INFO - [2021-10-29 00:25:49,031] {dagbag.py:500} INFO - Filling up the DagBag from /home/airflow/.local/lib/python3.6/site-packages/airflow/example_dags/example_bash_operator.py
[2021-10-29 00:25:49,389] {processor.py:632} INFO - DAG(s) dict_keys(['example_bash_operator']) retrieved from /home/airflow/.local/lib/python3.6/site-packages/airflow/example_dags/example_bash_operator.py
[2021-10-29 00:25:49,453] {logging_mixin.py:109} INFO - [2021-10-29 00:25:49,453] {dag.py:2389} INFO - Sync 1 DAGs
[2021-10-29 00:25:49,659] {logging_mixin.py:109} INFO - [2021-10-29 00:25:49,659] {dag.py:2914} INFO - Setting next_dagrun for example_bash_operator to 2021-10-28 00:00:00+00:00
[2021-10-29 00:25:49,828] {processor.py:171} INFO - Processing /home/airflow/.local/lib/python3.6/site-packages/airflow/example_dags/example_bash_operator.py took 0.930 seconds
[2021-10-29 00:26:19,950] {processor.py:163} INFO - Started process (PID=991) to work on /home/airflow/.local/lib/python3.6/site-packages/airflow/example_dags/example_bash_operator.py
[2021-10-29 00:26:19,989] {processor.py:620} INFO - Processing file /home/airflow/.local/lib/python3.6/site-packages/airflow/example_dags/example_bash_operator.py for tasks to queue
[2021-10-29 00:26:19,997] {logging_mixin.py:109} INFO - [2021-10-29 00:26:19,997] {dagbag.py:500} INFO - Filling up the DagBag from /home/airflow/.local/lib/python3.6/site-packages/airflow/example_dags/example_bash_operator.py
[2021-10-29 00:26:20,266] {processor.py:632} INFO - DAG(s) dict_keys(['example_bash_operator']) retrieved from /home/airflow/.local/lib/python3.6/site-packages/airflow/example_dags/example_bash_operator.py
[2021-10-29 00:26:20,325] {logging_mixin.py:109} INFO - [2021-10-29 00:26:20,325] {dag.py:2389} INFO - Sync 1 DAGs
[2021-10-29 00:26:20,424] {logging_mixin.py:109} INFO - [2021-10-29 00:26:20,424] {dag.py:2914} INFO - Setting next_dagrun for example_bash_operator to 2021-10-28 00:00:00+00:00
[2021-10-29 00:26:20,507] {processor.py:171} INFO - Processing /home/airflow/.local/lib/python3.6/site-packages/airflow/example_dags/example_bash_operator.py took 0.559 seconds
[2021-10-29 00:26:50,561] {processor.py:163} INFO - Started process (PID=1045) to work on /home/airflow/.local/lib/python3.6/site-packages/airflow/example_dags/example_bash_operator.py
[2021-10-29 00:26:50,564] {processor.py:620} INFO - Processing file /home/airflow/.local/lib/python3.6/site-packages/airflow/example_dags/example_bash_operator.py for tasks to queue
[2021-10-29 00:26:50,566] {logging_mixin.py:109} INFO - [2021-10-29 00:26:50,566] {dagbag.py:500} INFO - Filling up the DagBag from /home/airflow/.local/lib/python3.6/site-packages/airflow/example_dags/example_bash_operator.py
[2021-10-29 00:26:50,633] {processor.py:632} INFO - DAG(s) dict_keys(['example_bash_operator']) retrieved from /home/airflow/.local/lib/python3.6/site-packages/airflow/example_dags/example_bash_operator.py
[2021-10-29 00:26:50,654] {logging_mixin.py:109} INFO - [2021-10-29 00:26:50,654] {dag.py:2389} INFO - Sync 1 DAGs
[2021-10-29 00:26:50,681] {logging_mixin.py:109} INFO - [2021-10-29 00:26:50,681] {dag.py:2914} INFO - Setting next_dagrun for example_bash_operator to 2021-10-28 00:00:00+00:00
[2021-10-29 00:26:50,726] {processor.py:171} INFO - Processing /home/airflow/.local/lib/python3.6/site-packages/airflow/example_dags/example_bash_operator.py took 0.174 seconds
[2021-10-29 00:27:20,901] {processor.py:163} INFO - Started process (PID=1098) to work on /home/airflow/.local/lib/python3.6/site-packages/airflow/example_dags/example_bash_operator.py
[2021-10-29 00:27:20,904] {processor.py:620} INFO - Processing file /home/airflow/.local/lib/python3.6/site-packages/airflow/example_dags/example_bash_operator.py for tasks to queue
[2021-10-29 00:27:20,905] {logging_mixin.py:109} INFO - [2021-10-29 00:27:20,905] {dagbag.py:500} INFO - Filling up the DagBag from /home/airflow/.local/lib/python3.6/site-packages/airflow/example_dags/example_bash_operator.py
[2021-10-29 00:27:21,067] {processor.py:632} INFO - DAG(s) dict_keys(['example_bash_operator']) retrieved from /home/airflow/.local/lib/python3.6/site-packages/airflow/example_dags/example_bash_operator.py
[2021-10-29 00:27:21,091] {logging_mixin.py:109} INFO - [2021-10-29 00:27:21,091] {dag.py:2389} INFO - Sync 1 DAGs
[2021-10-29 00:27:21,117] {logging_mixin.py:109} INFO - [2021-10-29 00:27:21,117] {dag.py:2914} INFO - Setting next_dagrun for example_bash_operator to 2021-10-28 00:00:00+00:00
[2021-10-29 00:27:21,139] {processor.py:171} INFO - Processing /home/airflow/.local/lib/python3.6/site-packages/airflow/example_dags/example_bash_operator.py took 0.310 seconds
[2021-10-29 00:27:51,828] {processor.py:163} INFO - Started process (PID=1153) to work on /home/airflow/.local/lib/python3.6/site-packages/airflow/example_dags/example_bash_operator.py
[2021-10-29 00:27:51,883] {processor.py:620} INFO - Processing file /home/airflow/.local/lib/python3.6/site-packages/airflow/example_dags/example_bash_operator.py for tasks to queue
[2021-10-29 00:27:51,884] {logging_mixin.py:109} INFO - [2021-10-29 00:27:51,883] {dagbag.py:500} INFO - Filling up the DagBag from /home/airflow/.local/lib/python3.6/site-packages/airflow/example_dags/example_bash_operator.py
[2021-10-29 00:27:52,103] {processor.py:632} INFO - DAG(s) dict_keys(['example_bash_operator']) retrieved from /home/airflow/.local/lib/python3.6/site-packages/airflow/example_dags/example_bash_operator.py
[2021-10-29 00:27:52,225] {logging_mixin.py:109} INFO - [2021-10-29 00:27:52,225] {dag.py:2389} INFO - Sync 1 DAGs
[2021-10-29 00:27:52,309] {logging_mixin.py:109} INFO - [2021-10-29 00:27:52,309] {dag.py:2914} INFO - Setting next_dagrun for example_bash_operator to 2021-10-28 00:00:00+00:00
[2021-10-29 00:27:52,422] {processor.py:171} INFO - Processing /home/airflow/.local/lib/python3.6/site-packages/airflow/example_dags/example_bash_operator.py took 0.597 seconds
[2021-10-29 00:28:23,075] {processor.py:163} INFO - Started process (PID=1206) to work on /home/airflow/.local/lib/python3.6/site-packages/airflow/example_dags/example_bash_operator.py
[2021-10-29 00:28:23,081] {processor.py:620} INFO - Processing file /home/airflow/.local/lib/python3.6/site-packages/airflow/example_dags/example_bash_operator.py for tasks to queue
[2021-10-29 00:28:23,083] {logging_mixin.py:109} INFO - [2021-10-29 00:28:23,082] {dagbag.py:500} INFO - Filling up the DagBag from /home/airflow/.local/lib/python3.6/site-packages/airflow/example_dags/example_bash_operator.py
[2021-10-29 00:28:23,160] {processor.py:632} INFO - DAG(s) dict_keys(['example_bash_operator']) retrieved from /home/airflow/.local/lib/python3.6/site-packages/airflow/example_dags/example_bash_operator.py
[2021-10-29 00:28:23,179] {logging_mixin.py:109} INFO - [2021-10-29 00:28:23,179] {dag.py:2389} INFO - Sync 1 DAGs
[2021-10-29 00:28:23,211] {logging_mixin.py:109} INFO - [2021-10-29 00:28:23,211] {dag.py:2914} INFO - Setting next_dagrun for example_bash_operator to 2021-10-28 00:00:00+00:00
[2021-10-29 00:28:23,258] {processor.py:171} INFO - Processing /home/airflow/.local/lib/python3.6/site-packages/airflow/example_dags/example_bash_operator.py took 0.186 seconds
[2021-10-29 00:28:53,400] {processor.py:163} INFO - Started process (PID=1259) to work on /home/airflow/.local/lib/python3.6/site-packages/airflow/example_dags/example_bash_operator.py
[2021-10-29 00:28:53,409] {processor.py:620} INFO - Processing file /home/airflow/.local/lib/python3.6/site-packages/airflow/example_dags/example_bash_operator.py for tasks to queue
[2021-10-29 00:28:53,422] {logging_mixin.py:109} INFO - [2021-10-29 00:28:53,422] {dagbag.py:500} INFO - Filling up the DagBag from /home/airflow/.local/lib/python3.6/site-packages/airflow/example_dags/example_bash_operator.py
[2021-10-29 00:28:53,484] {processor.py:632} INFO - DAG(s) dict_keys(['example_bash_operator']) retrieved from /home/airflow/.local/lib/python3.6/site-packages/airflow/example_dags/example_bash_operator.py
[2021-10-29 00:28:53,504] {logging_mixin.py:109} INFO - [2021-10-29 00:28:53,504] {dag.py:2389} INFO - Sync 1 DAGs
[2021-10-29 00:28:53,532] {logging_mixin.py:109} INFO - [2021-10-29 00:28:53,532] {dag.py:2914} INFO - Setting next_dagrun for example_bash_operator to 2021-10-28 00:00:00+00:00
[2021-10-29 00:28:53,559] {processor.py:171} INFO - Processing /home/airflow/.local/lib/python3.6/site-packages/airflow/example_dags/example_bash_operator.py took 0.161 seconds
[2021-10-29 00:29:24,662] {processor.py:163} INFO - Started process (PID=1313) to work on /home/airflow/.local/lib/python3.6/site-packages/airflow/example_dags/example_bash_operator.py
[2021-10-29 00:29:24,670] {processor.py:620} INFO - Processing file /home/airflow/.local/lib/python3.6/site-packages/airflow/example_dags/example_bash_operator.py for tasks to queue
[2021-10-29 00:29:24,672] {logging_mixin.py:109} INFO - [2021-10-29 00:29:24,672] {dagbag.py:500} INFO - Filling up the DagBag from /home/airflow/.local/lib/python3.6/site-packages/airflow/example_dags/example_bash_operator.py
[2021-10-29 00:29:24,774] {processor.py:632} INFO - DAG(s) dict_keys(['example_bash_operator']) retrieved from /home/airflow/.local/lib/python3.6/site-packages/airflow/example_dags/example_bash_operator.py
[2021-10-29 00:29:24,785] {logging_mixin.py:109} INFO - [2021-10-29 00:29:24,784] {dag.py:2389} INFO - Sync 1 DAGs
[2021-10-29 00:29:24,808] {logging_mixin.py:109} INFO - [2021-10-29 00:29:24,808] {dag.py:2914} INFO - Setting next_dagrun for example_bash_operator to 2021-10-28 00:00:00+00:00
[2021-10-29 00:29:24,823] {processor.py:171} INFO - Processing /home/airflow/.local/lib/python3.6/site-packages/airflow/example_dags/example_bash_operator.py took 0.164 seconds
[2021-10-29 00:29:55,707] {processor.py:163} INFO - Started process (PID=1365) to work on /home/airflow/.local/lib/python3.6/site-packages/airflow/example_dags/example_bash_operator.py
[2021-10-29 00:29:55,725] {processor.py:620} INFO - Processing file /home/airflow/.local/lib/python3.6/site-packages/airflow/example_dags/example_bash_operator.py for tasks to queue
[2021-10-29 00:29:55,727] {logging_mixin.py:109} INFO - [2021-10-29 00:29:55,727] {dagbag.py:500} INFO - Filling up the DagBag from /home/airflow/.local/lib/python3.6/site-packages/airflow/example_dags/example_bash_operator.py
[2021-10-29 00:29:55,802] {processor.py:632} INFO - DAG(s) dict_keys(['example_bash_operator']) retrieved from /home/airflow/.local/lib/python3.6/site-packages/airflow/example_dags/example_bash_operator.py
[2021-10-29 00:29:55,821] {logging_mixin.py:109} INFO - [2021-10-29 00:29:55,821] {dag.py:2389} INFO - Sync 1 DAGs
[2021-10-29 00:29:55,841] {logging_mixin.py:109} INFO - [2021-10-29 00:29:55,841] {dag.py:2914} INFO - Setting next_dagrun for example_bash_operator to 2021-10-28 00:00:00+00:00
[2021-10-29 00:29:55,865] {processor.py:171} INFO - Processing /home/airflow/.local/lib/python3.6/site-packages/airflow/example_dags/example_bash_operator.py took 0.161 seconds
[2021-10-29 00:30:26,352] {processor.py:163} INFO - Started process (PID=1418) to work on /home/airflow/.local/lib/python3.6/site-packages/airflow/example_dags/example_bash_operator.py
[2021-10-29 00:30:26,362] {processor.py:620} INFO - Processing file /home/airflow/.local/lib/python3.6/site-packages/airflow/example_dags/example_bash_operator.py for tasks to queue
[2021-10-29 00:30:26,364] {logging_mixin.py:109} INFO - [2021-10-29 00:30:26,364] {dagbag.py:500} INFO - Filling up the DagBag from /home/airflow/.local/lib/python3.6/site-packages/airflow/example_dags/example_bash_operator.py
[2021-10-29 00:30:26,434] {processor.py:632} INFO - DAG(s) dict_keys(['example_bash_operator']) retrieved from /home/airflow/.local/lib/python3.6/site-packages/airflow/example_dags/example_bash_operator.py
[2021-10-29 00:30:26,459] {logging_mixin.py:109} INFO - [2021-10-29 00:30:26,459] {dag.py:2389} INFO - Sync 1 DAGs
[2021-10-29 00:30:26,492] {logging_mixin.py:109} INFO - [2021-10-29 00:30:26,492] {dag.py:2914} INFO - Setting next_dagrun for example_bash_operator to 2021-10-28 00:00:00+00:00
[2021-10-29 00:30:26,512] {processor.py:171} INFO - Processing /home/airflow/.local/lib/python3.6/site-packages/airflow/example_dags/example_bash_operator.py took 0.162 seconds
[2021-10-29 00:30:56,564] {processor.py:163} INFO - Started process (PID=1464) to work on /home/airflow/.local/lib/python3.6/site-packages/airflow/example_dags/example_bash_operator.py
[2021-10-29 00:30:56,567] {processor.py:620} INFO - Processing file /home/airflow/.local/lib/python3.6/site-packages/airflow/example_dags/example_bash_operator.py for tasks to queue
[2021-10-29 00:30:56,575] {logging_mixin.py:109} INFO - [2021-10-29 00:30:56,575] {dagbag.py:500} INFO - Filling up the DagBag from /home/airflow/.local/lib/python3.6/site-packages/airflow/example_dags/example_bash_operator.py
[2021-10-29 00:30:56,653] {processor.py:632} INFO - DAG(s) dict_keys(['example_bash_operator']) retrieved from /home/airflow/.local/lib/python3.6/site-packages/airflow/example_dags/example_bash_operator.py
[2021-10-29 00:30:56,697] {logging_mixin.py:109} INFO - [2021-10-29 00:30:56,697] {dag.py:2389} INFO - Sync 1 DAGs
[2021-10-29 00:30:56,796] {logging_mixin.py:109} INFO - [2021-10-29 00:30:56,796] {dag.py:2914} INFO - Setting next_dagrun for example_bash_operator to 2021-10-28 00:00:00+00:00
[2021-10-29 00:30:56,828] {processor.py:171} INFO - Processing /home/airflow/.local/lib/python3.6/site-packages/airflow/example_dags/example_bash_operator.py took 0.268 seconds
[2021-10-29 00:31:26,868] {processor.py:163} INFO - Started process (PID=1517) to work on /home/airflow/.local/lib/python3.6/site-packages/airflow/example_dags/example_bash_operator.py
[2021-10-29 00:31:26,870] {processor.py:620} INFO - Processing file /home/airflow/.local/lib/python3.6/site-packages/airflow/example_dags/example_bash_operator.py for tasks to queue
[2021-10-29 00:31:26,872] {logging_mixin.py:109} INFO - [2021-10-29 00:31:26,872] {dagbag.py:500} INFO - Filling up the DagBag from /home/airflow/.local/lib/python3.6/site-packages/airflow/example_dags/example_bash_operator.py
[2021-10-29 00:31:26,905] {processor.py:632} INFO - DAG(s) dict_keys(['example_bash_operator']) retrieved from /home/airflow/.local/lib/python3.6/site-packages/airflow/example_dags/example_bash_operator.py
[2021-10-29 00:31:26,917] {logging_mixin.py:109} INFO - [2021-10-29 00:31:26,917] {dag.py:2389} INFO - Sync 1 DAGs
[2021-10-29 00:31:26,933] {logging_mixin.py:109} INFO - [2021-10-29 00:31:26,933] {dag.py:2914} INFO - Setting next_dagrun for example_bash_operator to 2021-10-28 00:00:00+00:00
[2021-10-29 00:31:26,943] {processor.py:171} INFO - Processing /home/airflow/.local/lib/python3.6/site-packages/airflow/example_dags/example_bash_operator.py took 0.078 seconds
[2021-10-29 00:31:57,325] {processor.py:163} INFO - Started process (PID=1570) to work on /home/airflow/.local/lib/python3.6/site-packages/airflow/example_dags/example_bash_operator.py
[2021-10-29 00:31:57,395] {processor.py:620} INFO - Processing file /home/airflow/.local/lib/python3.6/site-packages/airflow/example_dags/example_bash_operator.py for tasks to queue
[2021-10-29 00:31:57,426] {logging_mixin.py:109} INFO - [2021-10-29 00:31:57,426] {dagbag.py:500} INFO - Filling up the DagBag from /home/airflow/.local/lib/python3.6/site-packages/airflow/example_dags/example_bash_operator.py
[2021-10-29 00:31:57,692] {processor.py:632} INFO - DAG(s) dict_keys(['example_bash_operator']) retrieved from /home/airflow/.local/lib/python3.6/site-packages/airflow/example_dags/example_bash_operator.py
[2021-10-29 00:31:57,714] {logging_mixin.py:109} INFO - [2021-10-29 00:31:57,714] {dag.py:2389} INFO - Sync 1 DAGs
[2021-10-29 00:31:57,835] {logging_mixin.py:109} INFO - [2021-10-29 00:31:57,835] {dag.py:2914} INFO - Setting next_dagrun for example_bash_operator to 2021-10-28 00:00:00+00:00
[2021-10-29 00:31:57,900] {processor.py:171} INFO - Processing /home/airflow/.local/lib/python3.6/site-packages/airflow/example_dags/example_bash_operator.py took 0.577 seconds
[2021-10-29 00:32:27,985] {processor.py:163} INFO - Started process (PID=1615) to work on /home/airflow/.local/lib/python3.6/site-packages/airflow/example_dags/example_bash_operator.py
[2021-10-29 00:32:28,012] {processor.py:620} INFO - Processing file /home/airflow/.local/lib/python3.6/site-packages/airflow/example_dags/example_bash_operator.py for tasks to queue
[2021-10-29 00:32:28,013] {logging_mixin.py:109} INFO - [2021-10-29 00:32:28,013] {dagbag.py:500} INFO - Filling up the DagBag from /home/airflow/.local/lib/python3.6/site-packages/airflow/example_dags/example_bash_operator.py
[2021-10-29 00:32:28,182] {processor.py:632} INFO - DAG(s) dict_keys(['example_bash_operator']) retrieved from /home/airflow/.local/lib/python3.6/site-packages/airflow/example_dags/example_bash_operator.py
[2021-10-29 00:32:28,204] {logging_mixin.py:109} INFO - [2021-10-29 00:32:28,203] {dag.py:2389} INFO - Sync 1 DAGs
[2021-10-29 00:32:28,243] {logging_mixin.py:109} INFO - [2021-10-29 00:32:28,243] {dag.py:2914} INFO - Setting next_dagrun for example_bash_operator to 2021-10-28 00:00:00+00:00
[2021-10-29 00:32:28,380] {processor.py:171} INFO - Processing /home/airflow/.local/lib/python3.6/site-packages/airflow/example_dags/example_bash_operator.py took 0.397 seconds
[2021-10-29 00:32:58,577] {processor.py:163} INFO - Started process (PID=1668) to work on /home/airflow/.local/lib/python3.6/site-packages/airflow/example_dags/example_bash_operator.py
[2021-10-29 00:32:58,584] {processor.py:620} INFO - Processing file /home/airflow/.local/lib/python3.6/site-packages/airflow/example_dags/example_bash_operator.py for tasks to queue
[2021-10-29 00:32:58,585] {logging_mixin.py:109} INFO - [2021-10-29 00:32:58,585] {dagbag.py:500} INFO - Filling up the DagBag from /home/airflow/.local/lib/python3.6/site-packages/airflow/example_dags/example_bash_operator.py
[2021-10-29 00:32:58,802] {processor.py:632} INFO - DAG(s) dict_keys(['example_bash_operator']) retrieved from /home/airflow/.local/lib/python3.6/site-packages/airflow/example_dags/example_bash_operator.py
[2021-10-29 00:32:58,844] {logging_mixin.py:109} INFO - [2021-10-29 00:32:58,844] {dag.py:2389} INFO - Sync 1 DAGs
[2021-10-29 00:32:58,911] {logging_mixin.py:109} INFO - [2021-10-29 00:32:58,911] {dag.py:2914} INFO - Setting next_dagrun for example_bash_operator to 2021-10-28 00:00:00+00:00
[2021-10-29 00:32:58,965] {processor.py:171} INFO - Processing /home/airflow/.local/lib/python3.6/site-packages/airflow/example_dags/example_bash_operator.py took 0.391 seconds
[2021-10-29 00:33:31,609] {processor.py:163} INFO - Started process (PID=1722) to work on /home/airflow/.local/lib/python3.6/site-packages/airflow/example_dags/example_bash_operator.py
[2021-10-29 00:33:31,614] {processor.py:620} INFO - Processing file /home/airflow/.local/lib/python3.6/site-packages/airflow/example_dags/example_bash_operator.py for tasks to queue
[2021-10-29 00:33:31,619] {logging_mixin.py:109} INFO - [2021-10-29 00:33:31,619] {dagbag.py:500} INFO - Filling up the DagBag from /home/airflow/.local/lib/python3.6/site-packages/airflow/example_dags/example_bash_operator.py
[2021-10-29 00:33:31,749] {processor.py:632} INFO - DAG(s) dict_keys(['example_bash_operator']) retrieved from /home/airflow/.local/lib/python3.6/site-packages/airflow/example_dags/example_bash_operator.py
[2021-10-29 00:33:31,799] {logging_mixin.py:109} INFO - [2021-10-29 00:33:31,799] {dag.py:2389} INFO - Sync 1 DAGs
[2021-10-29 00:33:31,858] {logging_mixin.py:109} INFO - [2021-10-29 00:33:31,858] {dag.py:2914} INFO - Setting next_dagrun for example_bash_operator to 2021-10-28 00:00:00+00:00
[2021-10-29 00:33:31,905] {processor.py:171} INFO - Processing /home/airflow/.local/lib/python3.6/site-packages/airflow/example_dags/example_bash_operator.py took 0.323 seconds
[2021-10-29 00:34:02,184] {processor.py:163} INFO - Started process (PID=1775) to work on /home/airflow/.local/lib/python3.6/site-packages/airflow/example_dags/example_bash_operator.py
[2021-10-29 00:34:02,205] {processor.py:620} INFO - Processing file /home/airflow/.local/lib/python3.6/site-packages/airflow/example_dags/example_bash_operator.py for tasks to queue
[2021-10-29 00:34:02,207] {logging_mixin.py:109} INFO - [2021-10-29 00:34:02,207] {dagbag.py:500} INFO - Filling up the DagBag from /home/airflow/.local/lib/python3.6/site-packages/airflow/example_dags/example_bash_operator.py
[2021-10-29 00:34:02,340] {processor.py:632} INFO - DAG(s) dict_keys(['example_bash_operator']) retrieved from /home/airflow/.local/lib/python3.6/site-packages/airflow/example_dags/example_bash_operator.py
[2021-10-29 00:34:02,421] {logging_mixin.py:109} INFO - [2021-10-29 00:34:02,421] {dag.py:2389} INFO - Sync 1 DAGs
[2021-10-29 00:34:02,507] {logging_mixin.py:109} INFO - [2021-10-29 00:34:02,507] {dag.py:2914} INFO - Setting next_dagrun for example_bash_operator to 2021-10-28 00:00:00+00:00
[2021-10-29 00:34:02,532] {processor.py:171} INFO - Processing /home/airflow/.local/lib/python3.6/site-packages/airflow/example_dags/example_bash_operator.py took 0.352 seconds
[2021-10-29 00:34:33,075] {processor.py:163} INFO - Started process (PID=1829) to work on /home/airflow/.local/lib/python3.6/site-packages/airflow/example_dags/example_bash_operator.py
[2021-10-29 00:34:33,079] {processor.py:620} INFO - Processing file /home/airflow/.local/lib/python3.6/site-packages/airflow/example_dags/example_bash_operator.py for tasks to queue
[2021-10-29 00:34:33,090] {logging_mixin.py:109} INFO - [2021-10-29 00:34:33,090] {dagbag.py:500} INFO - Filling up the DagBag from /home/airflow/.local/lib/python3.6/site-packages/airflow/example_dags/example_bash_operator.py
[2021-10-29 00:34:33,361] {processor.py:632} INFO - DAG(s) dict_keys(['example_bash_operator']) retrieved from /home/airflow/.local/lib/python3.6/site-packages/airflow/example_dags/example_bash_operator.py
[2021-10-29 00:34:33,500] {logging_mixin.py:109} INFO - [2021-10-29 00:34:33,500] {dag.py:2389} INFO - Sync 1 DAGs
[2021-10-29 00:34:33,625] {logging_mixin.py:109} INFO - [2021-10-29 00:34:33,625] {dag.py:2914} INFO - Setting next_dagrun for example_bash_operator to 2021-10-28 00:00:00+00:00
[2021-10-29 00:34:33,682] {processor.py:171} INFO - Processing /home/airflow/.local/lib/python3.6/site-packages/airflow/example_dags/example_bash_operator.py took 0.615 seconds
[2021-10-29 00:35:04,502] {processor.py:163} INFO - Started process (PID=1883) to work on /home/airflow/.local/lib/python3.6/site-packages/airflow/example_dags/example_bash_operator.py
[2021-10-29 00:35:04,513] {processor.py:620} INFO - Processing file /home/airflow/.local/lib/python3.6/site-packages/airflow/example_dags/example_bash_operator.py for tasks to queue
[2021-10-29 00:35:04,514] {logging_mixin.py:109} INFO - [2021-10-29 00:35:04,514] {dagbag.py:500} INFO - Filling up the DagBag from /home/airflow/.local/lib/python3.6/site-packages/airflow/example_dags/example_bash_operator.py
[2021-10-29 00:35:04,593] {processor.py:632} INFO - DAG(s) dict_keys(['example_bash_operator']) retrieved from /home/airflow/.local/lib/python3.6/site-packages/airflow/example_dags/example_bash_operator.py
[2021-10-29 00:35:04,616] {logging_mixin.py:109} INFO - [2021-10-29 00:35:04,616] {dag.py:2389} INFO - Sync 1 DAGs
[2021-10-29 00:35:04,644] {logging_mixin.py:109} INFO - [2021-10-29 00:35:04,644] {dag.py:2914} INFO - Setting next_dagrun for example_bash_operator to 2021-10-28 00:00:00+00:00
[2021-10-29 00:35:04,671] {processor.py:171} INFO - Processing /home/airflow/.local/lib/python3.6/site-packages/airflow/example_dags/example_bash_operator.py took 0.172 seconds
[2021-10-29 00:35:35,085] {processor.py:163} INFO - Started process (PID=1936) to work on /home/airflow/.local/lib/python3.6/site-packages/airflow/example_dags/example_bash_operator.py
[2021-10-29 00:35:35,136] {processor.py:620} INFO - Processing file /home/airflow/.local/lib/python3.6/site-packages/airflow/example_dags/example_bash_operator.py for tasks to queue
[2021-10-29 00:35:35,137] {logging_mixin.py:109} INFO - [2021-10-29 00:35:35,137] {dagbag.py:500} INFO - Filling up the DagBag from /home/airflow/.local/lib/python3.6/site-packages/airflow/example_dags/example_bash_operator.py
[2021-10-29 00:35:35,236] {processor.py:632} INFO - DAG(s) dict_keys(['example_bash_operator']) retrieved from /home/airflow/.local/lib/python3.6/site-packages/airflow/example_dags/example_bash_operator.py
[2021-10-29 00:35:35,306] {logging_mixin.py:109} INFO - [2021-10-29 00:35:35,306] {dag.py:2389} INFO - Sync 1 DAGs
[2021-10-29 00:35:35,383] {logging_mixin.py:109} INFO - [2021-10-29 00:35:35,383] {dag.py:2914} INFO - Setting next_dagrun for example_bash_operator to 2021-10-28 00:00:00+00:00
[2021-10-29 00:35:35,646] {processor.py:171} INFO - Processing /home/airflow/.local/lib/python3.6/site-packages/airflow/example_dags/example_bash_operator.py took 0.564 seconds
[2021-10-29 00:38:32,503] {processor.py:163} INFO - Started process (PID=93) to work on /home/airflow/.local/lib/python3.6/site-packages/airflow/example_dags/example_bash_operator.py
[2021-10-29 00:38:32,543] {processor.py:620} INFO - Processing file /home/airflow/.local/lib/python3.6/site-packages/airflow/example_dags/example_bash_operator.py for tasks to queue
[2021-10-29 00:38:32,573] {logging_mixin.py:109} INFO - [2021-10-29 00:38:32,573] {dagbag.py:500} INFO - Filling up the DagBag from /home/airflow/.local/lib/python3.6/site-packages/airflow/example_dags/example_bash_operator.py
[2021-10-29 00:38:32,831] {processor.py:632} INFO - DAG(s) dict_keys(['example_bash_operator']) retrieved from /home/airflow/.local/lib/python3.6/site-packages/airflow/example_dags/example_bash_operator.py
[2021-10-29 00:38:32,929] {logging_mixin.py:109} INFO - [2021-10-29 00:38:32,929] {dag.py:2389} INFO - Sync 1 DAGs
[2021-10-29 00:38:33,059] {logging_mixin.py:109} INFO - [2021-10-29 00:38:33,059] {dag.py:2914} INFO - Setting next_dagrun for example_bash_operator to 2021-10-28 00:00:00+00:00
[2021-10-29 00:38:33,157] {processor.py:171} INFO - Processing /home/airflow/.local/lib/python3.6/site-packages/airflow/example_dags/example_bash_operator.py took 0.657 seconds
[2021-10-29 00:39:07,894] {processor.py:163} INFO - Started process (PID=144) to work on /home/airflow/.local/lib/python3.6/site-packages/airflow/example_dags/example_bash_operator.py
[2021-10-29 00:39:08,016] {processor.py:620} INFO - Processing file /home/airflow/.local/lib/python3.6/site-packages/airflow/example_dags/example_bash_operator.py for tasks to queue
[2021-10-29 00:39:08,044] {logging_mixin.py:109} INFO - [2021-10-29 00:39:08,044] {dagbag.py:500} INFO - Filling up the DagBag from /home/airflow/.local/lib/python3.6/site-packages/airflow/example_dags/example_bash_operator.py
[2021-10-29 00:39:09,139] {processor.py:632} INFO - DAG(s) dict_keys(['example_bash_operator']) retrieved from /home/airflow/.local/lib/python3.6/site-packages/airflow/example_dags/example_bash_operator.py
[2021-10-29 00:39:09,371] {logging_mixin.py:109} INFO - [2021-10-29 00:39:09,371] {dag.py:2389} INFO - Sync 1 DAGs
[2021-10-29 00:39:09,545] {logging_mixin.py:109} INFO - [2021-10-29 00:39:09,545] {dag.py:2914} INFO - Setting next_dagrun for example_bash_operator to 2021-10-28 00:00:00+00:00
[2021-10-29 00:39:10,149] {processor.py:171} INFO - Processing /home/airflow/.local/lib/python3.6/site-packages/airflow/example_dags/example_bash_operator.py took 2.258 seconds
[2021-10-29 00:39:40,415] {processor.py:163} INFO - Started process (PID=190) to work on /home/airflow/.local/lib/python3.6/site-packages/airflow/example_dags/example_bash_operator.py
[2021-10-29 00:39:40,418] {processor.py:620} INFO - Processing file /home/airflow/.local/lib/python3.6/site-packages/airflow/example_dags/example_bash_operator.py for tasks to queue
[2021-10-29 00:39:40,421] {logging_mixin.py:109} INFO - [2021-10-29 00:39:40,421] {dagbag.py:500} INFO - Filling up the DagBag from /home/airflow/.local/lib/python3.6/site-packages/airflow/example_dags/example_bash_operator.py
[2021-10-29 00:39:40,553] {processor.py:632} INFO - DAG(s) dict_keys(['example_bash_operator']) retrieved from /home/airflow/.local/lib/python3.6/site-packages/airflow/example_dags/example_bash_operator.py
[2021-10-29 00:39:40,638] {logging_mixin.py:109} INFO - [2021-10-29 00:39:40,638] {dag.py:2389} INFO - Sync 1 DAGs
[2021-10-29 00:39:40,682] {logging_mixin.py:109} INFO - [2021-10-29 00:39:40,682] {dag.py:2914} INFO - Setting next_dagrun for example_bash_operator to 2021-10-28 00:00:00+00:00
[2021-10-29 00:39:40,720] {processor.py:171} INFO - Processing /home/airflow/.local/lib/python3.6/site-packages/airflow/example_dags/example_bash_operator.py took 0.309 seconds
[2021-10-29 00:40:16,228] {processor.py:163} INFO - Started process (PID=242) to work on /home/airflow/.local/lib/python3.6/site-packages/airflow/example_dags/example_bash_operator.py
[2021-10-29 00:40:16,232] {processor.py:620} INFO - Processing file /home/airflow/.local/lib/python3.6/site-packages/airflow/example_dags/example_bash_operator.py for tasks to queue
[2021-10-29 00:40:16,232] {logging_mixin.py:109} INFO - [2021-10-29 00:40:16,232] {dagbag.py:500} INFO - Filling up the DagBag from /home/airflow/.local/lib/python3.6/site-packages/airflow/example_dags/example_bash_operator.py
[2021-10-29 00:40:16,438] {processor.py:632} INFO - DAG(s) dict_keys(['example_bash_operator']) retrieved from /home/airflow/.local/lib/python3.6/site-packages/airflow/example_dags/example_bash_operator.py
[2021-10-29 00:40:16,515] {logging_mixin.py:109} INFO - [2021-10-29 00:40:16,515] {dag.py:2389} INFO - Sync 1 DAGs
[2021-10-29 00:40:16,616] {logging_mixin.py:109} INFO - [2021-10-29 00:40:16,616] {dag.py:2914} INFO - Setting next_dagrun for example_bash_operator to 2021-10-28 00:00:00+00:00
[2021-10-29 00:40:16,666] {processor.py:171} INFO - Processing /home/airflow/.local/lib/python3.6/site-packages/airflow/example_dags/example_bash_operator.py took 0.458 seconds
[2021-10-29 00:40:47,333] {processor.py:163} INFO - Started process (PID=296) to work on /home/airflow/.local/lib/python3.6/site-packages/airflow/example_dags/example_bash_operator.py
[2021-10-29 00:40:47,360] {processor.py:620} INFO - Processing file /home/airflow/.local/lib/python3.6/site-packages/airflow/example_dags/example_bash_operator.py for tasks to queue
[2021-10-29 00:40:47,364] {logging_mixin.py:109} INFO - [2021-10-29 00:40:47,364] {dagbag.py:500} INFO - Filling up the DagBag from /home/airflow/.local/lib/python3.6/site-packages/airflow/example_dags/example_bash_operator.py
[2021-10-29 00:40:47,728] {processor.py:632} INFO - DAG(s) dict_keys(['example_bash_operator']) retrieved from /home/airflow/.local/lib/python3.6/site-packages/airflow/example_dags/example_bash_operator.py
[2021-10-29 00:40:47,780] {logging_mixin.py:109} INFO - [2021-10-29 00:40:47,780] {dag.py:2389} INFO - Sync 1 DAGs
[2021-10-29 00:40:47,860] {logging_mixin.py:109} INFO - [2021-10-29 00:40:47,860] {dag.py:2914} INFO - Setting next_dagrun for example_bash_operator to 2021-10-28 00:00:00+00:00
[2021-10-29 00:40:47,952] {processor.py:171} INFO - Processing /home/airflow/.local/lib/python3.6/site-packages/airflow/example_dags/example_bash_operator.py took 0.623 seconds
[2021-10-29 00:41:22,674] {processor.py:163} INFO - Started process (PID=348) to work on /home/airflow/.local/lib/python3.6/site-packages/airflow/example_dags/example_bash_operator.py
[2021-10-29 00:41:22,865] {processor.py:620} INFO - Processing file /home/airflow/.local/lib/python3.6/site-packages/airflow/example_dags/example_bash_operator.py for tasks to queue
[2021-10-29 00:41:22,865] {logging_mixin.py:109} INFO - [2021-10-29 00:41:22,865] {dagbag.py:500} INFO - Filling up the DagBag from /home/airflow/.local/lib/python3.6/site-packages/airflow/example_dags/example_bash_operator.py
[2021-10-29 00:41:23,421] {processor.py:632} INFO - DAG(s) dict_keys(['example_bash_operator']) retrieved from /home/airflow/.local/lib/python3.6/site-packages/airflow/example_dags/example_bash_operator.py
[2021-10-29 00:41:23,602] {logging_mixin.py:109} INFO - [2021-10-29 00:41:23,602] {dag.py:2389} INFO - Sync 1 DAGs
[2021-10-29 00:41:23,807] {logging_mixin.py:109} INFO - [2021-10-29 00:41:23,806] {dag.py:2914} INFO - Setting next_dagrun for example_bash_operator to 2021-10-28 00:00:00+00:00
[2021-10-29 00:41:23,992] {processor.py:171} INFO - Processing /home/airflow/.local/lib/python3.6/site-packages/airflow/example_dags/example_bash_operator.py took 1.440 seconds
[2021-10-29 00:41:54,131] {processor.py:163} INFO - Started process (PID=394) to work on /home/airflow/.local/lib/python3.6/site-packages/airflow/example_dags/example_bash_operator.py
[2021-10-29 00:41:54,135] {processor.py:620} INFO - Processing file /home/airflow/.local/lib/python3.6/site-packages/airflow/example_dags/example_bash_operator.py for tasks to queue
[2021-10-29 00:41:54,137] {logging_mixin.py:109} INFO - [2021-10-29 00:41:54,136] {dagbag.py:500} INFO - Filling up the DagBag from /home/airflow/.local/lib/python3.6/site-packages/airflow/example_dags/example_bash_operator.py
[2021-10-29 00:41:54,170] {processor.py:632} INFO - DAG(s) dict_keys(['example_bash_operator']) retrieved from /home/airflow/.local/lib/python3.6/site-packages/airflow/example_dags/example_bash_operator.py
[2021-10-29 00:41:54,182] {logging_mixin.py:109} INFO - [2021-10-29 00:41:54,182] {dag.py:2389} INFO - Sync 1 DAGs
[2021-10-29 00:41:54,199] {logging_mixin.py:109} INFO - [2021-10-29 00:41:54,199] {dag.py:2914} INFO - Setting next_dagrun for example_bash_operator to 2021-10-28 00:00:00+00:00
[2021-10-29 00:41:54,214] {processor.py:171} INFO - Processing /home/airflow/.local/lib/python3.6/site-packages/airflow/example_dags/example_bash_operator.py took 0.086 seconds
[2021-10-29 00:42:24,342] {processor.py:163} INFO - Started process (PID=448) to work on /home/airflow/.local/lib/python3.6/site-packages/airflow/example_dags/example_bash_operator.py
[2021-10-29 00:42:24,368] {processor.py:620} INFO - Processing file /home/airflow/.local/lib/python3.6/site-packages/airflow/example_dags/example_bash_operator.py for tasks to queue
[2021-10-29 00:42:24,379] {logging_mixin.py:109} INFO - [2021-10-29 00:42:24,379] {dagbag.py:500} INFO - Filling up the DagBag from /home/airflow/.local/lib/python3.6/site-packages/airflow/example_dags/example_bash_operator.py
[2021-10-29 00:42:24,596] {processor.py:632} INFO - DAG(s) dict_keys(['example_bash_operator']) retrieved from /home/airflow/.local/lib/python3.6/site-packages/airflow/example_dags/example_bash_operator.py
[2021-10-29 00:42:24,673] {logging_mixin.py:109} INFO - [2021-10-29 00:42:24,673] {dag.py:2389} INFO - Sync 1 DAGs
[2021-10-29 00:42:24,770] {logging_mixin.py:109} INFO - [2021-10-29 00:42:24,770] {dag.py:2914} INFO - Setting next_dagrun for example_bash_operator to 2021-10-28 00:00:00+00:00
[2021-10-29 00:42:24,817] {processor.py:171} INFO - Processing /home/airflow/.local/lib/python3.6/site-packages/airflow/example_dags/example_bash_operator.py took 0.478 seconds
[2021-10-29 00:42:54,902] {processor.py:163} INFO - Started process (PID=492) to work on /home/airflow/.local/lib/python3.6/site-packages/airflow/example_dags/example_bash_operator.py
[2021-10-29 00:42:54,923] {processor.py:620} INFO - Processing file /home/airflow/.local/lib/python3.6/site-packages/airflow/example_dags/example_bash_operator.py for tasks to queue
[2021-10-29 00:42:54,929] {logging_mixin.py:109} INFO - [2021-10-29 00:42:54,929] {dagbag.py:500} INFO - Filling up the DagBag from /home/airflow/.local/lib/python3.6/site-packages/airflow/example_dags/example_bash_operator.py
[2021-10-29 00:42:55,057] {processor.py:632} INFO - DAG(s) dict_keys(['example_bash_operator']) retrieved from /home/airflow/.local/lib/python3.6/site-packages/airflow/example_dags/example_bash_operator.py
[2021-10-29 00:42:55,100] {logging_mixin.py:109} INFO - [2021-10-29 00:42:55,100] {dag.py:2389} INFO - Sync 1 DAGs
[2021-10-29 00:42:55,146] {logging_mixin.py:109} INFO - [2021-10-29 00:42:55,146] {dag.py:2914} INFO - Setting next_dagrun for example_bash_operator to 2021-10-28 00:00:00+00:00
[2021-10-29 00:42:55,156] {processor.py:171} INFO - Processing /home/airflow/.local/lib/python3.6/site-packages/airflow/example_dags/example_bash_operator.py took 0.258 seconds
[2021-10-29 00:43:27,030] {processor.py:163} INFO - Started process (PID=545) to work on /home/airflow/.local/lib/python3.6/site-packages/airflow/example_dags/example_bash_operator.py
[2021-10-29 00:43:27,045] {processor.py:620} INFO - Processing file /home/airflow/.local/lib/python3.6/site-packages/airflow/example_dags/example_bash_operator.py for tasks to queue
[2021-10-29 00:43:27,046] {logging_mixin.py:109} INFO - [2021-10-29 00:43:27,046] {dagbag.py:500} INFO - Filling up the DagBag from /home/airflow/.local/lib/python3.6/site-packages/airflow/example_dags/example_bash_operator.py
[2021-10-29 00:43:27,160] {processor.py:632} INFO - DAG(s) dict_keys(['example_bash_operator']) retrieved from /home/airflow/.local/lib/python3.6/site-packages/airflow/example_dags/example_bash_operator.py
[2021-10-29 00:43:27,196] {logging_mixin.py:109} INFO - [2021-10-29 00:43:27,196] {dag.py:2389} INFO - Sync 1 DAGs
[2021-10-29 00:43:27,287] {logging_mixin.py:109} INFO - [2021-10-29 00:43:27,287] {dag.py:2914} INFO - Setting next_dagrun for example_bash_operator to 2021-10-28 00:00:00+00:00
[2021-10-29 00:43:27,320] {processor.py:171} INFO - Processing /home/airflow/.local/lib/python3.6/site-packages/airflow/example_dags/example_bash_operator.py took 0.294 seconds
[2021-10-29 00:44:04,474] {processor.py:163} INFO - Started process (PID=599) to work on /home/airflow/.local/lib/python3.6/site-packages/airflow/example_dags/example_bash_operator.py
[2021-10-29 00:44:04,583] {processor.py:620} INFO - Processing file /home/airflow/.local/lib/python3.6/site-packages/airflow/example_dags/example_bash_operator.py for tasks to queue
[2021-10-29 00:44:04,584] {logging_mixin.py:109} INFO - [2021-10-29 00:44:04,584] {dagbag.py:500} INFO - Filling up the DagBag from /home/airflow/.local/lib/python3.6/site-packages/airflow/example_dags/example_bash_operator.py
[2021-10-29 00:44:05,094] {processor.py:632} INFO - DAG(s) dict_keys(['example_bash_operator']) retrieved from /home/airflow/.local/lib/python3.6/site-packages/airflow/example_dags/example_bash_operator.py
[2021-10-29 00:44:05,211] {logging_mixin.py:109} INFO - [2021-10-29 00:44:05,211] {dag.py:2389} INFO - Sync 1 DAGs
[2021-10-29 00:44:05,403] {logging_mixin.py:109} INFO - [2021-10-29 00:44:05,403] {dag.py:2914} INFO - Setting next_dagrun for example_bash_operator to 2021-10-28 00:00:00+00:00
[2021-10-29 00:44:05,803] {processor.py:171} INFO - Processing /home/airflow/.local/lib/python3.6/site-packages/airflow/example_dags/example_bash_operator.py took 1.332 seconds
[2021-10-29 00:44:36,020] {processor.py:163} INFO - Started process (PID=653) to work on /home/airflow/.local/lib/python3.6/site-packages/airflow/example_dags/example_bash_operator.py
[2021-10-29 00:44:36,023] {processor.py:620} INFO - Processing file /home/airflow/.local/lib/python3.6/site-packages/airflow/example_dags/example_bash_operator.py for tasks to queue
[2021-10-29 00:44:36,025] {logging_mixin.py:109} INFO - [2021-10-29 00:44:36,025] {dagbag.py:500} INFO - Filling up the DagBag from /home/airflow/.local/lib/python3.6/site-packages/airflow/example_dags/example_bash_operator.py
[2021-10-29 00:44:36,148] {processor.py:632} INFO - DAG(s) dict_keys(['example_bash_operator']) retrieved from /home/airflow/.local/lib/python3.6/site-packages/airflow/example_dags/example_bash_operator.py
[2021-10-29 00:44:36,196] {logging_mixin.py:109} INFO - [2021-10-29 00:44:36,196] {dag.py:2389} INFO - Sync 1 DAGs
[2021-10-29 00:44:36,252] {logging_mixin.py:109} INFO - [2021-10-29 00:44:36,252] {dag.py:2914} INFO - Setting next_dagrun for example_bash_operator to 2021-10-28 00:00:00+00:00
[2021-10-29 00:44:36,311] {processor.py:171} INFO - Processing /home/airflow/.local/lib/python3.6/site-packages/airflow/example_dags/example_bash_operator.py took 0.328 seconds
[2021-10-29 00:45:06,954] {processor.py:163} INFO - Started process (PID=702) to work on /home/airflow/.local/lib/python3.6/site-packages/airflow/example_dags/example_bash_operator.py
[2021-10-29 00:45:06,992] {processor.py:620} INFO - Processing file /home/airflow/.local/lib/python3.6/site-packages/airflow/example_dags/example_bash_operator.py for tasks to queue
[2021-10-29 00:45:06,997] {logging_mixin.py:109} INFO - [2021-10-29 00:45:06,997] {dagbag.py:500} INFO - Filling up the DagBag from /home/airflow/.local/lib/python3.6/site-packages/airflow/example_dags/example_bash_operator.py
[2021-10-29 00:45:07,159] {processor.py:632} INFO - DAG(s) dict_keys(['example_bash_operator']) retrieved from /home/airflow/.local/lib/python3.6/site-packages/airflow/example_dags/example_bash_operator.py
[2021-10-29 00:45:07,268] {logging_mixin.py:109} INFO - [2021-10-29 00:45:07,268] {dag.py:2389} INFO - Sync 1 DAGs
[2021-10-29 00:45:07,302] {logging_mixin.py:109} INFO - [2021-10-29 00:45:07,302] {dag.py:2914} INFO - Setting next_dagrun for example_bash_operator to 2021-10-28 00:00:00+00:00
[2021-10-29 00:45:07,370] {processor.py:171} INFO - Processing /home/airflow/.local/lib/python3.6/site-packages/airflow/example_dags/example_bash_operator.py took 0.420 seconds
[2021-10-29 00:45:37,770] {processor.py:163} INFO - Started process (PID=758) to work on /home/airflow/.local/lib/python3.6/site-packages/airflow/example_dags/example_bash_operator.py
[2021-10-29 00:45:37,778] {processor.py:620} INFO - Processing file /home/airflow/.local/lib/python3.6/site-packages/airflow/example_dags/example_bash_operator.py for tasks to queue
[2021-10-29 00:45:37,790] {logging_mixin.py:109} INFO - [2021-10-29 00:45:37,790] {dagbag.py:500} INFO - Filling up the DagBag from /home/airflow/.local/lib/python3.6/site-packages/airflow/example_dags/example_bash_operator.py
[2021-10-29 00:45:37,882] {processor.py:632} INFO - DAG(s) dict_keys(['example_bash_operator']) retrieved from /home/airflow/.local/lib/python3.6/site-packages/airflow/example_dags/example_bash_operator.py
[2021-10-29 00:45:37,919] {logging_mixin.py:109} INFO - [2021-10-29 00:45:37,919] {dag.py:2389} INFO - Sync 1 DAGs
[2021-10-29 00:45:37,947] {logging_mixin.py:109} INFO - [2021-10-29 00:45:37,946] {dag.py:2914} INFO - Setting next_dagrun for example_bash_operator to 2021-10-28 00:00:00+00:00
[2021-10-29 00:45:37,978] {processor.py:171} INFO - Processing /home/airflow/.local/lib/python3.6/site-packages/airflow/example_dags/example_bash_operator.py took 0.211 seconds
[2021-10-29 00:46:08,551] {processor.py:163} INFO - Started process (PID=810) to work on /home/airflow/.local/lib/python3.6/site-packages/airflow/example_dags/example_bash_operator.py
[2021-10-29 00:46:08,593] {processor.py:620} INFO - Processing file /home/airflow/.local/lib/python3.6/site-packages/airflow/example_dags/example_bash_operator.py for tasks to queue
[2021-10-29 00:46:08,595] {logging_mixin.py:109} INFO - [2021-10-29 00:46:08,595] {dagbag.py:500} INFO - Filling up the DagBag from /home/airflow/.local/lib/python3.6/site-packages/airflow/example_dags/example_bash_operator.py
[2021-10-29 00:46:08,729] {processor.py:632} INFO - DAG(s) dict_keys(['example_bash_operator']) retrieved from /home/airflow/.local/lib/python3.6/site-packages/airflow/example_dags/example_bash_operator.py
[2021-10-29 00:46:08,770] {logging_mixin.py:109} INFO - [2021-10-29 00:46:08,770] {dag.py:2389} INFO - Sync 1 DAGs
[2021-10-29 00:46:08,829] {logging_mixin.py:109} INFO - [2021-10-29 00:46:08,829] {dag.py:2914} INFO - Setting next_dagrun for example_bash_operator to 2021-10-28 00:00:00+00:00
[2021-10-29 00:46:08,872] {processor.py:171} INFO - Processing /home/airflow/.local/lib/python3.6/site-packages/airflow/example_dags/example_bash_operator.py took 0.324 seconds
[2021-10-29 00:46:39,168] {processor.py:163} INFO - Started process (PID=864) to work on /home/airflow/.local/lib/python3.6/site-packages/airflow/example_dags/example_bash_operator.py
[2021-10-29 00:46:39,176] {processor.py:620} INFO - Processing file /home/airflow/.local/lib/python3.6/site-packages/airflow/example_dags/example_bash_operator.py for tasks to queue
[2021-10-29 00:46:39,178] {logging_mixin.py:109} INFO - [2021-10-29 00:46:39,178] {dagbag.py:500} INFO - Filling up the DagBag from /home/airflow/.local/lib/python3.6/site-packages/airflow/example_dags/example_bash_operator.py
[2021-10-29 00:46:39,279] {processor.py:632} INFO - DAG(s) dict_keys(['example_bash_operator']) retrieved from /home/airflow/.local/lib/python3.6/site-packages/airflow/example_dags/example_bash_operator.py
[2021-10-29 00:46:39,302] {logging_mixin.py:109} INFO - [2021-10-29 00:46:39,302] {dag.py:2389} INFO - Sync 1 DAGs
[2021-10-29 00:46:39,357] {logging_mixin.py:109} INFO - [2021-10-29 00:46:39,357] {dag.py:2914} INFO - Setting next_dagrun for example_bash_operator to 2021-10-28 00:00:00+00:00
[2021-10-29 00:46:39,390] {processor.py:171} INFO - Processing /home/airflow/.local/lib/python3.6/site-packages/airflow/example_dags/example_bash_operator.py took 0.225 seconds
[2021-10-29 00:47:10,741] {processor.py:163} INFO - Started process (PID=917) to work on /home/airflow/.local/lib/python3.6/site-packages/airflow/example_dags/example_bash_operator.py
[2021-10-29 00:47:10,745] {processor.py:620} INFO - Processing file /home/airflow/.local/lib/python3.6/site-packages/airflow/example_dags/example_bash_operator.py for tasks to queue
[2021-10-29 00:47:10,756] {logging_mixin.py:109} INFO - [2021-10-29 00:47:10,756] {dagbag.py:500} INFO - Filling up the DagBag from /home/airflow/.local/lib/python3.6/site-packages/airflow/example_dags/example_bash_operator.py
[2021-10-29 00:47:10,875] {processor.py:632} INFO - DAG(s) dict_keys(['example_bash_operator']) retrieved from /home/airflow/.local/lib/python3.6/site-packages/airflow/example_dags/example_bash_operator.py
[2021-10-29 00:47:10,919] {logging_mixin.py:109} INFO - [2021-10-29 00:47:10,919] {dag.py:2389} INFO - Sync 1 DAGs
[2021-10-29 00:47:10,962] {logging_mixin.py:109} INFO - [2021-10-29 00:47:10,961] {dag.py:2914} INFO - Setting next_dagrun for example_bash_operator to 2021-10-28 00:00:00+00:00
[2021-10-29 00:47:11,012] {processor.py:171} INFO - Processing /home/airflow/.local/lib/python3.6/site-packages/airflow/example_dags/example_bash_operator.py took 0.275 seconds
[2021-10-29 00:47:41,634] {processor.py:163} INFO - Started process (PID=970) to work on /home/airflow/.local/lib/python3.6/site-packages/airflow/example_dags/example_bash_operator.py
[2021-10-29 00:47:41,638] {processor.py:620} INFO - Processing file /home/airflow/.local/lib/python3.6/site-packages/airflow/example_dags/example_bash_operator.py for tasks to queue
[2021-10-29 00:47:41,642] {logging_mixin.py:109} INFO - [2021-10-29 00:47:41,642] {dagbag.py:500} INFO - Filling up the DagBag from /home/airflow/.local/lib/python3.6/site-packages/airflow/example_dags/example_bash_operator.py
[2021-10-29 00:47:41,766] {processor.py:632} INFO - DAG(s) dict_keys(['example_bash_operator']) retrieved from /home/airflow/.local/lib/python3.6/site-packages/airflow/example_dags/example_bash_operator.py
[2021-10-29 00:47:41,808] {logging_mixin.py:109} INFO - [2021-10-29 00:47:41,808] {dag.py:2389} INFO - Sync 1 DAGs
[2021-10-29 00:47:41,880] {logging_mixin.py:109} INFO - [2021-10-29 00:47:41,880] {dag.py:2914} INFO - Setting next_dagrun for example_bash_operator to 2021-10-28 00:00:00+00:00
[2021-10-29 00:47:41,935] {processor.py:171} INFO - Processing /home/airflow/.local/lib/python3.6/site-packages/airflow/example_dags/example_bash_operator.py took 0.304 seconds
[2021-10-29 00:48:12,271] {processor.py:163} INFO - Started process (PID=1015) to work on /home/airflow/.local/lib/python3.6/site-packages/airflow/example_dags/example_bash_operator.py
[2021-10-29 00:48:12,284] {processor.py:620} INFO - Processing file /home/airflow/.local/lib/python3.6/site-packages/airflow/example_dags/example_bash_operator.py for tasks to queue
[2021-10-29 00:48:12,285] {logging_mixin.py:109} INFO - [2021-10-29 00:48:12,285] {dagbag.py:500} INFO - Filling up the DagBag from /home/airflow/.local/lib/python3.6/site-packages/airflow/example_dags/example_bash_operator.py
[2021-10-29 00:48:12,402] {processor.py:632} INFO - DAG(s) dict_keys(['example_bash_operator']) retrieved from /home/airflow/.local/lib/python3.6/site-packages/airflow/example_dags/example_bash_operator.py
[2021-10-29 00:48:12,461] {logging_mixin.py:109} INFO - [2021-10-29 00:48:12,460] {dag.py:2389} INFO - Sync 1 DAGs
[2021-10-29 00:48:12,524] {logging_mixin.py:109} INFO - [2021-10-29 00:48:12,524] {dag.py:2914} INFO - Setting next_dagrun for example_bash_operator to 2021-10-28 00:00:00+00:00
[2021-10-29 00:48:12,566] {processor.py:171} INFO - Processing /home/airflow/.local/lib/python3.6/site-packages/airflow/example_dags/example_bash_operator.py took 0.331 seconds
[2021-10-29 00:48:43,469] {processor.py:163} INFO - Started process (PID=1071) to work on /home/airflow/.local/lib/python3.6/site-packages/airflow/example_dags/example_bash_operator.py
[2021-10-29 00:48:43,478] {processor.py:620} INFO - Processing file /home/airflow/.local/lib/python3.6/site-packages/airflow/example_dags/example_bash_operator.py for tasks to queue
[2021-10-29 00:48:43,488] {logging_mixin.py:109} INFO - [2021-10-29 00:48:43,487] {dagbag.py:500} INFO - Filling up the DagBag from /home/airflow/.local/lib/python3.6/site-packages/airflow/example_dags/example_bash_operator.py
[2021-10-29 00:48:43,672] {processor.py:632} INFO - DAG(s) dict_keys(['example_bash_operator']) retrieved from /home/airflow/.local/lib/python3.6/site-packages/airflow/example_dags/example_bash_operator.py
[2021-10-29 00:48:43,716] {logging_mixin.py:109} INFO - [2021-10-29 00:48:43,716] {dag.py:2389} INFO - Sync 1 DAGs
[2021-10-29 00:48:43,747] {logging_mixin.py:109} INFO - [2021-10-29 00:48:43,747] {dag.py:2914} INFO - Setting next_dagrun for example_bash_operator to 2021-10-28 00:00:00+00:00
[2021-10-29 00:48:43,812] {processor.py:171} INFO - Processing /home/airflow/.local/lib/python3.6/site-packages/airflow/example_dags/example_bash_operator.py took 0.346 seconds
[2021-10-29 00:49:14,077] {processor.py:163} INFO - Started process (PID=1125) to work on /home/airflow/.local/lib/python3.6/site-packages/airflow/example_dags/example_bash_operator.py
[2021-10-29 00:49:14,118] {processor.py:620} INFO - Processing file /home/airflow/.local/lib/python3.6/site-packages/airflow/example_dags/example_bash_operator.py for tasks to queue
[2021-10-29 00:49:14,119] {logging_mixin.py:109} INFO - [2021-10-29 00:49:14,119] {dagbag.py:500} INFO - Filling up the DagBag from /home/airflow/.local/lib/python3.6/site-packages/airflow/example_dags/example_bash_operator.py
[2021-10-29 00:49:14,244] {processor.py:632} INFO - DAG(s) dict_keys(['example_bash_operator']) retrieved from /home/airflow/.local/lib/python3.6/site-packages/airflow/example_dags/example_bash_operator.py
[2021-10-29 00:49:14,271] {logging_mixin.py:109} INFO - [2021-10-29 00:49:14,270] {dag.py:2389} INFO - Sync 1 DAGs
[2021-10-29 00:49:14,301] {logging_mixin.py:109} INFO - [2021-10-29 00:49:14,301] {dag.py:2914} INFO - Setting next_dagrun for example_bash_operator to 2021-10-28 00:00:00+00:00
[2021-10-29 00:49:14,347] {processor.py:171} INFO - Processing /home/airflow/.local/lib/python3.6/site-packages/airflow/example_dags/example_bash_operator.py took 0.273 seconds
[2021-10-29 00:49:45,042] {processor.py:163} INFO - Started process (PID=1179) to work on /home/airflow/.local/lib/python3.6/site-packages/airflow/example_dags/example_bash_operator.py
[2021-10-29 00:49:45,054] {processor.py:620} INFO - Processing file /home/airflow/.local/lib/python3.6/site-packages/airflow/example_dags/example_bash_operator.py for tasks to queue
[2021-10-29 00:49:45,057] {logging_mixin.py:109} INFO - [2021-10-29 00:49:45,057] {dagbag.py:500} INFO - Filling up the DagBag from /home/airflow/.local/lib/python3.6/site-packages/airflow/example_dags/example_bash_operator.py
[2021-10-29 00:49:45,153] {processor.py:632} INFO - DAG(s) dict_keys(['example_bash_operator']) retrieved from /home/airflow/.local/lib/python3.6/site-packages/airflow/example_dags/example_bash_operator.py
[2021-10-29 00:49:45,170] {logging_mixin.py:109} INFO - [2021-10-29 00:49:45,170] {dag.py:2389} INFO - Sync 1 DAGs
[2021-10-29 00:49:45,206] {logging_mixin.py:109} INFO - [2021-10-29 00:49:45,206] {dag.py:2914} INFO - Setting next_dagrun for example_bash_operator to 2021-10-28 00:00:00+00:00
[2021-10-29 00:49:45,229] {processor.py:171} INFO - Processing /home/airflow/.local/lib/python3.6/site-packages/airflow/example_dags/example_bash_operator.py took 0.190 seconds
[2021-10-29 00:50:16,413] {processor.py:163} INFO - Started process (PID=1232) to work on /home/airflow/.local/lib/python3.6/site-packages/airflow/example_dags/example_bash_operator.py
[2021-10-29 00:50:16,424] {processor.py:620} INFO - Processing file /home/airflow/.local/lib/python3.6/site-packages/airflow/example_dags/example_bash_operator.py for tasks to queue
[2021-10-29 00:50:16,426] {logging_mixin.py:109} INFO - [2021-10-29 00:50:16,426] {dagbag.py:500} INFO - Filling up the DagBag from /home/airflow/.local/lib/python3.6/site-packages/airflow/example_dags/example_bash_operator.py
[2021-10-29 00:50:16,703] {processor.py:632} INFO - DAG(s) dict_keys(['example_bash_operator']) retrieved from /home/airflow/.local/lib/python3.6/site-packages/airflow/example_dags/example_bash_operator.py
[2021-10-29 00:50:16,738] {logging_mixin.py:109} INFO - [2021-10-29 00:50:16,737] {dag.py:2389} INFO - Sync 1 DAGs
[2021-10-29 00:50:16,837] {logging_mixin.py:109} INFO - [2021-10-29 00:50:16,837] {dag.py:2914} INFO - Setting next_dagrun for example_bash_operator to 2021-10-28 00:00:00+00:00
[2021-10-29 00:50:16,882] {processor.py:171} INFO - Processing /home/airflow/.local/lib/python3.6/site-packages/airflow/example_dags/example_bash_operator.py took 0.537 seconds
[2021-10-29 00:50:46,936] {processor.py:163} INFO - Started process (PID=1277) to work on /home/airflow/.local/lib/python3.6/site-packages/airflow/example_dags/example_bash_operator.py
[2021-10-29 00:50:46,953] {processor.py:620} INFO - Processing file /home/airflow/.local/lib/python3.6/site-packages/airflow/example_dags/example_bash_operator.py for tasks to queue
[2021-10-29 00:50:46,954] {logging_mixin.py:109} INFO - [2021-10-29 00:50:46,954] {dagbag.py:500} INFO - Filling up the DagBag from /home/airflow/.local/lib/python3.6/site-packages/airflow/example_dags/example_bash_operator.py
[2021-10-29 00:50:47,019] {processor.py:632} INFO - DAG(s) dict_keys(['example_bash_operator']) retrieved from /home/airflow/.local/lib/python3.6/site-packages/airflow/example_dags/example_bash_operator.py
[2021-10-29 00:50:47,041] {logging_mixin.py:109} INFO - [2021-10-29 00:50:47,041] {dag.py:2389} INFO - Sync 1 DAGs
[2021-10-29 00:50:47,071] {logging_mixin.py:109} INFO - [2021-10-29 00:50:47,071] {dag.py:2914} INFO - Setting next_dagrun for example_bash_operator to 2021-10-28 00:00:00+00:00
[2021-10-29 00:50:47,091] {processor.py:171} INFO - Processing /home/airflow/.local/lib/python3.6/site-packages/airflow/example_dags/example_bash_operator.py took 0.158 seconds
[2021-10-29 00:51:17,150] {processor.py:163} INFO - Started process (PID=1332) to work on /home/airflow/.local/lib/python3.6/site-packages/airflow/example_dags/example_bash_operator.py
[2021-10-29 00:51:17,168] {processor.py:620} INFO - Processing file /home/airflow/.local/lib/python3.6/site-packages/airflow/example_dags/example_bash_operator.py for tasks to queue
[2021-10-29 00:51:17,170] {logging_mixin.py:109} INFO - [2021-10-29 00:51:17,170] {dagbag.py:500} INFO - Filling up the DagBag from /home/airflow/.local/lib/python3.6/site-packages/airflow/example_dags/example_bash_operator.py
[2021-10-29 00:51:17,256] {processor.py:632} INFO - DAG(s) dict_keys(['example_bash_operator']) retrieved from /home/airflow/.local/lib/python3.6/site-packages/airflow/example_dags/example_bash_operator.py
[2021-10-29 00:51:17,291] {logging_mixin.py:109} INFO - [2021-10-29 00:51:17,291] {dag.py:2389} INFO - Sync 1 DAGs
[2021-10-29 00:51:17,331] {logging_mixin.py:109} INFO - [2021-10-29 00:51:17,331] {dag.py:2914} INFO - Setting next_dagrun for example_bash_operator to 2021-10-28 00:00:00+00:00
[2021-10-29 00:51:17,349] {processor.py:171} INFO - Processing /home/airflow/.local/lib/python3.6/site-packages/airflow/example_dags/example_bash_operator.py took 0.201 seconds
[2021-10-29 00:51:47,798] {processor.py:163} INFO - Started process (PID=1386) to work on /home/airflow/.local/lib/python3.6/site-packages/airflow/example_dags/example_bash_operator.py
[2021-10-29 00:51:47,809] {processor.py:620} INFO - Processing file /home/airflow/.local/lib/python3.6/site-packages/airflow/example_dags/example_bash_operator.py for tasks to queue
[2021-10-29 00:51:47,815] {logging_mixin.py:109} INFO - [2021-10-29 00:51:47,815] {dagbag.py:500} INFO - Filling up the DagBag from /home/airflow/.local/lib/python3.6/site-packages/airflow/example_dags/example_bash_operator.py
[2021-10-29 00:51:47,856] {processor.py:632} INFO - DAG(s) dict_keys(['example_bash_operator']) retrieved from /home/airflow/.local/lib/python3.6/site-packages/airflow/example_dags/example_bash_operator.py
[2021-10-29 00:51:47,870] {logging_mixin.py:109} INFO - [2021-10-29 00:51:47,870] {dag.py:2389} INFO - Sync 1 DAGs
[2021-10-29 00:51:47,885] {logging_mixin.py:109} INFO - [2021-10-29 00:51:47,885] {dag.py:2914} INFO - Setting next_dagrun for example_bash_operator to 2021-10-28 00:00:00+00:00
[2021-10-29 00:51:47,902] {processor.py:171} INFO - Processing /home/airflow/.local/lib/python3.6/site-packages/airflow/example_dags/example_bash_operator.py took 0.130 seconds
[2021-10-29 00:52:18,053] {processor.py:163} INFO - Started process (PID=1440) to work on /home/airflow/.local/lib/python3.6/site-packages/airflow/example_dags/example_bash_operator.py
[2021-10-29 00:52:18,062] {processor.py:620} INFO - Processing file /home/airflow/.local/lib/python3.6/site-packages/airflow/example_dags/example_bash_operator.py for tasks to queue
[2021-10-29 00:52:18,064] {logging_mixin.py:109} INFO - [2021-10-29 00:52:18,064] {dagbag.py:500} INFO - Filling up the DagBag from /home/airflow/.local/lib/python3.6/site-packages/airflow/example_dags/example_bash_operator.py
[2021-10-29 00:52:18,138] {processor.py:632} INFO - DAG(s) dict_keys(['example_bash_operator']) retrieved from /home/airflow/.local/lib/python3.6/site-packages/airflow/example_dags/example_bash_operator.py
[2021-10-29 00:52:18,160] {logging_mixin.py:109} INFO - [2021-10-29 00:52:18,160] {dag.py:2389} INFO - Sync 1 DAGs
[2021-10-29 00:52:18,192] {logging_mixin.py:109} INFO - [2021-10-29 00:52:18,192] {dag.py:2914} INFO - Setting next_dagrun for example_bash_operator to 2021-10-28 00:00:00+00:00
[2021-10-29 00:52:18,202] {processor.py:171} INFO - Processing /home/airflow/.local/lib/python3.6/site-packages/airflow/example_dags/example_bash_operator.py took 0.152 seconds
[2021-10-29 00:52:48,676] {processor.py:163} INFO - Started process (PID=1494) to work on /home/airflow/.local/lib/python3.6/site-packages/airflow/example_dags/example_bash_operator.py
[2021-10-29 00:52:48,696] {processor.py:620} INFO - Processing file /home/airflow/.local/lib/python3.6/site-packages/airflow/example_dags/example_bash_operator.py for tasks to queue
[2021-10-29 00:52:48,697] {logging_mixin.py:109} INFO - [2021-10-29 00:52:48,697] {dagbag.py:500} INFO - Filling up the DagBag from /home/airflow/.local/lib/python3.6/site-packages/airflow/example_dags/example_bash_operator.py
[2021-10-29 00:52:48,758] {processor.py:632} INFO - DAG(s) dict_keys(['example_bash_operator']) retrieved from /home/airflow/.local/lib/python3.6/site-packages/airflow/example_dags/example_bash_operator.py
[2021-10-29 00:52:48,782] {logging_mixin.py:109} INFO - [2021-10-29 00:52:48,782] {dag.py:2389} INFO - Sync 1 DAGs
[2021-10-29 00:52:48,813] {logging_mixin.py:109} INFO - [2021-10-29 00:52:48,813] {dag.py:2914} INFO - Setting next_dagrun for example_bash_operator to 2021-10-28 00:00:00+00:00
[2021-10-29 00:52:48,823] {processor.py:171} INFO - Processing /home/airflow/.local/lib/python3.6/site-packages/airflow/example_dags/example_bash_operator.py took 0.149 seconds
