[2021-10-29 00:17:37,209] {processor.py:163} INFO - Started process (PID=136) to work on /home/airflow/.local/lib/python3.6/site-packages/airflow/example_dags/example_task_group.py
[2021-10-29 00:17:37,428] {processor.py:620} INFO - Processing file /home/airflow/.local/lib/python3.6/site-packages/airflow/example_dags/example_task_group.py for tasks to queue
[2021-10-29 00:17:37,440] {logging_mixin.py:109} INFO - [2021-10-29 00:17:37,440] {dagbag.py:500} INFO - Filling up the DagBag from /home/airflow/.local/lib/python3.6/site-packages/airflow/example_dags/example_task_group.py
[2021-10-29 00:17:38,049] {processor.py:632} INFO - DAG(s) dict_keys(['example_task_group']) retrieved from /home/airflow/.local/lib/python3.6/site-packages/airflow/example_dags/example_task_group.py
[2021-10-29 00:17:38,406] {logging_mixin.py:109} INFO - [2021-10-29 00:17:38,406] {dag.py:2389} INFO - Sync 1 DAGs
[2021-10-29 00:17:38,683] {logging_mixin.py:109} INFO - [2021-10-29 00:17:38,683] {dag.py:2914} INFO - Setting next_dagrun for example_task_group to 2021-10-28T00:17:38.683459+00:00
[2021-10-29 00:17:38,812] {processor.py:171} INFO - Processing /home/airflow/.local/lib/python3.6/site-packages/airflow/example_dags/example_task_group.py took 1.606 seconds
[2021-10-29 00:18:09,452] {processor.py:163} INFO - Started process (PID=183) to work on /home/airflow/.local/lib/python3.6/site-packages/airflow/example_dags/example_task_group.py
[2021-10-29 00:18:09,504] {processor.py:620} INFO - Processing file /home/airflow/.local/lib/python3.6/site-packages/airflow/example_dags/example_task_group.py for tasks to queue
[2021-10-29 00:18:09,504] {logging_mixin.py:109} INFO - [2021-10-29 00:18:09,504] {dagbag.py:500} INFO - Filling up the DagBag from /home/airflow/.local/lib/python3.6/site-packages/airflow/example_dags/example_task_group.py
[2021-10-29 00:18:10,341] {processor.py:632} INFO - DAG(s) dict_keys(['example_task_group']) retrieved from /home/airflow/.local/lib/python3.6/site-packages/airflow/example_dags/example_task_group.py
[2021-10-29 00:18:10,432] {logging_mixin.py:109} INFO - [2021-10-29 00:18:10,432] {dag.py:2389} INFO - Sync 1 DAGs
[2021-10-29 00:18:10,671] {logging_mixin.py:109} INFO - [2021-10-29 00:18:10,671] {dag.py:2914} INFO - Setting next_dagrun for example_task_group to 2021-10-28T00:18:10.670974+00:00
[2021-10-29 00:18:10,803] {processor.py:171} INFO - Processing /home/airflow/.local/lib/python3.6/site-packages/airflow/example_dags/example_task_group.py took 1.456 seconds
[2021-10-29 00:18:41,001] {processor.py:163} INFO - Started process (PID=236) to work on /home/airflow/.local/lib/python3.6/site-packages/airflow/example_dags/example_task_group.py
[2021-10-29 00:18:41,020] {processor.py:620} INFO - Processing file /home/airflow/.local/lib/python3.6/site-packages/airflow/example_dags/example_task_group.py for tasks to queue
[2021-10-29 00:18:41,027] {logging_mixin.py:109} INFO - [2021-10-29 00:18:41,027] {dagbag.py:500} INFO - Filling up the DagBag from /home/airflow/.local/lib/python3.6/site-packages/airflow/example_dags/example_task_group.py
[2021-10-29 00:18:41,199] {processor.py:632} INFO - DAG(s) dict_keys(['example_task_group']) retrieved from /home/airflow/.local/lib/python3.6/site-packages/airflow/example_dags/example_task_group.py
[2021-10-29 00:18:41,264] {logging_mixin.py:109} INFO - [2021-10-29 00:18:41,263] {dag.py:2389} INFO - Sync 1 DAGs
[2021-10-29 00:18:41,341] {logging_mixin.py:109} INFO - [2021-10-29 00:18:41,341] {dag.py:2914} INFO - Setting next_dagrun for example_task_group to 2021-10-28T00:18:41.341323+00:00
[2021-10-29 00:18:41,394] {processor.py:171} INFO - Processing /home/airflow/.local/lib/python3.6/site-packages/airflow/example_dags/example_task_group.py took 0.396 seconds
[2021-10-29 00:19:12,329] {processor.py:163} INFO - Started process (PID=289) to work on /home/airflow/.local/lib/python3.6/site-packages/airflow/example_dags/example_task_group.py
[2021-10-29 00:19:12,372] {processor.py:620} INFO - Processing file /home/airflow/.local/lib/python3.6/site-packages/airflow/example_dags/example_task_group.py for tasks to queue
[2021-10-29 00:19:12,376] {logging_mixin.py:109} INFO - [2021-10-29 00:19:12,376] {dagbag.py:500} INFO - Filling up the DagBag from /home/airflow/.local/lib/python3.6/site-packages/airflow/example_dags/example_task_group.py
[2021-10-29 00:19:12,552] {processor.py:632} INFO - DAG(s) dict_keys(['example_task_group']) retrieved from /home/airflow/.local/lib/python3.6/site-packages/airflow/example_dags/example_task_group.py
[2021-10-29 00:19:12,630] {logging_mixin.py:109} INFO - [2021-10-29 00:19:12,630] {dag.py:2389} INFO - Sync 1 DAGs
[2021-10-29 00:19:12,708] {logging_mixin.py:109} INFO - [2021-10-29 00:19:12,707] {dag.py:2914} INFO - Setting next_dagrun for example_task_group to 2021-10-28T00:19:12.707684+00:00
[2021-10-29 00:19:12,780] {processor.py:171} INFO - Processing /home/airflow/.local/lib/python3.6/site-packages/airflow/example_dags/example_task_group.py took 0.454 seconds
[2021-10-29 00:19:43,682] {processor.py:163} INFO - Started process (PID=343) to work on /home/airflow/.local/lib/python3.6/site-packages/airflow/example_dags/example_task_group.py
[2021-10-29 00:19:43,700] {processor.py:620} INFO - Processing file /home/airflow/.local/lib/python3.6/site-packages/airflow/example_dags/example_task_group.py for tasks to queue
[2021-10-29 00:19:43,714] {logging_mixin.py:109} INFO - [2021-10-29 00:19:43,714] {dagbag.py:500} INFO - Filling up the DagBag from /home/airflow/.local/lib/python3.6/site-packages/airflow/example_dags/example_task_group.py
[2021-10-29 00:19:43,901] {processor.py:632} INFO - DAG(s) dict_keys(['example_task_group']) retrieved from /home/airflow/.local/lib/python3.6/site-packages/airflow/example_dags/example_task_group.py
[2021-10-29 00:19:43,967] {logging_mixin.py:109} INFO - [2021-10-29 00:19:43,967] {dag.py:2389} INFO - Sync 1 DAGs
[2021-10-29 00:19:44,064] {logging_mixin.py:109} INFO - [2021-10-29 00:19:44,064] {dag.py:2914} INFO - Setting next_dagrun for example_task_group to 2021-10-28T00:19:44.064277+00:00
[2021-10-29 00:19:44,106] {processor.py:171} INFO - Processing /home/airflow/.local/lib/python3.6/site-packages/airflow/example_dags/example_task_group.py took 0.427 seconds
[2021-10-29 00:20:14,862] {processor.py:163} INFO - Started process (PID=396) to work on /home/airflow/.local/lib/python3.6/site-packages/airflow/example_dags/example_task_group.py
[2021-10-29 00:20:14,902] {processor.py:620} INFO - Processing file /home/airflow/.local/lib/python3.6/site-packages/airflow/example_dags/example_task_group.py for tasks to queue
[2021-10-29 00:20:14,902] {logging_mixin.py:109} INFO - [2021-10-29 00:20:14,902] {dagbag.py:500} INFO - Filling up the DagBag from /home/airflow/.local/lib/python3.6/site-packages/airflow/example_dags/example_task_group.py
[2021-10-29 00:20:15,138] {processor.py:632} INFO - DAG(s) dict_keys(['example_task_group']) retrieved from /home/airflow/.local/lib/python3.6/site-packages/airflow/example_dags/example_task_group.py
[2021-10-29 00:20:15,208] {logging_mixin.py:109} INFO - [2021-10-29 00:20:15,208] {dag.py:2389} INFO - Sync 1 DAGs
[2021-10-29 00:20:15,272] {logging_mixin.py:109} INFO - [2021-10-29 00:20:15,272] {dag.py:2914} INFO - Setting next_dagrun for example_task_group to 2021-10-28T00:20:15.272465+00:00
[2021-10-29 00:20:15,312] {processor.py:171} INFO - Processing /home/airflow/.local/lib/python3.6/site-packages/airflow/example_dags/example_task_group.py took 0.453 seconds
[2021-10-29 00:20:46,027] {processor.py:163} INFO - Started process (PID=450) to work on /home/airflow/.local/lib/python3.6/site-packages/airflow/example_dags/example_task_group.py
[2021-10-29 00:20:46,030] {processor.py:620} INFO - Processing file /home/airflow/.local/lib/python3.6/site-packages/airflow/example_dags/example_task_group.py for tasks to queue
[2021-10-29 00:20:46,047] {logging_mixin.py:109} INFO - [2021-10-29 00:20:46,047] {dagbag.py:500} INFO - Filling up the DagBag from /home/airflow/.local/lib/python3.6/site-packages/airflow/example_dags/example_task_group.py
[2021-10-29 00:20:46,146] {processor.py:632} INFO - DAG(s) dict_keys(['example_task_group']) retrieved from /home/airflow/.local/lib/python3.6/site-packages/airflow/example_dags/example_task_group.py
[2021-10-29 00:20:46,196] {logging_mixin.py:109} INFO - [2021-10-29 00:20:46,196] {dag.py:2389} INFO - Sync 1 DAGs
[2021-10-29 00:20:46,249] {logging_mixin.py:109} INFO - [2021-10-29 00:20:46,249] {dag.py:2914} INFO - Setting next_dagrun for example_task_group to 2021-10-28T00:20:46.249147+00:00
[2021-10-29 00:20:46,268] {processor.py:171} INFO - Processing /home/airflow/.local/lib/python3.6/site-packages/airflow/example_dags/example_task_group.py took 0.243 seconds
[2021-10-29 00:21:16,957] {processor.py:163} INFO - Started process (PID=504) to work on /home/airflow/.local/lib/python3.6/site-packages/airflow/example_dags/example_task_group.py
[2021-10-29 00:21:17,020] {processor.py:620} INFO - Processing file /home/airflow/.local/lib/python3.6/site-packages/airflow/example_dags/example_task_group.py for tasks to queue
[2021-10-29 00:21:17,039] {logging_mixin.py:109} INFO - [2021-10-29 00:21:17,039] {dagbag.py:500} INFO - Filling up the DagBag from /home/airflow/.local/lib/python3.6/site-packages/airflow/example_dags/example_task_group.py
[2021-10-29 00:21:17,266] {processor.py:632} INFO - DAG(s) dict_keys(['example_task_group']) retrieved from /home/airflow/.local/lib/python3.6/site-packages/airflow/example_dags/example_task_group.py
[2021-10-29 00:21:17,349] {logging_mixin.py:109} INFO - [2021-10-29 00:21:17,347] {dag.py:2389} INFO - Sync 1 DAGs
[2021-10-29 00:21:17,524] {logging_mixin.py:109} INFO - [2021-10-29 00:21:17,524] {dag.py:2914} INFO - Setting next_dagrun for example_task_group to 2021-10-28T00:21:17.524336+00:00
[2021-10-29 00:21:17,684] {processor.py:171} INFO - Processing /home/airflow/.local/lib/python3.6/site-packages/airflow/example_dags/example_task_group.py took 0.730 seconds
[2021-10-29 00:22:08,713] {processor.py:163} INFO - Started process (PID=559) to work on /home/airflow/.local/lib/python3.6/site-packages/airflow/example_dags/example_task_group.py
[2021-10-29 00:22:08,716] {processor.py:620} INFO - Processing file /home/airflow/.local/lib/python3.6/site-packages/airflow/example_dags/example_task_group.py for tasks to queue
[2021-10-29 00:22:08,717] {logging_mixin.py:109} INFO - [2021-10-29 00:22:08,717] {dagbag.py:500} INFO - Filling up the DagBag from /home/airflow/.local/lib/python3.6/site-packages/airflow/example_dags/example_task_group.py
[2021-10-29 00:22:09,934] {processor.py:632} INFO - DAG(s) dict_keys(['example_task_group']) retrieved from /home/airflow/.local/lib/python3.6/site-packages/airflow/example_dags/example_task_group.py
[2021-10-29 00:22:10,314] {logging_mixin.py:109} INFO - [2021-10-29 00:22:10,313] {dag.py:2389} INFO - Sync 1 DAGs
[2021-10-29 00:22:10,752] {logging_mixin.py:109} INFO - [2021-10-29 00:22:10,752] {dag.py:2914} INFO - Setting next_dagrun for example_task_group to 2021-10-28T00:22:10.752216+00:00
[2021-10-29 00:22:10,954] {processor.py:171} INFO - Processing /home/airflow/.local/lib/python3.6/site-packages/airflow/example_dags/example_task_group.py took 2.399 seconds
[2021-10-29 00:22:42,807] {processor.py:163} INFO - Started process (PID=613) to work on /home/airflow/.local/lib/python3.6/site-packages/airflow/example_dags/example_task_group.py
[2021-10-29 00:22:42,834] {processor.py:620} INFO - Processing file /home/airflow/.local/lib/python3.6/site-packages/airflow/example_dags/example_task_group.py for tasks to queue
[2021-10-29 00:22:42,867] {logging_mixin.py:109} INFO - [2021-10-29 00:22:42,866] {dagbag.py:500} INFO - Filling up the DagBag from /home/airflow/.local/lib/python3.6/site-packages/airflow/example_dags/example_task_group.py
[2021-10-29 00:22:43,348] {processor.py:632} INFO - DAG(s) dict_keys(['example_task_group']) retrieved from /home/airflow/.local/lib/python3.6/site-packages/airflow/example_dags/example_task_group.py
[2021-10-29 00:22:43,583] {logging_mixin.py:109} INFO - [2021-10-29 00:22:43,583] {dag.py:2389} INFO - Sync 1 DAGs
[2021-10-29 00:22:43,969] {logging_mixin.py:109} INFO - [2021-10-29 00:22:43,966] {dag.py:2914} INFO - Setting next_dagrun for example_task_group to 2021-10-28T00:22:43.965767+00:00
[2021-10-29 00:22:44,053] {processor.py:171} INFO - Processing /home/airflow/.local/lib/python3.6/site-packages/airflow/example_dags/example_task_group.py took 1.249 seconds
[2021-10-29 00:23:14,419] {processor.py:163} INFO - Started process (PID=666) to work on /home/airflow/.local/lib/python3.6/site-packages/airflow/example_dags/example_task_group.py
[2021-10-29 00:23:14,427] {processor.py:620} INFO - Processing file /home/airflow/.local/lib/python3.6/site-packages/airflow/example_dags/example_task_group.py for tasks to queue
[2021-10-29 00:23:14,428] {logging_mixin.py:109} INFO - [2021-10-29 00:23:14,428] {dagbag.py:500} INFO - Filling up the DagBag from /home/airflow/.local/lib/python3.6/site-packages/airflow/example_dags/example_task_group.py
[2021-10-29 00:23:14,495] {processor.py:632} INFO - DAG(s) dict_keys(['example_task_group']) retrieved from /home/airflow/.local/lib/python3.6/site-packages/airflow/example_dags/example_task_group.py
[2021-10-29 00:23:14,548] {logging_mixin.py:109} INFO - [2021-10-29 00:23:14,547] {dag.py:2389} INFO - Sync 1 DAGs
[2021-10-29 00:23:14,583] {logging_mixin.py:109} INFO - [2021-10-29 00:23:14,583] {dag.py:2914} INFO - Setting next_dagrun for example_task_group to 2021-10-28T00:23:14.583079+00:00
[2021-10-29 00:23:14,594] {processor.py:171} INFO - Processing /home/airflow/.local/lib/python3.6/site-packages/airflow/example_dags/example_task_group.py took 0.177 seconds
[2021-10-29 00:23:45,090] {processor.py:163} INFO - Started process (PID=720) to work on /home/airflow/.local/lib/python3.6/site-packages/airflow/example_dags/example_task_group.py
[2021-10-29 00:23:45,098] {processor.py:620} INFO - Processing file /home/airflow/.local/lib/python3.6/site-packages/airflow/example_dags/example_task_group.py for tasks to queue
[2021-10-29 00:23:45,099] {logging_mixin.py:109} INFO - [2021-10-29 00:23:45,099] {dagbag.py:500} INFO - Filling up the DagBag from /home/airflow/.local/lib/python3.6/site-packages/airflow/example_dags/example_task_group.py
[2021-10-29 00:23:45,162] {processor.py:632} INFO - DAG(s) dict_keys(['example_task_group']) retrieved from /home/airflow/.local/lib/python3.6/site-packages/airflow/example_dags/example_task_group.py
[2021-10-29 00:23:45,196] {logging_mixin.py:109} INFO - [2021-10-29 00:23:45,195] {dag.py:2389} INFO - Sync 1 DAGs
[2021-10-29 00:23:45,239] {logging_mixin.py:109} INFO - [2021-10-29 00:23:45,239] {dag.py:2914} INFO - Setting next_dagrun for example_task_group to 2021-10-28T00:23:45.238808+00:00
[2021-10-29 00:23:45,265] {processor.py:171} INFO - Processing /home/airflow/.local/lib/python3.6/site-packages/airflow/example_dags/example_task_group.py took 0.178 seconds
[2021-10-29 00:24:15,730] {processor.py:163} INFO - Started process (PID=774) to work on /home/airflow/.local/lib/python3.6/site-packages/airflow/example_dags/example_task_group.py
[2021-10-29 00:24:15,737] {processor.py:620} INFO - Processing file /home/airflow/.local/lib/python3.6/site-packages/airflow/example_dags/example_task_group.py for tasks to queue
[2021-10-29 00:24:15,741] {logging_mixin.py:109} INFO - [2021-10-29 00:24:15,741] {dagbag.py:500} INFO - Filling up the DagBag from /home/airflow/.local/lib/python3.6/site-packages/airflow/example_dags/example_task_group.py
[2021-10-29 00:24:15,795] {processor.py:632} INFO - DAG(s) dict_keys(['example_task_group']) retrieved from /home/airflow/.local/lib/python3.6/site-packages/airflow/example_dags/example_task_group.py
[2021-10-29 00:24:15,818] {logging_mixin.py:109} INFO - [2021-10-29 00:24:15,818] {dag.py:2389} INFO - Sync 1 DAGs
[2021-10-29 00:24:15,852] {logging_mixin.py:109} INFO - [2021-10-29 00:24:15,852] {dag.py:2914} INFO - Setting next_dagrun for example_task_group to 2021-10-28T00:24:15.851930+00:00
[2021-10-29 00:24:15,880] {processor.py:171} INFO - Processing /home/airflow/.local/lib/python3.6/site-packages/airflow/example_dags/example_task_group.py took 0.153 seconds
[2021-10-29 00:24:46,515] {processor.py:163} INFO - Started process (PID=828) to work on /home/airflow/.local/lib/python3.6/site-packages/airflow/example_dags/example_task_group.py
[2021-10-29 00:24:46,526] {processor.py:620} INFO - Processing file /home/airflow/.local/lib/python3.6/site-packages/airflow/example_dags/example_task_group.py for tasks to queue
[2021-10-29 00:24:46,527] {logging_mixin.py:109} INFO - [2021-10-29 00:24:46,527] {dagbag.py:500} INFO - Filling up the DagBag from /home/airflow/.local/lib/python3.6/site-packages/airflow/example_dags/example_task_group.py
[2021-10-29 00:24:46,584] {processor.py:632} INFO - DAG(s) dict_keys(['example_task_group']) retrieved from /home/airflow/.local/lib/python3.6/site-packages/airflow/example_dags/example_task_group.py
[2021-10-29 00:24:46,612] {logging_mixin.py:109} INFO - [2021-10-29 00:24:46,612] {dag.py:2389} INFO - Sync 1 DAGs
[2021-10-29 00:24:46,651] {logging_mixin.py:109} INFO - [2021-10-29 00:24:46,651] {dag.py:2914} INFO - Setting next_dagrun for example_task_group to 2021-10-28T00:24:46.651346+00:00
[2021-10-29 00:24:46,673] {processor.py:171} INFO - Processing /home/airflow/.local/lib/python3.6/site-packages/airflow/example_dags/example_task_group.py took 0.160 seconds
[2021-10-29 00:25:16,722] {processor.py:163} INFO - Started process (PID=882) to work on /home/airflow/.local/lib/python3.6/site-packages/airflow/example_dags/example_task_group.py
[2021-10-29 00:25:16,725] {processor.py:620} INFO - Processing file /home/airflow/.local/lib/python3.6/site-packages/airflow/example_dags/example_task_group.py for tasks to queue
[2021-10-29 00:25:16,727] {logging_mixin.py:109} INFO - [2021-10-29 00:25:16,727] {dagbag.py:500} INFO - Filling up the DagBag from /home/airflow/.local/lib/python3.6/site-packages/airflow/example_dags/example_task_group.py
[2021-10-29 00:25:16,756] {processor.py:632} INFO - DAG(s) dict_keys(['example_task_group']) retrieved from /home/airflow/.local/lib/python3.6/site-packages/airflow/example_dags/example_task_group.py
[2021-10-29 00:25:16,768] {logging_mixin.py:109} INFO - [2021-10-29 00:25:16,768] {dag.py:2389} INFO - Sync 1 DAGs
[2021-10-29 00:25:16,785] {logging_mixin.py:109} INFO - [2021-10-29 00:25:16,785] {dag.py:2914} INFO - Setting next_dagrun for example_task_group to 2021-10-28T00:25:16.785200+00:00
[2021-10-29 00:25:16,796] {processor.py:171} INFO - Processing /home/airflow/.local/lib/python3.6/site-packages/airflow/example_dags/example_task_group.py took 0.077 seconds
[2021-10-29 00:25:46,824] {processor.py:163} INFO - Started process (PID=936) to work on /home/airflow/.local/lib/python3.6/site-packages/airflow/example_dags/example_task_group.py
[2021-10-29 00:25:46,828] {processor.py:620} INFO - Processing file /home/airflow/.local/lib/python3.6/site-packages/airflow/example_dags/example_task_group.py for tasks to queue
[2021-10-29 00:25:46,830] {logging_mixin.py:109} INFO - [2021-10-29 00:25:46,830] {dagbag.py:500} INFO - Filling up the DagBag from /home/airflow/.local/lib/python3.6/site-packages/airflow/example_dags/example_task_group.py
[2021-10-29 00:25:46,859] {processor.py:632} INFO - DAG(s) dict_keys(['example_task_group']) retrieved from /home/airflow/.local/lib/python3.6/site-packages/airflow/example_dags/example_task_group.py
[2021-10-29 00:25:46,871] {logging_mixin.py:109} INFO - [2021-10-29 00:25:46,870] {dag.py:2389} INFO - Sync 1 DAGs
[2021-10-29 00:25:46,888] {logging_mixin.py:109} INFO - [2021-10-29 00:25:46,888] {dag.py:2914} INFO - Setting next_dagrun for example_task_group to 2021-10-28T00:25:46.887930+00:00
[2021-10-29 00:25:46,907] {processor.py:171} INFO - Processing /home/airflow/.local/lib/python3.6/site-packages/airflow/example_dags/example_task_group.py took 0.086 seconds
[2021-10-29 00:26:17,715] {processor.py:163} INFO - Started process (PID=990) to work on /home/airflow/.local/lib/python3.6/site-packages/airflow/example_dags/example_task_group.py
[2021-10-29 00:26:17,720] {processor.py:620} INFO - Processing file /home/airflow/.local/lib/python3.6/site-packages/airflow/example_dags/example_task_group.py for tasks to queue
[2021-10-29 00:26:17,732] {logging_mixin.py:109} INFO - [2021-10-29 00:26:17,731] {dagbag.py:500} INFO - Filling up the DagBag from /home/airflow/.local/lib/python3.6/site-packages/airflow/example_dags/example_task_group.py
[2021-10-29 00:26:17,783] {processor.py:632} INFO - DAG(s) dict_keys(['example_task_group']) retrieved from /home/airflow/.local/lib/python3.6/site-packages/airflow/example_dags/example_task_group.py
[2021-10-29 00:26:17,802] {logging_mixin.py:109} INFO - [2021-10-29 00:26:17,802] {dag.py:2389} INFO - Sync 1 DAGs
[2021-10-29 00:26:17,841] {logging_mixin.py:109} INFO - [2021-10-29 00:26:17,841] {dag.py:2914} INFO - Setting next_dagrun for example_task_group to 2021-10-28T00:26:17.841039+00:00
[2021-10-29 00:26:17,852] {processor.py:171} INFO - Processing /home/airflow/.local/lib/python3.6/site-packages/airflow/example_dags/example_task_group.py took 0.140 seconds
[2021-10-29 00:26:48,364] {processor.py:163} INFO - Started process (PID=1044) to work on /home/airflow/.local/lib/python3.6/site-packages/airflow/example_dags/example_task_group.py
[2021-10-29 00:26:48,372] {processor.py:620} INFO - Processing file /home/airflow/.local/lib/python3.6/site-packages/airflow/example_dags/example_task_group.py for tasks to queue
[2021-10-29 00:26:48,377] {logging_mixin.py:109} INFO - [2021-10-29 00:26:48,377] {dagbag.py:500} INFO - Filling up the DagBag from /home/airflow/.local/lib/python3.6/site-packages/airflow/example_dags/example_task_group.py
[2021-10-29 00:26:48,442] {processor.py:632} INFO - DAG(s) dict_keys(['example_task_group']) retrieved from /home/airflow/.local/lib/python3.6/site-packages/airflow/example_dags/example_task_group.py
[2021-10-29 00:26:48,466] {logging_mixin.py:109} INFO - [2021-10-29 00:26:48,466] {dag.py:2389} INFO - Sync 1 DAGs
[2021-10-29 00:26:48,494] {logging_mixin.py:109} INFO - [2021-10-29 00:26:48,494] {dag.py:2914} INFO - Setting next_dagrun for example_task_group to 2021-10-28T00:26:48.493852+00:00
[2021-10-29 00:26:48,518] {processor.py:171} INFO - Processing /home/airflow/.local/lib/python3.6/site-packages/airflow/example_dags/example_task_group.py took 0.157 seconds
[2021-10-29 00:27:18,834] {processor.py:163} INFO - Started process (PID=1091) to work on /home/airflow/.local/lib/python3.6/site-packages/airflow/example_dags/example_task_group.py
[2021-10-29 00:27:18,838] {processor.py:620} INFO - Processing file /home/airflow/.local/lib/python3.6/site-packages/airflow/example_dags/example_task_group.py for tasks to queue
[2021-10-29 00:27:18,840] {logging_mixin.py:109} INFO - [2021-10-29 00:27:18,840] {dagbag.py:500} INFO - Filling up the DagBag from /home/airflow/.local/lib/python3.6/site-packages/airflow/example_dags/example_task_group.py
[2021-10-29 00:27:18,906] {processor.py:632} INFO - DAG(s) dict_keys(['example_task_group']) retrieved from /home/airflow/.local/lib/python3.6/site-packages/airflow/example_dags/example_task_group.py
[2021-10-29 00:27:18,927] {logging_mixin.py:109} INFO - [2021-10-29 00:27:18,927] {dag.py:2389} INFO - Sync 1 DAGs
[2021-10-29 00:27:18,967] {logging_mixin.py:109} INFO - [2021-10-29 00:27:18,957] {dag.py:2914} INFO - Setting next_dagrun for example_task_group to 2021-10-28T00:27:18.957176+00:00
[2021-10-29 00:27:18,989] {processor.py:171} INFO - Processing /home/airflow/.local/lib/python3.6/site-packages/airflow/example_dags/example_task_group.py took 0.158 seconds
[2021-10-29 00:27:49,070] {processor.py:163} INFO - Started process (PID=1141) to work on /home/airflow/.local/lib/python3.6/site-packages/airflow/example_dags/example_task_group.py
[2021-10-29 00:27:49,076] {processor.py:620} INFO - Processing file /home/airflow/.local/lib/python3.6/site-packages/airflow/example_dags/example_task_group.py for tasks to queue
[2021-10-29 00:27:49,096] {logging_mixin.py:109} INFO - [2021-10-29 00:27:49,078] {dagbag.py:500} INFO - Filling up the DagBag from /home/airflow/.local/lib/python3.6/site-packages/airflow/example_dags/example_task_group.py
[2021-10-29 00:27:49,154] {processor.py:632} INFO - DAG(s) dict_keys(['example_task_group']) retrieved from /home/airflow/.local/lib/python3.6/site-packages/airflow/example_dags/example_task_group.py
[2021-10-29 00:27:49,182] {logging_mixin.py:109} INFO - [2021-10-29 00:27:49,182] {dag.py:2389} INFO - Sync 1 DAGs
[2021-10-29 00:27:49,216] {logging_mixin.py:109} INFO - [2021-10-29 00:27:49,216] {dag.py:2914} INFO - Setting next_dagrun for example_task_group to 2021-10-28T00:27:49.216244+00:00
[2021-10-29 00:27:49,232] {processor.py:171} INFO - Processing /home/airflow/.local/lib/python3.6/site-packages/airflow/example_dags/example_task_group.py took 0.165 seconds
[2021-10-29 00:28:19,485] {processor.py:163} INFO - Started process (PID=1194) to work on /home/airflow/.local/lib/python3.6/site-packages/airflow/example_dags/example_task_group.py
[2021-10-29 00:28:19,489] {processor.py:620} INFO - Processing file /home/airflow/.local/lib/python3.6/site-packages/airflow/example_dags/example_task_group.py for tasks to queue
[2021-10-29 00:28:19,490] {logging_mixin.py:109} INFO - [2021-10-29 00:28:19,490] {dagbag.py:500} INFO - Filling up the DagBag from /home/airflow/.local/lib/python3.6/site-packages/airflow/example_dags/example_task_group.py
[2021-10-29 00:28:19,548] {processor.py:632} INFO - DAG(s) dict_keys(['example_task_group']) retrieved from /home/airflow/.local/lib/python3.6/site-packages/airflow/example_dags/example_task_group.py
[2021-10-29 00:28:19,575] {logging_mixin.py:109} INFO - [2021-10-29 00:28:19,575] {dag.py:2389} INFO - Sync 1 DAGs
[2021-10-29 00:28:19,602] {logging_mixin.py:109} INFO - [2021-10-29 00:28:19,601] {dag.py:2914} INFO - Setting next_dagrun for example_task_group to 2021-10-28T00:28:19.601731+00:00
[2021-10-29 00:28:19,627] {processor.py:171} INFO - Processing /home/airflow/.local/lib/python3.6/site-packages/airflow/example_dags/example_task_group.py took 0.160 seconds
[2021-10-29 00:28:50,626] {processor.py:163} INFO - Started process (PID=1247) to work on /home/airflow/.local/lib/python3.6/site-packages/airflow/example_dags/example_task_group.py
[2021-10-29 00:28:50,648] {processor.py:620} INFO - Processing file /home/airflow/.local/lib/python3.6/site-packages/airflow/example_dags/example_task_group.py for tasks to queue
[2021-10-29 00:28:50,650] {logging_mixin.py:109} INFO - [2021-10-29 00:28:50,650] {dagbag.py:500} INFO - Filling up the DagBag from /home/airflow/.local/lib/python3.6/site-packages/airflow/example_dags/example_task_group.py
[2021-10-29 00:28:50,731] {processor.py:632} INFO - DAG(s) dict_keys(['example_task_group']) retrieved from /home/airflow/.local/lib/python3.6/site-packages/airflow/example_dags/example_task_group.py
[2021-10-29 00:28:50,761] {logging_mixin.py:109} INFO - [2021-10-29 00:28:50,760] {dag.py:2389} INFO - Sync 1 DAGs
[2021-10-29 00:28:50,778] {logging_mixin.py:109} INFO - [2021-10-29 00:28:50,778] {dag.py:2914} INFO - Setting next_dagrun for example_task_group to 2021-10-28T00:28:50.777766+00:00
[2021-10-29 00:28:50,788] {processor.py:171} INFO - Processing /home/airflow/.local/lib/python3.6/site-packages/airflow/example_dags/example_task_group.py took 0.165 seconds
[2021-10-29 00:29:20,876] {processor.py:163} INFO - Started process (PID=1301) to work on /home/airflow/.local/lib/python3.6/site-packages/airflow/example_dags/example_task_group.py
[2021-10-29 00:29:20,883] {processor.py:620} INFO - Processing file /home/airflow/.local/lib/python3.6/site-packages/airflow/example_dags/example_task_group.py for tasks to queue
[2021-10-29 00:29:20,883] {logging_mixin.py:109} INFO - [2021-10-29 00:29:20,883] {dagbag.py:500} INFO - Filling up the DagBag from /home/airflow/.local/lib/python3.6/site-packages/airflow/example_dags/example_task_group.py
[2021-10-29 00:29:21,086] {processor.py:632} INFO - DAG(s) dict_keys(['example_task_group']) retrieved from /home/airflow/.local/lib/python3.6/site-packages/airflow/example_dags/example_task_group.py
[2021-10-29 00:29:21,171] {logging_mixin.py:109} INFO - [2021-10-29 00:29:21,170] {dag.py:2389} INFO - Sync 1 DAGs
[2021-10-29 00:29:21,226] {logging_mixin.py:109} INFO - [2021-10-29 00:29:21,226] {dag.py:2914} INFO - Setting next_dagrun for example_task_group to 2021-10-28T00:29:21.226068+00:00
[2021-10-29 00:29:21,258] {processor.py:171} INFO - Processing /home/airflow/.local/lib/python3.6/site-packages/airflow/example_dags/example_task_group.py took 0.384 seconds
[2021-10-29 00:29:51,378] {processor.py:163} INFO - Started process (PID=1355) to work on /home/airflow/.local/lib/python3.6/site-packages/airflow/example_dags/example_task_group.py
[2021-10-29 00:29:51,396] {processor.py:620} INFO - Processing file /home/airflow/.local/lib/python3.6/site-packages/airflow/example_dags/example_task_group.py for tasks to queue
[2021-10-29 00:29:51,399] {logging_mixin.py:109} INFO - [2021-10-29 00:29:51,399] {dagbag.py:500} INFO - Filling up the DagBag from /home/airflow/.local/lib/python3.6/site-packages/airflow/example_dags/example_task_group.py
[2021-10-29 00:29:51,476] {processor.py:632} INFO - DAG(s) dict_keys(['example_task_group']) retrieved from /home/airflow/.local/lib/python3.6/site-packages/airflow/example_dags/example_task_group.py
[2021-10-29 00:29:51,495] {logging_mixin.py:109} INFO - [2021-10-29 00:29:51,495] {dag.py:2389} INFO - Sync 1 DAGs
[2021-10-29 00:29:51,529] {logging_mixin.py:109} INFO - [2021-10-29 00:29:51,529] {dag.py:2914} INFO - Setting next_dagrun for example_task_group to 2021-10-28T00:29:51.529108+00:00
[2021-10-29 00:29:51,546] {processor.py:171} INFO - Processing /home/airflow/.local/lib/python3.6/site-packages/airflow/example_dags/example_task_group.py took 0.171 seconds
[2021-10-29 00:30:22,076] {processor.py:163} INFO - Started process (PID=1409) to work on /home/airflow/.local/lib/python3.6/site-packages/airflow/example_dags/example_task_group.py
[2021-10-29 00:30:22,086] {processor.py:620} INFO - Processing file /home/airflow/.local/lib/python3.6/site-packages/airflow/example_dags/example_task_group.py for tasks to queue
[2021-10-29 00:30:22,089] {logging_mixin.py:109} INFO - [2021-10-29 00:30:22,089] {dagbag.py:500} INFO - Filling up the DagBag from /home/airflow/.local/lib/python3.6/site-packages/airflow/example_dags/example_task_group.py
[2021-10-29 00:30:22,150] {processor.py:632} INFO - DAG(s) dict_keys(['example_task_group']) retrieved from /home/airflow/.local/lib/python3.6/site-packages/airflow/example_dags/example_task_group.py
[2021-10-29 00:30:22,177] {logging_mixin.py:109} INFO - [2021-10-29 00:30:22,177] {dag.py:2389} INFO - Sync 1 DAGs
[2021-10-29 00:30:22,199] {logging_mixin.py:109} INFO - [2021-10-29 00:30:22,199] {dag.py:2914} INFO - Setting next_dagrun for example_task_group to 2021-10-28T00:30:22.199485+00:00
[2021-10-29 00:30:22,231] {processor.py:171} INFO - Processing /home/airflow/.local/lib/python3.6/site-packages/airflow/example_dags/example_task_group.py took 0.157 seconds
[2021-10-29 00:30:52,544] {processor.py:163} INFO - Started process (PID=1463) to work on /home/airflow/.local/lib/python3.6/site-packages/airflow/example_dags/example_task_group.py
[2021-10-29 00:30:52,563] {processor.py:620} INFO - Processing file /home/airflow/.local/lib/python3.6/site-packages/airflow/example_dags/example_task_group.py for tasks to queue
[2021-10-29 00:30:52,565] {logging_mixin.py:109} INFO - [2021-10-29 00:30:52,565] {dagbag.py:500} INFO - Filling up the DagBag from /home/airflow/.local/lib/python3.6/site-packages/airflow/example_dags/example_task_group.py
[2021-10-29 00:30:52,625] {processor.py:632} INFO - DAG(s) dict_keys(['example_task_group']) retrieved from /home/airflow/.local/lib/python3.6/site-packages/airflow/example_dags/example_task_group.py
[2021-10-29 00:30:52,647] {logging_mixin.py:109} INFO - [2021-10-29 00:30:52,647] {dag.py:2389} INFO - Sync 1 DAGs
[2021-10-29 00:30:52,679] {logging_mixin.py:109} INFO - [2021-10-29 00:30:52,679] {dag.py:2914} INFO - Setting next_dagrun for example_task_group to 2021-10-28T00:30:52.679528+00:00
[2021-10-29 00:30:52,703] {processor.py:171} INFO - Processing /home/airflow/.local/lib/python3.6/site-packages/airflow/example_dags/example_task_group.py took 0.166 seconds
[2021-10-29 00:31:23,461] {processor.py:163} INFO - Started process (PID=1516) to work on /home/airflow/.local/lib/python3.6/site-packages/airflow/example_dags/example_task_group.py
[2021-10-29 00:31:23,489] {processor.py:620} INFO - Processing file /home/airflow/.local/lib/python3.6/site-packages/airflow/example_dags/example_task_group.py for tasks to queue
[2021-10-29 00:31:23,496] {logging_mixin.py:109} INFO - [2021-10-29 00:31:23,495] {dagbag.py:500} INFO - Filling up the DagBag from /home/airflow/.local/lib/python3.6/site-packages/airflow/example_dags/example_task_group.py
[2021-10-29 00:31:23,651] {processor.py:632} INFO - DAG(s) dict_keys(['example_task_group']) retrieved from /home/airflow/.local/lib/python3.6/site-packages/airflow/example_dags/example_task_group.py
[2021-10-29 00:31:23,706] {logging_mixin.py:109} INFO - [2021-10-29 00:31:23,706] {dag.py:2389} INFO - Sync 1 DAGs
[2021-10-29 00:31:23,794] {logging_mixin.py:109} INFO - [2021-10-29 00:31:23,794] {dag.py:2914} INFO - Setting next_dagrun for example_task_group to 2021-10-28T00:31:23.794029+00:00
[2021-10-29 00:31:23,816] {processor.py:171} INFO - Processing /home/airflow/.local/lib/python3.6/site-packages/airflow/example_dags/example_task_group.py took 0.358 seconds
[2021-10-29 00:31:53,986] {processor.py:163} INFO - Started process (PID=1559) to work on /home/airflow/.local/lib/python3.6/site-packages/airflow/example_dags/example_task_group.py
[2021-10-29 00:31:54,182] {processor.py:620} INFO - Processing file /home/airflow/.local/lib/python3.6/site-packages/airflow/example_dags/example_task_group.py for tasks to queue
[2021-10-29 00:31:54,183] {logging_mixin.py:109} INFO - [2021-10-29 00:31:54,183] {dagbag.py:500} INFO - Filling up the DagBag from /home/airflow/.local/lib/python3.6/site-packages/airflow/example_dags/example_task_group.py
[2021-10-29 00:31:54,514] {processor.py:632} INFO - DAG(s) dict_keys(['example_task_group']) retrieved from /home/airflow/.local/lib/python3.6/site-packages/airflow/example_dags/example_task_group.py
[2021-10-29 00:31:54,682] {logging_mixin.py:109} INFO - [2021-10-29 00:31:54,682] {dag.py:2389} INFO - Sync 1 DAGs
[2021-10-29 00:31:54,983] {logging_mixin.py:109} INFO - [2021-10-29 00:31:54,983] {dag.py:2914} INFO - Setting next_dagrun for example_task_group to 2021-10-28T00:31:54.983309+00:00
[2021-10-29 00:31:55,152] {processor.py:171} INFO - Processing /home/airflow/.local/lib/python3.6/site-packages/airflow/example_dags/example_task_group.py took 1.169 seconds
