[2021-10-29 00:17:42,188] {processor.py:163} INFO - Started process (PID=144) to work on /home/airflow/.local/lib/python3.6/site-packages/airflow/example_dags/example_short_circuit_operator.py
[2021-10-29 00:17:42,272] {processor.py:620} INFO - Processing file /home/airflow/.local/lib/python3.6/site-packages/airflow/example_dags/example_short_circuit_operator.py for tasks to queue
[2021-10-29 00:17:42,275] {logging_mixin.py:109} INFO - [2021-10-29 00:17:42,275] {dagbag.py:500} INFO - Filling up the DagBag from /home/airflow/.local/lib/python3.6/site-packages/airflow/example_dags/example_short_circuit_operator.py
[2021-10-29 00:17:42,996] {processor.py:632} INFO - DAG(s) dict_keys(['example_short_circuit_operator']) retrieved from /home/airflow/.local/lib/python3.6/site-packages/airflow/example_dags/example_short_circuit_operator.py
[2021-10-29 00:17:43,136] {logging_mixin.py:109} INFO - [2021-10-29 00:17:43,136] {dag.py:2389} INFO - Sync 1 DAGs
[2021-10-29 00:17:43,438] {logging_mixin.py:109} INFO - [2021-10-29 00:17:43,438] {dag.py:2914} INFO - Setting next_dagrun for example_short_circuit_operator to 2021-10-28T00:17:43.438353+00:00
[2021-10-29 00:17:43,523] {processor.py:171} INFO - Processing /home/airflow/.local/lib/python3.6/site-packages/airflow/example_dags/example_short_circuit_operator.py took 1.338 seconds
[2021-10-29 00:18:13,807] {processor.py:163} INFO - Started process (PID=188) to work on /home/airflow/.local/lib/python3.6/site-packages/airflow/example_dags/example_short_circuit_operator.py
[2021-10-29 00:18:13,838] {processor.py:620} INFO - Processing file /home/airflow/.local/lib/python3.6/site-packages/airflow/example_dags/example_short_circuit_operator.py for tasks to queue
[2021-10-29 00:18:13,840] {logging_mixin.py:109} INFO - [2021-10-29 00:18:13,840] {dagbag.py:500} INFO - Filling up the DagBag from /home/airflow/.local/lib/python3.6/site-packages/airflow/example_dags/example_short_circuit_operator.py
[2021-10-29 00:18:13,918] {processor.py:632} INFO - DAG(s) dict_keys(['example_short_circuit_operator']) retrieved from /home/airflow/.local/lib/python3.6/site-packages/airflow/example_dags/example_short_circuit_operator.py
[2021-10-29 00:18:13,962] {logging_mixin.py:109} INFO - [2021-10-29 00:18:13,961] {dag.py:2389} INFO - Sync 1 DAGs
[2021-10-29 00:18:14,007] {logging_mixin.py:109} INFO - [2021-10-29 00:18:14,007] {dag.py:2914} INFO - Setting next_dagrun for example_short_circuit_operator to 2021-10-28T00:18:14.007643+00:00
[2021-10-29 00:18:14,027] {processor.py:171} INFO - Processing /home/airflow/.local/lib/python3.6/site-packages/airflow/example_dags/example_short_circuit_operator.py took 0.223 seconds
[2021-10-29 00:18:44,810] {processor.py:163} INFO - Started process (PID=241) to work on /home/airflow/.local/lib/python3.6/site-packages/airflow/example_dags/example_short_circuit_operator.py
[2021-10-29 00:18:44,817] {processor.py:620} INFO - Processing file /home/airflow/.local/lib/python3.6/site-packages/airflow/example_dags/example_short_circuit_operator.py for tasks to queue
[2021-10-29 00:18:44,819] {logging_mixin.py:109} INFO - [2021-10-29 00:18:44,819] {dagbag.py:500} INFO - Filling up the DagBag from /home/airflow/.local/lib/python3.6/site-packages/airflow/example_dags/example_short_circuit_operator.py
[2021-10-29 00:18:44,846] {processor.py:632} INFO - DAG(s) dict_keys(['example_short_circuit_operator']) retrieved from /home/airflow/.local/lib/python3.6/site-packages/airflow/example_dags/example_short_circuit_operator.py
[2021-10-29 00:18:44,857] {logging_mixin.py:109} INFO - [2021-10-29 00:18:44,857] {dag.py:2389} INFO - Sync 1 DAGs
[2021-10-29 00:18:44,873] {logging_mixin.py:109} INFO - [2021-10-29 00:18:44,873] {dag.py:2914} INFO - Setting next_dagrun for example_short_circuit_operator to 2021-10-28T00:18:44.873155+00:00
[2021-10-29 00:18:44,885] {processor.py:171} INFO - Processing /home/airflow/.local/lib/python3.6/site-packages/airflow/example_dags/example_short_circuit_operator.py took 0.078 seconds
[2021-10-29 00:19:15,632] {processor.py:163} INFO - Started process (PID=294) to work on /home/airflow/.local/lib/python3.6/site-packages/airflow/example_dags/example_short_circuit_operator.py
[2021-10-29 00:19:15,636] {processor.py:620} INFO - Processing file /home/airflow/.local/lib/python3.6/site-packages/airflow/example_dags/example_short_circuit_operator.py for tasks to queue
[2021-10-29 00:19:15,637] {logging_mixin.py:109} INFO - [2021-10-29 00:19:15,637] {dagbag.py:500} INFO - Filling up the DagBag from /home/airflow/.local/lib/python3.6/site-packages/airflow/example_dags/example_short_circuit_operator.py
[2021-10-29 00:19:15,670] {processor.py:632} INFO - DAG(s) dict_keys(['example_short_circuit_operator']) retrieved from /home/airflow/.local/lib/python3.6/site-packages/airflow/example_dags/example_short_circuit_operator.py
[2021-10-29 00:19:15,682] {logging_mixin.py:109} INFO - [2021-10-29 00:19:15,682] {dag.py:2389} INFO - Sync 1 DAGs
[2021-10-29 00:19:15,700] {logging_mixin.py:109} INFO - [2021-10-29 00:19:15,700] {dag.py:2914} INFO - Setting next_dagrun for example_short_circuit_operator to 2021-10-28T00:19:15.700304+00:00
[2021-10-29 00:19:15,718] {processor.py:171} INFO - Processing /home/airflow/.local/lib/python3.6/site-packages/airflow/example_dags/example_short_circuit_operator.py took 0.090 seconds
[2021-10-29 00:19:46,057] {processor.py:163} INFO - Started process (PID=348) to work on /home/airflow/.local/lib/python3.6/site-packages/airflow/example_dags/example_short_circuit_operator.py
[2021-10-29 00:19:46,061] {processor.py:620} INFO - Processing file /home/airflow/.local/lib/python3.6/site-packages/airflow/example_dags/example_short_circuit_operator.py for tasks to queue
[2021-10-29 00:19:46,063] {logging_mixin.py:109} INFO - [2021-10-29 00:19:46,062] {dagbag.py:500} INFO - Filling up the DagBag from /home/airflow/.local/lib/python3.6/site-packages/airflow/example_dags/example_short_circuit_operator.py
[2021-10-29 00:19:46,170] {processor.py:632} INFO - DAG(s) dict_keys(['example_short_circuit_operator']) retrieved from /home/airflow/.local/lib/python3.6/site-packages/airflow/example_dags/example_short_circuit_operator.py
[2021-10-29 00:19:46,237] {logging_mixin.py:109} INFO - [2021-10-29 00:19:46,236] {dag.py:2389} INFO - Sync 1 DAGs
[2021-10-29 00:19:46,302] {logging_mixin.py:109} INFO - [2021-10-29 00:19:46,302] {dag.py:2914} INFO - Setting next_dagrun for example_short_circuit_operator to 2021-10-28T00:19:46.302425+00:00
[2021-10-29 00:19:46,342] {processor.py:171} INFO - Processing /home/airflow/.local/lib/python3.6/site-packages/airflow/example_dags/example_short_circuit_operator.py took 0.287 seconds
[2021-10-29 00:20:16,414] {processor.py:163} INFO - Started process (PID=402) to work on /home/airflow/.local/lib/python3.6/site-packages/airflow/example_dags/example_short_circuit_operator.py
[2021-10-29 00:20:16,417] {processor.py:620} INFO - Processing file /home/airflow/.local/lib/python3.6/site-packages/airflow/example_dags/example_short_circuit_operator.py for tasks to queue
[2021-10-29 00:20:16,419] {logging_mixin.py:109} INFO - [2021-10-29 00:20:16,419] {dagbag.py:500} INFO - Filling up the DagBag from /home/airflow/.local/lib/python3.6/site-packages/airflow/example_dags/example_short_circuit_operator.py
[2021-10-29 00:20:16,524] {processor.py:632} INFO - DAG(s) dict_keys(['example_short_circuit_operator']) retrieved from /home/airflow/.local/lib/python3.6/site-packages/airflow/example_dags/example_short_circuit_operator.py
[2021-10-29 00:20:16,545] {logging_mixin.py:109} INFO - [2021-10-29 00:20:16,545] {dag.py:2389} INFO - Sync 1 DAGs
[2021-10-29 00:20:16,572] {logging_mixin.py:109} INFO - [2021-10-29 00:20:16,572] {dag.py:2914} INFO - Setting next_dagrun for example_short_circuit_operator to 2021-10-28T00:20:16.572626+00:00
[2021-10-29 00:20:16,594] {processor.py:171} INFO - Processing /home/airflow/.local/lib/python3.6/site-packages/airflow/example_dags/example_short_circuit_operator.py took 0.192 seconds
[2021-10-29 00:20:47,028] {processor.py:163} INFO - Started process (PID=456) to work on /home/airflow/.local/lib/python3.6/site-packages/airflow/example_dags/example_short_circuit_operator.py
[2021-10-29 00:20:47,057] {processor.py:620} INFO - Processing file /home/airflow/.local/lib/python3.6/site-packages/airflow/example_dags/example_short_circuit_operator.py for tasks to queue
[2021-10-29 00:20:47,058] {logging_mixin.py:109} INFO - [2021-10-29 00:20:47,058] {dagbag.py:500} INFO - Filling up the DagBag from /home/airflow/.local/lib/python3.6/site-packages/airflow/example_dags/example_short_circuit_operator.py
[2021-10-29 00:20:47,155] {processor.py:632} INFO - DAG(s) dict_keys(['example_short_circuit_operator']) retrieved from /home/airflow/.local/lib/python3.6/site-packages/airflow/example_dags/example_short_circuit_operator.py
[2021-10-29 00:20:47,182] {logging_mixin.py:109} INFO - [2021-10-29 00:20:47,182] {dag.py:2389} INFO - Sync 1 DAGs
[2021-10-29 00:20:47,216] {logging_mixin.py:109} INFO - [2021-10-29 00:20:47,216] {dag.py:2914} INFO - Setting next_dagrun for example_short_circuit_operator to 2021-10-28T00:20:47.216417+00:00
[2021-10-29 00:20:47,245] {processor.py:171} INFO - Processing /home/airflow/.local/lib/python3.6/site-packages/airflow/example_dags/example_short_circuit_operator.py took 0.220 seconds
[2021-10-29 00:21:19,212] {processor.py:163} INFO - Started process (PID=510) to work on /home/airflow/.local/lib/python3.6/site-packages/airflow/example_dags/example_short_circuit_operator.py
[2021-10-29 00:21:19,260] {processor.py:620} INFO - Processing file /home/airflow/.local/lib/python3.6/site-packages/airflow/example_dags/example_short_circuit_operator.py for tasks to queue
[2021-10-29 00:21:19,271] {logging_mixin.py:109} INFO - [2021-10-29 00:21:19,270] {dagbag.py:500} INFO - Filling up the DagBag from /home/airflow/.local/lib/python3.6/site-packages/airflow/example_dags/example_short_circuit_operator.py
[2021-10-29 00:21:19,395] {processor.py:632} INFO - DAG(s) dict_keys(['example_short_circuit_operator']) retrieved from /home/airflow/.local/lib/python3.6/site-packages/airflow/example_dags/example_short_circuit_operator.py
[2021-10-29 00:21:19,463] {logging_mixin.py:109} INFO - [2021-10-29 00:21:19,462] {dag.py:2389} INFO - Sync 1 DAGs
[2021-10-29 00:21:19,743] {logging_mixin.py:109} INFO - [2021-10-29 00:21:19,743] {dag.py:2914} INFO - Setting next_dagrun for example_short_circuit_operator to 2021-10-28T00:21:19.742756+00:00
[2021-10-29 00:21:19,860] {processor.py:171} INFO - Processing /home/airflow/.local/lib/python3.6/site-packages/airflow/example_dags/example_short_circuit_operator.py took 0.651 seconds
[2021-10-29 00:22:16,805] {processor.py:163} INFO - Started process (PID=572) to work on /home/airflow/.local/lib/python3.6/site-packages/airflow/example_dags/example_short_circuit_operator.py
[2021-10-29 00:22:16,940] {processor.py:620} INFO - Processing file /home/airflow/.local/lib/python3.6/site-packages/airflow/example_dags/example_short_circuit_operator.py for tasks to queue
[2021-10-29 00:22:16,962] {logging_mixin.py:109} INFO - [2021-10-29 00:22:16,962] {dagbag.py:500} INFO - Filling up the DagBag from /home/airflow/.local/lib/python3.6/site-packages/airflow/example_dags/example_short_circuit_operator.py
[2021-10-29 00:22:17,532] {processor.py:632} INFO - DAG(s) dict_keys(['example_short_circuit_operator']) retrieved from /home/airflow/.local/lib/python3.6/site-packages/airflow/example_dags/example_short_circuit_operator.py
[2021-10-29 00:22:17,786] {logging_mixin.py:109} INFO - [2021-10-29 00:22:17,786] {dag.py:2389} INFO - Sync 1 DAGs
[2021-10-29 00:22:18,123] {logging_mixin.py:109} INFO - [2021-10-29 00:22:18,123] {dag.py:2914} INFO - Setting next_dagrun for example_short_circuit_operator to 2021-10-28T00:22:18.123022+00:00
[2021-10-29 00:22:18,271] {processor.py:171} INFO - Processing /home/airflow/.local/lib/python3.6/site-packages/airflow/example_dags/example_short_circuit_operator.py took 1.470 seconds
[2021-10-29 00:22:49,226] {processor.py:163} INFO - Started process (PID=618) to work on /home/airflow/.local/lib/python3.6/site-packages/airflow/example_dags/example_short_circuit_operator.py
[2021-10-29 00:22:49,264] {processor.py:620} INFO - Processing file /home/airflow/.local/lib/python3.6/site-packages/airflow/example_dags/example_short_circuit_operator.py for tasks to queue
[2021-10-29 00:22:49,266] {logging_mixin.py:109} INFO - [2021-10-29 00:22:49,266] {dagbag.py:500} INFO - Filling up the DagBag from /home/airflow/.local/lib/python3.6/site-packages/airflow/example_dags/example_short_circuit_operator.py
[2021-10-29 00:22:49,358] {processor.py:632} INFO - DAG(s) dict_keys(['example_short_circuit_operator']) retrieved from /home/airflow/.local/lib/python3.6/site-packages/airflow/example_dags/example_short_circuit_operator.py
[2021-10-29 00:22:49,407] {logging_mixin.py:109} INFO - [2021-10-29 00:22:49,406] {dag.py:2389} INFO - Sync 1 DAGs
[2021-10-29 00:22:49,558] {logging_mixin.py:109} INFO - [2021-10-29 00:22:49,557] {dag.py:2914} INFO - Setting next_dagrun for example_short_circuit_operator to 2021-10-28T00:22:49.557673+00:00
[2021-10-29 00:22:49,606] {processor.py:171} INFO - Processing /home/airflow/.local/lib/python3.6/site-packages/airflow/example_dags/example_short_circuit_operator.py took 0.383 seconds
[2021-10-29 00:23:19,826] {processor.py:163} INFO - Started process (PID=672) to work on /home/airflow/.local/lib/python3.6/site-packages/airflow/example_dags/example_short_circuit_operator.py
[2021-10-29 00:23:19,830] {processor.py:620} INFO - Processing file /home/airflow/.local/lib/python3.6/site-packages/airflow/example_dags/example_short_circuit_operator.py for tasks to queue
[2021-10-29 00:23:19,832] {logging_mixin.py:109} INFO - [2021-10-29 00:23:19,831] {dagbag.py:500} INFO - Filling up the DagBag from /home/airflow/.local/lib/python3.6/site-packages/airflow/example_dags/example_short_circuit_operator.py
[2021-10-29 00:23:19,883] {processor.py:632} INFO - DAG(s) dict_keys(['example_short_circuit_operator']) retrieved from /home/airflow/.local/lib/python3.6/site-packages/airflow/example_dags/example_short_circuit_operator.py
[2021-10-29 00:23:19,911] {logging_mixin.py:109} INFO - [2021-10-29 00:23:19,911] {dag.py:2389} INFO - Sync 1 DAGs
[2021-10-29 00:23:19,974] {logging_mixin.py:109} INFO - [2021-10-29 00:23:19,974] {dag.py:2914} INFO - Setting next_dagrun for example_short_circuit_operator to 2021-10-28T00:23:19.973918+00:00
[2021-10-29 00:23:19,994] {processor.py:171} INFO - Processing /home/airflow/.local/lib/python3.6/site-packages/airflow/example_dags/example_short_circuit_operator.py took 0.185 seconds
[2021-10-29 00:23:50,347] {processor.py:163} INFO - Started process (PID=735) to work on /home/airflow/.local/lib/python3.6/site-packages/airflow/example_dags/example_short_circuit_operator.py
[2021-10-29 00:23:50,358] {processor.py:620} INFO - Processing file /home/airflow/.local/lib/python3.6/site-packages/airflow/example_dags/example_short_circuit_operator.py for tasks to queue
[2021-10-29 00:23:50,370] {logging_mixin.py:109} INFO - [2021-10-29 00:23:50,370] {dagbag.py:500} INFO - Filling up the DagBag from /home/airflow/.local/lib/python3.6/site-packages/airflow/example_dags/example_short_circuit_operator.py
[2021-10-29 00:23:50,489] {processor.py:632} INFO - DAG(s) dict_keys(['example_short_circuit_operator']) retrieved from /home/airflow/.local/lib/python3.6/site-packages/airflow/example_dags/example_short_circuit_operator.py
[2021-10-29 00:23:50,523] {logging_mixin.py:109} INFO - [2021-10-29 00:23:50,523] {dag.py:2389} INFO - Sync 1 DAGs
[2021-10-29 00:23:50,589] {logging_mixin.py:109} INFO - [2021-10-29 00:23:50,589] {dag.py:2914} INFO - Setting next_dagrun for example_short_circuit_operator to 2021-10-28T00:23:50.589599+00:00
[2021-10-29 00:23:50,622] {processor.py:171} INFO - Processing /home/airflow/.local/lib/python3.6/site-packages/airflow/example_dags/example_short_circuit_operator.py took 0.279 seconds
[2021-10-29 00:24:22,069] {processor.py:163} INFO - Started process (PID=789) to work on /home/airflow/.local/lib/python3.6/site-packages/airflow/example_dags/example_short_circuit_operator.py
[2021-10-29 00:24:22,128] {processor.py:620} INFO - Processing file /home/airflow/.local/lib/python3.6/site-packages/airflow/example_dags/example_short_circuit_operator.py for tasks to queue
[2021-10-29 00:24:22,130] {logging_mixin.py:109} INFO - [2021-10-29 00:24:22,130] {dagbag.py:500} INFO - Filling up the DagBag from /home/airflow/.local/lib/python3.6/site-packages/airflow/example_dags/example_short_circuit_operator.py
[2021-10-29 00:24:22,301] {processor.py:632} INFO - DAG(s) dict_keys(['example_short_circuit_operator']) retrieved from /home/airflow/.local/lib/python3.6/site-packages/airflow/example_dags/example_short_circuit_operator.py
[2021-10-29 00:24:22,340] {logging_mixin.py:109} INFO - [2021-10-29 00:24:22,340] {dag.py:2389} INFO - Sync 1 DAGs
[2021-10-29 00:24:22,460] {logging_mixin.py:109} INFO - [2021-10-29 00:24:22,460] {dag.py:2914} INFO - Setting next_dagrun for example_short_circuit_operator to 2021-10-28T00:24:22.460531+00:00
[2021-10-29 00:24:22,505] {processor.py:171} INFO - Processing /home/airflow/.local/lib/python3.6/site-packages/airflow/example_dags/example_short_circuit_operator.py took 0.439 seconds
[2021-10-29 00:24:53,498] {processor.py:163} INFO - Started process (PID=844) to work on /home/airflow/.local/lib/python3.6/site-packages/airflow/example_dags/example_short_circuit_operator.py
[2021-10-29 00:24:53,537] {processor.py:620} INFO - Processing file /home/airflow/.local/lib/python3.6/site-packages/airflow/example_dags/example_short_circuit_operator.py for tasks to queue
[2021-10-29 00:24:53,544] {logging_mixin.py:109} INFO - [2021-10-29 00:24:53,544] {dagbag.py:500} INFO - Filling up the DagBag from /home/airflow/.local/lib/python3.6/site-packages/airflow/example_dags/example_short_circuit_operator.py
[2021-10-29 00:24:53,716] {processor.py:632} INFO - DAG(s) dict_keys(['example_short_circuit_operator']) retrieved from /home/airflow/.local/lib/python3.6/site-packages/airflow/example_dags/example_short_circuit_operator.py
[2021-10-29 00:24:53,788] {logging_mixin.py:109} INFO - [2021-10-29 00:24:53,788] {dag.py:2389} INFO - Sync 1 DAGs
[2021-10-29 00:24:53,902] {logging_mixin.py:109} INFO - [2021-10-29 00:24:53,902] {dag.py:2914} INFO - Setting next_dagrun for example_short_circuit_operator to 2021-10-28T00:24:53.901734+00:00
[2021-10-29 00:24:53,977] {processor.py:171} INFO - Processing /home/airflow/.local/lib/python3.6/site-packages/airflow/example_dags/example_short_circuit_operator.py took 0.482 seconds
[2021-10-29 00:25:24,123] {processor.py:163} INFO - Started process (PID=898) to work on /home/airflow/.local/lib/python3.6/site-packages/airflow/example_dags/example_short_circuit_operator.py
[2021-10-29 00:25:24,133] {processor.py:620} INFO - Processing file /home/airflow/.local/lib/python3.6/site-packages/airflow/example_dags/example_short_circuit_operator.py for tasks to queue
[2021-10-29 00:25:24,135] {logging_mixin.py:109} INFO - [2021-10-29 00:25:24,135] {dagbag.py:500} INFO - Filling up the DagBag from /home/airflow/.local/lib/python3.6/site-packages/airflow/example_dags/example_short_circuit_operator.py
[2021-10-29 00:25:24,223] {processor.py:632} INFO - DAG(s) dict_keys(['example_short_circuit_operator']) retrieved from /home/airflow/.local/lib/python3.6/site-packages/airflow/example_dags/example_short_circuit_operator.py
[2021-10-29 00:25:24,272] {logging_mixin.py:109} INFO - [2021-10-29 00:25:24,272] {dag.py:2389} INFO - Sync 1 DAGs
[2021-10-29 00:25:24,321] {logging_mixin.py:109} INFO - [2021-10-29 00:25:24,321] {dag.py:2914} INFO - Setting next_dagrun for example_short_circuit_operator to 2021-10-28T00:25:24.320925+00:00
[2021-10-29 00:25:24,348] {processor.py:171} INFO - Processing /home/airflow/.local/lib/python3.6/site-packages/airflow/example_dags/example_short_circuit_operator.py took 0.242 seconds
[2021-10-29 00:25:54,448] {processor.py:163} INFO - Started process (PID=952) to work on /home/airflow/.local/lib/python3.6/site-packages/airflow/example_dags/example_short_circuit_operator.py
[2021-10-29 00:25:54,467] {processor.py:620} INFO - Processing file /home/airflow/.local/lib/python3.6/site-packages/airflow/example_dags/example_short_circuit_operator.py for tasks to queue
[2021-10-29 00:25:54,470] {logging_mixin.py:109} INFO - [2021-10-29 00:25:54,470] {dagbag.py:500} INFO - Filling up the DagBag from /home/airflow/.local/lib/python3.6/site-packages/airflow/example_dags/example_short_circuit_operator.py
[2021-10-29 00:25:54,574] {processor.py:632} INFO - DAG(s) dict_keys(['example_short_circuit_operator']) retrieved from /home/airflow/.local/lib/python3.6/site-packages/airflow/example_dags/example_short_circuit_operator.py
[2021-10-29 00:25:54,605] {logging_mixin.py:109} INFO - [2021-10-29 00:25:54,604] {dag.py:2389} INFO - Sync 1 DAGs
[2021-10-29 00:25:54,659] {logging_mixin.py:109} INFO - [2021-10-29 00:25:54,659] {dag.py:2914} INFO - Setting next_dagrun for example_short_circuit_operator to 2021-10-28T00:25:54.659476+00:00
[2021-10-29 00:25:54,679] {processor.py:171} INFO - Processing /home/airflow/.local/lib/python3.6/site-packages/airflow/example_dags/example_short_circuit_operator.py took 0.234 seconds
[2021-10-29 00:26:25,557] {processor.py:163} INFO - Started process (PID=1006) to work on /home/airflow/.local/lib/python3.6/site-packages/airflow/example_dags/example_short_circuit_operator.py
[2021-10-29 00:26:25,608] {processor.py:620} INFO - Processing file /home/airflow/.local/lib/python3.6/site-packages/airflow/example_dags/example_short_circuit_operator.py for tasks to queue
[2021-10-29 00:26:25,611] {logging_mixin.py:109} INFO - [2021-10-29 00:26:25,611] {dagbag.py:500} INFO - Filling up the DagBag from /home/airflow/.local/lib/python3.6/site-packages/airflow/example_dags/example_short_circuit_operator.py
[2021-10-29 00:26:25,769] {processor.py:632} INFO - DAG(s) dict_keys(['example_short_circuit_operator']) retrieved from /home/airflow/.local/lib/python3.6/site-packages/airflow/example_dags/example_short_circuit_operator.py
[2021-10-29 00:26:25,831] {logging_mixin.py:109} INFO - [2021-10-29 00:26:25,831] {dag.py:2389} INFO - Sync 1 DAGs
[2021-10-29 00:26:25,982] {logging_mixin.py:109} INFO - [2021-10-29 00:26:25,982] {dag.py:2914} INFO - Setting next_dagrun for example_short_circuit_operator to 2021-10-28T00:26:25.981789+00:00
[2021-10-29 00:26:26,026] {processor.py:171} INFO - Processing /home/airflow/.local/lib/python3.6/site-packages/airflow/example_dags/example_short_circuit_operator.py took 0.472 seconds
[2021-10-29 00:26:56,156] {processor.py:163} INFO - Started process (PID=1060) to work on /home/airflow/.local/lib/python3.6/site-packages/airflow/example_dags/example_short_circuit_operator.py
[2021-10-29 00:26:56,195] {processor.py:620} INFO - Processing file /home/airflow/.local/lib/python3.6/site-packages/airflow/example_dags/example_short_circuit_operator.py for tasks to queue
[2021-10-29 00:26:56,200] {logging_mixin.py:109} INFO - [2021-10-29 00:26:56,200] {dagbag.py:500} INFO - Filling up the DagBag from /home/airflow/.local/lib/python3.6/site-packages/airflow/example_dags/example_short_circuit_operator.py
[2021-10-29 00:26:56,321] {processor.py:632} INFO - DAG(s) dict_keys(['example_short_circuit_operator']) retrieved from /home/airflow/.local/lib/python3.6/site-packages/airflow/example_dags/example_short_circuit_operator.py
[2021-10-29 00:26:56,364] {logging_mixin.py:109} INFO - [2021-10-29 00:26:56,364] {dag.py:2389} INFO - Sync 1 DAGs
[2021-10-29 00:26:56,417] {logging_mixin.py:109} INFO - [2021-10-29 00:26:56,417] {dag.py:2914} INFO - Setting next_dagrun for example_short_circuit_operator to 2021-10-28T00:26:56.417359+00:00
[2021-10-29 00:26:56,440] {processor.py:171} INFO - Processing /home/airflow/.local/lib/python3.6/site-packages/airflow/example_dags/example_short_circuit_operator.py took 0.287 seconds
[2021-10-29 00:27:27,104] {processor.py:163} INFO - Started process (PID=1112) to work on /home/airflow/.local/lib/python3.6/site-packages/airflow/example_dags/example_short_circuit_operator.py
[2021-10-29 00:27:27,174] {processor.py:620} INFO - Processing file /home/airflow/.local/lib/python3.6/site-packages/airflow/example_dags/example_short_circuit_operator.py for tasks to queue
[2021-10-29 00:27:27,182] {logging_mixin.py:109} INFO - [2021-10-29 00:27:27,182] {dagbag.py:500} INFO - Filling up the DagBag from /home/airflow/.local/lib/python3.6/site-packages/airflow/example_dags/example_short_circuit_operator.py
[2021-10-29 00:27:27,395] {processor.py:632} INFO - DAG(s) dict_keys(['example_short_circuit_operator']) retrieved from /home/airflow/.local/lib/python3.6/site-packages/airflow/example_dags/example_short_circuit_operator.py
[2021-10-29 00:27:27,487] {logging_mixin.py:109} INFO - [2021-10-29 00:27:27,487] {dag.py:2389} INFO - Sync 1 DAGs
[2021-10-29 00:27:27,633] {logging_mixin.py:109} INFO - [2021-10-29 00:27:27,633] {dag.py:2914} INFO - Setting next_dagrun for example_short_circuit_operator to 2021-10-28T00:27:27.633050+00:00
[2021-10-29 00:27:27,739] {processor.py:171} INFO - Processing /home/airflow/.local/lib/python3.6/site-packages/airflow/example_dags/example_short_circuit_operator.py took 0.638 seconds
[2021-10-29 00:27:58,540] {processor.py:163} INFO - Started process (PID=1168) to work on /home/airflow/.local/lib/python3.6/site-packages/airflow/example_dags/example_short_circuit_operator.py
[2021-10-29 00:27:58,570] {processor.py:620} INFO - Processing file /home/airflow/.local/lib/python3.6/site-packages/airflow/example_dags/example_short_circuit_operator.py for tasks to queue
[2021-10-29 00:27:58,582] {logging_mixin.py:109} INFO - [2021-10-29 00:27:58,580] {dagbag.py:500} INFO - Filling up the DagBag from /home/airflow/.local/lib/python3.6/site-packages/airflow/example_dags/example_short_circuit_operator.py
[2021-10-29 00:27:58,770] {processor.py:632} INFO - DAG(s) dict_keys(['example_short_circuit_operator']) retrieved from /home/airflow/.local/lib/python3.6/site-packages/airflow/example_dags/example_short_circuit_operator.py
[2021-10-29 00:27:58,814] {logging_mixin.py:109} INFO - [2021-10-29 00:27:58,814] {dag.py:2389} INFO - Sync 1 DAGs
[2021-10-29 00:27:58,909] {logging_mixin.py:109} INFO - [2021-10-29 00:27:58,909] {dag.py:2914} INFO - Setting next_dagrun for example_short_circuit_operator to 2021-10-28T00:27:58.909469+00:00
[2021-10-29 00:27:58,998] {processor.py:171} INFO - Processing /home/airflow/.local/lib/python3.6/site-packages/airflow/example_dags/example_short_circuit_operator.py took 0.476 seconds
[2021-10-29 00:28:29,813] {processor.py:163} INFO - Started process (PID=1220) to work on /home/airflow/.local/lib/python3.6/site-packages/airflow/example_dags/example_short_circuit_operator.py
[2021-10-29 00:28:29,829] {processor.py:620} INFO - Processing file /home/airflow/.local/lib/python3.6/site-packages/airflow/example_dags/example_short_circuit_operator.py for tasks to queue
[2021-10-29 00:28:29,831] {logging_mixin.py:109} INFO - [2021-10-29 00:28:29,831] {dagbag.py:500} INFO - Filling up the DagBag from /home/airflow/.local/lib/python3.6/site-packages/airflow/example_dags/example_short_circuit_operator.py
[2021-10-29 00:28:30,078] {processor.py:632} INFO - DAG(s) dict_keys(['example_short_circuit_operator']) retrieved from /home/airflow/.local/lib/python3.6/site-packages/airflow/example_dags/example_short_circuit_operator.py
[2021-10-29 00:28:30,183] {logging_mixin.py:109} INFO - [2021-10-29 00:28:30,183] {dag.py:2389} INFO - Sync 1 DAGs
[2021-10-29 00:28:30,269] {logging_mixin.py:109} INFO - [2021-10-29 00:28:30,269] {dag.py:2914} INFO - Setting next_dagrun for example_short_circuit_operator to 2021-10-28T00:28:30.268940+00:00
[2021-10-29 00:28:30,356] {processor.py:171} INFO - Processing /home/airflow/.local/lib/python3.6/site-packages/airflow/example_dags/example_short_circuit_operator.py took 0.546 seconds
[2021-10-29 00:29:00,680] {processor.py:163} INFO - Started process (PID=1273) to work on /home/airflow/.local/lib/python3.6/site-packages/airflow/example_dags/example_short_circuit_operator.py
[2021-10-29 00:29:00,720] {processor.py:620} INFO - Processing file /home/airflow/.local/lib/python3.6/site-packages/airflow/example_dags/example_short_circuit_operator.py for tasks to queue
[2021-10-29 00:29:00,722] {logging_mixin.py:109} INFO - [2021-10-29 00:29:00,722] {dagbag.py:500} INFO - Filling up the DagBag from /home/airflow/.local/lib/python3.6/site-packages/airflow/example_dags/example_short_circuit_operator.py
[2021-10-29 00:29:00,831] {processor.py:632} INFO - DAG(s) dict_keys(['example_short_circuit_operator']) retrieved from /home/airflow/.local/lib/python3.6/site-packages/airflow/example_dags/example_short_circuit_operator.py
[2021-10-29 00:29:00,865] {logging_mixin.py:109} INFO - [2021-10-29 00:29:00,865] {dag.py:2389} INFO - Sync 1 DAGs
[2021-10-29 00:29:00,928] {logging_mixin.py:109} INFO - [2021-10-29 00:29:00,928] {dag.py:2914} INFO - Setting next_dagrun for example_short_circuit_operator to 2021-10-28T00:29:00.927937+00:00
[2021-10-29 00:29:00,964] {processor.py:171} INFO - Processing /home/airflow/.local/lib/python3.6/site-packages/airflow/example_dags/example_short_circuit_operator.py took 0.287 seconds
[2021-10-29 00:29:31,109] {processor.py:163} INFO - Started process (PID=1327) to work on /home/airflow/.local/lib/python3.6/site-packages/airflow/example_dags/example_short_circuit_operator.py
[2021-10-29 00:29:31,144] {processor.py:620} INFO - Processing file /home/airflow/.local/lib/python3.6/site-packages/airflow/example_dags/example_short_circuit_operator.py for tasks to queue
[2021-10-29 00:29:31,146] {logging_mixin.py:109} INFO - [2021-10-29 00:29:31,146] {dagbag.py:500} INFO - Filling up the DagBag from /home/airflow/.local/lib/python3.6/site-packages/airflow/example_dags/example_short_circuit_operator.py
[2021-10-29 00:29:31,251] {processor.py:632} INFO - DAG(s) dict_keys(['example_short_circuit_operator']) retrieved from /home/airflow/.local/lib/python3.6/site-packages/airflow/example_dags/example_short_circuit_operator.py
[2021-10-29 00:29:31,278] {logging_mixin.py:109} INFO - [2021-10-29 00:29:31,278] {dag.py:2389} INFO - Sync 1 DAGs
[2021-10-29 00:29:31,412] {logging_mixin.py:109} INFO - [2021-10-29 00:29:31,412] {dag.py:2914} INFO - Setting next_dagrun for example_short_circuit_operator to 2021-10-28T00:29:31.412555+00:00
[2021-10-29 00:29:31,448] {processor.py:171} INFO - Processing /home/airflow/.local/lib/python3.6/site-packages/airflow/example_dags/example_short_circuit_operator.py took 0.343 seconds
[2021-10-29 00:30:02,252] {processor.py:163} INFO - Started process (PID=1380) to work on /home/airflow/.local/lib/python3.6/site-packages/airflow/example_dags/example_short_circuit_operator.py
[2021-10-29 00:30:02,281] {processor.py:620} INFO - Processing file /home/airflow/.local/lib/python3.6/site-packages/airflow/example_dags/example_short_circuit_operator.py for tasks to queue
[2021-10-29 00:30:02,283] {logging_mixin.py:109} INFO - [2021-10-29 00:30:02,283] {dagbag.py:500} INFO - Filling up the DagBag from /home/airflow/.local/lib/python3.6/site-packages/airflow/example_dags/example_short_circuit_operator.py
[2021-10-29 00:30:02,688] {processor.py:632} INFO - DAG(s) dict_keys(['example_short_circuit_operator']) retrieved from /home/airflow/.local/lib/python3.6/site-packages/airflow/example_dags/example_short_circuit_operator.py
[2021-10-29 00:30:02,794] {logging_mixin.py:109} INFO - [2021-10-29 00:30:02,794] {dag.py:2389} INFO - Sync 1 DAGs
[2021-10-29 00:30:02,853] {logging_mixin.py:109} INFO - [2021-10-29 00:30:02,852] {dag.py:2914} INFO - Setting next_dagrun for example_short_circuit_operator to 2021-10-28T00:30:02.852755+00:00
[2021-10-29 00:30:02,904] {processor.py:171} INFO - Processing /home/airflow/.local/lib/python3.6/site-packages/airflow/example_dags/example_short_circuit_operator.py took 0.655 seconds
[2021-10-29 00:30:33,001] {processor.py:163} INFO - Started process (PID=1435) to work on /home/airflow/.local/lib/python3.6/site-packages/airflow/example_dags/example_short_circuit_operator.py
[2021-10-29 00:30:33,003] {processor.py:620} INFO - Processing file /home/airflow/.local/lib/python3.6/site-packages/airflow/example_dags/example_short_circuit_operator.py for tasks to queue
[2021-10-29 00:30:33,019] {logging_mixin.py:109} INFO - [2021-10-29 00:30:33,019] {dagbag.py:500} INFO - Filling up the DagBag from /home/airflow/.local/lib/python3.6/site-packages/airflow/example_dags/example_short_circuit_operator.py
[2021-10-29 00:30:33,132] {processor.py:632} INFO - DAG(s) dict_keys(['example_short_circuit_operator']) retrieved from /home/airflow/.local/lib/python3.6/site-packages/airflow/example_dags/example_short_circuit_operator.py
[2021-10-29 00:30:33,194] {logging_mixin.py:109} INFO - [2021-10-29 00:30:33,194] {dag.py:2389} INFO - Sync 1 DAGs
[2021-10-29 00:30:33,279] {logging_mixin.py:109} INFO - [2021-10-29 00:30:33,279] {dag.py:2914} INFO - Setting next_dagrun for example_short_circuit_operator to 2021-10-28T00:30:33.278972+00:00
[2021-10-29 00:30:33,290] {processor.py:171} INFO - Processing /home/airflow/.local/lib/python3.6/site-packages/airflow/example_dags/example_short_circuit_operator.py took 0.306 seconds
[2021-10-29 00:31:04,326] {processor.py:163} INFO - Started process (PID=1488) to work on /home/airflow/.local/lib/python3.6/site-packages/airflow/example_dags/example_short_circuit_operator.py
[2021-10-29 00:31:04,419] {processor.py:620} INFO - Processing file /home/airflow/.local/lib/python3.6/site-packages/airflow/example_dags/example_short_circuit_operator.py for tasks to queue
[2021-10-29 00:31:04,432] {logging_mixin.py:109} INFO - [2021-10-29 00:31:04,431] {dagbag.py:500} INFO - Filling up the DagBag from /home/airflow/.local/lib/python3.6/site-packages/airflow/example_dags/example_short_circuit_operator.py
[2021-10-29 00:31:04,646] {processor.py:632} INFO - DAG(s) dict_keys(['example_short_circuit_operator']) retrieved from /home/airflow/.local/lib/python3.6/site-packages/airflow/example_dags/example_short_circuit_operator.py
[2021-10-29 00:31:04,810] {logging_mixin.py:109} INFO - [2021-10-29 00:31:04,810] {dag.py:2389} INFO - Sync 1 DAGs
[2021-10-29 00:31:05,022] {logging_mixin.py:109} INFO - [2021-10-29 00:31:05,022] {dag.py:2914} INFO - Setting next_dagrun for example_short_circuit_operator to 2021-10-28T00:31:05.021886+00:00
[2021-10-29 00:31:05,084] {processor.py:171} INFO - Processing /home/airflow/.local/lib/python3.6/site-packages/airflow/example_dags/example_short_circuit_operator.py took 0.761 seconds
[2021-10-29 00:31:36,074] {processor.py:163} INFO - Started process (PID=1539) to work on /home/airflow/.local/lib/python3.6/site-packages/airflow/example_dags/example_short_circuit_operator.py
[2021-10-29 00:31:36,121] {processor.py:620} INFO - Processing file /home/airflow/.local/lib/python3.6/site-packages/airflow/example_dags/example_short_circuit_operator.py for tasks to queue
[2021-10-29 00:31:36,144] {logging_mixin.py:109} INFO - [2021-10-29 00:31:36,144] {dagbag.py:500} INFO - Filling up the DagBag from /home/airflow/.local/lib/python3.6/site-packages/airflow/example_dags/example_short_circuit_operator.py
[2021-10-29 00:31:36,649] {processor.py:632} INFO - DAG(s) dict_keys(['example_short_circuit_operator']) retrieved from /home/airflow/.local/lib/python3.6/site-packages/airflow/example_dags/example_short_circuit_operator.py
[2021-10-29 00:31:36,898] {logging_mixin.py:109} INFO - [2021-10-29 00:31:36,898] {dag.py:2389} INFO - Sync 1 DAGs
[2021-10-29 00:31:37,077] {logging_mixin.py:109} INFO - [2021-10-29 00:31:37,077] {dag.py:2914} INFO - Setting next_dagrun for example_short_circuit_operator to 2021-10-28T00:31:37.077059+00:00
[2021-10-29 00:31:37,176] {processor.py:171} INFO - Processing /home/airflow/.local/lib/python3.6/site-packages/airflow/example_dags/example_short_circuit_operator.py took 1.260 seconds
[2021-10-29 00:32:07,327] {processor.py:163} INFO - Started process (PID=1586) to work on /home/airflow/.local/lib/python3.6/site-packages/airflow/example_dags/example_short_circuit_operator.py
[2021-10-29 00:32:07,343] {processor.py:620} INFO - Processing file /home/airflow/.local/lib/python3.6/site-packages/airflow/example_dags/example_short_circuit_operator.py for tasks to queue
[2021-10-29 00:32:07,345] {logging_mixin.py:109} INFO - [2021-10-29 00:32:07,345] {dagbag.py:500} INFO - Filling up the DagBag from /home/airflow/.local/lib/python3.6/site-packages/airflow/example_dags/example_short_circuit_operator.py
[2021-10-29 00:32:07,420] {processor.py:632} INFO - DAG(s) dict_keys(['example_short_circuit_operator']) retrieved from /home/airflow/.local/lib/python3.6/site-packages/airflow/example_dags/example_short_circuit_operator.py
[2021-10-29 00:32:07,461] {logging_mixin.py:109} INFO - [2021-10-29 00:32:07,461] {dag.py:2389} INFO - Sync 1 DAGs
[2021-10-29 00:32:07,548] {logging_mixin.py:109} INFO - [2021-10-29 00:32:07,548] {dag.py:2914} INFO - Setting next_dagrun for example_short_circuit_operator to 2021-10-28T00:32:07.548458+00:00
[2021-10-29 00:32:07,601] {processor.py:171} INFO - Processing /home/airflow/.local/lib/python3.6/site-packages/airflow/example_dags/example_short_circuit_operator.py took 0.277 seconds
