[2021-10-29 00:17:22,192] {processor.py:163} INFO - Started process (PID=122) to work on /home/airflow/.local/lib/python3.6/site-packages/airflow/example_dags/example_xcomargs.py
[2021-10-29 00:17:22,392] {processor.py:620} INFO - Processing file /home/airflow/.local/lib/python3.6/site-packages/airflow/example_dags/example_xcomargs.py for tasks to queue
[2021-10-29 00:17:22,393] {logging_mixin.py:109} INFO - [2021-10-29 00:17:22,393] {dagbag.py:500} INFO - Filling up the DagBag from /home/airflow/.local/lib/python3.6/site-packages/airflow/example_dags/example_xcomargs.py
[2021-10-29 00:17:24,869] {processor.py:632} INFO - DAG(s) dict_keys(['example_xcom_args', 'example_xcom_args_with_operators']) retrieved from /home/airflow/.local/lib/python3.6/site-packages/airflow/example_dags/example_xcomargs.py
[2021-10-29 00:17:33,899] {logging_mixin.py:109} INFO - [2021-10-29 00:17:33,898] {dag.py:2389} INFO - Sync 2 DAGs
[2021-10-29 00:17:34,125] {logging_mixin.py:109} INFO - [2021-10-29 00:17:34,125] {dag.py:2914} INFO - Setting next_dagrun for example_xcom_args to None
[2021-10-29 00:17:34,125] {logging_mixin.py:109} INFO - [2021-10-29 00:17:34,125] {dag.py:2914} INFO - Setting next_dagrun for example_xcom_args_with_operators to None
[2021-10-29 00:17:34,366] {processor.py:171} INFO - Processing /home/airflow/.local/lib/python3.6/site-packages/airflow/example_dags/example_xcomargs.py took 12.177 seconds
[2021-10-29 00:18:05,565] {processor.py:163} INFO - Started process (PID=178) to work on /home/airflow/.local/lib/python3.6/site-packages/airflow/example_dags/example_xcomargs.py
[2021-10-29 00:18:05,604] {processor.py:620} INFO - Processing file /home/airflow/.local/lib/python3.6/site-packages/airflow/example_dags/example_xcomargs.py for tasks to queue
[2021-10-29 00:18:05,621] {logging_mixin.py:109} INFO - [2021-10-29 00:18:05,621] {dagbag.py:500} INFO - Filling up the DagBag from /home/airflow/.local/lib/python3.6/site-packages/airflow/example_dags/example_xcomargs.py
[2021-10-29 00:18:05,859] {processor.py:632} INFO - DAG(s) dict_keys(['example_xcom_args', 'example_xcom_args_with_operators']) retrieved from /home/airflow/.local/lib/python3.6/site-packages/airflow/example_dags/example_xcomargs.py
[2021-10-29 00:18:07,427] {logging_mixin.py:109} INFO - [2021-10-29 00:18:07,426] {dag.py:2389} INFO - Sync 2 DAGs
[2021-10-29 00:18:07,647] {logging_mixin.py:109} INFO - [2021-10-29 00:18:07,647] {dag.py:2914} INFO - Setting next_dagrun for example_xcom_args to None
[2021-10-29 00:18:07,652] {logging_mixin.py:109} INFO - [2021-10-29 00:18:07,651] {dag.py:2914} INFO - Setting next_dagrun for example_xcom_args_with_operators to None
[2021-10-29 00:18:07,821] {processor.py:171} INFO - Processing /home/airflow/.local/lib/python3.6/site-packages/airflow/example_dags/example_xcomargs.py took 2.259 seconds
[2021-10-29 00:18:38,854] {processor.py:163} INFO - Started process (PID=232) to work on /home/airflow/.local/lib/python3.6/site-packages/airflow/example_dags/example_xcomargs.py
[2021-10-29 00:18:38,860] {processor.py:620} INFO - Processing file /home/airflow/.local/lib/python3.6/site-packages/airflow/example_dags/example_xcomargs.py for tasks to queue
[2021-10-29 00:18:38,870] {logging_mixin.py:109} INFO - [2021-10-29 00:18:38,870] {dagbag.py:500} INFO - Filling up the DagBag from /home/airflow/.local/lib/python3.6/site-packages/airflow/example_dags/example_xcomargs.py
[2021-10-29 00:18:39,331] {processor.py:632} INFO - DAG(s) dict_keys(['example_xcom_args', 'example_xcom_args_with_operators']) retrieved from /home/airflow/.local/lib/python3.6/site-packages/airflow/example_dags/example_xcomargs.py
[2021-10-29 00:18:40,827] {logging_mixin.py:109} INFO - [2021-10-29 00:18:40,827] {dag.py:2389} INFO - Sync 2 DAGs
[2021-10-29 00:18:40,873] {logging_mixin.py:109} INFO - [2021-10-29 00:18:40,873] {dag.py:2914} INFO - Setting next_dagrun for example_xcom_args to None
[2021-10-29 00:18:40,874] {logging_mixin.py:109} INFO - [2021-10-29 00:18:40,874] {dag.py:2914} INFO - Setting next_dagrun for example_xcom_args_with_operators to None
[2021-10-29 00:18:40,921] {processor.py:171} INFO - Processing /home/airflow/.local/lib/python3.6/site-packages/airflow/example_dags/example_xcomargs.py took 2.173 seconds
[2021-10-29 00:19:11,097] {processor.py:163} INFO - Started process (PID=287) to work on /home/airflow/.local/lib/python3.6/site-packages/airflow/example_dags/example_xcomargs.py
[2021-10-29 00:19:11,149] {processor.py:620} INFO - Processing file /home/airflow/.local/lib/python3.6/site-packages/airflow/example_dags/example_xcomargs.py for tasks to queue
[2021-10-29 00:19:11,149] {logging_mixin.py:109} INFO - [2021-10-29 00:19:11,149] {dagbag.py:500} INFO - Filling up the DagBag from /home/airflow/.local/lib/python3.6/site-packages/airflow/example_dags/example_xcomargs.py
[2021-10-29 00:19:11,325] {processor.py:632} INFO - DAG(s) dict_keys(['example_xcom_args', 'example_xcom_args_with_operators']) retrieved from /home/airflow/.local/lib/python3.6/site-packages/airflow/example_dags/example_xcomargs.py
[2021-10-29 00:19:12,082] {logging_mixin.py:109} INFO - [2021-10-29 00:19:12,082] {dag.py:2389} INFO - Sync 2 DAGs
[2021-10-29 00:19:12,166] {logging_mixin.py:109} INFO - [2021-10-29 00:19:12,166] {dag.py:2914} INFO - Setting next_dagrun for example_xcom_args to None
[2021-10-29 00:19:12,168] {logging_mixin.py:109} INFO - [2021-10-29 00:19:12,168] {dag.py:2914} INFO - Setting next_dagrun for example_xcom_args_with_operators to None
[2021-10-29 00:19:12,208] {processor.py:171} INFO - Processing /home/airflow/.local/lib/python3.6/site-packages/airflow/example_dags/example_xcomargs.py took 1.114 seconds
[2021-10-29 00:19:43,101] {processor.py:163} INFO - Started process (PID=341) to work on /home/airflow/.local/lib/python3.6/site-packages/airflow/example_dags/example_xcomargs.py
[2021-10-29 00:19:43,108] {processor.py:620} INFO - Processing file /home/airflow/.local/lib/python3.6/site-packages/airflow/example_dags/example_xcomargs.py for tasks to queue
[2021-10-29 00:19:43,108] {logging_mixin.py:109} INFO - [2021-10-29 00:19:43,108] {dagbag.py:500} INFO - Filling up the DagBag from /home/airflow/.local/lib/python3.6/site-packages/airflow/example_dags/example_xcomargs.py
[2021-10-29 00:19:43,363] {processor.py:632} INFO - DAG(s) dict_keys(['example_xcom_args', 'example_xcom_args_with_operators']) retrieved from /home/airflow/.local/lib/python3.6/site-packages/airflow/example_dags/example_xcomargs.py
[2021-10-29 00:19:44,698] {logging_mixin.py:109} INFO - [2021-10-29 00:19:44,698] {dag.py:2389} INFO - Sync 2 DAGs
[2021-10-29 00:19:44,787] {logging_mixin.py:109} INFO - [2021-10-29 00:19:44,787] {dag.py:2914} INFO - Setting next_dagrun for example_xcom_args to None
[2021-10-29 00:19:44,806] {logging_mixin.py:109} INFO - [2021-10-29 00:19:44,806] {dag.py:2914} INFO - Setting next_dagrun for example_xcom_args_with_operators to None
[2021-10-29 00:19:44,857] {processor.py:171} INFO - Processing /home/airflow/.local/lib/python3.6/site-packages/airflow/example_dags/example_xcomargs.py took 1.759 seconds
[2021-10-29 00:20:15,358] {processor.py:163} INFO - Started process (PID=398) to work on /home/airflow/.local/lib/python3.6/site-packages/airflow/example_dags/example_xcomargs.py
[2021-10-29 00:20:15,375] {processor.py:620} INFO - Processing file /home/airflow/.local/lib/python3.6/site-packages/airflow/example_dags/example_xcomargs.py for tasks to queue
[2021-10-29 00:20:15,389] {logging_mixin.py:109} INFO - [2021-10-29 00:20:15,389] {dagbag.py:500} INFO - Filling up the DagBag from /home/airflow/.local/lib/python3.6/site-packages/airflow/example_dags/example_xcomargs.py
[2021-10-29 00:20:15,555] {processor.py:632} INFO - DAG(s) dict_keys(['example_xcom_args', 'example_xcom_args_with_operators']) retrieved from /home/airflow/.local/lib/python3.6/site-packages/airflow/example_dags/example_xcomargs.py
[2021-10-29 00:20:16,400] {logging_mixin.py:109} INFO - [2021-10-29 00:20:16,400] {dag.py:2389} INFO - Sync 2 DAGs
[2021-10-29 00:20:16,459] {logging_mixin.py:109} INFO - [2021-10-29 00:20:16,459] {dag.py:2914} INFO - Setting next_dagrun for example_xcom_args to None
[2021-10-29 00:20:16,461] {logging_mixin.py:109} INFO - [2021-10-29 00:20:16,461] {dag.py:2914} INFO - Setting next_dagrun for example_xcom_args_with_operators to None
[2021-10-29 00:20:16,482] {processor.py:171} INFO - Processing /home/airflow/.local/lib/python3.6/site-packages/airflow/example_dags/example_xcomargs.py took 1.127 seconds
[2021-10-29 00:20:46,644] {processor.py:163} INFO - Started process (PID=454) to work on /home/airflow/.local/lib/python3.6/site-packages/airflow/example_dags/example_xcomargs.py
[2021-10-29 00:20:46,651] {processor.py:620} INFO - Processing file /home/airflow/.local/lib/python3.6/site-packages/airflow/example_dags/example_xcomargs.py for tasks to queue
[2021-10-29 00:20:46,652] {logging_mixin.py:109} INFO - [2021-10-29 00:20:46,651] {dagbag.py:500} INFO - Filling up the DagBag from /home/airflow/.local/lib/python3.6/site-packages/airflow/example_dags/example_xcomargs.py
[2021-10-29 00:20:46,843] {processor.py:632} INFO - DAG(s) dict_keys(['example_xcom_args', 'example_xcom_args_with_operators']) retrieved from /home/airflow/.local/lib/python3.6/site-packages/airflow/example_dags/example_xcomargs.py
[2021-10-29 00:20:47,428] {logging_mixin.py:109} INFO - [2021-10-29 00:20:47,428] {dag.py:2389} INFO - Sync 2 DAGs
[2021-10-29 00:20:47,456] {logging_mixin.py:109} INFO - [2021-10-29 00:20:47,456] {dag.py:2914} INFO - Setting next_dagrun for example_xcom_args to None
[2021-10-29 00:20:47,458] {logging_mixin.py:109} INFO - [2021-10-29 00:20:47,458] {dag.py:2914} INFO - Setting next_dagrun for example_xcom_args_with_operators to None
[2021-10-29 00:20:47,479] {processor.py:171} INFO - Processing /home/airflow/.local/lib/python3.6/site-packages/airflow/example_dags/example_xcomargs.py took 0.859 seconds
[2021-10-29 00:21:18,458] {processor.py:163} INFO - Started process (PID=508) to work on /home/airflow/.local/lib/python3.6/site-packages/airflow/example_dags/example_xcomargs.py
[2021-10-29 00:21:18,493] {processor.py:620} INFO - Processing file /home/airflow/.local/lib/python3.6/site-packages/airflow/example_dags/example_xcomargs.py for tasks to queue
[2021-10-29 00:21:18,494] {logging_mixin.py:109} INFO - [2021-10-29 00:21:18,494] {dagbag.py:500} INFO - Filling up the DagBag from /home/airflow/.local/lib/python3.6/site-packages/airflow/example_dags/example_xcomargs.py
[2021-10-29 00:21:18,757] {processor.py:632} INFO - DAG(s) dict_keys(['example_xcom_args', 'example_xcom_args_with_operators']) retrieved from /home/airflow/.local/lib/python3.6/site-packages/airflow/example_dags/example_xcomargs.py
[2021-10-29 00:21:20,774] {logging_mixin.py:109} INFO - [2021-10-29 00:21:20,774] {dag.py:2389} INFO - Sync 2 DAGs
[2021-10-29 00:21:20,871] {logging_mixin.py:109} INFO - [2021-10-29 00:21:20,871] {dag.py:2914} INFO - Setting next_dagrun for example_xcom_args to None
[2021-10-29 00:21:20,874] {logging_mixin.py:109} INFO - [2021-10-29 00:21:20,874] {dag.py:2914} INFO - Setting next_dagrun for example_xcom_args_with_operators to None
[2021-10-29 00:21:20,953] {processor.py:171} INFO - Processing /home/airflow/.local/lib/python3.6/site-packages/airflow/example_dags/example_xcomargs.py took 2.534 seconds
[2021-10-29 00:21:56,614] {processor.py:163} INFO - Started process (PID=552) to work on /home/airflow/.local/lib/python3.6/site-packages/airflow/example_dags/example_xcomargs.py
[2021-10-29 00:21:56,710] {processor.py:620} INFO - Processing file /home/airflow/.local/lib/python3.6/site-packages/airflow/example_dags/example_xcomargs.py for tasks to queue
[2021-10-29 00:21:56,711] {logging_mixin.py:109} INFO - [2021-10-29 00:21:56,710] {dagbag.py:500} INFO - Filling up the DagBag from /home/airflow/.local/lib/python3.6/site-packages/airflow/example_dags/example_xcomargs.py
[2021-10-29 00:21:58,055] {processor.py:632} INFO - DAG(s) dict_keys(['example_xcom_args', 'example_xcom_args_with_operators']) retrieved from /home/airflow/.local/lib/python3.6/site-packages/airflow/example_dags/example_xcomargs.py
[2021-10-29 00:22:06,435] {logging_mixin.py:109} INFO - [2021-10-29 00:22:06,435] {dag.py:2389} INFO - Sync 2 DAGs
[2021-10-29 00:22:06,736] {logging_mixin.py:109} INFO - [2021-10-29 00:22:06,736] {dag.py:2914} INFO - Setting next_dagrun for example_xcom_args to None
[2021-10-29 00:22:06,736] {logging_mixin.py:109} INFO - [2021-10-29 00:22:06,736] {dag.py:2914} INFO - Setting next_dagrun for example_xcom_args_with_operators to None
[2021-10-29 00:22:06,963] {processor.py:171} INFO - Processing /home/airflow/.local/lib/python3.6/site-packages/airflow/example_dags/example_xcomargs.py took 10.795 seconds
[2021-10-29 00:22:39,501] {processor.py:163} INFO - Started process (PID=606) to work on /home/airflow/.local/lib/python3.6/site-packages/airflow/example_dags/example_xcomargs.py
[2021-10-29 00:22:39,550] {processor.py:620} INFO - Processing file /home/airflow/.local/lib/python3.6/site-packages/airflow/example_dags/example_xcomargs.py for tasks to queue
[2021-10-29 00:22:39,552] {logging_mixin.py:109} INFO - [2021-10-29 00:22:39,552] {dagbag.py:500} INFO - Filling up the DagBag from /home/airflow/.local/lib/python3.6/site-packages/airflow/example_dags/example_xcomargs.py
[2021-10-29 00:22:39,763] {processor.py:632} INFO - DAG(s) dict_keys(['example_xcom_args', 'example_xcom_args_with_operators']) retrieved from /home/airflow/.local/lib/python3.6/site-packages/airflow/example_dags/example_xcomargs.py
[2021-10-29 00:22:41,190] {logging_mixin.py:109} INFO - [2021-10-29 00:22:41,190] {dag.py:2389} INFO - Sync 2 DAGs
[2021-10-29 00:22:41,304] {logging_mixin.py:109} INFO - [2021-10-29 00:22:41,304] {dag.py:2914} INFO - Setting next_dagrun for example_xcom_args to None
[2021-10-29 00:22:41,306] {logging_mixin.py:109} INFO - [2021-10-29 00:22:41,305] {dag.py:2914} INFO - Setting next_dagrun for example_xcom_args_with_operators to None
[2021-10-29 00:22:41,427] {processor.py:171} INFO - Processing /home/airflow/.local/lib/python3.6/site-packages/airflow/example_dags/example_xcomargs.py took 1.930 seconds
[2021-10-29 00:23:12,226] {processor.py:163} INFO - Started process (PID=662) to work on /home/airflow/.local/lib/python3.6/site-packages/airflow/example_dags/example_xcomargs.py
[2021-10-29 00:23:12,238] {processor.py:620} INFO - Processing file /home/airflow/.local/lib/python3.6/site-packages/airflow/example_dags/example_xcomargs.py for tasks to queue
[2021-10-29 00:23:12,239] {logging_mixin.py:109} INFO - [2021-10-29 00:23:12,239] {dagbag.py:500} INFO - Filling up the DagBag from /home/airflow/.local/lib/python3.6/site-packages/airflow/example_dags/example_xcomargs.py
[2021-10-29 00:23:12,312] {processor.py:632} INFO - DAG(s) dict_keys(['example_xcom_args', 'example_xcom_args_with_operators']) retrieved from /home/airflow/.local/lib/python3.6/site-packages/airflow/example_dags/example_xcomargs.py
[2021-10-29 00:23:12,563] {logging_mixin.py:109} INFO - [2021-10-29 00:23:12,563] {dag.py:2389} INFO - Sync 2 DAGs
[2021-10-29 00:23:12,580] {logging_mixin.py:109} INFO - [2021-10-29 00:23:12,580] {dag.py:2914} INFO - Setting next_dagrun for example_xcom_args to None
[2021-10-29 00:23:12,582] {logging_mixin.py:109} INFO - [2021-10-29 00:23:12,582] {dag.py:2914} INFO - Setting next_dagrun for example_xcom_args_with_operators to None
[2021-10-29 00:23:12,594] {processor.py:171} INFO - Processing /home/airflow/.local/lib/python3.6/site-packages/airflow/example_dags/example_xcomargs.py took 0.370 seconds
[2021-10-29 00:23:42,873] {processor.py:163} INFO - Started process (PID=716) to work on /home/airflow/.local/lib/python3.6/site-packages/airflow/example_dags/example_xcomargs.py
[2021-10-29 00:23:42,881] {processor.py:620} INFO - Processing file /home/airflow/.local/lib/python3.6/site-packages/airflow/example_dags/example_xcomargs.py for tasks to queue
[2021-10-29 00:23:42,883] {logging_mixin.py:109} INFO - [2021-10-29 00:23:42,883] {dagbag.py:500} INFO - Filling up the DagBag from /home/airflow/.local/lib/python3.6/site-packages/airflow/example_dags/example_xcomargs.py
[2021-10-29 00:23:43,040] {processor.py:632} INFO - DAG(s) dict_keys(['example_xcom_args', 'example_xcom_args_with_operators']) retrieved from /home/airflow/.local/lib/python3.6/site-packages/airflow/example_dags/example_xcomargs.py
[2021-10-29 00:23:43,129] {logging_mixin.py:109} INFO - [2021-10-29 00:23:43,129] {dag.py:2389} INFO - Sync 2 DAGs
[2021-10-29 00:23:43,196] {logging_mixin.py:109} INFO - [2021-10-29 00:23:43,196] {dag.py:2914} INFO - Setting next_dagrun for example_xcom_args to None
[2021-10-29 00:23:43,198] {logging_mixin.py:109} INFO - [2021-10-29 00:23:43,198] {dag.py:2914} INFO - Setting next_dagrun for example_xcom_args_with_operators to None
[2021-10-29 00:23:43,240] {processor.py:171} INFO - Processing /home/airflow/.local/lib/python3.6/site-packages/airflow/example_dags/example_xcomargs.py took 0.370 seconds
[2021-10-29 00:24:13,344] {processor.py:163} INFO - Started process (PID=770) to work on /home/airflow/.local/lib/python3.6/site-packages/airflow/example_dags/example_xcomargs.py
[2021-10-29 00:24:13,357] {processor.py:620} INFO - Processing file /home/airflow/.local/lib/python3.6/site-packages/airflow/example_dags/example_xcomargs.py for tasks to queue
[2021-10-29 00:24:13,359] {logging_mixin.py:109} INFO - [2021-10-29 00:24:13,359] {dagbag.py:500} INFO - Filling up the DagBag from /home/airflow/.local/lib/python3.6/site-packages/airflow/example_dags/example_xcomargs.py
[2021-10-29 00:24:13,429] {processor.py:632} INFO - DAG(s) dict_keys(['example_xcom_args', 'example_xcom_args_with_operators']) retrieved from /home/airflow/.local/lib/python3.6/site-packages/airflow/example_dags/example_xcomargs.py
[2021-10-29 00:24:13,663] {logging_mixin.py:109} INFO - [2021-10-29 00:24:13,663] {dag.py:2389} INFO - Sync 2 DAGs
[2021-10-29 00:24:13,680] {logging_mixin.py:109} INFO - [2021-10-29 00:24:13,680] {dag.py:2914} INFO - Setting next_dagrun for example_xcom_args to None
[2021-10-29 00:24:13,681] {logging_mixin.py:109} INFO - [2021-10-29 00:24:13,681] {dag.py:2914} INFO - Setting next_dagrun for example_xcom_args_with_operators to None
[2021-10-29 00:24:13,699] {processor.py:171} INFO - Processing /home/airflow/.local/lib/python3.6/site-packages/airflow/example_dags/example_xcomargs.py took 0.358 seconds
[2021-10-29 00:24:44,426] {processor.py:163} INFO - Started process (PID=825) to work on /home/airflow/.local/lib/python3.6/site-packages/airflow/example_dags/example_xcomargs.py
[2021-10-29 00:24:44,433] {processor.py:620} INFO - Processing file /home/airflow/.local/lib/python3.6/site-packages/airflow/example_dags/example_xcomargs.py for tasks to queue
[2021-10-29 00:24:44,435] {logging_mixin.py:109} INFO - [2021-10-29 00:24:44,435] {dagbag.py:500} INFO - Filling up the DagBag from /home/airflow/.local/lib/python3.6/site-packages/airflow/example_dags/example_xcomargs.py
[2021-10-29 00:24:44,497] {processor.py:632} INFO - DAG(s) dict_keys(['example_xcom_args', 'example_xcom_args_with_operators']) retrieved from /home/airflow/.local/lib/python3.6/site-packages/airflow/example_dags/example_xcomargs.py
[2021-10-29 00:24:44,678] {logging_mixin.py:109} INFO - [2021-10-29 00:24:44,678] {dag.py:2389} INFO - Sync 2 DAGs
[2021-10-29 00:24:44,699] {logging_mixin.py:109} INFO - [2021-10-29 00:24:44,698] {dag.py:2914} INFO - Setting next_dagrun for example_xcom_args to None
[2021-10-29 00:24:44,701] {logging_mixin.py:109} INFO - [2021-10-29 00:24:44,700] {dag.py:2914} INFO - Setting next_dagrun for example_xcom_args_with_operators to None
[2021-10-29 00:24:44,712] {processor.py:171} INFO - Processing /home/airflow/.local/lib/python3.6/site-packages/airflow/example_dags/example_xcomargs.py took 0.289 seconds
[2021-10-29 00:25:15,088] {processor.py:163} INFO - Started process (PID=879) to work on /home/airflow/.local/lib/python3.6/site-packages/airflow/example_dags/example_xcomargs.py
[2021-10-29 00:25:15,135] {processor.py:620} INFO - Processing file /home/airflow/.local/lib/python3.6/site-packages/airflow/example_dags/example_xcomargs.py for tasks to queue
[2021-10-29 00:25:15,136] {logging_mixin.py:109} INFO - [2021-10-29 00:25:15,136] {dagbag.py:500} INFO - Filling up the DagBag from /home/airflow/.local/lib/python3.6/site-packages/airflow/example_dags/example_xcomargs.py
[2021-10-29 00:25:15,283] {processor.py:632} INFO - DAG(s) dict_keys(['example_xcom_args', 'example_xcom_args_with_operators']) retrieved from /home/airflow/.local/lib/python3.6/site-packages/airflow/example_dags/example_xcomargs.py
[2021-10-29 00:25:15,643] {logging_mixin.py:109} INFO - [2021-10-29 00:25:15,643] {dag.py:2389} INFO - Sync 2 DAGs
[2021-10-29 00:25:15,671] {logging_mixin.py:109} INFO - [2021-10-29 00:25:15,671] {dag.py:2914} INFO - Setting next_dagrun for example_xcom_args to None
[2021-10-29 00:25:15,672] {logging_mixin.py:109} INFO - [2021-10-29 00:25:15,672] {dag.py:2914} INFO - Setting next_dagrun for example_xcom_args_with_operators to None
[2021-10-29 00:25:15,690] {processor.py:171} INFO - Processing /home/airflow/.local/lib/python3.6/site-packages/airflow/example_dags/example_xcomargs.py took 0.605 seconds
[2021-10-29 00:25:46,449] {processor.py:163} INFO - Started process (PID=934) to work on /home/airflow/.local/lib/python3.6/site-packages/airflow/example_dags/example_xcomargs.py
[2021-10-29 00:25:46,452] {processor.py:620} INFO - Processing file /home/airflow/.local/lib/python3.6/site-packages/airflow/example_dags/example_xcomargs.py for tasks to queue
[2021-10-29 00:25:46,462] {logging_mixin.py:109} INFO - [2021-10-29 00:25:46,462] {dagbag.py:500} INFO - Filling up the DagBag from /home/airflow/.local/lib/python3.6/site-packages/airflow/example_dags/example_xcomargs.py
[2021-10-29 00:25:46,533] {processor.py:632} INFO - DAG(s) dict_keys(['example_xcom_args', 'example_xcom_args_with_operators']) retrieved from /home/airflow/.local/lib/python3.6/site-packages/airflow/example_dags/example_xcomargs.py
[2021-10-29 00:25:46,779] {logging_mixin.py:109} INFO - [2021-10-29 00:25:46,779] {dag.py:2389} INFO - Sync 2 DAGs
[2021-10-29 00:25:46,793] {logging_mixin.py:109} INFO - [2021-10-29 00:25:46,792] {dag.py:2914} INFO - Setting next_dagrun for example_xcom_args to None
[2021-10-29 00:25:46,794] {logging_mixin.py:109} INFO - [2021-10-29 00:25:46,794] {dag.py:2914} INFO - Setting next_dagrun for example_xcom_args_with_operators to None
[2021-10-29 00:25:46,807] {processor.py:171} INFO - Processing /home/airflow/.local/lib/python3.6/site-packages/airflow/example_dags/example_xcomargs.py took 0.361 seconds
[2021-10-29 00:26:17,520] {processor.py:163} INFO - Started process (PID=988) to work on /home/airflow/.local/lib/python3.6/site-packages/airflow/example_dags/example_xcomargs.py
[2021-10-29 00:26:17,528] {processor.py:620} INFO - Processing file /home/airflow/.local/lib/python3.6/site-packages/airflow/example_dags/example_xcomargs.py for tasks to queue
[2021-10-29 00:26:17,531] {logging_mixin.py:109} INFO - [2021-10-29 00:26:17,531] {dagbag.py:500} INFO - Filling up the DagBag from /home/airflow/.local/lib/python3.6/site-packages/airflow/example_dags/example_xcomargs.py
[2021-10-29 00:26:17,601] {processor.py:632} INFO - DAG(s) dict_keys(['example_xcom_args', 'example_xcom_args_with_operators']) retrieved from /home/airflow/.local/lib/python3.6/site-packages/airflow/example_dags/example_xcomargs.py
[2021-10-29 00:26:17,930] {logging_mixin.py:109} INFO - [2021-10-29 00:26:17,930] {dag.py:2389} INFO - Sync 2 DAGs
[2021-10-29 00:26:17,947] {logging_mixin.py:109} INFO - [2021-10-29 00:26:17,947] {dag.py:2914} INFO - Setting next_dagrun for example_xcom_args to None
[2021-10-29 00:26:17,949] {logging_mixin.py:109} INFO - [2021-10-29 00:26:17,949] {dag.py:2914} INFO - Setting next_dagrun for example_xcom_args_with_operators to None
[2021-10-29 00:26:17,960] {processor.py:171} INFO - Processing /home/airflow/.local/lib/python3.6/site-packages/airflow/example_dags/example_xcomargs.py took 0.443 seconds
[2021-10-29 00:26:48,321] {processor.py:163} INFO - Started process (PID=1043) to work on /home/airflow/.local/lib/python3.6/site-packages/airflow/example_dags/example_xcomargs.py
[2021-10-29 00:26:48,326] {processor.py:620} INFO - Processing file /home/airflow/.local/lib/python3.6/site-packages/airflow/example_dags/example_xcomargs.py for tasks to queue
[2021-10-29 00:26:48,329] {logging_mixin.py:109} INFO - [2021-10-29 00:26:48,329] {dagbag.py:500} INFO - Filling up the DagBag from /home/airflow/.local/lib/python3.6/site-packages/airflow/example_dags/example_xcomargs.py
[2021-10-29 00:26:48,397] {processor.py:632} INFO - DAG(s) dict_keys(['example_xcom_args', 'example_xcom_args_with_operators']) retrieved from /home/airflow/.local/lib/python3.6/site-packages/airflow/example_dags/example_xcomargs.py
[2021-10-29 00:26:48,794] {logging_mixin.py:109} INFO - [2021-10-29 00:26:48,793] {dag.py:2389} INFO - Sync 2 DAGs
[2021-10-29 00:26:48,823] {logging_mixin.py:109} INFO - [2021-10-29 00:26:48,822] {dag.py:2914} INFO - Setting next_dagrun for example_xcom_args to None
[2021-10-29 00:26:48,823] {logging_mixin.py:109} INFO - [2021-10-29 00:26:48,823] {dag.py:2914} INFO - Setting next_dagrun for example_xcom_args_with_operators to None
[2021-10-29 00:26:48,838] {processor.py:171} INFO - Processing /home/airflow/.local/lib/python3.6/site-packages/airflow/example_dags/example_xcomargs.py took 0.526 seconds
[2021-10-29 00:27:19,523] {processor.py:163} INFO - Started process (PID=1097) to work on /home/airflow/.local/lib/python3.6/site-packages/airflow/example_dags/example_xcomargs.py
[2021-10-29 00:27:19,526] {processor.py:620} INFO - Processing file /home/airflow/.local/lib/python3.6/site-packages/airflow/example_dags/example_xcomargs.py for tasks to queue
[2021-10-29 00:27:19,529] {logging_mixin.py:109} INFO - [2021-10-29 00:27:19,529] {dagbag.py:500} INFO - Filling up the DagBag from /home/airflow/.local/lib/python3.6/site-packages/airflow/example_dags/example_xcomargs.py
[2021-10-29 00:27:19,590] {processor.py:632} INFO - DAG(s) dict_keys(['example_xcom_args', 'example_xcom_args_with_operators']) retrieved from /home/airflow/.local/lib/python3.6/site-packages/airflow/example_dags/example_xcomargs.py
[2021-10-29 00:27:19,781] {logging_mixin.py:109} INFO - [2021-10-29 00:27:19,781] {dag.py:2389} INFO - Sync 2 DAGs
[2021-10-29 00:27:19,794] {logging_mixin.py:109} INFO - [2021-10-29 00:27:19,794] {dag.py:2914} INFO - Setting next_dagrun for example_xcom_args to None
[2021-10-29 00:27:19,796] {logging_mixin.py:109} INFO - [2021-10-29 00:27:19,796] {dag.py:2914} INFO - Setting next_dagrun for example_xcom_args_with_operators to None
[2021-10-29 00:27:19,808] {processor.py:171} INFO - Processing /home/airflow/.local/lib/python3.6/site-packages/airflow/example_dags/example_xcomargs.py took 0.294 seconds
[2021-10-29 00:27:50,058] {processor.py:163} INFO - Started process (PID=1147) to work on /home/airflow/.local/lib/python3.6/site-packages/airflow/example_dags/example_xcomargs.py
[2021-10-29 00:27:50,064] {processor.py:620} INFO - Processing file /home/airflow/.local/lib/python3.6/site-packages/airflow/example_dags/example_xcomargs.py for tasks to queue
[2021-10-29 00:27:50,065] {logging_mixin.py:109} INFO - [2021-10-29 00:27:50,065] {dagbag.py:500} INFO - Filling up the DagBag from /home/airflow/.local/lib/python3.6/site-packages/airflow/example_dags/example_xcomargs.py
[2021-10-29 00:27:50,206] {processor.py:632} INFO - DAG(s) dict_keys(['example_xcom_args', 'example_xcom_args_with_operators']) retrieved from /home/airflow/.local/lib/python3.6/site-packages/airflow/example_dags/example_xcomargs.py
[2021-10-29 00:27:51,089] {logging_mixin.py:109} INFO - [2021-10-29 00:27:51,089] {dag.py:2389} INFO - Sync 2 DAGs
[2021-10-29 00:27:51,228] {logging_mixin.py:109} INFO - [2021-10-29 00:27:51,228] {dag.py:2914} INFO - Setting next_dagrun for example_xcom_args to None
[2021-10-29 00:27:51,233] {logging_mixin.py:109} INFO - [2021-10-29 00:27:51,233] {dag.py:2914} INFO - Setting next_dagrun for example_xcom_args_with_operators to None
[2021-10-29 00:27:51,438] {processor.py:171} INFO - Processing /home/airflow/.local/lib/python3.6/site-packages/airflow/example_dags/example_xcomargs.py took 1.383 seconds
[2021-10-29 00:28:21,569] {processor.py:163} INFO - Started process (PID=1201) to work on /home/airflow/.local/lib/python3.6/site-packages/airflow/example_dags/example_xcomargs.py
[2021-10-29 00:28:21,573] {processor.py:620} INFO - Processing file /home/airflow/.local/lib/python3.6/site-packages/airflow/example_dags/example_xcomargs.py for tasks to queue
[2021-10-29 00:28:21,576] {logging_mixin.py:109} INFO - [2021-10-29 00:28:21,576] {dagbag.py:500} INFO - Filling up the DagBag from /home/airflow/.local/lib/python3.6/site-packages/airflow/example_dags/example_xcomargs.py
[2021-10-29 00:28:21,652] {processor.py:632} INFO - DAG(s) dict_keys(['example_xcom_args', 'example_xcom_args_with_operators']) retrieved from /home/airflow/.local/lib/python3.6/site-packages/airflow/example_dags/example_xcomargs.py
[2021-10-29 00:28:22,063] {logging_mixin.py:109} INFO - [2021-10-29 00:28:22,063] {dag.py:2389} INFO - Sync 2 DAGs
[2021-10-29 00:28:22,077] {logging_mixin.py:109} INFO - [2021-10-29 00:28:22,076] {dag.py:2914} INFO - Setting next_dagrun for example_xcom_args to None
[2021-10-29 00:28:22,078] {logging_mixin.py:109} INFO - [2021-10-29 00:28:22,078] {dag.py:2914} INFO - Setting next_dagrun for example_xcom_args_with_operators to None
[2021-10-29 00:28:22,092] {processor.py:171} INFO - Processing /home/airflow/.local/lib/python3.6/site-packages/airflow/example_dags/example_xcomargs.py took 0.531 seconds
[2021-10-29 00:28:52,815] {processor.py:163} INFO - Started process (PID=1255) to work on /home/airflow/.local/lib/python3.6/site-packages/airflow/example_dags/example_xcomargs.py
[2021-10-29 00:28:52,833] {processor.py:620} INFO - Processing file /home/airflow/.local/lib/python3.6/site-packages/airflow/example_dags/example_xcomargs.py for tasks to queue
[2021-10-29 00:28:52,834] {logging_mixin.py:109} INFO - [2021-10-29 00:28:52,834] {dagbag.py:500} INFO - Filling up the DagBag from /home/airflow/.local/lib/python3.6/site-packages/airflow/example_dags/example_xcomargs.py
[2021-10-29 00:28:52,995] {processor.py:632} INFO - DAG(s) dict_keys(['example_xcom_args', 'example_xcom_args_with_operators']) retrieved from /home/airflow/.local/lib/python3.6/site-packages/airflow/example_dags/example_xcomargs.py
[2021-10-29 00:28:53,347] {logging_mixin.py:109} INFO - [2021-10-29 00:28:53,347] {dag.py:2389} INFO - Sync 2 DAGs
[2021-10-29 00:28:53,361] {logging_mixin.py:109} INFO - [2021-10-29 00:28:53,361] {dag.py:2914} INFO - Setting next_dagrun for example_xcom_args to None
[2021-10-29 00:28:53,363] {logging_mixin.py:109} INFO - [2021-10-29 00:28:53,363] {dag.py:2914} INFO - Setting next_dagrun for example_xcom_args_with_operators to None
[2021-10-29 00:28:53,375] {processor.py:171} INFO - Processing /home/airflow/.local/lib/python3.6/site-packages/airflow/example_dags/example_xcomargs.py took 0.563 seconds
[2021-10-29 00:29:24,597] {processor.py:163} INFO - Started process (PID=1312) to work on /home/airflow/.local/lib/python3.6/site-packages/airflow/example_dags/example_xcomargs.py
[2021-10-29 00:29:24,607] {processor.py:620} INFO - Processing file /home/airflow/.local/lib/python3.6/site-packages/airflow/example_dags/example_xcomargs.py for tasks to queue
[2021-10-29 00:29:24,611] {logging_mixin.py:109} INFO - [2021-10-29 00:29:24,611] {dagbag.py:500} INFO - Filling up the DagBag from /home/airflow/.local/lib/python3.6/site-packages/airflow/example_dags/example_xcomargs.py
[2021-10-29 00:29:24,699] {processor.py:632} INFO - DAG(s) dict_keys(['example_xcom_args', 'example_xcom_args_with_operators']) retrieved from /home/airflow/.local/lib/python3.6/site-packages/airflow/example_dags/example_xcomargs.py
[2021-10-29 00:29:25,206] {logging_mixin.py:109} INFO - [2021-10-29 00:29:25,206] {dag.py:2389} INFO - Sync 2 DAGs
[2021-10-29 00:29:25,241] {logging_mixin.py:109} INFO - [2021-10-29 00:29:25,241] {dag.py:2914} INFO - Setting next_dagrun for example_xcom_args to None
[2021-10-29 00:29:25,241] {logging_mixin.py:109} INFO - [2021-10-29 00:29:25,241] {dag.py:2914} INFO - Setting next_dagrun for example_xcom_args_with_operators to None
[2021-10-29 00:29:25,274] {processor.py:171} INFO - Processing /home/airflow/.local/lib/python3.6/site-packages/airflow/example_dags/example_xcomargs.py took 0.680 seconds
[2021-10-29 00:29:55,687] {processor.py:163} INFO - Started process (PID=1364) to work on /home/airflow/.local/lib/python3.6/site-packages/airflow/example_dags/example_xcomargs.py
[2021-10-29 00:29:55,690] {processor.py:620} INFO - Processing file /home/airflow/.local/lib/python3.6/site-packages/airflow/example_dags/example_xcomargs.py for tasks to queue
[2021-10-29 00:29:55,696] {logging_mixin.py:109} INFO - [2021-10-29 00:29:55,696] {dagbag.py:500} INFO - Filling up the DagBag from /home/airflow/.local/lib/python3.6/site-packages/airflow/example_dags/example_xcomargs.py
[2021-10-29 00:29:55,769] {processor.py:632} INFO - DAG(s) dict_keys(['example_xcom_args', 'example_xcom_args_with_operators']) retrieved from /home/airflow/.local/lib/python3.6/site-packages/airflow/example_dags/example_xcomargs.py
[2021-10-29 00:29:56,329] {logging_mixin.py:109} INFO - [2021-10-29 00:29:56,329] {dag.py:2389} INFO - Sync 2 DAGs
[2021-10-29 00:29:56,354] {logging_mixin.py:109} INFO - [2021-10-29 00:29:56,354] {dag.py:2914} INFO - Setting next_dagrun for example_xcom_args to None
[2021-10-29 00:29:56,356] {logging_mixin.py:109} INFO - [2021-10-29 00:29:56,356] {dag.py:2914} INFO - Setting next_dagrun for example_xcom_args_with_operators to None
[2021-10-29 00:29:56,367] {processor.py:171} INFO - Processing /home/airflow/.local/lib/python3.6/site-packages/airflow/example_dags/example_xcomargs.py took 0.690 seconds
[2021-10-29 00:30:26,630] {processor.py:163} INFO - Started process (PID=1422) to work on /home/airflow/.local/lib/python3.6/site-packages/airflow/example_dags/example_xcomargs.py
[2021-10-29 00:30:26,640] {processor.py:620} INFO - Processing file /home/airflow/.local/lib/python3.6/site-packages/airflow/example_dags/example_xcomargs.py for tasks to queue
[2021-10-29 00:30:26,641] {logging_mixin.py:109} INFO - [2021-10-29 00:30:26,641] {dagbag.py:500} INFO - Filling up the DagBag from /home/airflow/.local/lib/python3.6/site-packages/airflow/example_dags/example_xcomargs.py
[2021-10-29 00:30:26,815] {processor.py:632} INFO - DAG(s) dict_keys(['example_xcom_args', 'example_xcom_args_with_operators']) retrieved from /home/airflow/.local/lib/python3.6/site-packages/airflow/example_dags/example_xcomargs.py
[2021-10-29 00:30:27,337] {logging_mixin.py:109} INFO - [2021-10-29 00:30:27,337] {dag.py:2389} INFO - Sync 2 DAGs
[2021-10-29 00:30:27,369] {logging_mixin.py:109} INFO - [2021-10-29 00:30:27,369] {dag.py:2914} INFO - Setting next_dagrun for example_xcom_args to None
[2021-10-29 00:30:27,371] {logging_mixin.py:109} INFO - [2021-10-29 00:30:27,371] {dag.py:2914} INFO - Setting next_dagrun for example_xcom_args_with_operators to None
[2021-10-29 00:30:27,382] {processor.py:171} INFO - Processing /home/airflow/.local/lib/python3.6/site-packages/airflow/example_dags/example_xcomargs.py took 0.755 seconds
[2021-10-29 00:30:57,996] {processor.py:163} INFO - Started process (PID=1473) to work on /home/airflow/.local/lib/python3.6/site-packages/airflow/example_dags/example_xcomargs.py
[2021-10-29 00:30:58,013] {processor.py:620} INFO - Processing file /home/airflow/.local/lib/python3.6/site-packages/airflow/example_dags/example_xcomargs.py for tasks to queue
[2021-10-29 00:30:58,013] {logging_mixin.py:109} INFO - [2021-10-29 00:30:58,013] {dagbag.py:500} INFO - Filling up the DagBag from /home/airflow/.local/lib/python3.6/site-packages/airflow/example_dags/example_xcomargs.py
[2021-10-29 00:30:58,078] {processor.py:632} INFO - DAG(s) dict_keys(['example_xcom_args', 'example_xcom_args_with_operators']) retrieved from /home/airflow/.local/lib/python3.6/site-packages/airflow/example_dags/example_xcomargs.py
[2021-10-29 00:30:58,495] {logging_mixin.py:109} INFO - [2021-10-29 00:30:58,495] {dag.py:2389} INFO - Sync 2 DAGs
[2021-10-29 00:30:58,510] {logging_mixin.py:109} INFO - [2021-10-29 00:30:58,510] {dag.py:2914} INFO - Setting next_dagrun for example_xcom_args to None
[2021-10-29 00:30:58,511] {logging_mixin.py:109} INFO - [2021-10-29 00:30:58,511] {dag.py:2914} INFO - Setting next_dagrun for example_xcom_args_with_operators to None
[2021-10-29 00:30:58,523] {processor.py:171} INFO - Processing /home/airflow/.local/lib/python3.6/site-packages/airflow/example_dags/example_xcomargs.py took 0.530 seconds
[2021-10-29 00:31:28,998] {processor.py:163} INFO - Started process (PID=1523) to work on /home/airflow/.local/lib/python3.6/site-packages/airflow/example_dags/example_xcomargs.py
[2021-10-29 00:31:29,013] {processor.py:620} INFO - Processing file /home/airflow/.local/lib/python3.6/site-packages/airflow/example_dags/example_xcomargs.py for tasks to queue
[2021-10-29 00:31:29,020] {logging_mixin.py:109} INFO - [2021-10-29 00:31:29,020] {dagbag.py:500} INFO - Filling up the DagBag from /home/airflow/.local/lib/python3.6/site-packages/airflow/example_dags/example_xcomargs.py
[2021-10-29 00:31:29,183] {processor.py:632} INFO - DAG(s) dict_keys(['example_xcom_args', 'example_xcom_args_with_operators']) retrieved from /home/airflow/.local/lib/python3.6/site-packages/airflow/example_dags/example_xcomargs.py
[2021-10-29 00:31:30,237] {logging_mixin.py:109} INFO - [2021-10-29 00:31:30,236] {dag.py:2389} INFO - Sync 2 DAGs
[2021-10-29 00:31:30,302] {logging_mixin.py:109} INFO - [2021-10-29 00:31:30,302] {dag.py:2914} INFO - Setting next_dagrun for example_xcom_args to None
[2021-10-29 00:31:30,302] {logging_mixin.py:109} INFO - [2021-10-29 00:31:30,302] {dag.py:2914} INFO - Setting next_dagrun for example_xcom_args_with_operators to None
[2021-10-29 00:31:30,336] {processor.py:171} INFO - Processing /home/airflow/.local/lib/python3.6/site-packages/airflow/example_dags/example_xcomargs.py took 1.362 seconds
[2021-10-29 00:32:01,039] {processor.py:163} INFO - Started process (PID=1576) to work on /home/airflow/.local/lib/python3.6/site-packages/airflow/example_dags/example_xcomargs.py
[2021-10-29 00:32:01,051] {processor.py:620} INFO - Processing file /home/airflow/.local/lib/python3.6/site-packages/airflow/example_dags/example_xcomargs.py for tasks to queue
[2021-10-29 00:32:01,055] {logging_mixin.py:109} INFO - [2021-10-29 00:32:01,055] {dagbag.py:500} INFO - Filling up the DagBag from /home/airflow/.local/lib/python3.6/site-packages/airflow/example_dags/example_xcomargs.py
[2021-10-29 00:32:01,152] {processor.py:632} INFO - DAG(s) dict_keys(['example_xcom_args', 'example_xcom_args_with_operators']) retrieved from /home/airflow/.local/lib/python3.6/site-packages/airflow/example_dags/example_xcomargs.py
[2021-10-29 00:32:02,171] {logging_mixin.py:109} INFO - [2021-10-29 00:32:02,171] {dag.py:2389} INFO - Sync 2 DAGs
[2021-10-29 00:32:02,332] {logging_mixin.py:109} INFO - [2021-10-29 00:32:02,332] {dag.py:2914} INFO - Setting next_dagrun for example_xcom_args to None
[2021-10-29 00:32:02,332] {logging_mixin.py:109} INFO - [2021-10-29 00:32:02,332] {dag.py:2914} INFO - Setting next_dagrun for example_xcom_args_with_operators to None
[2021-10-29 00:32:02,421] {processor.py:171} INFO - Processing /home/airflow/.local/lib/python3.6/site-packages/airflow/example_dags/example_xcomargs.py took 1.385 seconds
[2021-10-29 00:32:33,191] {processor.py:163} INFO - Started process (PID=1630) to work on /home/airflow/.local/lib/python3.6/site-packages/airflow/example_dags/example_xcomargs.py
[2021-10-29 00:32:33,208] {processor.py:620} INFO - Processing file /home/airflow/.local/lib/python3.6/site-packages/airflow/example_dags/example_xcomargs.py for tasks to queue
[2021-10-29 00:32:33,218] {logging_mixin.py:109} INFO - [2021-10-29 00:32:33,218] {dagbag.py:500} INFO - Filling up the DagBag from /home/airflow/.local/lib/python3.6/site-packages/airflow/example_dags/example_xcomargs.py
[2021-10-29 00:32:33,315] {processor.py:632} INFO - DAG(s) dict_keys(['example_xcom_args', 'example_xcom_args_with_operators']) retrieved from /home/airflow/.local/lib/python3.6/site-packages/airflow/example_dags/example_xcomargs.py
[2021-10-29 00:32:33,958] {logging_mixin.py:109} INFO - [2021-10-29 00:32:33,958] {dag.py:2389} INFO - Sync 2 DAGs
[2021-10-29 00:32:34,019] {logging_mixin.py:109} INFO - [2021-10-29 00:32:34,019] {dag.py:2914} INFO - Setting next_dagrun for example_xcom_args to None
[2021-10-29 00:32:34,073] {logging_mixin.py:109} INFO - [2021-10-29 00:32:34,072] {dag.py:2914} INFO - Setting next_dagrun for example_xcom_args_with_operators to None
[2021-10-29 00:32:34,131] {processor.py:171} INFO - Processing /home/airflow/.local/lib/python3.6/site-packages/airflow/example_dags/example_xcomargs.py took 0.942 seconds
[2021-10-29 00:33:05,376] {processor.py:163} INFO - Started process (PID=1685) to work on /home/airflow/.local/lib/python3.6/site-packages/airflow/example_dags/example_xcomargs.py
[2021-10-29 00:33:05,428] {processor.py:620} INFO - Processing file /home/airflow/.local/lib/python3.6/site-packages/airflow/example_dags/example_xcomargs.py for tasks to queue
[2021-10-29 00:33:05,428] {logging_mixin.py:109} INFO - [2021-10-29 00:33:05,428] {dagbag.py:500} INFO - Filling up the DagBag from /home/airflow/.local/lib/python3.6/site-packages/airflow/example_dags/example_xcomargs.py
[2021-10-29 00:33:05,694] {processor.py:632} INFO - DAG(s) dict_keys(['example_xcom_args', 'example_xcom_args_with_operators']) retrieved from /home/airflow/.local/lib/python3.6/site-packages/airflow/example_dags/example_xcomargs.py
[2021-10-29 00:33:08,385] {logging_mixin.py:109} INFO - [2021-10-29 00:33:08,384] {dag.py:2389} INFO - Sync 2 DAGs
[2021-10-29 00:33:08,577] {logging_mixin.py:109} INFO - [2021-10-29 00:33:08,577] {dag.py:2914} INFO - Setting next_dagrun for example_xcom_args to None
[2021-10-29 00:33:08,577] {logging_mixin.py:109} INFO - [2021-10-29 00:33:08,577] {dag.py:2914} INFO - Setting next_dagrun for example_xcom_args_with_operators to None
[2021-10-29 00:33:08,646] {processor.py:171} INFO - Processing /home/airflow/.local/lib/python3.6/site-packages/airflow/example_dags/example_xcomargs.py took 3.273 seconds
[2021-10-29 00:33:38,729] {processor.py:163} INFO - Started process (PID=1732) to work on /home/airflow/.local/lib/python3.6/site-packages/airflow/example_dags/example_xcomargs.py
[2021-10-29 00:33:38,734] {processor.py:620} INFO - Processing file /home/airflow/.local/lib/python3.6/site-packages/airflow/example_dags/example_xcomargs.py for tasks to queue
[2021-10-29 00:33:38,739] {logging_mixin.py:109} INFO - [2021-10-29 00:33:38,739] {dagbag.py:500} INFO - Filling up the DagBag from /home/airflow/.local/lib/python3.6/site-packages/airflow/example_dags/example_xcomargs.py
[2021-10-29 00:33:38,791] {processor.py:632} INFO - DAG(s) dict_keys(['example_xcom_args', 'example_xcom_args_with_operators']) retrieved from /home/airflow/.local/lib/python3.6/site-packages/airflow/example_dags/example_xcomargs.py
[2021-10-29 00:33:38,997] {logging_mixin.py:109} INFO - [2021-10-29 00:33:38,997] {dag.py:2389} INFO - Sync 2 DAGs
[2021-10-29 00:33:39,015] {logging_mixin.py:109} INFO - [2021-10-29 00:33:39,014] {dag.py:2914} INFO - Setting next_dagrun for example_xcom_args to None
[2021-10-29 00:33:39,016] {logging_mixin.py:109} INFO - [2021-10-29 00:33:39,016] {dag.py:2914} INFO - Setting next_dagrun for example_xcom_args_with_operators to None
[2021-10-29 00:33:39,028] {processor.py:171} INFO - Processing /home/airflow/.local/lib/python3.6/site-packages/airflow/example_dags/example_xcomargs.py took 0.306 seconds
[2021-10-29 00:34:09,058] {processor.py:163} INFO - Started process (PID=1786) to work on /home/airflow/.local/lib/python3.6/site-packages/airflow/example_dags/example_xcomargs.py
[2021-10-29 00:34:09,074] {processor.py:620} INFO - Processing file /home/airflow/.local/lib/python3.6/site-packages/airflow/example_dags/example_xcomargs.py for tasks to queue
[2021-10-29 00:34:09,076] {logging_mixin.py:109} INFO - [2021-10-29 00:34:09,076] {dagbag.py:500} INFO - Filling up the DagBag from /home/airflow/.local/lib/python3.6/site-packages/airflow/example_dags/example_xcomargs.py
[2021-10-29 00:34:09,139] {processor.py:632} INFO - DAG(s) dict_keys(['example_xcom_args', 'example_xcom_args_with_operators']) retrieved from /home/airflow/.local/lib/python3.6/site-packages/airflow/example_dags/example_xcomargs.py
[2021-10-29 00:34:09,502] {logging_mixin.py:109} INFO - [2021-10-29 00:34:09,502] {dag.py:2389} INFO - Sync 2 DAGs
[2021-10-29 00:34:09,519] {logging_mixin.py:109} INFO - [2021-10-29 00:34:09,519] {dag.py:2914} INFO - Setting next_dagrun for example_xcom_args to None
[2021-10-29 00:34:09,520] {logging_mixin.py:109} INFO - [2021-10-29 00:34:09,520] {dag.py:2914} INFO - Setting next_dagrun for example_xcom_args_with_operators to None
[2021-10-29 00:34:09,534] {processor.py:171} INFO - Processing /home/airflow/.local/lib/python3.6/site-packages/airflow/example_dags/example_xcomargs.py took 0.479 seconds
[2021-10-29 00:34:40,482] {processor.py:163} INFO - Started process (PID=1850) to work on /home/airflow/.local/lib/python3.6/site-packages/airflow/example_dags/example_xcomargs.py
[2021-10-29 00:34:40,510] {processor.py:620} INFO - Processing file /home/airflow/.local/lib/python3.6/site-packages/airflow/example_dags/example_xcomargs.py for tasks to queue
[2021-10-29 00:34:40,530] {logging_mixin.py:109} INFO - [2021-10-29 00:34:40,530] {dagbag.py:500} INFO - Filling up the DagBag from /home/airflow/.local/lib/python3.6/site-packages/airflow/example_dags/example_xcomargs.py
[2021-10-29 00:34:40,720] {processor.py:632} INFO - DAG(s) dict_keys(['example_xcom_args', 'example_xcom_args_with_operators']) retrieved from /home/airflow/.local/lib/python3.6/site-packages/airflow/example_dags/example_xcomargs.py
[2021-10-29 00:34:41,267] {logging_mixin.py:109} INFO - [2021-10-29 00:34:41,267] {dag.py:2389} INFO - Sync 2 DAGs
[2021-10-29 00:34:41,287] {logging_mixin.py:109} INFO - [2021-10-29 00:34:41,287] {dag.py:2914} INFO - Setting next_dagrun for example_xcom_args to None
[2021-10-29 00:34:41,289] {logging_mixin.py:109} INFO - [2021-10-29 00:34:41,289] {dag.py:2914} INFO - Setting next_dagrun for example_xcom_args_with_operators to None
[2021-10-29 00:34:41,313] {processor.py:171} INFO - Processing /home/airflow/.local/lib/python3.6/site-packages/airflow/example_dags/example_xcomargs.py took 0.834 seconds
[2021-10-29 00:35:12,832] {processor.py:163} INFO - Started process (PID=1904) to work on /home/airflow/.local/lib/python3.6/site-packages/airflow/example_dags/example_xcomargs.py
[2021-10-29 00:35:12,843] {processor.py:620} INFO - Processing file /home/airflow/.local/lib/python3.6/site-packages/airflow/example_dags/example_xcomargs.py for tasks to queue
[2021-10-29 00:35:12,844] {logging_mixin.py:109} INFO - [2021-10-29 00:35:12,844] {dagbag.py:500} INFO - Filling up the DagBag from /home/airflow/.local/lib/python3.6/site-packages/airflow/example_dags/example_xcomargs.py
[2021-10-29 00:35:13,347] {processor.py:632} INFO - DAG(s) dict_keys(['example_xcom_args', 'example_xcom_args_with_operators']) retrieved from /home/airflow/.local/lib/python3.6/site-packages/airflow/example_dags/example_xcomargs.py
[2021-10-29 00:35:15,428] {logging_mixin.py:109} INFO - [2021-10-29 00:35:15,428] {dag.py:2389} INFO - Sync 2 DAGs
[2021-10-29 00:35:15,483] {logging_mixin.py:109} INFO - [2021-10-29 00:35:15,483] {dag.py:2914} INFO - Setting next_dagrun for example_xcom_args to None
[2021-10-29 00:35:15,485] {logging_mixin.py:109} INFO - [2021-10-29 00:35:15,485] {dag.py:2914} INFO - Setting next_dagrun for example_xcom_args_with_operators to None
[2021-10-29 00:35:15,517] {processor.py:171} INFO - Processing /home/airflow/.local/lib/python3.6/site-packages/airflow/example_dags/example_xcomargs.py took 2.743 seconds
[2021-10-29 00:35:45,614] {processor.py:163} INFO - Started process (PID=1961) to work on /home/airflow/.local/lib/python3.6/site-packages/airflow/example_dags/example_xcomargs.py
[2021-10-29 00:35:45,616] {processor.py:620} INFO - Processing file /home/airflow/.local/lib/python3.6/site-packages/airflow/example_dags/example_xcomargs.py for tasks to queue
[2021-10-29 00:35:45,617] {logging_mixin.py:109} INFO - [2021-10-29 00:35:45,617] {dagbag.py:500} INFO - Filling up the DagBag from /home/airflow/.local/lib/python3.6/site-packages/airflow/example_dags/example_xcomargs.py
[2021-10-29 00:35:45,710] {processor.py:632} INFO - DAG(s) dict_keys(['example_xcom_args', 'example_xcom_args_with_operators']) retrieved from /home/airflow/.local/lib/python3.6/site-packages/airflow/example_dags/example_xcomargs.py
[2021-10-29 00:35:46,443] {logging_mixin.py:109} INFO - [2021-10-29 00:35:46,443] {dag.py:2389} INFO - Sync 2 DAGs
[2021-10-29 00:35:46,504] {logging_mixin.py:109} INFO - [2021-10-29 00:35:46,504] {dag.py:2914} INFO - Setting next_dagrun for example_xcom_args to None
[2021-10-29 00:35:46,506] {logging_mixin.py:109} INFO - [2021-10-29 00:35:46,506] {dag.py:2914} INFO - Setting next_dagrun for example_xcom_args_with_operators to None
[2021-10-29 00:35:46,529] {processor.py:171} INFO - Processing /home/airflow/.local/lib/python3.6/site-packages/airflow/example_dags/example_xcomargs.py took 0.943 seconds
[2021-10-29 00:38:23,879] {processor.py:163} INFO - Started process (PID=76) to work on /home/airflow/.local/lib/python3.6/site-packages/airflow/example_dags/example_xcomargs.py
[2021-10-29 00:38:24,009] {processor.py:620} INFO - Processing file /home/airflow/.local/lib/python3.6/site-packages/airflow/example_dags/example_xcomargs.py for tasks to queue
[2021-10-29 00:38:24,010] {logging_mixin.py:109} INFO - [2021-10-29 00:38:24,010] {dagbag.py:500} INFO - Filling up the DagBag from /home/airflow/.local/lib/python3.6/site-packages/airflow/example_dags/example_xcomargs.py
[2021-10-29 00:38:26,177] {processor.py:632} INFO - DAG(s) dict_keys(['example_xcom_args', 'example_xcom_args_with_operators']) retrieved from /home/airflow/.local/lib/python3.6/site-packages/airflow/example_dags/example_xcomargs.py
[2021-10-29 00:38:32,774] {logging_mixin.py:109} INFO - [2021-10-29 00:38:32,774] {dag.py:2389} INFO - Sync 2 DAGs
[2021-10-29 00:38:32,875] {logging_mixin.py:109} INFO - [2021-10-29 00:38:32,875] {dag.py:2914} INFO - Setting next_dagrun for example_xcom_args to None
[2021-10-29 00:38:32,876] {logging_mixin.py:109} INFO - [2021-10-29 00:38:32,876] {dag.py:2914} INFO - Setting next_dagrun for example_xcom_args_with_operators to None
[2021-10-29 00:38:32,972] {processor.py:171} INFO - Processing /home/airflow/.local/lib/python3.6/site-packages/airflow/example_dags/example_xcomargs.py took 9.096 seconds
[2021-10-29 00:39:04,936] {processor.py:163} INFO - Started process (PID=139) to work on /home/airflow/.local/lib/python3.6/site-packages/airflow/example_dags/example_xcomargs.py
[2021-10-29 00:39:04,986] {processor.py:620} INFO - Processing file /home/airflow/.local/lib/python3.6/site-packages/airflow/example_dags/example_xcomargs.py for tasks to queue
[2021-10-29 00:39:05,050] {logging_mixin.py:109} INFO - [2021-10-29 00:39:05,012] {dagbag.py:500} INFO - Filling up the DagBag from /home/airflow/.local/lib/python3.6/site-packages/airflow/example_dags/example_xcomargs.py
[2021-10-29 00:39:05,803] {processor.py:632} INFO - DAG(s) dict_keys(['example_xcom_args', 'example_xcom_args_with_operators']) retrieved from /home/airflow/.local/lib/python3.6/site-packages/airflow/example_dags/example_xcomargs.py
[2021-10-29 00:39:10,220] {logging_mixin.py:109} INFO - [2021-10-29 00:39:10,220] {dag.py:2389} INFO - Sync 2 DAGs
[2021-10-29 00:39:10,570] {logging_mixin.py:109} INFO - [2021-10-29 00:39:10,570] {dag.py:2914} INFO - Setting next_dagrun for example_xcom_args to None
[2021-10-29 00:39:10,584] {logging_mixin.py:109} INFO - [2021-10-29 00:39:10,584] {dag.py:2914} INFO - Setting next_dagrun for example_xcom_args_with_operators to None
[2021-10-29 00:39:10,783] {processor.py:171} INFO - Processing /home/airflow/.local/lib/python3.6/site-packages/airflow/example_dags/example_xcomargs.py took 6.044 seconds
[2021-10-29 00:39:41,619] {processor.py:163} INFO - Started process (PID=191) to work on /home/airflow/.local/lib/python3.6/site-packages/airflow/example_dags/example_xcomargs.py
[2021-10-29 00:39:41,632] {processor.py:620} INFO - Processing file /home/airflow/.local/lib/python3.6/site-packages/airflow/example_dags/example_xcomargs.py for tasks to queue
[2021-10-29 00:39:41,634] {logging_mixin.py:109} INFO - [2021-10-29 00:39:41,634] {dagbag.py:500} INFO - Filling up the DagBag from /home/airflow/.local/lib/python3.6/site-packages/airflow/example_dags/example_xcomargs.py
[2021-10-29 00:39:41,758] {processor.py:632} INFO - DAG(s) dict_keys(['example_xcom_args', 'example_xcom_args_with_operators']) retrieved from /home/airflow/.local/lib/python3.6/site-packages/airflow/example_dags/example_xcomargs.py
[2021-10-29 00:39:42,134] {logging_mixin.py:109} INFO - [2021-10-29 00:39:42,134] {dag.py:2389} INFO - Sync 2 DAGs
[2021-10-29 00:39:42,150] {logging_mixin.py:109} INFO - [2021-10-29 00:39:42,150] {dag.py:2914} INFO - Setting next_dagrun for example_xcom_args to None
[2021-10-29 00:39:42,151] {logging_mixin.py:109} INFO - [2021-10-29 00:39:42,151] {dag.py:2914} INFO - Setting next_dagrun for example_xcom_args_with_operators to None
[2021-10-29 00:39:42,166] {processor.py:171} INFO - Processing /home/airflow/.local/lib/python3.6/site-packages/airflow/example_dags/example_xcomargs.py took 0.550 seconds
[2021-10-29 00:40:13,660] {processor.py:163} INFO - Started process (PID=237) to work on /home/airflow/.local/lib/python3.6/site-packages/airflow/example_dags/example_xcomargs.py
[2021-10-29 00:40:13,823] {processor.py:620} INFO - Processing file /home/airflow/.local/lib/python3.6/site-packages/airflow/example_dags/example_xcomargs.py for tasks to queue
[2021-10-29 00:40:13,823] {logging_mixin.py:109} INFO - [2021-10-29 00:40:13,823] {dagbag.py:500} INFO - Filling up the DagBag from /home/airflow/.local/lib/python3.6/site-packages/airflow/example_dags/example_xcomargs.py
[2021-10-29 00:40:14,286] {processor.py:632} INFO - DAG(s) dict_keys(['example_xcom_args', 'example_xcom_args_with_operators']) retrieved from /home/airflow/.local/lib/python3.6/site-packages/airflow/example_dags/example_xcomargs.py
[2021-10-29 00:40:15,888] {logging_mixin.py:109} INFO - [2021-10-29 00:40:15,888] {dag.py:2389} INFO - Sync 2 DAGs
[2021-10-29 00:40:15,983] {logging_mixin.py:109} INFO - [2021-10-29 00:40:15,983] {dag.py:2914} INFO - Setting next_dagrun for example_xcom_args to None
[2021-10-29 00:40:15,984] {logging_mixin.py:109} INFO - [2021-10-29 00:40:15,984] {dag.py:2914} INFO - Setting next_dagrun for example_xcom_args_with_operators to None
[2021-10-29 00:40:16,077] {processor.py:171} INFO - Processing /home/airflow/.local/lib/python3.6/site-packages/airflow/example_dags/example_xcomargs.py took 2.420 seconds
[2021-10-29 00:40:46,312] {processor.py:163} INFO - Started process (PID=293) to work on /home/airflow/.local/lib/python3.6/site-packages/airflow/example_dags/example_xcomargs.py
[2021-10-29 00:40:46,319] {processor.py:620} INFO - Processing file /home/airflow/.local/lib/python3.6/site-packages/airflow/example_dags/example_xcomargs.py for tasks to queue
[2021-10-29 00:40:46,339] {logging_mixin.py:109} INFO - [2021-10-29 00:40:46,339] {dagbag.py:500} INFO - Filling up the DagBag from /home/airflow/.local/lib/python3.6/site-packages/airflow/example_dags/example_xcomargs.py
[2021-10-29 00:40:46,686] {processor.py:632} INFO - DAG(s) dict_keys(['example_xcom_args', 'example_xcom_args_with_operators']) retrieved from /home/airflow/.local/lib/python3.6/site-packages/airflow/example_dags/example_xcomargs.py
[2021-10-29 00:40:46,770] {logging_mixin.py:109} INFO - [2021-10-29 00:40:46,770] {dag.py:2389} INFO - Sync 2 DAGs
[2021-10-29 00:40:46,934] {logging_mixin.py:109} INFO - [2021-10-29 00:40:46,933] {dag.py:2914} INFO - Setting next_dagrun for example_xcom_args to None
[2021-10-29 00:40:46,935] {logging_mixin.py:109} INFO - [2021-10-29 00:40:46,935] {dag.py:2914} INFO - Setting next_dagrun for example_xcom_args_with_operators to None
[2021-10-29 00:40:47,060] {processor.py:171} INFO - Processing /home/airflow/.local/lib/python3.6/site-packages/airflow/example_dags/example_xcomargs.py took 0.799 seconds
[2021-10-29 00:41:18,885] {processor.py:163} INFO - Started process (PID=338) to work on /home/airflow/.local/lib/python3.6/site-packages/airflow/example_dags/example_xcomargs.py
[2021-10-29 00:41:19,008] {processor.py:620} INFO - Processing file /home/airflow/.local/lib/python3.6/site-packages/airflow/example_dags/example_xcomargs.py for tasks to queue
[2021-10-29 00:41:19,008] {logging_mixin.py:109} INFO - [2021-10-29 00:41:19,008] {dagbag.py:500} INFO - Filling up the DagBag from /home/airflow/.local/lib/python3.6/site-packages/airflow/example_dags/example_xcomargs.py
[2021-10-29 00:41:19,750] {processor.py:632} INFO - DAG(s) dict_keys(['example_xcom_args', 'example_xcom_args_with_operators']) retrieved from /home/airflow/.local/lib/python3.6/site-packages/airflow/example_dags/example_xcomargs.py
[2021-10-29 00:41:23,641] {logging_mixin.py:109} INFO - [2021-10-29 00:41:23,641] {dag.py:2389} INFO - Sync 2 DAGs
[2021-10-29 00:41:23,909] {logging_mixin.py:109} INFO - [2021-10-29 00:41:23,909] {dag.py:2914} INFO - Setting next_dagrun for example_xcom_args to None
[2021-10-29 00:41:23,910] {logging_mixin.py:109} INFO - [2021-10-29 00:41:23,910] {dag.py:2914} INFO - Setting next_dagrun for example_xcom_args_with_operators to None
[2021-10-29 00:41:24,156] {processor.py:171} INFO - Processing /home/airflow/.local/lib/python3.6/site-packages/airflow/example_dags/example_xcomargs.py took 5.277 seconds
[2021-10-29 00:41:55,152] {processor.py:163} INFO - Started process (PID=395) to work on /home/airflow/.local/lib/python3.6/site-packages/airflow/example_dags/example_xcomargs.py
[2021-10-29 00:41:55,171] {processor.py:620} INFO - Processing file /home/airflow/.local/lib/python3.6/site-packages/airflow/example_dags/example_xcomargs.py for tasks to queue
[2021-10-29 00:41:55,172] {logging_mixin.py:109} INFO - [2021-10-29 00:41:55,172] {dagbag.py:500} INFO - Filling up the DagBag from /home/airflow/.local/lib/python3.6/site-packages/airflow/example_dags/example_xcomargs.py
[2021-10-29 00:41:55,321] {processor.py:632} INFO - DAG(s) dict_keys(['example_xcom_args', 'example_xcom_args_with_operators']) retrieved from /home/airflow/.local/lib/python3.6/site-packages/airflow/example_dags/example_xcomargs.py
[2021-10-29 00:41:56,770] {logging_mixin.py:109} INFO - [2021-10-29 00:41:56,770] {dag.py:2389} INFO - Sync 2 DAGs
[2021-10-29 00:41:56,965] {logging_mixin.py:109} INFO - [2021-10-29 00:41:56,965] {dag.py:2914} INFO - Setting next_dagrun for example_xcom_args to None
[2021-10-29 00:41:56,965] {logging_mixin.py:109} INFO - [2021-10-29 00:41:56,965] {dag.py:2914} INFO - Setting next_dagrun for example_xcom_args_with_operators to None
[2021-10-29 00:41:57,162] {processor.py:171} INFO - Processing /home/airflow/.local/lib/python3.6/site-packages/airflow/example_dags/example_xcomargs.py took 2.013 seconds
[2021-10-29 00:42:27,211] {processor.py:163} INFO - Started process (PID=452) to work on /home/airflow/.local/lib/python3.6/site-packages/airflow/example_dags/example_xcomargs.py
[2021-10-29 00:42:27,219] {processor.py:620} INFO - Processing file /home/airflow/.local/lib/python3.6/site-packages/airflow/example_dags/example_xcomargs.py for tasks to queue
[2021-10-29 00:42:27,220] {logging_mixin.py:109} INFO - [2021-10-29 00:42:27,220] {dagbag.py:500} INFO - Filling up the DagBag from /home/airflow/.local/lib/python3.6/site-packages/airflow/example_dags/example_xcomargs.py
[2021-10-29 00:42:27,297] {processor.py:632} INFO - DAG(s) dict_keys(['example_xcom_args', 'example_xcom_args_with_operators']) retrieved from /home/airflow/.local/lib/python3.6/site-packages/airflow/example_dags/example_xcomargs.py
[2021-10-29 00:42:27,903] {logging_mixin.py:109} INFO - [2021-10-29 00:42:27,903] {dag.py:2389} INFO - Sync 2 DAGs
[2021-10-29 00:42:27,929] {logging_mixin.py:109} INFO - [2021-10-29 00:42:27,929] {dag.py:2914} INFO - Setting next_dagrun for example_xcom_args to None
[2021-10-29 00:42:27,930] {logging_mixin.py:109} INFO - [2021-10-29 00:42:27,930] {dag.py:2914} INFO - Setting next_dagrun for example_xcom_args_with_operators to None
[2021-10-29 00:42:27,943] {processor.py:171} INFO - Processing /home/airflow/.local/lib/python3.6/site-packages/airflow/example_dags/example_xcomargs.py took 0.736 seconds
[2021-10-29 00:42:58,792] {processor.py:163} INFO - Started process (PID=506) to work on /home/airflow/.local/lib/python3.6/site-packages/airflow/example_dags/example_xcomargs.py
[2021-10-29 00:42:58,891] {processor.py:620} INFO - Processing file /home/airflow/.local/lib/python3.6/site-packages/airflow/example_dags/example_xcomargs.py for tasks to queue
[2021-10-29 00:42:58,891] {logging_mixin.py:109} INFO - [2021-10-29 00:42:58,891] {dagbag.py:500} INFO - Filling up the DagBag from /home/airflow/.local/lib/python3.6/site-packages/airflow/example_dags/example_xcomargs.py
[2021-10-29 00:43:00,166] {processor.py:632} INFO - DAG(s) dict_keys(['example_xcom_args', 'example_xcom_args_with_operators']) retrieved from /home/airflow/.local/lib/python3.6/site-packages/airflow/example_dags/example_xcomargs.py
[2021-10-29 00:43:04,672] {logging_mixin.py:109} INFO - [2021-10-29 00:43:04,672] {dag.py:2389} INFO - Sync 2 DAGs
[2021-10-29 00:43:05,085] {logging_mixin.py:109} INFO - [2021-10-29 00:43:05,085] {dag.py:2914} INFO - Setting next_dagrun for example_xcom_args to None
[2021-10-29 00:43:05,132] {logging_mixin.py:109} INFO - [2021-10-29 00:43:05,132] {dag.py:2914} INFO - Setting next_dagrun for example_xcom_args_with_operators to None
[2021-10-29 00:43:05,547] {processor.py:171} INFO - Processing /home/airflow/.local/lib/python3.6/site-packages/airflow/example_dags/example_xcomargs.py took 6.758 seconds
[2021-10-29 00:43:36,640] {processor.py:163} INFO - Started process (PID=561) to work on /home/airflow/.local/lib/python3.6/site-packages/airflow/example_dags/example_xcomargs.py
[2021-10-29 00:43:36,645] {processor.py:620} INFO - Processing file /home/airflow/.local/lib/python3.6/site-packages/airflow/example_dags/example_xcomargs.py for tasks to queue
[2021-10-29 00:43:36,646] {logging_mixin.py:109} INFO - [2021-10-29 00:43:36,646] {dagbag.py:500} INFO - Filling up the DagBag from /home/airflow/.local/lib/python3.6/site-packages/airflow/example_dags/example_xcomargs.py
[2021-10-29 00:43:37,080] {processor.py:632} INFO - DAG(s) dict_keys(['example_xcom_args', 'example_xcom_args_with_operators']) retrieved from /home/airflow/.local/lib/python3.6/site-packages/airflow/example_dags/example_xcomargs.py
[2021-10-29 00:43:39,303] {logging_mixin.py:109} INFO - [2021-10-29 00:43:39,303] {dag.py:2389} INFO - Sync 2 DAGs
[2021-10-29 00:43:39,480] {logging_mixin.py:109} INFO - [2021-10-29 00:43:39,480] {dag.py:2914} INFO - Setting next_dagrun for example_xcom_args to None
[2021-10-29 00:43:39,481] {logging_mixin.py:109} INFO - [2021-10-29 00:43:39,481] {dag.py:2914} INFO - Setting next_dagrun for example_xcom_args_with_operators to None
[2021-10-29 00:43:39,527] {processor.py:171} INFO - Processing /home/airflow/.local/lib/python3.6/site-packages/airflow/example_dags/example_xcomargs.py took 2.981 seconds
[2021-10-29 00:44:10,331] {processor.py:163} INFO - Started process (PID=610) to work on /home/airflow/.local/lib/python3.6/site-packages/airflow/example_dags/example_xcomargs.py
[2021-10-29 00:44:10,352] {processor.py:620} INFO - Processing file /home/airflow/.local/lib/python3.6/site-packages/airflow/example_dags/example_xcomargs.py for tasks to queue
[2021-10-29 00:44:10,354] {logging_mixin.py:109} INFO - [2021-10-29 00:44:10,353] {dagbag.py:500} INFO - Filling up the DagBag from /home/airflow/.local/lib/python3.6/site-packages/airflow/example_dags/example_xcomargs.py
[2021-10-29 00:44:10,577] {processor.py:632} INFO - DAG(s) dict_keys(['example_xcom_args', 'example_xcom_args_with_operators']) retrieved from /home/airflow/.local/lib/python3.6/site-packages/airflow/example_dags/example_xcomargs.py
[2021-10-29 00:44:11,583] {logging_mixin.py:109} INFO - [2021-10-29 00:44:11,583] {dag.py:2389} INFO - Sync 2 DAGs
[2021-10-29 00:44:11,715] {logging_mixin.py:109} INFO - [2021-10-29 00:44:11,715] {dag.py:2914} INFO - Setting next_dagrun for example_xcom_args to None
[2021-10-29 00:44:11,728] {logging_mixin.py:109} INFO - [2021-10-29 00:44:11,728] {dag.py:2914} INFO - Setting next_dagrun for example_xcom_args_with_operators to None
[2021-10-29 00:44:11,751] {processor.py:171} INFO - Processing /home/airflow/.local/lib/python3.6/site-packages/airflow/example_dags/example_xcomargs.py took 1.422 seconds
[2021-10-29 00:44:42,042] {processor.py:163} INFO - Started process (PID=665) to work on /home/airflow/.local/lib/python3.6/site-packages/airflow/example_dags/example_xcomargs.py
[2021-10-29 00:44:42,045] {processor.py:620} INFO - Processing file /home/airflow/.local/lib/python3.6/site-packages/airflow/example_dags/example_xcomargs.py for tasks to queue
[2021-10-29 00:44:42,046] {logging_mixin.py:109} INFO - [2021-10-29 00:44:42,046] {dagbag.py:500} INFO - Filling up the DagBag from /home/airflow/.local/lib/python3.6/site-packages/airflow/example_dags/example_xcomargs.py
[2021-10-29 00:44:42,077] {processor.py:632} INFO - DAG(s) dict_keys(['example_xcom_args', 'example_xcom_args_with_operators']) retrieved from /home/airflow/.local/lib/python3.6/site-packages/airflow/example_dags/example_xcomargs.py
[2021-10-29 00:44:42,318] {logging_mixin.py:109} INFO - [2021-10-29 00:44:42,318] {dag.py:2389} INFO - Sync 2 DAGs
[2021-10-29 00:44:42,335] {logging_mixin.py:109} INFO - [2021-10-29 00:44:42,335] {dag.py:2914} INFO - Setting next_dagrun for example_xcom_args to None
[2021-10-29 00:44:42,336] {logging_mixin.py:109} INFO - [2021-10-29 00:44:42,336] {dag.py:2914} INFO - Setting next_dagrun for example_xcom_args_with_operators to None
[2021-10-29 00:44:42,366] {processor.py:171} INFO - Processing /home/airflow/.local/lib/python3.6/site-packages/airflow/example_dags/example_xcomargs.py took 0.327 seconds
[2021-10-29 00:45:12,514] {processor.py:163} INFO - Started process (PID=719) to work on /home/airflow/.local/lib/python3.6/site-packages/airflow/example_dags/example_xcomargs.py
[2021-10-29 00:45:12,531] {processor.py:620} INFO - Processing file /home/airflow/.local/lib/python3.6/site-packages/airflow/example_dags/example_xcomargs.py for tasks to queue
[2021-10-29 00:45:12,531] {logging_mixin.py:109} INFO - [2021-10-29 00:45:12,531] {dagbag.py:500} INFO - Filling up the DagBag from /home/airflow/.local/lib/python3.6/site-packages/airflow/example_dags/example_xcomargs.py
[2021-10-29 00:45:12,743] {processor.py:632} INFO - DAG(s) dict_keys(['example_xcom_args', 'example_xcom_args_with_operators']) retrieved from /home/airflow/.local/lib/python3.6/site-packages/airflow/example_dags/example_xcomargs.py
[2021-10-29 00:45:12,772] {logging_mixin.py:109} INFO - [2021-10-29 00:45:12,772] {dag.py:2389} INFO - Sync 2 DAGs
[2021-10-29 00:45:12,792] {logging_mixin.py:109} INFO - [2021-10-29 00:45:12,792] {dag.py:2914} INFO - Setting next_dagrun for example_xcom_args to None
[2021-10-29 00:45:12,793] {logging_mixin.py:109} INFO - [2021-10-29 00:45:12,793] {dag.py:2914} INFO - Setting next_dagrun for example_xcom_args_with_operators to None
[2021-10-29 00:45:12,810] {processor.py:171} INFO - Processing /home/airflow/.local/lib/python3.6/site-packages/airflow/example_dags/example_xcomargs.py took 0.299 seconds
[2021-10-29 00:45:42,864] {processor.py:163} INFO - Started process (PID=773) to work on /home/airflow/.local/lib/python3.6/site-packages/airflow/example_dags/example_xcomargs.py
[2021-10-29 00:45:42,867] {processor.py:620} INFO - Processing file /home/airflow/.local/lib/python3.6/site-packages/airflow/example_dags/example_xcomargs.py for tasks to queue
[2021-10-29 00:45:42,868] {logging_mixin.py:109} INFO - [2021-10-29 00:45:42,868] {dagbag.py:500} INFO - Filling up the DagBag from /home/airflow/.local/lib/python3.6/site-packages/airflow/example_dags/example_xcomargs.py
[2021-10-29 00:45:42,902] {processor.py:632} INFO - DAG(s) dict_keys(['example_xcom_args', 'example_xcom_args_with_operators']) retrieved from /home/airflow/.local/lib/python3.6/site-packages/airflow/example_dags/example_xcomargs.py
[2021-10-29 00:45:43,117] {logging_mixin.py:109} INFO - [2021-10-29 00:45:43,116] {dag.py:2389} INFO - Sync 2 DAGs
[2021-10-29 00:45:43,130] {logging_mixin.py:109} INFO - [2021-10-29 00:45:43,130] {dag.py:2914} INFO - Setting next_dagrun for example_xcom_args to None
[2021-10-29 00:45:43,131] {logging_mixin.py:109} INFO - [2021-10-29 00:45:43,131] {dag.py:2914} INFO - Setting next_dagrun for example_xcom_args_with_operators to None
[2021-10-29 00:45:43,144] {processor.py:171} INFO - Processing /home/airflow/.local/lib/python3.6/site-packages/airflow/example_dags/example_xcomargs.py took 0.282 seconds
[2021-10-29 00:46:13,412] {processor.py:163} INFO - Started process (PID=825) to work on /home/airflow/.local/lib/python3.6/site-packages/airflow/example_dags/example_xcomargs.py
[2021-10-29 00:46:13,420] {processor.py:620} INFO - Processing file /home/airflow/.local/lib/python3.6/site-packages/airflow/example_dags/example_xcomargs.py for tasks to queue
[2021-10-29 00:46:13,422] {logging_mixin.py:109} INFO - [2021-10-29 00:46:13,422] {dagbag.py:500} INFO - Filling up the DagBag from /home/airflow/.local/lib/python3.6/site-packages/airflow/example_dags/example_xcomargs.py
[2021-10-29 00:46:13,487] {processor.py:632} INFO - DAG(s) dict_keys(['example_xcom_args', 'example_xcom_args_with_operators']) retrieved from /home/airflow/.local/lib/python3.6/site-packages/airflow/example_dags/example_xcomargs.py
[2021-10-29 00:46:13,959] {logging_mixin.py:109} INFO - [2021-10-29 00:46:13,958] {dag.py:2389} INFO - Sync 2 DAGs
[2021-10-29 00:46:14,011] {logging_mixin.py:109} INFO - [2021-10-29 00:46:14,011] {dag.py:2914} INFO - Setting next_dagrun for example_xcom_args to None
[2021-10-29 00:46:14,023] {logging_mixin.py:109} INFO - [2021-10-29 00:46:14,023] {dag.py:2914} INFO - Setting next_dagrun for example_xcom_args_with_operators to None
[2021-10-29 00:46:14,040] {processor.py:171} INFO - Processing /home/airflow/.local/lib/python3.6/site-packages/airflow/example_dags/example_xcomargs.py took 0.644 seconds
[2021-10-29 00:46:45,257] {processor.py:163} INFO - Started process (PID=886) to work on /home/airflow/.local/lib/python3.6/site-packages/airflow/example_dags/example_xcomargs.py
[2021-10-29 00:46:45,283] {processor.py:620} INFO - Processing file /home/airflow/.local/lib/python3.6/site-packages/airflow/example_dags/example_xcomargs.py for tasks to queue
[2021-10-29 00:46:45,284] {logging_mixin.py:109} INFO - [2021-10-29 00:46:45,284] {dagbag.py:500} INFO - Filling up the DagBag from /home/airflow/.local/lib/python3.6/site-packages/airflow/example_dags/example_xcomargs.py
[2021-10-29 00:46:45,856] {processor.py:632} INFO - DAG(s) dict_keys(['example_xcom_args', 'example_xcom_args_with_operators']) retrieved from /home/airflow/.local/lib/python3.6/site-packages/airflow/example_dags/example_xcomargs.py
[2021-10-29 00:46:47,620] {logging_mixin.py:109} INFO - [2021-10-29 00:46:47,620] {dag.py:2389} INFO - Sync 2 DAGs
[2021-10-29 00:46:47,732] {logging_mixin.py:109} INFO - [2021-10-29 00:46:47,732] {dag.py:2914} INFO - Setting next_dagrun for example_xcom_args to None
[2021-10-29 00:46:47,733] {logging_mixin.py:109} INFO - [2021-10-29 00:46:47,733] {dag.py:2914} INFO - Setting next_dagrun for example_xcom_args_with_operators to None
[2021-10-29 00:46:47,766] {processor.py:171} INFO - Processing /home/airflow/.local/lib/python3.6/site-packages/airflow/example_dags/example_xcomargs.py took 2.679 seconds
[2021-10-29 00:47:18,136] {processor.py:163} INFO - Started process (PID=933) to work on /home/airflow/.local/lib/python3.6/site-packages/airflow/example_dags/example_xcomargs.py
[2021-10-29 00:47:18,140] {processor.py:620} INFO - Processing file /home/airflow/.local/lib/python3.6/site-packages/airflow/example_dags/example_xcomargs.py for tasks to queue
[2021-10-29 00:47:18,142] {logging_mixin.py:109} INFO - [2021-10-29 00:47:18,141] {dagbag.py:500} INFO - Filling up the DagBag from /home/airflow/.local/lib/python3.6/site-packages/airflow/example_dags/example_xcomargs.py
[2021-10-29 00:47:18,185] {processor.py:632} INFO - DAG(s) dict_keys(['example_xcom_args', 'example_xcom_args_with_operators']) retrieved from /home/airflow/.local/lib/python3.6/site-packages/airflow/example_dags/example_xcomargs.py
[2021-10-29 00:47:18,372] {logging_mixin.py:109} INFO - [2021-10-29 00:47:18,372] {dag.py:2389} INFO - Sync 2 DAGs
[2021-10-29 00:47:18,387] {logging_mixin.py:109} INFO - [2021-10-29 00:47:18,387] {dag.py:2914} INFO - Setting next_dagrun for example_xcom_args to None
[2021-10-29 00:47:18,390] {logging_mixin.py:109} INFO - [2021-10-29 00:47:18,390] {dag.py:2914} INFO - Setting next_dagrun for example_xcom_args_with_operators to None
[2021-10-29 00:47:18,406] {processor.py:171} INFO - Processing /home/airflow/.local/lib/python3.6/site-packages/airflow/example_dags/example_xcomargs.py took 0.274 seconds
[2021-10-29 00:47:48,556] {processor.py:163} INFO - Started process (PID=987) to work on /home/airflow/.local/lib/python3.6/site-packages/airflow/example_dags/example_xcomargs.py
[2021-10-29 00:47:48,560] {processor.py:620} INFO - Processing file /home/airflow/.local/lib/python3.6/site-packages/airflow/example_dags/example_xcomargs.py for tasks to queue
[2021-10-29 00:47:48,562] {logging_mixin.py:109} INFO - [2021-10-29 00:47:48,562] {dagbag.py:500} INFO - Filling up the DagBag from /home/airflow/.local/lib/python3.6/site-packages/airflow/example_dags/example_xcomargs.py
[2021-10-29 00:47:48,645] {processor.py:632} INFO - DAG(s) dict_keys(['example_xcom_args', 'example_xcom_args_with_operators']) retrieved from /home/airflow/.local/lib/python3.6/site-packages/airflow/example_dags/example_xcomargs.py
[2021-10-29 00:47:48,686] {logging_mixin.py:109} INFO - [2021-10-29 00:47:48,686] {dag.py:2389} INFO - Sync 2 DAGs
[2021-10-29 00:47:48,724] {logging_mixin.py:109} INFO - [2021-10-29 00:47:48,724] {dag.py:2914} INFO - Setting next_dagrun for example_xcom_args to None
[2021-10-29 00:47:48,731] {logging_mixin.py:109} INFO - [2021-10-29 00:47:48,731] {dag.py:2914} INFO - Setting next_dagrun for example_xcom_args_with_operators to None
[2021-10-29 00:47:48,755] {processor.py:171} INFO - Processing /home/airflow/.local/lib/python3.6/site-packages/airflow/example_dags/example_xcomargs.py took 0.235 seconds
[2021-10-29 00:48:19,617] {processor.py:163} INFO - Started process (PID=1041) to work on /home/airflow/.local/lib/python3.6/site-packages/airflow/example_dags/example_xcomargs.py
[2021-10-29 00:48:19,651] {processor.py:620} INFO - Processing file /home/airflow/.local/lib/python3.6/site-packages/airflow/example_dags/example_xcomargs.py for tasks to queue
[2021-10-29 00:48:19,651] {logging_mixin.py:109} INFO - [2021-10-29 00:48:19,651] {dagbag.py:500} INFO - Filling up the DagBag from /home/airflow/.local/lib/python3.6/site-packages/airflow/example_dags/example_xcomargs.py
[2021-10-29 00:48:20,141] {processor.py:632} INFO - DAG(s) dict_keys(['example_xcom_args', 'example_xcom_args_with_operators']) retrieved from /home/airflow/.local/lib/python3.6/site-packages/airflow/example_dags/example_xcomargs.py
[2021-10-29 00:48:21,765] {logging_mixin.py:109} INFO - [2021-10-29 00:48:21,764] {dag.py:2389} INFO - Sync 2 DAGs
[2021-10-29 00:48:21,903] {logging_mixin.py:109} INFO - [2021-10-29 00:48:21,903] {dag.py:2914} INFO - Setting next_dagrun for example_xcom_args to None
[2021-10-29 00:48:21,903] {logging_mixin.py:109} INFO - [2021-10-29 00:48:21,903] {dag.py:2914} INFO - Setting next_dagrun for example_xcom_args_with_operators to None
[2021-10-29 00:48:21,986] {processor.py:171} INFO - Processing /home/airflow/.local/lib/python3.6/site-packages/airflow/example_dags/example_xcomargs.py took 2.371 seconds
[2021-10-29 00:48:52,259] {processor.py:163} INFO - Started process (PID=1097) to work on /home/airflow/.local/lib/python3.6/site-packages/airflow/example_dags/example_xcomargs.py
[2021-10-29 00:48:52,265] {processor.py:620} INFO - Processing file /home/airflow/.local/lib/python3.6/site-packages/airflow/example_dags/example_xcomargs.py for tasks to queue
[2021-10-29 00:48:52,265] {logging_mixin.py:109} INFO - [2021-10-29 00:48:52,265] {dagbag.py:500} INFO - Filling up the DagBag from /home/airflow/.local/lib/python3.6/site-packages/airflow/example_dags/example_xcomargs.py
[2021-10-29 00:48:52,328] {processor.py:632} INFO - DAG(s) dict_keys(['example_xcom_args', 'example_xcom_args_with_operators']) retrieved from /home/airflow/.local/lib/python3.6/site-packages/airflow/example_dags/example_xcomargs.py
[2021-10-29 00:48:52,619] {logging_mixin.py:109} INFO - [2021-10-29 00:48:52,619] {dag.py:2389} INFO - Sync 2 DAGs
[2021-10-29 00:48:52,640] {logging_mixin.py:109} INFO - [2021-10-29 00:48:52,640] {dag.py:2914} INFO - Setting next_dagrun for example_xcom_args to None
[2021-10-29 00:48:52,645] {logging_mixin.py:109} INFO - [2021-10-29 00:48:52,641] {dag.py:2914} INFO - Setting next_dagrun for example_xcom_args_with_operators to None
[2021-10-29 00:48:52,666] {processor.py:171} INFO - Processing /home/airflow/.local/lib/python3.6/site-packages/airflow/example_dags/example_xcomargs.py took 0.423 seconds
[2021-10-29 00:49:22,800] {processor.py:163} INFO - Started process (PID=1151) to work on /home/airflow/.local/lib/python3.6/site-packages/airflow/example_dags/example_xcomargs.py
[2021-10-29 00:49:22,804] {processor.py:620} INFO - Processing file /home/airflow/.local/lib/python3.6/site-packages/airflow/example_dags/example_xcomargs.py for tasks to queue
[2021-10-29 00:49:22,805] {logging_mixin.py:109} INFO - [2021-10-29 00:49:22,805] {dagbag.py:500} INFO - Filling up the DagBag from /home/airflow/.local/lib/python3.6/site-packages/airflow/example_dags/example_xcomargs.py
[2021-10-29 00:49:22,883] {processor.py:632} INFO - DAG(s) dict_keys(['example_xcom_args', 'example_xcom_args_with_operators']) retrieved from /home/airflow/.local/lib/python3.6/site-packages/airflow/example_dags/example_xcomargs.py
[2021-10-29 00:49:23,267] {logging_mixin.py:109} INFO - [2021-10-29 00:49:23,267] {dag.py:2389} INFO - Sync 2 DAGs
[2021-10-29 00:49:23,295] {logging_mixin.py:109} INFO - [2021-10-29 00:49:23,295] {dag.py:2914} INFO - Setting next_dagrun for example_xcom_args to None
[2021-10-29 00:49:23,297] {logging_mixin.py:109} INFO - [2021-10-29 00:49:23,297] {dag.py:2914} INFO - Setting next_dagrun for example_xcom_args_with_operators to None
[2021-10-29 00:49:23,316] {processor.py:171} INFO - Processing /home/airflow/.local/lib/python3.6/site-packages/airflow/example_dags/example_xcomargs.py took 0.523 seconds
[2021-10-29 00:49:54,112] {processor.py:163} INFO - Started process (PID=1195) to work on /home/airflow/.local/lib/python3.6/site-packages/airflow/example_dags/example_xcomargs.py
[2021-10-29 00:49:54,173] {processor.py:620} INFO - Processing file /home/airflow/.local/lib/python3.6/site-packages/airflow/example_dags/example_xcomargs.py for tasks to queue
[2021-10-29 00:49:54,175] {logging_mixin.py:109} INFO - [2021-10-29 00:49:54,175] {dagbag.py:500} INFO - Filling up the DagBag from /home/airflow/.local/lib/python3.6/site-packages/airflow/example_dags/example_xcomargs.py
[2021-10-29 00:49:54,827] {processor.py:632} INFO - DAG(s) dict_keys(['example_xcom_args', 'example_xcom_args_with_operators']) retrieved from /home/airflow/.local/lib/python3.6/site-packages/airflow/example_dags/example_xcomargs.py
[2021-10-29 00:49:57,247] {logging_mixin.py:109} INFO - [2021-10-29 00:49:57,246] {dag.py:2389} INFO - Sync 2 DAGs
[2021-10-29 00:49:57,367] {logging_mixin.py:109} INFO - [2021-10-29 00:49:57,367] {dag.py:2914} INFO - Setting next_dagrun for example_xcom_args to None
[2021-10-29 00:49:57,372] {logging_mixin.py:109} INFO - [2021-10-29 00:49:57,372] {dag.py:2914} INFO - Setting next_dagrun for example_xcom_args_with_operators to None
[2021-10-29 00:49:57,499] {processor.py:171} INFO - Processing /home/airflow/.local/lib/python3.6/site-packages/airflow/example_dags/example_xcomargs.py took 3.390 seconds
[2021-10-29 00:50:27,708] {processor.py:163} INFO - Started process (PID=1249) to work on /home/airflow/.local/lib/python3.6/site-packages/airflow/example_dags/example_xcomargs.py
[2021-10-29 00:50:27,722] {processor.py:620} INFO - Processing file /home/airflow/.local/lib/python3.6/site-packages/airflow/example_dags/example_xcomargs.py for tasks to queue
[2021-10-29 00:50:27,731] {logging_mixin.py:109} INFO - [2021-10-29 00:50:27,731] {dagbag.py:500} INFO - Filling up the DagBag from /home/airflow/.local/lib/python3.6/site-packages/airflow/example_dags/example_xcomargs.py
[2021-10-29 00:50:27,796] {processor.py:632} INFO - DAG(s) dict_keys(['example_xcom_args', 'example_xcom_args_with_operators']) retrieved from /home/airflow/.local/lib/python3.6/site-packages/airflow/example_dags/example_xcomargs.py
[2021-10-29 00:50:28,154] {logging_mixin.py:109} INFO - [2021-10-29 00:50:28,154] {dag.py:2389} INFO - Sync 2 DAGs
[2021-10-29 00:50:28,231] {logging_mixin.py:109} INFO - [2021-10-29 00:50:28,231] {dag.py:2914} INFO - Setting next_dagrun for example_xcom_args to None
[2021-10-29 00:50:28,231] {logging_mixin.py:109} INFO - [2021-10-29 00:50:28,231] {dag.py:2914} INFO - Setting next_dagrun for example_xcom_args_with_operators to None
[2021-10-29 00:50:28,312] {processor.py:171} INFO - Processing /home/airflow/.local/lib/python3.6/site-packages/airflow/example_dags/example_xcomargs.py took 0.607 seconds
[2021-10-29 00:50:58,785] {processor.py:163} INFO - Started process (PID=1302) to work on /home/airflow/.local/lib/python3.6/site-packages/airflow/example_dags/example_xcomargs.py
[2021-10-29 00:50:58,792] {processor.py:620} INFO - Processing file /home/airflow/.local/lib/python3.6/site-packages/airflow/example_dags/example_xcomargs.py for tasks to queue
[2021-10-29 00:50:58,795] {logging_mixin.py:109} INFO - [2021-10-29 00:50:58,794] {dagbag.py:500} INFO - Filling up the DagBag from /home/airflow/.local/lib/python3.6/site-packages/airflow/example_dags/example_xcomargs.py
[2021-10-29 00:50:58,891] {processor.py:632} INFO - DAG(s) dict_keys(['example_xcom_args', 'example_xcom_args_with_operators']) retrieved from /home/airflow/.local/lib/python3.6/site-packages/airflow/example_dags/example_xcomargs.py
[2021-10-29 00:50:59,144] {logging_mixin.py:109} INFO - [2021-10-29 00:50:59,143] {dag.py:2389} INFO - Sync 2 DAGs
[2021-10-29 00:50:59,158] {logging_mixin.py:109} INFO - [2021-10-29 00:50:59,158] {dag.py:2914} INFO - Setting next_dagrun for example_xcom_args to None
[2021-10-29 00:50:59,160] {logging_mixin.py:109} INFO - [2021-10-29 00:50:59,160] {dag.py:2914} INFO - Setting next_dagrun for example_xcom_args_with_operators to None
[2021-10-29 00:50:59,171] {processor.py:171} INFO - Processing /home/airflow/.local/lib/python3.6/site-packages/airflow/example_dags/example_xcomargs.py took 0.389 seconds
[2021-10-29 00:51:29,297] {processor.py:163} INFO - Started process (PID=1359) to work on /home/airflow/.local/lib/python3.6/site-packages/airflow/example_dags/example_xcomargs.py
[2021-10-29 00:51:29,301] {processor.py:620} INFO - Processing file /home/airflow/.local/lib/python3.6/site-packages/airflow/example_dags/example_xcomargs.py for tasks to queue
[2021-10-29 00:51:29,302] {logging_mixin.py:109} INFO - [2021-10-29 00:51:29,302] {dagbag.py:500} INFO - Filling up the DagBag from /home/airflow/.local/lib/python3.6/site-packages/airflow/example_dags/example_xcomargs.py
[2021-10-29 00:51:29,340] {processor.py:632} INFO - DAG(s) dict_keys(['example_xcom_args', 'example_xcom_args_with_operators']) retrieved from /home/airflow/.local/lib/python3.6/site-packages/airflow/example_dags/example_xcomargs.py
[2021-10-29 00:51:29,544] {logging_mixin.py:109} INFO - [2021-10-29 00:51:29,544] {dag.py:2389} INFO - Sync 2 DAGs
[2021-10-29 00:51:29,566] {logging_mixin.py:109} INFO - [2021-10-29 00:51:29,566] {dag.py:2914} INFO - Setting next_dagrun for example_xcom_args to None
[2021-10-29 00:51:29,572] {logging_mixin.py:109} INFO - [2021-10-29 00:51:29,572] {dag.py:2914} INFO - Setting next_dagrun for example_xcom_args_with_operators to None
[2021-10-29 00:51:29,590] {processor.py:171} INFO - Processing /home/airflow/.local/lib/python3.6/site-packages/airflow/example_dags/example_xcomargs.py took 0.296 seconds
[2021-10-29 00:52:00,397] {processor.py:163} INFO - Started process (PID=1413) to work on /home/airflow/.local/lib/python3.6/site-packages/airflow/example_dags/example_xcomargs.py
[2021-10-29 00:52:00,407] {processor.py:620} INFO - Processing file /home/airflow/.local/lib/python3.6/site-packages/airflow/example_dags/example_xcomargs.py for tasks to queue
[2021-10-29 00:52:00,408] {logging_mixin.py:109} INFO - [2021-10-29 00:52:00,408] {dagbag.py:500} INFO - Filling up the DagBag from /home/airflow/.local/lib/python3.6/site-packages/airflow/example_dags/example_xcomargs.py
[2021-10-29 00:52:00,477] {processor.py:632} INFO - DAG(s) dict_keys(['example_xcom_args', 'example_xcom_args_with_operators']) retrieved from /home/airflow/.local/lib/python3.6/site-packages/airflow/example_dags/example_xcomargs.py
[2021-10-29 00:52:00,918] {logging_mixin.py:109} INFO - [2021-10-29 00:52:00,918] {dag.py:2389} INFO - Sync 2 DAGs
[2021-10-29 00:52:00,947] {logging_mixin.py:109} INFO - [2021-10-29 00:52:00,947] {dag.py:2914} INFO - Setting next_dagrun for example_xcom_args to None
[2021-10-29 00:52:00,947] {logging_mixin.py:109} INFO - [2021-10-29 00:52:00,947] {dag.py:2914} INFO - Setting next_dagrun for example_xcom_args_with_operators to None
[2021-10-29 00:52:00,969] {processor.py:171} INFO - Processing /home/airflow/.local/lib/python3.6/site-packages/airflow/example_dags/example_xcomargs.py took 0.575 seconds
[2021-10-29 00:52:31,140] {processor.py:163} INFO - Started process (PID=1467) to work on /home/airflow/.local/lib/python3.6/site-packages/airflow/example_dags/example_xcomargs.py
[2021-10-29 00:52:31,147] {processor.py:620} INFO - Processing file /home/airflow/.local/lib/python3.6/site-packages/airflow/example_dags/example_xcomargs.py for tasks to queue
[2021-10-29 00:52:31,148] {logging_mixin.py:109} INFO - [2021-10-29 00:52:31,148] {dagbag.py:500} INFO - Filling up the DagBag from /home/airflow/.local/lib/python3.6/site-packages/airflow/example_dags/example_xcomargs.py
[2021-10-29 00:52:31,183] {processor.py:632} INFO - DAG(s) dict_keys(['example_xcom_args', 'example_xcom_args_with_operators']) retrieved from /home/airflow/.local/lib/python3.6/site-packages/airflow/example_dags/example_xcomargs.py
[2021-10-29 00:52:31,361] {logging_mixin.py:109} INFO - [2021-10-29 00:52:31,361] {dag.py:2389} INFO - Sync 2 DAGs
[2021-10-29 00:52:31,376] {logging_mixin.py:109} INFO - [2021-10-29 00:52:31,376] {dag.py:2914} INFO - Setting next_dagrun for example_xcom_args to None
[2021-10-29 00:52:31,377] {logging_mixin.py:109} INFO - [2021-10-29 00:52:31,377] {dag.py:2914} INFO - Setting next_dagrun for example_xcom_args_with_operators to None
[2021-10-29 00:52:31,395] {processor.py:171} INFO - Processing /home/airflow/.local/lib/python3.6/site-packages/airflow/example_dags/example_xcomargs.py took 0.258 seconds
[2021-10-29 00:53:01,668] {processor.py:163} INFO - Started process (PID=1521) to work on /home/airflow/.local/lib/python3.6/site-packages/airflow/example_dags/example_xcomargs.py
[2021-10-29 00:53:01,679] {processor.py:620} INFO - Processing file /home/airflow/.local/lib/python3.6/site-packages/airflow/example_dags/example_xcomargs.py for tasks to queue
[2021-10-29 00:53:01,684] {logging_mixin.py:109} INFO - [2021-10-29 00:53:01,684] {dagbag.py:500} INFO - Filling up the DagBag from /home/airflow/.local/lib/python3.6/site-packages/airflow/example_dags/example_xcomargs.py
[2021-10-29 00:53:01,886] {processor.py:632} INFO - DAG(s) dict_keys(['example_xcom_args', 'example_xcom_args_with_operators']) retrieved from /home/airflow/.local/lib/python3.6/site-packages/airflow/example_dags/example_xcomargs.py
[2021-10-29 00:53:02,421] {logging_mixin.py:109} INFO - [2021-10-29 00:53:02,421] {dag.py:2389} INFO - Sync 2 DAGs
[2021-10-29 00:53:02,449] {logging_mixin.py:109} INFO - [2021-10-29 00:53:02,448] {dag.py:2914} INFO - Setting next_dagrun for example_xcom_args to None
[2021-10-29 00:53:02,449] {logging_mixin.py:109} INFO - [2021-10-29 00:53:02,449] {dag.py:2914} INFO - Setting next_dagrun for example_xcom_args_with_operators to None
[2021-10-29 00:53:02,488] {processor.py:171} INFO - Processing /home/airflow/.local/lib/python3.6/site-packages/airflow/example_dags/example_xcomargs.py took 0.823 seconds
