[2021-10-29 00:17:35,477] {processor.py:163} INFO - Started process (PID=134) to work on /home/airflow/.local/lib/python3.6/site-packages/airflow/example_dags/example_external_task_marker_dag.py
[2021-10-29 00:17:35,547] {processor.py:620} INFO - Processing file /home/airflow/.local/lib/python3.6/site-packages/airflow/example_dags/example_external_task_marker_dag.py for tasks to queue
[2021-10-29 00:17:35,573] {logging_mixin.py:109} INFO - [2021-10-29 00:17:35,573] {dagbag.py:500} INFO - Filling up the DagBag from /home/airflow/.local/lib/python3.6/site-packages/airflow/example_dags/example_external_task_marker_dag.py
[2021-10-29 00:17:36,031] {processor.py:632} INFO - DAG(s) dict_keys(['example_external_task_marker_parent', 'example_external_task_marker_child']) retrieved from /home/airflow/.local/lib/python3.6/site-packages/airflow/example_dags/example_external_task_marker_dag.py
[2021-10-29 00:17:36,390] {logging_mixin.py:109} INFO - [2021-10-29 00:17:36,390] {dag.py:2389} INFO - Sync 2 DAGs
[2021-10-29 00:17:36,783] {logging_mixin.py:109} INFO - [2021-10-29 00:17:36,783] {dag.py:2914} INFO - Setting next_dagrun for example_external_task_marker_child to None
[2021-10-29 00:17:36,786] {logging_mixin.py:109} INFO - [2021-10-29 00:17:36,786] {dag.py:2914} INFO - Setting next_dagrun for example_external_task_marker_parent to None
[2021-10-29 00:17:37,030] {processor.py:171} INFO - Processing /home/airflow/.local/lib/python3.6/site-packages/airflow/example_dags/example_external_task_marker_dag.py took 1.557 seconds
[2021-10-29 00:18:07,976] {processor.py:163} INFO - Started process (PID=181) to work on /home/airflow/.local/lib/python3.6/site-packages/airflow/example_dags/example_external_task_marker_dag.py
[2021-10-29 00:18:07,984] {processor.py:620} INFO - Processing file /home/airflow/.local/lib/python3.6/site-packages/airflow/example_dags/example_external_task_marker_dag.py for tasks to queue
[2021-10-29 00:18:07,998] {logging_mixin.py:109} INFO - [2021-10-29 00:18:07,998] {dagbag.py:500} INFO - Filling up the DagBag from /home/airflow/.local/lib/python3.6/site-packages/airflow/example_dags/example_external_task_marker_dag.py
[2021-10-29 00:18:08,321] {processor.py:632} INFO - DAG(s) dict_keys(['example_external_task_marker_parent', 'example_external_task_marker_child']) retrieved from /home/airflow/.local/lib/python3.6/site-packages/airflow/example_dags/example_external_task_marker_dag.py
[2021-10-29 00:18:08,386] {logging_mixin.py:109} INFO - [2021-10-29 00:18:08,385] {dag.py:2389} INFO - Sync 2 DAGs
[2021-10-29 00:18:08,459] {logging_mixin.py:109} INFO - [2021-10-29 00:18:08,459] {dag.py:2914} INFO - Setting next_dagrun for example_external_task_marker_child to None
[2021-10-29 00:18:08,466] {logging_mixin.py:109} INFO - [2021-10-29 00:18:08,466] {dag.py:2914} INFO - Setting next_dagrun for example_external_task_marker_parent to None
[2021-10-29 00:18:08,502] {processor.py:171} INFO - Processing /home/airflow/.local/lib/python3.6/site-packages/airflow/example_dags/example_external_task_marker_dag.py took 0.572 seconds
[2021-10-29 00:18:39,788] {processor.py:163} INFO - Started process (PID=234) to work on /home/airflow/.local/lib/python3.6/site-packages/airflow/example_dags/example_external_task_marker_dag.py
[2021-10-29 00:18:39,837] {processor.py:620} INFO - Processing file /home/airflow/.local/lib/python3.6/site-packages/airflow/example_dags/example_external_task_marker_dag.py for tasks to queue
[2021-10-29 00:18:39,838] {logging_mixin.py:109} INFO - [2021-10-29 00:18:39,838] {dagbag.py:500} INFO - Filling up the DagBag from /home/airflow/.local/lib/python3.6/site-packages/airflow/example_dags/example_external_task_marker_dag.py
[2021-10-29 00:18:40,095] {processor.py:632} INFO - DAG(s) dict_keys(['example_external_task_marker_parent', 'example_external_task_marker_child']) retrieved from /home/airflow/.local/lib/python3.6/site-packages/airflow/example_dags/example_external_task_marker_dag.py
[2021-10-29 00:18:40,201] {logging_mixin.py:109} INFO - [2021-10-29 00:18:40,200] {dag.py:2389} INFO - Sync 2 DAGs
[2021-10-29 00:18:40,363] {logging_mixin.py:109} INFO - [2021-10-29 00:18:40,363] {dag.py:2914} INFO - Setting next_dagrun for example_external_task_marker_child to None
[2021-10-29 00:18:40,373] {logging_mixin.py:109} INFO - [2021-10-29 00:18:40,373] {dag.py:2914} INFO - Setting next_dagrun for example_external_task_marker_parent to None
[2021-10-29 00:18:40,390] {processor.py:171} INFO - Processing /home/airflow/.local/lib/python3.6/site-packages/airflow/example_dags/example_external_task_marker_dag.py took 0.606 seconds
[2021-10-29 00:19:10,477] {processor.py:163} INFO - Started process (PID=286) to work on /home/airflow/.local/lib/python3.6/site-packages/airflow/example_dags/example_external_task_marker_dag.py
[2021-10-29 00:19:10,509] {processor.py:620} INFO - Processing file /home/airflow/.local/lib/python3.6/site-packages/airflow/example_dags/example_external_task_marker_dag.py for tasks to queue
[2021-10-29 00:19:10,510] {logging_mixin.py:109} INFO - [2021-10-29 00:19:10,510] {dagbag.py:500} INFO - Filling up the DagBag from /home/airflow/.local/lib/python3.6/site-packages/airflow/example_dags/example_external_task_marker_dag.py
[2021-10-29 00:19:10,708] {processor.py:632} INFO - DAG(s) dict_keys(['example_external_task_marker_parent', 'example_external_task_marker_child']) retrieved from /home/airflow/.local/lib/python3.6/site-packages/airflow/example_dags/example_external_task_marker_dag.py
[2021-10-29 00:19:10,917] {logging_mixin.py:109} INFO - [2021-10-29 00:19:10,917] {dag.py:2389} INFO - Sync 2 DAGs
[2021-10-29 00:19:11,029] {logging_mixin.py:109} INFO - [2021-10-29 00:19:11,029] {dag.py:2914} INFO - Setting next_dagrun for example_external_task_marker_child to None
[2021-10-29 00:19:11,031] {logging_mixin.py:109} INFO - [2021-10-29 00:19:11,031] {dag.py:2914} INFO - Setting next_dagrun for example_external_task_marker_parent to None
[2021-10-29 00:19:11,118] {processor.py:171} INFO - Processing /home/airflow/.local/lib/python3.6/site-packages/airflow/example_dags/example_external_task_marker_dag.py took 0.645 seconds
[2021-10-29 00:19:41,814] {processor.py:163} INFO - Started process (PID=339) to work on /home/airflow/.local/lib/python3.6/site-packages/airflow/example_dags/example_external_task_marker_dag.py
[2021-10-29 00:19:41,832] {processor.py:620} INFO - Processing file /home/airflow/.local/lib/python3.6/site-packages/airflow/example_dags/example_external_task_marker_dag.py for tasks to queue
[2021-10-29 00:19:41,834] {logging_mixin.py:109} INFO - [2021-10-29 00:19:41,834] {dagbag.py:500} INFO - Filling up the DagBag from /home/airflow/.local/lib/python3.6/site-packages/airflow/example_dags/example_external_task_marker_dag.py
[2021-10-29 00:19:41,943] {processor.py:632} INFO - DAG(s) dict_keys(['example_external_task_marker_parent', 'example_external_task_marker_child']) retrieved from /home/airflow/.local/lib/python3.6/site-packages/airflow/example_dags/example_external_task_marker_dag.py
[2021-10-29 00:19:42,000] {logging_mixin.py:109} INFO - [2021-10-29 00:19:42,000] {dag.py:2389} INFO - Sync 2 DAGs
[2021-10-29 00:19:42,069] {logging_mixin.py:109} INFO - [2021-10-29 00:19:42,069] {dag.py:2914} INFO - Setting next_dagrun for example_external_task_marker_child to None
[2021-10-29 00:19:42,071] {logging_mixin.py:109} INFO - [2021-10-29 00:19:42,071] {dag.py:2914} INFO - Setting next_dagrun for example_external_task_marker_parent to None
[2021-10-29 00:19:42,124] {processor.py:171} INFO - Processing /home/airflow/.local/lib/python3.6/site-packages/airflow/example_dags/example_external_task_marker_dag.py took 0.312 seconds
[2021-10-29 00:20:12,206] {processor.py:163} INFO - Started process (PID=391) to work on /home/airflow/.local/lib/python3.6/site-packages/airflow/example_dags/example_external_task_marker_dag.py
[2021-10-29 00:20:12,261] {processor.py:620} INFO - Processing file /home/airflow/.local/lib/python3.6/site-packages/airflow/example_dags/example_external_task_marker_dag.py for tasks to queue
[2021-10-29 00:20:12,279] {logging_mixin.py:109} INFO - [2021-10-29 00:20:12,279] {dagbag.py:500} INFO - Filling up the DagBag from /home/airflow/.local/lib/python3.6/site-packages/airflow/example_dags/example_external_task_marker_dag.py
[2021-10-29 00:20:12,380] {processor.py:632} INFO - DAG(s) dict_keys(['example_external_task_marker_parent', 'example_external_task_marker_child']) retrieved from /home/airflow/.local/lib/python3.6/site-packages/airflow/example_dags/example_external_task_marker_dag.py
[2021-10-29 00:20:12,448] {logging_mixin.py:109} INFO - [2021-10-29 00:20:12,448] {dag.py:2389} INFO - Sync 2 DAGs
[2021-10-29 00:20:12,566] {logging_mixin.py:109} INFO - [2021-10-29 00:20:12,566] {dag.py:2914} INFO - Setting next_dagrun for example_external_task_marker_child to None
[2021-10-29 00:20:12,567] {logging_mixin.py:109} INFO - [2021-10-29 00:20:12,566] {dag.py:2914} INFO - Setting next_dagrun for example_external_task_marker_parent to None
[2021-10-29 00:20:12,629] {processor.py:171} INFO - Processing /home/airflow/.local/lib/python3.6/site-packages/airflow/example_dags/example_external_task_marker_dag.py took 0.426 seconds
[2021-10-29 00:20:43,325] {processor.py:163} INFO - Started process (PID=448) to work on /home/airflow/.local/lib/python3.6/site-packages/airflow/example_dags/example_external_task_marker_dag.py
[2021-10-29 00:20:43,393] {processor.py:620} INFO - Processing file /home/airflow/.local/lib/python3.6/site-packages/airflow/example_dags/example_external_task_marker_dag.py for tasks to queue
[2021-10-29 00:20:43,397] {logging_mixin.py:109} INFO - [2021-10-29 00:20:43,397] {dagbag.py:500} INFO - Filling up the DagBag from /home/airflow/.local/lib/python3.6/site-packages/airflow/example_dags/example_external_task_marker_dag.py
[2021-10-29 00:20:43,579] {processor.py:632} INFO - DAG(s) dict_keys(['example_external_task_marker_parent', 'example_external_task_marker_child']) retrieved from /home/airflow/.local/lib/python3.6/site-packages/airflow/example_dags/example_external_task_marker_dag.py
[2021-10-29 00:20:43,741] {logging_mixin.py:109} INFO - [2021-10-29 00:20:43,741] {dag.py:2389} INFO - Sync 2 DAGs
[2021-10-29 00:20:43,850] {logging_mixin.py:109} INFO - [2021-10-29 00:20:43,850] {dag.py:2914} INFO - Setting next_dagrun for example_external_task_marker_child to None
[2021-10-29 00:20:43,852] {logging_mixin.py:109} INFO - [2021-10-29 00:20:43,852] {dag.py:2914} INFO - Setting next_dagrun for example_external_task_marker_parent to None
[2021-10-29 00:20:43,896] {processor.py:171} INFO - Processing /home/airflow/.local/lib/python3.6/site-packages/airflow/example_dags/example_external_task_marker_dag.py took 0.575 seconds
[2021-10-29 00:21:14,878] {processor.py:163} INFO - Started process (PID=502) to work on /home/airflow/.local/lib/python3.6/site-packages/airflow/example_dags/example_external_task_marker_dag.py
[2021-10-29 00:21:14,881] {processor.py:620} INFO - Processing file /home/airflow/.local/lib/python3.6/site-packages/airflow/example_dags/example_external_task_marker_dag.py for tasks to queue
[2021-10-29 00:21:14,883] {logging_mixin.py:109} INFO - [2021-10-29 00:21:14,883] {dagbag.py:500} INFO - Filling up the DagBag from /home/airflow/.local/lib/python3.6/site-packages/airflow/example_dags/example_external_task_marker_dag.py
[2021-10-29 00:21:15,043] {processor.py:632} INFO - DAG(s) dict_keys(['example_external_task_marker_parent', 'example_external_task_marker_child']) retrieved from /home/airflow/.local/lib/python3.6/site-packages/airflow/example_dags/example_external_task_marker_dag.py
[2021-10-29 00:21:15,130] {logging_mixin.py:109} INFO - [2021-10-29 00:21:15,130] {dag.py:2389} INFO - Sync 2 DAGs
[2021-10-29 00:21:15,194] {logging_mixin.py:109} INFO - [2021-10-29 00:21:15,194] {dag.py:2914} INFO - Setting next_dagrun for example_external_task_marker_child to None
[2021-10-29 00:21:15,200] {logging_mixin.py:109} INFO - [2021-10-29 00:21:15,200] {dag.py:2914} INFO - Setting next_dagrun for example_external_task_marker_parent to None
[2021-10-29 00:21:15,288] {processor.py:171} INFO - Processing /home/airflow/.local/lib/python3.6/site-packages/airflow/example_dags/example_external_task_marker_dag.py took 0.457 seconds
[2021-10-29 00:22:07,119] {processor.py:163} INFO - Started process (PID=557) to work on /home/airflow/.local/lib/python3.6/site-packages/airflow/example_dags/example_external_task_marker_dag.py
[2021-10-29 00:22:07,232] {processor.py:620} INFO - Processing file /home/airflow/.local/lib/python3.6/site-packages/airflow/example_dags/example_external_task_marker_dag.py for tasks to queue
[2021-10-29 00:22:07,232] {logging_mixin.py:109} INFO - [2021-10-29 00:22:07,232] {dagbag.py:500} INFO - Filling up the DagBag from /home/airflow/.local/lib/python3.6/site-packages/airflow/example_dags/example_external_task_marker_dag.py
[2021-10-29 00:22:07,611] {processor.py:632} INFO - DAG(s) dict_keys(['example_external_task_marker_parent', 'example_external_task_marker_child']) retrieved from /home/airflow/.local/lib/python3.6/site-packages/airflow/example_dags/example_external_task_marker_dag.py
[2021-10-29 00:22:07,931] {logging_mixin.py:109} INFO - [2021-10-29 00:22:07,931] {dag.py:2389} INFO - Sync 2 DAGs
[2021-10-29 00:22:08,324] {logging_mixin.py:109} INFO - [2021-10-29 00:22:08,324] {dag.py:2914} INFO - Setting next_dagrun for example_external_task_marker_child to None
[2021-10-29 00:22:08,324] {logging_mixin.py:109} INFO - [2021-10-29 00:22:08,324] {dag.py:2914} INFO - Setting next_dagrun for example_external_task_marker_parent to None
[2021-10-29 00:22:08,443] {processor.py:171} INFO - Processing /home/airflow/.local/lib/python3.6/site-packages/airflow/example_dags/example_external_task_marker_dag.py took 1.329 seconds
[2021-10-29 00:22:40,349] {processor.py:163} INFO - Started process (PID=608) to work on /home/airflow/.local/lib/python3.6/site-packages/airflow/example_dags/example_external_task_marker_dag.py
[2021-10-29 00:22:40,397] {processor.py:620} INFO - Processing file /home/airflow/.local/lib/python3.6/site-packages/airflow/example_dags/example_external_task_marker_dag.py for tasks to queue
[2021-10-29 00:22:40,399] {logging_mixin.py:109} INFO - [2021-10-29 00:22:40,399] {dagbag.py:500} INFO - Filling up the DagBag from /home/airflow/.local/lib/python3.6/site-packages/airflow/example_dags/example_external_task_marker_dag.py
[2021-10-29 00:22:40,514] {processor.py:632} INFO - DAG(s) dict_keys(['example_external_task_marker_parent', 'example_external_task_marker_child']) retrieved from /home/airflow/.local/lib/python3.6/site-packages/airflow/example_dags/example_external_task_marker_dag.py
[2021-10-29 00:22:40,573] {logging_mixin.py:109} INFO - [2021-10-29 00:22:40,572] {dag.py:2389} INFO - Sync 2 DAGs
[2021-10-29 00:22:40,655] {logging_mixin.py:109} INFO - [2021-10-29 00:22:40,655] {dag.py:2914} INFO - Setting next_dagrun for example_external_task_marker_child to None
[2021-10-29 00:22:40,664] {logging_mixin.py:109} INFO - [2021-10-29 00:22:40,664] {dag.py:2914} INFO - Setting next_dagrun for example_external_task_marker_parent to None
[2021-10-29 00:22:40,695] {processor.py:171} INFO - Processing /home/airflow/.local/lib/python3.6/site-packages/airflow/example_dags/example_external_task_marker_dag.py took 0.350 seconds
[2021-10-29 00:23:11,121] {processor.py:163} INFO - Started process (PID=661) to work on /home/airflow/.local/lib/python3.6/site-packages/airflow/example_dags/example_external_task_marker_dag.py
[2021-10-29 00:23:11,140] {processor.py:620} INFO - Processing file /home/airflow/.local/lib/python3.6/site-packages/airflow/example_dags/example_external_task_marker_dag.py for tasks to queue
[2021-10-29 00:23:11,142] {logging_mixin.py:109} INFO - [2021-10-29 00:23:11,142] {dagbag.py:500} INFO - Filling up the DagBag from /home/airflow/.local/lib/python3.6/site-packages/airflow/example_dags/example_external_task_marker_dag.py
[2021-10-29 00:23:11,185] {processor.py:632} INFO - DAG(s) dict_keys(['example_external_task_marker_parent', 'example_external_task_marker_child']) retrieved from /home/airflow/.local/lib/python3.6/site-packages/airflow/example_dags/example_external_task_marker_dag.py
[2021-10-29 00:23:11,216] {logging_mixin.py:109} INFO - [2021-10-29 00:23:11,216] {dag.py:2389} INFO - Sync 2 DAGs
[2021-10-29 00:23:11,253] {logging_mixin.py:109} INFO - [2021-10-29 00:23:11,252] {dag.py:2914} INFO - Setting next_dagrun for example_external_task_marker_child to None
[2021-10-29 00:23:11,255] {logging_mixin.py:109} INFO - [2021-10-29 00:23:11,255] {dag.py:2914} INFO - Setting next_dagrun for example_external_task_marker_parent to None
[2021-10-29 00:23:11,278] {processor.py:171} INFO - Processing /home/airflow/.local/lib/python3.6/site-packages/airflow/example_dags/example_external_task_marker_dag.py took 0.160 seconds
[2021-10-29 00:23:41,725] {processor.py:163} INFO - Started process (PID=715) to work on /home/airflow/.local/lib/python3.6/site-packages/airflow/example_dags/example_external_task_marker_dag.py
[2021-10-29 00:23:41,745] {processor.py:620} INFO - Processing file /home/airflow/.local/lib/python3.6/site-packages/airflow/example_dags/example_external_task_marker_dag.py for tasks to queue
[2021-10-29 00:23:41,746] {logging_mixin.py:109} INFO - [2021-10-29 00:23:41,746] {dagbag.py:500} INFO - Filling up the DagBag from /home/airflow/.local/lib/python3.6/site-packages/airflow/example_dags/example_external_task_marker_dag.py
[2021-10-29 00:23:41,859] {processor.py:632} INFO - DAG(s) dict_keys(['example_external_task_marker_parent', 'example_external_task_marker_child']) retrieved from /home/airflow/.local/lib/python3.6/site-packages/airflow/example_dags/example_external_task_marker_dag.py
[2021-10-29 00:23:41,924] {logging_mixin.py:109} INFO - [2021-10-29 00:23:41,924] {dag.py:2389} INFO - Sync 2 DAGs
[2021-10-29 00:23:41,975] {logging_mixin.py:109} INFO - [2021-10-29 00:23:41,975] {dag.py:2914} INFO - Setting next_dagrun for example_external_task_marker_child to None
[2021-10-29 00:23:41,990] {logging_mixin.py:109} INFO - [2021-10-29 00:23:41,990] {dag.py:2914} INFO - Setting next_dagrun for example_external_task_marker_parent to None
[2021-10-29 00:23:42,023] {processor.py:171} INFO - Processing /home/airflow/.local/lib/python3.6/site-packages/airflow/example_dags/example_external_task_marker_dag.py took 0.301 seconds
[2021-10-29 00:24:12,126] {processor.py:163} INFO - Started process (PID=769) to work on /home/airflow/.local/lib/python3.6/site-packages/airflow/example_dags/example_external_task_marker_dag.py
[2021-10-29 00:24:12,130] {processor.py:620} INFO - Processing file /home/airflow/.local/lib/python3.6/site-packages/airflow/example_dags/example_external_task_marker_dag.py for tasks to queue
[2021-10-29 00:24:12,132] {logging_mixin.py:109} INFO - [2021-10-29 00:24:12,132] {dagbag.py:500} INFO - Filling up the DagBag from /home/airflow/.local/lib/python3.6/site-packages/airflow/example_dags/example_external_task_marker_dag.py
[2021-10-29 00:24:12,226] {processor.py:632} INFO - DAG(s) dict_keys(['example_external_task_marker_parent', 'example_external_task_marker_child']) retrieved from /home/airflow/.local/lib/python3.6/site-packages/airflow/example_dags/example_external_task_marker_dag.py
[2021-10-29 00:24:12,280] {logging_mixin.py:109} INFO - [2021-10-29 00:24:12,280] {dag.py:2389} INFO - Sync 2 DAGs
[2021-10-29 00:24:12,328] {logging_mixin.py:109} INFO - [2021-10-29 00:24:12,328] {dag.py:2914} INFO - Setting next_dagrun for example_external_task_marker_child to None
[2021-10-29 00:24:12,330] {logging_mixin.py:109} INFO - [2021-10-29 00:24:12,330] {dag.py:2914} INFO - Setting next_dagrun for example_external_task_marker_parent to None
[2021-10-29 00:24:12,341] {processor.py:171} INFO - Processing /home/airflow/.local/lib/python3.6/site-packages/airflow/example_dags/example_external_task_marker_dag.py took 0.219 seconds
[2021-10-29 00:24:43,059] {processor.py:163} INFO - Started process (PID=821) to work on /home/airflow/.local/lib/python3.6/site-packages/airflow/example_dags/example_external_task_marker_dag.py
[2021-10-29 00:24:43,062] {processor.py:620} INFO - Processing file /home/airflow/.local/lib/python3.6/site-packages/airflow/example_dags/example_external_task_marker_dag.py for tasks to queue
[2021-10-29 00:24:43,064] {logging_mixin.py:109} INFO - [2021-10-29 00:24:43,064] {dagbag.py:500} INFO - Filling up the DagBag from /home/airflow/.local/lib/python3.6/site-packages/airflow/example_dags/example_external_task_marker_dag.py
[2021-10-29 00:24:43,120] {processor.py:632} INFO - DAG(s) dict_keys(['example_external_task_marker_parent', 'example_external_task_marker_child']) retrieved from /home/airflow/.local/lib/python3.6/site-packages/airflow/example_dags/example_external_task_marker_dag.py
[2021-10-29 00:24:43,146] {logging_mixin.py:109} INFO - [2021-10-29 00:24:43,145] {dag.py:2389} INFO - Sync 2 DAGs
[2021-10-29 00:24:43,185] {logging_mixin.py:109} INFO - [2021-10-29 00:24:43,185] {dag.py:2914} INFO - Setting next_dagrun for example_external_task_marker_child to None
[2021-10-29 00:24:43,187] {logging_mixin.py:109} INFO - [2021-10-29 00:24:43,187] {dag.py:2914} INFO - Setting next_dagrun for example_external_task_marker_parent to None
[2021-10-29 00:24:43,206] {processor.py:171} INFO - Processing /home/airflow/.local/lib/python3.6/site-packages/airflow/example_dags/example_external_task_marker_dag.py took 0.150 seconds
[2021-10-29 00:25:14,415] {processor.py:163} INFO - Started process (PID=875) to work on /home/airflow/.local/lib/python3.6/site-packages/airflow/example_dags/example_external_task_marker_dag.py
[2021-10-29 00:25:14,417] {processor.py:620} INFO - Processing file /home/airflow/.local/lib/python3.6/site-packages/airflow/example_dags/example_external_task_marker_dag.py for tasks to queue
[2021-10-29 00:25:14,419] {logging_mixin.py:109} INFO - [2021-10-29 00:25:14,419] {dagbag.py:500} INFO - Filling up the DagBag from /home/airflow/.local/lib/python3.6/site-packages/airflow/example_dags/example_external_task_marker_dag.py
[2021-10-29 00:25:14,521] {processor.py:632} INFO - DAG(s) dict_keys(['example_external_task_marker_parent', 'example_external_task_marker_child']) retrieved from /home/airflow/.local/lib/python3.6/site-packages/airflow/example_dags/example_external_task_marker_dag.py
[2021-10-29 00:25:14,563] {logging_mixin.py:109} INFO - [2021-10-29 00:25:14,563] {dag.py:2389} INFO - Sync 2 DAGs
[2021-10-29 00:25:14,621] {logging_mixin.py:109} INFO - [2021-10-29 00:25:14,621] {dag.py:2914} INFO - Setting next_dagrun for example_external_task_marker_child to None
[2021-10-29 00:25:14,622] {logging_mixin.py:109} INFO - [2021-10-29 00:25:14,622] {dag.py:2914} INFO - Setting next_dagrun for example_external_task_marker_parent to None
[2021-10-29 00:25:14,654] {processor.py:171} INFO - Processing /home/airflow/.local/lib/python3.6/site-packages/airflow/example_dags/example_external_task_marker_dag.py took 0.277 seconds
[2021-10-29 00:25:45,022] {processor.py:163} INFO - Started process (PID=929) to work on /home/airflow/.local/lib/python3.6/site-packages/airflow/example_dags/example_external_task_marker_dag.py
[2021-10-29 00:25:45,025] {processor.py:620} INFO - Processing file /home/airflow/.local/lib/python3.6/site-packages/airflow/example_dags/example_external_task_marker_dag.py for tasks to queue
[2021-10-29 00:25:45,027] {logging_mixin.py:109} INFO - [2021-10-29 00:25:45,027] {dagbag.py:500} INFO - Filling up the DagBag from /home/airflow/.local/lib/python3.6/site-packages/airflow/example_dags/example_external_task_marker_dag.py
[2021-10-29 00:25:45,078] {processor.py:632} INFO - DAG(s) dict_keys(['example_external_task_marker_parent', 'example_external_task_marker_child']) retrieved from /home/airflow/.local/lib/python3.6/site-packages/airflow/example_dags/example_external_task_marker_dag.py
[2021-10-29 00:25:45,106] {logging_mixin.py:109} INFO - [2021-10-29 00:25:45,106] {dag.py:2389} INFO - Sync 2 DAGs
[2021-10-29 00:25:45,139] {logging_mixin.py:109} INFO - [2021-10-29 00:25:45,138] {dag.py:2914} INFO - Setting next_dagrun for example_external_task_marker_child to None
[2021-10-29 00:25:45,142] {logging_mixin.py:109} INFO - [2021-10-29 00:25:45,142] {dag.py:2914} INFO - Setting next_dagrun for example_external_task_marker_parent to None
[2021-10-29 00:25:45,164] {processor.py:171} INFO - Processing /home/airflow/.local/lib/python3.6/site-packages/airflow/example_dags/example_external_task_marker_dag.py took 0.145 seconds
[2021-10-29 00:26:15,901] {processor.py:163} INFO - Started process (PID=982) to work on /home/airflow/.local/lib/python3.6/site-packages/airflow/example_dags/example_external_task_marker_dag.py
[2021-10-29 00:26:15,916] {processor.py:620} INFO - Processing file /home/airflow/.local/lib/python3.6/site-packages/airflow/example_dags/example_external_task_marker_dag.py for tasks to queue
[2021-10-29 00:26:15,919] {logging_mixin.py:109} INFO - [2021-10-29 00:26:15,919] {dagbag.py:500} INFO - Filling up the DagBag from /home/airflow/.local/lib/python3.6/site-packages/airflow/example_dags/example_external_task_marker_dag.py
[2021-10-29 00:26:16,055] {processor.py:632} INFO - DAG(s) dict_keys(['example_external_task_marker_parent', 'example_external_task_marker_child']) retrieved from /home/airflow/.local/lib/python3.6/site-packages/airflow/example_dags/example_external_task_marker_dag.py
[2021-10-29 00:26:16,115] {logging_mixin.py:109} INFO - [2021-10-29 00:26:16,115] {dag.py:2389} INFO - Sync 2 DAGs
[2021-10-29 00:26:16,154] {logging_mixin.py:109} INFO - [2021-10-29 00:26:16,154] {dag.py:2914} INFO - Setting next_dagrun for example_external_task_marker_child to None
[2021-10-29 00:26:16,173] {logging_mixin.py:109} INFO - [2021-10-29 00:26:16,173] {dag.py:2914} INFO - Setting next_dagrun for example_external_task_marker_parent to None
[2021-10-29 00:26:16,232] {processor.py:171} INFO - Processing /home/airflow/.local/lib/python3.6/site-packages/airflow/example_dags/example_external_task_marker_dag.py took 0.334 seconds
[2021-10-29 00:26:46,282] {processor.py:163} INFO - Started process (PID=1031) to work on /home/airflow/.local/lib/python3.6/site-packages/airflow/example_dags/example_external_task_marker_dag.py
[2021-10-29 00:26:46,312] {processor.py:620} INFO - Processing file /home/airflow/.local/lib/python3.6/site-packages/airflow/example_dags/example_external_task_marker_dag.py for tasks to queue
[2021-10-29 00:26:46,316] {logging_mixin.py:109} INFO - [2021-10-29 00:26:46,316] {dagbag.py:500} INFO - Filling up the DagBag from /home/airflow/.local/lib/python3.6/site-packages/airflow/example_dags/example_external_task_marker_dag.py
[2021-10-29 00:26:46,402] {processor.py:632} INFO - DAG(s) dict_keys(['example_external_task_marker_parent', 'example_external_task_marker_child']) retrieved from /home/airflow/.local/lib/python3.6/site-packages/airflow/example_dags/example_external_task_marker_dag.py
[2021-10-29 00:26:46,468] {logging_mixin.py:109} INFO - [2021-10-29 00:26:46,468] {dag.py:2389} INFO - Sync 2 DAGs
[2021-10-29 00:26:46,501] {logging_mixin.py:109} INFO - [2021-10-29 00:26:46,501] {dag.py:2914} INFO - Setting next_dagrun for example_external_task_marker_child to None
[2021-10-29 00:26:46,503] {logging_mixin.py:109} INFO - [2021-10-29 00:26:46,503] {dag.py:2914} INFO - Setting next_dagrun for example_external_task_marker_parent to None
[2021-10-29 00:26:46,534] {processor.py:171} INFO - Processing /home/airflow/.local/lib/python3.6/site-packages/airflow/example_dags/example_external_task_marker_dag.py took 0.255 seconds
[2021-10-29 00:27:16,860] {processor.py:163} INFO - Started process (PID=1084) to work on /home/airflow/.local/lib/python3.6/site-packages/airflow/example_dags/example_external_task_marker_dag.py
[2021-10-29 00:27:16,871] {processor.py:620} INFO - Processing file /home/airflow/.local/lib/python3.6/site-packages/airflow/example_dags/example_external_task_marker_dag.py for tasks to queue
[2021-10-29 00:27:16,872] {logging_mixin.py:109} INFO - [2021-10-29 00:27:16,872] {dagbag.py:500} INFO - Filling up the DagBag from /home/airflow/.local/lib/python3.6/site-packages/airflow/example_dags/example_external_task_marker_dag.py
[2021-10-29 00:27:16,933] {processor.py:632} INFO - DAG(s) dict_keys(['example_external_task_marker_parent', 'example_external_task_marker_child']) retrieved from /home/airflow/.local/lib/python3.6/site-packages/airflow/example_dags/example_external_task_marker_dag.py
[2021-10-29 00:27:16,962] {logging_mixin.py:109} INFO - [2021-10-29 00:27:16,962] {dag.py:2389} INFO - Sync 2 DAGs
[2021-10-29 00:27:16,995] {logging_mixin.py:109} INFO - [2021-10-29 00:27:16,995] {dag.py:2914} INFO - Setting next_dagrun for example_external_task_marker_child to None
[2021-10-29 00:27:16,995] {logging_mixin.py:109} INFO - [2021-10-29 00:27:16,995] {dag.py:2914} INFO - Setting next_dagrun for example_external_task_marker_parent to None
[2021-10-29 00:27:17,024] {processor.py:171} INFO - Processing /home/airflow/.local/lib/python3.6/site-packages/airflow/example_dags/example_external_task_marker_dag.py took 0.167 seconds
[2021-10-29 00:27:47,071] {processor.py:163} INFO - Started process (PID=1139) to work on /home/airflow/.local/lib/python3.6/site-packages/airflow/example_dags/example_external_task_marker_dag.py
[2021-10-29 00:27:47,080] {processor.py:620} INFO - Processing file /home/airflow/.local/lib/python3.6/site-packages/airflow/example_dags/example_external_task_marker_dag.py for tasks to queue
[2021-10-29 00:27:47,082] {logging_mixin.py:109} INFO - [2021-10-29 00:27:47,082] {dagbag.py:500} INFO - Filling up the DagBag from /home/airflow/.local/lib/python3.6/site-packages/airflow/example_dags/example_external_task_marker_dag.py
[2021-10-29 00:27:47,147] {processor.py:632} INFO - DAG(s) dict_keys(['example_external_task_marker_parent', 'example_external_task_marker_child']) retrieved from /home/airflow/.local/lib/python3.6/site-packages/airflow/example_dags/example_external_task_marker_dag.py
[2021-10-29 00:27:47,170] {logging_mixin.py:109} INFO - [2021-10-29 00:27:47,170] {dag.py:2389} INFO - Sync 2 DAGs
[2021-10-29 00:27:47,199] {logging_mixin.py:109} INFO - [2021-10-29 00:27:47,199] {dag.py:2914} INFO - Setting next_dagrun for example_external_task_marker_child to None
[2021-10-29 00:27:47,202] {logging_mixin.py:109} INFO - [2021-10-29 00:27:47,202] {dag.py:2914} INFO - Setting next_dagrun for example_external_task_marker_parent to None
[2021-10-29 00:27:47,224] {processor.py:171} INFO - Processing /home/airflow/.local/lib/python3.6/site-packages/airflow/example_dags/example_external_task_marker_dag.py took 0.159 seconds
[2021-10-29 00:28:17,448] {processor.py:163} INFO - Started process (PID=1192) to work on /home/airflow/.local/lib/python3.6/site-packages/airflow/example_dags/example_external_task_marker_dag.py
[2021-10-29 00:28:17,456] {processor.py:620} INFO - Processing file /home/airflow/.local/lib/python3.6/site-packages/airflow/example_dags/example_external_task_marker_dag.py for tasks to queue
[2021-10-29 00:28:17,470] {logging_mixin.py:109} INFO - [2021-10-29 00:28:17,469] {dagbag.py:500} INFO - Filling up the DagBag from /home/airflow/.local/lib/python3.6/site-packages/airflow/example_dags/example_external_task_marker_dag.py
[2021-10-29 00:28:17,512] {processor.py:632} INFO - DAG(s) dict_keys(['example_external_task_marker_parent', 'example_external_task_marker_child']) retrieved from /home/airflow/.local/lib/python3.6/site-packages/airflow/example_dags/example_external_task_marker_dag.py
[2021-10-29 00:28:17,539] {logging_mixin.py:109} INFO - [2021-10-29 00:28:17,539] {dag.py:2389} INFO - Sync 2 DAGs
[2021-10-29 00:28:17,571] {logging_mixin.py:109} INFO - [2021-10-29 00:28:17,570] {dag.py:2914} INFO - Setting next_dagrun for example_external_task_marker_child to None
[2021-10-29 00:28:17,574] {logging_mixin.py:109} INFO - [2021-10-29 00:28:17,574] {dag.py:2914} INFO - Setting next_dagrun for example_external_task_marker_parent to None
[2021-10-29 00:28:17,598] {processor.py:171} INFO - Processing /home/airflow/.local/lib/python3.6/site-packages/airflow/example_dags/example_external_task_marker_dag.py took 0.157 seconds
[2021-10-29 00:28:48,410] {processor.py:163} INFO - Started process (PID=1245) to work on /home/airflow/.local/lib/python3.6/site-packages/airflow/example_dags/example_external_task_marker_dag.py
[2021-10-29 00:28:48,432] {processor.py:620} INFO - Processing file /home/airflow/.local/lib/python3.6/site-packages/airflow/example_dags/example_external_task_marker_dag.py for tasks to queue
[2021-10-29 00:28:48,434] {logging_mixin.py:109} INFO - [2021-10-29 00:28:48,434] {dagbag.py:500} INFO - Filling up the DagBag from /home/airflow/.local/lib/python3.6/site-packages/airflow/example_dags/example_external_task_marker_dag.py
[2021-10-29 00:28:48,473] {processor.py:632} INFO - DAG(s) dict_keys(['example_external_task_marker_parent', 'example_external_task_marker_child']) retrieved from /home/airflow/.local/lib/python3.6/site-packages/airflow/example_dags/example_external_task_marker_dag.py
[2021-10-29 00:28:48,517] {logging_mixin.py:109} INFO - [2021-10-29 00:28:48,517] {dag.py:2389} INFO - Sync 2 DAGs
[2021-10-29 00:28:48,555] {logging_mixin.py:109} INFO - [2021-10-29 00:28:48,555] {dag.py:2914} INFO - Setting next_dagrun for example_external_task_marker_child to None
[2021-10-29 00:28:48,559] {logging_mixin.py:109} INFO - [2021-10-29 00:28:48,559] {dag.py:2914} INFO - Setting next_dagrun for example_external_task_marker_parent to None
[2021-10-29 00:28:48,594] {processor.py:171} INFO - Processing /home/airflow/.local/lib/python3.6/site-packages/airflow/example_dags/example_external_task_marker_dag.py took 0.187 seconds
[2021-10-29 00:29:18,650] {processor.py:163} INFO - Started process (PID=1299) to work on /home/airflow/.local/lib/python3.6/site-packages/airflow/example_dags/example_external_task_marker_dag.py
[2021-10-29 00:29:18,666] {processor.py:620} INFO - Processing file /home/airflow/.local/lib/python3.6/site-packages/airflow/example_dags/example_external_task_marker_dag.py for tasks to queue
[2021-10-29 00:29:18,671] {logging_mixin.py:109} INFO - [2021-10-29 00:29:18,670] {dagbag.py:500} INFO - Filling up the DagBag from /home/airflow/.local/lib/python3.6/site-packages/airflow/example_dags/example_external_task_marker_dag.py
[2021-10-29 00:29:18,722] {processor.py:632} INFO - DAG(s) dict_keys(['example_external_task_marker_parent', 'example_external_task_marker_child']) retrieved from /home/airflow/.local/lib/python3.6/site-packages/airflow/example_dags/example_external_task_marker_dag.py
[2021-10-29 00:29:18,752] {logging_mixin.py:109} INFO - [2021-10-29 00:29:18,751] {dag.py:2389} INFO - Sync 2 DAGs
[2021-10-29 00:29:18,775] {logging_mixin.py:109} INFO - [2021-10-29 00:29:18,775] {dag.py:2914} INFO - Setting next_dagrun for example_external_task_marker_child to None
[2021-10-29 00:29:18,784] {logging_mixin.py:109} INFO - [2021-10-29 00:29:18,784] {dag.py:2914} INFO - Setting next_dagrun for example_external_task_marker_parent to None
[2021-10-29 00:29:18,804] {processor.py:171} INFO - Processing /home/airflow/.local/lib/python3.6/site-packages/airflow/example_dags/example_external_task_marker_dag.py took 0.158 seconds
[2021-10-29 00:29:49,583] {processor.py:163} INFO - Started process (PID=1352) to work on /home/airflow/.local/lib/python3.6/site-packages/airflow/example_dags/example_external_task_marker_dag.py
[2021-10-29 00:29:49,592] {processor.py:620} INFO - Processing file /home/airflow/.local/lib/python3.6/site-packages/airflow/example_dags/example_external_task_marker_dag.py for tasks to queue
[2021-10-29 00:29:49,603] {logging_mixin.py:109} INFO - [2021-10-29 00:29:49,602] {dagbag.py:500} INFO - Filling up the DagBag from /home/airflow/.local/lib/python3.6/site-packages/airflow/example_dags/example_external_task_marker_dag.py
[2021-10-29 00:29:49,682] {processor.py:632} INFO - DAG(s) dict_keys(['example_external_task_marker_parent', 'example_external_task_marker_child']) retrieved from /home/airflow/.local/lib/python3.6/site-packages/airflow/example_dags/example_external_task_marker_dag.py
[2021-10-29 00:29:49,720] {logging_mixin.py:109} INFO - [2021-10-29 00:29:49,720] {dag.py:2389} INFO - Sync 2 DAGs
[2021-10-29 00:29:49,770] {logging_mixin.py:109} INFO - [2021-10-29 00:29:49,770] {dag.py:2914} INFO - Setting next_dagrun for example_external_task_marker_child to None
[2021-10-29 00:29:49,772] {logging_mixin.py:109} INFO - [2021-10-29 00:29:49,772] {dag.py:2914} INFO - Setting next_dagrun for example_external_task_marker_parent to None
[2021-10-29 00:29:49,806] {processor.py:171} INFO - Processing /home/airflow/.local/lib/python3.6/site-packages/airflow/example_dags/example_external_task_marker_dag.py took 0.226 seconds
[2021-10-29 00:30:19,956] {processor.py:163} INFO - Started process (PID=1406) to work on /home/airflow/.local/lib/python3.6/site-packages/airflow/example_dags/example_external_task_marker_dag.py
[2021-10-29 00:30:19,961] {processor.py:620} INFO - Processing file /home/airflow/.local/lib/python3.6/site-packages/airflow/example_dags/example_external_task_marker_dag.py for tasks to queue
[2021-10-29 00:30:19,962] {logging_mixin.py:109} INFO - [2021-10-29 00:30:19,962] {dagbag.py:500} INFO - Filling up the DagBag from /home/airflow/.local/lib/python3.6/site-packages/airflow/example_dags/example_external_task_marker_dag.py
[2021-10-29 00:30:19,989] {processor.py:632} INFO - DAG(s) dict_keys(['example_external_task_marker_parent', 'example_external_task_marker_child']) retrieved from /home/airflow/.local/lib/python3.6/site-packages/airflow/example_dags/example_external_task_marker_dag.py
[2021-10-29 00:30:20,002] {logging_mixin.py:109} INFO - [2021-10-29 00:30:20,002] {dag.py:2389} INFO - Sync 2 DAGs
[2021-10-29 00:30:20,018] {logging_mixin.py:109} INFO - [2021-10-29 00:30:20,018] {dag.py:2914} INFO - Setting next_dagrun for example_external_task_marker_child to None
[2021-10-29 00:30:20,020] {logging_mixin.py:109} INFO - [2021-10-29 00:30:20,020] {dag.py:2914} INFO - Setting next_dagrun for example_external_task_marker_parent to None
[2021-10-29 00:30:20,032] {processor.py:171} INFO - Processing /home/airflow/.local/lib/python3.6/site-packages/airflow/example_dags/example_external_task_marker_dag.py took 0.079 seconds
[2021-10-29 00:30:50,235] {processor.py:163} INFO - Started process (PID=1460) to work on /home/airflow/.local/lib/python3.6/site-packages/airflow/example_dags/example_external_task_marker_dag.py
[2021-10-29 00:30:50,248] {processor.py:620} INFO - Processing file /home/airflow/.local/lib/python3.6/site-packages/airflow/example_dags/example_external_task_marker_dag.py for tasks to queue
[2021-10-29 00:30:50,249] {logging_mixin.py:109} INFO - [2021-10-29 00:30:50,249] {dagbag.py:500} INFO - Filling up the DagBag from /home/airflow/.local/lib/python3.6/site-packages/airflow/example_dags/example_external_task_marker_dag.py
[2021-10-29 00:30:50,380] {processor.py:632} INFO - DAG(s) dict_keys(['example_external_task_marker_parent', 'example_external_task_marker_child']) retrieved from /home/airflow/.local/lib/python3.6/site-packages/airflow/example_dags/example_external_task_marker_dag.py
[2021-10-29 00:30:50,415] {logging_mixin.py:109} INFO - [2021-10-29 00:30:50,414] {dag.py:2389} INFO - Sync 2 DAGs
[2021-10-29 00:30:50,449] {logging_mixin.py:109} INFO - [2021-10-29 00:30:50,449] {dag.py:2914} INFO - Setting next_dagrun for example_external_task_marker_child to None
[2021-10-29 00:30:50,451] {logging_mixin.py:109} INFO - [2021-10-29 00:30:50,451] {dag.py:2914} INFO - Setting next_dagrun for example_external_task_marker_parent to None
[2021-10-29 00:30:50,486] {processor.py:171} INFO - Processing /home/airflow/.local/lib/python3.6/site-packages/airflow/example_dags/example_external_task_marker_dag.py took 0.254 seconds
[2021-10-29 00:31:20,877] {processor.py:163} INFO - Started process (PID=1513) to work on /home/airflow/.local/lib/python3.6/site-packages/airflow/example_dags/example_external_task_marker_dag.py
[2021-10-29 00:31:20,921] {processor.py:620} INFO - Processing file /home/airflow/.local/lib/python3.6/site-packages/airflow/example_dags/example_external_task_marker_dag.py for tasks to queue
[2021-10-29 00:31:20,921] {logging_mixin.py:109} INFO - [2021-10-29 00:31:20,921] {dagbag.py:500} INFO - Filling up the DagBag from /home/airflow/.local/lib/python3.6/site-packages/airflow/example_dags/example_external_task_marker_dag.py
[2021-10-29 00:31:21,094] {processor.py:632} INFO - DAG(s) dict_keys(['example_external_task_marker_parent', 'example_external_task_marker_child']) retrieved from /home/airflow/.local/lib/python3.6/site-packages/airflow/example_dags/example_external_task_marker_dag.py
[2021-10-29 00:31:21,202] {logging_mixin.py:109} INFO - [2021-10-29 00:31:21,202] {dag.py:2389} INFO - Sync 2 DAGs
[2021-10-29 00:31:21,256] {logging_mixin.py:109} INFO - [2021-10-29 00:31:21,256] {dag.py:2914} INFO - Setting next_dagrun for example_external_task_marker_child to None
[2021-10-29 00:31:21,270] {logging_mixin.py:109} INFO - [2021-10-29 00:31:21,270] {dag.py:2914} INFO - Setting next_dagrun for example_external_task_marker_parent to None
[2021-10-29 00:31:21,310] {processor.py:171} INFO - Processing /home/airflow/.local/lib/python3.6/site-packages/airflow/example_dags/example_external_task_marker_dag.py took 0.437 seconds
[2021-10-29 00:31:51,693] {processor.py:163} INFO - Started process (PID=1557) to work on /home/airflow/.local/lib/python3.6/site-packages/airflow/example_dags/example_external_task_marker_dag.py
[2021-10-29 00:31:51,702] {processor.py:620} INFO - Processing file /home/airflow/.local/lib/python3.6/site-packages/airflow/example_dags/example_external_task_marker_dag.py for tasks to queue
[2021-10-29 00:31:51,706] {logging_mixin.py:109} INFO - [2021-10-29 00:31:51,706] {dagbag.py:500} INFO - Filling up the DagBag from /home/airflow/.local/lib/python3.6/site-packages/airflow/example_dags/example_external_task_marker_dag.py
[2021-10-29 00:31:51,833] {processor.py:632} INFO - DAG(s) dict_keys(['example_external_task_marker_parent', 'example_external_task_marker_child']) retrieved from /home/airflow/.local/lib/python3.6/site-packages/airflow/example_dags/example_external_task_marker_dag.py
[2021-10-29 00:31:51,891] {logging_mixin.py:109} INFO - [2021-10-29 00:31:51,891] {dag.py:2389} INFO - Sync 2 DAGs
[2021-10-29 00:31:51,950] {logging_mixin.py:109} INFO - [2021-10-29 00:31:51,950] {dag.py:2914} INFO - Setting next_dagrun for example_external_task_marker_child to None
[2021-10-29 00:31:51,952] {logging_mixin.py:109} INFO - [2021-10-29 00:31:51,952] {dag.py:2914} INFO - Setting next_dagrun for example_external_task_marker_parent to None
[2021-10-29 00:31:51,991] {processor.py:171} INFO - Processing /home/airflow/.local/lib/python3.6/site-packages/airflow/example_dags/example_external_task_marker_dag.py took 0.288 seconds
[2021-10-29 00:32:22,256] {processor.py:163} INFO - Started process (PID=1611) to work on /home/airflow/.local/lib/python3.6/site-packages/airflow/example_dags/example_external_task_marker_dag.py
[2021-10-29 00:32:22,300] {processor.py:620} INFO - Processing file /home/airflow/.local/lib/python3.6/site-packages/airflow/example_dags/example_external_task_marker_dag.py for tasks to queue
[2021-10-29 00:32:22,301] {logging_mixin.py:109} INFO - [2021-10-29 00:32:22,301] {dagbag.py:500} INFO - Filling up the DagBag from /home/airflow/.local/lib/python3.6/site-packages/airflow/example_dags/example_external_task_marker_dag.py
