[2021-10-29 00:17:46,670] {processor.py:163} INFO - Started process (PID=149) to work on /home/airflow/.local/lib/python3.6/site-packages/airflow/example_dags/example_latest_only.py
[2021-10-29 00:17:46,856] {processor.py:620} INFO - Processing file /home/airflow/.local/lib/python3.6/site-packages/airflow/example_dags/example_latest_only.py for tasks to queue
[2021-10-29 00:17:46,856] {logging_mixin.py:109} INFO - [2021-10-29 00:17:46,856] {dagbag.py:500} INFO - Filling up the DagBag from /home/airflow/.local/lib/python3.6/site-packages/airflow/example_dags/example_latest_only.py
[2021-10-29 00:17:47,354] {processor.py:632} INFO - DAG(s) dict_keys(['latest_only']) retrieved from /home/airflow/.local/lib/python3.6/site-packages/airflow/example_dags/example_latest_only.py
[2021-10-29 00:17:47,501] {logging_mixin.py:109} INFO - [2021-10-29 00:17:47,501] {dag.py:2389} INFO - Sync 1 DAGs
[2021-10-29 00:17:47,671] {logging_mixin.py:109} INFO - [2021-10-29 00:17:47,671] {dag.py:2914} INFO - Setting next_dagrun for latest_only to 2021-10-28T20:17:47.671013+00:00
[2021-10-29 00:17:47,734] {processor.py:171} INFO - Processing /home/airflow/.local/lib/python3.6/site-packages/airflow/example_dags/example_latest_only.py took 1.068 seconds
[2021-10-29 00:18:18,776] {processor.py:163} INFO - Started process (PID=203) to work on /home/airflow/.local/lib/python3.6/site-packages/airflow/example_dags/example_latest_only.py
[2021-10-29 00:18:18,824] {processor.py:620} INFO - Processing file /home/airflow/.local/lib/python3.6/site-packages/airflow/example_dags/example_latest_only.py for tasks to queue
[2021-10-29 00:18:18,836] {logging_mixin.py:109} INFO - [2021-10-29 00:18:18,836] {dagbag.py:500} INFO - Filling up the DagBag from /home/airflow/.local/lib/python3.6/site-packages/airflow/example_dags/example_latest_only.py
[2021-10-29 00:18:18,979] {processor.py:632} INFO - DAG(s) dict_keys(['latest_only']) retrieved from /home/airflow/.local/lib/python3.6/site-packages/airflow/example_dags/example_latest_only.py
[2021-10-29 00:18:19,046] {logging_mixin.py:109} INFO - [2021-10-29 00:18:19,046] {dag.py:2389} INFO - Sync 1 DAGs
[2021-10-29 00:18:19,121] {logging_mixin.py:109} INFO - [2021-10-29 00:18:19,121] {dag.py:2914} INFO - Setting next_dagrun for latest_only to 2021-10-28T20:18:19.121518+00:00
[2021-10-29 00:18:19,231] {processor.py:171} INFO - Processing /home/airflow/.local/lib/python3.6/site-packages/airflow/example_dags/example_latest_only.py took 0.458 seconds
[2021-10-29 00:18:49,451] {processor.py:163} INFO - Started process (PID=246) to work on /home/airflow/.local/lib/python3.6/site-packages/airflow/example_dags/example_latest_only.py
[2021-10-29 00:18:49,478] {processor.py:620} INFO - Processing file /home/airflow/.local/lib/python3.6/site-packages/airflow/example_dags/example_latest_only.py for tasks to queue
[2021-10-29 00:18:49,478] {logging_mixin.py:109} INFO - [2021-10-29 00:18:49,478] {dagbag.py:500} INFO - Filling up the DagBag from /home/airflow/.local/lib/python3.6/site-packages/airflow/example_dags/example_latest_only.py
[2021-10-29 00:18:49,544] {processor.py:632} INFO - DAG(s) dict_keys(['latest_only']) retrieved from /home/airflow/.local/lib/python3.6/site-packages/airflow/example_dags/example_latest_only.py
[2021-10-29 00:18:49,562] {logging_mixin.py:109} INFO - [2021-10-29 00:18:49,562] {dag.py:2389} INFO - Sync 1 DAGs
[2021-10-29 00:18:49,588] {logging_mixin.py:109} INFO - [2021-10-29 00:18:49,588] {dag.py:2914} INFO - Setting next_dagrun for latest_only to 2021-10-28T20:18:49.588028+00:00
[2021-10-29 00:18:49,605] {processor.py:171} INFO - Processing /home/airflow/.local/lib/python3.6/site-packages/airflow/example_dags/example_latest_only.py took 0.157 seconds
[2021-10-29 00:19:19,778] {processor.py:163} INFO - Started process (PID=298) to work on /home/airflow/.local/lib/python3.6/site-packages/airflow/example_dags/example_latest_only.py
[2021-10-29 00:19:19,784] {processor.py:620} INFO - Processing file /home/airflow/.local/lib/python3.6/site-packages/airflow/example_dags/example_latest_only.py for tasks to queue
[2021-10-29 00:19:19,785] {logging_mixin.py:109} INFO - [2021-10-29 00:19:19,785] {dagbag.py:500} INFO - Filling up the DagBag from /home/airflow/.local/lib/python3.6/site-packages/airflow/example_dags/example_latest_only.py
[2021-10-29 00:19:19,887] {processor.py:632} INFO - DAG(s) dict_keys(['latest_only']) retrieved from /home/airflow/.local/lib/python3.6/site-packages/airflow/example_dags/example_latest_only.py
[2021-10-29 00:19:19,944] {logging_mixin.py:109} INFO - [2021-10-29 00:19:19,944] {dag.py:2389} INFO - Sync 1 DAGs
[2021-10-29 00:19:20,025] {logging_mixin.py:109} INFO - [2021-10-29 00:19:20,025] {dag.py:2914} INFO - Setting next_dagrun for latest_only to 2021-10-28T20:19:20.025265+00:00
[2021-10-29 00:19:20,062] {processor.py:171} INFO - Processing /home/airflow/.local/lib/python3.6/site-packages/airflow/example_dags/example_latest_only.py took 0.287 seconds
[2021-10-29 00:19:50,168] {processor.py:163} INFO - Started process (PID=352) to work on /home/airflow/.local/lib/python3.6/site-packages/airflow/example_dags/example_latest_only.py
[2021-10-29 00:19:50,183] {processor.py:620} INFO - Processing file /home/airflow/.local/lib/python3.6/site-packages/airflow/example_dags/example_latest_only.py for tasks to queue
[2021-10-29 00:19:50,188] {logging_mixin.py:109} INFO - [2021-10-29 00:19:50,188] {dagbag.py:500} INFO - Filling up the DagBag from /home/airflow/.local/lib/python3.6/site-packages/airflow/example_dags/example_latest_only.py
[2021-10-29 00:19:50,239] {processor.py:632} INFO - DAG(s) dict_keys(['latest_only']) retrieved from /home/airflow/.local/lib/python3.6/site-packages/airflow/example_dags/example_latest_only.py
[2021-10-29 00:19:50,262] {logging_mixin.py:109} INFO - [2021-10-29 00:19:50,262] {dag.py:2389} INFO - Sync 1 DAGs
[2021-10-29 00:19:50,304] {logging_mixin.py:109} INFO - [2021-10-29 00:19:50,303] {dag.py:2914} INFO - Setting next_dagrun for latest_only to 2021-10-28T20:19:50.303653+00:00
[2021-10-29 00:19:50,322] {processor.py:171} INFO - Processing /home/airflow/.local/lib/python3.6/site-packages/airflow/example_dags/example_latest_only.py took 0.157 seconds
[2021-10-29 00:20:20,568] {processor.py:163} INFO - Started process (PID=406) to work on /home/airflow/.local/lib/python3.6/site-packages/airflow/example_dags/example_latest_only.py
[2021-10-29 00:20:20,601] {processor.py:620} INFO - Processing file /home/airflow/.local/lib/python3.6/site-packages/airflow/example_dags/example_latest_only.py for tasks to queue
[2021-10-29 00:20:20,601] {logging_mixin.py:109} INFO - [2021-10-29 00:20:20,601] {dagbag.py:500} INFO - Filling up the DagBag from /home/airflow/.local/lib/python3.6/site-packages/airflow/example_dags/example_latest_only.py
[2021-10-29 00:20:20,862] {processor.py:632} INFO - DAG(s) dict_keys(['latest_only']) retrieved from /home/airflow/.local/lib/python3.6/site-packages/airflow/example_dags/example_latest_only.py
[2021-10-29 00:20:21,003] {logging_mixin.py:109} INFO - [2021-10-29 00:20:21,003] {dag.py:2389} INFO - Sync 1 DAGs
[2021-10-29 00:20:21,093] {logging_mixin.py:109} INFO - [2021-10-29 00:20:21,093] {dag.py:2914} INFO - Setting next_dagrun for latest_only to 2021-10-28T20:20:21.092867+00:00
[2021-10-29 00:20:21,132] {processor.py:171} INFO - Processing /home/airflow/.local/lib/python3.6/site-packages/airflow/example_dags/example_latest_only.py took 0.567 seconds
[2021-10-29 00:20:51,439] {processor.py:163} INFO - Started process (PID=460) to work on /home/airflow/.local/lib/python3.6/site-packages/airflow/example_dags/example_latest_only.py
[2021-10-29 00:20:51,472] {processor.py:620} INFO - Processing file /home/airflow/.local/lib/python3.6/site-packages/airflow/example_dags/example_latest_only.py for tasks to queue
[2021-10-29 00:20:51,474] {logging_mixin.py:109} INFO - [2021-10-29 00:20:51,474] {dagbag.py:500} INFO - Filling up the DagBag from /home/airflow/.local/lib/python3.6/site-packages/airflow/example_dags/example_latest_only.py
[2021-10-29 00:20:51,552] {processor.py:632} INFO - DAG(s) dict_keys(['latest_only']) retrieved from /home/airflow/.local/lib/python3.6/site-packages/airflow/example_dags/example_latest_only.py
[2021-10-29 00:20:51,598] {logging_mixin.py:109} INFO - [2021-10-29 00:20:51,598] {dag.py:2389} INFO - Sync 1 DAGs
[2021-10-29 00:20:51,700] {logging_mixin.py:109} INFO - [2021-10-29 00:20:51,700] {dag.py:2914} INFO - Setting next_dagrun for latest_only to 2021-10-28T20:20:51.672475+00:00
[2021-10-29 00:20:51,779] {processor.py:171} INFO - Processing /home/airflow/.local/lib/python3.6/site-packages/airflow/example_dags/example_latest_only.py took 0.343 seconds
[2021-10-29 00:21:22,090] {processor.py:163} INFO - Started process (PID=514) to work on /home/airflow/.local/lib/python3.6/site-packages/airflow/example_dags/example_latest_only.py
[2021-10-29 00:21:22,117] {processor.py:620} INFO - Processing file /home/airflow/.local/lib/python3.6/site-packages/airflow/example_dags/example_latest_only.py for tasks to queue
[2021-10-29 00:21:22,118] {logging_mixin.py:109} INFO - [2021-10-29 00:21:22,117] {dagbag.py:500} INFO - Filling up the DagBag from /home/airflow/.local/lib/python3.6/site-packages/airflow/example_dags/example_latest_only.py
[2021-10-29 00:21:22,228] {processor.py:632} INFO - DAG(s) dict_keys(['latest_only']) retrieved from /home/airflow/.local/lib/python3.6/site-packages/airflow/example_dags/example_latest_only.py
[2021-10-29 00:21:22,268] {logging_mixin.py:109} INFO - [2021-10-29 00:21:22,268] {dag.py:2389} INFO - Sync 1 DAGs
[2021-10-29 00:21:22,311] {logging_mixin.py:109} INFO - [2021-10-29 00:21:22,311] {dag.py:2914} INFO - Setting next_dagrun for latest_only to 2021-10-28T20:21:22.310974+00:00
[2021-10-29 00:21:22,336] {processor.py:171} INFO - Processing /home/airflow/.local/lib/python3.6/site-packages/airflow/example_dags/example_latest_only.py took 0.249 seconds
[2021-10-29 00:22:23,204] {processor.py:163} INFO - Started process (PID=579) to work on /home/airflow/.local/lib/python3.6/site-packages/airflow/example_dags/example_latest_only.py
[2021-10-29 00:22:23,229] {processor.py:620} INFO - Processing file /home/airflow/.local/lib/python3.6/site-packages/airflow/example_dags/example_latest_only.py for tasks to queue
[2021-10-29 00:22:23,296] {logging_mixin.py:109} INFO - [2021-10-29 00:22:23,296] {dagbag.py:500} INFO - Filling up the DagBag from /home/airflow/.local/lib/python3.6/site-packages/airflow/example_dags/example_latest_only.py
[2021-10-29 00:22:23,633] {processor.py:632} INFO - DAG(s) dict_keys(['latest_only']) retrieved from /home/airflow/.local/lib/python3.6/site-packages/airflow/example_dags/example_latest_only.py
[2021-10-29 00:22:23,772] {logging_mixin.py:109} INFO - [2021-10-29 00:22:23,771] {dag.py:2389} INFO - Sync 1 DAGs
[2021-10-29 00:22:23,982] {logging_mixin.py:109} INFO - [2021-10-29 00:22:23,981] {dag.py:2914} INFO - Setting next_dagrun for latest_only to 2021-10-28T20:22:23.981627+00:00
[2021-10-29 00:22:24,099] {processor.py:171} INFO - Processing /home/airflow/.local/lib/python3.6/site-packages/airflow/example_dags/example_latest_only.py took 1.010 seconds
[2021-10-29 00:22:55,072] {processor.py:163} INFO - Started process (PID=633) to work on /home/airflow/.local/lib/python3.6/site-packages/airflow/example_dags/example_latest_only.py
[2021-10-29 00:22:55,082] {processor.py:620} INFO - Processing file /home/airflow/.local/lib/python3.6/site-packages/airflow/example_dags/example_latest_only.py for tasks to queue
[2021-10-29 00:22:55,086] {logging_mixin.py:109} INFO - [2021-10-29 00:22:55,086] {dagbag.py:500} INFO - Filling up the DagBag from /home/airflow/.local/lib/python3.6/site-packages/airflow/example_dags/example_latest_only.py
[2021-10-29 00:22:55,170] {processor.py:632} INFO - DAG(s) dict_keys(['latest_only']) retrieved from /home/airflow/.local/lib/python3.6/site-packages/airflow/example_dags/example_latest_only.py
[2021-10-29 00:22:55,207] {logging_mixin.py:109} INFO - [2021-10-29 00:22:55,207] {dag.py:2389} INFO - Sync 1 DAGs
[2021-10-29 00:22:55,271] {logging_mixin.py:109} INFO - [2021-10-29 00:22:55,270] {dag.py:2914} INFO - Setting next_dagrun for latest_only to 2021-10-28T20:22:55.270650+00:00
[2021-10-29 00:22:55,291] {processor.py:171} INFO - Processing /home/airflow/.local/lib/python3.6/site-packages/airflow/example_dags/example_latest_only.py took 0.243 seconds
[2021-10-29 00:23:26,267] {processor.py:163} INFO - Started process (PID=688) to work on /home/airflow/.local/lib/python3.6/site-packages/airflow/example_dags/example_latest_only.py
[2021-10-29 00:23:26,270] {processor.py:620} INFO - Processing file /home/airflow/.local/lib/python3.6/site-packages/airflow/example_dags/example_latest_only.py for tasks to queue
[2021-10-29 00:23:26,272] {logging_mixin.py:109} INFO - [2021-10-29 00:23:26,271] {dagbag.py:500} INFO - Filling up the DagBag from /home/airflow/.local/lib/python3.6/site-packages/airflow/example_dags/example_latest_only.py
[2021-10-29 00:23:26,320] {processor.py:632} INFO - DAG(s) dict_keys(['latest_only']) retrieved from /home/airflow/.local/lib/python3.6/site-packages/airflow/example_dags/example_latest_only.py
[2021-10-29 00:23:26,346] {logging_mixin.py:109} INFO - [2021-10-29 00:23:26,346] {dag.py:2389} INFO - Sync 1 DAGs
[2021-10-29 00:23:26,376] {logging_mixin.py:109} INFO - [2021-10-29 00:23:26,376] {dag.py:2914} INFO - Setting next_dagrun for latest_only to 2021-10-28T20:23:26.375956+00:00
[2021-10-29 00:23:26,397] {processor.py:171} INFO - Processing /home/airflow/.local/lib/python3.6/site-packages/airflow/example_dags/example_latest_only.py took 0.147 seconds
[2021-10-29 00:23:56,806] {processor.py:163} INFO - Started process (PID=741) to work on /home/airflow/.local/lib/python3.6/site-packages/airflow/example_dags/example_latest_only.py
[2021-10-29 00:23:56,815] {processor.py:620} INFO - Processing file /home/airflow/.local/lib/python3.6/site-packages/airflow/example_dags/example_latest_only.py for tasks to queue
[2021-10-29 00:23:56,817] {logging_mixin.py:109} INFO - [2021-10-29 00:23:56,817] {dagbag.py:500} INFO - Filling up the DagBag from /home/airflow/.local/lib/python3.6/site-packages/airflow/example_dags/example_latest_only.py
[2021-10-29 00:23:56,862] {processor.py:632} INFO - DAG(s) dict_keys(['latest_only']) retrieved from /home/airflow/.local/lib/python3.6/site-packages/airflow/example_dags/example_latest_only.py
[2021-10-29 00:23:56,899] {logging_mixin.py:109} INFO - [2021-10-29 00:23:56,899] {dag.py:2389} INFO - Sync 1 DAGs
[2021-10-29 00:23:56,929] {logging_mixin.py:109} INFO - [2021-10-29 00:23:56,929] {dag.py:2914} INFO - Setting next_dagrun for latest_only to 2021-10-28T20:23:56.928816+00:00
[2021-10-29 00:23:56,952] {processor.py:171} INFO - Processing /home/airflow/.local/lib/python3.6/site-packages/airflow/example_dags/example_latest_only.py took 0.157 seconds
[2021-10-29 00:24:27,951] {processor.py:163} INFO - Started process (PID=796) to work on /home/airflow/.local/lib/python3.6/site-packages/airflow/example_dags/example_latest_only.py
[2021-10-29 00:24:27,954] {processor.py:620} INFO - Processing file /home/airflow/.local/lib/python3.6/site-packages/airflow/example_dags/example_latest_only.py for tasks to queue
[2021-10-29 00:24:27,955] {logging_mixin.py:109} INFO - [2021-10-29 00:24:27,955] {dagbag.py:500} INFO - Filling up the DagBag from /home/airflow/.local/lib/python3.6/site-packages/airflow/example_dags/example_latest_only.py
[2021-10-29 00:24:28,001] {processor.py:632} INFO - DAG(s) dict_keys(['latest_only']) retrieved from /home/airflow/.local/lib/python3.6/site-packages/airflow/example_dags/example_latest_only.py
[2021-10-29 00:24:28,027] {logging_mixin.py:109} INFO - [2021-10-29 00:24:28,027] {dag.py:2389} INFO - Sync 1 DAGs
[2021-10-29 00:24:28,055] {logging_mixin.py:109} INFO - [2021-10-29 00:24:28,055] {dag.py:2914} INFO - Setting next_dagrun for latest_only to 2021-10-28T20:24:28.054872+00:00
[2021-10-29 00:24:28,071] {processor.py:171} INFO - Processing /home/airflow/.local/lib/python3.6/site-packages/airflow/example_dags/example_latest_only.py took 0.123 seconds
[2021-10-29 00:24:58,141] {processor.py:163} INFO - Started process (PID=849) to work on /home/airflow/.local/lib/python3.6/site-packages/airflow/example_dags/example_latest_only.py
[2021-10-29 00:24:58,152] {processor.py:620} INFO - Processing file /home/airflow/.local/lib/python3.6/site-packages/airflow/example_dags/example_latest_only.py for tasks to queue
[2021-10-29 00:24:58,154] {logging_mixin.py:109} INFO - [2021-10-29 00:24:58,154] {dagbag.py:500} INFO - Filling up the DagBag from /home/airflow/.local/lib/python3.6/site-packages/airflow/example_dags/example_latest_only.py
[2021-10-29 00:24:58,207] {processor.py:632} INFO - DAG(s) dict_keys(['latest_only']) retrieved from /home/airflow/.local/lib/python3.6/site-packages/airflow/example_dags/example_latest_only.py
[2021-10-29 00:24:58,232] {logging_mixin.py:109} INFO - [2021-10-29 00:24:58,232] {dag.py:2389} INFO - Sync 1 DAGs
[2021-10-29 00:24:58,277] {logging_mixin.py:109} INFO - [2021-10-29 00:24:58,277] {dag.py:2914} INFO - Setting next_dagrun for latest_only to 2021-10-28T20:24:58.276897+00:00
[2021-10-29 00:24:58,344] {processor.py:171} INFO - Processing /home/airflow/.local/lib/python3.6/site-packages/airflow/example_dags/example_latest_only.py took 0.208 seconds
[2021-10-29 00:25:28,573] {processor.py:163} INFO - Started process (PID=903) to work on /home/airflow/.local/lib/python3.6/site-packages/airflow/example_dags/example_latest_only.py
[2021-10-29 00:25:28,578] {processor.py:620} INFO - Processing file /home/airflow/.local/lib/python3.6/site-packages/airflow/example_dags/example_latest_only.py for tasks to queue
[2021-10-29 00:25:28,579] {logging_mixin.py:109} INFO - [2021-10-29 00:25:28,579] {dagbag.py:500} INFO - Filling up the DagBag from /home/airflow/.local/lib/python3.6/site-packages/airflow/example_dags/example_latest_only.py
[2021-10-29 00:25:28,761] {processor.py:632} INFO - DAG(s) dict_keys(['latest_only']) retrieved from /home/airflow/.local/lib/python3.6/site-packages/airflow/example_dags/example_latest_only.py
[2021-10-29 00:25:28,786] {logging_mixin.py:109} INFO - [2021-10-29 00:25:28,786] {dag.py:2389} INFO - Sync 1 DAGs
[2021-10-29 00:25:28,814] {logging_mixin.py:109} INFO - [2021-10-29 00:25:28,814] {dag.py:2914} INFO - Setting next_dagrun for latest_only to 2021-10-28T20:25:28.814524+00:00
[2021-10-29 00:25:28,836] {processor.py:171} INFO - Processing /home/airflow/.local/lib/python3.6/site-packages/airflow/example_dags/example_latest_only.py took 0.301 seconds
[2021-10-29 00:26:00,002] {processor.py:163} INFO - Started process (PID=958) to work on /home/airflow/.local/lib/python3.6/site-packages/airflow/example_dags/example_latest_only.py
[2021-10-29 00:26:00,008] {processor.py:620} INFO - Processing file /home/airflow/.local/lib/python3.6/site-packages/airflow/example_dags/example_latest_only.py for tasks to queue
[2021-10-29 00:26:00,020] {logging_mixin.py:109} INFO - [2021-10-29 00:26:00,020] {dagbag.py:500} INFO - Filling up the DagBag from /home/airflow/.local/lib/python3.6/site-packages/airflow/example_dags/example_latest_only.py
[2021-10-29 00:26:00,111] {processor.py:632} INFO - DAG(s) dict_keys(['latest_only']) retrieved from /home/airflow/.local/lib/python3.6/site-packages/airflow/example_dags/example_latest_only.py
[2021-10-29 00:26:00,190] {logging_mixin.py:109} INFO - [2021-10-29 00:26:00,189] {dag.py:2389} INFO - Sync 1 DAGs
[2021-10-29 00:26:00,267] {logging_mixin.py:109} INFO - [2021-10-29 00:26:00,267] {dag.py:2914} INFO - Setting next_dagrun for latest_only to 2021-10-28T20:26:00.267209+00:00
[2021-10-29 00:26:00,329] {processor.py:171} INFO - Processing /home/airflow/.local/lib/python3.6/site-packages/airflow/example_dags/example_latest_only.py took 0.330 seconds
[2021-10-29 00:26:30,381] {processor.py:163} INFO - Started process (PID=1011) to work on /home/airflow/.local/lib/python3.6/site-packages/airflow/example_dags/example_latest_only.py
[2021-10-29 00:26:30,384] {processor.py:620} INFO - Processing file /home/airflow/.local/lib/python3.6/site-packages/airflow/example_dags/example_latest_only.py for tasks to queue
[2021-10-29 00:26:30,386] {logging_mixin.py:109} INFO - [2021-10-29 00:26:30,386] {dagbag.py:500} INFO - Filling up the DagBag from /home/airflow/.local/lib/python3.6/site-packages/airflow/example_dags/example_latest_only.py
[2021-10-29 00:26:30,411] {processor.py:632} INFO - DAG(s) dict_keys(['latest_only']) retrieved from /home/airflow/.local/lib/python3.6/site-packages/airflow/example_dags/example_latest_only.py
[2021-10-29 00:26:30,423] {logging_mixin.py:109} INFO - [2021-10-29 00:26:30,423] {dag.py:2389} INFO - Sync 1 DAGs
[2021-10-29 00:26:30,438] {logging_mixin.py:109} INFO - [2021-10-29 00:26:30,438] {dag.py:2914} INFO - Setting next_dagrun for latest_only to 2021-10-28T20:26:30.438381+00:00
[2021-10-29 00:26:30,450] {processor.py:171} INFO - Processing /home/airflow/.local/lib/python3.6/site-packages/airflow/example_dags/example_latest_only.py took 0.072 seconds
[2021-10-29 00:27:00,846] {processor.py:163} INFO - Started process (PID=1065) to work on /home/airflow/.local/lib/python3.6/site-packages/airflow/example_dags/example_latest_only.py
[2021-10-29 00:27:00,856] {processor.py:620} INFO - Processing file /home/airflow/.local/lib/python3.6/site-packages/airflow/example_dags/example_latest_only.py for tasks to queue
[2021-10-29 00:27:00,857] {logging_mixin.py:109} INFO - [2021-10-29 00:27:00,857] {dagbag.py:500} INFO - Filling up the DagBag from /home/airflow/.local/lib/python3.6/site-packages/airflow/example_dags/example_latest_only.py
[2021-10-29 00:27:00,954] {processor.py:632} INFO - DAG(s) dict_keys(['latest_only']) retrieved from /home/airflow/.local/lib/python3.6/site-packages/airflow/example_dags/example_latest_only.py
[2021-10-29 00:27:01,043] {logging_mixin.py:109} INFO - [2021-10-29 00:27:01,043] {dag.py:2389} INFO - Sync 1 DAGs
[2021-10-29 00:27:01,127] {logging_mixin.py:109} INFO - [2021-10-29 00:27:01,127] {dag.py:2914} INFO - Setting next_dagrun for latest_only to 2021-10-28T20:27:01.127088+00:00
[2021-10-29 00:27:01,146] {processor.py:171} INFO - Processing /home/airflow/.local/lib/python3.6/site-packages/airflow/example_dags/example_latest_only.py took 0.303 seconds
[2021-10-29 00:27:31,514] {processor.py:163} INFO - Started process (PID=1118) to work on /home/airflow/.local/lib/python3.6/site-packages/airflow/example_dags/example_latest_only.py
[2021-10-29 00:27:31,528] {processor.py:620} INFO - Processing file /home/airflow/.local/lib/python3.6/site-packages/airflow/example_dags/example_latest_only.py for tasks to queue
[2021-10-29 00:27:31,530] {logging_mixin.py:109} INFO - [2021-10-29 00:27:31,530] {dagbag.py:500} INFO - Filling up the DagBag from /home/airflow/.local/lib/python3.6/site-packages/airflow/example_dags/example_latest_only.py
[2021-10-29 00:27:31,580] {processor.py:632} INFO - DAG(s) dict_keys(['latest_only']) retrieved from /home/airflow/.local/lib/python3.6/site-packages/airflow/example_dags/example_latest_only.py
[2021-10-29 00:27:31,602] {logging_mixin.py:109} INFO - [2021-10-29 00:27:31,602] {dag.py:2389} INFO - Sync 1 DAGs
[2021-10-29 00:27:31,637] {logging_mixin.py:109} INFO - [2021-10-29 00:27:31,637] {dag.py:2914} INFO - Setting next_dagrun for latest_only to 2021-10-28T20:27:31.637289+00:00
[2021-10-29 00:27:31,706] {processor.py:171} INFO - Processing /home/airflow/.local/lib/python3.6/site-packages/airflow/example_dags/example_latest_only.py took 0.195 seconds
[2021-10-29 00:28:02,202] {processor.py:163} INFO - Started process (PID=1173) to work on /home/airflow/.local/lib/python3.6/site-packages/airflow/example_dags/example_latest_only.py
[2021-10-29 00:28:02,225] {processor.py:620} INFO - Processing file /home/airflow/.local/lib/python3.6/site-packages/airflow/example_dags/example_latest_only.py for tasks to queue
[2021-10-29 00:28:02,227] {logging_mixin.py:109} INFO - [2021-10-29 00:28:02,226] {dagbag.py:500} INFO - Filling up the DagBag from /home/airflow/.local/lib/python3.6/site-packages/airflow/example_dags/example_latest_only.py
[2021-10-29 00:28:02,371] {processor.py:632} INFO - DAG(s) dict_keys(['latest_only']) retrieved from /home/airflow/.local/lib/python3.6/site-packages/airflow/example_dags/example_latest_only.py
[2021-10-29 00:28:02,428] {logging_mixin.py:109} INFO - [2021-10-29 00:28:02,428] {dag.py:2389} INFO - Sync 1 DAGs
[2021-10-29 00:28:02,517] {logging_mixin.py:109} INFO - [2021-10-29 00:28:02,517] {dag.py:2914} INFO - Setting next_dagrun for latest_only to 2021-10-28T20:28:02.517080+00:00
[2021-10-29 00:28:02,609] {processor.py:171} INFO - Processing /home/airflow/.local/lib/python3.6/site-packages/airflow/example_dags/example_latest_only.py took 0.410 seconds
[2021-10-29 00:28:33,429] {processor.py:163} INFO - Started process (PID=1225) to work on /home/airflow/.local/lib/python3.6/site-packages/airflow/example_dags/example_latest_only.py
[2021-10-29 00:28:33,462] {processor.py:620} INFO - Processing file /home/airflow/.local/lib/python3.6/site-packages/airflow/example_dags/example_latest_only.py for tasks to queue
[2021-10-29 00:28:33,465] {logging_mixin.py:109} INFO - [2021-10-29 00:28:33,464] {dagbag.py:500} INFO - Filling up the DagBag from /home/airflow/.local/lib/python3.6/site-packages/airflow/example_dags/example_latest_only.py
[2021-10-29 00:28:33,549] {processor.py:632} INFO - DAG(s) dict_keys(['latest_only']) retrieved from /home/airflow/.local/lib/python3.6/site-packages/airflow/example_dags/example_latest_only.py
[2021-10-29 00:28:33,599] {logging_mixin.py:109} INFO - [2021-10-29 00:28:33,599] {dag.py:2389} INFO - Sync 1 DAGs
[2021-10-29 00:28:33,691] {logging_mixin.py:109} INFO - [2021-10-29 00:28:33,691] {dag.py:2914} INFO - Setting next_dagrun for latest_only to 2021-10-28T20:28:33.691065+00:00
[2021-10-29 00:28:33,755] {processor.py:171} INFO - Processing /home/airflow/.local/lib/python3.6/site-packages/airflow/example_dags/example_latest_only.py took 0.330 seconds
[2021-10-29 00:29:03,838] {processor.py:163} INFO - Started process (PID=1279) to work on /home/airflow/.local/lib/python3.6/site-packages/airflow/example_dags/example_latest_only.py
[2021-10-29 00:29:03,847] {processor.py:620} INFO - Processing file /home/airflow/.local/lib/python3.6/site-packages/airflow/example_dags/example_latest_only.py for tasks to queue
[2021-10-29 00:29:03,856] {logging_mixin.py:109} INFO - [2021-10-29 00:29:03,856] {dagbag.py:500} INFO - Filling up the DagBag from /home/airflow/.local/lib/python3.6/site-packages/airflow/example_dags/example_latest_only.py
[2021-10-29 00:29:03,924] {processor.py:632} INFO - DAG(s) dict_keys(['latest_only']) retrieved from /home/airflow/.local/lib/python3.6/site-packages/airflow/example_dags/example_latest_only.py
[2021-10-29 00:29:03,945] {logging_mixin.py:109} INFO - [2021-10-29 00:29:03,945] {dag.py:2389} INFO - Sync 1 DAGs
[2021-10-29 00:29:03,977] {logging_mixin.py:109} INFO - [2021-10-29 00:29:03,976] {dag.py:2914} INFO - Setting next_dagrun for latest_only to 2021-10-28T20:29:03.976672+00:00
[2021-10-29 00:29:03,998] {processor.py:171} INFO - Processing /home/airflow/.local/lib/python3.6/site-packages/airflow/example_dags/example_latest_only.py took 0.163 seconds
[2021-10-29 00:29:34,844] {processor.py:163} INFO - Started process (PID=1333) to work on /home/airflow/.local/lib/python3.6/site-packages/airflow/example_dags/example_latest_only.py
[2021-10-29 00:29:34,860] {processor.py:620} INFO - Processing file /home/airflow/.local/lib/python3.6/site-packages/airflow/example_dags/example_latest_only.py for tasks to queue
[2021-10-29 00:29:34,862] {logging_mixin.py:109} INFO - [2021-10-29 00:29:34,862] {dagbag.py:500} INFO - Filling up the DagBag from /home/airflow/.local/lib/python3.6/site-packages/airflow/example_dags/example_latest_only.py
[2021-10-29 00:29:35,013] {processor.py:632} INFO - DAG(s) dict_keys(['latest_only']) retrieved from /home/airflow/.local/lib/python3.6/site-packages/airflow/example_dags/example_latest_only.py
[2021-10-29 00:29:35,061] {logging_mixin.py:109} INFO - [2021-10-29 00:29:35,061] {dag.py:2389} INFO - Sync 1 DAGs
[2021-10-29 00:29:35,173] {logging_mixin.py:109} INFO - [2021-10-29 00:29:35,172] {dag.py:2914} INFO - Setting next_dagrun for latest_only to 2021-10-28T20:29:35.172690+00:00
[2021-10-29 00:29:35,269] {processor.py:171} INFO - Processing /home/airflow/.local/lib/python3.6/site-packages/airflow/example_dags/example_latest_only.py took 0.428 seconds
[2021-10-29 00:30:06,587] {processor.py:163} INFO - Started process (PID=1388) to work on /home/airflow/.local/lib/python3.6/site-packages/airflow/example_dags/example_latest_only.py
[2021-10-29 00:30:06,607] {processor.py:620} INFO - Processing file /home/airflow/.local/lib/python3.6/site-packages/airflow/example_dags/example_latest_only.py for tasks to queue
[2021-10-29 00:30:06,608] {logging_mixin.py:109} INFO - [2021-10-29 00:30:06,608] {dagbag.py:500} INFO - Filling up the DagBag from /home/airflow/.local/lib/python3.6/site-packages/airflow/example_dags/example_latest_only.py
[2021-10-29 00:30:06,671] {processor.py:632} INFO - DAG(s) dict_keys(['latest_only']) retrieved from /home/airflow/.local/lib/python3.6/site-packages/airflow/example_dags/example_latest_only.py
[2021-10-29 00:30:06,699] {logging_mixin.py:109} INFO - [2021-10-29 00:30:06,699] {dag.py:2389} INFO - Sync 1 DAGs
[2021-10-29 00:30:06,725] {logging_mixin.py:109} INFO - [2021-10-29 00:30:06,725] {dag.py:2914} INFO - Setting next_dagrun for latest_only to 2021-10-28T20:30:06.724976+00:00
[2021-10-29 00:30:06,762] {processor.py:171} INFO - Processing /home/airflow/.local/lib/python3.6/site-packages/airflow/example_dags/example_latest_only.py took 0.178 seconds
[2021-10-29 00:30:36,852] {processor.py:163} INFO - Started process (PID=1442) to work on /home/airflow/.local/lib/python3.6/site-packages/airflow/example_dags/example_latest_only.py
[2021-10-29 00:30:36,855] {processor.py:620} INFO - Processing file /home/airflow/.local/lib/python3.6/site-packages/airflow/example_dags/example_latest_only.py for tasks to queue
[2021-10-29 00:30:36,856] {logging_mixin.py:109} INFO - [2021-10-29 00:30:36,856] {dagbag.py:500} INFO - Filling up the DagBag from /home/airflow/.local/lib/python3.6/site-packages/airflow/example_dags/example_latest_only.py
[2021-10-29 00:30:36,880] {processor.py:632} INFO - DAG(s) dict_keys(['latest_only']) retrieved from /home/airflow/.local/lib/python3.6/site-packages/airflow/example_dags/example_latest_only.py
[2021-10-29 00:30:36,892] {logging_mixin.py:109} INFO - [2021-10-29 00:30:36,892] {dag.py:2389} INFO - Sync 1 DAGs
[2021-10-29 00:30:36,909] {logging_mixin.py:109} INFO - [2021-10-29 00:30:36,909] {dag.py:2914} INFO - Setting next_dagrun for latest_only to 2021-10-28T20:30:36.908829+00:00
[2021-10-29 00:30:36,918] {processor.py:171} INFO - Processing /home/airflow/.local/lib/python3.6/site-packages/airflow/example_dags/example_latest_only.py took 0.069 seconds
[2021-10-29 00:31:07,592] {processor.py:163} INFO - Started process (PID=1495) to work on /home/airflow/.local/lib/python3.6/site-packages/airflow/example_dags/example_latest_only.py
[2021-10-29 00:31:07,608] {processor.py:620} INFO - Processing file /home/airflow/.local/lib/python3.6/site-packages/airflow/example_dags/example_latest_only.py for tasks to queue
[2021-10-29 00:31:07,611] {logging_mixin.py:109} INFO - [2021-10-29 00:31:07,611] {dagbag.py:500} INFO - Filling up the DagBag from /home/airflow/.local/lib/python3.6/site-packages/airflow/example_dags/example_latest_only.py
[2021-10-29 00:31:07,683] {processor.py:632} INFO - DAG(s) dict_keys(['latest_only']) retrieved from /home/airflow/.local/lib/python3.6/site-packages/airflow/example_dags/example_latest_only.py
[2021-10-29 00:31:07,715] {logging_mixin.py:109} INFO - [2021-10-29 00:31:07,715] {dag.py:2389} INFO - Sync 1 DAGs
[2021-10-29 00:31:07,768] {logging_mixin.py:109} INFO - [2021-10-29 00:31:07,768] {dag.py:2914} INFO - Setting next_dagrun for latest_only to 2021-10-28T20:31:07.768235+00:00
[2021-10-29 00:31:07,796] {processor.py:171} INFO - Processing /home/airflow/.local/lib/python3.6/site-packages/airflow/example_dags/example_latest_only.py took 0.207 seconds
[2021-10-29 00:31:38,654] {processor.py:163} INFO - Started process (PID=1549) to work on /home/airflow/.local/lib/python3.6/site-packages/airflow/example_dags/example_latest_only.py
[2021-10-29 00:31:38,712] {processor.py:620} INFO - Processing file /home/airflow/.local/lib/python3.6/site-packages/airflow/example_dags/example_latest_only.py for tasks to queue
[2021-10-29 00:31:38,713] {logging_mixin.py:109} INFO - [2021-10-29 00:31:38,713] {dagbag.py:500} INFO - Filling up the DagBag from /home/airflow/.local/lib/python3.6/site-packages/airflow/example_dags/example_latest_only.py
[2021-10-29 00:31:38,862] {processor.py:632} INFO - DAG(s) dict_keys(['latest_only']) retrieved from /home/airflow/.local/lib/python3.6/site-packages/airflow/example_dags/example_latest_only.py
[2021-10-29 00:31:39,018] {logging_mixin.py:109} INFO - [2021-10-29 00:31:39,018] {dag.py:2389} INFO - Sync 1 DAGs
[2021-10-29 00:31:39,139] {logging_mixin.py:109} INFO - [2021-10-29 00:31:39,139] {dag.py:2914} INFO - Setting next_dagrun for latest_only to 2021-10-28T20:31:39.139038+00:00
[2021-10-29 00:31:39,201] {processor.py:171} INFO - Processing /home/airflow/.local/lib/python3.6/site-packages/airflow/example_dags/example_latest_only.py took 0.550 seconds
[2021-10-29 00:32:09,343] {processor.py:163} INFO - Started process (PID=1593) to work on /home/airflow/.local/lib/python3.6/site-packages/airflow/example_dags/example_latest_only.py
[2021-10-29 00:32:09,357] {processor.py:620} INFO - Processing file /home/airflow/.local/lib/python3.6/site-packages/airflow/example_dags/example_latest_only.py for tasks to queue
[2021-10-29 00:32:09,357] {logging_mixin.py:109} INFO - [2021-10-29 00:32:09,357] {dagbag.py:500} INFO - Filling up the DagBag from /home/airflow/.local/lib/python3.6/site-packages/airflow/example_dags/example_latest_only.py
[2021-10-29 00:32:09,458] {processor.py:632} INFO - DAG(s) dict_keys(['latest_only']) retrieved from /home/airflow/.local/lib/python3.6/site-packages/airflow/example_dags/example_latest_only.py
[2021-10-29 00:32:09,487] {logging_mixin.py:109} INFO - [2021-10-29 00:32:09,486] {dag.py:2389} INFO - Sync 1 DAGs
[2021-10-29 00:32:09,557] {logging_mixin.py:109} INFO - [2021-10-29 00:32:09,557] {dag.py:2914} INFO - Setting next_dagrun for latest_only to 2021-10-28T20:32:09.543602+00:00
[2021-10-29 00:32:09,590] {processor.py:171} INFO - Processing /home/airflow/.local/lib/python3.6/site-packages/airflow/example_dags/example_latest_only.py took 0.253 seconds
