[2021-10-29 00:17:57,375] {processor.py:163} INFO - Started process (PID=168) to work on /home/airflow/.local/lib/python3.6/site-packages/airflow/example_dags/example_kubernetes_executor.py
[2021-10-29 00:17:57,397] {processor.py:620} INFO - Processing file /home/airflow/.local/lib/python3.6/site-packages/airflow/example_dags/example_kubernetes_executor.py for tasks to queue
[2021-10-29 00:17:57,418] {logging_mixin.py:109} INFO - [2021-10-29 00:17:57,418] {dagbag.py:500} INFO - Filling up the DagBag from /home/airflow/.local/lib/python3.6/site-packages/airflow/example_dags/example_kubernetes_executor.py
[2021-10-29 00:17:57,838] {processor.py:632} INFO - DAG(s) dict_keys(['example_kubernetes_executor']) retrieved from /home/airflow/.local/lib/python3.6/site-packages/airflow/example_dags/example_kubernetes_executor.py
[2021-10-29 00:17:57,970] {logging_mixin.py:109} INFO - [2021-10-29 00:17:57,970] {dag.py:2389} INFO - Sync 1 DAGs
[2021-10-29 00:17:58,107] {logging_mixin.py:109} INFO - [2021-10-29 00:17:58,107] {dag.py:2914} INFO - Setting next_dagrun for example_kubernetes_executor to None
[2021-10-29 00:17:58,176] {processor.py:171} INFO - Processing /home/airflow/.local/lib/python3.6/site-packages/airflow/example_dags/example_kubernetes_executor.py took 0.836 seconds
[2021-10-29 00:18:28,278] {processor.py:163} INFO - Started process (PID=213) to work on /home/airflow/.local/lib/python3.6/site-packages/airflow/example_dags/example_kubernetes_executor.py
[2021-10-29 00:18:28,326] {processor.py:620} INFO - Processing file /home/airflow/.local/lib/python3.6/site-packages/airflow/example_dags/example_kubernetes_executor.py for tasks to queue
[2021-10-29 00:18:28,327] {logging_mixin.py:109} INFO - [2021-10-29 00:18:28,327] {dagbag.py:500} INFO - Filling up the DagBag from /home/airflow/.local/lib/python3.6/site-packages/airflow/example_dags/example_kubernetes_executor.py
[2021-10-29 00:18:28,566] {processor.py:632} INFO - DAG(s) dict_keys(['example_kubernetes_executor']) retrieved from /home/airflow/.local/lib/python3.6/site-packages/airflow/example_dags/example_kubernetes_executor.py
[2021-10-29 00:18:28,607] {logging_mixin.py:109} INFO - [2021-10-29 00:18:28,607] {dag.py:2389} INFO - Sync 1 DAGs
[2021-10-29 00:18:28,642] {logging_mixin.py:109} INFO - [2021-10-29 00:18:28,642] {dag.py:2914} INFO - Setting next_dagrun for example_kubernetes_executor to None
[2021-10-29 00:18:28,676] {processor.py:171} INFO - Processing /home/airflow/.local/lib/python3.6/site-packages/airflow/example_dags/example_kubernetes_executor.py took 0.400 seconds
[2021-10-29 00:18:59,429] {processor.py:163} INFO - Started process (PID=266) to work on /home/airflow/.local/lib/python3.6/site-packages/airflow/example_dags/example_kubernetes_executor.py
[2021-10-29 00:18:59,451] {processor.py:620} INFO - Processing file /home/airflow/.local/lib/python3.6/site-packages/airflow/example_dags/example_kubernetes_executor.py for tasks to queue
[2021-10-29 00:18:59,452] {logging_mixin.py:109} INFO - [2021-10-29 00:18:59,452] {dagbag.py:500} INFO - Filling up the DagBag from /home/airflow/.local/lib/python3.6/site-packages/airflow/example_dags/example_kubernetes_executor.py
[2021-10-29 00:18:59,580] {processor.py:632} INFO - DAG(s) dict_keys(['example_kubernetes_executor']) retrieved from /home/airflow/.local/lib/python3.6/site-packages/airflow/example_dags/example_kubernetes_executor.py
[2021-10-29 00:18:59,734] {logging_mixin.py:109} INFO - [2021-10-29 00:18:59,733] {dag.py:2389} INFO - Sync 1 DAGs
[2021-10-29 00:18:59,826] {logging_mixin.py:109} INFO - [2021-10-29 00:18:59,826] {dag.py:2914} INFO - Setting next_dagrun for example_kubernetes_executor to None
[2021-10-29 00:18:59,857] {processor.py:171} INFO - Processing /home/airflow/.local/lib/python3.6/site-packages/airflow/example_dags/example_kubernetes_executor.py took 0.431 seconds
[2021-10-29 00:19:30,170] {processor.py:163} INFO - Started process (PID=319) to work on /home/airflow/.local/lib/python3.6/site-packages/airflow/example_dags/example_kubernetes_executor.py
[2021-10-29 00:19:30,175] {processor.py:620} INFO - Processing file /home/airflow/.local/lib/python3.6/site-packages/airflow/example_dags/example_kubernetes_executor.py for tasks to queue
[2021-10-29 00:19:30,183] {logging_mixin.py:109} INFO - [2021-10-29 00:19:30,183] {dagbag.py:500} INFO - Filling up the DagBag from /home/airflow/.local/lib/python3.6/site-packages/airflow/example_dags/example_kubernetes_executor.py
[2021-10-29 00:19:30,237] {processor.py:632} INFO - DAG(s) dict_keys(['example_kubernetes_executor']) retrieved from /home/airflow/.local/lib/python3.6/site-packages/airflow/example_dags/example_kubernetes_executor.py
[2021-10-29 00:19:30,264] {logging_mixin.py:109} INFO - [2021-10-29 00:19:30,264] {dag.py:2389} INFO - Sync 1 DAGs
[2021-10-29 00:19:30,289] {logging_mixin.py:109} INFO - [2021-10-29 00:19:30,289] {dag.py:2914} INFO - Setting next_dagrun for example_kubernetes_executor to None
[2021-10-29 00:19:30,304] {processor.py:171} INFO - Processing /home/airflow/.local/lib/python3.6/site-packages/airflow/example_dags/example_kubernetes_executor.py took 0.142 seconds
[2021-10-29 00:20:02,286] {processor.py:163} INFO - Started process (PID=373) to work on /home/airflow/.local/lib/python3.6/site-packages/airflow/example_dags/example_kubernetes_executor.py
[2021-10-29 00:20:02,320] {processor.py:620} INFO - Processing file /home/airflow/.local/lib/python3.6/site-packages/airflow/example_dags/example_kubernetes_executor.py for tasks to queue
[2021-10-29 00:20:02,321] {logging_mixin.py:109} INFO - [2021-10-29 00:20:02,321] {dagbag.py:500} INFO - Filling up the DagBag from /home/airflow/.local/lib/python3.6/site-packages/airflow/example_dags/example_kubernetes_executor.py
[2021-10-29 00:20:02,453] {processor.py:632} INFO - DAG(s) dict_keys(['example_kubernetes_executor']) retrieved from /home/airflow/.local/lib/python3.6/site-packages/airflow/example_dags/example_kubernetes_executor.py
[2021-10-29 00:20:02,470] {logging_mixin.py:109} INFO - [2021-10-29 00:20:02,470] {dag.py:2389} INFO - Sync 1 DAGs
[2021-10-29 00:20:02,494] {logging_mixin.py:109} INFO - [2021-10-29 00:20:02,493] {dag.py:2914} INFO - Setting next_dagrun for example_kubernetes_executor to None
[2021-10-29 00:20:02,529] {processor.py:171} INFO - Processing /home/airflow/.local/lib/python3.6/site-packages/airflow/example_dags/example_kubernetes_executor.py took 0.246 seconds
[2021-10-29 00:20:33,234] {processor.py:163} INFO - Started process (PID=427) to work on /home/airflow/.local/lib/python3.6/site-packages/airflow/example_dags/example_kubernetes_executor.py
[2021-10-29 00:20:33,243] {processor.py:620} INFO - Processing file /home/airflow/.local/lib/python3.6/site-packages/airflow/example_dags/example_kubernetes_executor.py for tasks to queue
[2021-10-29 00:20:33,245] {logging_mixin.py:109} INFO - [2021-10-29 00:20:33,245] {dagbag.py:500} INFO - Filling up the DagBag from /home/airflow/.local/lib/python3.6/site-packages/airflow/example_dags/example_kubernetes_executor.py
[2021-10-29 00:20:33,400] {processor.py:632} INFO - DAG(s) dict_keys(['example_kubernetes_executor']) retrieved from /home/airflow/.local/lib/python3.6/site-packages/airflow/example_dags/example_kubernetes_executor.py
[2021-10-29 00:20:33,529] {logging_mixin.py:109} INFO - [2021-10-29 00:20:33,529] {dag.py:2389} INFO - Sync 1 DAGs
[2021-10-29 00:20:33,705] {logging_mixin.py:109} INFO - [2021-10-29 00:20:33,705] {dag.py:2914} INFO - Setting next_dagrun for example_kubernetes_executor to None
[2021-10-29 00:20:34,004] {processor.py:171} INFO - Processing /home/airflow/.local/lib/python3.6/site-packages/airflow/example_dags/example_kubernetes_executor.py took 0.774 seconds
[2021-10-29 00:21:05,041] {processor.py:163} INFO - Started process (PID=481) to work on /home/airflow/.local/lib/python3.6/site-packages/airflow/example_dags/example_kubernetes_executor.py
[2021-10-29 00:21:05,102] {processor.py:620} INFO - Processing file /home/airflow/.local/lib/python3.6/site-packages/airflow/example_dags/example_kubernetes_executor.py for tasks to queue
[2021-10-29 00:21:05,103] {logging_mixin.py:109} INFO - [2021-10-29 00:21:05,103] {dagbag.py:500} INFO - Filling up the DagBag from /home/airflow/.local/lib/python3.6/site-packages/airflow/example_dags/example_kubernetes_executor.py
[2021-10-29 00:21:05,288] {processor.py:632} INFO - DAG(s) dict_keys(['example_kubernetes_executor']) retrieved from /home/airflow/.local/lib/python3.6/site-packages/airflow/example_dags/example_kubernetes_executor.py
[2021-10-29 00:21:05,325] {logging_mixin.py:109} INFO - [2021-10-29 00:21:05,325] {dag.py:2389} INFO - Sync 1 DAGs
[2021-10-29 00:21:05,421] {logging_mixin.py:109} INFO - [2021-10-29 00:21:05,421] {dag.py:2914} INFO - Setting next_dagrun for example_kubernetes_executor to None
[2021-10-29 00:21:05,461] {processor.py:171} INFO - Processing /home/airflow/.local/lib/python3.6/site-packages/airflow/example_dags/example_kubernetes_executor.py took 0.424 seconds
[2021-10-29 00:21:46,387] {processor.py:163} INFO - Started process (PID=538) to work on /home/airflow/.local/lib/python3.6/site-packages/airflow/example_dags/example_kubernetes_executor.py
[2021-10-29 00:21:46,473] {processor.py:620} INFO - Processing file /home/airflow/.local/lib/python3.6/site-packages/airflow/example_dags/example_kubernetes_executor.py for tasks to queue
[2021-10-29 00:21:46,475] {logging_mixin.py:109} INFO - [2021-10-29 00:21:46,474] {dagbag.py:500} INFO - Filling up the DagBag from /home/airflow/.local/lib/python3.6/site-packages/airflow/example_dags/example_kubernetes_executor.py
[2021-10-29 00:21:47,171] {processor.py:632} INFO - DAG(s) dict_keys(['example_kubernetes_executor']) retrieved from /home/airflow/.local/lib/python3.6/site-packages/airflow/example_dags/example_kubernetes_executor.py
[2021-10-29 00:21:47,798] {logging_mixin.py:109} INFO - [2021-10-29 00:21:47,797] {dag.py:2389} INFO - Sync 1 DAGs
[2021-10-29 00:21:48,965] {logging_mixin.py:109} INFO - [2021-10-29 00:21:48,964] {dag.py:2914} INFO - Setting next_dagrun for example_kubernetes_executor to None
[2021-10-29 00:21:49,363] {processor.py:171} INFO - Processing /home/airflow/.local/lib/python3.6/site-packages/airflow/example_dags/example_kubernetes_executor.py took 3.100 seconds
[2021-10-29 00:22:38,493] {processor.py:163} INFO - Started process (PID=601) to work on /home/airflow/.local/lib/python3.6/site-packages/airflow/example_dags/example_kubernetes_executor.py
[2021-10-29 00:22:38,531] {processor.py:620} INFO - Processing file /home/airflow/.local/lib/python3.6/site-packages/airflow/example_dags/example_kubernetes_executor.py for tasks to queue
[2021-10-29 00:22:38,541] {logging_mixin.py:109} INFO - [2021-10-29 00:22:38,541] {dagbag.py:500} INFO - Filling up the DagBag from /home/airflow/.local/lib/python3.6/site-packages/airflow/example_dags/example_kubernetes_executor.py
[2021-10-29 00:22:38,690] {processor.py:632} INFO - DAG(s) dict_keys(['example_kubernetes_executor']) retrieved from /home/airflow/.local/lib/python3.6/site-packages/airflow/example_dags/example_kubernetes_executor.py
[2021-10-29 00:22:38,754] {logging_mixin.py:109} INFO - [2021-10-29 00:22:38,754] {dag.py:2389} INFO - Sync 1 DAGs
[2021-10-29 00:22:38,824] {logging_mixin.py:109} INFO - [2021-10-29 00:22:38,824] {dag.py:2914} INFO - Setting next_dagrun for example_kubernetes_executor to None
[2021-10-29 00:22:38,890] {processor.py:171} INFO - Processing /home/airflow/.local/lib/python3.6/site-packages/airflow/example_dags/example_kubernetes_executor.py took 0.400 seconds
[2021-10-29 00:23:09,550] {processor.py:163} INFO - Started process (PID=656) to work on /home/airflow/.local/lib/python3.6/site-packages/airflow/example_dags/example_kubernetes_executor.py
[2021-10-29 00:23:09,559] {processor.py:620} INFO - Processing file /home/airflow/.local/lib/python3.6/site-packages/airflow/example_dags/example_kubernetes_executor.py for tasks to queue
[2021-10-29 00:23:09,560] {logging_mixin.py:109} INFO - [2021-10-29 00:23:09,560] {dagbag.py:500} INFO - Filling up the DagBag from /home/airflow/.local/lib/python3.6/site-packages/airflow/example_dags/example_kubernetes_executor.py
[2021-10-29 00:23:09,666] {processor.py:632} INFO - DAG(s) dict_keys(['example_kubernetes_executor']) retrieved from /home/airflow/.local/lib/python3.6/site-packages/airflow/example_dags/example_kubernetes_executor.py
[2021-10-29 00:23:09,698] {logging_mixin.py:109} INFO - [2021-10-29 00:23:09,698] {dag.py:2389} INFO - Sync 1 DAGs
[2021-10-29 00:23:09,756] {logging_mixin.py:109} INFO - [2021-10-29 00:23:09,756] {dag.py:2914} INFO - Setting next_dagrun for example_kubernetes_executor to None
[2021-10-29 00:23:09,790] {processor.py:171} INFO - Processing /home/airflow/.local/lib/python3.6/site-packages/airflow/example_dags/example_kubernetes_executor.py took 0.243 seconds
[2021-10-29 00:23:40,308] {processor.py:163} INFO - Started process (PID=710) to work on /home/airflow/.local/lib/python3.6/site-packages/airflow/example_dags/example_kubernetes_executor.py
[2021-10-29 00:23:40,326] {processor.py:620} INFO - Processing file /home/airflow/.local/lib/python3.6/site-packages/airflow/example_dags/example_kubernetes_executor.py for tasks to queue
[2021-10-29 00:23:40,328] {logging_mixin.py:109} INFO - [2021-10-29 00:23:40,328] {dagbag.py:500} INFO - Filling up the DagBag from /home/airflow/.local/lib/python3.6/site-packages/airflow/example_dags/example_kubernetes_executor.py
[2021-10-29 00:23:40,396] {processor.py:632} INFO - DAG(s) dict_keys(['example_kubernetes_executor']) retrieved from /home/airflow/.local/lib/python3.6/site-packages/airflow/example_dags/example_kubernetes_executor.py
[2021-10-29 00:23:40,432] {logging_mixin.py:109} INFO - [2021-10-29 00:23:40,432] {dag.py:2389} INFO - Sync 1 DAGs
[2021-10-29 00:23:40,457] {logging_mixin.py:109} INFO - [2021-10-29 00:23:40,457] {dag.py:2914} INFO - Setting next_dagrun for example_kubernetes_executor to None
[2021-10-29 00:23:40,478] {processor.py:171} INFO - Processing /home/airflow/.local/lib/python3.6/site-packages/airflow/example_dags/example_kubernetes_executor.py took 0.173 seconds
[2021-10-29 00:24:11,652] {processor.py:163} INFO - Started process (PID=764) to work on /home/airflow/.local/lib/python3.6/site-packages/airflow/example_dags/example_kubernetes_executor.py
[2021-10-29 00:24:11,671] {processor.py:620} INFO - Processing file /home/airflow/.local/lib/python3.6/site-packages/airflow/example_dags/example_kubernetes_executor.py for tasks to queue
[2021-10-29 00:24:11,674] {logging_mixin.py:109} INFO - [2021-10-29 00:24:11,674] {dagbag.py:500} INFO - Filling up the DagBag from /home/airflow/.local/lib/python3.6/site-packages/airflow/example_dags/example_kubernetes_executor.py
[2021-10-29 00:24:11,736] {processor.py:632} INFO - DAG(s) dict_keys(['example_kubernetes_executor']) retrieved from /home/airflow/.local/lib/python3.6/site-packages/airflow/example_dags/example_kubernetes_executor.py
[2021-10-29 00:24:11,759] {logging_mixin.py:109} INFO - [2021-10-29 00:24:11,759] {dag.py:2389} INFO - Sync 1 DAGs
[2021-10-29 00:24:11,800] {logging_mixin.py:109} INFO - [2021-10-29 00:24:11,800] {dag.py:2914} INFO - Setting next_dagrun for example_kubernetes_executor to None
[2021-10-29 00:24:11,830] {processor.py:171} INFO - Processing /home/airflow/.local/lib/python3.6/site-packages/airflow/example_dags/example_kubernetes_executor.py took 0.181 seconds
[2021-10-29 00:24:42,845] {processor.py:163} INFO - Started process (PID=818) to work on /home/airflow/.local/lib/python3.6/site-packages/airflow/example_dags/example_kubernetes_executor.py
[2021-10-29 00:24:42,871] {processor.py:620} INFO - Processing file /home/airflow/.local/lib/python3.6/site-packages/airflow/example_dags/example_kubernetes_executor.py for tasks to queue
[2021-10-29 00:24:42,872] {logging_mixin.py:109} INFO - [2021-10-29 00:24:42,872] {dagbag.py:500} INFO - Filling up the DagBag from /home/airflow/.local/lib/python3.6/site-packages/airflow/example_dags/example_kubernetes_executor.py
[2021-10-29 00:24:42,921] {processor.py:632} INFO - DAG(s) dict_keys(['example_kubernetes_executor']) retrieved from /home/airflow/.local/lib/python3.6/site-packages/airflow/example_dags/example_kubernetes_executor.py
[2021-10-29 00:24:42,935] {logging_mixin.py:109} INFO - [2021-10-29 00:24:42,935] {dag.py:2389} INFO - Sync 1 DAGs
[2021-10-29 00:24:42,979] {logging_mixin.py:109} INFO - [2021-10-29 00:24:42,979] {dag.py:2914} INFO - Setting next_dagrun for example_kubernetes_executor to None
[2021-10-29 00:24:42,992] {processor.py:171} INFO - Processing /home/airflow/.local/lib/python3.6/site-packages/airflow/example_dags/example_kubernetes_executor.py took 0.150 seconds
[2021-10-29 00:25:13,872] {processor.py:163} INFO - Started process (PID=872) to work on /home/airflow/.local/lib/python3.6/site-packages/airflow/example_dags/example_kubernetes_executor.py
[2021-10-29 00:25:13,893] {processor.py:620} INFO - Processing file /home/airflow/.local/lib/python3.6/site-packages/airflow/example_dags/example_kubernetes_executor.py for tasks to queue
[2021-10-29 00:25:13,894] {logging_mixin.py:109} INFO - [2021-10-29 00:25:13,894] {dagbag.py:500} INFO - Filling up the DagBag from /home/airflow/.local/lib/python3.6/site-packages/airflow/example_dags/example_kubernetes_executor.py
[2021-10-29 00:25:14,029] {processor.py:632} INFO - DAG(s) dict_keys(['example_kubernetes_executor']) retrieved from /home/airflow/.local/lib/python3.6/site-packages/airflow/example_dags/example_kubernetes_executor.py
[2021-10-29 00:25:14,080] {logging_mixin.py:109} INFO - [2021-10-29 00:25:14,079] {dag.py:2389} INFO - Sync 1 DAGs
[2021-10-29 00:25:14,125] {logging_mixin.py:109} INFO - [2021-10-29 00:25:14,125] {dag.py:2914} INFO - Setting next_dagrun for example_kubernetes_executor to None
[2021-10-29 00:25:14,161] {processor.py:171} INFO - Processing /home/airflow/.local/lib/python3.6/site-packages/airflow/example_dags/example_kubernetes_executor.py took 0.292 seconds
[2021-10-29 00:25:44,802] {processor.py:163} INFO - Started process (PID=926) to work on /home/airflow/.local/lib/python3.6/site-packages/airflow/example_dags/example_kubernetes_executor.py
[2021-10-29 00:25:44,811] {processor.py:620} INFO - Processing file /home/airflow/.local/lib/python3.6/site-packages/airflow/example_dags/example_kubernetes_executor.py for tasks to queue
[2021-10-29 00:25:44,816] {logging_mixin.py:109} INFO - [2021-10-29 00:25:44,816] {dagbag.py:500} INFO - Filling up the DagBag from /home/airflow/.local/lib/python3.6/site-packages/airflow/example_dags/example_kubernetes_executor.py
[2021-10-29 00:25:44,876] {processor.py:632} INFO - DAG(s) dict_keys(['example_kubernetes_executor']) retrieved from /home/airflow/.local/lib/python3.6/site-packages/airflow/example_dags/example_kubernetes_executor.py
[2021-10-29 00:25:44,894] {logging_mixin.py:109} INFO - [2021-10-29 00:25:44,894] {dag.py:2389} INFO - Sync 1 DAGs
[2021-10-29 00:25:44,930] {logging_mixin.py:109} INFO - [2021-10-29 00:25:44,929] {dag.py:2914} INFO - Setting next_dagrun for example_kubernetes_executor to None
[2021-10-29 00:25:44,950] {processor.py:171} INFO - Processing /home/airflow/.local/lib/python3.6/site-packages/airflow/example_dags/example_kubernetes_executor.py took 0.151 seconds
[2021-10-29 00:26:15,728] {processor.py:163} INFO - Started process (PID=980) to work on /home/airflow/.local/lib/python3.6/site-packages/airflow/example_dags/example_kubernetes_executor.py
[2021-10-29 00:26:15,737] {processor.py:620} INFO - Processing file /home/airflow/.local/lib/python3.6/site-packages/airflow/example_dags/example_kubernetes_executor.py for tasks to queue
[2021-10-29 00:26:15,739] {logging_mixin.py:109} INFO - [2021-10-29 00:26:15,739] {dagbag.py:500} INFO - Filling up the DagBag from /home/airflow/.local/lib/python3.6/site-packages/airflow/example_dags/example_kubernetes_executor.py
[2021-10-29 00:26:15,793] {processor.py:632} INFO - DAG(s) dict_keys(['example_kubernetes_executor']) retrieved from /home/airflow/.local/lib/python3.6/site-packages/airflow/example_dags/example_kubernetes_executor.py
[2021-10-29 00:26:15,819] {logging_mixin.py:109} INFO - [2021-10-29 00:26:15,819] {dag.py:2389} INFO - Sync 1 DAGs
[2021-10-29 00:26:15,851] {logging_mixin.py:109} INFO - [2021-10-29 00:26:15,851] {dag.py:2914} INFO - Setting next_dagrun for example_kubernetes_executor to None
[2021-10-29 00:26:15,864] {processor.py:171} INFO - Processing /home/airflow/.local/lib/python3.6/site-packages/airflow/example_dags/example_kubernetes_executor.py took 0.157 seconds
[2021-10-29 00:26:47,507] {processor.py:163} INFO - Started process (PID=1036) to work on /home/airflow/.local/lib/python3.6/site-packages/airflow/example_dags/example_kubernetes_executor.py
[2021-10-29 00:26:47,521] {processor.py:620} INFO - Processing file /home/airflow/.local/lib/python3.6/site-packages/airflow/example_dags/example_kubernetes_executor.py for tasks to queue
[2021-10-29 00:26:47,523] {logging_mixin.py:109} INFO - [2021-10-29 00:26:47,523] {dagbag.py:500} INFO - Filling up the DagBag from /home/airflow/.local/lib/python3.6/site-packages/airflow/example_dags/example_kubernetes_executor.py
[2021-10-29 00:26:47,571] {processor.py:632} INFO - DAG(s) dict_keys(['example_kubernetes_executor']) retrieved from /home/airflow/.local/lib/python3.6/site-packages/airflow/example_dags/example_kubernetes_executor.py
[2021-10-29 00:26:47,594] {logging_mixin.py:109} INFO - [2021-10-29 00:26:47,594] {dag.py:2389} INFO - Sync 1 DAGs
[2021-10-29 00:26:47,634] {logging_mixin.py:109} INFO - [2021-10-29 00:26:47,634] {dag.py:2914} INFO - Setting next_dagrun for example_kubernetes_executor to None
[2021-10-29 00:26:47,675] {processor.py:171} INFO - Processing /home/airflow/.local/lib/python3.6/site-packages/airflow/example_dags/example_kubernetes_executor.py took 0.171 seconds
[2021-10-29 00:27:18,630] {processor.py:163} INFO - Started process (PID=1089) to work on /home/airflow/.local/lib/python3.6/site-packages/airflow/example_dags/example_kubernetes_executor.py
[2021-10-29 00:27:18,652] {processor.py:620} INFO - Processing file /home/airflow/.local/lib/python3.6/site-packages/airflow/example_dags/example_kubernetes_executor.py for tasks to queue
[2021-10-29 00:27:18,653] {logging_mixin.py:109} INFO - [2021-10-29 00:27:18,653] {dagbag.py:500} INFO - Filling up the DagBag from /home/airflow/.local/lib/python3.6/site-packages/airflow/example_dags/example_kubernetes_executor.py
[2021-10-29 00:27:18,707] {processor.py:632} INFO - DAG(s) dict_keys(['example_kubernetes_executor']) retrieved from /home/airflow/.local/lib/python3.6/site-packages/airflow/example_dags/example_kubernetes_executor.py
[2021-10-29 00:27:18,734] {logging_mixin.py:109} INFO - [2021-10-29 00:27:18,734] {dag.py:2389} INFO - Sync 1 DAGs
[2021-10-29 00:27:18,776] {logging_mixin.py:109} INFO - [2021-10-29 00:27:18,765] {dag.py:2914} INFO - Setting next_dagrun for example_kubernetes_executor to None
[2021-10-29 00:27:18,793] {processor.py:171} INFO - Processing /home/airflow/.local/lib/python3.6/site-packages/airflow/example_dags/example_kubernetes_executor.py took 0.166 seconds
[2021-10-29 00:27:50,039] {processor.py:163} INFO - Started process (PID=1146) to work on /home/airflow/.local/lib/python3.6/site-packages/airflow/example_dags/example_kubernetes_executor.py
[2021-10-29 00:27:50,043] {processor.py:620} INFO - Processing file /home/airflow/.local/lib/python3.6/site-packages/airflow/example_dags/example_kubernetes_executor.py for tasks to queue
[2021-10-29 00:27:50,044] {logging_mixin.py:109} INFO - [2021-10-29 00:27:50,044] {dagbag.py:500} INFO - Filling up the DagBag from /home/airflow/.local/lib/python3.6/site-packages/airflow/example_dags/example_kubernetes_executor.py
[2021-10-29 00:27:50,109] {processor.py:632} INFO - DAG(s) dict_keys(['example_kubernetes_executor']) retrieved from /home/airflow/.local/lib/python3.6/site-packages/airflow/example_dags/example_kubernetes_executor.py
[2021-10-29 00:27:50,176] {logging_mixin.py:109} INFO - [2021-10-29 00:27:50,176] {dag.py:2389} INFO - Sync 1 DAGs
[2021-10-29 00:27:50,274] {logging_mixin.py:109} INFO - [2021-10-29 00:27:50,274] {dag.py:2914} INFO - Setting next_dagrun for example_kubernetes_executor to None
[2021-10-29 00:27:50,301] {processor.py:171} INFO - Processing /home/airflow/.local/lib/python3.6/site-packages/airflow/example_dags/example_kubernetes_executor.py took 0.274 seconds
[2021-10-29 00:28:21,374] {processor.py:163} INFO - Started process (PID=1199) to work on /home/airflow/.local/lib/python3.6/site-packages/airflow/example_dags/example_kubernetes_executor.py
[2021-10-29 00:28:21,381] {processor.py:620} INFO - Processing file /home/airflow/.local/lib/python3.6/site-packages/airflow/example_dags/example_kubernetes_executor.py for tasks to queue
[2021-10-29 00:28:21,384] {logging_mixin.py:109} INFO - [2021-10-29 00:28:21,384] {dagbag.py:500} INFO - Filling up the DagBag from /home/airflow/.local/lib/python3.6/site-packages/airflow/example_dags/example_kubernetes_executor.py
[2021-10-29 00:28:21,440] {processor.py:632} INFO - DAG(s) dict_keys(['example_kubernetes_executor']) retrieved from /home/airflow/.local/lib/python3.6/site-packages/airflow/example_dags/example_kubernetes_executor.py
[2021-10-29 00:28:21,458] {logging_mixin.py:109} INFO - [2021-10-29 00:28:21,458] {dag.py:2389} INFO - Sync 1 DAGs
[2021-10-29 00:28:21,501] {logging_mixin.py:109} INFO - [2021-10-29 00:28:21,501] {dag.py:2914} INFO - Setting next_dagrun for example_kubernetes_executor to None
[2021-10-29 00:28:21,526] {processor.py:171} INFO - Processing /home/airflow/.local/lib/python3.6/site-packages/airflow/example_dags/example_kubernetes_executor.py took 0.165 seconds
[2021-10-29 00:28:52,427] {processor.py:163} INFO - Started process (PID=1252) to work on /home/airflow/.local/lib/python3.6/site-packages/airflow/example_dags/example_kubernetes_executor.py
[2021-10-29 00:28:52,445] {processor.py:620} INFO - Processing file /home/airflow/.local/lib/python3.6/site-packages/airflow/example_dags/example_kubernetes_executor.py for tasks to queue
[2021-10-29 00:28:52,446] {logging_mixin.py:109} INFO - [2021-10-29 00:28:52,446] {dagbag.py:500} INFO - Filling up the DagBag from /home/airflow/.local/lib/python3.6/site-packages/airflow/example_dags/example_kubernetes_executor.py
[2021-10-29 00:28:52,496] {processor.py:632} INFO - DAG(s) dict_keys(['example_kubernetes_executor']) retrieved from /home/airflow/.local/lib/python3.6/site-packages/airflow/example_dags/example_kubernetes_executor.py
[2021-10-29 00:28:52,528] {logging_mixin.py:109} INFO - [2021-10-29 00:28:52,528] {dag.py:2389} INFO - Sync 1 DAGs
[2021-10-29 00:28:52,569] {logging_mixin.py:109} INFO - [2021-10-29 00:28:52,568] {dag.py:2914} INFO - Setting next_dagrun for example_kubernetes_executor to None
[2021-10-29 00:28:52,583] {processor.py:171} INFO - Processing /home/airflow/.local/lib/python3.6/site-packages/airflow/example_dags/example_kubernetes_executor.py took 0.159 seconds
[2021-10-29 00:29:24,169] {processor.py:163} INFO - Started process (PID=1306) to work on /home/airflow/.local/lib/python3.6/site-packages/airflow/example_dags/example_kubernetes_executor.py
[2021-10-29 00:29:24,176] {processor.py:620} INFO - Processing file /home/airflow/.local/lib/python3.6/site-packages/airflow/example_dags/example_kubernetes_executor.py for tasks to queue
[2021-10-29 00:29:24,178] {logging_mixin.py:109} INFO - [2021-10-29 00:29:24,178] {dagbag.py:500} INFO - Filling up the DagBag from /home/airflow/.local/lib/python3.6/site-packages/airflow/example_dags/example_kubernetes_executor.py
[2021-10-29 00:29:24,229] {processor.py:632} INFO - DAG(s) dict_keys(['example_kubernetes_executor']) retrieved from /home/airflow/.local/lib/python3.6/site-packages/airflow/example_dags/example_kubernetes_executor.py
[2021-10-29 00:29:24,249] {logging_mixin.py:109} INFO - [2021-10-29 00:29:24,249] {dag.py:2389} INFO - Sync 1 DAGs
[2021-10-29 00:29:24,280] {logging_mixin.py:109} INFO - [2021-10-29 00:29:24,280] {dag.py:2914} INFO - Setting next_dagrun for example_kubernetes_executor to None
[2021-10-29 00:29:24,297] {processor.py:171} INFO - Processing /home/airflow/.local/lib/python3.6/site-packages/airflow/example_dags/example_kubernetes_executor.py took 0.131 seconds
[2021-10-29 00:29:55,212] {processor.py:163} INFO - Started process (PID=1360) to work on /home/airflow/.local/lib/python3.6/site-packages/airflow/example_dags/example_kubernetes_executor.py
[2021-10-29 00:29:55,230] {processor.py:620} INFO - Processing file /home/airflow/.local/lib/python3.6/site-packages/airflow/example_dags/example_kubernetes_executor.py for tasks to queue
[2021-10-29 00:29:55,232] {logging_mixin.py:109} INFO - [2021-10-29 00:29:55,232] {dagbag.py:500} INFO - Filling up the DagBag from /home/airflow/.local/lib/python3.6/site-packages/airflow/example_dags/example_kubernetes_executor.py
[2021-10-29 00:29:55,279] {processor.py:632} INFO - DAG(s) dict_keys(['example_kubernetes_executor']) retrieved from /home/airflow/.local/lib/python3.6/site-packages/airflow/example_dags/example_kubernetes_executor.py
[2021-10-29 00:29:55,303] {logging_mixin.py:109} INFO - [2021-10-29 00:29:55,303] {dag.py:2389} INFO - Sync 1 DAGs
[2021-10-29 00:29:55,351] {logging_mixin.py:109} INFO - [2021-10-29 00:29:55,351] {dag.py:2914} INFO - Setting next_dagrun for example_kubernetes_executor to None
[2021-10-29 00:29:55,388] {processor.py:171} INFO - Processing /home/airflow/.local/lib/python3.6/site-packages/airflow/example_dags/example_kubernetes_executor.py took 0.179 seconds
[2021-10-29 00:30:25,978] {processor.py:163} INFO - Started process (PID=1414) to work on /home/airflow/.local/lib/python3.6/site-packages/airflow/example_dags/example_kubernetes_executor.py
[2021-10-29 00:30:25,992] {processor.py:620} INFO - Processing file /home/airflow/.local/lib/python3.6/site-packages/airflow/example_dags/example_kubernetes_executor.py for tasks to queue
[2021-10-29 00:30:25,997] {logging_mixin.py:109} INFO - [2021-10-29 00:30:25,997] {dagbag.py:500} INFO - Filling up the DagBag from /home/airflow/.local/lib/python3.6/site-packages/airflow/example_dags/example_kubernetes_executor.py
[2021-10-29 00:30:26,055] {processor.py:632} INFO - DAG(s) dict_keys(['example_kubernetes_executor']) retrieved from /home/airflow/.local/lib/python3.6/site-packages/airflow/example_dags/example_kubernetes_executor.py
[2021-10-29 00:30:26,082] {logging_mixin.py:109} INFO - [2021-10-29 00:30:26,082] {dag.py:2389} INFO - Sync 1 DAGs
[2021-10-29 00:30:26,138] {logging_mixin.py:109} INFO - [2021-10-29 00:30:26,138] {dag.py:2914} INFO - Setting next_dagrun for example_kubernetes_executor to None
[2021-10-29 00:30:26,152] {processor.py:171} INFO - Processing /home/airflow/.local/lib/python3.6/site-packages/airflow/example_dags/example_kubernetes_executor.py took 0.180 seconds
[2021-10-29 00:30:57,503] {processor.py:163} INFO - Started process (PID=1469) to work on /home/airflow/.local/lib/python3.6/site-packages/airflow/example_dags/example_kubernetes_executor.py
[2021-10-29 00:30:57,520] {processor.py:620} INFO - Processing file /home/airflow/.local/lib/python3.6/site-packages/airflow/example_dags/example_kubernetes_executor.py for tasks to queue
[2021-10-29 00:30:57,521] {logging_mixin.py:109} INFO - [2021-10-29 00:30:57,521] {dagbag.py:500} INFO - Filling up the DagBag from /home/airflow/.local/lib/python3.6/site-packages/airflow/example_dags/example_kubernetes_executor.py
[2021-10-29 00:30:57,577] {processor.py:632} INFO - DAG(s) dict_keys(['example_kubernetes_executor']) retrieved from /home/airflow/.local/lib/python3.6/site-packages/airflow/example_dags/example_kubernetes_executor.py
[2021-10-29 00:30:57,594] {logging_mixin.py:109} INFO - [2021-10-29 00:30:57,594] {dag.py:2389} INFO - Sync 1 DAGs
[2021-10-29 00:30:57,640] {logging_mixin.py:109} INFO - [2021-10-29 00:30:57,640] {dag.py:2914} INFO - Setting next_dagrun for example_kubernetes_executor to None
[2021-10-29 00:30:57,667] {processor.py:171} INFO - Processing /home/airflow/.local/lib/python3.6/site-packages/airflow/example_dags/example_kubernetes_executor.py took 0.167 seconds
[2021-10-29 00:31:28,937] {processor.py:163} INFO - Started process (PID=1522) to work on /home/airflow/.local/lib/python3.6/site-packages/airflow/example_dags/example_kubernetes_executor.py
[2021-10-29 00:31:28,954] {processor.py:620} INFO - Processing file /home/airflow/.local/lib/python3.6/site-packages/airflow/example_dags/example_kubernetes_executor.py for tasks to queue
[2021-10-29 00:31:28,956] {logging_mixin.py:109} INFO - [2021-10-29 00:31:28,956] {dagbag.py:500} INFO - Filling up the DagBag from /home/airflow/.local/lib/python3.6/site-packages/airflow/example_dags/example_kubernetes_executor.py
[2021-10-29 00:31:29,084] {processor.py:632} INFO - DAG(s) dict_keys(['example_kubernetes_executor']) retrieved from /home/airflow/.local/lib/python3.6/site-packages/airflow/example_dags/example_kubernetes_executor.py
[2021-10-29 00:31:29,120] {logging_mixin.py:109} INFO - [2021-10-29 00:31:29,119] {dag.py:2389} INFO - Sync 1 DAGs
[2021-10-29 00:31:29,225] {logging_mixin.py:109} INFO - [2021-10-29 00:31:29,225] {dag.py:2914} INFO - Setting next_dagrun for example_kubernetes_executor to None
[2021-10-29 00:31:29,260] {processor.py:171} INFO - Processing /home/airflow/.local/lib/python3.6/site-packages/airflow/example_dags/example_kubernetes_executor.py took 0.340 seconds
[2021-10-29 00:32:01,298] {processor.py:163} INFO - Started process (PID=1578) to work on /home/airflow/.local/lib/python3.6/site-packages/airflow/example_dags/example_kubernetes_executor.py
[2021-10-29 00:32:01,326] {processor.py:620} INFO - Processing file /home/airflow/.local/lib/python3.6/site-packages/airflow/example_dags/example_kubernetes_executor.py for tasks to queue
[2021-10-29 00:32:01,328] {logging_mixin.py:109} INFO - [2021-10-29 00:32:01,328] {dagbag.py:500} INFO - Filling up the DagBag from /home/airflow/.local/lib/python3.6/site-packages/airflow/example_dags/example_kubernetes_executor.py
[2021-10-29 00:32:01,458] {processor.py:632} INFO - DAG(s) dict_keys(['example_kubernetes_executor']) retrieved from /home/airflow/.local/lib/python3.6/site-packages/airflow/example_dags/example_kubernetes_executor.py
[2021-10-29 00:32:01,512] {logging_mixin.py:109} INFO - [2021-10-29 00:32:01,512] {dag.py:2389} INFO - Sync 1 DAGs
[2021-10-29 00:32:01,603] {logging_mixin.py:109} INFO - [2021-10-29 00:32:01,603] {dag.py:2914} INFO - Setting next_dagrun for example_kubernetes_executor to None
[2021-10-29 00:32:01,631] {processor.py:171} INFO - Processing /home/airflow/.local/lib/python3.6/site-packages/airflow/example_dags/example_kubernetes_executor.py took 0.336 seconds
[2021-10-29 00:32:33,386] {processor.py:163} INFO - Started process (PID=1631) to work on /home/airflow/.local/lib/python3.6/site-packages/airflow/example_dags/example_kubernetes_executor.py
[2021-10-29 00:32:33,401] {processor.py:620} INFO - Processing file /home/airflow/.local/lib/python3.6/site-packages/airflow/example_dags/example_kubernetes_executor.py for tasks to queue
[2021-10-29 00:32:33,403] {logging_mixin.py:109} INFO - [2021-10-29 00:32:33,403] {dagbag.py:500} INFO - Filling up the DagBag from /home/airflow/.local/lib/python3.6/site-packages/airflow/example_dags/example_kubernetes_executor.py
[2021-10-29 00:32:33,487] {processor.py:632} INFO - DAG(s) dict_keys(['example_kubernetes_executor']) retrieved from /home/airflow/.local/lib/python3.6/site-packages/airflow/example_dags/example_kubernetes_executor.py
[2021-10-29 00:32:33,508] {logging_mixin.py:109} INFO - [2021-10-29 00:32:33,508] {dag.py:2389} INFO - Sync 1 DAGs
[2021-10-29 00:32:33,541] {logging_mixin.py:109} INFO - [2021-10-29 00:32:33,541] {dag.py:2914} INFO - Setting next_dagrun for example_kubernetes_executor to None
[2021-10-29 00:32:33,571] {processor.py:171} INFO - Processing /home/airflow/.local/lib/python3.6/site-packages/airflow/example_dags/example_kubernetes_executor.py took 0.188 seconds
[2021-10-29 00:33:05,711] {processor.py:163} INFO - Started process (PID=1686) to work on /home/airflow/.local/lib/python3.6/site-packages/airflow/example_dags/example_kubernetes_executor.py
[2021-10-29 00:33:05,810] {processor.py:620} INFO - Processing file /home/airflow/.local/lib/python3.6/site-packages/airflow/example_dags/example_kubernetes_executor.py for tasks to queue
[2021-10-29 00:33:05,810] {logging_mixin.py:109} INFO - [2021-10-29 00:33:05,810] {dagbag.py:500} INFO - Filling up the DagBag from /home/airflow/.local/lib/python3.6/site-packages/airflow/example_dags/example_kubernetes_executor.py
[2021-10-29 00:33:06,189] {processor.py:632} INFO - DAG(s) dict_keys(['example_kubernetes_executor']) retrieved from /home/airflow/.local/lib/python3.6/site-packages/airflow/example_dags/example_kubernetes_executor.py
[2021-10-29 00:33:06,339] {logging_mixin.py:109} INFO - [2021-10-29 00:33:06,339] {dag.py:2389} INFO - Sync 1 DAGs
[2021-10-29 00:33:06,496] {logging_mixin.py:109} INFO - [2021-10-29 00:33:06,496] {dag.py:2914} INFO - Setting next_dagrun for example_kubernetes_executor to None
[2021-10-29 00:33:06,560] {processor.py:171} INFO - Processing /home/airflow/.local/lib/python3.6/site-packages/airflow/example_dags/example_kubernetes_executor.py took 0.852 seconds
[2021-10-29 00:33:37,353] {processor.py:163} INFO - Started process (PID=1729) to work on /home/airflow/.local/lib/python3.6/site-packages/airflow/example_dags/example_kubernetes_executor.py
[2021-10-29 00:33:37,357] {processor.py:620} INFO - Processing file /home/airflow/.local/lib/python3.6/site-packages/airflow/example_dags/example_kubernetes_executor.py for tasks to queue
[2021-10-29 00:33:37,358] {logging_mixin.py:109} INFO - [2021-10-29 00:33:37,358] {dagbag.py:500} INFO - Filling up the DagBag from /home/airflow/.local/lib/python3.6/site-packages/airflow/example_dags/example_kubernetes_executor.py
[2021-10-29 00:33:37,427] {processor.py:632} INFO - DAG(s) dict_keys(['example_kubernetes_executor']) retrieved from /home/airflow/.local/lib/python3.6/site-packages/airflow/example_dags/example_kubernetes_executor.py
[2021-10-29 00:33:37,446] {logging_mixin.py:109} INFO - [2021-10-29 00:33:37,446] {dag.py:2389} INFO - Sync 1 DAGs
[2021-10-29 00:33:37,469] {logging_mixin.py:109} INFO - [2021-10-29 00:33:37,469] {dag.py:2914} INFO - Setting next_dagrun for example_kubernetes_executor to None
[2021-10-29 00:33:37,486] {processor.py:171} INFO - Processing /home/airflow/.local/lib/python3.6/site-packages/airflow/example_dags/example_kubernetes_executor.py took 0.136 seconds
[2021-10-29 00:34:07,664] {processor.py:163} INFO - Started process (PID=1783) to work on /home/airflow/.local/lib/python3.6/site-packages/airflow/example_dags/example_kubernetes_executor.py
[2021-10-29 00:34:07,678] {processor.py:620} INFO - Processing file /home/airflow/.local/lib/python3.6/site-packages/airflow/example_dags/example_kubernetes_executor.py for tasks to queue
[2021-10-29 00:34:07,679] {logging_mixin.py:109} INFO - [2021-10-29 00:34:07,679] {dagbag.py:500} INFO - Filling up the DagBag from /home/airflow/.local/lib/python3.6/site-packages/airflow/example_dags/example_kubernetes_executor.py
[2021-10-29 00:34:07,731] {processor.py:632} INFO - DAG(s) dict_keys(['example_kubernetes_executor']) retrieved from /home/airflow/.local/lib/python3.6/site-packages/airflow/example_dags/example_kubernetes_executor.py
[2021-10-29 00:34:07,751] {logging_mixin.py:109} INFO - [2021-10-29 00:34:07,751] {dag.py:2389} INFO - Sync 1 DAGs
[2021-10-29 00:34:07,778] {logging_mixin.py:109} INFO - [2021-10-29 00:34:07,778] {dag.py:2914} INFO - Setting next_dagrun for example_kubernetes_executor to None
[2021-10-29 00:34:07,800] {processor.py:171} INFO - Processing /home/airflow/.local/lib/python3.6/site-packages/airflow/example_dags/example_kubernetes_executor.py took 0.139 seconds
[2021-10-29 00:34:39,222] {processor.py:163} INFO - Started process (PID=1846) to work on /home/airflow/.local/lib/python3.6/site-packages/airflow/example_dags/example_kubernetes_executor.py
[2021-10-29 00:34:39,264] {processor.py:620} INFO - Processing file /home/airflow/.local/lib/python3.6/site-packages/airflow/example_dags/example_kubernetes_executor.py for tasks to queue
[2021-10-29 00:34:39,266] {logging_mixin.py:109} INFO - [2021-10-29 00:34:39,266] {dagbag.py:500} INFO - Filling up the DagBag from /home/airflow/.local/lib/python3.6/site-packages/airflow/example_dags/example_kubernetes_executor.py
[2021-10-29 00:34:39,415] {processor.py:632} INFO - DAG(s) dict_keys(['example_kubernetes_executor']) retrieved from /home/airflow/.local/lib/python3.6/site-packages/airflow/example_dags/example_kubernetes_executor.py
[2021-10-29 00:34:39,497] {logging_mixin.py:109} INFO - [2021-10-29 00:34:39,497] {dag.py:2389} INFO - Sync 1 DAGs
[2021-10-29 00:34:39,617] {logging_mixin.py:109} INFO - [2021-10-29 00:34:39,617] {dag.py:2914} INFO - Setting next_dagrun for example_kubernetes_executor to None
[2021-10-29 00:34:39,690] {processor.py:171} INFO - Processing /home/airflow/.local/lib/python3.6/site-packages/airflow/example_dags/example_kubernetes_executor.py took 0.471 seconds
[2021-10-29 00:35:10,626] {processor.py:163} INFO - Started process (PID=1900) to work on /home/airflow/.local/lib/python3.6/site-packages/airflow/example_dags/example_kubernetes_executor.py
[2021-10-29 00:35:10,653] {processor.py:620} INFO - Processing file /home/airflow/.local/lib/python3.6/site-packages/airflow/example_dags/example_kubernetes_executor.py for tasks to queue
[2021-10-29 00:35:10,654] {logging_mixin.py:109} INFO - [2021-10-29 00:35:10,654] {dagbag.py:500} INFO - Filling up the DagBag from /home/airflow/.local/lib/python3.6/site-packages/airflow/example_dags/example_kubernetes_executor.py
[2021-10-29 00:35:10,720] {processor.py:632} INFO - DAG(s) dict_keys(['example_kubernetes_executor']) retrieved from /home/airflow/.local/lib/python3.6/site-packages/airflow/example_dags/example_kubernetes_executor.py
[2021-10-29 00:35:10,764] {logging_mixin.py:109} INFO - [2021-10-29 00:35:10,764] {dag.py:2389} INFO - Sync 1 DAGs
[2021-10-29 00:35:10,813] {logging_mixin.py:109} INFO - [2021-10-29 00:35:10,813] {dag.py:2914} INFO - Setting next_dagrun for example_kubernetes_executor to None
[2021-10-29 00:35:10,836] {processor.py:171} INFO - Processing /home/airflow/.local/lib/python3.6/site-packages/airflow/example_dags/example_kubernetes_executor.py took 0.213 seconds
[2021-10-29 00:35:41,055] {processor.py:163} INFO - Started process (PID=1943) to work on /home/airflow/.local/lib/python3.6/site-packages/airflow/example_dags/example_kubernetes_executor.py
[2021-10-29 00:35:41,084] {processor.py:620} INFO - Processing file /home/airflow/.local/lib/python3.6/site-packages/airflow/example_dags/example_kubernetes_executor.py for tasks to queue
[2021-10-29 00:35:41,085] {logging_mixin.py:109} INFO - [2021-10-29 00:35:41,085] {dagbag.py:500} INFO - Filling up the DagBag from /home/airflow/.local/lib/python3.6/site-packages/airflow/example_dags/example_kubernetes_executor.py
[2021-10-29 00:35:41,209] {processor.py:632} INFO - DAG(s) dict_keys(['example_kubernetes_executor']) retrieved from /home/airflow/.local/lib/python3.6/site-packages/airflow/example_dags/example_kubernetes_executor.py
[2021-10-29 00:35:41,294] {logging_mixin.py:109} INFO - [2021-10-29 00:35:41,291] {dag.py:2389} INFO - Sync 1 DAGs
[2021-10-29 00:35:41,375] {logging_mixin.py:109} INFO - [2021-10-29 00:35:41,375] {dag.py:2914} INFO - Setting next_dagrun for example_kubernetes_executor to None
[2021-10-29 00:35:41,397] {processor.py:171} INFO - Processing /home/airflow/.local/lib/python3.6/site-packages/airflow/example_dags/example_kubernetes_executor.py took 0.344 seconds
[2021-10-29 00:38:51,403] {processor.py:163} INFO - Started process (PID=121) to work on /home/airflow/.local/lib/python3.6/site-packages/airflow/example_dags/example_kubernetes_executor.py
[2021-10-29 00:38:51,604] {processor.py:620} INFO - Processing file /home/airflow/.local/lib/python3.6/site-packages/airflow/example_dags/example_kubernetes_executor.py for tasks to queue
[2021-10-29 00:38:51,604] {logging_mixin.py:109} INFO - [2021-10-29 00:38:51,604] {dagbag.py:500} INFO - Filling up the DagBag from /home/airflow/.local/lib/python3.6/site-packages/airflow/example_dags/example_kubernetes_executor.py
[2021-10-29 00:38:52,447] {processor.py:632} INFO - DAG(s) dict_keys(['example_kubernetes_executor']) retrieved from /home/airflow/.local/lib/python3.6/site-packages/airflow/example_dags/example_kubernetes_executor.py
[2021-10-29 00:38:52,764] {logging_mixin.py:109} INFO - [2021-10-29 00:38:52,764] {dag.py:2389} INFO - Sync 1 DAGs
[2021-10-29 00:38:53,117] {logging_mixin.py:109} INFO - [2021-10-29 00:38:53,117] {dag.py:2914} INFO - Setting next_dagrun for example_kubernetes_executor to None
[2021-10-29 00:38:53,284] {processor.py:171} INFO - Processing /home/airflow/.local/lib/python3.6/site-packages/airflow/example_dags/example_kubernetes_executor.py took 1.884 seconds
[2021-10-29 00:39:32,429] {processor.py:163} INFO - Started process (PID=176) to work on /home/airflow/.local/lib/python3.6/site-packages/airflow/example_dags/example_kubernetes_executor.py
[2021-10-29 00:39:32,542] {processor.py:620} INFO - Processing file /home/airflow/.local/lib/python3.6/site-packages/airflow/example_dags/example_kubernetes_executor.py for tasks to queue
[2021-10-29 00:39:32,543] {logging_mixin.py:109} INFO - [2021-10-29 00:39:32,543] {dagbag.py:500} INFO - Filling up the DagBag from /home/airflow/.local/lib/python3.6/site-packages/airflow/example_dags/example_kubernetes_executor.py
[2021-10-29 00:39:32,779] {processor.py:632} INFO - DAG(s) dict_keys(['example_kubernetes_executor']) retrieved from /home/airflow/.local/lib/python3.6/site-packages/airflow/example_dags/example_kubernetes_executor.py
[2021-10-29 00:39:32,850] {logging_mixin.py:109} INFO - [2021-10-29 00:39:32,850] {dag.py:2389} INFO - Sync 1 DAGs
[2021-10-29 00:39:32,979] {logging_mixin.py:109} INFO - [2021-10-29 00:39:32,979] {dag.py:2914} INFO - Setting next_dagrun for example_kubernetes_executor to None
[2021-10-29 00:39:33,022] {processor.py:171} INFO - Processing /home/airflow/.local/lib/python3.6/site-packages/airflow/example_dags/example_kubernetes_executor.py took 0.597 seconds
[2021-10-29 00:40:04,880] {processor.py:163} INFO - Started process (PID=227) to work on /home/airflow/.local/lib/python3.6/site-packages/airflow/example_dags/example_kubernetes_executor.py
[2021-10-29 00:40:04,886] {processor.py:620} INFO - Processing file /home/airflow/.local/lib/python3.6/site-packages/airflow/example_dags/example_kubernetes_executor.py for tasks to queue
[2021-10-29 00:40:04,887] {logging_mixin.py:109} INFO - [2021-10-29 00:40:04,887] {dagbag.py:500} INFO - Filling up the DagBag from /home/airflow/.local/lib/python3.6/site-packages/airflow/example_dags/example_kubernetes_executor.py
[2021-10-29 00:40:05,438] {processor.py:632} INFO - DAG(s) dict_keys(['example_kubernetes_executor']) retrieved from /home/airflow/.local/lib/python3.6/site-packages/airflow/example_dags/example_kubernetes_executor.py
[2021-10-29 00:40:05,595] {logging_mixin.py:109} INFO - [2021-10-29 00:40:05,594] {dag.py:2389} INFO - Sync 1 DAGs
[2021-10-29 00:40:05,882] {logging_mixin.py:109} INFO - [2021-10-29 00:40:05,882] {dag.py:2914} INFO - Setting next_dagrun for example_kubernetes_executor to None
[2021-10-29 00:40:06,028] {processor.py:171} INFO - Processing /home/airflow/.local/lib/python3.6/site-packages/airflow/example_dags/example_kubernetes_executor.py took 1.151 seconds
[2021-10-29 00:40:38,506] {processor.py:163} INFO - Started process (PID=273) to work on /home/airflow/.local/lib/python3.6/site-packages/airflow/example_dags/example_kubernetes_executor.py
[2021-10-29 00:40:38,517] {processor.py:620} INFO - Processing file /home/airflow/.local/lib/python3.6/site-packages/airflow/example_dags/example_kubernetes_executor.py for tasks to queue
[2021-10-29 00:40:38,519] {logging_mixin.py:109} INFO - [2021-10-29 00:40:38,519] {dagbag.py:500} INFO - Filling up the DagBag from /home/airflow/.local/lib/python3.6/site-packages/airflow/example_dags/example_kubernetes_executor.py
[2021-10-29 00:40:38,625] {processor.py:632} INFO - DAG(s) dict_keys(['example_kubernetes_executor']) retrieved from /home/airflow/.local/lib/python3.6/site-packages/airflow/example_dags/example_kubernetes_executor.py
[2021-10-29 00:40:38,681] {logging_mixin.py:109} INFO - [2021-10-29 00:40:38,680] {dag.py:2389} INFO - Sync 1 DAGs
[2021-10-29 00:40:38,720] {logging_mixin.py:109} INFO - [2021-10-29 00:40:38,720] {dag.py:2914} INFO - Setting next_dagrun for example_kubernetes_executor to None
[2021-10-29 00:40:38,752] {processor.py:171} INFO - Processing /home/airflow/.local/lib/python3.6/site-packages/airflow/example_dags/example_kubernetes_executor.py took 0.250 seconds
[2021-10-29 00:41:10,980] {processor.py:163} INFO - Started process (PID=328) to work on /home/airflow/.local/lib/python3.6/site-packages/airflow/example_dags/example_kubernetes_executor.py
[2021-10-29 00:41:10,981] {processor.py:620} INFO - Processing file /home/airflow/.local/lib/python3.6/site-packages/airflow/example_dags/example_kubernetes_executor.py for tasks to queue
[2021-10-29 00:41:10,982] {logging_mixin.py:109} INFO - [2021-10-29 00:41:10,982] {dagbag.py:500} INFO - Filling up the DagBag from /home/airflow/.local/lib/python3.6/site-packages/airflow/example_dags/example_kubernetes_executor.py
[2021-10-29 00:41:11,196] {processor.py:632} INFO - DAG(s) dict_keys(['example_kubernetes_executor']) retrieved from /home/airflow/.local/lib/python3.6/site-packages/airflow/example_dags/example_kubernetes_executor.py
[2021-10-29 00:41:11,288] {logging_mixin.py:109} INFO - [2021-10-29 00:41:11,287] {dag.py:2389} INFO - Sync 1 DAGs
[2021-10-29 00:41:11,372] {logging_mixin.py:109} INFO - [2021-10-29 00:41:11,372] {dag.py:2914} INFO - Setting next_dagrun for example_kubernetes_executor to None
[2021-10-29 00:41:11,406] {processor.py:171} INFO - Processing /home/airflow/.local/lib/python3.6/site-packages/airflow/example_dags/example_kubernetes_executor.py took 0.477 seconds
[2021-10-29 00:41:42,791] {processor.py:163} INFO - Started process (PID=382) to work on /home/airflow/.local/lib/python3.6/site-packages/airflow/example_dags/example_kubernetes_executor.py
[2021-10-29 00:41:42,816] {processor.py:620} INFO - Processing file /home/airflow/.local/lib/python3.6/site-packages/airflow/example_dags/example_kubernetes_executor.py for tasks to queue
[2021-10-29 00:41:42,827] {logging_mixin.py:109} INFO - [2021-10-29 00:41:42,827] {dagbag.py:500} INFO - Filling up the DagBag from /home/airflow/.local/lib/python3.6/site-packages/airflow/example_dags/example_kubernetes_executor.py
[2021-10-29 00:41:42,964] {processor.py:632} INFO - DAG(s) dict_keys(['example_kubernetes_executor']) retrieved from /home/airflow/.local/lib/python3.6/site-packages/airflow/example_dags/example_kubernetes_executor.py
[2021-10-29 00:41:43,074] {logging_mixin.py:109} INFO - [2021-10-29 00:41:43,074] {dag.py:2389} INFO - Sync 1 DAGs
[2021-10-29 00:41:43,122] {logging_mixin.py:109} INFO - [2021-10-29 00:41:43,122] {dag.py:2914} INFO - Setting next_dagrun for example_kubernetes_executor to None
[2021-10-29 00:41:43,192] {processor.py:171} INFO - Processing /home/airflow/.local/lib/python3.6/site-packages/airflow/example_dags/example_kubernetes_executor.py took 0.404 seconds
[2021-10-29 00:42:13,226] {processor.py:163} INFO - Started process (PID=426) to work on /home/airflow/.local/lib/python3.6/site-packages/airflow/example_dags/example_kubernetes_executor.py
[2021-10-29 00:42:13,239] {processor.py:620} INFO - Processing file /home/airflow/.local/lib/python3.6/site-packages/airflow/example_dags/example_kubernetes_executor.py for tasks to queue
[2021-10-29 00:42:13,241] {logging_mixin.py:109} INFO - [2021-10-29 00:42:13,241] {dagbag.py:500} INFO - Filling up the DagBag from /home/airflow/.local/lib/python3.6/site-packages/airflow/example_dags/example_kubernetes_executor.py
[2021-10-29 00:42:13,305] {processor.py:632} INFO - DAG(s) dict_keys(['example_kubernetes_executor']) retrieved from /home/airflow/.local/lib/python3.6/site-packages/airflow/example_dags/example_kubernetes_executor.py
[2021-10-29 00:42:13,326] {logging_mixin.py:109} INFO - [2021-10-29 00:42:13,326] {dag.py:2389} INFO - Sync 1 DAGs
[2021-10-29 00:42:13,366] {logging_mixin.py:109} INFO - [2021-10-29 00:42:13,366] {dag.py:2914} INFO - Setting next_dagrun for example_kubernetes_executor to None
[2021-10-29 00:42:13,393] {processor.py:171} INFO - Processing /home/airflow/.local/lib/python3.6/site-packages/airflow/example_dags/example_kubernetes_executor.py took 0.170 seconds
[2021-10-29 00:42:44,207] {processor.py:163} INFO - Started process (PID=480) to work on /home/airflow/.local/lib/python3.6/site-packages/airflow/example_dags/example_kubernetes_executor.py
[2021-10-29 00:42:44,209] {processor.py:620} INFO - Processing file /home/airflow/.local/lib/python3.6/site-packages/airflow/example_dags/example_kubernetes_executor.py for tasks to queue
[2021-10-29 00:42:44,210] {logging_mixin.py:109} INFO - [2021-10-29 00:42:44,210] {dagbag.py:500} INFO - Filling up the DagBag from /home/airflow/.local/lib/python3.6/site-packages/airflow/example_dags/example_kubernetes_executor.py
[2021-10-29 00:42:44,363] {processor.py:632} INFO - DAG(s) dict_keys(['example_kubernetes_executor']) retrieved from /home/airflow/.local/lib/python3.6/site-packages/airflow/example_dags/example_kubernetes_executor.py
[2021-10-29 00:42:44,408] {logging_mixin.py:109} INFO - [2021-10-29 00:42:44,408] {dag.py:2389} INFO - Sync 1 DAGs
[2021-10-29 00:42:44,449] {logging_mixin.py:109} INFO - [2021-10-29 00:42:44,449] {dag.py:2914} INFO - Setting next_dagrun for example_kubernetes_executor to None
[2021-10-29 00:42:44,478] {processor.py:171} INFO - Processing /home/airflow/.local/lib/python3.6/site-packages/airflow/example_dags/example_kubernetes_executor.py took 0.334 seconds
[2021-10-29 00:43:19,868] {processor.py:163} INFO - Started process (PID=533) to work on /home/airflow/.local/lib/python3.6/site-packages/airflow/example_dags/example_kubernetes_executor.py
[2021-10-29 00:43:20,014] {processor.py:620} INFO - Processing file /home/airflow/.local/lib/python3.6/site-packages/airflow/example_dags/example_kubernetes_executor.py for tasks to queue
[2021-10-29 00:43:20,031] {logging_mixin.py:109} INFO - [2021-10-29 00:43:20,031] {dagbag.py:500} INFO - Filling up the DagBag from /home/airflow/.local/lib/python3.6/site-packages/airflow/example_dags/example_kubernetes_executor.py
[2021-10-29 00:43:20,291] {processor.py:632} INFO - DAG(s) dict_keys(['example_kubernetes_executor']) retrieved from /home/airflow/.local/lib/python3.6/site-packages/airflow/example_dags/example_kubernetes_executor.py
[2021-10-29 00:43:20,386] {logging_mixin.py:109} INFO - [2021-10-29 00:43:20,386] {dag.py:2389} INFO - Sync 1 DAGs
[2021-10-29 00:43:20,504] {logging_mixin.py:109} INFO - [2021-10-29 00:43:20,504] {dag.py:2914} INFO - Setting next_dagrun for example_kubernetes_executor to None
[2021-10-29 00:43:20,593] {processor.py:171} INFO - Processing /home/airflow/.local/lib/python3.6/site-packages/airflow/example_dags/example_kubernetes_executor.py took 0.729 seconds
[2021-10-29 00:43:51,459] {processor.py:163} INFO - Started process (PID=579) to work on /home/airflow/.local/lib/python3.6/site-packages/airflow/example_dags/example_kubernetes_executor.py
[2021-10-29 00:43:51,500] {processor.py:620} INFO - Processing file /home/airflow/.local/lib/python3.6/site-packages/airflow/example_dags/example_kubernetes_executor.py for tasks to queue
[2021-10-29 00:43:51,501] {logging_mixin.py:109} INFO - [2021-10-29 00:43:51,501] {dagbag.py:500} INFO - Filling up the DagBag from /home/airflow/.local/lib/python3.6/site-packages/airflow/example_dags/example_kubernetes_executor.py
[2021-10-29 00:43:51,606] {processor.py:632} INFO - DAG(s) dict_keys(['example_kubernetes_executor']) retrieved from /home/airflow/.local/lib/python3.6/site-packages/airflow/example_dags/example_kubernetes_executor.py
[2021-10-29 00:43:51,652] {logging_mixin.py:109} INFO - [2021-10-29 00:43:51,652] {dag.py:2389} INFO - Sync 1 DAGs
[2021-10-29 00:43:51,759] {logging_mixin.py:109} INFO - [2021-10-29 00:43:51,759] {dag.py:2914} INFO - Setting next_dagrun for example_kubernetes_executor to None
[2021-10-29 00:43:51,800] {processor.py:171} INFO - Processing /home/airflow/.local/lib/python3.6/site-packages/airflow/example_dags/example_kubernetes_executor.py took 0.344 seconds
[2021-10-29 00:44:22,420] {processor.py:163} INFO - Started process (PID=634) to work on /home/airflow/.local/lib/python3.6/site-packages/airflow/example_dags/example_kubernetes_executor.py
[2021-10-29 00:44:22,427] {processor.py:620} INFO - Processing file /home/airflow/.local/lib/python3.6/site-packages/airflow/example_dags/example_kubernetes_executor.py for tasks to queue
[2021-10-29 00:44:22,428] {logging_mixin.py:109} INFO - [2021-10-29 00:44:22,428] {dagbag.py:500} INFO - Filling up the DagBag from /home/airflow/.local/lib/python3.6/site-packages/airflow/example_dags/example_kubernetes_executor.py
[2021-10-29 00:44:22,473] {processor.py:632} INFO - DAG(s) dict_keys(['example_kubernetes_executor']) retrieved from /home/airflow/.local/lib/python3.6/site-packages/airflow/example_dags/example_kubernetes_executor.py
[2021-10-29 00:44:22,488] {logging_mixin.py:109} INFO - [2021-10-29 00:44:22,488] {dag.py:2389} INFO - Sync 1 DAGs
[2021-10-29 00:44:22,512] {logging_mixin.py:109} INFO - [2021-10-29 00:44:22,512] {dag.py:2914} INFO - Setting next_dagrun for example_kubernetes_executor to None
[2021-10-29 00:44:22,527] {processor.py:171} INFO - Processing /home/airflow/.local/lib/python3.6/site-packages/airflow/example_dags/example_kubernetes_executor.py took 0.127 seconds
[2021-10-29 00:44:53,315] {processor.py:163} INFO - Started process (PID=688) to work on /home/airflow/.local/lib/python3.6/site-packages/airflow/example_dags/example_kubernetes_executor.py
[2021-10-29 00:44:53,324] {processor.py:620} INFO - Processing file /home/airflow/.local/lib/python3.6/site-packages/airflow/example_dags/example_kubernetes_executor.py for tasks to queue
[2021-10-29 00:44:53,326] {logging_mixin.py:109} INFO - [2021-10-29 00:44:53,326] {dagbag.py:500} INFO - Filling up the DagBag from /home/airflow/.local/lib/python3.6/site-packages/airflow/example_dags/example_kubernetes_executor.py
[2021-10-29 00:44:53,430] {processor.py:632} INFO - DAG(s) dict_keys(['example_kubernetes_executor']) retrieved from /home/airflow/.local/lib/python3.6/site-packages/airflow/example_dags/example_kubernetes_executor.py
[2021-10-29 00:44:53,473] {logging_mixin.py:109} INFO - [2021-10-29 00:44:53,473] {dag.py:2389} INFO - Sync 1 DAGs
[2021-10-29 00:44:53,532] {logging_mixin.py:109} INFO - [2021-10-29 00:44:53,532] {dag.py:2914} INFO - Setting next_dagrun for example_kubernetes_executor to None
[2021-10-29 00:44:53,552] {processor.py:171} INFO - Processing /home/airflow/.local/lib/python3.6/site-packages/airflow/example_dags/example_kubernetes_executor.py took 0.240 seconds
[2021-10-29 00:45:24,320] {processor.py:163} INFO - Started process (PID=742) to work on /home/airflow/.local/lib/python3.6/site-packages/airflow/example_dags/example_kubernetes_executor.py
[2021-10-29 00:45:24,346] {processor.py:620} INFO - Processing file /home/airflow/.local/lib/python3.6/site-packages/airflow/example_dags/example_kubernetes_executor.py for tasks to queue
[2021-10-29 00:45:24,348] {logging_mixin.py:109} INFO - [2021-10-29 00:45:24,348] {dagbag.py:500} INFO - Filling up the DagBag from /home/airflow/.local/lib/python3.6/site-packages/airflow/example_dags/example_kubernetes_executor.py
[2021-10-29 00:45:24,425] {processor.py:632} INFO - DAG(s) dict_keys(['example_kubernetes_executor']) retrieved from /home/airflow/.local/lib/python3.6/site-packages/airflow/example_dags/example_kubernetes_executor.py
[2021-10-29 00:45:24,454] {logging_mixin.py:109} INFO - [2021-10-29 00:45:24,454] {dag.py:2389} INFO - Sync 1 DAGs
[2021-10-29 00:45:24,480] {logging_mixin.py:109} INFO - [2021-10-29 00:45:24,480] {dag.py:2914} INFO - Setting next_dagrun for example_kubernetes_executor to None
[2021-10-29 00:45:24,504] {processor.py:171} INFO - Processing /home/airflow/.local/lib/python3.6/site-packages/airflow/example_dags/example_kubernetes_executor.py took 0.187 seconds
[2021-10-29 00:45:55,308] {processor.py:163} INFO - Started process (PID=795) to work on /home/airflow/.local/lib/python3.6/site-packages/airflow/example_dags/example_kubernetes_executor.py
[2021-10-29 00:45:55,326] {processor.py:620} INFO - Processing file /home/airflow/.local/lib/python3.6/site-packages/airflow/example_dags/example_kubernetes_executor.py for tasks to queue
[2021-10-29 00:45:55,328] {logging_mixin.py:109} INFO - [2021-10-29 00:45:55,328] {dagbag.py:500} INFO - Filling up the DagBag from /home/airflow/.local/lib/python3.6/site-packages/airflow/example_dags/example_kubernetes_executor.py
[2021-10-29 00:45:55,385] {processor.py:632} INFO - DAG(s) dict_keys(['example_kubernetes_executor']) retrieved from /home/airflow/.local/lib/python3.6/site-packages/airflow/example_dags/example_kubernetes_executor.py
[2021-10-29 00:45:55,410] {logging_mixin.py:109} INFO - [2021-10-29 00:45:55,410] {dag.py:2389} INFO - Sync 1 DAGs
[2021-10-29 00:45:55,431] {logging_mixin.py:109} INFO - [2021-10-29 00:45:55,431] {dag.py:2914} INFO - Setting next_dagrun for example_kubernetes_executor to None
[2021-10-29 00:45:55,448] {processor.py:171} INFO - Processing /home/airflow/.local/lib/python3.6/site-packages/airflow/example_dags/example_kubernetes_executor.py took 0.143 seconds
[2021-10-29 00:46:26,244] {processor.py:163} INFO - Started process (PID=848) to work on /home/airflow/.local/lib/python3.6/site-packages/airflow/example_dags/example_kubernetes_executor.py
[2021-10-29 00:46:26,251] {processor.py:620} INFO - Processing file /home/airflow/.local/lib/python3.6/site-packages/airflow/example_dags/example_kubernetes_executor.py for tasks to queue
[2021-10-29 00:46:26,251] {logging_mixin.py:109} INFO - [2021-10-29 00:46:26,251] {dagbag.py:500} INFO - Filling up the DagBag from /home/airflow/.local/lib/python3.6/site-packages/airflow/example_dags/example_kubernetes_executor.py
[2021-10-29 00:46:26,292] {processor.py:632} INFO - DAG(s) dict_keys(['example_kubernetes_executor']) retrieved from /home/airflow/.local/lib/python3.6/site-packages/airflow/example_dags/example_kubernetes_executor.py
[2021-10-29 00:46:26,309] {logging_mixin.py:109} INFO - [2021-10-29 00:46:26,309] {dag.py:2389} INFO - Sync 1 DAGs
[2021-10-29 00:46:26,332] {logging_mixin.py:109} INFO - [2021-10-29 00:46:26,331] {dag.py:2914} INFO - Setting next_dagrun for example_kubernetes_executor to None
[2021-10-29 00:46:26,350] {processor.py:171} INFO - Processing /home/airflow/.local/lib/python3.6/site-packages/airflow/example_dags/example_kubernetes_executor.py took 0.117 seconds
[2021-10-29 00:46:57,250] {processor.py:163} INFO - Started process (PID=902) to work on /home/airflow/.local/lib/python3.6/site-packages/airflow/example_dags/example_kubernetes_executor.py
[2021-10-29 00:46:57,259] {processor.py:620} INFO - Processing file /home/airflow/.local/lib/python3.6/site-packages/airflow/example_dags/example_kubernetes_executor.py for tasks to queue
[2021-10-29 00:46:57,259] {logging_mixin.py:109} INFO - [2021-10-29 00:46:57,259] {dagbag.py:500} INFO - Filling up the DagBag from /home/airflow/.local/lib/python3.6/site-packages/airflow/example_dags/example_kubernetes_executor.py
[2021-10-29 00:46:57,351] {processor.py:632} INFO - DAG(s) dict_keys(['example_kubernetes_executor']) retrieved from /home/airflow/.local/lib/python3.6/site-packages/airflow/example_dags/example_kubernetes_executor.py
[2021-10-29 00:46:57,387] {logging_mixin.py:109} INFO - [2021-10-29 00:46:57,387] {dag.py:2389} INFO - Sync 1 DAGs
[2021-10-29 00:46:57,432] {logging_mixin.py:109} INFO - [2021-10-29 00:46:57,432] {dag.py:2914} INFO - Setting next_dagrun for example_kubernetes_executor to None
[2021-10-29 00:46:57,468] {processor.py:171} INFO - Processing /home/airflow/.local/lib/python3.6/site-packages/airflow/example_dags/example_kubernetes_executor.py took 0.220 seconds
[2021-10-29 00:47:28,875] {processor.py:163} INFO - Started process (PID=955) to work on /home/airflow/.local/lib/python3.6/site-packages/airflow/example_dags/example_kubernetes_executor.py
[2021-10-29 00:47:28,884] {processor.py:620} INFO - Processing file /home/airflow/.local/lib/python3.6/site-packages/airflow/example_dags/example_kubernetes_executor.py for tasks to queue
[2021-10-29 00:47:28,895] {logging_mixin.py:109} INFO - [2021-10-29 00:47:28,895] {dagbag.py:500} INFO - Filling up the DagBag from /home/airflow/.local/lib/python3.6/site-packages/airflow/example_dags/example_kubernetes_executor.py
[2021-10-29 00:47:28,962] {processor.py:632} INFO - DAG(s) dict_keys(['example_kubernetes_executor']) retrieved from /home/airflow/.local/lib/python3.6/site-packages/airflow/example_dags/example_kubernetes_executor.py
[2021-10-29 00:47:29,022] {logging_mixin.py:109} INFO - [2021-10-29 00:47:29,022] {dag.py:2389} INFO - Sync 1 DAGs
[2021-10-29 00:47:29,046] {logging_mixin.py:109} INFO - [2021-10-29 00:47:29,045] {dag.py:2914} INFO - Setting next_dagrun for example_kubernetes_executor to None
[2021-10-29 00:47:29,063] {processor.py:171} INFO - Processing /home/airflow/.local/lib/python3.6/site-packages/airflow/example_dags/example_kubernetes_executor.py took 0.191 seconds
[2021-10-29 00:48:00,249] {processor.py:163} INFO - Started process (PID=1008) to work on /home/airflow/.local/lib/python3.6/site-packages/airflow/example_dags/example_kubernetes_executor.py
[2021-10-29 00:48:00,298] {processor.py:620} INFO - Processing file /home/airflow/.local/lib/python3.6/site-packages/airflow/example_dags/example_kubernetes_executor.py for tasks to queue
[2021-10-29 00:48:00,303] {logging_mixin.py:109} INFO - [2021-10-29 00:48:00,303] {dagbag.py:500} INFO - Filling up the DagBag from /home/airflow/.local/lib/python3.6/site-packages/airflow/example_dags/example_kubernetes_executor.py
[2021-10-29 00:48:01,107] {processor.py:632} INFO - DAG(s) dict_keys(['example_kubernetes_executor']) retrieved from /home/airflow/.local/lib/python3.6/site-packages/airflow/example_dags/example_kubernetes_executor.py
[2021-10-29 00:48:01,330] {logging_mixin.py:109} INFO - [2021-10-29 00:48:01,329] {dag.py:2389} INFO - Sync 1 DAGs
[2021-10-29 00:48:01,534] {logging_mixin.py:109} INFO - [2021-10-29 00:48:01,534] {dag.py:2914} INFO - Setting next_dagrun for example_kubernetes_executor to None
[2021-10-29 00:48:01,553] {processor.py:171} INFO - Processing /home/airflow/.local/lib/python3.6/site-packages/airflow/example_dags/example_kubernetes_executor.py took 1.307 seconds
[2021-10-29 00:48:32,478] {processor.py:163} INFO - Started process (PID=1052) to work on /home/airflow/.local/lib/python3.6/site-packages/airflow/example_dags/example_kubernetes_executor.py
[2021-10-29 00:48:32,480] {processor.py:620} INFO - Processing file /home/airflow/.local/lib/python3.6/site-packages/airflow/example_dags/example_kubernetes_executor.py for tasks to queue
[2021-10-29 00:48:32,484] {logging_mixin.py:109} INFO - [2021-10-29 00:48:32,482] {dagbag.py:500} INFO - Filling up the DagBag from /home/airflow/.local/lib/python3.6/site-packages/airflow/example_dags/example_kubernetes_executor.py
[2021-10-29 00:48:32,512] {processor.py:632} INFO - DAG(s) dict_keys(['example_kubernetes_executor']) retrieved from /home/airflow/.local/lib/python3.6/site-packages/airflow/example_dags/example_kubernetes_executor.py
[2021-10-29 00:48:32,522] {logging_mixin.py:109} INFO - [2021-10-29 00:48:32,522] {dag.py:2389} INFO - Sync 1 DAGs
[2021-10-29 00:48:32,542] {logging_mixin.py:109} INFO - [2021-10-29 00:48:32,542] {dag.py:2914} INFO - Setting next_dagrun for example_kubernetes_executor to None
[2021-10-29 00:48:32,559] {processor.py:171} INFO - Processing /home/airflow/.local/lib/python3.6/site-packages/airflow/example_dags/example_kubernetes_executor.py took 0.084 seconds
[2021-10-29 00:49:02,669] {processor.py:163} INFO - Started process (PID=1115) to work on /home/airflow/.local/lib/python3.6/site-packages/airflow/example_dags/example_kubernetes_executor.py
[2021-10-29 00:49:02,686] {processor.py:620} INFO - Processing file /home/airflow/.local/lib/python3.6/site-packages/airflow/example_dags/example_kubernetes_executor.py for tasks to queue
[2021-10-29 00:49:02,686] {logging_mixin.py:109} INFO - [2021-10-29 00:49:02,686] {dagbag.py:500} INFO - Filling up the DagBag from /home/airflow/.local/lib/python3.6/site-packages/airflow/example_dags/example_kubernetes_executor.py
[2021-10-29 00:49:02,864] {processor.py:632} INFO - DAG(s) dict_keys(['example_kubernetes_executor']) retrieved from /home/airflow/.local/lib/python3.6/site-packages/airflow/example_dags/example_kubernetes_executor.py
[2021-10-29 00:49:02,943] {logging_mixin.py:109} INFO - [2021-10-29 00:49:02,943] {dag.py:2389} INFO - Sync 1 DAGs
[2021-10-29 00:49:03,005] {logging_mixin.py:109} INFO - [2021-10-29 00:49:03,005] {dag.py:2914} INFO - Setting next_dagrun for example_kubernetes_executor to None
[2021-10-29 00:49:03,041] {processor.py:171} INFO - Processing /home/airflow/.local/lib/python3.6/site-packages/airflow/example_dags/example_kubernetes_executor.py took 0.445 seconds
[2021-10-29 00:49:33,750] {processor.py:163} INFO - Started process (PID=1162) to work on /home/airflow/.local/lib/python3.6/site-packages/airflow/example_dags/example_kubernetes_executor.py
[2021-10-29 00:49:33,762] {processor.py:620} INFO - Processing file /home/airflow/.local/lib/python3.6/site-packages/airflow/example_dags/example_kubernetes_executor.py for tasks to queue
[2021-10-29 00:49:33,763] {logging_mixin.py:109} INFO - [2021-10-29 00:49:33,762] {dagbag.py:500} INFO - Filling up the DagBag from /home/airflow/.local/lib/python3.6/site-packages/airflow/example_dags/example_kubernetes_executor.py
[2021-10-29 00:49:33,938] {processor.py:632} INFO - DAG(s) dict_keys(['example_kubernetes_executor']) retrieved from /home/airflow/.local/lib/python3.6/site-packages/airflow/example_dags/example_kubernetes_executor.py
[2021-10-29 00:49:33,984] {logging_mixin.py:109} INFO - [2021-10-29 00:49:33,984] {dag.py:2389} INFO - Sync 1 DAGs
[2021-10-29 00:49:34,032] {logging_mixin.py:109} INFO - [2021-10-29 00:49:34,032] {dag.py:2914} INFO - Setting next_dagrun for example_kubernetes_executor to None
[2021-10-29 00:49:34,058] {processor.py:171} INFO - Processing /home/airflow/.local/lib/python3.6/site-packages/airflow/example_dags/example_kubernetes_executor.py took 0.323 seconds
[2021-10-29 00:50:04,628] {processor.py:163} INFO - Started process (PID=1216) to work on /home/airflow/.local/lib/python3.6/site-packages/airflow/example_dags/example_kubernetes_executor.py
[2021-10-29 00:50:04,631] {processor.py:620} INFO - Processing file /home/airflow/.local/lib/python3.6/site-packages/airflow/example_dags/example_kubernetes_executor.py for tasks to queue
[2021-10-29 00:50:04,631] {logging_mixin.py:109} INFO - [2021-10-29 00:50:04,631] {dagbag.py:500} INFO - Filling up the DagBag from /home/airflow/.local/lib/python3.6/site-packages/airflow/example_dags/example_kubernetes_executor.py
[2021-10-29 00:50:04,745] {processor.py:632} INFO - DAG(s) dict_keys(['example_kubernetes_executor']) retrieved from /home/airflow/.local/lib/python3.6/site-packages/airflow/example_dags/example_kubernetes_executor.py
[2021-10-29 00:50:04,788] {logging_mixin.py:109} INFO - [2021-10-29 00:50:04,788] {dag.py:2389} INFO - Sync 1 DAGs
[2021-10-29 00:50:04,843] {logging_mixin.py:109} INFO - [2021-10-29 00:50:04,843] {dag.py:2914} INFO - Setting next_dagrun for example_kubernetes_executor to None
[2021-10-29 00:50:04,871] {processor.py:171} INFO - Processing /home/airflow/.local/lib/python3.6/site-packages/airflow/example_dags/example_kubernetes_executor.py took 0.272 seconds
[2021-10-29 00:50:34,953] {processor.py:163} INFO - Started process (PID=1268) to work on /home/airflow/.local/lib/python3.6/site-packages/airflow/example_dags/example_kubernetes_executor.py
[2021-10-29 00:50:34,958] {processor.py:620} INFO - Processing file /home/airflow/.local/lib/python3.6/site-packages/airflow/example_dags/example_kubernetes_executor.py for tasks to queue
[2021-10-29 00:50:34,960] {logging_mixin.py:109} INFO - [2021-10-29 00:50:34,960] {dagbag.py:500} INFO - Filling up the DagBag from /home/airflow/.local/lib/python3.6/site-packages/airflow/example_dags/example_kubernetes_executor.py
[2021-10-29 00:50:35,049] {processor.py:632} INFO - DAG(s) dict_keys(['example_kubernetes_executor']) retrieved from /home/airflow/.local/lib/python3.6/site-packages/airflow/example_dags/example_kubernetes_executor.py
[2021-10-29 00:50:35,086] {logging_mixin.py:109} INFO - [2021-10-29 00:50:35,086] {dag.py:2389} INFO - Sync 1 DAGs
[2021-10-29 00:50:35,132] {logging_mixin.py:109} INFO - [2021-10-29 00:50:35,132] {dag.py:2914} INFO - Setting next_dagrun for example_kubernetes_executor to None
[2021-10-29 00:50:35,153] {processor.py:171} INFO - Processing /home/airflow/.local/lib/python3.6/site-packages/airflow/example_dags/example_kubernetes_executor.py took 0.202 seconds
[2021-10-29 00:51:07,168] {processor.py:163} INFO - Started process (PID=1322) to work on /home/airflow/.local/lib/python3.6/site-packages/airflow/example_dags/example_kubernetes_executor.py
[2021-10-29 00:51:07,258] {processor.py:620} INFO - Processing file /home/airflow/.local/lib/python3.6/site-packages/airflow/example_dags/example_kubernetes_executor.py for tasks to queue
[2021-10-29 00:51:07,262] {logging_mixin.py:109} INFO - [2021-10-29 00:51:07,262] {dagbag.py:500} INFO - Filling up the DagBag from /home/airflow/.local/lib/python3.6/site-packages/airflow/example_dags/example_kubernetes_executor.py
[2021-10-29 00:51:07,528] {processor.py:632} INFO - DAG(s) dict_keys(['example_kubernetes_executor']) retrieved from /home/airflow/.local/lib/python3.6/site-packages/airflow/example_dags/example_kubernetes_executor.py
[2021-10-29 00:51:07,597] {logging_mixin.py:109} INFO - [2021-10-29 00:51:07,597] {dag.py:2389} INFO - Sync 1 DAGs
[2021-10-29 00:51:07,696] {logging_mixin.py:109} INFO - [2021-10-29 00:51:07,696] {dag.py:2914} INFO - Setting next_dagrun for example_kubernetes_executor to None
[2021-10-29 00:51:07,745] {processor.py:171} INFO - Processing /home/airflow/.local/lib/python3.6/site-packages/airflow/example_dags/example_kubernetes_executor.py took 0.580 seconds
[2021-10-29 00:51:38,461] {processor.py:163} INFO - Started process (PID=1376) to work on /home/airflow/.local/lib/python3.6/site-packages/airflow/example_dags/example_kubernetes_executor.py
[2021-10-29 00:51:38,514] {processor.py:620} INFO - Processing file /home/airflow/.local/lib/python3.6/site-packages/airflow/example_dags/example_kubernetes_executor.py for tasks to queue
[2021-10-29 00:51:38,520] {logging_mixin.py:109} INFO - [2021-10-29 00:51:38,520] {dagbag.py:500} INFO - Filling up the DagBag from /home/airflow/.local/lib/python3.6/site-packages/airflow/example_dags/example_kubernetes_executor.py
[2021-10-29 00:51:38,652] {processor.py:632} INFO - DAG(s) dict_keys(['example_kubernetes_executor']) retrieved from /home/airflow/.local/lib/python3.6/site-packages/airflow/example_dags/example_kubernetes_executor.py
[2021-10-29 00:51:38,695] {logging_mixin.py:109} INFO - [2021-10-29 00:51:38,695] {dag.py:2389} INFO - Sync 1 DAGs
[2021-10-29 00:51:38,767] {logging_mixin.py:109} INFO - [2021-10-29 00:51:38,766] {dag.py:2914} INFO - Setting next_dagrun for example_kubernetes_executor to None
[2021-10-29 00:51:38,800] {processor.py:171} INFO - Processing /home/airflow/.local/lib/python3.6/site-packages/airflow/example_dags/example_kubernetes_executor.py took 0.341 seconds
[2021-10-29 00:52:09,498] {processor.py:163} INFO - Started process (PID=1429) to work on /home/airflow/.local/lib/python3.6/site-packages/airflow/example_dags/example_kubernetes_executor.py
[2021-10-29 00:52:09,537] {processor.py:620} INFO - Processing file /home/airflow/.local/lib/python3.6/site-packages/airflow/example_dags/example_kubernetes_executor.py for tasks to queue
[2021-10-29 00:52:09,555] {logging_mixin.py:109} INFO - [2021-10-29 00:52:09,555] {dagbag.py:500} INFO - Filling up the DagBag from /home/airflow/.local/lib/python3.6/site-packages/airflow/example_dags/example_kubernetes_executor.py
[2021-10-29 00:52:09,662] {processor.py:632} INFO - DAG(s) dict_keys(['example_kubernetes_executor']) retrieved from /home/airflow/.local/lib/python3.6/site-packages/airflow/example_dags/example_kubernetes_executor.py
[2021-10-29 00:52:09,708] {logging_mixin.py:109} INFO - [2021-10-29 00:52:09,708] {dag.py:2389} INFO - Sync 1 DAGs
[2021-10-29 00:52:09,760] {logging_mixin.py:109} INFO - [2021-10-29 00:52:09,760] {dag.py:2914} INFO - Setting next_dagrun for example_kubernetes_executor to None
[2021-10-29 00:52:09,779] {processor.py:171} INFO - Processing /home/airflow/.local/lib/python3.6/site-packages/airflow/example_dags/example_kubernetes_executor.py took 0.284 seconds
[2021-10-29 00:52:40,540] {processor.py:163} INFO - Started process (PID=1475) to work on /home/airflow/.local/lib/python3.6/site-packages/airflow/example_dags/example_kubernetes_executor.py
[2021-10-29 00:52:40,591] {processor.py:620} INFO - Processing file /home/airflow/.local/lib/python3.6/site-packages/airflow/example_dags/example_kubernetes_executor.py for tasks to queue
[2021-10-29 00:52:40,593] {logging_mixin.py:109} INFO - [2021-10-29 00:52:40,592] {dagbag.py:500} INFO - Filling up the DagBag from /home/airflow/.local/lib/python3.6/site-packages/airflow/example_dags/example_kubernetes_executor.py
[2021-10-29 00:52:40,803] {processor.py:632} INFO - DAG(s) dict_keys(['example_kubernetes_executor']) retrieved from /home/airflow/.local/lib/python3.6/site-packages/airflow/example_dags/example_kubernetes_executor.py
[2021-10-29 00:52:40,865] {logging_mixin.py:109} INFO - [2021-10-29 00:52:40,865] {dag.py:2389} INFO - Sync 1 DAGs
[2021-10-29 00:52:40,961] {logging_mixin.py:109} INFO - [2021-10-29 00:52:40,961] {dag.py:2914} INFO - Setting next_dagrun for example_kubernetes_executor to None
[2021-10-29 00:52:40,990] {processor.py:171} INFO - Processing /home/airflow/.local/lib/python3.6/site-packages/airflow/example_dags/example_kubernetes_executor.py took 0.453 seconds
[2021-10-29 00:53:11,518] {processor.py:163} INFO - Started process (PID=1529) to work on /home/airflow/.local/lib/python3.6/site-packages/airflow/example_dags/example_kubernetes_executor.py
[2021-10-29 00:53:11,542] {processor.py:620} INFO - Processing file /home/airflow/.local/lib/python3.6/site-packages/airflow/example_dags/example_kubernetes_executor.py for tasks to queue
[2021-10-29 00:53:11,543] {logging_mixin.py:109} INFO - [2021-10-29 00:53:11,543] {dagbag.py:500} INFO - Filling up the DagBag from /home/airflow/.local/lib/python3.6/site-packages/airflow/example_dags/example_kubernetes_executor.py
[2021-10-29 00:53:11,715] {processor.py:632} INFO - DAG(s) dict_keys(['example_kubernetes_executor']) retrieved from /home/airflow/.local/lib/python3.6/site-packages/airflow/example_dags/example_kubernetes_executor.py
[2021-10-29 00:53:11,735] {logging_mixin.py:109} INFO - [2021-10-29 00:53:11,735] {dag.py:2389} INFO - Sync 1 DAGs
[2021-10-29 00:53:11,768] {logging_mixin.py:109} INFO - [2021-10-29 00:53:11,768] {dag.py:2914} INFO - Setting next_dagrun for example_kubernetes_executor to None
[2021-10-29 00:53:11,781] {processor.py:171} INFO - Processing /home/airflow/.local/lib/python3.6/site-packages/airflow/example_dags/example_kubernetes_executor.py took 0.294 seconds
