[2021-10-29 00:17:35,404] {processor.py:163} INFO - Started process (PID=133) to work on /home/airflow/.local/lib/python3.6/site-packages/airflow/example_dags/example_kubernetes_executor_config.py
[2021-10-29 00:17:35,519] {processor.py:620} INFO - Processing file /home/airflow/.local/lib/python3.6/site-packages/airflow/example_dags/example_kubernetes_executor_config.py for tasks to queue
[2021-10-29 00:17:35,520] {logging_mixin.py:109} INFO - [2021-10-29 00:17:35,520] {dagbag.py:500} INFO - Filling up the DagBag from /home/airflow/.local/lib/python3.6/site-packages/airflow/example_dags/example_kubernetes_executor_config.py
[2021-10-29 00:17:36,029] {processor.py:632} INFO - DAG(s) dict_keys(['example_kubernetes_executor_config']) retrieved from /home/airflow/.local/lib/python3.6/site-packages/airflow/example_dags/example_kubernetes_executor_config.py
[2021-10-29 00:17:36,279] {logging_mixin.py:109} INFO - [2021-10-29 00:17:36,279] {dag.py:2389} INFO - Sync 1 DAGs
[2021-10-29 00:17:36,741] {logging_mixin.py:109} INFO - [2021-10-29 00:17:36,740] {dag.py:2914} INFO - Setting next_dagrun for example_kubernetes_executor_config to None
[2021-10-29 00:17:36,834] {processor.py:171} INFO - Processing /home/airflow/.local/lib/python3.6/site-packages/airflow/example_dags/example_kubernetes_executor_config.py took 1.433 seconds
[2021-10-29 00:18:07,258] {processor.py:163} INFO - Started process (PID=180) to work on /home/airflow/.local/lib/python3.6/site-packages/airflow/example_dags/example_kubernetes_executor_config.py
[2021-10-29 00:18:07,260] {processor.py:620} INFO - Processing file /home/airflow/.local/lib/python3.6/site-packages/airflow/example_dags/example_kubernetes_executor_config.py for tasks to queue
[2021-10-29 00:18:07,287] {logging_mixin.py:109} INFO - [2021-10-29 00:18:07,287] {dagbag.py:500} INFO - Filling up the DagBag from /home/airflow/.local/lib/python3.6/site-packages/airflow/example_dags/example_kubernetes_executor_config.py
[2021-10-29 00:18:07,766] {processor.py:632} INFO - DAG(s) dict_keys(['example_kubernetes_executor_config']) retrieved from /home/airflow/.local/lib/python3.6/site-packages/airflow/example_dags/example_kubernetes_executor_config.py
[2021-10-29 00:18:07,910] {logging_mixin.py:109} INFO - [2021-10-29 00:18:07,910] {dag.py:2389} INFO - Sync 1 DAGs
[2021-10-29 00:18:08,087] {logging_mixin.py:109} INFO - [2021-10-29 00:18:08,087] {dag.py:2914} INFO - Setting next_dagrun for example_kubernetes_executor_config to None
[2021-10-29 00:18:08,215] {processor.py:171} INFO - Processing /home/airflow/.local/lib/python3.6/site-packages/airflow/example_dags/example_kubernetes_executor_config.py took 0.961 seconds
[2021-10-29 00:18:38,653] {processor.py:163} INFO - Started process (PID=233) to work on /home/airflow/.local/lib/python3.6/site-packages/airflow/example_dags/example_kubernetes_executor_config.py
[2021-10-29 00:18:38,866] {processor.py:620} INFO - Processing file /home/airflow/.local/lib/python3.6/site-packages/airflow/example_dags/example_kubernetes_executor_config.py for tasks to queue
[2021-10-29 00:18:38,880] {logging_mixin.py:109} INFO - [2021-10-29 00:18:38,880] {dagbag.py:500} INFO - Filling up the DagBag from /home/airflow/.local/lib/python3.6/site-packages/airflow/example_dags/example_kubernetes_executor_config.py
[2021-10-29 00:18:39,172] {processor.py:632} INFO - DAG(s) dict_keys(['example_kubernetes_executor_config']) retrieved from /home/airflow/.local/lib/python3.6/site-packages/airflow/example_dags/example_kubernetes_executor_config.py
[2021-10-29 00:18:39,452] {logging_mixin.py:109} INFO - [2021-10-29 00:18:39,452] {dag.py:2389} INFO - Sync 1 DAGs
[2021-10-29 00:18:39,599] {logging_mixin.py:109} INFO - [2021-10-29 00:18:39,599] {dag.py:2914} INFO - Setting next_dagrun for example_kubernetes_executor_config to None
[2021-10-29 00:18:39,662] {processor.py:171} INFO - Processing /home/airflow/.local/lib/python3.6/site-packages/airflow/example_dags/example_kubernetes_executor_config.py took 1.011 seconds
[2021-10-29 00:19:10,484] {processor.py:163} INFO - Started process (PID=285) to work on /home/airflow/.local/lib/python3.6/site-packages/airflow/example_dags/example_kubernetes_executor_config.py
[2021-10-29 00:19:10,505] {processor.py:620} INFO - Processing file /home/airflow/.local/lib/python3.6/site-packages/airflow/example_dags/example_kubernetes_executor_config.py for tasks to queue
[2021-10-29 00:19:10,506] {logging_mixin.py:109} INFO - [2021-10-29 00:19:10,506] {dagbag.py:500} INFO - Filling up the DagBag from /home/airflow/.local/lib/python3.6/site-packages/airflow/example_dags/example_kubernetes_executor_config.py
[2021-10-29 00:19:10,746] {processor.py:632} INFO - DAG(s) dict_keys(['example_kubernetes_executor_config']) retrieved from /home/airflow/.local/lib/python3.6/site-packages/airflow/example_dags/example_kubernetes_executor_config.py
[2021-10-29 00:19:10,838] {logging_mixin.py:109} INFO - [2021-10-29 00:19:10,838] {dag.py:2389} INFO - Sync 1 DAGs
[2021-10-29 00:19:10,985] {logging_mixin.py:109} INFO - [2021-10-29 00:19:10,985] {dag.py:2914} INFO - Setting next_dagrun for example_kubernetes_executor_config to None
[2021-10-29 00:19:11,041] {processor.py:171} INFO - Processing /home/airflow/.local/lib/python3.6/site-packages/airflow/example_dags/example_kubernetes_executor_config.py took 0.559 seconds
[2021-10-29 00:19:41,102] {processor.py:163} INFO - Started process (PID=338) to work on /home/airflow/.local/lib/python3.6/site-packages/airflow/example_dags/example_kubernetes_executor_config.py
[2021-10-29 00:19:41,171] {processor.py:620} INFO - Processing file /home/airflow/.local/lib/python3.6/site-packages/airflow/example_dags/example_kubernetes_executor_config.py for tasks to queue
[2021-10-29 00:19:41,172] {logging_mixin.py:109} INFO - [2021-10-29 00:19:41,172] {dagbag.py:500} INFO - Filling up the DagBag from /home/airflow/.local/lib/python3.6/site-packages/airflow/example_dags/example_kubernetes_executor_config.py
[2021-10-29 00:19:41,542] {processor.py:632} INFO - DAG(s) dict_keys(['example_kubernetes_executor_config']) retrieved from /home/airflow/.local/lib/python3.6/site-packages/airflow/example_dags/example_kubernetes_executor_config.py
[2021-10-29 00:19:41,582] {logging_mixin.py:109} INFO - [2021-10-29 00:19:41,582] {dag.py:2389} INFO - Sync 1 DAGs
[2021-10-29 00:19:41,697] {logging_mixin.py:109} INFO - [2021-10-29 00:19:41,696] {dag.py:2914} INFO - Setting next_dagrun for example_kubernetes_executor_config to None
[2021-10-29 00:19:41,741] {processor.py:171} INFO - Processing /home/airflow/.local/lib/python3.6/site-packages/airflow/example_dags/example_kubernetes_executor_config.py took 0.677 seconds
[2021-10-29 00:20:12,189] {processor.py:163} INFO - Started process (PID=390) to work on /home/airflow/.local/lib/python3.6/site-packages/airflow/example_dags/example_kubernetes_executor_config.py
[2021-10-29 00:20:12,228] {processor.py:620} INFO - Processing file /home/airflow/.local/lib/python3.6/site-packages/airflow/example_dags/example_kubernetes_executor_config.py for tasks to queue
[2021-10-29 00:20:12,231] {logging_mixin.py:109} INFO - [2021-10-29 00:20:12,231] {dagbag.py:500} INFO - Filling up the DagBag from /home/airflow/.local/lib/python3.6/site-packages/airflow/example_dags/example_kubernetes_executor_config.py
[2021-10-29 00:20:12,385] {processor.py:632} INFO - DAG(s) dict_keys(['example_kubernetes_executor_config']) retrieved from /home/airflow/.local/lib/python3.6/site-packages/airflow/example_dags/example_kubernetes_executor_config.py
[2021-10-29 00:20:12,470] {logging_mixin.py:109} INFO - [2021-10-29 00:20:12,470] {dag.py:2389} INFO - Sync 1 DAGs
[2021-10-29 00:20:12,575] {logging_mixin.py:109} INFO - [2021-10-29 00:20:12,575] {dag.py:2914} INFO - Setting next_dagrun for example_kubernetes_executor_config to None
[2021-10-29 00:20:12,734] {processor.py:171} INFO - Processing /home/airflow/.local/lib/python3.6/site-packages/airflow/example_dags/example_kubernetes_executor_config.py took 0.548 seconds
[2021-10-29 00:20:43,345] {processor.py:163} INFO - Started process (PID=447) to work on /home/airflow/.local/lib/python3.6/site-packages/airflow/example_dags/example_kubernetes_executor_config.py
[2021-10-29 00:20:43,391] {processor.py:620} INFO - Processing file /home/airflow/.local/lib/python3.6/site-packages/airflow/example_dags/example_kubernetes_executor_config.py for tasks to queue
[2021-10-29 00:20:43,395] {logging_mixin.py:109} INFO - [2021-10-29 00:20:43,395] {dagbag.py:500} INFO - Filling up the DagBag from /home/airflow/.local/lib/python3.6/site-packages/airflow/example_dags/example_kubernetes_executor_config.py
[2021-10-29 00:20:43,577] {processor.py:632} INFO - DAG(s) dict_keys(['example_kubernetes_executor_config']) retrieved from /home/airflow/.local/lib/python3.6/site-packages/airflow/example_dags/example_kubernetes_executor_config.py
[2021-10-29 00:20:43,638] {logging_mixin.py:109} INFO - [2021-10-29 00:20:43,638] {dag.py:2389} INFO - Sync 1 DAGs
[2021-10-29 00:20:43,750] {logging_mixin.py:109} INFO - [2021-10-29 00:20:43,750] {dag.py:2914} INFO - Setting next_dagrun for example_kubernetes_executor_config to None
[2021-10-29 00:20:43,781] {processor.py:171} INFO - Processing /home/airflow/.local/lib/python3.6/site-packages/airflow/example_dags/example_kubernetes_executor_config.py took 0.478 seconds
[2021-10-29 00:21:14,828] {processor.py:163} INFO - Started process (PID=501) to work on /home/airflow/.local/lib/python3.6/site-packages/airflow/example_dags/example_kubernetes_executor_config.py
[2021-10-29 00:21:14,850] {processor.py:620} INFO - Processing file /home/airflow/.local/lib/python3.6/site-packages/airflow/example_dags/example_kubernetes_executor_config.py for tasks to queue
[2021-10-29 00:21:14,857] {logging_mixin.py:109} INFO - [2021-10-29 00:21:14,857] {dagbag.py:500} INFO - Filling up the DagBag from /home/airflow/.local/lib/python3.6/site-packages/airflow/example_dags/example_kubernetes_executor_config.py
[2021-10-29 00:21:15,041] {processor.py:632} INFO - DAG(s) dict_keys(['example_kubernetes_executor_config']) retrieved from /home/airflow/.local/lib/python3.6/site-packages/airflow/example_dags/example_kubernetes_executor_config.py
[2021-10-29 00:21:15,107] {logging_mixin.py:109} INFO - [2021-10-29 00:21:15,107] {dag.py:2389} INFO - Sync 1 DAGs
[2021-10-29 00:21:15,192] {logging_mixin.py:109} INFO - [2021-10-29 00:21:15,192] {dag.py:2914} INFO - Setting next_dagrun for example_kubernetes_executor_config to None
[2021-10-29 00:21:15,235] {processor.py:171} INFO - Processing /home/airflow/.local/lib/python3.6/site-packages/airflow/example_dags/example_kubernetes_executor_config.py took 0.411 seconds
[2021-10-29 00:22:05,084] {processor.py:163} INFO - Started process (PID=555) to work on /home/airflow/.local/lib/python3.6/site-packages/airflow/example_dags/example_kubernetes_executor_config.py
[2021-10-29 00:22:05,155] {processor.py:620} INFO - Processing file /home/airflow/.local/lib/python3.6/site-packages/airflow/example_dags/example_kubernetes_executor_config.py for tasks to queue
[2021-10-29 00:22:05,156] {logging_mixin.py:109} INFO - [2021-10-29 00:22:05,156] {dagbag.py:500} INFO - Filling up the DagBag from /home/airflow/.local/lib/python3.6/site-packages/airflow/example_dags/example_kubernetes_executor_config.py
[2021-10-29 00:22:05,829] {processor.py:632} INFO - DAG(s) dict_keys(['example_kubernetes_executor_config']) retrieved from /home/airflow/.local/lib/python3.6/site-packages/airflow/example_dags/example_kubernetes_executor_config.py
[2021-10-29 00:22:06,373] {logging_mixin.py:109} INFO - [2021-10-29 00:22:06,373] {dag.py:2389} INFO - Sync 1 DAGs
[2021-10-29 00:22:06,759] {logging_mixin.py:109} INFO - [2021-10-29 00:22:06,759] {dag.py:2914} INFO - Setting next_dagrun for example_kubernetes_executor_config to None
[2021-10-29 00:22:07,023] {processor.py:171} INFO - Processing /home/airflow/.local/lib/python3.6/site-packages/airflow/example_dags/example_kubernetes_executor_config.py took 2.170 seconds
[2021-10-29 00:22:39,875] {processor.py:163} INFO - Started process (PID=607) to work on /home/airflow/.local/lib/python3.6/site-packages/airflow/example_dags/example_kubernetes_executor_config.py
[2021-10-29 00:22:39,915] {processor.py:620} INFO - Processing file /home/airflow/.local/lib/python3.6/site-packages/airflow/example_dags/example_kubernetes_executor_config.py for tasks to queue
[2021-10-29 00:22:39,917] {logging_mixin.py:109} INFO - [2021-10-29 00:22:39,917] {dagbag.py:500} INFO - Filling up the DagBag from /home/airflow/.local/lib/python3.6/site-packages/airflow/example_dags/example_kubernetes_executor_config.py
[2021-10-29 00:22:40,103] {processor.py:632} INFO - DAG(s) dict_keys(['example_kubernetes_executor_config']) retrieved from /home/airflow/.local/lib/python3.6/site-packages/airflow/example_dags/example_kubernetes_executor_config.py
[2021-10-29 00:22:40,182] {logging_mixin.py:109} INFO - [2021-10-29 00:22:40,182] {dag.py:2389} INFO - Sync 1 DAGs
[2021-10-29 00:22:40,247] {logging_mixin.py:109} INFO - [2021-10-29 00:22:40,247] {dag.py:2914} INFO - Setting next_dagrun for example_kubernetes_executor_config to None
[2021-10-29 00:22:40,274] {processor.py:171} INFO - Processing /home/airflow/.local/lib/python3.6/site-packages/airflow/example_dags/example_kubernetes_executor_config.py took 0.402 seconds
[2021-10-29 00:23:11,110] {processor.py:163} INFO - Started process (PID=660) to work on /home/airflow/.local/lib/python3.6/site-packages/airflow/example_dags/example_kubernetes_executor_config.py
[2021-10-29 00:23:11,124] {processor.py:620} INFO - Processing file /home/airflow/.local/lib/python3.6/site-packages/airflow/example_dags/example_kubernetes_executor_config.py for tasks to queue
[2021-10-29 00:23:11,126] {logging_mixin.py:109} INFO - [2021-10-29 00:23:11,126] {dagbag.py:500} INFO - Filling up the DagBag from /home/airflow/.local/lib/python3.6/site-packages/airflow/example_dags/example_kubernetes_executor_config.py
[2021-10-29 00:23:11,200] {processor.py:632} INFO - DAG(s) dict_keys(['example_kubernetes_executor_config']) retrieved from /home/airflow/.local/lib/python3.6/site-packages/airflow/example_dags/example_kubernetes_executor_config.py
[2021-10-29 00:23:11,222] {logging_mixin.py:109} INFO - [2021-10-29 00:23:11,222] {dag.py:2389} INFO - Sync 1 DAGs
[2021-10-29 00:23:11,259] {logging_mixin.py:109} INFO - [2021-10-29 00:23:11,259] {dag.py:2914} INFO - Setting next_dagrun for example_kubernetes_executor_config to None
[2021-10-29 00:23:11,287] {processor.py:171} INFO - Processing /home/airflow/.local/lib/python3.6/site-packages/airflow/example_dags/example_kubernetes_executor_config.py took 0.180 seconds
[2021-10-29 00:23:41,716] {processor.py:163} INFO - Started process (PID=714) to work on /home/airflow/.local/lib/python3.6/site-packages/airflow/example_dags/example_kubernetes_executor_config.py
[2021-10-29 00:23:41,732] {processor.py:620} INFO - Processing file /home/airflow/.local/lib/python3.6/site-packages/airflow/example_dags/example_kubernetes_executor_config.py for tasks to queue
[2021-10-29 00:23:41,740] {logging_mixin.py:109} INFO - [2021-10-29 00:23:41,740] {dagbag.py:500} INFO - Filling up the DagBag from /home/airflow/.local/lib/python3.6/site-packages/airflow/example_dags/example_kubernetes_executor_config.py
[2021-10-29 00:23:41,861] {processor.py:632} INFO - DAG(s) dict_keys(['example_kubernetes_executor_config']) retrieved from /home/airflow/.local/lib/python3.6/site-packages/airflow/example_dags/example_kubernetes_executor_config.py
[2021-10-29 00:23:41,906] {logging_mixin.py:109} INFO - [2021-10-29 00:23:41,906] {dag.py:2389} INFO - Sync 1 DAGs
[2021-10-29 00:23:41,973] {logging_mixin.py:109} INFO - [2021-10-29 00:23:41,973] {dag.py:2914} INFO - Setting next_dagrun for example_kubernetes_executor_config to None
[2021-10-29 00:23:42,021] {processor.py:171} INFO - Processing /home/airflow/.local/lib/python3.6/site-packages/airflow/example_dags/example_kubernetes_executor_config.py took 0.308 seconds
[2021-10-29 00:24:12,098] {processor.py:163} INFO - Started process (PID=768) to work on /home/airflow/.local/lib/python3.6/site-packages/airflow/example_dags/example_kubernetes_executor_config.py
[2021-10-29 00:24:12,106] {processor.py:620} INFO - Processing file /home/airflow/.local/lib/python3.6/site-packages/airflow/example_dags/example_kubernetes_executor_config.py for tasks to queue
[2021-10-29 00:24:12,108] {logging_mixin.py:109} INFO - [2021-10-29 00:24:12,108] {dagbag.py:500} INFO - Filling up the DagBag from /home/airflow/.local/lib/python3.6/site-packages/airflow/example_dags/example_kubernetes_executor_config.py
[2021-10-29 00:24:12,188] {processor.py:632} INFO - DAG(s) dict_keys(['example_kubernetes_executor_config']) retrieved from /home/airflow/.local/lib/python3.6/site-packages/airflow/example_dags/example_kubernetes_executor_config.py
[2021-10-29 00:24:12,232] {logging_mixin.py:109} INFO - [2021-10-29 00:24:12,232] {dag.py:2389} INFO - Sync 1 DAGs
[2021-10-29 00:24:12,292] {logging_mixin.py:109} INFO - [2021-10-29 00:24:12,292] {dag.py:2914} INFO - Setting next_dagrun for example_kubernetes_executor_config to None
[2021-10-29 00:24:12,314] {processor.py:171} INFO - Processing /home/airflow/.local/lib/python3.6/site-packages/airflow/example_dags/example_kubernetes_executor_config.py took 0.228 seconds
[2021-10-29 00:24:43,027] {processor.py:163} INFO - Started process (PID=820) to work on /home/airflow/.local/lib/python3.6/site-packages/airflow/example_dags/example_kubernetes_executor_config.py
[2021-10-29 00:24:43,038] {processor.py:620} INFO - Processing file /home/airflow/.local/lib/python3.6/site-packages/airflow/example_dags/example_kubernetes_executor_config.py for tasks to queue
[2021-10-29 00:24:43,040] {logging_mixin.py:109} INFO - [2021-10-29 00:24:43,040] {dagbag.py:500} INFO - Filling up the DagBag from /home/airflow/.local/lib/python3.6/site-packages/airflow/example_dags/example_kubernetes_executor_config.py
[2021-10-29 00:24:43,096] {processor.py:632} INFO - DAG(s) dict_keys(['example_kubernetes_executor_config']) retrieved from /home/airflow/.local/lib/python3.6/site-packages/airflow/example_dags/example_kubernetes_executor_config.py
[2021-10-29 00:24:43,126] {logging_mixin.py:109} INFO - [2021-10-29 00:24:43,126] {dag.py:2389} INFO - Sync 1 DAGs
[2021-10-29 00:24:43,167] {logging_mixin.py:109} INFO - [2021-10-29 00:24:43,167] {dag.py:2914} INFO - Setting next_dagrun for example_kubernetes_executor_config to None
[2021-10-29 00:24:43,184] {processor.py:171} INFO - Processing /home/airflow/.local/lib/python3.6/site-packages/airflow/example_dags/example_kubernetes_executor_config.py took 0.159 seconds
[2021-10-29 00:25:14,373] {processor.py:163} INFO - Started process (PID=874) to work on /home/airflow/.local/lib/python3.6/site-packages/airflow/example_dags/example_kubernetes_executor_config.py
[2021-10-29 00:25:14,395] {processor.py:620} INFO - Processing file /home/airflow/.local/lib/python3.6/site-packages/airflow/example_dags/example_kubernetes_executor_config.py for tasks to queue
[2021-10-29 00:25:14,395] {logging_mixin.py:109} INFO - [2021-10-29 00:25:14,395] {dagbag.py:500} INFO - Filling up the DagBag from /home/airflow/.local/lib/python3.6/site-packages/airflow/example_dags/example_kubernetes_executor_config.py
[2021-10-29 00:25:14,490] {processor.py:632} INFO - DAG(s) dict_keys(['example_kubernetes_executor_config']) retrieved from /home/airflow/.local/lib/python3.6/site-packages/airflow/example_dags/example_kubernetes_executor_config.py
[2021-10-29 00:25:14,542] {logging_mixin.py:109} INFO - [2021-10-29 00:25:14,542] {dag.py:2389} INFO - Sync 1 DAGs
[2021-10-29 00:25:14,600] {logging_mixin.py:109} INFO - [2021-10-29 00:25:14,600] {dag.py:2914} INFO - Setting next_dagrun for example_kubernetes_executor_config to None
[2021-10-29 00:25:14,634] {processor.py:171} INFO - Processing /home/airflow/.local/lib/python3.6/site-packages/airflow/example_dags/example_kubernetes_executor_config.py took 0.264 seconds
[2021-10-29 00:25:44,981] {processor.py:163} INFO - Started process (PID=928) to work on /home/airflow/.local/lib/python3.6/site-packages/airflow/example_dags/example_kubernetes_executor_config.py
[2021-10-29 00:25:44,999] {processor.py:620} INFO - Processing file /home/airflow/.local/lib/python3.6/site-packages/airflow/example_dags/example_kubernetes_executor_config.py for tasks to queue
[2021-10-29 00:25:45,000] {logging_mixin.py:109} INFO - [2021-10-29 00:25:45,000] {dagbag.py:500} INFO - Filling up the DagBag from /home/airflow/.local/lib/python3.6/site-packages/airflow/example_dags/example_kubernetes_executor_config.py
[2021-10-29 00:25:45,060] {processor.py:632} INFO - DAG(s) dict_keys(['example_kubernetes_executor_config']) retrieved from /home/airflow/.local/lib/python3.6/site-packages/airflow/example_dags/example_kubernetes_executor_config.py
[2021-10-29 00:25:45,091] {logging_mixin.py:109} INFO - [2021-10-29 00:25:45,091] {dag.py:2389} INFO - Sync 1 DAGs
[2021-10-29 00:25:45,123] {logging_mixin.py:109} INFO - [2021-10-29 00:25:45,123] {dag.py:2914} INFO - Setting next_dagrun for example_kubernetes_executor_config to None
[2021-10-29 00:25:45,144] {processor.py:171} INFO - Processing /home/airflow/.local/lib/python3.6/site-packages/airflow/example_dags/example_kubernetes_executor_config.py took 0.166 seconds
[2021-10-29 00:26:15,749] {processor.py:163} INFO - Started process (PID=981) to work on /home/airflow/.local/lib/python3.6/site-packages/airflow/example_dags/example_kubernetes_executor_config.py
[2021-10-29 00:26:15,765] {processor.py:620} INFO - Processing file /home/airflow/.local/lib/python3.6/site-packages/airflow/example_dags/example_kubernetes_executor_config.py for tasks to queue
[2021-10-29 00:26:15,767] {logging_mixin.py:109} INFO - [2021-10-29 00:26:15,767] {dagbag.py:500} INFO - Filling up the DagBag from /home/airflow/.local/lib/python3.6/site-packages/airflow/example_dags/example_kubernetes_executor_config.py
[2021-10-29 00:26:15,827] {processor.py:632} INFO - DAG(s) dict_keys(['example_kubernetes_executor_config']) retrieved from /home/airflow/.local/lib/python3.6/site-packages/airflow/example_dags/example_kubernetes_executor_config.py
[2021-10-29 00:26:15,845] {logging_mixin.py:109} INFO - [2021-10-29 00:26:15,845] {dag.py:2389} INFO - Sync 1 DAGs
[2021-10-29 00:26:15,883] {logging_mixin.py:109} INFO - [2021-10-29 00:26:15,882] {dag.py:2914} INFO - Setting next_dagrun for example_kubernetes_executor_config to None
[2021-10-29 00:26:15,903] {processor.py:171} INFO - Processing /home/airflow/.local/lib/python3.6/site-packages/airflow/example_dags/example_kubernetes_executor_config.py took 0.158 seconds
[2021-10-29 00:26:46,260] {processor.py:163} INFO - Started process (PID=1030) to work on /home/airflow/.local/lib/python3.6/site-packages/airflow/example_dags/example_kubernetes_executor_config.py
[2021-10-29 00:26:46,285] {processor.py:620} INFO - Processing file /home/airflow/.local/lib/python3.6/site-packages/airflow/example_dags/example_kubernetes_executor_config.py for tasks to queue
[2021-10-29 00:26:46,286] {logging_mixin.py:109} INFO - [2021-10-29 00:26:46,286] {dagbag.py:500} INFO - Filling up the DagBag from /home/airflow/.local/lib/python3.6/site-packages/airflow/example_dags/example_kubernetes_executor_config.py
[2021-10-29 00:26:46,397] {processor.py:632} INFO - DAG(s) dict_keys(['example_kubernetes_executor_config']) retrieved from /home/airflow/.local/lib/python3.6/site-packages/airflow/example_dags/example_kubernetes_executor_config.py
[2021-10-29 00:26:46,448] {logging_mixin.py:109} INFO - [2021-10-29 00:26:46,448] {dag.py:2389} INFO - Sync 1 DAGs
[2021-10-29 00:26:46,511] {logging_mixin.py:109} INFO - [2021-10-29 00:26:46,510] {dag.py:2914} INFO - Setting next_dagrun for example_kubernetes_executor_config to None
[2021-10-29 00:26:46,555] {processor.py:171} INFO - Processing /home/airflow/.local/lib/python3.6/site-packages/airflow/example_dags/example_kubernetes_executor_config.py took 0.299 seconds
[2021-10-29 00:27:16,865] {processor.py:163} INFO - Started process (PID=1083) to work on /home/airflow/.local/lib/python3.6/site-packages/airflow/example_dags/example_kubernetes_executor_config.py
[2021-10-29 00:27:16,868] {processor.py:620} INFO - Processing file /home/airflow/.local/lib/python3.6/site-packages/airflow/example_dags/example_kubernetes_executor_config.py for tasks to queue
[2021-10-29 00:27:16,877] {logging_mixin.py:109} INFO - [2021-10-29 00:27:16,877] {dagbag.py:500} INFO - Filling up the DagBag from /home/airflow/.local/lib/python3.6/site-packages/airflow/example_dags/example_kubernetes_executor_config.py
[2021-10-29 00:27:16,931] {processor.py:632} INFO - DAG(s) dict_keys(['example_kubernetes_executor_config']) retrieved from /home/airflow/.local/lib/python3.6/site-packages/airflow/example_dags/example_kubernetes_executor_config.py
[2021-10-29 00:27:16,954] {logging_mixin.py:109} INFO - [2021-10-29 00:27:16,954] {dag.py:2389} INFO - Sync 1 DAGs
[2021-10-29 00:27:16,988] {logging_mixin.py:109} INFO - [2021-10-29 00:27:16,988] {dag.py:2914} INFO - Setting next_dagrun for example_kubernetes_executor_config to None
[2021-10-29 00:27:17,016] {processor.py:171} INFO - Processing /home/airflow/.local/lib/python3.6/site-packages/airflow/example_dags/example_kubernetes_executor_config.py took 0.154 seconds
[2021-10-29 00:27:47,061] {processor.py:163} INFO - Started process (PID=1138) to work on /home/airflow/.local/lib/python3.6/site-packages/airflow/example_dags/example_kubernetes_executor_config.py
[2021-10-29 00:27:47,064] {processor.py:620} INFO - Processing file /home/airflow/.local/lib/python3.6/site-packages/airflow/example_dags/example_kubernetes_executor_config.py for tasks to queue
[2021-10-29 00:27:47,067] {logging_mixin.py:109} INFO - [2021-10-29 00:27:47,067] {dagbag.py:500} INFO - Filling up the DagBag from /home/airflow/.local/lib/python3.6/site-packages/airflow/example_dags/example_kubernetes_executor_config.py
[2021-10-29 00:27:47,137] {processor.py:632} INFO - DAG(s) dict_keys(['example_kubernetes_executor_config']) retrieved from /home/airflow/.local/lib/python3.6/site-packages/airflow/example_dags/example_kubernetes_executor_config.py
[2021-10-29 00:27:47,168] {logging_mixin.py:109} INFO - [2021-10-29 00:27:47,168] {dag.py:2389} INFO - Sync 1 DAGs
[2021-10-29 00:27:47,205] {logging_mixin.py:109} INFO - [2021-10-29 00:27:47,205] {dag.py:2914} INFO - Setting next_dagrun for example_kubernetes_executor_config to None
[2021-10-29 00:27:47,226] {processor.py:171} INFO - Processing /home/airflow/.local/lib/python3.6/site-packages/airflow/example_dags/example_kubernetes_executor_config.py took 0.167 seconds
[2021-10-29 00:28:17,438] {processor.py:163} INFO - Started process (PID=1191) to work on /home/airflow/.local/lib/python3.6/site-packages/airflow/example_dags/example_kubernetes_executor_config.py
[2021-10-29 00:28:17,445] {processor.py:620} INFO - Processing file /home/airflow/.local/lib/python3.6/site-packages/airflow/example_dags/example_kubernetes_executor_config.py for tasks to queue
[2021-10-29 00:28:17,451] {logging_mixin.py:109} INFO - [2021-10-29 00:28:17,451] {dagbag.py:500} INFO - Filling up the DagBag from /home/airflow/.local/lib/python3.6/site-packages/airflow/example_dags/example_kubernetes_executor_config.py
[2021-10-29 00:28:17,517] {processor.py:632} INFO - DAG(s) dict_keys(['example_kubernetes_executor_config']) retrieved from /home/airflow/.local/lib/python3.6/site-packages/airflow/example_dags/example_kubernetes_executor_config.py
[2021-10-29 00:28:17,550] {logging_mixin.py:109} INFO - [2021-10-29 00:28:17,550] {dag.py:2389} INFO - Sync 1 DAGs
[2021-10-29 00:28:17,577] {logging_mixin.py:109} INFO - [2021-10-29 00:28:17,577] {dag.py:2914} INFO - Setting next_dagrun for example_kubernetes_executor_config to None
[2021-10-29 00:28:17,646] {processor.py:171} INFO - Processing /home/airflow/.local/lib/python3.6/site-packages/airflow/example_dags/example_kubernetes_executor_config.py took 0.211 seconds
[2021-10-29 00:28:48,413] {processor.py:163} INFO - Started process (PID=1244) to work on /home/airflow/.local/lib/python3.6/site-packages/airflow/example_dags/example_kubernetes_executor_config.py
[2021-10-29 00:28:48,416] {processor.py:620} INFO - Processing file /home/airflow/.local/lib/python3.6/site-packages/airflow/example_dags/example_kubernetes_executor_config.py for tasks to queue
[2021-10-29 00:28:48,418] {logging_mixin.py:109} INFO - [2021-10-29 00:28:48,418] {dagbag.py:500} INFO - Filling up the DagBag from /home/airflow/.local/lib/python3.6/site-packages/airflow/example_dags/example_kubernetes_executor_config.py
[2021-10-29 00:28:48,477] {processor.py:632} INFO - DAG(s) dict_keys(['example_kubernetes_executor_config']) retrieved from /home/airflow/.local/lib/python3.6/site-packages/airflow/example_dags/example_kubernetes_executor_config.py
[2021-10-29 00:28:48,507] {logging_mixin.py:109} INFO - [2021-10-29 00:28:48,507] {dag.py:2389} INFO - Sync 1 DAGs
[2021-10-29 00:28:48,539] {logging_mixin.py:109} INFO - [2021-10-29 00:28:48,539] {dag.py:2914} INFO - Setting next_dagrun for example_kubernetes_executor_config to None
[2021-10-29 00:28:48,574] {processor.py:171} INFO - Processing /home/airflow/.local/lib/python3.6/site-packages/airflow/example_dags/example_kubernetes_executor_config.py took 0.163 seconds
[2021-10-29 00:29:18,641] {processor.py:163} INFO - Started process (PID=1298) to work on /home/airflow/.local/lib/python3.6/site-packages/airflow/example_dags/example_kubernetes_executor_config.py
[2021-10-29 00:29:18,653] {processor.py:620} INFO - Processing file /home/airflow/.local/lib/python3.6/site-packages/airflow/example_dags/example_kubernetes_executor_config.py for tasks to queue
[2021-10-29 00:29:18,655] {logging_mixin.py:109} INFO - [2021-10-29 00:29:18,655] {dagbag.py:500} INFO - Filling up the DagBag from /home/airflow/.local/lib/python3.6/site-packages/airflow/example_dags/example_kubernetes_executor_config.py
[2021-10-29 00:29:18,714] {processor.py:632} INFO - DAG(s) dict_keys(['example_kubernetes_executor_config']) retrieved from /home/airflow/.local/lib/python3.6/site-packages/airflow/example_dags/example_kubernetes_executor_config.py
[2021-10-29 00:29:18,744] {logging_mixin.py:109} INFO - [2021-10-29 00:29:18,744] {dag.py:2389} INFO - Sync 1 DAGs
[2021-10-29 00:29:18,779] {logging_mixin.py:109} INFO - [2021-10-29 00:29:18,779] {dag.py:2914} INFO - Setting next_dagrun for example_kubernetes_executor_config to None
[2021-10-29 00:29:18,798] {processor.py:171} INFO - Processing /home/airflow/.local/lib/python3.6/site-packages/airflow/example_dags/example_kubernetes_executor_config.py took 0.161 seconds
[2021-10-29 00:29:49,587] {processor.py:163} INFO - Started process (PID=1351) to work on /home/airflow/.local/lib/python3.6/site-packages/airflow/example_dags/example_kubernetes_executor_config.py
[2021-10-29 00:29:49,595] {processor.py:620} INFO - Processing file /home/airflow/.local/lib/python3.6/site-packages/airflow/example_dags/example_kubernetes_executor_config.py for tasks to queue
[2021-10-29 00:29:49,605] {logging_mixin.py:109} INFO - [2021-10-29 00:29:49,605] {dagbag.py:500} INFO - Filling up the DagBag from /home/airflow/.local/lib/python3.6/site-packages/airflow/example_dags/example_kubernetes_executor_config.py
[2021-10-29 00:29:49,686] {processor.py:632} INFO - DAG(s) dict_keys(['example_kubernetes_executor_config']) retrieved from /home/airflow/.local/lib/python3.6/site-packages/airflow/example_dags/example_kubernetes_executor_config.py
[2021-10-29 00:29:49,739] {logging_mixin.py:109} INFO - [2021-10-29 00:29:49,739] {dag.py:2389} INFO - Sync 1 DAGs
[2021-10-29 00:29:49,775] {logging_mixin.py:109} INFO - [2021-10-29 00:29:49,775] {dag.py:2914} INFO - Setting next_dagrun for example_kubernetes_executor_config to None
[2021-10-29 00:29:49,796] {processor.py:171} INFO - Processing /home/airflow/.local/lib/python3.6/site-packages/airflow/example_dags/example_kubernetes_executor_config.py took 0.212 seconds
[2021-10-29 00:30:19,835] {processor.py:163} INFO - Started process (PID=1405) to work on /home/airflow/.local/lib/python3.6/site-packages/airflow/example_dags/example_kubernetes_executor_config.py
[2021-10-29 00:30:19,840] {processor.py:620} INFO - Processing file /home/airflow/.local/lib/python3.6/site-packages/airflow/example_dags/example_kubernetes_executor_config.py for tasks to queue
[2021-10-29 00:30:19,842] {logging_mixin.py:109} INFO - [2021-10-29 00:30:19,842] {dagbag.py:500} INFO - Filling up the DagBag from /home/airflow/.local/lib/python3.6/site-packages/airflow/example_dags/example_kubernetes_executor_config.py
[2021-10-29 00:30:19,903] {processor.py:632} INFO - DAG(s) dict_keys(['example_kubernetes_executor_config']) retrieved from /home/airflow/.local/lib/python3.6/site-packages/airflow/example_dags/example_kubernetes_executor_config.py
[2021-10-29 00:30:19,914] {logging_mixin.py:109} INFO - [2021-10-29 00:30:19,914] {dag.py:2389} INFO - Sync 1 DAGs
[2021-10-29 00:30:19,930] {logging_mixin.py:109} INFO - [2021-10-29 00:30:19,930] {dag.py:2914} INFO - Setting next_dagrun for example_kubernetes_executor_config to None
[2021-10-29 00:30:19,940] {processor.py:171} INFO - Processing /home/airflow/.local/lib/python3.6/site-packages/airflow/example_dags/example_kubernetes_executor_config.py took 0.108 seconds
[2021-10-29 00:30:50,231] {processor.py:163} INFO - Started process (PID=1459) to work on /home/airflow/.local/lib/python3.6/site-packages/airflow/example_dags/example_kubernetes_executor_config.py
[2021-10-29 00:30:50,244] {processor.py:620} INFO - Processing file /home/airflow/.local/lib/python3.6/site-packages/airflow/example_dags/example_kubernetes_executor_config.py for tasks to queue
[2021-10-29 00:30:50,246] {logging_mixin.py:109} INFO - [2021-10-29 00:30:50,246] {dagbag.py:500} INFO - Filling up the DagBag from /home/airflow/.local/lib/python3.6/site-packages/airflow/example_dags/example_kubernetes_executor_config.py
[2021-10-29 00:30:50,358] {processor.py:632} INFO - DAG(s) dict_keys(['example_kubernetes_executor_config']) retrieved from /home/airflow/.local/lib/python3.6/site-packages/airflow/example_dags/example_kubernetes_executor_config.py
[2021-10-29 00:30:50,394] {logging_mixin.py:109} INFO - [2021-10-29 00:30:50,394] {dag.py:2389} INFO - Sync 1 DAGs
[2021-10-29 00:30:50,443] {logging_mixin.py:109} INFO - [2021-10-29 00:30:50,443] {dag.py:2914} INFO - Setting next_dagrun for example_kubernetes_executor_config to None
[2021-10-29 00:30:50,472] {processor.py:171} INFO - Processing /home/airflow/.local/lib/python3.6/site-packages/airflow/example_dags/example_kubernetes_executor_config.py took 0.244 seconds
[2021-10-29 00:31:20,918] {processor.py:163} INFO - Started process (PID=1512) to work on /home/airflow/.local/lib/python3.6/site-packages/airflow/example_dags/example_kubernetes_executor_config.py
[2021-10-29 00:31:20,927] {processor.py:620} INFO - Processing file /home/airflow/.local/lib/python3.6/site-packages/airflow/example_dags/example_kubernetes_executor_config.py for tasks to queue
[2021-10-29 00:31:20,927] {logging_mixin.py:109} INFO - [2021-10-29 00:31:20,927] {dagbag.py:500} INFO - Filling up the DagBag from /home/airflow/.local/lib/python3.6/site-packages/airflow/example_dags/example_kubernetes_executor_config.py
[2021-10-29 00:31:21,084] {processor.py:632} INFO - DAG(s) dict_keys(['example_kubernetes_executor_config']) retrieved from /home/airflow/.local/lib/python3.6/site-packages/airflow/example_dags/example_kubernetes_executor_config.py
[2021-10-29 00:31:21,160] {logging_mixin.py:109} INFO - [2021-10-29 00:31:21,160] {dag.py:2389} INFO - Sync 1 DAGs
[2021-10-29 00:31:21,267] {logging_mixin.py:109} INFO - [2021-10-29 00:31:21,267] {dag.py:2914} INFO - Setting next_dagrun for example_kubernetes_executor_config to None
[2021-10-29 00:31:21,318] {processor.py:171} INFO - Processing /home/airflow/.local/lib/python3.6/site-packages/airflow/example_dags/example_kubernetes_executor_config.py took 0.419 seconds
[2021-10-29 00:31:51,699] {processor.py:163} INFO - Started process (PID=1556) to work on /home/airflow/.local/lib/python3.6/site-packages/airflow/example_dags/example_kubernetes_executor_config.py
[2021-10-29 00:31:51,744] {processor.py:620} INFO - Processing file /home/airflow/.local/lib/python3.6/site-packages/airflow/example_dags/example_kubernetes_executor_config.py for tasks to queue
[2021-10-29 00:31:51,745] {logging_mixin.py:109} INFO - [2021-10-29 00:31:51,745] {dagbag.py:500} INFO - Filling up the DagBag from /home/airflow/.local/lib/python3.6/site-packages/airflow/example_dags/example_kubernetes_executor_config.py
[2021-10-29 00:31:51,848] {processor.py:632} INFO - DAG(s) dict_keys(['example_kubernetes_executor_config']) retrieved from /home/airflow/.local/lib/python3.6/site-packages/airflow/example_dags/example_kubernetes_executor_config.py
[2021-10-29 00:31:51,906] {logging_mixin.py:109} INFO - [2021-10-29 00:31:51,906] {dag.py:2389} INFO - Sync 1 DAGs
[2021-10-29 00:31:51,957] {logging_mixin.py:109} INFO - [2021-10-29 00:31:51,957] {dag.py:2914} INFO - Setting next_dagrun for example_kubernetes_executor_config to None
[2021-10-29 00:31:52,000] {processor.py:171} INFO - Processing /home/airflow/.local/lib/python3.6/site-packages/airflow/example_dags/example_kubernetes_executor_config.py took 0.333 seconds
[2021-10-29 00:32:22,274] {processor.py:163} INFO - Started process (PID=1610) to work on /home/airflow/.local/lib/python3.6/site-packages/airflow/example_dags/example_kubernetes_executor_config.py
[2021-10-29 00:32:22,285] {processor.py:620} INFO - Processing file /home/airflow/.local/lib/python3.6/site-packages/airflow/example_dags/example_kubernetes_executor_config.py for tasks to queue
[2021-10-29 00:32:22,285] {logging_mixin.py:109} INFO - [2021-10-29 00:32:22,285] {dagbag.py:500} INFO - Filling up the DagBag from /home/airflow/.local/lib/python3.6/site-packages/airflow/example_dags/example_kubernetes_executor_config.py
