[2021-10-29 00:17:58,926] {processor.py:163} INFO - Started process (PID=171) to work on /home/airflow/.local/lib/python3.6/site-packages/airflow/example_dags/example_branch_operator.py
[2021-10-29 00:17:59,031] {processor.py:620} INFO - Processing file /home/airflow/.local/lib/python3.6/site-packages/airflow/example_dags/example_branch_operator.py for tasks to queue
[2021-10-29 00:17:59,074] {logging_mixin.py:109} INFO - [2021-10-29 00:17:59,074] {dagbag.py:500} INFO - Filling up the DagBag from /home/airflow/.local/lib/python3.6/site-packages/airflow/example_dags/example_branch_operator.py
[2021-10-29 00:17:59,449] {processor.py:632} INFO - DAG(s) dict_keys(['example_branch_operator']) retrieved from /home/airflow/.local/lib/python3.6/site-packages/airflow/example_dags/example_branch_operator.py
[2021-10-29 00:17:59,506] {logging_mixin.py:109} INFO - [2021-10-29 00:17:59,506] {dag.py:2389} INFO - Sync 1 DAGs
[2021-10-29 00:17:59,644] {logging_mixin.py:109} INFO - [2021-10-29 00:17:59,644] {dag.py:2914} INFO - Setting next_dagrun for example_branch_operator to 2021-10-28 00:00:00+00:00
[2021-10-29 00:17:59,680] {processor.py:171} INFO - Processing /home/airflow/.local/lib/python3.6/site-packages/airflow/example_dags/example_branch_operator.py took 0.757 seconds
[2021-10-29 00:18:29,793] {processor.py:163} INFO - Started process (PID=215) to work on /home/airflow/.local/lib/python3.6/site-packages/airflow/example_dags/example_branch_operator.py
[2021-10-29 00:18:29,800] {processor.py:620} INFO - Processing file /home/airflow/.local/lib/python3.6/site-packages/airflow/example_dags/example_branch_operator.py for tasks to queue
[2021-10-29 00:18:29,802] {logging_mixin.py:109} INFO - [2021-10-29 00:18:29,802] {dagbag.py:500} INFO - Filling up the DagBag from /home/airflow/.local/lib/python3.6/site-packages/airflow/example_dags/example_branch_operator.py
[2021-10-29 00:18:29,830] {processor.py:632} INFO - DAG(s) dict_keys(['example_branch_operator']) retrieved from /home/airflow/.local/lib/python3.6/site-packages/airflow/example_dags/example_branch_operator.py
[2021-10-29 00:18:29,841] {logging_mixin.py:109} INFO - [2021-10-29 00:18:29,841] {dag.py:2389} INFO - Sync 1 DAGs
[2021-10-29 00:18:29,859] {logging_mixin.py:109} INFO - [2021-10-29 00:18:29,859] {dag.py:2914} INFO - Setting next_dagrun for example_branch_operator to 2021-10-28 00:00:00+00:00
[2021-10-29 00:18:29,871] {processor.py:171} INFO - Processing /home/airflow/.local/lib/python3.6/site-packages/airflow/example_dags/example_branch_operator.py took 0.080 seconds
[2021-10-29 00:18:59,978] {processor.py:163} INFO - Started process (PID=268) to work on /home/airflow/.local/lib/python3.6/site-packages/airflow/example_dags/example_branch_operator.py
[2021-10-29 00:18:59,983] {processor.py:620} INFO - Processing file /home/airflow/.local/lib/python3.6/site-packages/airflow/example_dags/example_branch_operator.py for tasks to queue
[2021-10-29 00:18:59,986] {logging_mixin.py:109} INFO - [2021-10-29 00:18:59,985] {dagbag.py:500} INFO - Filling up the DagBag from /home/airflow/.local/lib/python3.6/site-packages/airflow/example_dags/example_branch_operator.py
[2021-10-29 00:19:00,080] {processor.py:632} INFO - DAG(s) dict_keys(['example_branch_operator']) retrieved from /home/airflow/.local/lib/python3.6/site-packages/airflow/example_dags/example_branch_operator.py
[2021-10-29 00:19:00,109] {logging_mixin.py:109} INFO - [2021-10-29 00:19:00,109] {dag.py:2389} INFO - Sync 1 DAGs
[2021-10-29 00:19:00,129] {logging_mixin.py:109} INFO - [2021-10-29 00:19:00,129] {dag.py:2914} INFO - Setting next_dagrun for example_branch_operator to 2021-10-28 00:00:00+00:00
[2021-10-29 00:19:00,146] {processor.py:171} INFO - Processing /home/airflow/.local/lib/python3.6/site-packages/airflow/example_dags/example_branch_operator.py took 0.171 seconds
[2021-10-29 00:19:30,343] {processor.py:163} INFO - Started process (PID=321) to work on /home/airflow/.local/lib/python3.6/site-packages/airflow/example_dags/example_branch_operator.py
[2021-10-29 00:19:30,348] {processor.py:620} INFO - Processing file /home/airflow/.local/lib/python3.6/site-packages/airflow/example_dags/example_branch_operator.py for tasks to queue
[2021-10-29 00:19:30,349] {logging_mixin.py:109} INFO - [2021-10-29 00:19:30,349] {dagbag.py:500} INFO - Filling up the DagBag from /home/airflow/.local/lib/python3.6/site-packages/airflow/example_dags/example_branch_operator.py
[2021-10-29 00:19:30,410] {processor.py:632} INFO - DAG(s) dict_keys(['example_branch_operator']) retrieved from /home/airflow/.local/lib/python3.6/site-packages/airflow/example_dags/example_branch_operator.py
[2021-10-29 00:19:30,420] {logging_mixin.py:109} INFO - [2021-10-29 00:19:30,420] {dag.py:2389} INFO - Sync 1 DAGs
[2021-10-29 00:19:30,439] {logging_mixin.py:109} INFO - [2021-10-29 00:19:30,439] {dag.py:2914} INFO - Setting next_dagrun for example_branch_operator to 2021-10-28 00:00:00+00:00
[2021-10-29 00:19:30,450] {processor.py:171} INFO - Processing /home/airflow/.local/lib/python3.6/site-packages/airflow/example_dags/example_branch_operator.py took 0.110 seconds
[2021-10-29 00:20:02,565] {processor.py:163} INFO - Started process (PID=375) to work on /home/airflow/.local/lib/python3.6/site-packages/airflow/example_dags/example_branch_operator.py
[2021-10-29 00:20:02,579] {processor.py:620} INFO - Processing file /home/airflow/.local/lib/python3.6/site-packages/airflow/example_dags/example_branch_operator.py for tasks to queue
[2021-10-29 00:20:02,580] {logging_mixin.py:109} INFO - [2021-10-29 00:20:02,580] {dagbag.py:500} INFO - Filling up the DagBag from /home/airflow/.local/lib/python3.6/site-packages/airflow/example_dags/example_branch_operator.py
[2021-10-29 00:20:02,660] {processor.py:632} INFO - DAG(s) dict_keys(['example_branch_operator']) retrieved from /home/airflow/.local/lib/python3.6/site-packages/airflow/example_dags/example_branch_operator.py
[2021-10-29 00:20:02,691] {logging_mixin.py:109} INFO - [2021-10-29 00:20:02,691] {dag.py:2389} INFO - Sync 1 DAGs
[2021-10-29 00:20:02,727] {logging_mixin.py:109} INFO - [2021-10-29 00:20:02,727] {dag.py:2914} INFO - Setting next_dagrun for example_branch_operator to 2021-10-28 00:00:00+00:00
[2021-10-29 00:20:02,746] {processor.py:171} INFO - Processing /home/airflow/.local/lib/python3.6/site-packages/airflow/example_dags/example_branch_operator.py took 0.184 seconds
[2021-10-29 00:20:34,167] {processor.py:163} INFO - Started process (PID=430) to work on /home/airflow/.local/lib/python3.6/site-packages/airflow/example_dags/example_branch_operator.py
[2021-10-29 00:20:34,179] {processor.py:620} INFO - Processing file /home/airflow/.local/lib/python3.6/site-packages/airflow/example_dags/example_branch_operator.py for tasks to queue
[2021-10-29 00:20:34,180] {logging_mixin.py:109} INFO - [2021-10-29 00:20:34,180] {dagbag.py:500} INFO - Filling up the DagBag from /home/airflow/.local/lib/python3.6/site-packages/airflow/example_dags/example_branch_operator.py
[2021-10-29 00:20:34,336] {processor.py:632} INFO - DAG(s) dict_keys(['example_branch_operator']) retrieved from /home/airflow/.local/lib/python3.6/site-packages/airflow/example_dags/example_branch_operator.py
[2021-10-29 00:20:34,377] {logging_mixin.py:109} INFO - [2021-10-29 00:20:34,372] {dag.py:2389} INFO - Sync 1 DAGs
[2021-10-29 00:20:34,438] {logging_mixin.py:109} INFO - [2021-10-29 00:20:34,438] {dag.py:2914} INFO - Setting next_dagrun for example_branch_operator to 2021-10-28 00:00:00+00:00
[2021-10-29 00:20:34,467] {processor.py:171} INFO - Processing /home/airflow/.local/lib/python3.6/site-packages/airflow/example_dags/example_branch_operator.py took 0.316 seconds
[2021-10-29 00:21:05,589] {processor.py:163} INFO - Started process (PID=484) to work on /home/airflow/.local/lib/python3.6/site-packages/airflow/example_dags/example_branch_operator.py
[2021-10-29 00:21:05,634] {processor.py:620} INFO - Processing file /home/airflow/.local/lib/python3.6/site-packages/airflow/example_dags/example_branch_operator.py for tasks to queue
[2021-10-29 00:21:05,647] {logging_mixin.py:109} INFO - [2021-10-29 00:21:05,646] {dagbag.py:500} INFO - Filling up the DagBag from /home/airflow/.local/lib/python3.6/site-packages/airflow/example_dags/example_branch_operator.py
[2021-10-29 00:21:05,905] {processor.py:632} INFO - DAG(s) dict_keys(['example_branch_operator']) retrieved from /home/airflow/.local/lib/python3.6/site-packages/airflow/example_dags/example_branch_operator.py
[2021-10-29 00:21:06,001] {logging_mixin.py:109} INFO - [2021-10-29 00:21:06,001] {dag.py:2389} INFO - Sync 1 DAGs
[2021-10-29 00:21:06,067] {logging_mixin.py:109} INFO - [2021-10-29 00:21:06,067] {dag.py:2914} INFO - Setting next_dagrun for example_branch_operator to 2021-10-28 00:00:00+00:00
[2021-10-29 00:21:06,100] {processor.py:171} INFO - Processing /home/airflow/.local/lib/python3.6/site-packages/airflow/example_dags/example_branch_operator.py took 0.514 seconds
[2021-10-29 00:21:50,988] {processor.py:163} INFO - Started process (PID=541) to work on /home/airflow/.local/lib/python3.6/site-packages/airflow/example_dags/example_branch_operator.py
[2021-10-29 00:21:51,039] {processor.py:620} INFO - Processing file /home/airflow/.local/lib/python3.6/site-packages/airflow/example_dags/example_branch_operator.py for tasks to queue
[2021-10-29 00:21:51,041] {logging_mixin.py:109} INFO - [2021-10-29 00:21:51,040] {dagbag.py:500} INFO - Filling up the DagBag from /home/airflow/.local/lib/python3.6/site-packages/airflow/example_dags/example_branch_operator.py
[2021-10-29 00:21:52,693] {processor.py:632} INFO - DAG(s) dict_keys(['example_branch_operator']) retrieved from /home/airflow/.local/lib/python3.6/site-packages/airflow/example_dags/example_branch_operator.py
[2021-10-29 00:21:53,105] {logging_mixin.py:109} INFO - [2021-10-29 00:21:53,104] {dag.py:2389} INFO - Sync 1 DAGs
[2021-10-29 00:21:53,597] {logging_mixin.py:109} INFO - [2021-10-29 00:21:53,597] {dag.py:2914} INFO - Setting next_dagrun for example_branch_operator to 2021-10-28 00:00:00+00:00
[2021-10-29 00:21:53,922] {processor.py:171} INFO - Processing /home/airflow/.local/lib/python3.6/site-packages/airflow/example_dags/example_branch_operator.py took 3.170 seconds
[2021-10-29 00:22:39,403] {processor.py:163} INFO - Started process (PID=605) to work on /home/airflow/.local/lib/python3.6/site-packages/airflow/example_dags/example_branch_operator.py
[2021-10-29 00:22:39,421] {processor.py:620} INFO - Processing file /home/airflow/.local/lib/python3.6/site-packages/airflow/example_dags/example_branch_operator.py for tasks to queue
[2021-10-29 00:22:39,441] {logging_mixin.py:109} INFO - [2021-10-29 00:22:39,426] {dagbag.py:500} INFO - Filling up the DagBag from /home/airflow/.local/lib/python3.6/site-packages/airflow/example_dags/example_branch_operator.py
[2021-10-29 00:22:39,591] {processor.py:632} INFO - DAG(s) dict_keys(['example_branch_operator']) retrieved from /home/airflow/.local/lib/python3.6/site-packages/airflow/example_dags/example_branch_operator.py
[2021-10-29 00:22:39,667] {logging_mixin.py:109} INFO - [2021-10-29 00:22:39,666] {dag.py:2389} INFO - Sync 1 DAGs
[2021-10-29 00:22:39,760] {logging_mixin.py:109} INFO - [2021-10-29 00:22:39,760] {dag.py:2914} INFO - Setting next_dagrun for example_branch_operator to 2021-10-28 00:00:00+00:00
[2021-10-29 00:22:39,818] {processor.py:171} INFO - Processing /home/airflow/.local/lib/python3.6/site-packages/airflow/example_dags/example_branch_operator.py took 0.433 seconds
[2021-10-29 00:23:09,991] {processor.py:163} INFO - Started process (PID=659) to work on /home/airflow/.local/lib/python3.6/site-packages/airflow/example_dags/example_branch_operator.py
[2021-10-29 00:23:09,996] {processor.py:620} INFO - Processing file /home/airflow/.local/lib/python3.6/site-packages/airflow/example_dags/example_branch_operator.py for tasks to queue
[2021-10-29 00:23:10,011] {logging_mixin.py:109} INFO - [2021-10-29 00:23:10,011] {dagbag.py:500} INFO - Filling up the DagBag from /home/airflow/.local/lib/python3.6/site-packages/airflow/example_dags/example_branch_operator.py
[2021-10-29 00:23:10,110] {processor.py:632} INFO - DAG(s) dict_keys(['example_branch_operator']) retrieved from /home/airflow/.local/lib/python3.6/site-packages/airflow/example_dags/example_branch_operator.py
[2021-10-29 00:23:10,143] {logging_mixin.py:109} INFO - [2021-10-29 00:23:10,143] {dag.py:2389} INFO - Sync 1 DAGs
[2021-10-29 00:23:10,184] {logging_mixin.py:109} INFO - [2021-10-29 00:23:10,184] {dag.py:2914} INFO - Setting next_dagrun for example_branch_operator to 2021-10-28 00:00:00+00:00
[2021-10-29 00:23:10,195] {processor.py:171} INFO - Processing /home/airflow/.local/lib/python3.6/site-packages/airflow/example_dags/example_branch_operator.py took 0.208 seconds
[2021-10-29 00:23:40,604] {processor.py:163} INFO - Started process (PID=713) to work on /home/airflow/.local/lib/python3.6/site-packages/airflow/example_dags/example_branch_operator.py
[2021-10-29 00:23:40,617] {processor.py:620} INFO - Processing file /home/airflow/.local/lib/python3.6/site-packages/airflow/example_dags/example_branch_operator.py for tasks to queue
[2021-10-29 00:23:40,617] {logging_mixin.py:109} INFO - [2021-10-29 00:23:40,617] {dagbag.py:500} INFO - Filling up the DagBag from /home/airflow/.local/lib/python3.6/site-packages/airflow/example_dags/example_branch_operator.py
[2021-10-29 00:23:40,691] {processor.py:632} INFO - DAG(s) dict_keys(['example_branch_operator']) retrieved from /home/airflow/.local/lib/python3.6/site-packages/airflow/example_dags/example_branch_operator.py
[2021-10-29 00:23:40,703] {logging_mixin.py:109} INFO - [2021-10-29 00:23:40,703] {dag.py:2389} INFO - Sync 1 DAGs
[2021-10-29 00:23:40,737] {logging_mixin.py:109} INFO - [2021-10-29 00:23:40,737] {dag.py:2914} INFO - Setting next_dagrun for example_branch_operator to 2021-10-28 00:00:00+00:00
[2021-10-29 00:23:40,749] {processor.py:171} INFO - Processing /home/airflow/.local/lib/python3.6/site-packages/airflow/example_dags/example_branch_operator.py took 0.160 seconds
[2021-10-29 00:24:11,904] {processor.py:163} INFO - Started process (PID=767) to work on /home/airflow/.local/lib/python3.6/site-packages/airflow/example_dags/example_branch_operator.py
[2021-10-29 00:24:11,922] {processor.py:620} INFO - Processing file /home/airflow/.local/lib/python3.6/site-packages/airflow/example_dags/example_branch_operator.py for tasks to queue
[2021-10-29 00:24:11,924] {logging_mixin.py:109} INFO - [2021-10-29 00:24:11,924] {dagbag.py:500} INFO - Filling up the DagBag from /home/airflow/.local/lib/python3.6/site-packages/airflow/example_dags/example_branch_operator.py
[2021-10-29 00:24:11,995] {processor.py:632} INFO - DAG(s) dict_keys(['example_branch_operator']) retrieved from /home/airflow/.local/lib/python3.6/site-packages/airflow/example_dags/example_branch_operator.py
[2021-10-29 00:24:12,014] {logging_mixin.py:109} INFO - [2021-10-29 00:24:12,014] {dag.py:2389} INFO - Sync 1 DAGs
[2021-10-29 00:24:12,059] {logging_mixin.py:109} INFO - [2021-10-29 00:24:12,059] {dag.py:2914} INFO - Setting next_dagrun for example_branch_operator to 2021-10-28 00:00:00+00:00
[2021-10-29 00:24:12,079] {processor.py:171} INFO - Processing /home/airflow/.local/lib/python3.6/site-packages/airflow/example_dags/example_branch_operator.py took 0.179 seconds
[2021-10-29 00:24:43,232] {processor.py:163} INFO - Started process (PID=823) to work on /home/airflow/.local/lib/python3.6/site-packages/airflow/example_dags/example_branch_operator.py
[2021-10-29 00:24:43,250] {processor.py:620} INFO - Processing file /home/airflow/.local/lib/python3.6/site-packages/airflow/example_dags/example_branch_operator.py for tasks to queue
[2021-10-29 00:24:43,252] {logging_mixin.py:109} INFO - [2021-10-29 00:24:43,252] {dagbag.py:500} INFO - Filling up the DagBag from /home/airflow/.local/lib/python3.6/site-packages/airflow/example_dags/example_branch_operator.py
[2021-10-29 00:24:43,323] {processor.py:632} INFO - DAG(s) dict_keys(['example_branch_operator']) retrieved from /home/airflow/.local/lib/python3.6/site-packages/airflow/example_dags/example_branch_operator.py
[2021-10-29 00:24:43,346] {logging_mixin.py:109} INFO - [2021-10-29 00:24:43,346] {dag.py:2389} INFO - Sync 1 DAGs
[2021-10-29 00:24:43,387] {logging_mixin.py:109} INFO - [2021-10-29 00:24:43,387] {dag.py:2914} INFO - Setting next_dagrun for example_branch_operator to 2021-10-28 00:00:00+00:00
[2021-10-29 00:24:43,398] {processor.py:171} INFO - Processing /home/airflow/.local/lib/python3.6/site-packages/airflow/example_dags/example_branch_operator.py took 0.168 seconds
[2021-10-29 00:25:14,741] {processor.py:163} INFO - Started process (PID=877) to work on /home/airflow/.local/lib/python3.6/site-packages/airflow/example_dags/example_branch_operator.py
[2021-10-29 00:25:14,772] {processor.py:620} INFO - Processing file /home/airflow/.local/lib/python3.6/site-packages/airflow/example_dags/example_branch_operator.py for tasks to queue
[2021-10-29 00:25:14,777] {logging_mixin.py:109} INFO - [2021-10-29 00:25:14,777] {dagbag.py:500} INFO - Filling up the DagBag from /home/airflow/.local/lib/python3.6/site-packages/airflow/example_dags/example_branch_operator.py
[2021-10-29 00:25:14,887] {processor.py:632} INFO - DAG(s) dict_keys(['example_branch_operator']) retrieved from /home/airflow/.local/lib/python3.6/site-packages/airflow/example_dags/example_branch_operator.py
[2021-10-29 00:25:14,922] {logging_mixin.py:109} INFO - [2021-10-29 00:25:14,922] {dag.py:2389} INFO - Sync 1 DAGs
[2021-10-29 00:25:14,996] {logging_mixin.py:109} INFO - [2021-10-29 00:25:14,996] {dag.py:2914} INFO - Setting next_dagrun for example_branch_operator to 2021-10-28 00:00:00+00:00
[2021-10-29 00:25:15,043] {processor.py:171} INFO - Processing /home/airflow/.local/lib/python3.6/site-packages/airflow/example_dags/example_branch_operator.py took 0.304 seconds
[2021-10-29 00:25:45,210] {processor.py:163} INFO - Started process (PID=931) to work on /home/airflow/.local/lib/python3.6/site-packages/airflow/example_dags/example_branch_operator.py
[2021-10-29 00:25:45,212] {processor.py:620} INFO - Processing file /home/airflow/.local/lib/python3.6/site-packages/airflow/example_dags/example_branch_operator.py for tasks to queue
[2021-10-29 00:25:45,214] {logging_mixin.py:109} INFO - [2021-10-29 00:25:45,214] {dagbag.py:500} INFO - Filling up the DagBag from /home/airflow/.local/lib/python3.6/site-packages/airflow/example_dags/example_branch_operator.py
[2021-10-29 00:25:45,286] {processor.py:632} INFO - DAG(s) dict_keys(['example_branch_operator']) retrieved from /home/airflow/.local/lib/python3.6/site-packages/airflow/example_dags/example_branch_operator.py
[2021-10-29 00:25:45,307] {logging_mixin.py:109} INFO - [2021-10-29 00:25:45,306] {dag.py:2389} INFO - Sync 1 DAGs
[2021-10-29 00:25:45,348] {logging_mixin.py:109} INFO - [2021-10-29 00:25:45,348] {dag.py:2914} INFO - Setting next_dagrun for example_branch_operator to 2021-10-28 00:00:00+00:00
[2021-10-29 00:25:45,367] {processor.py:171} INFO - Processing /home/airflow/.local/lib/python3.6/site-packages/airflow/example_dags/example_branch_operator.py took 0.160 seconds
[2021-10-29 00:26:16,284] {processor.py:163} INFO - Started process (PID=985) to work on /home/airflow/.local/lib/python3.6/site-packages/airflow/example_dags/example_branch_operator.py
[2021-10-29 00:26:16,297] {processor.py:620} INFO - Processing file /home/airflow/.local/lib/python3.6/site-packages/airflow/example_dags/example_branch_operator.py for tasks to queue
[2021-10-29 00:26:16,299] {logging_mixin.py:109} INFO - [2021-10-29 00:26:16,299] {dagbag.py:500} INFO - Filling up the DagBag from /home/airflow/.local/lib/python3.6/site-packages/airflow/example_dags/example_branch_operator.py
[2021-10-29 00:26:16,369] {processor.py:632} INFO - DAG(s) dict_keys(['example_branch_operator']) retrieved from /home/airflow/.local/lib/python3.6/site-packages/airflow/example_dags/example_branch_operator.py
[2021-10-29 00:26:16,387] {logging_mixin.py:109} INFO - [2021-10-29 00:26:16,386] {dag.py:2389} INFO - Sync 1 DAGs
[2021-10-29 00:26:16,422] {logging_mixin.py:109} INFO - [2021-10-29 00:26:16,422] {dag.py:2914} INFO - Setting next_dagrun for example_branch_operator to 2021-10-28 00:00:00+00:00
[2021-10-29 00:26:16,438] {processor.py:171} INFO - Processing /home/airflow/.local/lib/python3.6/site-packages/airflow/example_dags/example_branch_operator.py took 0.157 seconds
[2021-10-29 00:26:48,104] {processor.py:163} INFO - Started process (PID=1040) to work on /home/airflow/.local/lib/python3.6/site-packages/airflow/example_dags/example_branch_operator.py
[2021-10-29 00:26:48,117] {processor.py:620} INFO - Processing file /home/airflow/.local/lib/python3.6/site-packages/airflow/example_dags/example_branch_operator.py for tasks to queue
[2021-10-29 00:26:48,122] {logging_mixin.py:109} INFO - [2021-10-29 00:26:48,122] {dagbag.py:500} INFO - Filling up the DagBag from /home/airflow/.local/lib/python3.6/site-packages/airflow/example_dags/example_branch_operator.py
[2021-10-29 00:26:48,180] {processor.py:632} INFO - DAG(s) dict_keys(['example_branch_operator']) retrieved from /home/airflow/.local/lib/python3.6/site-packages/airflow/example_dags/example_branch_operator.py
[2021-10-29 00:26:48,204] {logging_mixin.py:109} INFO - [2021-10-29 00:26:48,204] {dag.py:2389} INFO - Sync 1 DAGs
[2021-10-29 00:26:48,232] {logging_mixin.py:109} INFO - [2021-10-29 00:26:48,232] {dag.py:2914} INFO - Setting next_dagrun for example_branch_operator to 2021-10-28 00:00:00+00:00
[2021-10-29 00:26:48,251] {processor.py:171} INFO - Processing /home/airflow/.local/lib/python3.6/site-packages/airflow/example_dags/example_branch_operator.py took 0.149 seconds
[2021-10-29 00:27:19,211] {processor.py:163} INFO - Started process (PID=1094) to work on /home/airflow/.local/lib/python3.6/site-packages/airflow/example_dags/example_branch_operator.py
[2021-10-29 00:27:19,214] {processor.py:620} INFO - Processing file /home/airflow/.local/lib/python3.6/site-packages/airflow/example_dags/example_branch_operator.py for tasks to queue
[2021-10-29 00:27:19,216] {logging_mixin.py:109} INFO - [2021-10-29 00:27:19,216] {dagbag.py:500} INFO - Filling up the DagBag from /home/airflow/.local/lib/python3.6/site-packages/airflow/example_dags/example_branch_operator.py
[2021-10-29 00:27:19,375] {processor.py:632} INFO - DAG(s) dict_keys(['example_branch_operator']) retrieved from /home/airflow/.local/lib/python3.6/site-packages/airflow/example_dags/example_branch_operator.py
[2021-10-29 00:27:19,418] {logging_mixin.py:109} INFO - [2021-10-29 00:27:19,417] {dag.py:2389} INFO - Sync 1 DAGs
[2021-10-29 00:27:19,452] {logging_mixin.py:109} INFO - [2021-10-29 00:27:19,452] {dag.py:2914} INFO - Setting next_dagrun for example_branch_operator to 2021-10-28 00:00:00+00:00
[2021-10-29 00:27:19,483] {processor.py:171} INFO - Processing /home/airflow/.local/lib/python3.6/site-packages/airflow/example_dags/example_branch_operator.py took 0.280 seconds
[2021-10-29 00:27:50,979] {processor.py:163} INFO - Started process (PID=1150) to work on /home/airflow/.local/lib/python3.6/site-packages/airflow/example_dags/example_branch_operator.py
[2021-10-29 00:27:51,001] {processor.py:620} INFO - Processing file /home/airflow/.local/lib/python3.6/site-packages/airflow/example_dags/example_branch_operator.py for tasks to queue
[2021-10-29 00:27:51,004] {logging_mixin.py:109} INFO - [2021-10-29 00:27:51,004] {dagbag.py:500} INFO - Filling up the DagBag from /home/airflow/.local/lib/python3.6/site-packages/airflow/example_dags/example_branch_operator.py
[2021-10-29 00:27:51,173] {processor.py:632} INFO - DAG(s) dict_keys(['example_branch_operator']) retrieved from /home/airflow/.local/lib/python3.6/site-packages/airflow/example_dags/example_branch_operator.py
[2021-10-29 00:27:51,281] {logging_mixin.py:109} INFO - [2021-10-29 00:27:51,281] {dag.py:2389} INFO - Sync 1 DAGs
[2021-10-29 00:27:51,376] {logging_mixin.py:109} INFO - [2021-10-29 00:27:51,376] {dag.py:2914} INFO - Setting next_dagrun for example_branch_operator to 2021-10-28 00:00:00+00:00
[2021-10-29 00:27:51,598] {processor.py:171} INFO - Processing /home/airflow/.local/lib/python3.6/site-packages/airflow/example_dags/example_branch_operator.py took 0.637 seconds
[2021-10-29 00:28:21,785] {processor.py:163} INFO - Started process (PID=1203) to work on /home/airflow/.local/lib/python3.6/site-packages/airflow/example_dags/example_branch_operator.py
[2021-10-29 00:28:21,792] {processor.py:620} INFO - Processing file /home/airflow/.local/lib/python3.6/site-packages/airflow/example_dags/example_branch_operator.py for tasks to queue
[2021-10-29 00:28:21,802] {logging_mixin.py:109} INFO - [2021-10-29 00:28:21,802] {dagbag.py:500} INFO - Filling up the DagBag from /home/airflow/.local/lib/python3.6/site-packages/airflow/example_dags/example_branch_operator.py
[2021-10-29 00:28:21,842] {processor.py:632} INFO - DAG(s) dict_keys(['example_branch_operator']) retrieved from /home/airflow/.local/lib/python3.6/site-packages/airflow/example_dags/example_branch_operator.py
[2021-10-29 00:28:21,866] {logging_mixin.py:109} INFO - [2021-10-29 00:28:21,866] {dag.py:2389} INFO - Sync 1 DAGs
[2021-10-29 00:28:21,893] {logging_mixin.py:109} INFO - [2021-10-29 00:28:21,893] {dag.py:2914} INFO - Setting next_dagrun for example_branch_operator to 2021-10-28 00:00:00+00:00
[2021-10-29 00:28:21,916] {processor.py:171} INFO - Processing /home/airflow/.local/lib/python3.6/site-packages/airflow/example_dags/example_branch_operator.py took 0.134 seconds
[2021-10-29 00:28:52,855] {processor.py:163} INFO - Started process (PID=1256) to work on /home/airflow/.local/lib/python3.6/site-packages/airflow/example_dags/example_branch_operator.py
[2021-10-29 00:28:52,866] {processor.py:620} INFO - Processing file /home/airflow/.local/lib/python3.6/site-packages/airflow/example_dags/example_branch_operator.py for tasks to queue
[2021-10-29 00:28:52,867] {logging_mixin.py:109} INFO - [2021-10-29 00:28:52,866] {dagbag.py:500} INFO - Filling up the DagBag from /home/airflow/.local/lib/python3.6/site-packages/airflow/example_dags/example_branch_operator.py
[2021-10-29 00:28:52,988] {processor.py:632} INFO - DAG(s) dict_keys(['example_branch_operator']) retrieved from /home/airflow/.local/lib/python3.6/site-packages/airflow/example_dags/example_branch_operator.py
[2021-10-29 00:28:53,034] {logging_mixin.py:109} INFO - [2021-10-29 00:28:53,034] {dag.py:2389} INFO - Sync 1 DAGs
[2021-10-29 00:28:53,062] {logging_mixin.py:109} INFO - [2021-10-29 00:28:53,062] {dag.py:2914} INFO - Setting next_dagrun for example_branch_operator to 2021-10-28 00:00:00+00:00
[2021-10-29 00:28:53,087] {processor.py:171} INFO - Processing /home/airflow/.local/lib/python3.6/site-packages/airflow/example_dags/example_branch_operator.py took 0.235 seconds
[2021-10-29 00:29:24,382] {processor.py:163} INFO - Started process (PID=1309) to work on /home/airflow/.local/lib/python3.6/site-packages/airflow/example_dags/example_branch_operator.py
[2021-10-29 00:29:24,392] {processor.py:620} INFO - Processing file /home/airflow/.local/lib/python3.6/site-packages/airflow/example_dags/example_branch_operator.py for tasks to queue
[2021-10-29 00:29:24,396] {logging_mixin.py:109} INFO - [2021-10-29 00:29:24,396] {dagbag.py:500} INFO - Filling up the DagBag from /home/airflow/.local/lib/python3.6/site-packages/airflow/example_dags/example_branch_operator.py
[2021-10-29 00:29:24,465] {processor.py:632} INFO - DAG(s) dict_keys(['example_branch_operator']) retrieved from /home/airflow/.local/lib/python3.6/site-packages/airflow/example_dags/example_branch_operator.py
[2021-10-29 00:29:24,491] {logging_mixin.py:109} INFO - [2021-10-29 00:29:24,491] {dag.py:2389} INFO - Sync 1 DAGs
[2021-10-29 00:29:24,527] {logging_mixin.py:109} INFO - [2021-10-29 00:29:24,527] {dag.py:2914} INFO - Setting next_dagrun for example_branch_operator to 2021-10-28 00:00:00+00:00
[2021-10-29 00:29:24,555] {processor.py:171} INFO - Processing /home/airflow/.local/lib/python3.6/site-packages/airflow/example_dags/example_branch_operator.py took 0.176 seconds
[2021-10-29 00:29:55,513] {processor.py:163} INFO - Started process (PID=1363) to work on /home/airflow/.local/lib/python3.6/site-packages/airflow/example_dags/example_branch_operator.py
[2021-10-29 00:29:55,532] {processor.py:620} INFO - Processing file /home/airflow/.local/lib/python3.6/site-packages/airflow/example_dags/example_branch_operator.py for tasks to queue
[2021-10-29 00:29:55,534] {logging_mixin.py:109} INFO - [2021-10-29 00:29:55,534] {dagbag.py:500} INFO - Filling up the DagBag from /home/airflow/.local/lib/python3.6/site-packages/airflow/example_dags/example_branch_operator.py
[2021-10-29 00:29:55,590] {processor.py:632} INFO - DAG(s) dict_keys(['example_branch_operator']) retrieved from /home/airflow/.local/lib/python3.6/site-packages/airflow/example_dags/example_branch_operator.py
[2021-10-29 00:29:55,623] {logging_mixin.py:109} INFO - [2021-10-29 00:29:55,623] {dag.py:2389} INFO - Sync 1 DAGs
[2021-10-29 00:29:55,664] {logging_mixin.py:109} INFO - [2021-10-29 00:29:55,663] {dag.py:2914} INFO - Setting next_dagrun for example_branch_operator to 2021-10-28 00:00:00+00:00
[2021-10-29 00:29:55,679] {processor.py:171} INFO - Processing /home/airflow/.local/lib/python3.6/site-packages/airflow/example_dags/example_branch_operator.py took 0.168 seconds
[2021-10-29 00:30:26,222] {processor.py:163} INFO - Started process (PID=1417) to work on /home/airflow/.local/lib/python3.6/site-packages/airflow/example_dags/example_branch_operator.py
[2021-10-29 00:30:26,230] {processor.py:620} INFO - Processing file /home/airflow/.local/lib/python3.6/site-packages/airflow/example_dags/example_branch_operator.py for tasks to queue
[2021-10-29 00:30:26,234] {logging_mixin.py:109} INFO - [2021-10-29 00:30:26,234] {dagbag.py:500} INFO - Filling up the DagBag from /home/airflow/.local/lib/python3.6/site-packages/airflow/example_dags/example_branch_operator.py
[2021-10-29 00:30:26,298] {processor.py:632} INFO - DAG(s) dict_keys(['example_branch_operator']) retrieved from /home/airflow/.local/lib/python3.6/site-packages/airflow/example_dags/example_branch_operator.py
[2021-10-29 00:30:26,341] {logging_mixin.py:109} INFO - [2021-10-29 00:30:26,341] {dag.py:2389} INFO - Sync 1 DAGs
[2021-10-29 00:30:26,385] {logging_mixin.py:109} INFO - [2021-10-29 00:30:26,385] {dag.py:2914} INFO - Setting next_dagrun for example_branch_operator to 2021-10-28 00:00:00+00:00
[2021-10-29 00:30:26,396] {processor.py:171} INFO - Processing /home/airflow/.local/lib/python3.6/site-packages/airflow/example_dags/example_branch_operator.py took 0.177 seconds
[2021-10-29 00:30:57,969] {processor.py:163} INFO - Started process (PID=1472) to work on /home/airflow/.local/lib/python3.6/site-packages/airflow/example_dags/example_branch_operator.py
[2021-10-29 00:30:57,974] {processor.py:620} INFO - Processing file /home/airflow/.local/lib/python3.6/site-packages/airflow/example_dags/example_branch_operator.py for tasks to queue
[2021-10-29 00:30:57,981] {logging_mixin.py:109} INFO - [2021-10-29 00:30:57,981] {dagbag.py:500} INFO - Filling up the DagBag from /home/airflow/.local/lib/python3.6/site-packages/airflow/example_dags/example_branch_operator.py
[2021-10-29 00:30:58,040] {processor.py:632} INFO - DAG(s) dict_keys(['example_branch_operator']) retrieved from /home/airflow/.local/lib/python3.6/site-packages/airflow/example_dags/example_branch_operator.py
[2021-10-29 00:30:58,063] {logging_mixin.py:109} INFO - [2021-10-29 00:30:58,063] {dag.py:2389} INFO - Sync 1 DAGs
[2021-10-29 00:30:58,094] {logging_mixin.py:109} INFO - [2021-10-29 00:30:58,094] {dag.py:2914} INFO - Setting next_dagrun for example_branch_operator to 2021-10-28 00:00:00+00:00
[2021-10-29 00:30:58,118] {processor.py:171} INFO - Processing /home/airflow/.local/lib/python3.6/site-packages/airflow/example_dags/example_branch_operator.py took 0.162 seconds
[2021-10-29 00:31:30,346] {processor.py:163} INFO - Started process (PID=1527) to work on /home/airflow/.local/lib/python3.6/site-packages/airflow/example_dags/example_branch_operator.py
[2021-10-29 00:31:30,354] {processor.py:620} INFO - Processing file /home/airflow/.local/lib/python3.6/site-packages/airflow/example_dags/example_branch_operator.py for tasks to queue
[2021-10-29 00:31:30,356] {logging_mixin.py:109} INFO - [2021-10-29 00:31:30,356] {dagbag.py:500} INFO - Filling up the DagBag from /home/airflow/.local/lib/python3.6/site-packages/airflow/example_dags/example_branch_operator.py
[2021-10-29 00:31:30,428] {processor.py:632} INFO - DAG(s) dict_keys(['example_branch_operator']) retrieved from /home/airflow/.local/lib/python3.6/site-packages/airflow/example_dags/example_branch_operator.py
[2021-10-29 00:31:30,460] {logging_mixin.py:109} INFO - [2021-10-29 00:31:30,460] {dag.py:2389} INFO - Sync 1 DAGs
[2021-10-29 00:31:30,539] {logging_mixin.py:109} INFO - [2021-10-29 00:31:30,538] {dag.py:2914} INFO - Setting next_dagrun for example_branch_operator to 2021-10-28 00:00:00+00:00
[2021-10-29 00:31:30,640] {processor.py:171} INFO - Processing /home/airflow/.local/lib/python3.6/site-packages/airflow/example_dags/example_branch_operator.py took 0.310 seconds
[2021-10-29 00:32:02,488] {processor.py:163} INFO - Started process (PID=1581) to work on /home/airflow/.local/lib/python3.6/site-packages/airflow/example_dags/example_branch_operator.py
[2021-10-29 00:32:02,523] {processor.py:620} INFO - Processing file /home/airflow/.local/lib/python3.6/site-packages/airflow/example_dags/example_branch_operator.py for tasks to queue
[2021-10-29 00:32:02,530] {logging_mixin.py:109} INFO - [2021-10-29 00:32:02,530] {dagbag.py:500} INFO - Filling up the DagBag from /home/airflow/.local/lib/python3.6/site-packages/airflow/example_dags/example_branch_operator.py
[2021-10-29 00:32:02,672] {processor.py:632} INFO - DAG(s) dict_keys(['example_branch_operator']) retrieved from /home/airflow/.local/lib/python3.6/site-packages/airflow/example_dags/example_branch_operator.py
[2021-10-29 00:32:02,757] {logging_mixin.py:109} INFO - [2021-10-29 00:32:02,757] {dag.py:2389} INFO - Sync 1 DAGs
[2021-10-29 00:32:02,872] {logging_mixin.py:109} INFO - [2021-10-29 00:32:02,872] {dag.py:2914} INFO - Setting next_dagrun for example_branch_operator to 2021-10-28 00:00:00+00:00
[2021-10-29 00:32:02,993] {processor.py:171} INFO - Processing /home/airflow/.local/lib/python3.6/site-packages/airflow/example_dags/example_branch_operator.py took 0.508 seconds
[2021-10-29 00:32:34,225] {processor.py:163} INFO - Started process (PID=1635) to work on /home/airflow/.local/lib/python3.6/site-packages/airflow/example_dags/example_branch_operator.py
[2021-10-29 00:32:34,228] {processor.py:620} INFO - Processing file /home/airflow/.local/lib/python3.6/site-packages/airflow/example_dags/example_branch_operator.py for tasks to queue
[2021-10-29 00:32:34,232] {logging_mixin.py:109} INFO - [2021-10-29 00:32:34,232] {dagbag.py:500} INFO - Filling up the DagBag from /home/airflow/.local/lib/python3.6/site-packages/airflow/example_dags/example_branch_operator.py
[2021-10-29 00:32:34,318] {processor.py:632} INFO - DAG(s) dict_keys(['example_branch_operator']) retrieved from /home/airflow/.local/lib/python3.6/site-packages/airflow/example_dags/example_branch_operator.py
[2021-10-29 00:32:34,348] {logging_mixin.py:109} INFO - [2021-10-29 00:32:34,348] {dag.py:2389} INFO - Sync 1 DAGs
[2021-10-29 00:32:34,396] {logging_mixin.py:109} INFO - [2021-10-29 00:32:34,396] {dag.py:2914} INFO - Setting next_dagrun for example_branch_operator to 2021-10-28 00:00:00+00:00
[2021-10-29 00:32:34,426] {processor.py:171} INFO - Processing /home/airflow/.local/lib/python3.6/site-packages/airflow/example_dags/example_branch_operator.py took 0.236 seconds
[2021-10-29 00:33:08,815] {processor.py:163} INFO - Started process (PID=1689) to work on /home/airflow/.local/lib/python3.6/site-packages/airflow/example_dags/example_branch_operator.py
[2021-10-29 00:33:08,818] {processor.py:620} INFO - Processing file /home/airflow/.local/lib/python3.6/site-packages/airflow/example_dags/example_branch_operator.py for tasks to queue
[2021-10-29 00:33:08,819] {logging_mixin.py:109} INFO - [2021-10-29 00:33:08,819] {dagbag.py:500} INFO - Filling up the DagBag from /home/airflow/.local/lib/python3.6/site-packages/airflow/example_dags/example_branch_operator.py
[2021-10-29 00:33:09,174] {processor.py:632} INFO - DAG(s) dict_keys(['example_branch_operator']) retrieved from /home/airflow/.local/lib/python3.6/site-packages/airflow/example_dags/example_branch_operator.py
[2021-10-29 00:33:09,376] {logging_mixin.py:109} INFO - [2021-10-29 00:33:09,376] {dag.py:2389} INFO - Sync 1 DAGs
[2021-10-29 00:33:09,684] {logging_mixin.py:109} INFO - [2021-10-29 00:33:09,684] {dag.py:2914} INFO - Setting next_dagrun for example_branch_operator to 2021-10-28 00:00:00+00:00
[2021-10-29 00:33:10,182] {processor.py:171} INFO - Processing /home/airflow/.local/lib/python3.6/site-packages/airflow/example_dags/example_branch_operator.py took 1.411 seconds
[2021-10-29 00:33:40,738] {processor.py:163} INFO - Started process (PID=1734) to work on /home/airflow/.local/lib/python3.6/site-packages/airflow/example_dags/example_branch_operator.py
[2021-10-29 00:33:40,748] {processor.py:620} INFO - Processing file /home/airflow/.local/lib/python3.6/site-packages/airflow/example_dags/example_branch_operator.py for tasks to queue
[2021-10-29 00:33:40,750] {logging_mixin.py:109} INFO - [2021-10-29 00:33:40,750] {dagbag.py:500} INFO - Filling up the DagBag from /home/airflow/.local/lib/python3.6/site-packages/airflow/example_dags/example_branch_operator.py
[2021-10-29 00:33:40,871] {processor.py:632} INFO - DAG(s) dict_keys(['example_branch_operator']) retrieved from /home/airflow/.local/lib/python3.6/site-packages/airflow/example_dags/example_branch_operator.py
[2021-10-29 00:33:40,923] {logging_mixin.py:109} INFO - [2021-10-29 00:33:40,923] {dag.py:2389} INFO - Sync 1 DAGs
[2021-10-29 00:33:40,957] {logging_mixin.py:109} INFO - [2021-10-29 00:33:40,957] {dag.py:2914} INFO - Setting next_dagrun for example_branch_operator to 2021-10-28 00:00:00+00:00
[2021-10-29 00:33:40,970] {processor.py:171} INFO - Processing /home/airflow/.local/lib/python3.6/site-packages/airflow/example_dags/example_branch_operator.py took 0.235 seconds
[2021-10-29 00:34:11,113] {processor.py:163} INFO - Started process (PID=1798) to work on /home/airflow/.local/lib/python3.6/site-packages/airflow/example_dags/example_branch_operator.py
[2021-10-29 00:34:11,120] {processor.py:620} INFO - Processing file /home/airflow/.local/lib/python3.6/site-packages/airflow/example_dags/example_branch_operator.py for tasks to queue
[2021-10-29 00:34:11,122] {logging_mixin.py:109} INFO - [2021-10-29 00:34:11,122] {dagbag.py:500} INFO - Filling up the DagBag from /home/airflow/.local/lib/python3.6/site-packages/airflow/example_dags/example_branch_operator.py
[2021-10-29 00:34:11,195] {processor.py:632} INFO - DAG(s) dict_keys(['example_branch_operator']) retrieved from /home/airflow/.local/lib/python3.6/site-packages/airflow/example_dags/example_branch_operator.py
[2021-10-29 00:34:11,218] {logging_mixin.py:109} INFO - [2021-10-29 00:34:11,218] {dag.py:2389} INFO - Sync 1 DAGs
[2021-10-29 00:34:11,241] {logging_mixin.py:109} INFO - [2021-10-29 00:34:11,241] {dag.py:2914} INFO - Setting next_dagrun for example_branch_operator to 2021-10-28 00:00:00+00:00
[2021-10-29 00:34:11,277] {processor.py:171} INFO - Processing /home/airflow/.local/lib/python3.6/site-packages/airflow/example_dags/example_branch_operator.py took 0.171 seconds
[2021-10-29 00:34:41,360] {processor.py:163} INFO - Started process (PID=1852) to work on /home/airflow/.local/lib/python3.6/site-packages/airflow/example_dags/example_branch_operator.py
[2021-10-29 00:34:41,364] {processor.py:620} INFO - Processing file /home/airflow/.local/lib/python3.6/site-packages/airflow/example_dags/example_branch_operator.py for tasks to queue
[2021-10-29 00:34:41,368] {logging_mixin.py:109} INFO - [2021-10-29 00:34:41,368] {dagbag.py:500} INFO - Filling up the DagBag from /home/airflow/.local/lib/python3.6/site-packages/airflow/example_dags/example_branch_operator.py
[2021-10-29 00:34:41,464] {processor.py:632} INFO - DAG(s) dict_keys(['example_branch_operator']) retrieved from /home/airflow/.local/lib/python3.6/site-packages/airflow/example_dags/example_branch_operator.py
[2021-10-29 00:34:41,487] {logging_mixin.py:109} INFO - [2021-10-29 00:34:41,487] {dag.py:2389} INFO - Sync 1 DAGs
[2021-10-29 00:34:41,514] {logging_mixin.py:109} INFO - [2021-10-29 00:34:41,514] {dag.py:2914} INFO - Setting next_dagrun for example_branch_operator to 2021-10-28 00:00:00+00:00
[2021-10-29 00:34:41,532] {processor.py:171} INFO - Processing /home/airflow/.local/lib/python3.6/site-packages/airflow/example_dags/example_branch_operator.py took 0.175 seconds
[2021-10-29 00:35:13,170] {processor.py:163} INFO - Started process (PID=1905) to work on /home/airflow/.local/lib/python3.6/site-packages/airflow/example_dags/example_branch_operator.py
[2021-10-29 00:35:13,249] {processor.py:620} INFO - Processing file /home/airflow/.local/lib/python3.6/site-packages/airflow/example_dags/example_branch_operator.py for tasks to queue
[2021-10-29 00:35:13,250] {logging_mixin.py:109} INFO - [2021-10-29 00:35:13,250] {dagbag.py:500} INFO - Filling up the DagBag from /home/airflow/.local/lib/python3.6/site-packages/airflow/example_dags/example_branch_operator.py
[2021-10-29 00:35:13,617] {processor.py:632} INFO - DAG(s) dict_keys(['example_branch_operator']) retrieved from /home/airflow/.local/lib/python3.6/site-packages/airflow/example_dags/example_branch_operator.py
[2021-10-29 00:35:13,704] {logging_mixin.py:109} INFO - [2021-10-29 00:35:13,703] {dag.py:2389} INFO - Sync 1 DAGs
[2021-10-29 00:35:13,911] {logging_mixin.py:109} INFO - [2021-10-29 00:35:13,910] {dag.py:2914} INFO - Setting next_dagrun for example_branch_operator to 2021-10-28 00:00:00+00:00
[2021-10-29 00:35:14,215] {processor.py:171} INFO - Processing /home/airflow/.local/lib/python3.6/site-packages/airflow/example_dags/example_branch_operator.py took 1.048 seconds
[2021-10-29 00:35:45,026] {processor.py:163} INFO - Started process (PID=1957) to work on /home/airflow/.local/lib/python3.6/site-packages/airflow/example_dags/example_branch_operator.py
[2021-10-29 00:35:45,065] {processor.py:620} INFO - Processing file /home/airflow/.local/lib/python3.6/site-packages/airflow/example_dags/example_branch_operator.py for tasks to queue
[2021-10-29 00:35:45,066] {logging_mixin.py:109} INFO - [2021-10-29 00:35:45,066] {dagbag.py:500} INFO - Filling up the DagBag from /home/airflow/.local/lib/python3.6/site-packages/airflow/example_dags/example_branch_operator.py
[2021-10-29 00:35:45,151] {processor.py:632} INFO - DAG(s) dict_keys(['example_branch_operator']) retrieved from /home/airflow/.local/lib/python3.6/site-packages/airflow/example_dags/example_branch_operator.py
[2021-10-29 00:35:45,215] {logging_mixin.py:109} INFO - [2021-10-29 00:35:45,214] {dag.py:2389} INFO - Sync 1 DAGs
[2021-10-29 00:35:45,283] {logging_mixin.py:109} INFO - [2021-10-29 00:35:45,283] {dag.py:2914} INFO - Setting next_dagrun for example_branch_operator to 2021-10-28 00:00:00+00:00
[2021-10-29 00:35:45,294] {processor.py:171} INFO - Processing /home/airflow/.local/lib/python3.6/site-packages/airflow/example_dags/example_branch_operator.py took 0.271 seconds
[2021-10-29 00:38:54,473] {processor.py:163} INFO - Started process (PID=125) to work on /home/airflow/.local/lib/python3.6/site-packages/airflow/example_dags/example_branch_operator.py
[2021-10-29 00:38:54,572] {processor.py:620} INFO - Processing file /home/airflow/.local/lib/python3.6/site-packages/airflow/example_dags/example_branch_operator.py for tasks to queue
[2021-10-29 00:38:54,583] {logging_mixin.py:109} INFO - [2021-10-29 00:38:54,582] {dagbag.py:500} INFO - Filling up the DagBag from /home/airflow/.local/lib/python3.6/site-packages/airflow/example_dags/example_branch_operator.py
[2021-10-29 00:38:54,938] {processor.py:632} INFO - DAG(s) dict_keys(['example_branch_operator']) retrieved from /home/airflow/.local/lib/python3.6/site-packages/airflow/example_dags/example_branch_operator.py
[2021-10-29 00:38:55,148] {logging_mixin.py:109} INFO - [2021-10-29 00:38:55,148] {dag.py:2389} INFO - Sync 1 DAGs
[2021-10-29 00:38:55,343] {logging_mixin.py:109} INFO - [2021-10-29 00:38:55,343] {dag.py:2914} INFO - Setting next_dagrun for example_branch_operator to 2021-10-28 00:00:00+00:00
[2021-10-29 00:38:55,463] {processor.py:171} INFO - Processing /home/airflow/.local/lib/python3.6/site-packages/airflow/example_dags/example_branch_operator.py took 0.994 seconds
[2021-10-29 00:39:34,552] {processor.py:163} INFO - Started process (PID=182) to work on /home/airflow/.local/lib/python3.6/site-packages/airflow/example_dags/example_branch_operator.py
[2021-10-29 00:39:34,608] {processor.py:620} INFO - Processing file /home/airflow/.local/lib/python3.6/site-packages/airflow/example_dags/example_branch_operator.py for tasks to queue
[2021-10-29 00:39:34,610] {logging_mixin.py:109} INFO - [2021-10-29 00:39:34,610] {dagbag.py:500} INFO - Filling up the DagBag from /home/airflow/.local/lib/python3.6/site-packages/airflow/example_dags/example_branch_operator.py
[2021-10-29 00:39:34,893] {processor.py:632} INFO - DAG(s) dict_keys(['example_branch_operator']) retrieved from /home/airflow/.local/lib/python3.6/site-packages/airflow/example_dags/example_branch_operator.py
[2021-10-29 00:39:34,949] {logging_mixin.py:109} INFO - [2021-10-29 00:39:34,949] {dag.py:2389} INFO - Sync 1 DAGs
[2021-10-29 00:39:35,076] {logging_mixin.py:109} INFO - [2021-10-29 00:39:35,076] {dag.py:2914} INFO - Setting next_dagrun for example_branch_operator to 2021-10-28 00:00:00+00:00
[2021-10-29 00:39:35,154] {processor.py:171} INFO - Processing /home/airflow/.local/lib/python3.6/site-packages/airflow/example_dags/example_branch_operator.py took 0.605 seconds
[2021-10-29 00:40:12,364] {processor.py:163} INFO - Started process (PID=236) to work on /home/airflow/.local/lib/python3.6/site-packages/airflow/example_dags/example_branch_operator.py
[2021-10-29 00:40:12,706] {processor.py:620} INFO - Processing file /home/airflow/.local/lib/python3.6/site-packages/airflow/example_dags/example_branch_operator.py for tasks to queue
[2021-10-29 00:40:12,706] {logging_mixin.py:109} INFO - [2021-10-29 00:40:12,706] {dagbag.py:500} INFO - Filling up the DagBag from /home/airflow/.local/lib/python3.6/site-packages/airflow/example_dags/example_branch_operator.py
[2021-10-29 00:40:13,539] {processor.py:632} INFO - DAG(s) dict_keys(['example_branch_operator']) retrieved from /home/airflow/.local/lib/python3.6/site-packages/airflow/example_dags/example_branch_operator.py
[2021-10-29 00:40:13,711] {logging_mixin.py:109} INFO - [2021-10-29 00:40:13,711] {dag.py:2389} INFO - Sync 1 DAGs
[2021-10-29 00:40:13,924] {logging_mixin.py:109} INFO - [2021-10-29 00:40:13,924] {dag.py:2914} INFO - Setting next_dagrun for example_branch_operator to 2021-10-28 00:00:00+00:00
[2021-10-29 00:40:14,057] {processor.py:171} INFO - Processing /home/airflow/.local/lib/python3.6/site-packages/airflow/example_dags/example_branch_operator.py took 1.696 seconds
[2021-10-29 00:40:44,625] {processor.py:163} INFO - Started process (PID=289) to work on /home/airflow/.local/lib/python3.6/site-packages/airflow/example_dags/example_branch_operator.py
[2021-10-29 00:40:44,631] {processor.py:620} INFO - Processing file /home/airflow/.local/lib/python3.6/site-packages/airflow/example_dags/example_branch_operator.py for tasks to queue
[2021-10-29 00:40:44,631] {logging_mixin.py:109} INFO - [2021-10-29 00:40:44,631] {dagbag.py:500} INFO - Filling up the DagBag from /home/airflow/.local/lib/python3.6/site-packages/airflow/example_dags/example_branch_operator.py
[2021-10-29 00:40:45,094] {processor.py:632} INFO - DAG(s) dict_keys(['example_branch_operator']) retrieved from /home/airflow/.local/lib/python3.6/site-packages/airflow/example_dags/example_branch_operator.py
[2021-10-29 00:40:45,181] {logging_mixin.py:109} INFO - [2021-10-29 00:40:45,180] {dag.py:2389} INFO - Sync 1 DAGs
[2021-10-29 00:40:45,364] {logging_mixin.py:109} INFO - [2021-10-29 00:40:45,364] {dag.py:2914} INFO - Setting next_dagrun for example_branch_operator to 2021-10-28 00:00:00+00:00
[2021-10-29 00:40:45,523] {processor.py:171} INFO - Processing /home/airflow/.local/lib/python3.6/site-packages/airflow/example_dags/example_branch_operator.py took 1.118 seconds
[2021-10-29 00:41:16,027] {processor.py:163} INFO - Started process (PID=335) to work on /home/airflow/.local/lib/python3.6/site-packages/airflow/example_dags/example_branch_operator.py
[2021-10-29 00:41:16,029] {processor.py:620} INFO - Processing file /home/airflow/.local/lib/python3.6/site-packages/airflow/example_dags/example_branch_operator.py for tasks to queue
[2021-10-29 00:41:16,029] {logging_mixin.py:109} INFO - [2021-10-29 00:41:16,029] {dagbag.py:500} INFO - Filling up the DagBag from /home/airflow/.local/lib/python3.6/site-packages/airflow/example_dags/example_branch_operator.py
[2021-10-29 00:41:16,566] {processor.py:632} INFO - DAG(s) dict_keys(['example_branch_operator']) retrieved from /home/airflow/.local/lib/python3.6/site-packages/airflow/example_dags/example_branch_operator.py
[2021-10-29 00:41:16,772] {logging_mixin.py:109} INFO - [2021-10-29 00:41:16,772] {dag.py:2389} INFO - Sync 1 DAGs
[2021-10-29 00:41:16,929] {logging_mixin.py:109} INFO - [2021-10-29 00:41:16,929] {dag.py:2914} INFO - Setting next_dagrun for example_branch_operator to 2021-10-28 00:00:00+00:00
[2021-10-29 00:41:17,019] {processor.py:171} INFO - Processing /home/airflow/.local/lib/python3.6/site-packages/airflow/example_dags/example_branch_operator.py took 1.118 seconds
[2021-10-29 00:41:47,328] {processor.py:163} INFO - Started process (PID=389) to work on /home/airflow/.local/lib/python3.6/site-packages/airflow/example_dags/example_branch_operator.py
[2021-10-29 00:41:47,353] {processor.py:620} INFO - Processing file /home/airflow/.local/lib/python3.6/site-packages/airflow/example_dags/example_branch_operator.py for tasks to queue
[2021-10-29 00:41:47,357] {logging_mixin.py:109} INFO - [2021-10-29 00:41:47,357] {dagbag.py:500} INFO - Filling up the DagBag from /home/airflow/.local/lib/python3.6/site-packages/airflow/example_dags/example_branch_operator.py
[2021-10-29 00:41:47,454] {processor.py:632} INFO - DAG(s) dict_keys(['example_branch_operator']) retrieved from /home/airflow/.local/lib/python3.6/site-packages/airflow/example_dags/example_branch_operator.py
[2021-10-29 00:41:47,497] {logging_mixin.py:109} INFO - [2021-10-29 00:41:47,497] {dag.py:2389} INFO - Sync 1 DAGs
[2021-10-29 00:41:47,543] {logging_mixin.py:109} INFO - [2021-10-29 00:41:47,543] {dag.py:2914} INFO - Setting next_dagrun for example_branch_operator to 2021-10-28 00:00:00+00:00
[2021-10-29 00:41:47,576] {processor.py:171} INFO - Processing /home/airflow/.local/lib/python3.6/site-packages/airflow/example_dags/example_branch_operator.py took 0.251 seconds
[2021-10-29 00:42:19,348] {processor.py:163} INFO - Started process (PID=440) to work on /home/airflow/.local/lib/python3.6/site-packages/airflow/example_dags/example_branch_operator.py
[2021-10-29 00:42:19,397] {processor.py:620} INFO - Processing file /home/airflow/.local/lib/python3.6/site-packages/airflow/example_dags/example_branch_operator.py for tasks to queue
[2021-10-29 00:42:19,398] {logging_mixin.py:109} INFO - [2021-10-29 00:42:19,398] {dagbag.py:500} INFO - Filling up the DagBag from /home/airflow/.local/lib/python3.6/site-packages/airflow/example_dags/example_branch_operator.py
[2021-10-29 00:42:19,829] {processor.py:632} INFO - DAG(s) dict_keys(['example_branch_operator']) retrieved from /home/airflow/.local/lib/python3.6/site-packages/airflow/example_dags/example_branch_operator.py
[2021-10-29 00:42:19,979] {logging_mixin.py:109} INFO - [2021-10-29 00:42:19,979] {dag.py:2389} INFO - Sync 1 DAGs
[2021-10-29 00:42:20,205] {logging_mixin.py:109} INFO - [2021-10-29 00:42:20,205] {dag.py:2914} INFO - Setting next_dagrun for example_branch_operator to 2021-10-28 00:00:00+00:00
[2021-10-29 00:42:20,369] {processor.py:171} INFO - Processing /home/airflow/.local/lib/python3.6/site-packages/airflow/example_dags/example_branch_operator.py took 1.024 seconds
[2021-10-29 00:42:50,568] {processor.py:163} INFO - Started process (PID=487) to work on /home/airflow/.local/lib/python3.6/site-packages/airflow/example_dags/example_branch_operator.py
[2021-10-29 00:42:50,571] {processor.py:620} INFO - Processing file /home/airflow/.local/lib/python3.6/site-packages/airflow/example_dags/example_branch_operator.py for tasks to queue
[2021-10-29 00:42:50,573] {logging_mixin.py:109} INFO - [2021-10-29 00:42:50,573] {dagbag.py:500} INFO - Filling up the DagBag from /home/airflow/.local/lib/python3.6/site-packages/airflow/example_dags/example_branch_operator.py
[2021-10-29 00:42:50,628] {processor.py:632} INFO - DAG(s) dict_keys(['example_branch_operator']) retrieved from /home/airflow/.local/lib/python3.6/site-packages/airflow/example_dags/example_branch_operator.py
[2021-10-29 00:42:50,662] {logging_mixin.py:109} INFO - [2021-10-29 00:42:50,662] {dag.py:2389} INFO - Sync 1 DAGs
[2021-10-29 00:42:50,686] {logging_mixin.py:109} INFO - [2021-10-29 00:42:50,685] {dag.py:2914} INFO - Setting next_dagrun for example_branch_operator to 2021-10-28 00:00:00+00:00
[2021-10-29 00:42:50,705] {processor.py:171} INFO - Processing /home/airflow/.local/lib/python3.6/site-packages/airflow/example_dags/example_branch_operator.py took 0.154 seconds
[2021-10-29 00:43:27,063] {processor.py:163} INFO - Started process (PID=546) to work on /home/airflow/.local/lib/python3.6/site-packages/airflow/example_dags/example_branch_operator.py
[2021-10-29 00:43:27,077] {processor.py:620} INFO - Processing file /home/airflow/.local/lib/python3.6/site-packages/airflow/example_dags/example_branch_operator.py for tasks to queue
[2021-10-29 00:43:27,078] {logging_mixin.py:109} INFO - [2021-10-29 00:43:27,078] {dagbag.py:500} INFO - Filling up the DagBag from /home/airflow/.local/lib/python3.6/site-packages/airflow/example_dags/example_branch_operator.py
[2021-10-29 00:43:27,207] {processor.py:632} INFO - DAG(s) dict_keys(['example_branch_operator']) retrieved from /home/airflow/.local/lib/python3.6/site-packages/airflow/example_dags/example_branch_operator.py
[2021-10-29 00:43:27,251] {logging_mixin.py:109} INFO - [2021-10-29 00:43:27,251] {dag.py:2389} INFO - Sync 1 DAGs
[2021-10-29 00:43:27,325] {logging_mixin.py:109} INFO - [2021-10-29 00:43:27,325] {dag.py:2914} INFO - Setting next_dagrun for example_branch_operator to 2021-10-28 00:00:00+00:00
[2021-10-29 00:43:27,412] {processor.py:171} INFO - Processing /home/airflow/.local/lib/python3.6/site-packages/airflow/example_dags/example_branch_operator.py took 0.353 seconds
[2021-10-29 00:44:07,446] {processor.py:163} INFO - Started process (PID=605) to work on /home/airflow/.local/lib/python3.6/site-packages/airflow/example_dags/example_branch_operator.py
[2021-10-29 00:44:07,518] {processor.py:620} INFO - Processing file /home/airflow/.local/lib/python3.6/site-packages/airflow/example_dags/example_branch_operator.py for tasks to queue
[2021-10-29 00:44:07,519] {logging_mixin.py:109} INFO - [2021-10-29 00:44:07,519] {dagbag.py:500} INFO - Filling up the DagBag from /home/airflow/.local/lib/python3.6/site-packages/airflow/example_dags/example_branch_operator.py
[2021-10-29 00:44:07,730] {processor.py:632} INFO - DAG(s) dict_keys(['example_branch_operator']) retrieved from /home/airflow/.local/lib/python3.6/site-packages/airflow/example_dags/example_branch_operator.py
[2021-10-29 00:44:07,791] {logging_mixin.py:109} INFO - [2021-10-29 00:44:07,790] {dag.py:2389} INFO - Sync 1 DAGs
[2021-10-29 00:44:07,882] {logging_mixin.py:109} INFO - [2021-10-29 00:44:07,882] {dag.py:2914} INFO - Setting next_dagrun for example_branch_operator to 2021-10-28 00:00:00+00:00
[2021-10-29 00:44:07,937] {processor.py:171} INFO - Processing /home/airflow/.local/lib/python3.6/site-packages/airflow/example_dags/example_branch_operator.py took 0.494 seconds
[2021-10-29 00:44:38,841] {processor.py:163} INFO - Started process (PID=660) to work on /home/airflow/.local/lib/python3.6/site-packages/airflow/example_dags/example_branch_operator.py
[2021-10-29 00:44:38,860] {processor.py:620} INFO - Processing file /home/airflow/.local/lib/python3.6/site-packages/airflow/example_dags/example_branch_operator.py for tasks to queue
[2021-10-29 00:44:38,861] {logging_mixin.py:109} INFO - [2021-10-29 00:44:38,861] {dagbag.py:500} INFO - Filling up the DagBag from /home/airflow/.local/lib/python3.6/site-packages/airflow/example_dags/example_branch_operator.py
[2021-10-29 00:44:38,959] {processor.py:632} INFO - DAG(s) dict_keys(['example_branch_operator']) retrieved from /home/airflow/.local/lib/python3.6/site-packages/airflow/example_dags/example_branch_operator.py
[2021-10-29 00:44:39,012] {logging_mixin.py:109} INFO - [2021-10-29 00:44:39,012] {dag.py:2389} INFO - Sync 1 DAGs
[2021-10-29 00:44:39,046] {logging_mixin.py:109} INFO - [2021-10-29 00:44:39,046] {dag.py:2914} INFO - Setting next_dagrun for example_branch_operator to 2021-10-28 00:00:00+00:00
[2021-10-29 00:44:39,081] {processor.py:171} INFO - Processing /home/airflow/.local/lib/python3.6/site-packages/airflow/example_dags/example_branch_operator.py took 0.244 seconds
[2021-10-29 00:45:10,100] {processor.py:163} INFO - Started process (PID=714) to work on /home/airflow/.local/lib/python3.6/site-packages/airflow/example_dags/example_branch_operator.py
[2021-10-29 00:45:10,111] {processor.py:620} INFO - Processing file /home/airflow/.local/lib/python3.6/site-packages/airflow/example_dags/example_branch_operator.py for tasks to queue
[2021-10-29 00:45:10,114] {logging_mixin.py:109} INFO - [2021-10-29 00:45:10,114] {dagbag.py:500} INFO - Filling up the DagBag from /home/airflow/.local/lib/python3.6/site-packages/airflow/example_dags/example_branch_operator.py
[2021-10-29 00:45:10,235] {processor.py:632} INFO - DAG(s) dict_keys(['example_branch_operator']) retrieved from /home/airflow/.local/lib/python3.6/site-packages/airflow/example_dags/example_branch_operator.py
[2021-10-29 00:45:10,290] {logging_mixin.py:109} INFO - [2021-10-29 00:45:10,290] {dag.py:2389} INFO - Sync 1 DAGs
[2021-10-29 00:45:10,344] {logging_mixin.py:109} INFO - [2021-10-29 00:45:10,344] {dag.py:2914} INFO - Setting next_dagrun for example_branch_operator to 2021-10-28 00:00:00+00:00
[2021-10-29 00:45:10,405] {processor.py:171} INFO - Processing /home/airflow/.local/lib/python3.6/site-packages/airflow/example_dags/example_branch_operator.py took 0.308 seconds
[2021-10-29 00:45:41,294] {processor.py:163} INFO - Started process (PID=770) to work on /home/airflow/.local/lib/python3.6/site-packages/airflow/example_dags/example_branch_operator.py
[2021-10-29 00:45:41,327] {processor.py:620} INFO - Processing file /home/airflow/.local/lib/python3.6/site-packages/airflow/example_dags/example_branch_operator.py for tasks to queue
[2021-10-29 00:45:41,327] {logging_mixin.py:109} INFO - [2021-10-29 00:45:41,327] {dagbag.py:500} INFO - Filling up the DagBag from /home/airflow/.local/lib/python3.6/site-packages/airflow/example_dags/example_branch_operator.py
[2021-10-29 00:45:41,497] {processor.py:632} INFO - DAG(s) dict_keys(['example_branch_operator']) retrieved from /home/airflow/.local/lib/python3.6/site-packages/airflow/example_dags/example_branch_operator.py
[2021-10-29 00:45:41,608] {logging_mixin.py:109} INFO - [2021-10-29 00:45:41,607] {dag.py:2389} INFO - Sync 1 DAGs
[2021-10-29 00:45:41,691] {logging_mixin.py:109} INFO - [2021-10-29 00:45:41,691] {dag.py:2914} INFO - Setting next_dagrun for example_branch_operator to 2021-10-28 00:00:00+00:00
[2021-10-29 00:45:41,745] {processor.py:171} INFO - Processing /home/airflow/.local/lib/python3.6/site-packages/airflow/example_dags/example_branch_operator.py took 0.459 seconds
[2021-10-29 00:46:12,306] {processor.py:163} INFO - Started process (PID=823) to work on /home/airflow/.local/lib/python3.6/site-packages/airflow/example_dags/example_branch_operator.py
[2021-10-29 00:46:12,310] {processor.py:620} INFO - Processing file /home/airflow/.local/lib/python3.6/site-packages/airflow/example_dags/example_branch_operator.py for tasks to queue
[2021-10-29 00:46:12,312] {logging_mixin.py:109} INFO - [2021-10-29 00:46:12,312] {dagbag.py:500} INFO - Filling up the DagBag from /home/airflow/.local/lib/python3.6/site-packages/airflow/example_dags/example_branch_operator.py
[2021-10-29 00:46:12,379] {processor.py:632} INFO - DAG(s) dict_keys(['example_branch_operator']) retrieved from /home/airflow/.local/lib/python3.6/site-packages/airflow/example_dags/example_branch_operator.py
[2021-10-29 00:46:12,393] {logging_mixin.py:109} INFO - [2021-10-29 00:46:12,393] {dag.py:2389} INFO - Sync 1 DAGs
[2021-10-29 00:46:12,412] {logging_mixin.py:109} INFO - [2021-10-29 00:46:12,411] {dag.py:2914} INFO - Setting next_dagrun for example_branch_operator to 2021-10-28 00:00:00+00:00
[2021-10-29 00:46:12,430] {processor.py:171} INFO - Processing /home/airflow/.local/lib/python3.6/site-packages/airflow/example_dags/example_branch_operator.py took 0.139 seconds
[2021-10-29 00:46:42,803] {processor.py:163} INFO - Started process (PID=877) to work on /home/airflow/.local/lib/python3.6/site-packages/airflow/example_dags/example_branch_operator.py
[2021-10-29 00:46:42,810] {processor.py:620} INFO - Processing file /home/airflow/.local/lib/python3.6/site-packages/airflow/example_dags/example_branch_operator.py for tasks to queue
[2021-10-29 00:46:42,811] {logging_mixin.py:109} INFO - [2021-10-29 00:46:42,811] {dagbag.py:500} INFO - Filling up the DagBag from /home/airflow/.local/lib/python3.6/site-packages/airflow/example_dags/example_branch_operator.py
[2021-10-29 00:46:42,880] {processor.py:632} INFO - DAG(s) dict_keys(['example_branch_operator']) retrieved from /home/airflow/.local/lib/python3.6/site-packages/airflow/example_dags/example_branch_operator.py
[2021-10-29 00:46:42,893] {logging_mixin.py:109} INFO - [2021-10-29 00:46:42,892] {dag.py:2389} INFO - Sync 1 DAGs
[2021-10-29 00:46:42,913] {logging_mixin.py:109} INFO - [2021-10-29 00:46:42,913] {dag.py:2914} INFO - Setting next_dagrun for example_branch_operator to 2021-10-28 00:00:00+00:00
[2021-10-29 00:46:42,931] {processor.py:171} INFO - Processing /home/airflow/.local/lib/python3.6/site-packages/airflow/example_dags/example_branch_operator.py took 0.130 seconds
[2021-10-29 00:47:14,351] {processor.py:163} INFO - Started process (PID=930) to work on /home/airflow/.local/lib/python3.6/site-packages/airflow/example_dags/example_branch_operator.py
[2021-10-29 00:47:14,377] {processor.py:620} INFO - Processing file /home/airflow/.local/lib/python3.6/site-packages/airflow/example_dags/example_branch_operator.py for tasks to queue
[2021-10-29 00:47:14,378] {logging_mixin.py:109} INFO - [2021-10-29 00:47:14,378] {dagbag.py:500} INFO - Filling up the DagBag from /home/airflow/.local/lib/python3.6/site-packages/airflow/example_dags/example_branch_operator.py
[2021-10-29 00:47:14,462] {processor.py:632} INFO - DAG(s) dict_keys(['example_branch_operator']) retrieved from /home/airflow/.local/lib/python3.6/site-packages/airflow/example_dags/example_branch_operator.py
[2021-10-29 00:47:14,509] {logging_mixin.py:109} INFO - [2021-10-29 00:47:14,508] {dag.py:2389} INFO - Sync 1 DAGs
[2021-10-29 00:47:14,688] {logging_mixin.py:109} INFO - [2021-10-29 00:47:14,688] {dag.py:2914} INFO - Setting next_dagrun for example_branch_operator to 2021-10-28 00:00:00+00:00
[2021-10-29 00:47:14,753] {processor.py:171} INFO - Processing /home/airflow/.local/lib/python3.6/site-packages/airflow/example_dags/example_branch_operator.py took 0.406 seconds
[2021-10-29 00:47:46,576] {processor.py:163} INFO - Started process (PID=984) to work on /home/airflow/.local/lib/python3.6/site-packages/airflow/example_dags/example_branch_operator.py
[2021-10-29 00:47:46,581] {processor.py:620} INFO - Processing file /home/airflow/.local/lib/python3.6/site-packages/airflow/example_dags/example_branch_operator.py for tasks to queue
[2021-10-29 00:47:46,583] {logging_mixin.py:109} INFO - [2021-10-29 00:47:46,583] {dagbag.py:500} INFO - Filling up the DagBag from /home/airflow/.local/lib/python3.6/site-packages/airflow/example_dags/example_branch_operator.py
[2021-10-29 00:47:46,852] {processor.py:632} INFO - DAG(s) dict_keys(['example_branch_operator']) retrieved from /home/airflow/.local/lib/python3.6/site-packages/airflow/example_dags/example_branch_operator.py
[2021-10-29 00:47:46,915] {logging_mixin.py:109} INFO - [2021-10-29 00:47:46,914] {dag.py:2389} INFO - Sync 1 DAGs
[2021-10-29 00:47:47,004] {logging_mixin.py:109} INFO - [2021-10-29 00:47:47,003] {dag.py:2914} INFO - Setting next_dagrun for example_branch_operator to 2021-10-28 00:00:00+00:00
[2021-10-29 00:47:47,057] {processor.py:171} INFO - Processing /home/airflow/.local/lib/python3.6/site-packages/airflow/example_dags/example_branch_operator.py took 0.485 seconds
[2021-10-29 00:48:17,914] {processor.py:163} INFO - Started process (PID=1037) to work on /home/airflow/.local/lib/python3.6/site-packages/airflow/example_dags/example_branch_operator.py
[2021-10-29 00:48:17,917] {processor.py:620} INFO - Processing file /home/airflow/.local/lib/python3.6/site-packages/airflow/example_dags/example_branch_operator.py for tasks to queue
[2021-10-29 00:48:17,918] {logging_mixin.py:109} INFO - [2021-10-29 00:48:17,918] {dagbag.py:500} INFO - Filling up the DagBag from /home/airflow/.local/lib/python3.6/site-packages/airflow/example_dags/example_branch_operator.py
[2021-10-29 00:48:18,200] {processor.py:632} INFO - DAG(s) dict_keys(['example_branch_operator']) retrieved from /home/airflow/.local/lib/python3.6/site-packages/airflow/example_dags/example_branch_operator.py
[2021-10-29 00:48:18,266] {logging_mixin.py:109} INFO - [2021-10-29 00:48:18,266] {dag.py:2389} INFO - Sync 1 DAGs
[2021-10-29 00:48:18,429] {logging_mixin.py:109} INFO - [2021-10-29 00:48:18,428] {dag.py:2914} INFO - Setting next_dagrun for example_branch_operator to 2021-10-28 00:00:00+00:00
[2021-10-29 00:48:18,451] {processor.py:171} INFO - Processing /home/airflow/.local/lib/python3.6/site-packages/airflow/example_dags/example_branch_operator.py took 0.582 seconds
[2021-10-29 00:48:48,707] {processor.py:163} INFO - Started process (PID=1093) to work on /home/airflow/.local/lib/python3.6/site-packages/airflow/example_dags/example_branch_operator.py
[2021-10-29 00:48:48,715] {processor.py:620} INFO - Processing file /home/airflow/.local/lib/python3.6/site-packages/airflow/example_dags/example_branch_operator.py for tasks to queue
[2021-10-29 00:48:48,717] {logging_mixin.py:109} INFO - [2021-10-29 00:48:48,717] {dagbag.py:500} INFO - Filling up the DagBag from /home/airflow/.local/lib/python3.6/site-packages/airflow/example_dags/example_branch_operator.py
[2021-10-29 00:48:49,025] {processor.py:632} INFO - DAG(s) dict_keys(['example_branch_operator']) retrieved from /home/airflow/.local/lib/python3.6/site-packages/airflow/example_dags/example_branch_operator.py
[2021-10-29 00:48:49,267] {logging_mixin.py:109} INFO - [2021-10-29 00:48:49,267] {dag.py:2389} INFO - Sync 1 DAGs
[2021-10-29 00:48:49,414] {logging_mixin.py:109} INFO - [2021-10-29 00:48:49,414] {dag.py:2914} INFO - Setting next_dagrun for example_branch_operator to 2021-10-28 00:00:00+00:00
[2021-10-29 00:48:49,477] {processor.py:171} INFO - Processing /home/airflow/.local/lib/python3.6/site-packages/airflow/example_dags/example_branch_operator.py took 0.773 seconds
[2021-10-29 00:49:19,850] {processor.py:163} INFO - Started process (PID=1147) to work on /home/airflow/.local/lib/python3.6/site-packages/airflow/example_dags/example_branch_operator.py
[2021-10-29 00:49:19,855] {processor.py:620} INFO - Processing file /home/airflow/.local/lib/python3.6/site-packages/airflow/example_dags/example_branch_operator.py for tasks to queue
[2021-10-29 00:49:19,897] {logging_mixin.py:109} INFO - [2021-10-29 00:49:19,897] {dagbag.py:500} INFO - Filling up the DagBag from /home/airflow/.local/lib/python3.6/site-packages/airflow/example_dags/example_branch_operator.py
[2021-10-29 00:49:20,177] {processor.py:632} INFO - DAG(s) dict_keys(['example_branch_operator']) retrieved from /home/airflow/.local/lib/python3.6/site-packages/airflow/example_dags/example_branch_operator.py
[2021-10-29 00:49:20,237] {logging_mixin.py:109} INFO - [2021-10-29 00:49:20,237] {dag.py:2389} INFO - Sync 1 DAGs
[2021-10-29 00:49:20,410] {logging_mixin.py:109} INFO - [2021-10-29 00:49:20,410] {dag.py:2914} INFO - Setting next_dagrun for example_branch_operator to 2021-10-28 00:00:00+00:00
[2021-10-29 00:49:20,583] {processor.py:171} INFO - Processing /home/airflow/.local/lib/python3.6/site-packages/airflow/example_dags/example_branch_operator.py took 0.758 seconds
[2021-10-29 00:49:51,153] {processor.py:163} INFO - Started process (PID=1192) to work on /home/airflow/.local/lib/python3.6/site-packages/airflow/example_dags/example_branch_operator.py
[2021-10-29 00:49:51,252] {processor.py:620} INFO - Processing file /home/airflow/.local/lib/python3.6/site-packages/airflow/example_dags/example_branch_operator.py for tasks to queue
[2021-10-29 00:49:51,264] {logging_mixin.py:109} INFO - [2021-10-29 00:49:51,264] {dagbag.py:500} INFO - Filling up the DagBag from /home/airflow/.local/lib/python3.6/site-packages/airflow/example_dags/example_branch_operator.py
[2021-10-29 00:49:51,510] {processor.py:632} INFO - DAG(s) dict_keys(['example_branch_operator']) retrieved from /home/airflow/.local/lib/python3.6/site-packages/airflow/example_dags/example_branch_operator.py
[2021-10-29 00:49:51,675] {logging_mixin.py:109} INFO - [2021-10-29 00:49:51,675] {dag.py:2389} INFO - Sync 1 DAGs
[2021-10-29 00:49:51,859] {logging_mixin.py:109} INFO - [2021-10-29 00:49:51,859] {dag.py:2914} INFO - Setting next_dagrun for example_branch_operator to 2021-10-28 00:00:00+00:00
[2021-10-29 00:49:52,006] {processor.py:171} INFO - Processing /home/airflow/.local/lib/python3.6/site-packages/airflow/example_dags/example_branch_operator.py took 0.856 seconds
[2021-10-29 00:50:22,429] {processor.py:163} INFO - Started process (PID=1245) to work on /home/airflow/.local/lib/python3.6/site-packages/airflow/example_dags/example_branch_operator.py
[2021-10-29 00:50:22,471] {processor.py:620} INFO - Processing file /home/airflow/.local/lib/python3.6/site-packages/airflow/example_dags/example_branch_operator.py for tasks to queue
[2021-10-29 00:50:22,472] {logging_mixin.py:109} INFO - [2021-10-29 00:50:22,471] {dagbag.py:500} INFO - Filling up the DagBag from /home/airflow/.local/lib/python3.6/site-packages/airflow/example_dags/example_branch_operator.py
[2021-10-29 00:50:22,638] {processor.py:632} INFO - DAG(s) dict_keys(['example_branch_operator']) retrieved from /home/airflow/.local/lib/python3.6/site-packages/airflow/example_dags/example_branch_operator.py
[2021-10-29 00:50:22,723] {logging_mixin.py:109} INFO - [2021-10-29 00:50:22,723] {dag.py:2389} INFO - Sync 1 DAGs
[2021-10-29 00:50:22,823] {logging_mixin.py:109} INFO - [2021-10-29 00:50:22,822] {dag.py:2914} INFO - Setting next_dagrun for example_branch_operator to 2021-10-28 00:00:00+00:00
[2021-10-29 00:50:22,885] {processor.py:171} INFO - Processing /home/airflow/.local/lib/python3.6/site-packages/airflow/example_dags/example_branch_operator.py took 0.459 seconds
[2021-10-29 00:50:53,057] {processor.py:163} INFO - Started process (PID=1299) to work on /home/airflow/.local/lib/python3.6/site-packages/airflow/example_dags/example_branch_operator.py
[2021-10-29 00:50:53,073] {processor.py:620} INFO - Processing file /home/airflow/.local/lib/python3.6/site-packages/airflow/example_dags/example_branch_operator.py for tasks to queue
[2021-10-29 00:50:53,075] {logging_mixin.py:109} INFO - [2021-10-29 00:50:53,075] {dagbag.py:500} INFO - Filling up the DagBag from /home/airflow/.local/lib/python3.6/site-packages/airflow/example_dags/example_branch_operator.py
[2021-10-29 00:50:53,167] {processor.py:632} INFO - DAG(s) dict_keys(['example_branch_operator']) retrieved from /home/airflow/.local/lib/python3.6/site-packages/airflow/example_dags/example_branch_operator.py
[2021-10-29 00:50:53,211] {logging_mixin.py:109} INFO - [2021-10-29 00:50:53,211] {dag.py:2389} INFO - Sync 1 DAGs
[2021-10-29 00:50:53,260] {logging_mixin.py:109} INFO - [2021-10-29 00:50:53,259] {dag.py:2914} INFO - Setting next_dagrun for example_branch_operator to 2021-10-28 00:00:00+00:00
[2021-10-29 00:50:53,359] {processor.py:171} INFO - Processing /home/airflow/.local/lib/python3.6/site-packages/airflow/example_dags/example_branch_operator.py took 0.305 seconds
[2021-10-29 00:51:24,380] {processor.py:163} INFO - Started process (PID=1355) to work on /home/airflow/.local/lib/python3.6/site-packages/airflow/example_dags/example_branch_operator.py
[2021-10-29 00:51:24,411] {processor.py:620} INFO - Processing file /home/airflow/.local/lib/python3.6/site-packages/airflow/example_dags/example_branch_operator.py for tasks to queue
[2021-10-29 00:51:24,412] {logging_mixin.py:109} INFO - [2021-10-29 00:51:24,411] {dagbag.py:500} INFO - Filling up the DagBag from /home/airflow/.local/lib/python3.6/site-packages/airflow/example_dags/example_branch_operator.py
[2021-10-29 00:51:24,490] {processor.py:632} INFO - DAG(s) dict_keys(['example_branch_operator']) retrieved from /home/airflow/.local/lib/python3.6/site-packages/airflow/example_dags/example_branch_operator.py
[2021-10-29 00:51:24,514] {logging_mixin.py:109} INFO - [2021-10-29 00:51:24,513] {dag.py:2389} INFO - Sync 1 DAGs
[2021-10-29 00:51:24,554] {logging_mixin.py:109} INFO - [2021-10-29 00:51:24,554] {dag.py:2914} INFO - Setting next_dagrun for example_branch_operator to 2021-10-28 00:00:00+00:00
[2021-10-29 00:51:24,618] {processor.py:171} INFO - Processing /home/airflow/.local/lib/python3.6/site-packages/airflow/example_dags/example_branch_operator.py took 0.241 seconds
[2021-10-29 00:51:55,737] {processor.py:163} INFO - Started process (PID=1409) to work on /home/airflow/.local/lib/python3.6/site-packages/airflow/example_dags/example_branch_operator.py
[2021-10-29 00:51:55,763] {processor.py:620} INFO - Processing file /home/airflow/.local/lib/python3.6/site-packages/airflow/example_dags/example_branch_operator.py for tasks to queue
[2021-10-29 00:51:55,765] {logging_mixin.py:109} INFO - [2021-10-29 00:51:55,765] {dagbag.py:500} INFO - Filling up the DagBag from /home/airflow/.local/lib/python3.6/site-packages/airflow/example_dags/example_branch_operator.py
[2021-10-29 00:51:55,883] {processor.py:632} INFO - DAG(s) dict_keys(['example_branch_operator']) retrieved from /home/airflow/.local/lib/python3.6/site-packages/airflow/example_dags/example_branch_operator.py
[2021-10-29 00:51:55,937] {logging_mixin.py:109} INFO - [2021-10-29 00:51:55,936] {dag.py:2389} INFO - Sync 1 DAGs
[2021-10-29 00:51:55,975] {logging_mixin.py:109} INFO - [2021-10-29 00:51:55,975] {dag.py:2914} INFO - Setting next_dagrun for example_branch_operator to 2021-10-28 00:00:00+00:00
[2021-10-29 00:51:56,022] {processor.py:171} INFO - Processing /home/airflow/.local/lib/python3.6/site-packages/airflow/example_dags/example_branch_operator.py took 0.288 seconds
[2021-10-29 00:52:26,548] {processor.py:163} INFO - Started process (PID=1463) to work on /home/airflow/.local/lib/python3.6/site-packages/airflow/example_dags/example_branch_operator.py
[2021-10-29 00:52:26,568] {processor.py:620} INFO - Processing file /home/airflow/.local/lib/python3.6/site-packages/airflow/example_dags/example_branch_operator.py for tasks to queue
[2021-10-29 00:52:26,569] {logging_mixin.py:109} INFO - [2021-10-29 00:52:26,569] {dagbag.py:500} INFO - Filling up the DagBag from /home/airflow/.local/lib/python3.6/site-packages/airflow/example_dags/example_branch_operator.py
[2021-10-29 00:52:26,679] {processor.py:632} INFO - DAG(s) dict_keys(['example_branch_operator']) retrieved from /home/airflow/.local/lib/python3.6/site-packages/airflow/example_dags/example_branch_operator.py
[2021-10-29 00:52:26,726] {logging_mixin.py:109} INFO - [2021-10-29 00:52:26,726] {dag.py:2389} INFO - Sync 1 DAGs
[2021-10-29 00:52:26,770] {logging_mixin.py:109} INFO - [2021-10-29 00:52:26,770] {dag.py:2914} INFO - Setting next_dagrun for example_branch_operator to 2021-10-28 00:00:00+00:00
[2021-10-29 00:52:26,802] {processor.py:171} INFO - Processing /home/airflow/.local/lib/python3.6/site-packages/airflow/example_dags/example_branch_operator.py took 0.256 seconds
[2021-10-29 00:52:58,138] {processor.py:163} INFO - Started process (PID=1516) to work on /home/airflow/.local/lib/python3.6/site-packages/airflow/example_dags/example_branch_operator.py
[2021-10-29 00:52:58,191] {processor.py:620} INFO - Processing file /home/airflow/.local/lib/python3.6/site-packages/airflow/example_dags/example_branch_operator.py for tasks to queue
[2021-10-29 00:52:58,191] {logging_mixin.py:109} INFO - [2021-10-29 00:52:58,191] {dagbag.py:500} INFO - Filling up the DagBag from /home/airflow/.local/lib/python3.6/site-packages/airflow/example_dags/example_branch_operator.py
[2021-10-29 00:52:58,410] {processor.py:632} INFO - DAG(s) dict_keys(['example_branch_operator']) retrieved from /home/airflow/.local/lib/python3.6/site-packages/airflow/example_dags/example_branch_operator.py
[2021-10-29 00:52:58,450] {logging_mixin.py:109} INFO - [2021-10-29 00:52:58,450] {dag.py:2389} INFO - Sync 1 DAGs
[2021-10-29 00:52:58,509] {logging_mixin.py:109} INFO - [2021-10-29 00:52:58,509] {dag.py:2914} INFO - Setting next_dagrun for example_branch_operator to 2021-10-28 00:00:00+00:00
[2021-10-29 00:52:58,537] {processor.py:171} INFO - Processing /home/airflow/.local/lib/python3.6/site-packages/airflow/example_dags/example_branch_operator.py took 0.402 seconds
