[2021-10-29 00:17:44,908] {processor.py:163} INFO - Started process (PID=147) to work on /home/airflow/.local/lib/python3.6/site-packages/airflow/example_dags/tutorial_etl_dag.py
[2021-10-29 00:17:45,132] {processor.py:620} INFO - Processing file /home/airflow/.local/lib/python3.6/site-packages/airflow/example_dags/tutorial_etl_dag.py for tasks to queue
[2021-10-29 00:17:45,134] {logging_mixin.py:109} INFO - [2021-10-29 00:17:45,134] {dagbag.py:500} INFO - Filling up the DagBag from /home/airflow/.local/lib/python3.6/site-packages/airflow/example_dags/tutorial_etl_dag.py
[2021-10-29 00:17:45,587] {processor.py:632} INFO - DAG(s) dict_keys(['tutorial_etl_dag']) retrieved from /home/airflow/.local/lib/python3.6/site-packages/airflow/example_dags/tutorial_etl_dag.py
[2021-10-29 00:17:45,715] {logging_mixin.py:109} INFO - [2021-10-29 00:17:45,714] {dag.py:2389} INFO - Sync 1 DAGs
[2021-10-29 00:17:46,007] {logging_mixin.py:109} INFO - [2021-10-29 00:17:46,007] {dag.py:2914} INFO - Setting next_dagrun for tutorial_etl_dag to None
[2021-10-29 00:17:46,090] {processor.py:171} INFO - Processing /home/airflow/.local/lib/python3.6/site-packages/airflow/example_dags/tutorial_etl_dag.py took 1.184 seconds
[2021-10-29 00:18:16,260] {processor.py:163} INFO - Started process (PID=200) to work on /home/airflow/.local/lib/python3.6/site-packages/airflow/example_dags/tutorial_etl_dag.py
[2021-10-29 00:18:16,269] {processor.py:620} INFO - Processing file /home/airflow/.local/lib/python3.6/site-packages/airflow/example_dags/tutorial_etl_dag.py for tasks to queue
[2021-10-29 00:18:16,276] {logging_mixin.py:109} INFO - [2021-10-29 00:18:16,276] {dagbag.py:500} INFO - Filling up the DagBag from /home/airflow/.local/lib/python3.6/site-packages/airflow/example_dags/tutorial_etl_dag.py
[2021-10-29 00:18:16,411] {processor.py:632} INFO - DAG(s) dict_keys(['tutorial_etl_dag']) retrieved from /home/airflow/.local/lib/python3.6/site-packages/airflow/example_dags/tutorial_etl_dag.py
[2021-10-29 00:18:16,454] {logging_mixin.py:109} INFO - [2021-10-29 00:18:16,454] {dag.py:2389} INFO - Sync 1 DAGs
[2021-10-29 00:18:16,526] {logging_mixin.py:109} INFO - [2021-10-29 00:18:16,526] {dag.py:2914} INFO - Setting next_dagrun for tutorial_etl_dag to None
[2021-10-29 00:18:16,649] {processor.py:171} INFO - Processing /home/airflow/.local/lib/python3.6/site-packages/airflow/example_dags/tutorial_etl_dag.py took 0.393 seconds
[2021-10-29 00:18:46,933] {processor.py:163} INFO - Started process (PID=243) to work on /home/airflow/.local/lib/python3.6/site-packages/airflow/example_dags/tutorial_etl_dag.py
[2021-10-29 00:18:46,946] {processor.py:620} INFO - Processing file /home/airflow/.local/lib/python3.6/site-packages/airflow/example_dags/tutorial_etl_dag.py for tasks to queue
[2021-10-29 00:18:46,946] {logging_mixin.py:109} INFO - [2021-10-29 00:18:46,946] {dagbag.py:500} INFO - Filling up the DagBag from /home/airflow/.local/lib/python3.6/site-packages/airflow/example_dags/tutorial_etl_dag.py
[2021-10-29 00:18:47,031] {processor.py:632} INFO - DAG(s) dict_keys(['tutorial_etl_dag']) retrieved from /home/airflow/.local/lib/python3.6/site-packages/airflow/example_dags/tutorial_etl_dag.py
[2021-10-29 00:18:47,052] {logging_mixin.py:109} INFO - [2021-10-29 00:18:47,052] {dag.py:2389} INFO - Sync 1 DAGs
[2021-10-29 00:18:47,088] {logging_mixin.py:109} INFO - [2021-10-29 00:18:47,088] {dag.py:2914} INFO - Setting next_dagrun for tutorial_etl_dag to None
[2021-10-29 00:18:47,117] {processor.py:171} INFO - Processing /home/airflow/.local/lib/python3.6/site-packages/airflow/example_dags/tutorial_etl_dag.py took 0.186 seconds
[2021-10-29 00:19:17,651] {processor.py:163} INFO - Started process (PID=296) to work on /home/airflow/.local/lib/python3.6/site-packages/airflow/example_dags/tutorial_etl_dag.py
[2021-10-29 00:19:17,654] {processor.py:620} INFO - Processing file /home/airflow/.local/lib/python3.6/site-packages/airflow/example_dags/tutorial_etl_dag.py for tasks to queue
[2021-10-29 00:19:17,655] {logging_mixin.py:109} INFO - [2021-10-29 00:19:17,655] {dagbag.py:500} INFO - Filling up the DagBag from /home/airflow/.local/lib/python3.6/site-packages/airflow/example_dags/tutorial_etl_dag.py
[2021-10-29 00:19:17,685] {processor.py:632} INFO - DAG(s) dict_keys(['tutorial_etl_dag']) retrieved from /home/airflow/.local/lib/python3.6/site-packages/airflow/example_dags/tutorial_etl_dag.py
[2021-10-29 00:19:17,697] {logging_mixin.py:109} INFO - [2021-10-29 00:19:17,697] {dag.py:2389} INFO - Sync 1 DAGs
[2021-10-29 00:19:17,712] {logging_mixin.py:109} INFO - [2021-10-29 00:19:17,712] {dag.py:2914} INFO - Setting next_dagrun for tutorial_etl_dag to None
[2021-10-29 00:19:17,727] {processor.py:171} INFO - Processing /home/airflow/.local/lib/python3.6/site-packages/airflow/example_dags/tutorial_etl_dag.py took 0.079 seconds
[2021-10-29 00:19:48,042] {processor.py:163} INFO - Started process (PID=350) to work on /home/airflow/.local/lib/python3.6/site-packages/airflow/example_dags/tutorial_etl_dag.py
[2021-10-29 00:19:48,045] {processor.py:620} INFO - Processing file /home/airflow/.local/lib/python3.6/site-packages/airflow/example_dags/tutorial_etl_dag.py for tasks to queue
[2021-10-29 00:19:48,048] {logging_mixin.py:109} INFO - [2021-10-29 00:19:48,048] {dagbag.py:500} INFO - Filling up the DagBag from /home/airflow/.local/lib/python3.6/site-packages/airflow/example_dags/tutorial_etl_dag.py
[2021-10-29 00:19:48,075] {processor.py:632} INFO - DAG(s) dict_keys(['tutorial_etl_dag']) retrieved from /home/airflow/.local/lib/python3.6/site-packages/airflow/example_dags/tutorial_etl_dag.py
[2021-10-29 00:19:48,086] {logging_mixin.py:109} INFO - [2021-10-29 00:19:48,086] {dag.py:2389} INFO - Sync 1 DAGs
[2021-10-29 00:19:48,104] {logging_mixin.py:109} INFO - [2021-10-29 00:19:48,104] {dag.py:2914} INFO - Setting next_dagrun for tutorial_etl_dag to None
[2021-10-29 00:19:48,127] {processor.py:171} INFO - Processing /home/airflow/.local/lib/python3.6/site-packages/airflow/example_dags/tutorial_etl_dag.py took 0.087 seconds
[2021-10-29 00:20:18,525] {processor.py:163} INFO - Started process (PID=404) to work on /home/airflow/.local/lib/python3.6/site-packages/airflow/example_dags/tutorial_etl_dag.py
[2021-10-29 00:20:18,533] {processor.py:620} INFO - Processing file /home/airflow/.local/lib/python3.6/site-packages/airflow/example_dags/tutorial_etl_dag.py for tasks to queue
[2021-10-29 00:20:18,534] {logging_mixin.py:109} INFO - [2021-10-29 00:20:18,534] {dagbag.py:500} INFO - Filling up the DagBag from /home/airflow/.local/lib/python3.6/site-packages/airflow/example_dags/tutorial_etl_dag.py
[2021-10-29 00:20:18,564] {processor.py:632} INFO - DAG(s) dict_keys(['tutorial_etl_dag']) retrieved from /home/airflow/.local/lib/python3.6/site-packages/airflow/example_dags/tutorial_etl_dag.py
[2021-10-29 00:20:18,575] {logging_mixin.py:109} INFO - [2021-10-29 00:20:18,574] {dag.py:2389} INFO - Sync 1 DAGs
[2021-10-29 00:20:18,593] {logging_mixin.py:109} INFO - [2021-10-29 00:20:18,593] {dag.py:2914} INFO - Setting next_dagrun for tutorial_etl_dag to None
[2021-10-29 00:20:18,609] {processor.py:171} INFO - Processing /home/airflow/.local/lib/python3.6/site-packages/airflow/example_dags/tutorial_etl_dag.py took 0.087 seconds
[2021-10-29 00:20:49,288] {processor.py:163} INFO - Started process (PID=458) to work on /home/airflow/.local/lib/python3.6/site-packages/airflow/example_dags/tutorial_etl_dag.py
[2021-10-29 00:20:49,291] {processor.py:620} INFO - Processing file /home/airflow/.local/lib/python3.6/site-packages/airflow/example_dags/tutorial_etl_dag.py for tasks to queue
[2021-10-29 00:20:49,292] {logging_mixin.py:109} INFO - [2021-10-29 00:20:49,292] {dagbag.py:500} INFO - Filling up the DagBag from /home/airflow/.local/lib/python3.6/site-packages/airflow/example_dags/tutorial_etl_dag.py
[2021-10-29 00:20:49,320] {processor.py:632} INFO - DAG(s) dict_keys(['tutorial_etl_dag']) retrieved from /home/airflow/.local/lib/python3.6/site-packages/airflow/example_dags/tutorial_etl_dag.py
[2021-10-29 00:20:49,330] {logging_mixin.py:109} INFO - [2021-10-29 00:20:49,330] {dag.py:2389} INFO - Sync 1 DAGs
[2021-10-29 00:20:49,346] {logging_mixin.py:109} INFO - [2021-10-29 00:20:49,346] {dag.py:2914} INFO - Setting next_dagrun for tutorial_etl_dag to None
[2021-10-29 00:20:49,358] {processor.py:171} INFO - Processing /home/airflow/.local/lib/python3.6/site-packages/airflow/example_dags/tutorial_etl_dag.py took 0.073 seconds
[2021-10-29 00:21:20,786] {processor.py:163} INFO - Started process (PID=512) to work on /home/airflow/.local/lib/python3.6/site-packages/airflow/example_dags/tutorial_etl_dag.py
[2021-10-29 00:21:20,793] {processor.py:620} INFO - Processing file /home/airflow/.local/lib/python3.6/site-packages/airflow/example_dags/tutorial_etl_dag.py for tasks to queue
[2021-10-29 00:21:20,796] {logging_mixin.py:109} INFO - [2021-10-29 00:21:20,796] {dagbag.py:500} INFO - Filling up the DagBag from /home/airflow/.local/lib/python3.6/site-packages/airflow/example_dags/tutorial_etl_dag.py
[2021-10-29 00:21:21,045] {processor.py:632} INFO - DAG(s) dict_keys(['tutorial_etl_dag']) retrieved from /home/airflow/.local/lib/python3.6/site-packages/airflow/example_dags/tutorial_etl_dag.py
[2021-10-29 00:21:21,063] {logging_mixin.py:109} INFO - [2021-10-29 00:21:21,063] {dag.py:2389} INFO - Sync 1 DAGs
[2021-10-29 00:21:21,124] {logging_mixin.py:109} INFO - [2021-10-29 00:21:21,124] {dag.py:2914} INFO - Setting next_dagrun for tutorial_etl_dag to None
[2021-10-29 00:21:21,159] {processor.py:171} INFO - Processing /home/airflow/.local/lib/python3.6/site-packages/airflow/example_dags/tutorial_etl_dag.py took 0.421 seconds
[2021-10-29 00:22:20,005] {processor.py:163} INFO - Started process (PID=576) to work on /home/airflow/.local/lib/python3.6/site-packages/airflow/example_dags/tutorial_etl_dag.py
[2021-10-29 00:22:20,109] {processor.py:620} INFO - Processing file /home/airflow/.local/lib/python3.6/site-packages/airflow/example_dags/tutorial_etl_dag.py for tasks to queue
[2021-10-29 00:22:20,113] {logging_mixin.py:109} INFO - [2021-10-29 00:22:20,113] {dagbag.py:500} INFO - Filling up the DagBag from /home/airflow/.local/lib/python3.6/site-packages/airflow/example_dags/tutorial_etl_dag.py
[2021-10-29 00:22:21,404] {processor.py:632} INFO - DAG(s) dict_keys(['tutorial_etl_dag']) retrieved from /home/airflow/.local/lib/python3.6/site-packages/airflow/example_dags/tutorial_etl_dag.py
[2021-10-29 00:22:21,621] {logging_mixin.py:109} INFO - [2021-10-29 00:22:21,621] {dag.py:2389} INFO - Sync 1 DAGs
[2021-10-29 00:22:21,923] {logging_mixin.py:109} INFO - [2021-10-29 00:22:21,923] {dag.py:2914} INFO - Setting next_dagrun for tutorial_etl_dag to None
[2021-10-29 00:22:22,063] {processor.py:171} INFO - Processing /home/airflow/.local/lib/python3.6/site-packages/airflow/example_dags/tutorial_etl_dag.py took 2.061 seconds
[2021-10-29 00:22:52,257] {processor.py:163} INFO - Started process (PID=629) to work on /home/airflow/.local/lib/python3.6/site-packages/airflow/example_dags/tutorial_etl_dag.py
[2021-10-29 00:22:52,273] {processor.py:620} INFO - Processing file /home/airflow/.local/lib/python3.6/site-packages/airflow/example_dags/tutorial_etl_dag.py for tasks to queue
[2021-10-29 00:22:52,275] {logging_mixin.py:109} INFO - [2021-10-29 00:22:52,275] {dagbag.py:500} INFO - Filling up the DagBag from /home/airflow/.local/lib/python3.6/site-packages/airflow/example_dags/tutorial_etl_dag.py
[2021-10-29 00:22:52,348] {processor.py:632} INFO - DAG(s) dict_keys(['tutorial_etl_dag']) retrieved from /home/airflow/.local/lib/python3.6/site-packages/airflow/example_dags/tutorial_etl_dag.py
[2021-10-29 00:22:52,412] {logging_mixin.py:109} INFO - [2021-10-29 00:22:52,412] {dag.py:2389} INFO - Sync 1 DAGs
[2021-10-29 00:22:52,520] {logging_mixin.py:109} INFO - [2021-10-29 00:22:52,520] {dag.py:2914} INFO - Setting next_dagrun for tutorial_etl_dag to None
[2021-10-29 00:22:52,571] {processor.py:171} INFO - Processing /home/airflow/.local/lib/python3.6/site-packages/airflow/example_dags/tutorial_etl_dag.py took 0.318 seconds
[2021-10-29 00:23:23,050] {processor.py:163} INFO - Started process (PID=684) to work on /home/airflow/.local/lib/python3.6/site-packages/airflow/example_dags/tutorial_etl_dag.py
[2021-10-29 00:23:23,061] {processor.py:620} INFO - Processing file /home/airflow/.local/lib/python3.6/site-packages/airflow/example_dags/tutorial_etl_dag.py for tasks to queue
[2021-10-29 00:23:23,064] {logging_mixin.py:109} INFO - [2021-10-29 00:23:23,064] {dagbag.py:500} INFO - Filling up the DagBag from /home/airflow/.local/lib/python3.6/site-packages/airflow/example_dags/tutorial_etl_dag.py
[2021-10-29 00:23:23,116] {processor.py:632} INFO - DAG(s) dict_keys(['tutorial_etl_dag']) retrieved from /home/airflow/.local/lib/python3.6/site-packages/airflow/example_dags/tutorial_etl_dag.py
[2021-10-29 00:23:23,144] {logging_mixin.py:109} INFO - [2021-10-29 00:23:23,144] {dag.py:2389} INFO - Sync 1 DAGs
[2021-10-29 00:23:23,173] {logging_mixin.py:109} INFO - [2021-10-29 00:23:23,173] {dag.py:2914} INFO - Setting next_dagrun for tutorial_etl_dag to None
[2021-10-29 00:23:23,201] {processor.py:171} INFO - Processing /home/airflow/.local/lib/python3.6/site-packages/airflow/example_dags/tutorial_etl_dag.py took 0.154 seconds
[2021-10-29 00:23:53,677] {processor.py:163} INFO - Started process (PID=738) to work on /home/airflow/.local/lib/python3.6/site-packages/airflow/example_dags/tutorial_etl_dag.py
[2021-10-29 00:23:53,705] {processor.py:620} INFO - Processing file /home/airflow/.local/lib/python3.6/site-packages/airflow/example_dags/tutorial_etl_dag.py for tasks to queue
[2021-10-29 00:23:53,709] {logging_mixin.py:109} INFO - [2021-10-29 00:23:53,709] {dagbag.py:500} INFO - Filling up the DagBag from /home/airflow/.local/lib/python3.6/site-packages/airflow/example_dags/tutorial_etl_dag.py
[2021-10-29 00:23:53,772] {processor.py:632} INFO - DAG(s) dict_keys(['tutorial_etl_dag']) retrieved from /home/airflow/.local/lib/python3.6/site-packages/airflow/example_dags/tutorial_etl_dag.py
[2021-10-29 00:23:53,791] {logging_mixin.py:109} INFO - [2021-10-29 00:23:53,791] {dag.py:2389} INFO - Sync 1 DAGs
[2021-10-29 00:23:53,834] {logging_mixin.py:109} INFO - [2021-10-29 00:23:53,834] {dag.py:2914} INFO - Setting next_dagrun for tutorial_etl_dag to None
[2021-10-29 00:23:53,846] {processor.py:171} INFO - Processing /home/airflow/.local/lib/python3.6/site-packages/airflow/example_dags/tutorial_etl_dag.py took 0.172 seconds
[2021-10-29 00:24:24,609] {processor.py:163} INFO - Started process (PID=792) to work on /home/airflow/.local/lib/python3.6/site-packages/airflow/example_dags/tutorial_etl_dag.py
[2021-10-29 00:24:24,614] {processor.py:620} INFO - Processing file /home/airflow/.local/lib/python3.6/site-packages/airflow/example_dags/tutorial_etl_dag.py for tasks to queue
[2021-10-29 00:24:24,615] {logging_mixin.py:109} INFO - [2021-10-29 00:24:24,614] {dagbag.py:500} INFO - Filling up the DagBag from /home/airflow/.local/lib/python3.6/site-packages/airflow/example_dags/tutorial_etl_dag.py
[2021-10-29 00:24:24,661] {processor.py:632} INFO - DAG(s) dict_keys(['tutorial_etl_dag']) retrieved from /home/airflow/.local/lib/python3.6/site-packages/airflow/example_dags/tutorial_etl_dag.py
[2021-10-29 00:24:24,682] {logging_mixin.py:109} INFO - [2021-10-29 00:24:24,682] {dag.py:2389} INFO - Sync 1 DAGs
[2021-10-29 00:24:24,707] {logging_mixin.py:109} INFO - [2021-10-29 00:24:24,707] {dag.py:2914} INFO - Setting next_dagrun for tutorial_etl_dag to None
[2021-10-29 00:24:24,720] {processor.py:171} INFO - Processing /home/airflow/.local/lib/python3.6/site-packages/airflow/example_dags/tutorial_etl_dag.py took 0.114 seconds
[2021-10-29 00:24:55,054] {processor.py:163} INFO - Started process (PID=846) to work on /home/airflow/.local/lib/python3.6/site-packages/airflow/example_dags/tutorial_etl_dag.py
[2021-10-29 00:24:55,060] {processor.py:620} INFO - Processing file /home/airflow/.local/lib/python3.6/site-packages/airflow/example_dags/tutorial_etl_dag.py for tasks to queue
[2021-10-29 00:24:55,062] {logging_mixin.py:109} INFO - [2021-10-29 00:24:55,062] {dagbag.py:500} INFO - Filling up the DagBag from /home/airflow/.local/lib/python3.6/site-packages/airflow/example_dags/tutorial_etl_dag.py
[2021-10-29 00:24:55,125] {processor.py:632} INFO - DAG(s) dict_keys(['tutorial_etl_dag']) retrieved from /home/airflow/.local/lib/python3.6/site-packages/airflow/example_dags/tutorial_etl_dag.py
[2021-10-29 00:24:55,150] {logging_mixin.py:109} INFO - [2021-10-29 00:24:55,149] {dag.py:2389} INFO - Sync 1 DAGs
[2021-10-29 00:24:55,191] {logging_mixin.py:109} INFO - [2021-10-29 00:24:55,191] {dag.py:2914} INFO - Setting next_dagrun for tutorial_etl_dag to None
[2021-10-29 00:24:55,210] {processor.py:171} INFO - Processing /home/airflow/.local/lib/python3.6/site-packages/airflow/example_dags/tutorial_etl_dag.py took 0.159 seconds
[2021-10-29 00:25:25,376] {processor.py:163} INFO - Started process (PID=900) to work on /home/airflow/.local/lib/python3.6/site-packages/airflow/example_dags/tutorial_etl_dag.py
[2021-10-29 00:25:25,378] {processor.py:620} INFO - Processing file /home/airflow/.local/lib/python3.6/site-packages/airflow/example_dags/tutorial_etl_dag.py for tasks to queue
[2021-10-29 00:25:25,383] {logging_mixin.py:109} INFO - [2021-10-29 00:25:25,383] {dagbag.py:500} INFO - Filling up the DagBag from /home/airflow/.local/lib/python3.6/site-packages/airflow/example_dags/tutorial_etl_dag.py
[2021-10-29 00:25:25,409] {processor.py:632} INFO - DAG(s) dict_keys(['tutorial_etl_dag']) retrieved from /home/airflow/.local/lib/python3.6/site-packages/airflow/example_dags/tutorial_etl_dag.py
[2021-10-29 00:25:25,421] {logging_mixin.py:109} INFO - [2021-10-29 00:25:25,421] {dag.py:2389} INFO - Sync 1 DAGs
[2021-10-29 00:25:25,437] {logging_mixin.py:109} INFO - [2021-10-29 00:25:25,437] {dag.py:2914} INFO - Setting next_dagrun for tutorial_etl_dag to None
[2021-10-29 00:25:25,453] {processor.py:171} INFO - Processing /home/airflow/.local/lib/python3.6/site-packages/airflow/example_dags/tutorial_etl_dag.py took 0.080 seconds
[2021-10-29 00:25:55,717] {processor.py:163} INFO - Started process (PID=954) to work on /home/airflow/.local/lib/python3.6/site-packages/airflow/example_dags/tutorial_etl_dag.py
[2021-10-29 00:25:55,724] {processor.py:620} INFO - Processing file /home/airflow/.local/lib/python3.6/site-packages/airflow/example_dags/tutorial_etl_dag.py for tasks to queue
[2021-10-29 00:25:55,725] {logging_mixin.py:109} INFO - [2021-10-29 00:25:55,725] {dagbag.py:500} INFO - Filling up the DagBag from /home/airflow/.local/lib/python3.6/site-packages/airflow/example_dags/tutorial_etl_dag.py
[2021-10-29 00:25:55,750] {processor.py:632} INFO - DAG(s) dict_keys(['tutorial_etl_dag']) retrieved from /home/airflow/.local/lib/python3.6/site-packages/airflow/example_dags/tutorial_etl_dag.py
[2021-10-29 00:25:55,761] {logging_mixin.py:109} INFO - [2021-10-29 00:25:55,761] {dag.py:2389} INFO - Sync 1 DAGs
[2021-10-29 00:25:55,778] {logging_mixin.py:109} INFO - [2021-10-29 00:25:55,778] {dag.py:2914} INFO - Setting next_dagrun for tutorial_etl_dag to None
[2021-10-29 00:25:55,787] {processor.py:171} INFO - Processing /home/airflow/.local/lib/python3.6/site-packages/airflow/example_dags/tutorial_etl_dag.py took 0.076 seconds
[2021-10-29 00:26:26,133] {processor.py:163} INFO - Started process (PID=1008) to work on /home/airflow/.local/lib/python3.6/site-packages/airflow/example_dags/tutorial_etl_dag.py
[2021-10-29 00:26:26,136] {processor.py:620} INFO - Processing file /home/airflow/.local/lib/python3.6/site-packages/airflow/example_dags/tutorial_etl_dag.py for tasks to queue
[2021-10-29 00:26:26,139] {logging_mixin.py:109} INFO - [2021-10-29 00:26:26,139] {dagbag.py:500} INFO - Filling up the DagBag from /home/airflow/.local/lib/python3.6/site-packages/airflow/example_dags/tutorial_etl_dag.py
[2021-10-29 00:26:26,228] {processor.py:632} INFO - DAG(s) dict_keys(['tutorial_etl_dag']) retrieved from /home/airflow/.local/lib/python3.6/site-packages/airflow/example_dags/tutorial_etl_dag.py
[2021-10-29 00:26:26,261] {logging_mixin.py:109} INFO - [2021-10-29 00:26:26,261] {dag.py:2389} INFO - Sync 1 DAGs
[2021-10-29 00:26:26,308] {logging_mixin.py:109} INFO - [2021-10-29 00:26:26,308] {dag.py:2914} INFO - Setting next_dagrun for tutorial_etl_dag to None
[2021-10-29 00:26:26,358] {processor.py:171} INFO - Processing /home/airflow/.local/lib/python3.6/site-packages/airflow/example_dags/tutorial_etl_dag.py took 0.271 seconds
[2021-10-29 00:26:56,820] {processor.py:163} INFO - Started process (PID=1062) to work on /home/airflow/.local/lib/python3.6/site-packages/airflow/example_dags/tutorial_etl_dag.py
[2021-10-29 00:26:56,848] {processor.py:620} INFO - Processing file /home/airflow/.local/lib/python3.6/site-packages/airflow/example_dags/tutorial_etl_dag.py for tasks to queue
[2021-10-29 00:26:56,858] {logging_mixin.py:109} INFO - [2021-10-29 00:26:56,858] {dagbag.py:500} INFO - Filling up the DagBag from /home/airflow/.local/lib/python3.6/site-packages/airflow/example_dags/tutorial_etl_dag.py
[2021-10-29 00:26:56,931] {processor.py:632} INFO - DAG(s) dict_keys(['tutorial_etl_dag']) retrieved from /home/airflow/.local/lib/python3.6/site-packages/airflow/example_dags/tutorial_etl_dag.py
[2021-10-29 00:26:56,975] {logging_mixin.py:109} INFO - [2021-10-29 00:26:56,975] {dag.py:2389} INFO - Sync 1 DAGs
[2021-10-29 00:26:57,023] {logging_mixin.py:109} INFO - [2021-10-29 00:26:57,023] {dag.py:2914} INFO - Setting next_dagrun for tutorial_etl_dag to None
[2021-10-29 00:26:57,049] {processor.py:171} INFO - Processing /home/airflow/.local/lib/python3.6/site-packages/airflow/example_dags/tutorial_etl_dag.py took 0.231 seconds
[2021-10-29 00:27:27,904] {processor.py:163} INFO - Started process (PID=1114) to work on /home/airflow/.local/lib/python3.6/site-packages/airflow/example_dags/tutorial_etl_dag.py
[2021-10-29 00:27:27,908] {processor.py:620} INFO - Processing file /home/airflow/.local/lib/python3.6/site-packages/airflow/example_dags/tutorial_etl_dag.py for tasks to queue
[2021-10-29 00:27:27,910] {logging_mixin.py:109} INFO - [2021-10-29 00:27:27,910] {dagbag.py:500} INFO - Filling up the DagBag from /home/airflow/.local/lib/python3.6/site-packages/airflow/example_dags/tutorial_etl_dag.py
[2021-10-29 00:27:28,147] {processor.py:632} INFO - DAG(s) dict_keys(['tutorial_etl_dag']) retrieved from /home/airflow/.local/lib/python3.6/site-packages/airflow/example_dags/tutorial_etl_dag.py
[2021-10-29 00:27:28,214] {logging_mixin.py:109} INFO - [2021-10-29 00:27:28,214] {dag.py:2389} INFO - Sync 1 DAGs
[2021-10-29 00:27:28,363] {logging_mixin.py:109} INFO - [2021-10-29 00:27:28,363] {dag.py:2914} INFO - Setting next_dagrun for tutorial_etl_dag to None
[2021-10-29 00:27:28,408] {processor.py:171} INFO - Processing /home/airflow/.local/lib/python3.6/site-packages/airflow/example_dags/tutorial_etl_dag.py took 0.538 seconds
[2021-10-29 00:27:59,080] {processor.py:163} INFO - Started process (PID=1170) to work on /home/airflow/.local/lib/python3.6/site-packages/airflow/example_dags/tutorial_etl_dag.py
[2021-10-29 00:27:59,096] {processor.py:620} INFO - Processing file /home/airflow/.local/lib/python3.6/site-packages/airflow/example_dags/tutorial_etl_dag.py for tasks to queue
[2021-10-29 00:27:59,100] {logging_mixin.py:109} INFO - [2021-10-29 00:27:59,100] {dagbag.py:500} INFO - Filling up the DagBag from /home/airflow/.local/lib/python3.6/site-packages/airflow/example_dags/tutorial_etl_dag.py
[2021-10-29 00:27:59,225] {processor.py:632} INFO - DAG(s) dict_keys(['tutorial_etl_dag']) retrieved from /home/airflow/.local/lib/python3.6/site-packages/airflow/example_dags/tutorial_etl_dag.py
[2021-10-29 00:27:59,278] {logging_mixin.py:109} INFO - [2021-10-29 00:27:59,277] {dag.py:2389} INFO - Sync 1 DAGs
[2021-10-29 00:27:59,320] {logging_mixin.py:109} INFO - [2021-10-29 00:27:59,320] {dag.py:2914} INFO - Setting next_dagrun for tutorial_etl_dag to None
[2021-10-29 00:27:59,351] {processor.py:171} INFO - Processing /home/airflow/.local/lib/python3.6/site-packages/airflow/example_dags/tutorial_etl_dag.py took 0.313 seconds
[2021-10-29 00:28:31,001] {processor.py:163} INFO - Started process (PID=1222) to work on /home/airflow/.local/lib/python3.6/site-packages/airflow/example_dags/tutorial_etl_dag.py
[2021-10-29 00:28:31,020] {processor.py:620} INFO - Processing file /home/airflow/.local/lib/python3.6/site-packages/airflow/example_dags/tutorial_etl_dag.py for tasks to queue
[2021-10-29 00:28:31,022] {logging_mixin.py:109} INFO - [2021-10-29 00:28:31,022] {dagbag.py:500} INFO - Filling up the DagBag from /home/airflow/.local/lib/python3.6/site-packages/airflow/example_dags/tutorial_etl_dag.py
[2021-10-29 00:28:31,165] {processor.py:632} INFO - DAG(s) dict_keys(['tutorial_etl_dag']) retrieved from /home/airflow/.local/lib/python3.6/site-packages/airflow/example_dags/tutorial_etl_dag.py
[2021-10-29 00:28:31,255] {logging_mixin.py:109} INFO - [2021-10-29 00:28:31,255] {dag.py:2389} INFO - Sync 1 DAGs
[2021-10-29 00:28:31,343] {logging_mixin.py:109} INFO - [2021-10-29 00:28:31,342] {dag.py:2914} INFO - Setting next_dagrun for tutorial_etl_dag to None
[2021-10-29 00:28:31,360] {processor.py:171} INFO - Processing /home/airflow/.local/lib/python3.6/site-packages/airflow/example_dags/tutorial_etl_dag.py took 0.361 seconds
[2021-10-29 00:29:02,071] {processor.py:163} INFO - Started process (PID=1276) to work on /home/airflow/.local/lib/python3.6/site-packages/airflow/example_dags/tutorial_etl_dag.py
[2021-10-29 00:29:02,093] {processor.py:620} INFO - Processing file /home/airflow/.local/lib/python3.6/site-packages/airflow/example_dags/tutorial_etl_dag.py for tasks to queue
[2021-10-29 00:29:02,094] {logging_mixin.py:109} INFO - [2021-10-29 00:29:02,094] {dagbag.py:500} INFO - Filling up the DagBag from /home/airflow/.local/lib/python3.6/site-packages/airflow/example_dags/tutorial_etl_dag.py
[2021-10-29 00:29:02,220] {processor.py:632} INFO - DAG(s) dict_keys(['tutorial_etl_dag']) retrieved from /home/airflow/.local/lib/python3.6/site-packages/airflow/example_dags/tutorial_etl_dag.py
[2021-10-29 00:29:02,248] {logging_mixin.py:109} INFO - [2021-10-29 00:29:02,248] {dag.py:2389} INFO - Sync 1 DAGs
[2021-10-29 00:29:02,365] {logging_mixin.py:109} INFO - [2021-10-29 00:29:02,365] {dag.py:2914} INFO - Setting next_dagrun for tutorial_etl_dag to None
[2021-10-29 00:29:02,405] {processor.py:171} INFO - Processing /home/airflow/.local/lib/python3.6/site-packages/airflow/example_dags/tutorial_etl_dag.py took 0.348 seconds
[2021-10-29 00:29:33,210] {processor.py:163} INFO - Started process (PID=1329) to work on /home/airflow/.local/lib/python3.6/site-packages/airflow/example_dags/tutorial_etl_dag.py
[2021-10-29 00:29:33,228] {processor.py:620} INFO - Processing file /home/airflow/.local/lib/python3.6/site-packages/airflow/example_dags/tutorial_etl_dag.py for tasks to queue
[2021-10-29 00:29:33,230] {logging_mixin.py:109} INFO - [2021-10-29 00:29:33,230] {dagbag.py:500} INFO - Filling up the DagBag from /home/airflow/.local/lib/python3.6/site-packages/airflow/example_dags/tutorial_etl_dag.py
[2021-10-29 00:29:33,443] {processor.py:632} INFO - DAG(s) dict_keys(['tutorial_etl_dag']) retrieved from /home/airflow/.local/lib/python3.6/site-packages/airflow/example_dags/tutorial_etl_dag.py
[2021-10-29 00:29:33,543] {logging_mixin.py:109} INFO - [2021-10-29 00:29:33,543] {dag.py:2389} INFO - Sync 1 DAGs
[2021-10-29 00:29:33,648] {logging_mixin.py:109} INFO - [2021-10-29 00:29:33,648] {dag.py:2914} INFO - Setting next_dagrun for tutorial_etl_dag to None
[2021-10-29 00:29:33,752] {processor.py:171} INFO - Processing /home/airflow/.local/lib/python3.6/site-packages/airflow/example_dags/tutorial_etl_dag.py took 0.545 seconds
[2021-10-29 00:30:03,979] {processor.py:163} INFO - Started process (PID=1383) to work on /home/airflow/.local/lib/python3.6/site-packages/airflow/example_dags/tutorial_etl_dag.py
[2021-10-29 00:30:03,982] {processor.py:620} INFO - Processing file /home/airflow/.local/lib/python3.6/site-packages/airflow/example_dags/tutorial_etl_dag.py for tasks to queue
[2021-10-29 00:30:03,984] {logging_mixin.py:109} INFO - [2021-10-29 00:30:03,983] {dagbag.py:500} INFO - Filling up the DagBag from /home/airflow/.local/lib/python3.6/site-packages/airflow/example_dags/tutorial_etl_dag.py
[2021-10-29 00:30:04,054] {processor.py:632} INFO - DAG(s) dict_keys(['tutorial_etl_dag']) retrieved from /home/airflow/.local/lib/python3.6/site-packages/airflow/example_dags/tutorial_etl_dag.py
[2021-10-29 00:30:04,087] {logging_mixin.py:109} INFO - [2021-10-29 00:30:04,087] {dag.py:2389} INFO - Sync 1 DAGs
[2021-10-29 00:30:04,138] {logging_mixin.py:109} INFO - [2021-10-29 00:30:04,138] {dag.py:2914} INFO - Setting next_dagrun for tutorial_etl_dag to None
[2021-10-29 00:30:04,164] {processor.py:171} INFO - Processing /home/airflow/.local/lib/python3.6/site-packages/airflow/example_dags/tutorial_etl_dag.py took 0.203 seconds
[2021-10-29 00:30:34,390] {processor.py:163} INFO - Started process (PID=1437) to work on /home/airflow/.local/lib/python3.6/site-packages/airflow/example_dags/tutorial_etl_dag.py
[2021-10-29 00:30:34,396] {processor.py:620} INFO - Processing file /home/airflow/.local/lib/python3.6/site-packages/airflow/example_dags/tutorial_etl_dag.py for tasks to queue
[2021-10-29 00:30:34,397] {logging_mixin.py:109} INFO - [2021-10-29 00:30:34,397] {dagbag.py:500} INFO - Filling up the DagBag from /home/airflow/.local/lib/python3.6/site-packages/airflow/example_dags/tutorial_etl_dag.py
[2021-10-29 00:30:34,481] {processor.py:632} INFO - DAG(s) dict_keys(['tutorial_etl_dag']) retrieved from /home/airflow/.local/lib/python3.6/site-packages/airflow/example_dags/tutorial_etl_dag.py
[2021-10-29 00:30:34,508] {logging_mixin.py:109} INFO - [2021-10-29 00:30:34,508] {dag.py:2389} INFO - Sync 1 DAGs
[2021-10-29 00:30:34,555] {logging_mixin.py:109} INFO - [2021-10-29 00:30:34,555] {dag.py:2914} INFO - Setting next_dagrun for tutorial_etl_dag to None
[2021-10-29 00:30:34,575] {processor.py:171} INFO - Processing /home/airflow/.local/lib/python3.6/site-packages/airflow/example_dags/tutorial_etl_dag.py took 0.187 seconds
[2021-10-29 00:31:05,177] {processor.py:163} INFO - Started process (PID=1490) to work on /home/airflow/.local/lib/python3.6/site-packages/airflow/example_dags/tutorial_etl_dag.py
[2021-10-29 00:31:05,271] {processor.py:620} INFO - Processing file /home/airflow/.local/lib/python3.6/site-packages/airflow/example_dags/tutorial_etl_dag.py for tasks to queue
[2021-10-29 00:31:05,276] {logging_mixin.py:109} INFO - [2021-10-29 00:31:05,276] {dagbag.py:500} INFO - Filling up the DagBag from /home/airflow/.local/lib/python3.6/site-packages/airflow/example_dags/tutorial_etl_dag.py
[2021-10-29 00:31:05,502] {processor.py:632} INFO - DAG(s) dict_keys(['tutorial_etl_dag']) retrieved from /home/airflow/.local/lib/python3.6/site-packages/airflow/example_dags/tutorial_etl_dag.py
[2021-10-29 00:31:05,566] {logging_mixin.py:109} INFO - [2021-10-29 00:31:05,566] {dag.py:2389} INFO - Sync 1 DAGs
[2021-10-29 00:31:05,695] {logging_mixin.py:109} INFO - [2021-10-29 00:31:05,695] {dag.py:2914} INFO - Setting next_dagrun for tutorial_etl_dag to None
[2021-10-29 00:31:05,728] {processor.py:171} INFO - Processing /home/airflow/.local/lib/python3.6/site-packages/airflow/example_dags/tutorial_etl_dag.py took 0.554 seconds
[2021-10-29 00:31:37,263] {processor.py:163} INFO - Started process (PID=1543) to work on /home/airflow/.local/lib/python3.6/site-packages/airflow/example_dags/tutorial_etl_dag.py
[2021-10-29 00:31:37,272] {processor.py:620} INFO - Processing file /home/airflow/.local/lib/python3.6/site-packages/airflow/example_dags/tutorial_etl_dag.py for tasks to queue
[2021-10-29 00:31:37,274] {logging_mixin.py:109} INFO - [2021-10-29 00:31:37,274] {dagbag.py:500} INFO - Filling up the DagBag from /home/airflow/.local/lib/python3.6/site-packages/airflow/example_dags/tutorial_etl_dag.py
[2021-10-29 00:31:37,381] {processor.py:632} INFO - DAG(s) dict_keys(['tutorial_etl_dag']) retrieved from /home/airflow/.local/lib/python3.6/site-packages/airflow/example_dags/tutorial_etl_dag.py
[2021-10-29 00:31:37,423] {logging_mixin.py:109} INFO - [2021-10-29 00:31:37,423] {dag.py:2389} INFO - Sync 1 DAGs
[2021-10-29 00:31:37,466] {logging_mixin.py:109} INFO - [2021-10-29 00:31:37,466] {dag.py:2914} INFO - Setting next_dagrun for tutorial_etl_dag to None
[2021-10-29 00:31:37,479] {processor.py:171} INFO - Processing /home/airflow/.local/lib/python3.6/site-packages/airflow/example_dags/tutorial_etl_dag.py took 0.219 seconds
[2021-10-29 00:32:07,718] {processor.py:163} INFO - Started process (PID=1588) to work on /home/airflow/.local/lib/python3.6/site-packages/airflow/example_dags/tutorial_etl_dag.py
[2021-10-29 00:32:07,721] {processor.py:620} INFO - Processing file /home/airflow/.local/lib/python3.6/site-packages/airflow/example_dags/tutorial_etl_dag.py for tasks to queue
[2021-10-29 00:32:07,727] {logging_mixin.py:109} INFO - [2021-10-29 00:32:07,727] {dagbag.py:500} INFO - Filling up the DagBag from /home/airflow/.local/lib/python3.6/site-packages/airflow/example_dags/tutorial_etl_dag.py
[2021-10-29 00:32:07,833] {processor.py:632} INFO - DAG(s) dict_keys(['tutorial_etl_dag']) retrieved from /home/airflow/.local/lib/python3.6/site-packages/airflow/example_dags/tutorial_etl_dag.py
[2021-10-29 00:32:07,855] {logging_mixin.py:109} INFO - [2021-10-29 00:32:07,854] {dag.py:2389} INFO - Sync 1 DAGs
[2021-10-29 00:32:07,870] {logging_mixin.py:109} INFO - [2021-10-29 00:32:07,870] {dag.py:2914} INFO - Setting next_dagrun for tutorial_etl_dag to None
[2021-10-29 00:32:07,880] {processor.py:171} INFO - Processing /home/airflow/.local/lib/python3.6/site-packages/airflow/example_dags/tutorial_etl_dag.py took 0.218 seconds
[2021-10-29 00:32:38,268] {processor.py:163} INFO - Started process (PID=1642) to work on /home/airflow/.local/lib/python3.6/site-packages/airflow/example_dags/tutorial_etl_dag.py
[2021-10-29 00:32:38,270] {processor.py:620} INFO - Processing file /home/airflow/.local/lib/python3.6/site-packages/airflow/example_dags/tutorial_etl_dag.py for tasks to queue
[2021-10-29 00:32:38,272] {logging_mixin.py:109} INFO - [2021-10-29 00:32:38,272] {dagbag.py:500} INFO - Filling up the DagBag from /home/airflow/.local/lib/python3.6/site-packages/airflow/example_dags/tutorial_etl_dag.py
[2021-10-29 00:32:38,297] {processor.py:632} INFO - DAG(s) dict_keys(['tutorial_etl_dag']) retrieved from /home/airflow/.local/lib/python3.6/site-packages/airflow/example_dags/tutorial_etl_dag.py
[2021-10-29 00:32:38,308] {logging_mixin.py:109} INFO - [2021-10-29 00:32:38,308] {dag.py:2389} INFO - Sync 1 DAGs
[2021-10-29 00:32:38,326] {logging_mixin.py:109} INFO - [2021-10-29 00:32:38,325] {dag.py:2914} INFO - Setting next_dagrun for tutorial_etl_dag to None
[2021-10-29 00:32:38,335] {processor.py:171} INFO - Processing /home/airflow/.local/lib/python3.6/site-packages/airflow/example_dags/tutorial_etl_dag.py took 0.070 seconds
[2021-10-29 00:33:13,988] {processor.py:163} INFO - Started process (PID=1697) to work on /home/airflow/.local/lib/python3.6/site-packages/airflow/example_dags/tutorial_etl_dag.py
[2021-10-29 00:33:14,071] {processor.py:620} INFO - Processing file /home/airflow/.local/lib/python3.6/site-packages/airflow/example_dags/tutorial_etl_dag.py for tasks to queue
[2021-10-29 00:33:14,073] {logging_mixin.py:109} INFO - [2021-10-29 00:33:14,072] {dagbag.py:500} INFO - Filling up the DagBag from /home/airflow/.local/lib/python3.6/site-packages/airflow/example_dags/tutorial_etl_dag.py
[2021-10-29 00:33:15,137] {processor.py:632} INFO - DAG(s) dict_keys(['tutorial_etl_dag']) retrieved from /home/airflow/.local/lib/python3.6/site-packages/airflow/example_dags/tutorial_etl_dag.py
[2021-10-29 00:33:15,397] {logging_mixin.py:109} INFO - [2021-10-29 00:33:15,397] {dag.py:2389} INFO - Sync 1 DAGs
[2021-10-29 00:33:15,822] {logging_mixin.py:109} INFO - [2021-10-29 00:33:15,822] {dag.py:2914} INFO - Setting next_dagrun for tutorial_etl_dag to None
[2021-10-29 00:33:16,178] {processor.py:171} INFO - Processing /home/airflow/.local/lib/python3.6/site-packages/airflow/example_dags/tutorial_etl_dag.py took 2.330 seconds
[2021-10-29 00:33:46,589] {processor.py:163} INFO - Started process (PID=1751) to work on /home/airflow/.local/lib/python3.6/site-packages/airflow/example_dags/tutorial_etl_dag.py
[2021-10-29 00:33:46,618] {processor.py:620} INFO - Processing file /home/airflow/.local/lib/python3.6/site-packages/airflow/example_dags/tutorial_etl_dag.py for tasks to queue
[2021-10-29 00:33:46,623] {logging_mixin.py:109} INFO - [2021-10-29 00:33:46,622] {dagbag.py:500} INFO - Filling up the DagBag from /home/airflow/.local/lib/python3.6/site-packages/airflow/example_dags/tutorial_etl_dag.py
[2021-10-29 00:33:46,709] {processor.py:632} INFO - DAG(s) dict_keys(['tutorial_etl_dag']) retrieved from /home/airflow/.local/lib/python3.6/site-packages/airflow/example_dags/tutorial_etl_dag.py
[2021-10-29 00:33:46,733] {logging_mixin.py:109} INFO - [2021-10-29 00:33:46,733] {dag.py:2389} INFO - Sync 1 DAGs
[2021-10-29 00:33:46,764] {logging_mixin.py:109} INFO - [2021-10-29 00:33:46,764] {dag.py:2914} INFO - Setting next_dagrun for tutorial_etl_dag to None
[2021-10-29 00:33:46,785] {processor.py:171} INFO - Processing /home/airflow/.local/lib/python3.6/site-packages/airflow/example_dags/tutorial_etl_dag.py took 0.199 seconds
[2021-10-29 00:34:17,126] {processor.py:163} INFO - Started process (PID=1805) to work on /home/airflow/.local/lib/python3.6/site-packages/airflow/example_dags/tutorial_etl_dag.py
[2021-10-29 00:34:17,132] {processor.py:620} INFO - Processing file /home/airflow/.local/lib/python3.6/site-packages/airflow/example_dags/tutorial_etl_dag.py for tasks to queue
[2021-10-29 00:34:17,133] {logging_mixin.py:109} INFO - [2021-10-29 00:34:17,133] {dagbag.py:500} INFO - Filling up the DagBag from /home/airflow/.local/lib/python3.6/site-packages/airflow/example_dags/tutorial_etl_dag.py
[2021-10-29 00:34:17,227] {processor.py:632} INFO - DAG(s) dict_keys(['tutorial_etl_dag']) retrieved from /home/airflow/.local/lib/python3.6/site-packages/airflow/example_dags/tutorial_etl_dag.py
[2021-10-29 00:34:17,259] {logging_mixin.py:109} INFO - [2021-10-29 00:34:17,259] {dag.py:2389} INFO - Sync 1 DAGs
[2021-10-29 00:34:17,324] {logging_mixin.py:109} INFO - [2021-10-29 00:34:17,324] {dag.py:2914} INFO - Setting next_dagrun for tutorial_etl_dag to None
[2021-10-29 00:34:17,355] {processor.py:171} INFO - Processing /home/airflow/.local/lib/python3.6/site-packages/airflow/example_dags/tutorial_etl_dag.py took 0.234 seconds
[2021-10-29 00:34:47,692] {processor.py:163} INFO - Started process (PID=1859) to work on /home/airflow/.local/lib/python3.6/site-packages/airflow/example_dags/tutorial_etl_dag.py
[2021-10-29 00:34:47,696] {processor.py:620} INFO - Processing file /home/airflow/.local/lib/python3.6/site-packages/airflow/example_dags/tutorial_etl_dag.py for tasks to queue
[2021-10-29 00:34:47,698] {logging_mixin.py:109} INFO - [2021-10-29 00:34:47,697] {dagbag.py:500} INFO - Filling up the DagBag from /home/airflow/.local/lib/python3.6/site-packages/airflow/example_dags/tutorial_etl_dag.py
[2021-10-29 00:34:47,723] {processor.py:632} INFO - DAG(s) dict_keys(['tutorial_etl_dag']) retrieved from /home/airflow/.local/lib/python3.6/site-packages/airflow/example_dags/tutorial_etl_dag.py
[2021-10-29 00:34:47,733] {logging_mixin.py:109} INFO - [2021-10-29 00:34:47,733] {dag.py:2389} INFO - Sync 1 DAGs
[2021-10-29 00:34:47,754] {logging_mixin.py:109} INFO - [2021-10-29 00:34:47,754] {dag.py:2914} INFO - Setting next_dagrun for tutorial_etl_dag to None
[2021-10-29 00:34:47,766] {processor.py:171} INFO - Processing /home/airflow/.local/lib/python3.6/site-packages/airflow/example_dags/tutorial_etl_dag.py took 0.076 seconds
[2021-10-29 00:35:18,192] {processor.py:163} INFO - Started process (PID=1912) to work on /home/airflow/.local/lib/python3.6/site-packages/airflow/example_dags/tutorial_etl_dag.py
[2021-10-29 00:35:18,208] {processor.py:620} INFO - Processing file /home/airflow/.local/lib/python3.6/site-packages/airflow/example_dags/tutorial_etl_dag.py for tasks to queue
[2021-10-29 00:35:18,210] {logging_mixin.py:109} INFO - [2021-10-29 00:35:18,209] {dagbag.py:500} INFO - Filling up the DagBag from /home/airflow/.local/lib/python3.6/site-packages/airflow/example_dags/tutorial_etl_dag.py
[2021-10-29 00:35:18,270] {processor.py:632} INFO - DAG(s) dict_keys(['tutorial_etl_dag']) retrieved from /home/airflow/.local/lib/python3.6/site-packages/airflow/example_dags/tutorial_etl_dag.py
[2021-10-29 00:35:18,299] {logging_mixin.py:109} INFO - [2021-10-29 00:35:18,299] {dag.py:2389} INFO - Sync 1 DAGs
[2021-10-29 00:35:18,348] {logging_mixin.py:109} INFO - [2021-10-29 00:35:18,348] {dag.py:2914} INFO - Setting next_dagrun for tutorial_etl_dag to None
[2021-10-29 00:35:18,386] {processor.py:171} INFO - Processing /home/airflow/.local/lib/python3.6/site-packages/airflow/example_dags/tutorial_etl_dag.py took 0.197 seconds
[2021-10-29 00:35:49,033] {processor.py:163} INFO - Started process (PID=1966) to work on /home/airflow/.local/lib/python3.6/site-packages/airflow/example_dags/tutorial_etl_dag.py
[2021-10-29 00:35:49,038] {processor.py:620} INFO - Processing file /home/airflow/.local/lib/python3.6/site-packages/airflow/example_dags/tutorial_etl_dag.py for tasks to queue
[2021-10-29 00:35:49,039] {logging_mixin.py:109} INFO - [2021-10-29 00:35:49,039] {dagbag.py:500} INFO - Filling up the DagBag from /home/airflow/.local/lib/python3.6/site-packages/airflow/example_dags/tutorial_etl_dag.py
[2021-10-29 00:35:49,089] {processor.py:632} INFO - DAG(s) dict_keys(['tutorial_etl_dag']) retrieved from /home/airflow/.local/lib/python3.6/site-packages/airflow/example_dags/tutorial_etl_dag.py
[2021-10-29 00:35:49,113] {logging_mixin.py:109} INFO - [2021-10-29 00:35:49,113] {dag.py:2389} INFO - Sync 1 DAGs
[2021-10-29 00:35:49,131] {logging_mixin.py:109} INFO - [2021-10-29 00:35:49,131] {dag.py:2914} INFO - Setting next_dagrun for tutorial_etl_dag to None
[2021-10-29 00:35:49,148] {processor.py:171} INFO - Processing /home/airflow/.local/lib/python3.6/site-packages/airflow/example_dags/tutorial_etl_dag.py took 0.126 seconds
[2021-10-29 00:38:37,196] {processor.py:163} INFO - Started process (PID=100) to work on /home/airflow/.local/lib/python3.6/site-packages/airflow/example_dags/tutorial_etl_dag.py
[2021-10-29 00:38:37,212] {processor.py:620} INFO - Processing file /home/airflow/.local/lib/python3.6/site-packages/airflow/example_dags/tutorial_etl_dag.py for tasks to queue
[2021-10-29 00:38:37,255] {logging_mixin.py:109} INFO - [2021-10-29 00:38:37,255] {dagbag.py:500} INFO - Filling up the DagBag from /home/airflow/.local/lib/python3.6/site-packages/airflow/example_dags/tutorial_etl_dag.py
[2021-10-29 00:38:37,586] {processor.py:632} INFO - DAG(s) dict_keys(['tutorial_etl_dag']) retrieved from /home/airflow/.local/lib/python3.6/site-packages/airflow/example_dags/tutorial_etl_dag.py
[2021-10-29 00:38:37,842] {logging_mixin.py:109} INFO - [2021-10-29 00:38:37,842] {dag.py:2389} INFO - Sync 1 DAGs
[2021-10-29 00:38:37,998] {logging_mixin.py:109} INFO - [2021-10-29 00:38:37,998] {dag.py:2914} INFO - Setting next_dagrun for tutorial_etl_dag to None
[2021-10-29 00:38:38,060] {processor.py:171} INFO - Processing /home/airflow/.local/lib/python3.6/site-packages/airflow/example_dags/tutorial_etl_dag.py took 0.866 seconds
[2021-10-29 00:39:17,411] {processor.py:163} INFO - Started process (PID=154) to work on /home/airflow/.local/lib/python3.6/site-packages/airflow/example_dags/tutorial_etl_dag.py
[2021-10-29 00:39:17,481] {processor.py:620} INFO - Processing file /home/airflow/.local/lib/python3.6/site-packages/airflow/example_dags/tutorial_etl_dag.py for tasks to queue
[2021-10-29 00:39:17,538] {logging_mixin.py:109} INFO - [2021-10-29 00:39:17,538] {dagbag.py:500} INFO - Filling up the DagBag from /home/airflow/.local/lib/python3.6/site-packages/airflow/example_dags/tutorial_etl_dag.py
[2021-10-29 00:39:18,112] {processor.py:632} INFO - DAG(s) dict_keys(['tutorial_etl_dag']) retrieved from /home/airflow/.local/lib/python3.6/site-packages/airflow/example_dags/tutorial_etl_dag.py
[2021-10-29 00:39:18,426] {logging_mixin.py:109} INFO - [2021-10-29 00:39:18,426] {dag.py:2389} INFO - Sync 1 DAGs
[2021-10-29 00:39:18,755] {logging_mixin.py:109} INFO - [2021-10-29 00:39:18,755] {dag.py:2914} INFO - Setting next_dagrun for tutorial_etl_dag to None
[2021-10-29 00:39:18,920] {processor.py:171} INFO - Processing /home/airflow/.local/lib/python3.6/site-packages/airflow/example_dags/tutorial_etl_dag.py took 1.512 seconds
[2021-10-29 00:39:49,766] {processor.py:163} INFO - Started process (PID=208) to work on /home/airflow/.local/lib/python3.6/site-packages/airflow/example_dags/tutorial_etl_dag.py
[2021-10-29 00:39:49,783] {processor.py:620} INFO - Processing file /home/airflow/.local/lib/python3.6/site-packages/airflow/example_dags/tutorial_etl_dag.py for tasks to queue
[2021-10-29 00:39:49,785] {logging_mixin.py:109} INFO - [2021-10-29 00:39:49,785] {dagbag.py:500} INFO - Filling up the DagBag from /home/airflow/.local/lib/python3.6/site-packages/airflow/example_dags/tutorial_etl_dag.py
[2021-10-29 00:39:50,020] {processor.py:632} INFO - DAG(s) dict_keys(['tutorial_etl_dag']) retrieved from /home/airflow/.local/lib/python3.6/site-packages/airflow/example_dags/tutorial_etl_dag.py
[2021-10-29 00:39:50,071] {logging_mixin.py:109} INFO - [2021-10-29 00:39:50,071] {dag.py:2389} INFO - Sync 1 DAGs
[2021-10-29 00:39:50,138] {logging_mixin.py:109} INFO - [2021-10-29 00:39:50,138] {dag.py:2914} INFO - Setting next_dagrun for tutorial_etl_dag to None
[2021-10-29 00:39:50,180] {processor.py:171} INFO - Processing /home/airflow/.local/lib/python3.6/site-packages/airflow/example_dags/tutorial_etl_dag.py took 0.417 seconds
[2021-10-29 00:40:20,319] {processor.py:163} INFO - Started process (PID=251) to work on /home/airflow/.local/lib/python3.6/site-packages/airflow/example_dags/tutorial_etl_dag.py
[2021-10-29 00:40:20,329] {processor.py:620} INFO - Processing file /home/airflow/.local/lib/python3.6/site-packages/airflow/example_dags/tutorial_etl_dag.py for tasks to queue
[2021-10-29 00:40:20,330] {logging_mixin.py:109} INFO - [2021-10-29 00:40:20,330] {dagbag.py:500} INFO - Filling up the DagBag from /home/airflow/.local/lib/python3.6/site-packages/airflow/example_dags/tutorial_etl_dag.py
[2021-10-29 00:40:20,679] {processor.py:632} INFO - DAG(s) dict_keys(['tutorial_etl_dag']) retrieved from /home/airflow/.local/lib/python3.6/site-packages/airflow/example_dags/tutorial_etl_dag.py
[2021-10-29 00:40:20,913] {logging_mixin.py:109} INFO - [2021-10-29 00:40:20,913] {dag.py:2389} INFO - Sync 1 DAGs
[2021-10-29 00:40:21,232] {logging_mixin.py:109} INFO - [2021-10-29 00:40:21,232] {dag.py:2914} INFO - Setting next_dagrun for tutorial_etl_dag to None
[2021-10-29 00:40:21,520] {processor.py:171} INFO - Processing /home/airflow/.local/lib/python3.6/site-packages/airflow/example_dags/tutorial_etl_dag.py took 1.204 seconds
[2021-10-29 00:40:51,722] {processor.py:163} INFO - Started process (PID=305) to work on /home/airflow/.local/lib/python3.6/site-packages/airflow/example_dags/tutorial_etl_dag.py
[2021-10-29 00:40:51,729] {processor.py:620} INFO - Processing file /home/airflow/.local/lib/python3.6/site-packages/airflow/example_dags/tutorial_etl_dag.py for tasks to queue
[2021-10-29 00:40:51,731] {logging_mixin.py:109} INFO - [2021-10-29 00:40:51,731] {dagbag.py:500} INFO - Filling up the DagBag from /home/airflow/.local/lib/python3.6/site-packages/airflow/example_dags/tutorial_etl_dag.py
[2021-10-29 00:40:51,759] {processor.py:632} INFO - DAG(s) dict_keys(['tutorial_etl_dag']) retrieved from /home/airflow/.local/lib/python3.6/site-packages/airflow/example_dags/tutorial_etl_dag.py
[2021-10-29 00:40:51,770] {logging_mixin.py:109} INFO - [2021-10-29 00:40:51,769] {dag.py:2389} INFO - Sync 1 DAGs
[2021-10-29 00:40:51,784] {logging_mixin.py:109} INFO - [2021-10-29 00:40:51,784] {dag.py:2914} INFO - Setting next_dagrun for tutorial_etl_dag to None
[2021-10-29 00:40:51,797] {processor.py:171} INFO - Processing /home/airflow/.local/lib/python3.6/site-packages/airflow/example_dags/tutorial_etl_dag.py took 0.078 seconds
[2021-10-29 00:41:26,368] {processor.py:163} INFO - Started process (PID=356) to work on /home/airflow/.local/lib/python3.6/site-packages/airflow/example_dags/tutorial_etl_dag.py
[2021-10-29 00:41:26,379] {processor.py:620} INFO - Processing file /home/airflow/.local/lib/python3.6/site-packages/airflow/example_dags/tutorial_etl_dag.py for tasks to queue
[2021-10-29 00:41:26,380] {logging_mixin.py:109} INFO - [2021-10-29 00:41:26,380] {dagbag.py:500} INFO - Filling up the DagBag from /home/airflow/.local/lib/python3.6/site-packages/airflow/example_dags/tutorial_etl_dag.py
[2021-10-29 00:41:26,713] {processor.py:632} INFO - DAG(s) dict_keys(['tutorial_etl_dag']) retrieved from /home/airflow/.local/lib/python3.6/site-packages/airflow/example_dags/tutorial_etl_dag.py
[2021-10-29 00:41:26,817] {logging_mixin.py:109} INFO - [2021-10-29 00:41:26,817] {dag.py:2389} INFO - Sync 1 DAGs
[2021-10-29 00:41:27,072] {logging_mixin.py:109} INFO - [2021-10-29 00:41:27,072] {dag.py:2914} INFO - Setting next_dagrun for tutorial_etl_dag to None
[2021-10-29 00:41:27,102] {processor.py:171} INFO - Processing /home/airflow/.local/lib/python3.6/site-packages/airflow/example_dags/tutorial_etl_dag.py took 0.820 seconds
[2021-10-29 00:41:57,739] {processor.py:163} INFO - Started process (PID=401) to work on /home/airflow/.local/lib/python3.6/site-packages/airflow/example_dags/tutorial_etl_dag.py
[2021-10-29 00:41:57,768] {processor.py:620} INFO - Processing file /home/airflow/.local/lib/python3.6/site-packages/airflow/example_dags/tutorial_etl_dag.py for tasks to queue
[2021-10-29 00:41:57,775] {logging_mixin.py:109} INFO - [2021-10-29 00:41:57,775] {dagbag.py:500} INFO - Filling up the DagBag from /home/airflow/.local/lib/python3.6/site-packages/airflow/example_dags/tutorial_etl_dag.py
[2021-10-29 00:41:57,872] {processor.py:632} INFO - DAG(s) dict_keys(['tutorial_etl_dag']) retrieved from /home/airflow/.local/lib/python3.6/site-packages/airflow/example_dags/tutorial_etl_dag.py
[2021-10-29 00:41:57,911] {logging_mixin.py:109} INFO - [2021-10-29 00:41:57,911] {dag.py:2389} INFO - Sync 1 DAGs
[2021-10-29 00:41:57,940] {logging_mixin.py:109} INFO - [2021-10-29 00:41:57,940] {dag.py:2914} INFO - Setting next_dagrun for tutorial_etl_dag to None
[2021-10-29 00:41:57,961] {processor.py:171} INFO - Processing /home/airflow/.local/lib/python3.6/site-packages/airflow/example_dags/tutorial_etl_dag.py took 0.234 seconds
[2021-10-29 00:42:28,473] {processor.py:163} INFO - Started process (PID=456) to work on /home/airflow/.local/lib/python3.6/site-packages/airflow/example_dags/tutorial_etl_dag.py
[2021-10-29 00:42:28,480] {processor.py:620} INFO - Processing file /home/airflow/.local/lib/python3.6/site-packages/airflow/example_dags/tutorial_etl_dag.py for tasks to queue
[2021-10-29 00:42:28,481] {logging_mixin.py:109} INFO - [2021-10-29 00:42:28,481] {dagbag.py:500} INFO - Filling up the DagBag from /home/airflow/.local/lib/python3.6/site-packages/airflow/example_dags/tutorial_etl_dag.py
[2021-10-29 00:42:28,607] {processor.py:632} INFO - DAG(s) dict_keys(['tutorial_etl_dag']) retrieved from /home/airflow/.local/lib/python3.6/site-packages/airflow/example_dags/tutorial_etl_dag.py
[2021-10-29 00:42:28,643] {logging_mixin.py:109} INFO - [2021-10-29 00:42:28,643] {dag.py:2389} INFO - Sync 1 DAGs
[2021-10-29 00:42:28,691] {logging_mixin.py:109} INFO - [2021-10-29 00:42:28,690] {dag.py:2914} INFO - Setting next_dagrun for tutorial_etl_dag to None
[2021-10-29 00:42:28,707] {processor.py:171} INFO - Processing /home/airflow/.local/lib/python3.6/site-packages/airflow/example_dags/tutorial_etl_dag.py took 0.246 seconds
[2021-10-29 00:43:02,635] {processor.py:163} INFO - Started process (PID=509) to work on /home/airflow/.local/lib/python3.6/site-packages/airflow/example_dags/tutorial_etl_dag.py
[2021-10-29 00:43:02,702] {processor.py:620} INFO - Processing file /home/airflow/.local/lib/python3.6/site-packages/airflow/example_dags/tutorial_etl_dag.py for tasks to queue
[2021-10-29 00:43:02,728] {logging_mixin.py:109} INFO - [2021-10-29 00:43:02,728] {dagbag.py:500} INFO - Filling up the DagBag from /home/airflow/.local/lib/python3.6/site-packages/airflow/example_dags/tutorial_etl_dag.py
[2021-10-29 00:43:03,200] {processor.py:632} INFO - DAG(s) dict_keys(['tutorial_etl_dag']) retrieved from /home/airflow/.local/lib/python3.6/site-packages/airflow/example_dags/tutorial_etl_dag.py
[2021-10-29 00:43:03,495] {logging_mixin.py:109} INFO - [2021-10-29 00:43:03,495] {dag.py:2389} INFO - Sync 1 DAGs
[2021-10-29 00:43:03,877] {logging_mixin.py:109} INFO - [2021-10-29 00:43:03,877] {dag.py:2914} INFO - Setting next_dagrun for tutorial_etl_dag to None
[2021-10-29 00:43:04,159] {processor.py:171} INFO - Processing /home/airflow/.local/lib/python3.6/site-packages/airflow/example_dags/tutorial_etl_dag.py took 1.527 seconds
[2021-10-29 00:43:34,393] {processor.py:163} INFO - Started process (PID=552) to work on /home/airflow/.local/lib/python3.6/site-packages/airflow/example_dags/tutorial_etl_dag.py
[2021-10-29 00:43:34,395] {processor.py:620} INFO - Processing file /home/airflow/.local/lib/python3.6/site-packages/airflow/example_dags/tutorial_etl_dag.py for tasks to queue
[2021-10-29 00:43:34,396] {logging_mixin.py:109} INFO - [2021-10-29 00:43:34,396] {dagbag.py:500} INFO - Filling up the DagBag from /home/airflow/.local/lib/python3.6/site-packages/airflow/example_dags/tutorial_etl_dag.py
[2021-10-29 00:43:34,429] {processor.py:632} INFO - DAG(s) dict_keys(['tutorial_etl_dag']) retrieved from /home/airflow/.local/lib/python3.6/site-packages/airflow/example_dags/tutorial_etl_dag.py
[2021-10-29 00:43:34,439] {logging_mixin.py:109} INFO - [2021-10-29 00:43:34,439] {dag.py:2389} INFO - Sync 1 DAGs
[2021-10-29 00:43:34,456] {logging_mixin.py:109} INFO - [2021-10-29 00:43:34,456] {dag.py:2914} INFO - Setting next_dagrun for tutorial_etl_dag to None
[2021-10-29 00:43:34,470] {processor.py:171} INFO - Processing /home/airflow/.local/lib/python3.6/site-packages/airflow/example_dags/tutorial_etl_dag.py took 0.080 seconds
[2021-10-29 00:44:07,609] {processor.py:163} INFO - Started process (PID=606) to work on /home/airflow/.local/lib/python3.6/site-packages/airflow/example_dags/tutorial_etl_dag.py
[2021-10-29 00:44:07,656] {processor.py:620} INFO - Processing file /home/airflow/.local/lib/python3.6/site-packages/airflow/example_dags/tutorial_etl_dag.py for tasks to queue
[2021-10-29 00:44:07,656] {logging_mixin.py:109} INFO - [2021-10-29 00:44:07,656] {dagbag.py:500} INFO - Filling up the DagBag from /home/airflow/.local/lib/python3.6/site-packages/airflow/example_dags/tutorial_etl_dag.py
[2021-10-29 00:44:07,802] {processor.py:632} INFO - DAG(s) dict_keys(['tutorial_etl_dag']) retrieved from /home/airflow/.local/lib/python3.6/site-packages/airflow/example_dags/tutorial_etl_dag.py
[2021-10-29 00:44:07,864] {logging_mixin.py:109} INFO - [2021-10-29 00:44:07,864] {dag.py:2389} INFO - Sync 1 DAGs
[2021-10-29 00:44:07,972] {logging_mixin.py:109} INFO - [2021-10-29 00:44:07,972] {dag.py:2914} INFO - Setting next_dagrun for tutorial_etl_dag to None
[2021-10-29 00:44:08,023] {processor.py:171} INFO - Processing /home/airflow/.local/lib/python3.6/site-packages/airflow/example_dags/tutorial_etl_dag.py took 0.417 seconds
[2021-10-29 00:44:38,561] {processor.py:163} INFO - Started process (PID=659) to work on /home/airflow/.local/lib/python3.6/site-packages/airflow/example_dags/tutorial_etl_dag.py
[2021-10-29 00:44:38,580] {processor.py:620} INFO - Processing file /home/airflow/.local/lib/python3.6/site-packages/airflow/example_dags/tutorial_etl_dag.py for tasks to queue
[2021-10-29 00:44:38,580] {logging_mixin.py:109} INFO - [2021-10-29 00:44:38,580] {dagbag.py:500} INFO - Filling up the DagBag from /home/airflow/.local/lib/python3.6/site-packages/airflow/example_dags/tutorial_etl_dag.py
[2021-10-29 00:44:38,748] {processor.py:632} INFO - DAG(s) dict_keys(['tutorial_etl_dag']) retrieved from /home/airflow/.local/lib/python3.6/site-packages/airflow/example_dags/tutorial_etl_dag.py
[2021-10-29 00:44:38,802] {logging_mixin.py:109} INFO - [2021-10-29 00:44:38,800] {dag.py:2389} INFO - Sync 1 DAGs
[2021-10-29 00:44:38,847] {logging_mixin.py:109} INFO - [2021-10-29 00:44:38,847] {dag.py:2914} INFO - Setting next_dagrun for tutorial_etl_dag to None
[2021-10-29 00:44:38,871] {processor.py:171} INFO - Processing /home/airflow/.local/lib/python3.6/site-packages/airflow/example_dags/tutorial_etl_dag.py took 0.313 seconds
[2021-10-29 00:45:09,648] {processor.py:163} INFO - Started process (PID=713) to work on /home/airflow/.local/lib/python3.6/site-packages/airflow/example_dags/tutorial_etl_dag.py
[2021-10-29 00:45:09,686] {processor.py:620} INFO - Processing file /home/airflow/.local/lib/python3.6/site-packages/airflow/example_dags/tutorial_etl_dag.py for tasks to queue
[2021-10-29 00:45:09,688] {logging_mixin.py:109} INFO - [2021-10-29 00:45:09,688] {dagbag.py:500} INFO - Filling up the DagBag from /home/airflow/.local/lib/python3.6/site-packages/airflow/example_dags/tutorial_etl_dag.py
[2021-10-29 00:45:09,926] {processor.py:632} INFO - DAG(s) dict_keys(['tutorial_etl_dag']) retrieved from /home/airflow/.local/lib/python3.6/site-packages/airflow/example_dags/tutorial_etl_dag.py
[2021-10-29 00:45:09,978] {logging_mixin.py:109} INFO - [2021-10-29 00:45:09,978] {dag.py:2389} INFO - Sync 1 DAGs
[2021-10-29 00:45:10,036] {logging_mixin.py:109} INFO - [2021-10-29 00:45:10,035] {dag.py:2914} INFO - Setting next_dagrun for tutorial_etl_dag to None
[2021-10-29 00:45:10,072] {processor.py:171} INFO - Processing /home/airflow/.local/lib/python3.6/site-packages/airflow/example_dags/tutorial_etl_dag.py took 0.427 seconds
[2021-10-29 00:45:40,166] {processor.py:163} INFO - Started process (PID=767) to work on /home/airflow/.local/lib/python3.6/site-packages/airflow/example_dags/tutorial_etl_dag.py
[2021-10-29 00:45:40,169] {processor.py:620} INFO - Processing file /home/airflow/.local/lib/python3.6/site-packages/airflow/example_dags/tutorial_etl_dag.py for tasks to queue
[2021-10-29 00:45:40,170] {logging_mixin.py:109} INFO - [2021-10-29 00:45:40,170] {dagbag.py:500} INFO - Filling up the DagBag from /home/airflow/.local/lib/python3.6/site-packages/airflow/example_dags/tutorial_etl_dag.py
[2021-10-29 00:45:40,202] {processor.py:632} INFO - DAG(s) dict_keys(['tutorial_etl_dag']) retrieved from /home/airflow/.local/lib/python3.6/site-packages/airflow/example_dags/tutorial_etl_dag.py
[2021-10-29 00:45:40,212] {logging_mixin.py:109} INFO - [2021-10-29 00:45:40,212] {dag.py:2389} INFO - Sync 1 DAGs
[2021-10-29 00:45:40,230] {logging_mixin.py:109} INFO - [2021-10-29 00:45:40,230] {dag.py:2914} INFO - Setting next_dagrun for tutorial_etl_dag to None
[2021-10-29 00:45:40,242] {processor.py:171} INFO - Processing /home/airflow/.local/lib/python3.6/site-packages/airflow/example_dags/tutorial_etl_dag.py took 0.079 seconds
[2021-10-29 00:46:10,748] {processor.py:163} INFO - Started process (PID=819) to work on /home/airflow/.local/lib/python3.6/site-packages/airflow/example_dags/tutorial_etl_dag.py
[2021-10-29 00:46:10,751] {processor.py:620} INFO - Processing file /home/airflow/.local/lib/python3.6/site-packages/airflow/example_dags/tutorial_etl_dag.py for tasks to queue
[2021-10-29 00:46:10,751] {logging_mixin.py:109} INFO - [2021-10-29 00:46:10,751] {dagbag.py:500} INFO - Filling up the DagBag from /home/airflow/.local/lib/python3.6/site-packages/airflow/example_dags/tutorial_etl_dag.py
[2021-10-29 00:46:10,927] {processor.py:632} INFO - DAG(s) dict_keys(['tutorial_etl_dag']) retrieved from /home/airflow/.local/lib/python3.6/site-packages/airflow/example_dags/tutorial_etl_dag.py
[2021-10-29 00:46:10,975] {logging_mixin.py:109} INFO - [2021-10-29 00:46:10,975] {dag.py:2389} INFO - Sync 1 DAGs
[2021-10-29 00:46:11,041] {logging_mixin.py:109} INFO - [2021-10-29 00:46:11,041] {dag.py:2914} INFO - Setting next_dagrun for tutorial_etl_dag to None
[2021-10-29 00:46:11,089] {processor.py:171} INFO - Processing /home/airflow/.local/lib/python3.6/site-packages/airflow/example_dags/tutorial_etl_dag.py took 0.420 seconds
[2021-10-29 00:46:41,418] {processor.py:163} INFO - Started process (PID=873) to work on /home/airflow/.local/lib/python3.6/site-packages/airflow/example_dags/tutorial_etl_dag.py
[2021-10-29 00:46:41,427] {processor.py:620} INFO - Processing file /home/airflow/.local/lib/python3.6/site-packages/airflow/example_dags/tutorial_etl_dag.py for tasks to queue
[2021-10-29 00:46:41,438] {logging_mixin.py:109} INFO - [2021-10-29 00:46:41,438] {dagbag.py:500} INFO - Filling up the DagBag from /home/airflow/.local/lib/python3.6/site-packages/airflow/example_dags/tutorial_etl_dag.py
[2021-10-29 00:46:41,515] {processor.py:632} INFO - DAG(s) dict_keys(['tutorial_etl_dag']) retrieved from /home/airflow/.local/lib/python3.6/site-packages/airflow/example_dags/tutorial_etl_dag.py
[2021-10-29 00:46:41,544] {logging_mixin.py:109} INFO - [2021-10-29 00:46:41,544] {dag.py:2389} INFO - Sync 1 DAGs
[2021-10-29 00:46:41,569] {logging_mixin.py:109} INFO - [2021-10-29 00:46:41,569] {dag.py:2914} INFO - Setting next_dagrun for tutorial_etl_dag to None
[2021-10-29 00:46:41,595] {processor.py:171} INFO - Processing /home/airflow/.local/lib/python3.6/site-packages/airflow/example_dags/tutorial_etl_dag.py took 0.180 seconds
[2021-10-29 00:47:13,696] {processor.py:163} INFO - Started process (PID=926) to work on /home/airflow/.local/lib/python3.6/site-packages/airflow/example_dags/tutorial_etl_dag.py
[2021-10-29 00:47:13,721] {processor.py:620} INFO - Processing file /home/airflow/.local/lib/python3.6/site-packages/airflow/example_dags/tutorial_etl_dag.py for tasks to queue
[2021-10-29 00:47:13,723] {logging_mixin.py:109} INFO - [2021-10-29 00:47:13,723] {dagbag.py:500} INFO - Filling up the DagBag from /home/airflow/.local/lib/python3.6/site-packages/airflow/example_dags/tutorial_etl_dag.py
[2021-10-29 00:47:13,813] {processor.py:632} INFO - DAG(s) dict_keys(['tutorial_etl_dag']) retrieved from /home/airflow/.local/lib/python3.6/site-packages/airflow/example_dags/tutorial_etl_dag.py
[2021-10-29 00:47:13,849] {logging_mixin.py:109} INFO - [2021-10-29 00:47:13,848] {dag.py:2389} INFO - Sync 1 DAGs
[2021-10-29 00:47:13,903] {logging_mixin.py:109} INFO - [2021-10-29 00:47:13,902] {dag.py:2914} INFO - Setting next_dagrun for tutorial_etl_dag to None
[2021-10-29 00:47:13,926] {processor.py:171} INFO - Processing /home/airflow/.local/lib/python3.6/site-packages/airflow/example_dags/tutorial_etl_dag.py took 0.233 seconds
[2021-10-29 00:47:45,291] {processor.py:163} INFO - Started process (PID=980) to work on /home/airflow/.local/lib/python3.6/site-packages/airflow/example_dags/tutorial_etl_dag.py
[2021-10-29 00:47:45,295] {processor.py:620} INFO - Processing file /home/airflow/.local/lib/python3.6/site-packages/airflow/example_dags/tutorial_etl_dag.py for tasks to queue
[2021-10-29 00:47:45,314] {logging_mixin.py:109} INFO - [2021-10-29 00:47:45,314] {dagbag.py:500} INFO - Filling up the DagBag from /home/airflow/.local/lib/python3.6/site-packages/airflow/example_dags/tutorial_etl_dag.py
[2021-10-29 00:47:45,513] {processor.py:632} INFO - DAG(s) dict_keys(['tutorial_etl_dag']) retrieved from /home/airflow/.local/lib/python3.6/site-packages/airflow/example_dags/tutorial_etl_dag.py
[2021-10-29 00:47:45,607] {logging_mixin.py:109} INFO - [2021-10-29 00:47:45,607] {dag.py:2389} INFO - Sync 1 DAGs
[2021-10-29 00:47:45,787] {logging_mixin.py:109} INFO - [2021-10-29 00:47:45,787] {dag.py:2914} INFO - Setting next_dagrun for tutorial_etl_dag to None
[2021-10-29 00:47:45,873] {processor.py:171} INFO - Processing /home/airflow/.local/lib/python3.6/site-packages/airflow/example_dags/tutorial_etl_dag.py took 0.618 seconds
[2021-10-29 00:48:16,389] {processor.py:163} INFO - Started process (PID=1033) to work on /home/airflow/.local/lib/python3.6/site-packages/airflow/example_dags/tutorial_etl_dag.py
[2021-10-29 00:48:16,401] {processor.py:620} INFO - Processing file /home/airflow/.local/lib/python3.6/site-packages/airflow/example_dags/tutorial_etl_dag.py for tasks to queue
[2021-10-29 00:48:16,401] {logging_mixin.py:109} INFO - [2021-10-29 00:48:16,401] {dagbag.py:500} INFO - Filling up the DagBag from /home/airflow/.local/lib/python3.6/site-packages/airflow/example_dags/tutorial_etl_dag.py
[2021-10-29 00:48:16,540] {processor.py:632} INFO - DAG(s) dict_keys(['tutorial_etl_dag']) retrieved from /home/airflow/.local/lib/python3.6/site-packages/airflow/example_dags/tutorial_etl_dag.py
[2021-10-29 00:48:16,580] {logging_mixin.py:109} INFO - [2021-10-29 00:48:16,580] {dag.py:2389} INFO - Sync 1 DAGs
[2021-10-29 00:48:16,617] {logging_mixin.py:109} INFO - [2021-10-29 00:48:16,617] {dag.py:2914} INFO - Setting next_dagrun for tutorial_etl_dag to None
[2021-10-29 00:48:16,669] {processor.py:171} INFO - Processing /home/airflow/.local/lib/python3.6/site-packages/airflow/example_dags/tutorial_etl_dag.py took 0.283 seconds
[2021-10-29 00:48:47,090] {processor.py:163} INFO - Started process (PID=1080) to work on /home/airflow/.local/lib/python3.6/site-packages/airflow/example_dags/tutorial_etl_dag.py
[2021-10-29 00:48:47,103] {processor.py:620} INFO - Processing file /home/airflow/.local/lib/python3.6/site-packages/airflow/example_dags/tutorial_etl_dag.py for tasks to queue
[2021-10-29 00:48:47,103] {logging_mixin.py:109} INFO - [2021-10-29 00:48:47,103] {dagbag.py:500} INFO - Filling up the DagBag from /home/airflow/.local/lib/python3.6/site-packages/airflow/example_dags/tutorial_etl_dag.py
[2021-10-29 00:48:47,191] {processor.py:632} INFO - DAG(s) dict_keys(['tutorial_etl_dag']) retrieved from /home/airflow/.local/lib/python3.6/site-packages/airflow/example_dags/tutorial_etl_dag.py
[2021-10-29 00:48:47,229] {logging_mixin.py:109} INFO - [2021-10-29 00:48:47,229] {dag.py:2389} INFO - Sync 1 DAGs
[2021-10-29 00:48:47,279] {logging_mixin.py:109} INFO - [2021-10-29 00:48:47,279] {dag.py:2914} INFO - Setting next_dagrun for tutorial_etl_dag to None
[2021-10-29 00:48:47,296] {processor.py:171} INFO - Processing /home/airflow/.local/lib/python3.6/site-packages/airflow/example_dags/tutorial_etl_dag.py took 0.210 seconds
[2021-10-29 00:49:17,679] {processor.py:163} INFO - Started process (PID=1134) to work on /home/airflow/.local/lib/python3.6/site-packages/airflow/example_dags/tutorial_etl_dag.py
[2021-10-29 00:49:17,757] {processor.py:620} INFO - Processing file /home/airflow/.local/lib/python3.6/site-packages/airflow/example_dags/tutorial_etl_dag.py for tasks to queue
[2021-10-29 00:49:17,759] {logging_mixin.py:109} INFO - [2021-10-29 00:49:17,758] {dagbag.py:500} INFO - Filling up the DagBag from /home/airflow/.local/lib/python3.6/site-packages/airflow/example_dags/tutorial_etl_dag.py
[2021-10-29 00:49:17,933] {processor.py:632} INFO - DAG(s) dict_keys(['tutorial_etl_dag']) retrieved from /home/airflow/.local/lib/python3.6/site-packages/airflow/example_dags/tutorial_etl_dag.py
[2021-10-29 00:49:18,053] {logging_mixin.py:109} INFO - [2021-10-29 00:49:18,053] {dag.py:2389} INFO - Sync 1 DAGs
[2021-10-29 00:49:18,206] {logging_mixin.py:109} INFO - [2021-10-29 00:49:18,206] {dag.py:2914} INFO - Setting next_dagrun for tutorial_etl_dag to None
[2021-10-29 00:49:18,248] {processor.py:171} INFO - Processing /home/airflow/.local/lib/python3.6/site-packages/airflow/example_dags/tutorial_etl_dag.py took 0.572 seconds
[2021-10-29 00:49:48,824] {processor.py:163} INFO - Started process (PID=1187) to work on /home/airflow/.local/lib/python3.6/site-packages/airflow/example_dags/tutorial_etl_dag.py
[2021-10-29 00:49:48,845] {processor.py:620} INFO - Processing file /home/airflow/.local/lib/python3.6/site-packages/airflow/example_dags/tutorial_etl_dag.py for tasks to queue
[2021-10-29 00:49:48,846] {logging_mixin.py:109} INFO - [2021-10-29 00:49:48,846] {dagbag.py:500} INFO - Filling up the DagBag from /home/airflow/.local/lib/python3.6/site-packages/airflow/example_dags/tutorial_etl_dag.py
[2021-10-29 00:49:48,911] {processor.py:632} INFO - DAG(s) dict_keys(['tutorial_etl_dag']) retrieved from /home/airflow/.local/lib/python3.6/site-packages/airflow/example_dags/tutorial_etl_dag.py
[2021-10-29 00:49:48,933] {logging_mixin.py:109} INFO - [2021-10-29 00:49:48,933] {dag.py:2389} INFO - Sync 1 DAGs
[2021-10-29 00:49:48,963] {logging_mixin.py:109} INFO - [2021-10-29 00:49:48,963] {dag.py:2914} INFO - Setting next_dagrun for tutorial_etl_dag to None
[2021-10-29 00:49:48,987] {processor.py:171} INFO - Processing /home/airflow/.local/lib/python3.6/site-packages/airflow/example_dags/tutorial_etl_dag.py took 0.166 seconds
[2021-10-29 00:50:19,455] {processor.py:163} INFO - Started process (PID=1241) to work on /home/airflow/.local/lib/python3.6/site-packages/airflow/example_dags/tutorial_etl_dag.py
[2021-10-29 00:50:19,504] {processor.py:620} INFO - Processing file /home/airflow/.local/lib/python3.6/site-packages/airflow/example_dags/tutorial_etl_dag.py for tasks to queue
[2021-10-29 00:50:19,510] {logging_mixin.py:109} INFO - [2021-10-29 00:50:19,510] {dagbag.py:500} INFO - Filling up the DagBag from /home/airflow/.local/lib/python3.6/site-packages/airflow/example_dags/tutorial_etl_dag.py
[2021-10-29 00:50:19,687] {processor.py:632} INFO - DAG(s) dict_keys(['tutorial_etl_dag']) retrieved from /home/airflow/.local/lib/python3.6/site-packages/airflow/example_dags/tutorial_etl_dag.py
[2021-10-29 00:50:19,744] {logging_mixin.py:109} INFO - [2021-10-29 00:50:19,744] {dag.py:2389} INFO - Sync 1 DAGs
[2021-10-29 00:50:19,815] {logging_mixin.py:109} INFO - [2021-10-29 00:50:19,815] {dag.py:2914} INFO - Setting next_dagrun for tutorial_etl_dag to None
[2021-10-29 00:50:19,873] {processor.py:171} INFO - Processing /home/airflow/.local/lib/python3.6/site-packages/airflow/example_dags/tutorial_etl_dag.py took 0.421 seconds
[2021-10-29 00:50:50,943] {processor.py:163} INFO - Started process (PID=1294) to work on /home/airflow/.local/lib/python3.6/site-packages/airflow/example_dags/tutorial_etl_dag.py
[2021-10-29 00:50:50,980] {processor.py:620} INFO - Processing file /home/airflow/.local/lib/python3.6/site-packages/airflow/example_dags/tutorial_etl_dag.py for tasks to queue
[2021-10-29 00:50:50,982] {logging_mixin.py:109} INFO - [2021-10-29 00:50:50,981] {dagbag.py:500} INFO - Filling up the DagBag from /home/airflow/.local/lib/python3.6/site-packages/airflow/example_dags/tutorial_etl_dag.py
[2021-10-29 00:50:51,072] {processor.py:632} INFO - DAG(s) dict_keys(['tutorial_etl_dag']) retrieved from /home/airflow/.local/lib/python3.6/site-packages/airflow/example_dags/tutorial_etl_dag.py
[2021-10-29 00:50:51,112] {logging_mixin.py:109} INFO - [2021-10-29 00:50:51,111] {dag.py:2389} INFO - Sync 1 DAGs
[2021-10-29 00:50:51,177] {logging_mixin.py:109} INFO - [2021-10-29 00:50:51,177] {dag.py:2914} INFO - Setting next_dagrun for tutorial_etl_dag to None
[2021-10-29 00:50:51,218] {processor.py:171} INFO - Processing /home/airflow/.local/lib/python3.6/site-packages/airflow/example_dags/tutorial_etl_dag.py took 0.278 seconds
[2021-10-29 00:51:22,122] {processor.py:163} INFO - Started process (PID=1349) to work on /home/airflow/.local/lib/python3.6/site-packages/airflow/example_dags/tutorial_etl_dag.py
[2021-10-29 00:51:22,125] {processor.py:620} INFO - Processing file /home/airflow/.local/lib/python3.6/site-packages/airflow/example_dags/tutorial_etl_dag.py for tasks to queue
[2021-10-29 00:51:22,127] {logging_mixin.py:109} INFO - [2021-10-29 00:51:22,127] {dagbag.py:500} INFO - Filling up the DagBag from /home/airflow/.local/lib/python3.6/site-packages/airflow/example_dags/tutorial_etl_dag.py
[2021-10-29 00:51:22,282] {processor.py:632} INFO - DAG(s) dict_keys(['tutorial_etl_dag']) retrieved from /home/airflow/.local/lib/python3.6/site-packages/airflow/example_dags/tutorial_etl_dag.py
[2021-10-29 00:51:22,385] {logging_mixin.py:109} INFO - [2021-10-29 00:51:22,385] {dag.py:2389} INFO - Sync 1 DAGs
[2021-10-29 00:51:22,473] {logging_mixin.py:109} INFO - [2021-10-29 00:51:22,473] {dag.py:2914} INFO - Setting next_dagrun for tutorial_etl_dag to None
[2021-10-29 00:51:22,493] {processor.py:171} INFO - Processing /home/airflow/.local/lib/python3.6/site-packages/airflow/example_dags/tutorial_etl_dag.py took 0.374 seconds
[2021-10-29 00:51:53,295] {processor.py:163} INFO - Started process (PID=1403) to work on /home/airflow/.local/lib/python3.6/site-packages/airflow/example_dags/tutorial_etl_dag.py
[2021-10-29 00:51:53,327] {processor.py:620} INFO - Processing file /home/airflow/.local/lib/python3.6/site-packages/airflow/example_dags/tutorial_etl_dag.py for tasks to queue
[2021-10-29 00:51:53,329] {logging_mixin.py:109} INFO - [2021-10-29 00:51:53,328] {dagbag.py:500} INFO - Filling up the DagBag from /home/airflow/.local/lib/python3.6/site-packages/airflow/example_dags/tutorial_etl_dag.py
[2021-10-29 00:51:53,519] {processor.py:632} INFO - DAG(s) dict_keys(['tutorial_etl_dag']) retrieved from /home/airflow/.local/lib/python3.6/site-packages/airflow/example_dags/tutorial_etl_dag.py
[2021-10-29 00:51:53,594] {logging_mixin.py:109} INFO - [2021-10-29 00:51:53,594] {dag.py:2389} INFO - Sync 1 DAGs
[2021-10-29 00:51:53,679] {logging_mixin.py:109} INFO - [2021-10-29 00:51:53,679] {dag.py:2914} INFO - Setting next_dagrun for tutorial_etl_dag to None
[2021-10-29 00:51:53,711] {processor.py:171} INFO - Processing /home/airflow/.local/lib/python3.6/site-packages/airflow/example_dags/tutorial_etl_dag.py took 0.419 seconds
[2021-10-29 00:52:24,174] {processor.py:163} INFO - Started process (PID=1457) to work on /home/airflow/.local/lib/python3.6/site-packages/airflow/example_dags/tutorial_etl_dag.py
[2021-10-29 00:52:24,182] {processor.py:620} INFO - Processing file /home/airflow/.local/lib/python3.6/site-packages/airflow/example_dags/tutorial_etl_dag.py for tasks to queue
[2021-10-29 00:52:24,202] {logging_mixin.py:109} INFO - [2021-10-29 00:52:24,202] {dagbag.py:500} INFO - Filling up the DagBag from /home/airflow/.local/lib/python3.6/site-packages/airflow/example_dags/tutorial_etl_dag.py
[2021-10-29 00:52:24,683] {processor.py:632} INFO - DAG(s) dict_keys(['tutorial_etl_dag']) retrieved from /home/airflow/.local/lib/python3.6/site-packages/airflow/example_dags/tutorial_etl_dag.py
[2021-10-29 00:52:24,724] {logging_mixin.py:109} INFO - [2021-10-29 00:52:24,724] {dag.py:2389} INFO - Sync 1 DAGs
[2021-10-29 00:52:24,827] {logging_mixin.py:109} INFO - [2021-10-29 00:52:24,826] {dag.py:2914} INFO - Setting next_dagrun for tutorial_etl_dag to None
[2021-10-29 00:52:24,892] {processor.py:171} INFO - Processing /home/airflow/.local/lib/python3.6/site-packages/airflow/example_dags/tutorial_etl_dag.py took 0.752 seconds
[2021-10-29 00:52:56,257] {processor.py:163} INFO - Started process (PID=1509) to work on /home/airflow/.local/lib/python3.6/site-packages/airflow/example_dags/tutorial_etl_dag.py
[2021-10-29 00:52:56,296] {processor.py:620} INFO - Processing file /home/airflow/.local/lib/python3.6/site-packages/airflow/example_dags/tutorial_etl_dag.py for tasks to queue
[2021-10-29 00:52:56,297] {logging_mixin.py:109} INFO - [2021-10-29 00:52:56,297] {dagbag.py:500} INFO - Filling up the DagBag from /home/airflow/.local/lib/python3.6/site-packages/airflow/example_dags/tutorial_etl_dag.py
[2021-10-29 00:52:56,647] {processor.py:632} INFO - DAG(s) dict_keys(['tutorial_etl_dag']) retrieved from /home/airflow/.local/lib/python3.6/site-packages/airflow/example_dags/tutorial_etl_dag.py
[2021-10-29 00:52:56,788] {logging_mixin.py:109} INFO - [2021-10-29 00:52:56,788] {dag.py:2389} INFO - Sync 1 DAGs
[2021-10-29 00:52:56,907] {logging_mixin.py:109} INFO - [2021-10-29 00:52:56,907] {dag.py:2914} INFO - Setting next_dagrun for tutorial_etl_dag to None
[2021-10-29 00:52:57,063] {processor.py:171} INFO - Processing /home/airflow/.local/lib/python3.6/site-packages/airflow/example_dags/tutorial_etl_dag.py took 0.809 seconds
