[2021-10-29 01:19:16,498] {taskinstance.py:1035} INFO - Dependencies all met for <TaskInstance: my_dag.choose_best_model scheduled__2021-10-28T00:00:00+00:00 [queued]>
[2021-10-29 01:19:16,594] {taskinstance.py:1035} INFO - Dependencies all met for <TaskInstance: my_dag.choose_best_model scheduled__2021-10-28T00:00:00+00:00 [queued]>
[2021-10-29 01:19:16,598] {taskinstance.py:1241} INFO - 
--------------------------------------------------------------------------------
[2021-10-29 01:19:16,598] {taskinstance.py:1242} INFO - Starting attempt 1 of 1
[2021-10-29 01:19:16,598] {taskinstance.py:1243} INFO - 
--------------------------------------------------------------------------------
[2021-10-29 01:19:16,680] {taskinstance.py:1262} INFO - Executing <Task(BranchPythonOperator): choose_best_model> on 2021-10-28 00:00:00+00:00
[2021-10-29 01:19:16,702] {standard_task_runner.py:52} INFO - Started process 1007 to run task
[2021-10-29 01:19:16,797] {standard_task_runner.py:76} INFO - Running: ['***', 'tasks', 'run', 'my_dag', 'choose_best_model', 'scheduled__2021-10-28T00:00:00+00:00', '--job-id', '29', '--raw', '--subdir', 'DAGS_FOLDER/my_dag.py', '--cfg-path', '/tmp/tmprwy80s9p', '--error-file', '/tmp/tmpf7lkfy3h']
[2021-10-29 01:19:16,799] {standard_task_runner.py:77} INFO - Job 29: Subtask choose_best_model
[2021-10-29 01:19:17,165] {logging_mixin.py:109} INFO - Running <TaskInstance: my_dag.choose_best_model scheduled__2021-10-28T00:00:00+00:00 [running]> on host 28ad64d5edf5
[2021-10-29 01:19:17,505] {taskinstance.py:1414} INFO - Exporting the following env vars:
AIRFLOW_CTX_DAG_OWNER=***
AIRFLOW_CTX_DAG_ID=my_dag
AIRFLOW_CTX_TASK_ID=choose_best_model
AIRFLOW_CTX_EXECUTION_DATE=2021-10-28T00:00:00+00:00
AIRFLOW_CTX_DAG_RUN_ID=scheduled__2021-10-28T00:00:00+00:00
[2021-10-29 01:19:17,559] {python.py:152} INFO - Done. Returned value was: inaccurate
[2021-10-29 01:19:17,559] {skipmixin.py:143} INFO - Following branch inaccurate
[2021-10-29 01:19:17,559] {skipmixin.py:174} INFO - Skipping tasks ['accurate']
[2021-10-29 01:19:17,892] {taskinstance.py:1280} INFO - Marking task as SUCCESS. dag_id=my_dag, task_id=choose_best_model, execution_date=20211028T000000, start_date=20211029T011916, end_date=20211029T011917
[2021-10-29 01:19:18,090] {local_task_job.py:154} INFO - Task exited with return code 0
[2021-10-29 01:19:19,257] {local_task_job.py:264} INFO - 1 downstream tasks scheduled from follow-on schedule check
